[19/04/2026 10:19:48 PM] [Info] [registered] /more (Rocket.Unturned.Commands.CommandMore/more)
[19/04/2026 10:19:48 PM] [Info] [registered] /admin (Rocket.Unturned.Commands.CommandAdmin/admin)
[19/04/2026 10:19:48 PM] [Info] [registered] /broadcast (Rocket.Unturned.Commands.CommandBroadcast/broadcast)
[19/04/2026 10:19:48 PM] [Info] [registered] /compass (Rocket.Unturned.Commands.CommandCompass/compass)
[19/04/2026 10:19:48 PM] [Info] [registered] /effect (Rocket.Unturned.Commands.CommandEffect/effect)
[19/04/2026 10:19:48 PM] [Info] [registered] /exit (Rocket.Unturned.Commands.CommandExit/exit)
[19/04/2026 10:19:48 PM] [Info] [registered] /god (Rocket.Unturned.Commands.CommandGod/god)
[19/04/2026 10:19:48 PM] [Info] [registered] /heal (Rocket.Unturned.Commands.CommandHeal/heal)
[19/04/2026 10:19:48 PM] [Info] [registered] /help (Rocket.Unturned.Commands.CommandHelp/help)
[19/04/2026 10:19:48 PM] [Info] [registered] /i (Rocket.Unturned.Commands.CommandI/i)
[19/04/2026 10:19:48 PM] [Info] [registered] /item (Rocket.Unturned.Commands.CommandI/item)
[19/04/2026 10:19:48 PM] [Info] [registered] /investigate (Rocket.Unturned.Commands.CommandInvestigate/investigate)
[19/04/2026 10:19:48 PM] [Info] [registered] /p (Rocket.Unturned.Commands.CommandP/p)
[19/04/2026 10:19:48 PM] [Info] [registered] /permissions (Rocket.Unturned.Commands.CommandP/permissions)
[19/04/2026 10:19:48 PM] [Info] [registered] /rocket (Rocket.Unturned.Commands.CommandRocket/rocket)
[19/04/2026 10:19:48 PM] [Info] [registered] /tp (Rocket.Unturned.Commands.CommandTp/tp)
[19/04/2026 10:19:48 PM] [Info] [registered] /tphere (Rocket.Unturned.Commands.CommandTphere/tphere)
[19/04/2026 10:19:48 PM] [Info] [registered] /unadmin (Rocket.Unturned.Commands.CommandUnadmin/unadmin)
[19/04/2026 10:19:48 PM] [Info] [registered] /v (Rocket.Unturned.Commands.CommandV/v)
[19/04/2026 10:19:48 PM] [Info] [registered] /vanish (Rocket.Unturned.Commands.CommandVanish/vanish)
[19/04/2026 10:19:48 PM] [Info] Loading HardcoreDurability from E:\SteamLibrary\steamapps\common\U3DS\Servers\New Era Polaris\Rocket\Plugins\HardcoreDurability.dll
[19/04/2026 10:19:48 PM] [Info] Loading MoreHomes from E:\SteamLibrary\steamapps\common\U3DS\Servers\New Era Polaris\Rocket\Plugins\MoreHomes.dll
[19/04/2026 10:19:48 PM] [Info] Loading Teleportation from E:\SteamLibrary\steamapps\common\U3DS\Servers\New Era Polaris\Rocket\Plugins\Teleportation.dll
[19/04/2026 10:19:49 PM] [Error] mscorlib >> Caught exception resolving dependency: 0Harmony -> Exception in DoAssemblyResolve: System.ArgumentNullException: Value cannot be null.
Parameter name: v1
  at System.Version.op_LessThanOrEqual (System.Version v1, System.Version v2) [0x00003] in <1071a2cb0cb3433aae80a793c277a048>:0 
  at System.Version.op_GreaterThanOrEqual (System.Version v1, System.Version v2) [0x00000] in <1071a2cb0cb3433aae80a793c277a048>:0 
  at Rocket.Core.Plugins.RocketPluginManager+<>c__DisplayClass12_0.<Awake>b__1 (System.Collections.Generic.KeyValuePair`2[TKey,TValue] lib) [0x00035] in <59a13feb721848c8b0cd173f6d0e820b>:0 
  at System.Linq.Enumerable.TryGetFirst[TSource] (System.Collections.Generic.IEnumerable`1[T] source, System.Func`2[T,TResult] predicate, System.Boolean& found) [0x0003f] in <ea489521390f48908a7ce45cb17a6848>:0 
  at System.Linq.Enumerable.FirstOrDefault[TSource] (System.Collections.Generic.IEnumerable`1[T] source, System.Func`2[T,TResult] predicate) [0x00000] in <ea489521390f48908a7ce45cb17a6848>:0 
  at Rocket.Core.Plugins.RocketPluginManager.<Awake>b__12_0 (System.Object sender, System.ResolveEventArgs args) [0x00017] in <59a13feb721848c8b0cd173f6d0e820b>:0 
[19/04/2026 10:19:49 PM] [Error] Could not find dependency: 0Harmony
[19/04/2026 10:19:49 PM] [Info] 
[loading] HardcoreDurability
[19/04/2026 10:19:49 PM] [Info] HardcoreDurability >> Hardcore Durability Loaded with Configurations!
[19/04/2026 10:19:49 PM] [Info] 
[loading] MoreHomes
[19/04/2026 10:19:49 PM] [Info] [registered] /home (RestoreMonarchy.MoreHomes.Commands.HomeCommand/home)
[19/04/2026 10:19:49 PM] [Info] [registered] /homes (RestoreMonarchy.MoreHomes.Commands.HomesCommand/homes)
[19/04/2026 10:19:49 PM] [Info] [registered] /destroyhome (RestoreMonarchy.MoreHomes.Commands.DestroyHomeCommand/destroyhome)
[19/04/2026 10:19:49 PM] [Info] [registered] /renamehome (RestoreMonarchy.MoreHomes.Commands.RenameHomeCommand/renamehome)
[19/04/2026 10:19:49 PM] [Info] [registered] /restorehomes (RestoreMonarchy.MoreHomes.Commands.RestoreHomesCommand/restorehomes)
[19/04/2026 10:19:49 PM] [Info] MoreHomes >> MoreHomes 1.7.2.0 has been loaded!
[19/04/2026 10:19:49 PM] [Info] MoreHomes >> Brought to you by RestoreMonarchy.com
[19/04/2026 10:19:49 PM] [Error] mscorlib >> Caught exception resolving dependency: Steamworks.NET -> Exception in DoAssemblyResolve: System.ArgumentNullException: Value cannot be null.
Parameter name: v1
  at System.Version.op_LessThanOrEqual (System.Version v1, System.Version v2) [0x00003] in <1071a2cb0cb3433aae80a793c277a048>:0 
  at System.Version.op_GreaterThanOrEqual (System.Version v1, System.Version v2) [0x00000] in <1071a2cb0cb3433aae80a793c277a048>:0 
  at Rocket.Core.Plugins.RocketPluginManager+<>c__DisplayClass12_0.<Awake>b__1 (System.Collections.Generic.KeyValuePair`2[TKey,TValue] lib) [0x00035] in <59a13feb721848c8b0cd173f6d0e820b>:0 
  at System.Linq.Enumerable.TryGetFirst[TSource] (System.Collections.Generic.IEnumerable`1[T] source, System.Func`2[T,TResult] predicate, System.Boolean& found) [0x0003f] in <ea489521390f48908a7ce45cb17a6848>:0 
  at System.Linq.Enumerable.FirstOrDefault[TSource] (System.Collections.Generic.IEnumerable`1[T] source, System.Func`2[T,TResult] predicate) [0x00000] in <ea489521390f48908a7ce45cb17a6848>:0 
  at Rocket.Core.Plugins.RocketPluginManager.<Awake>b__12_0 (System.Object sender, System.ResolveEventArgs args) [0x00017] in <59a13feb721848c8b0cd173f6d0e820b>:0 
[19/04/2026 10:19:49 PM] [Error] Could not find dependency: Steamworks.NET
[19/04/2026 10:19:49 PM] [Info] 
[loading] Teleportation
[19/04/2026 10:19:49 PM] [Info] [registered] /tpa (RestoreMonarchy.Teleportation.Commands.TPACommand/tpa)
[19/04/2026 10:19:49 PM] [Info] Teleportation >> Teleportation 1.6.0.0 has been loaded!
[19/04/2026 10:19:49 PM] [Info] This server will automatically save every 1800 seconds
[19/04/2026 10:19:49 PM] [Info] Steam servers ready!
[19/04/2026 10:19:49 PM] [Info] Workshop install folder: E:\SteamLibrary\steamapps\common\U3DS/Servers/New Era Polaris/Workshop/Steam
[19/04/2026 10:19:49 PM] [Info] 1 workshop item(s) requested
[19/04/2026 10:19:49 PM] [Info] Submitting workshop query for 1 item(s)...
[19/04/2026 10:19:49 PM] [Info] Workshop query yielded 1 result(s)
[19/04/2026 10:19:49 PM] [Info] This server's allowed IP for Workshop downloads: [redacted]
[19/04/2026 10:19:49 PM] [Info] 2898548949 'A6 Polaris' queued for download
[19/04/2026 10:19:49 PM] [Info] 1 workshop item(s) to download...
[19/04/2026 10:19:49 PM] [Info] Workshop item found in cache: 2898548949
[19/04/2026 10:19:49 PM] [Info] Installing workshop item: 2898548949
[19/04/2026 10:19:49 PM] [Info] Installed workshop item: 2898548949
[19/04/2026 10:19:49 PM] [Info] Searched 0 of 1 locations and found 306 asset files...
[19/04/2026 10:19:49 PM] [Info] Read 0 of 306 asset file contents into memory...
[19/04/2026 10:19:49 PM] [Info] Loaded 0 of 306 assets...
[19/04/2026 10:19:49 PM] [Info] Searched 0 of 1 locations and found 632 asset files...
[19/04/2026 10:19:49 PM] [Info] Read 0 of 632 asset file contents into memory...
[19/04/2026 10:19:49 PM] [Info] Loaded 0 of 632 assets...
[19/04/2026 10:19:49 PM] [Info] Searched 0 of 1 locations and found 962 asset files...
[19/04/2026 10:19:49 PM] [Info] Read 0 of 962 asset file contents into memory...
[19/04/2026 10:19:49 PM] [Info] Loaded 0 of 962 assets...
[19/04/2026 10:19:49 PM] [Info] Loaded 0 of 1 asset bundles...
[19/04/2026 10:19:49 PM] [Info] Searched 0 of 1 locations and found 1216 asset files...
[19/04/2026 10:19:49 PM] [Info] Read 108 of 1216 asset file contents into memory...
[19/04/2026 10:19:49 PM] [Info] Loaded 0 of 1216 assets...
[19/04/2026 10:19:49 PM] [Info] Searched 0 of 1 locations and found 1538 asset files...
[19/04/2026 10:19:49 PM] [Info] Read 229 of 1538 asset file contents into memory...
[19/04/2026 10:19:49 PM] [Info] Loaded 0 of 1538 assets...
[19/04/2026 10:19:49 PM] [Info] Searched 0 of 1 locations and found 1840 asset files...
[19/04/2026 10:19:49 PM] [Info] Read 329 of 1840 asset file contents into memory...
[19/04/2026 10:19:49 PM] [Info] Loaded 0 of 1840 assets...
[19/04/2026 10:19:49 PM] [Info] Searched 0 of 1 locations and found 2129 asset files...
[19/04/2026 10:19:49 PM] [Info] Read 427 of 2129 asset file contents into memory...
[19/04/2026 10:19:49 PM] [Info] Loaded 0 of 2129 assets...
[19/04/2026 10:19:49 PM] [Info] Searched 1 of 1 locations and found 2378 asset files...
[19/04/2026 10:19:49 PM] [Info] Read 525 of 2378 asset file contents into memory...
[19/04/2026 10:19:49 PM] [Info] Loaded 0 of 2378 assets...
[19/04/2026 10:19:49 PM] [Info] Read 644 of 2378 asset file contents into memory...
[19/04/2026 10:19:49 PM] [Info] Read 746 of 2378 asset file contents into memory...
[19/04/2026 10:19:49 PM] [Info] Read 857 of 2378 asset file contents into memory...
[19/04/2026 10:19:49 PM] [Info] Read 955 of 2378 asset file contents into memory...
[19/04/2026 10:19:49 PM] [Info] Read 1067 of 2378 asset file contents into memory...
[19/04/2026 10:19:49 PM] [Info] Read 1196 of 2378 asset file contents into memory...
[19/04/2026 10:19:49 PM] [Info] Read 1325 of 2378 asset file contents into memory...
[19/04/2026 10:19:49 PM] [Info] Read 1432 of 2378 asset file contents into memory...
[19/04/2026 10:19:49 PM] [Info] Read 1539 of 2378 asset file contents into memory...
[19/04/2026 10:19:50 PM] [Info] Read 1662 of 2378 asset file contents into memory...
[19/04/2026 10:19:50 PM] [Info] Read 1822 of 2378 asset file contents into memory...
[19/04/2026 10:19:50 PM] [Info] Read 1966 of 2378 asset file contents into memory...
[19/04/2026 10:19:50 PM] [Info] Read 2078 of 2378 asset file contents into memory...
[19/04/2026 10:19:50 PM] [Info] Read 2175 of 2378 asset file contents into memory...
[19/04/2026 10:19:50 PM] [Info] Read 2299 of 2378 asset file contents into memory...
[19/04/2026 10:19:50 PM] [Info] Read 2378 of 2378 asset file contents into memory...
[19/04/2026 10:19:50 PM] [Info] Loaded 1 of 1 asset bundles...
[19/04/2026 10:19:50 PM] [Info] Loaded 3 of 2378 assets...
[19/04/2026 10:19:50 PM] [Info] Loaded 8 of 2378 assets...
[19/04/2026 10:19:50 PM] [Info] Loaded 56 of 2378 assets...
[19/04/2026 10:19:50 PM] [Info] Loaded 92 of 2378 assets...
[19/04/2026 10:19:50 PM] [Info] Loaded 242 of 2378 assets...
[19/04/2026 10:19:50 PM] [Info] Loaded 294 of 2378 assets...
[19/04/2026 10:19:50 PM] [Info] Loaded 327 of 2378 assets...
[19/04/2026 10:19:50 PM] [Info] Loaded 360 of 2378 assets...
[19/04/2026 10:19:50 PM] [Info] Loaded 392 of 2378 assets...
[19/04/2026 10:19:51 PM] [Info] Loaded 496 of 2378 assets...
[19/04/2026 10:19:51 PM] [Info] Loaded 588 of 2378 assets...
[19/04/2026 10:19:51 PM] [Info] Loaded 703 of 2378 assets...
[19/04/2026 10:19:51 PM] [Info] Loaded 739 of 2378 assets...
[19/04/2026 10:19:51 PM] [Info] Loaded 774 of 2378 assets...
[19/04/2026 10:19:51 PM] [Info] Loaded 810 of 2378 assets...
[19/04/2026 10:19:51 PM] [Info] Loaded 823 of 2378 assets...
[19/04/2026 10:19:51 PM] [Info] Loaded 839 of 2378 assets...
[19/04/2026 10:19:51 PM] [Info] Loaded 920 of 2378 assets...
[19/04/2026 10:19:51 PM] [Info] Loaded 2009 of 2378 assets...
[19/04/2026 10:19:51 PM] [Info] Loaded 2378 of 2378 assets...
[19/04/2026 10:19:51 PM] [Info] Level overrides config Animals.Max_Instances_Medium: 256
[19/04/2026 10:19:51 PM] [Info] Skipping level config override Items.Quality_Full_Chance because it's overridden in server config
[19/04/2026 10:19:51 PM] [Info] Level overrides config Barricades.Allow_Item_Placement_On_Vehicle: False
[19/04/2026 10:19:51 PM] [Info] Level overrides config Barricades.Allow_Trap_Placement_On_Vehicle: False
[19/04/2026 10:19:51 PM] [Info] Level overrides config Barricades.Gun_Lowcal_Damage_Multiplier: 1
[19/04/2026 10:19:51 PM] [Info] Level overrides config Barricades.Gun_Highcal_Damage_Multiplier: 1
[19/04/2026 10:19:51 PM] [Info] Level overrides config Barricades.Armor_Lowtier_Multiplier: 1
[19/04/2026 10:19:51 PM] [Info] Level overrides config Barricades.Armor_Hightier_Multiplier: 1
[19/04/2026 10:19:51 PM] [Info] Level overrides config Structures.Gun_Lowcal_Damage_Multiplier: 1
[19/04/2026 10:19:51 PM] [Info] Level overrides config Structures.Gun_Highcal_Damage_Multiplier: 1
[19/04/2026 10:19:51 PM] [Info] Level overrides config Structures.Armor_Lowtier_Multiplier: 1
[19/04/2026 10:19:51 PM] [Info] Level overrides config Structures.Armor_Hightier_Multiplier: 1
[19/04/2026 10:19:51 PM] [Info] Level overrides config Structures.Melee_Damage_Multiplier: 1
[19/04/2026 10:19:51 PM] [Info] Level overrides config Structures.Melee_Repair_Multiplier: 1
[19/04/2026 10:19:51 PM] [Info] Level overrides config Events.Airdrop_Speed: 96
[19/04/2026 10:19:51 PM] [Info] Level overrides config Events.Airdrop_Force: 8.55
[19/04/2026 10:19:51 PM] [Info] Level overrides config Vehicles.Gun_Lowcal_Damage_Multiplier: 2
[19/04/2026 10:19:51 PM] [Info] Level overrides config Vehicles.Melee_Damage_Multiplier: 2
[19/04/2026 10:19:51 PM] [Info] Level overrides config Vehicles.Min_Battery_Charge: 1
[19/04/2026 10:19:51 PM] [Info] Level overrides config Vehicles.Max_Battery_Charge: 1
[19/04/2026 10:19:51 PM] [Info] Level overrides config Vehicles.Has_Battery_Chance: 1
[19/04/2026 10:19:51 PM] [Info] Level overrides config Vehicles.Max_Instances_Medium: 48
[19/04/2026 10:19:51 PM] [Info] Level overrides config Vehicles.Armor_Multiplier: 0.375
[19/04/2026 10:19:51 PM] [Info] Skipping level config override Players.Experience_Multiplier because it's overridden in server config
[19/04/2026 10:19:51 PM] [Info] Skipping level config override Players.Lose_Skills_PvP because it's overridden in server config
[19/04/2026 10:19:51 PM] [Info] Skipping level config override Players.Lose_Skills_PvE because it's overridden in server config
[19/04/2026 10:19:51 PM] [Info] Skipping level config override Players.Lose_Experience_PvP because it's overridden in server config
[19/04/2026 10:19:51 PM] [Info] Level overrides config Players.Lose_Experience_PvE: 1
[19/04/2026 10:19:51 PM] [Info] Skipping level config override Players.Lose_Skill_Levels_PvP because it's overridden in server config
[19/04/2026 10:19:51 PM] [Info] Skipping level config override Players.Lose_Skill_Levels_PvE because it's overridden in server config
[19/04/2026 10:19:51 PM] [Info] Skipping level config override Players.Virus_Infect because it's overridden in server config
[19/04/2026 10:19:51 PM] [Info] Level overrides config Players.Can_Break_Legs: False
[19/04/2026 10:19:51 PM] [Info] Skipping level config override Zombies.Armor_Multiplier because it's overridden in server config
[19/04/2026 10:19:51 PM] [Info] Level overrides config Zombies.Full_Moon_Experience_Multiplier: 2
[19/04/2026 10:19:51 PM] [Info] Skipping level config override Zombies.Spawn_Chance because it's overridden in server config
[19/04/2026 10:19:51 PM] [Info] Level overrides config Zombies.Min_Mega_Drops: 1
[19/04/2026 10:19:51 PM] [Info] Level overrides config Zombies.Max_Mega_Drops: 1
[19/04/2026 10:19:51 PM] [Info] Level overrides config Zombies.Min_Boss_Drops: 1
[19/04/2026 10:19:51 PM] [Info] Level overrides config Zombies.Max_Boss_Drops: 1
[19/04/2026 10:19:51 PM] [Info] Skipping level config override Zombies.Loot_Chance because it's overridden in server config
[19/04/2026 10:19:51 PM] [Info] Skipping level config override Gameplay.Chart because it's overridden in server config
[19/04/2026 10:19:51 PM] [Info] Monitoring workshop map "A6 Polaris" (2898548949) for changes
[19/04/2026 10:19:51 PM] [Info] Loading level: 5%
[19/04/2026 10:19:54 PM] [Info] Loading level: 10%
[19/04/2026 10:19:54 PM] [Info] Loading level: 15%
[19/04/2026 10:19:54 PM] [Info] Loading level: 21%
[19/04/2026 10:19:54 PM] [Info] Loading level: 26%
[19/04/2026 10:19:54 PM] [Info] Loading level: 31%
[19/04/2026 10:19:54 PM] [Info] Loading level: 36%
[19/04/2026 10:19:54 PM] [Info] Loading level: 42%
[19/04/2026 10:19:54 PM] [Info] Loading level: 47%
[19/04/2026 10:19:54 PM] [Info] Loading level: 52%
[19/04/2026 10:19:54 PM] [Info] Loading level: 57%
[19/04/2026 10:19:54 PM] [Info] Loading level: 63%
[19/04/2026 10:19:56 PM] [Info] Loading level: 68%
[19/04/2026 10:19:56 PM] [Info] Loading level: 73%
[19/04/2026 10:19:56 PM] [Info] Loading level: 89%
[19/04/2026 10:19:56 PM] [Info] Loading level: 94%
[19/04/2026 10:19:57 PM] [Info] //////////////////////////////////////////////////////
[19/04/2026 10:19:57 PM] [Info] Server Code: 85568392936196484
[19/04/2026 10:19:57 PM] [Info] Your friends can enter this code in the Connect Directly menu to join without port forwarding.
[19/04/2026 10:19:57 PM] [Info] Tip: Use the "CopyServerCode" command to copy the code to your clipboard. Alternatively, in most terminals you can highlight it and press Ctrl+Insert to copy.
[19/04/2026 10:19:57 PM] [Info] //////////////////////////////////////////////////////
[19/04/2026 10:19:57 PM] [Info] Loading level: 100%
[19/04/2026 10:23:24 PM] [Info] Connecting: PlayerID: 76561199571006509 Name: wiggielicious Character: wiggielicious
[19/04/2026 10:27:45 PM] [Info] Connecting: PlayerID: 76561198811868695 Name: twicemiku Character: twicemiku
[19/04/2026 10:28:03 PM] [Info] Connecting: PlayerID: 76561198374187872 Name: Myst_iU Character: Myst
[19/04/2026 10:28:07 PM] [Info] [World] wiggielicious [wiggielicious]: "/tp twicemiku"
[19/04/2026 10:28:28 PM] [Info] wiggielicious teleported to twicemiku
[19/04/2026 10:28:28 PM] [Info] wiggielicious moved x:-73.92188 y:54.42304(+28.25974) z:-180.7266 in the last second (0.09999847)
[19/04/2026 10:36:51 PM] [Info] [World] wiggielicious [wiggielicious]: "/tp myst"
[19/04/2026 10:49:48 PM] [Info] wiggielicious teleported to Myst
[19/04/2026 10:49:48 PM] [Info] Saving server
[19/04/2026 10:59:45 PM] [Info] MoreHomes >> 4 player homes data has been saved!
[19/04/2026 10:59:45 PM] [Info] Myst [Myst_iU] was mauled by a zombie!
[19/04/2026 10:59:54 PM] [Info] [World] Myst [Myst_iU]: "/tp wig"
[19/04/2026 10:59:54 PM] [Info] Myst teleported to wiggielicious
[19/04/2026 11:04:11 PM] [Info] Myst [Myst_iU] was mauled by a zombie!
[19/04/2026 11:04:22 PM] [Info] [World] Myst [Myst_iU]: "/tp wig"
[19/04/2026 11:04:22 PM] [Info] Myst teleported to wiggielicious
[19/04/2026 11:04:23 PM] [Info] [World] Myst [Myst_iU]: "/god"
[19/04/2026 11:05:20 PM] [Info] Myst enabled Godmode
[19/04/2026 11:05:20 PM] [Info] [World] Myst [Myst_iU]: "/dat"
[19/04/2026 11:05:21 PM] [Info] [World] Myst [Myst_iU]: "/day"
[19/04/2026 11:08:14 PM] [Info] Successfully set time to day!
[19/04/2026 11:08:14 PM] [Info] [World] Myst [Myst_iU]: "/give 36017"
[19/04/2026 11:17:27 PM] [Info] Successfully gave Myst_iU 36017 x1!
[19/04/2026 11:17:27 PM] [Info] [World] Myst [Myst_iU]: "/experience 700"
[19/04/2026 11:17:27 PM] [Info] Successfully gave Myst_iU +700 experience!
[19/04/2026 11:19:48 PM] [Info] Saving server
[19/04/2026 11:22:51 PM] [Info] MoreHomes >> 4 player homes data has been saved!
[19/04/2026 11:22:51 PM] [Info] [World] Myst [Myst_iU]: "/giod"
[19/04/2026 11:22:52 PM] [Info] [World] Myst [Myst_iU]: "/god"
[19/04/2026 11:22:52 PM] [Info] Myst disabled Godmode
[19/04/2026 11:23:00 PM] [Info] [World] Myst [Myst_iU]: "/moon"
[19/04/2026 11:23:02 PM] [Info] [World] Myst [Myst_iU]: "/fullmoon"
[19/04/2026 11:23:04 PM] [Info] [World] Myst [Myst_iU]: "/night'"
[19/04/2026 11:23:06 PM] [Info] [World] Myst [Myst_iU]: "/night'"
[19/04/2026 11:23:08 PM] [Info] [World] Myst [Myst_iU]: "/day"
[19/04/2026 11:23:08 PM] [Info] Successfully set time to day!
[19/04/2026 11:23:16 PM] [Info] [World] Myst [Myst_iU]: "/morning"
[19/04/2026 11:40:22 PM] [Info] Disconnecting: PlayerID: 76561199571006509 Name: wiggielicious Character: wiggielicious
[19/04/2026 11:44:59 PM] [Info] MoreHomes >> 4 player homes data has been saved!
[19/04/2026 11:44:59 PM] [Info] Successfully saved the game.
[19/04/2026 11:45:17 PM] [Info] Disconnecting: PlayerID: 76561198374187872 Name: Myst_iU Character: Myst
[19/04/2026 11:45:20 PM] [Info] Disconnecting: PlayerID: 76561198811868695 Name: twicemiku Character: twicemiku
[19/04/2026 11:45:21 PM] [Info] MoreHomes >> 4 player homes data has been saved!
[19/04/2026 11:45:22 PM] [Info] 
[unloading] MoreHomes
