[21/04/2026 3:49:16 AM] [Info] [registered] /more (Rocket.Unturned.Commands.CommandMore/more)
[21/04/2026 3:49:18 AM] [Info] [registered] /admin (Rocket.Unturned.Commands.CommandAdmin/admin)
[21/04/2026 3:49:18 AM] [Info] [registered] /broadcast (Rocket.Unturned.Commands.CommandBroadcast/broadcast)
[21/04/2026 3:49:18 AM] [Info] [registered] /compass (Rocket.Unturned.Commands.CommandCompass/compass)
[21/04/2026 3:49:18 AM] [Info] [registered] /effect (Rocket.Unturned.Commands.CommandEffect/effect)
[21/04/2026 3:49:18 AM] [Info] [registered] /exit (Rocket.Unturned.Commands.CommandExit/exit)
[21/04/2026 3:49:18 AM] [Info] [registered] /god (Rocket.Unturned.Commands.CommandGod/god)
[21/04/2026 3:49:18 AM] [Info] [registered] /heal (Rocket.Unturned.Commands.CommandHeal/heal)
[21/04/2026 3:49:18 AM] [Info] [registered] /help (Rocket.Unturned.Commands.CommandHelp/help)
[21/04/2026 3:49:18 AM] [Info] [registered] /i (Rocket.Unturned.Commands.CommandI/i)
[21/04/2026 3:49:18 AM] [Info] [registered] /item (Rocket.Unturned.Commands.CommandI/item)
[21/04/2026 3:49:18 AM] [Info] [registered] /investigate (Rocket.Unturned.Commands.CommandInvestigate/investigate)
[21/04/2026 3:49:18 AM] [Info] [registered] /p (Rocket.Unturned.Commands.CommandP/p)
[21/04/2026 3:49:18 AM] [Info] [registered] /permissions (Rocket.Unturned.Commands.CommandP/permissions)
[21/04/2026 3:49:18 AM] [Info] [registered] /rocket (Rocket.Unturned.Commands.CommandRocket/rocket)
[21/04/2026 3:49:18 AM] [Info] [registered] /tp (Rocket.Unturned.Commands.CommandTp/tp)
[21/04/2026 3:49:18 AM] [Info] [registered] /tphere (Rocket.Unturned.Commands.CommandTphere/tphere)
[21/04/2026 3:49:18 AM] [Info] [registered] /unadmin (Rocket.Unturned.Commands.CommandUnadmin/unadmin)
[21/04/2026 3:49:18 AM] [Info] [registered] /v (Rocket.Unturned.Commands.CommandV/v)
[21/04/2026 3:49:18 AM] [Info] [registered] /vanish (Rocket.Unturned.Commands.CommandVanish/vanish)
[21/04/2026 3:49:18 AM] [Info] Loading HardcoreDurability from E:\SteamLibrary\steamapps\common\U3DS\Servers\New Era Polaris\Rocket\Plugins\HardcoreDurability.dll
[21/04/2026 3:49:18 AM] [Info] Loading MoreHomes from E:\SteamLibrary\steamapps\common\U3DS\Servers\New Era Polaris\Rocket\Plugins\MoreHomes.dll
[21/04/2026 3:49:18 AM] [Info] Loading SurvivalNotifier from E:\SteamLibrary\steamapps\common\U3DS\Servers\New Era Polaris\Rocket\Plugins\SurvivalNotifier.dll
[21/04/2026 3:49:18 AM] [Info] Loading Teleportation from E:\SteamLibrary\steamapps\common\U3DS\Servers\New Era Polaris\Rocket\Plugins\Teleportation.dll
[21/04/2026 3:49:18 AM] [Error] mscorlib >> Caught exception resolving dependency: 0Harmony -> Exception in DoAssemblyResolve: System.ArgumentNullException: Value cannot be null.
Parameter name: v1
  at System.Version.op_LessThanOrEqual (System.Version v1, System.Version v2) [0x00003] in <1071a2cb0cb3433aae80a793c277a048>:0 
  at System.Version.op_GreaterThanOrEqual (System.Version v1, System.Version v2) [0x00000] in <1071a2cb0cb3433aae80a793c277a048>:0 
  at Rocket.Core.Plugins.RocketPluginManager+<>c__DisplayClass12_0.<Awake>b__1 (System.Collections.Generic.KeyValuePair`2[TKey,TValue] lib) [0x00035] in <59a13feb721848c8b0cd173f6d0e820b>:0 
  at System.Linq.Enumerable.TryGetFirst[TSource] (System.Collections.Generic.IEnumerable`1[T] source, System.Func`2[T,TResult] predicate, System.Boolean& found) [0x0003f] in <ea489521390f48908a7ce45cb17a6848>:0 
  at System.Linq.Enumerable.FirstOrDefault[TSource] (System.Collections.Generic.IEnumerable`1[T] source, System.Func`2[T,TResult] predicate) [0x00000] in <ea489521390f48908a7ce45cb17a6848>:0 
  at Rocket.Core.Plugins.RocketPluginManager.<Awake>b__12_0 (System.Object sender, System.ResolveEventArgs args) [0x00017] in <59a13feb721848c8b0cd173f6d0e820b>:0 
[21/04/2026 3:49:18 AM] [Error] Could not find dependency: 0Harmony
[21/04/2026 3:49:18 AM] [Info] 
[loading] HardcoreDurability
[21/04/2026 3:49:18 AM] [Info] HardcoreDurability >> Hardcore Durability Loaded! Master StackTrace enabled.
[21/04/2026 3:49:18 AM] [Info] 
[loading] MoreHomes
[21/04/2026 3:49:18 AM] [Info] [registered] /home (RestoreMonarchy.MoreHomes.Commands.HomeCommand/home)
[21/04/2026 3:49:18 AM] [Info] [registered] /homes (RestoreMonarchy.MoreHomes.Commands.HomesCommand/homes)
[21/04/2026 3:49:18 AM] [Info] [registered] /destroyhome (RestoreMonarchy.MoreHomes.Commands.DestroyHomeCommand/destroyhome)
[21/04/2026 3:49:18 AM] [Info] [registered] /renamehome (RestoreMonarchy.MoreHomes.Commands.RenameHomeCommand/renamehome)
[21/04/2026 3:49:18 AM] [Info] [registered] /restorehomes (RestoreMonarchy.MoreHomes.Commands.RestoreHomesCommand/restorehomes)
[21/04/2026 3:49:18 AM] [Info] MoreHomes >> MoreHomes 1.7.2.0 has been loaded!
[21/04/2026 3:49:18 AM] [Info] MoreHomes >> Brought to you by RestoreMonarchy.com
[21/04/2026 3:49:18 AM] [Error] mscorlib >> Caught exception resolving dependency: Steamworks.NET -> Exception in DoAssemblyResolve: System.ArgumentNullException: Value cannot be null.
Parameter name: v1
  at System.Version.op_LessThanOrEqual (System.Version v1, System.Version v2) [0x00003] in <1071a2cb0cb3433aae80a793c277a048>:0 
  at System.Version.op_GreaterThanOrEqual (System.Version v1, System.Version v2) [0x00000] in <1071a2cb0cb3433aae80a793c277a048>:0 
  at Rocket.Core.Plugins.RocketPluginManager+<>c__DisplayClass12_0.<Awake>b__1 (System.Collections.Generic.KeyValuePair`2[TKey,TValue] lib) [0x00035] in <59a13feb721848c8b0cd173f6d0e820b>:0 
  at System.Linq.Enumerable.TryGetFirst[TSource] (System.Collections.Generic.IEnumerable`1[T] source, System.Func`2[T,TResult] predicate, System.Boolean& found) [0x0003f] in <ea489521390f48908a7ce45cb17a6848>:0 
  at System.Linq.Enumerable.FirstOrDefault[TSource] (System.Collections.Generic.IEnumerable`1[T] source, System.Func`2[T,TResult] predicate) [0x00000] in <ea489521390f48908a7ce45cb17a6848>:0 
  at Rocket.Core.Plugins.RocketPluginManager.<Awake>b__12_0 (System.Object sender, System.ResolveEventArgs args) [0x00017] in <59a13feb721848c8b0cd173f6d0e820b>:0 
[21/04/2026 3:49:18 AM] [Error] Could not find dependency: Steamworks.NET
[21/04/2026 3:49:18 AM] [Info] 
[loading] SurvivalNotifier
[21/04/2026 3:49:18 AM] [Info] SurvivalNotifier >> Survival Notifier Loaded! 3-Tier tracking enabled.
[21/04/2026 3:49:18 AM] [Info] 
[loading] Teleportation
[21/04/2026 3:49:18 AM] [Info] [registered] /tpa (RestoreMonarchy.Teleportation.Commands.TPACommand/tpa)
[21/04/2026 3:49:18 AM] [Info] Teleportation >> Teleportation 1.6.0.0 has been loaded!
[21/04/2026 3:49:18 AM] [Info] This server will automatically save every 1800 seconds
[21/04/2026 3:49:18 AM] [Info] Steam servers ready!
[21/04/2026 3:49:18 AM] [Info] Workshop install folder: E:\SteamLibrary\steamapps\common\U3DS/Servers/New Era Polaris/Workshop/Steam
[21/04/2026 3:49:18 AM] [Info] 1 workshop item(s) requested
[21/04/2026 3:49:18 AM] [Info] Submitting workshop query for 1 item(s)...
[21/04/2026 3:49:18 AM] [Info] Workshop query yielded 1 result(s)
[21/04/2026 3:49:18 AM] [Info] This server's allowed IP for Workshop downloads: [redacted]
[21/04/2026 3:49:18 AM] [Info] 2898548949 'A6 Polaris' queued for download
[21/04/2026 3:49:18 AM] [Info] 1 workshop item(s) to download...
[21/04/2026 3:49:18 AM] [Info] Workshop item found in cache: 2898548949
[21/04/2026 3:49:18 AM] [Info] Installing workshop item: 2898548949
[21/04/2026 3:49:18 AM] [Info] Installed workshop item: 2898548949
[21/04/2026 3:49:18 AM] [Info] Searched 0 of 1 locations and found 72 asset files...
[21/04/2026 3:49:18 AM] [Info] Read 0 of 72 asset file contents into memory...
[21/04/2026 3:49:18 AM] [Info] Loaded 0 of 72 assets...
[21/04/2026 3:49:18 AM] [Info] Searched 0 of 1 locations and found 96 asset files...
[21/04/2026 3:49:18 AM] [Info] Read 0 of 96 asset file contents into memory...
[21/04/2026 3:49:18 AM] [Info] Loaded 0 of 96 assets...
[21/04/2026 3:49:18 AM] [Info] Searched 0 of 1 locations and found 214 asset files...
[21/04/2026 3:49:18 AM] [Info] Read 0 of 214 asset file contents into memory...
[21/04/2026 3:49:18 AM] [Info] Loaded 0 of 214 assets...
[21/04/2026 3:49:19 AM] [Info] Loaded 0 of 1 asset bundles...
[21/04/2026 3:49:19 AM] [Info] Searched 0 of 1 locations and found 333 asset files...
[21/04/2026 3:49:19 AM] [Info] Read 2 of 333 asset file contents into memory...
[21/04/2026 3:49:19 AM] [Info] Loaded 0 of 333 assets...
[21/04/2026 3:49:19 AM] [Info] Searched 0 of 1 locations and found 493 asset files...
[21/04/2026 3:49:19 AM] [Info] Read 9 of 493 asset file contents into memory...
[21/04/2026 3:49:19 AM] [Info] Loaded 0 of 493 assets...
[21/04/2026 3:49:19 AM] [Info] Searched 0 of 1 locations and found 650 asset files...
[21/04/2026 3:49:19 AM] [Info] Read 17 of 650 asset file contents into memory...
[21/04/2026 3:49:19 AM] [Info] Loaded 0 of 650 assets...
[21/04/2026 3:49:19 AM] [Info] Searched 0 of 1 locations and found 800 asset files...
[21/04/2026 3:49:19 AM] [Info] Read 25 of 800 asset file contents into memory...
[21/04/2026 3:49:19 AM] [Info] Loaded 0 of 800 assets...
[21/04/2026 3:49:19 AM] [Info] Searched 0 of 1 locations and found 912 asset files...
[21/04/2026 3:49:19 AM] [Info] Read 32 of 912 asset file contents into memory...
[21/04/2026 3:49:19 AM] [Info] Loaded 0 of 912 assets...
[21/04/2026 3:49:19 AM] [Info] Searched 0 of 1 locations and found 1033 asset files...
[21/04/2026 3:49:19 AM] [Info] Read 40 of 1033 asset file contents into memory...
[21/04/2026 3:49:19 AM] [Info] Loaded 0 of 1033 assets...
[21/04/2026 3:49:19 AM] [Info] Searched 0 of 1 locations and found 1165 asset files...
[21/04/2026 3:49:19 AM] [Info] Read 49 of 1165 asset file contents into memory...
[21/04/2026 3:49:19 AM] [Info] Loaded 0 of 1165 assets...
[21/04/2026 3:49:19 AM] [Info] Searched 0 of 1 locations and found 1299 asset files...
[21/04/2026 3:49:19 AM] [Info] Read 58 of 1299 asset file contents into memory...
[21/04/2026 3:49:19 AM] [Info] Loaded 0 of 1299 assets...
[21/04/2026 3:49:19 AM] [Info] Searched 0 of 1 locations and found 1440 asset files...
[21/04/2026 3:49:19 AM] [Info] Read 66 of 1440 asset file contents into memory...
[21/04/2026 3:49:19 AM] [Info] Loaded 0 of 1440 assets...
[21/04/2026 3:49:19 AM] [Info] Searched 0 of 1 locations and found 1587 asset files...
[21/04/2026 3:49:19 AM] [Info] Read 71 of 1587 asset file contents into memory...
[21/04/2026 3:49:19 AM] [Info] Loaded 0 of 1587 assets...
[21/04/2026 3:49:19 AM] [Info] Searched 0 of 1 locations and found 1715 asset files...
[21/04/2026 3:49:19 AM] [Info] Read 75 of 1715 asset file contents into memory...
[21/04/2026 3:49:19 AM] [Info] Loaded 0 of 1715 assets...
[21/04/2026 3:49:19 AM] [Info] Searched 0 of 1 locations and found 1847 asset files...
[21/04/2026 3:49:19 AM] [Info] Read 78 of 1847 asset file contents into memory...
[21/04/2026 3:49:19 AM] [Info] Loaded 0 of 1847 assets...
[21/04/2026 3:49:19 AM] [Info] Searched 0 of 1 locations and found 1988 asset files...
[21/04/2026 3:49:19 AM] [Info] Read 82 of 1988 asset file contents into memory...
[21/04/2026 3:49:19 AM] [Info] Loaded 0 of 1988 assets...
[21/04/2026 3:49:19 AM] [Info] Searched 0 of 1 locations and found 2123 asset files...
[21/04/2026 3:49:19 AM] [Info] Read 85 of 2123 asset file contents into memory...
[21/04/2026 3:49:19 AM] [Info] Loaded 0 of 2123 assets...
[21/04/2026 3:49:19 AM] [Info] Searched 0 of 1 locations and found 2278 asset files...
[21/04/2026 3:49:19 AM] [Info] Read 89 of 2278 asset file contents into memory...
[21/04/2026 3:49:19 AM] [Info] Loaded 0 of 2278 assets...
[21/04/2026 3:49:19 AM] [Info] Searched 1 of 1 locations and found 2378 asset files...
[21/04/2026 3:49:19 AM] [Info] Read 93 of 2378 asset file contents into memory...
[21/04/2026 3:49:19 AM] [Info] Loaded 0 of 2378 assets...
[21/04/2026 3:49:19 AM] [Info] Read 97 of 2378 asset file contents into memory...
[21/04/2026 3:49:19 AM] [Info] Read 100 of 2378 asset file contents into memory...
[21/04/2026 3:49:19 AM] [Info] Read 106 of 2378 asset file contents into memory...
[21/04/2026 3:49:19 AM] [Info] Read 110 of 2378 asset file contents into memory...
[21/04/2026 3:49:20 AM] [Info] Read 115 of 2378 asset file contents into memory...
[21/04/2026 3:49:20 AM] [Info] Read 120 of 2378 asset file contents into memory...
[21/04/2026 3:49:20 AM] [Info] Read 126 of 2378 asset file contents into memory...
[21/04/2026 3:49:20 AM] [Info] Read 131 of 2378 asset file contents into memory...
[21/04/2026 3:49:20 AM] [Info] Read 136 of 2378 asset file contents into memory...
[21/04/2026 3:49:20 AM] [Info] Loaded 1 of 1 asset bundles...
[21/04/2026 3:49:20 AM] [Info] Read 141 of 2378 asset file contents into memory...
[21/04/2026 3:49:20 AM] [Info] Loaded 3 of 2378 assets...
[21/04/2026 3:49:20 AM] [Info] Read 146 of 2378 asset file contents into memory...
[21/04/2026 3:49:20 AM] [Info] Loaded 8 of 2378 assets...
[21/04/2026 3:49:20 AM] [Info] Read 151 of 2378 asset file contents into memory...
[21/04/2026 3:49:20 AM] [Info] Loaded 56 of 2378 assets...
[21/04/2026 3:49:20 AM] [Info] Read 156 of 2378 asset file contents into memory...
[21/04/2026 3:49:20 AM] [Info] Loaded 92 of 2378 assets...
[21/04/2026 3:49:20 AM] [Info] Read 161 of 2378 asset file contents into memory...
[21/04/2026 3:49:20 AM] [Info] Loaded 161 of 2378 assets...
[21/04/2026 3:49:20 AM] [Info] Read 169 of 2378 asset file contents into memory...
[21/04/2026 3:49:20 AM] [Info] Loaded 169 of 2378 assets...
[21/04/2026 3:49:20 AM] [Info] Read 176 of 2378 asset file contents into memory...
[21/04/2026 3:49:20 AM] [Info] Loaded 176 of 2378 assets...
[21/04/2026 3:49:20 AM] [Info] Read 184 of 2378 asset file contents into memory...
[21/04/2026 3:49:20 AM] [Info] Loaded 184 of 2378 assets...
[21/04/2026 3:49:20 AM] [Info] Read 193 of 2378 asset file contents into memory...
[21/04/2026 3:49:20 AM] [Info] Loaded 193 of 2378 assets...
[21/04/2026 3:49:20 AM] [Info] Read 201 of 2378 asset file contents into memory...
[21/04/2026 3:49:20 AM] [Info] Loaded 201 of 2378 assets...
[21/04/2026 3:49:20 AM] [Info] Read 207 of 2378 asset file contents into memory...
[21/04/2026 3:49:20 AM] [Info] Loaded 207 of 2378 assets...
[21/04/2026 3:49:20 AM] [Info] Read 211 of 2378 asset file contents into memory...
[21/04/2026 3:49:20 AM] [Info] Loaded 211 of 2378 assets...
[21/04/2026 3:49:20 AM] [Info] Read 216 of 2378 asset file contents into memory...
[21/04/2026 3:49:20 AM] [Info] Loaded 216 of 2378 assets...
[21/04/2026 3:49:20 AM] [Info] Read 220 of 2378 asset file contents into memory...
[21/04/2026 3:49:20 AM] [Info] Loaded 220 of 2378 assets...
[21/04/2026 3:49:20 AM] [Info] Read 226 of 2378 asset file contents into memory...
[21/04/2026 3:49:20 AM] [Info] Loaded 226 of 2378 assets...
[21/04/2026 3:49:21 AM] [Info] Read 230 of 2378 asset file contents into memory...
[21/04/2026 3:49:21 AM] [Info] Loaded 230 of 2378 assets...
[21/04/2026 3:49:21 AM] [Info] Read 233 of 2378 asset file contents into memory...
[21/04/2026 3:49:21 AM] [Info] Loaded 233 of 2378 assets...
[21/04/2026 3:49:21 AM] [Info] Read 237 of 2378 asset file contents into memory...
[21/04/2026 3:49:21 AM] [Info] Loaded 237 of 2378 assets...
[21/04/2026 3:49:21 AM] [Info] Read 241 of 2378 asset file contents into memory...
[21/04/2026 3:49:21 AM] [Info] Loaded 241 of 2378 assets...
[21/04/2026 3:49:21 AM] [Info] Read 245 of 2378 asset file contents into memory...
[21/04/2026 3:49:21 AM] [Info] Loaded 245 of 2378 assets...
[21/04/2026 3:49:21 AM] [Info] Read 249 of 2378 asset file contents into memory...
[21/04/2026 3:49:21 AM] [Info] Loaded 249 of 2378 assets...
[21/04/2026 3:49:21 AM] [Info] Read 252 of 2378 asset file contents into memory...
[21/04/2026 3:49:21 AM] [Info] Loaded 252 of 2378 assets...
[21/04/2026 3:49:21 AM] [Info] Read 257 of 2378 asset file contents into memory...
[21/04/2026 3:49:21 AM] [Info] Loaded 257 of 2378 assets...
[21/04/2026 3:49:21 AM] [Info] Read 261 of 2378 asset file contents into memory...
[21/04/2026 3:49:21 AM] [Info] Loaded 261 of 2378 assets...
[21/04/2026 3:49:21 AM] [Info] Read 265 of 2378 asset file contents into memory...
[21/04/2026 3:49:21 AM] [Info] Loaded 265 of 2378 assets...
[21/04/2026 3:49:21 AM] [Info] Read 269 of 2378 asset file contents into memory...
[21/04/2026 3:49:21 AM] [Info] Loaded 269 of 2378 assets...
[21/04/2026 3:49:21 AM] [Info] Read 274 of 2378 asset file contents into memory...
[21/04/2026 3:49:21 AM] [Info] Loaded 274 of 2378 assets...
[21/04/2026 3:49:21 AM] [Info] Read 278 of 2378 asset file contents into memory...
[21/04/2026 3:49:21 AM] [Info] Loaded 278 of 2378 assets...
[21/04/2026 3:49:21 AM] [Info] Read 282 of 2378 asset file contents into memory...
[21/04/2026 3:49:21 AM] [Info] Loaded 282 of 2378 assets...
[21/04/2026 3:49:21 AM] [Info] Read 286 of 2378 asset file contents into memory...
[21/04/2026 3:49:21 AM] [Info] Loaded 286 of 2378 assets...
[21/04/2026 3:49:21 AM] [Info] Read 290 of 2378 asset file contents into memory...
[21/04/2026 3:49:21 AM] [Info] Loaded 290 of 2378 assets...
[21/04/2026 3:49:21 AM] [Info] Read 294 of 2378 asset file contents into memory...
[21/04/2026 3:49:21 AM] [Info] Loaded 294 of 2378 assets...
[21/04/2026 3:49:21 AM] [Info] Read 298 of 2378 asset file contents into memory...
[21/04/2026 3:49:21 AM] [Info] Loaded 298 of 2378 assets...
[21/04/2026 3:49:21 AM] [Info] Read 302 of 2378 asset file contents into memory...
[21/04/2026 3:49:21 AM] [Info] Loaded 302 of 2378 assets...
[21/04/2026 3:49:21 AM] [Info] Read 306 of 2378 asset file contents into memory...
[21/04/2026 3:49:21 AM] [Info] Loaded 306 of 2378 assets...
[21/04/2026 3:49:22 AM] [Info] Read 312 of 2378 asset file contents into memory...
[21/04/2026 3:49:22 AM] [Info] Loaded 312 of 2378 assets...
[21/04/2026 3:49:22 AM] [Info] Read 316 of 2378 asset file contents into memory...
[21/04/2026 3:49:22 AM] [Info] Loaded 316 of 2378 assets...
[21/04/2026 3:49:22 AM] [Info] Read 323 of 2378 asset file contents into memory...
[21/04/2026 3:49:22 AM] [Info] Loaded 323 of 2378 assets...
[21/04/2026 3:49:22 AM] [Info] Read 328 of 2378 asset file contents into memory...
[21/04/2026 3:49:22 AM] [Info] Loaded 328 of 2378 assets...
[21/04/2026 3:49:22 AM] [Info] Read 334 of 2378 asset file contents into memory...
[21/04/2026 3:49:22 AM] [Info] Loaded 334 of 2378 assets...
[21/04/2026 3:49:22 AM] [Info] Read 339 of 2378 asset file contents into memory...
[21/04/2026 3:49:22 AM] [Info] Loaded 339 of 2378 assets...
[21/04/2026 3:49:22 AM] [Info] Read 344 of 2378 asset file contents into memory...
[21/04/2026 3:49:22 AM] [Info] Loaded 344 of 2378 assets...
[21/04/2026 3:49:22 AM] [Info] Read 349 of 2378 asset file contents into memory...
[21/04/2026 3:49:22 AM] [Info] Loaded 349 of 2378 assets...
[21/04/2026 3:49:22 AM] [Info] Read 353 of 2378 asset file contents into memory...
[21/04/2026 3:49:22 AM] [Info] Loaded 353 of 2378 assets...
[21/04/2026 3:49:22 AM] [Info] Read 357 of 2378 asset file contents into memory...
[21/04/2026 3:49:22 AM] [Info] Loaded 357 of 2378 assets...
[21/04/2026 3:49:22 AM] [Info] Read 362 of 2378 asset file contents into memory...
[21/04/2026 3:49:22 AM] [Info] Loaded 362 of 2378 assets...
[21/04/2026 3:49:22 AM] [Info] Read 366 of 2378 asset file contents into memory...
[21/04/2026 3:49:22 AM] [Info] Loaded 366 of 2378 assets...
[21/04/2026 3:49:22 AM] [Info] Read 371 of 2378 asset file contents into memory...
[21/04/2026 3:49:22 AM] [Info] Loaded 371 of 2378 assets...
[21/04/2026 3:49:22 AM] [Info] Read 376 of 2378 asset file contents into memory...
[21/04/2026 3:49:22 AM] [Info] Loaded 376 of 2378 assets...
[21/04/2026 3:49:22 AM] [Info] Read 380 of 2378 asset file contents into memory...
[21/04/2026 3:49:22 AM] [Info] Loaded 380 of 2378 assets...
[21/04/2026 3:49:22 AM] [Info] Read 385 of 2378 asset file contents into memory...
[21/04/2026 3:49:22 AM] [Info] Loaded 385 of 2378 assets...
[21/04/2026 3:49:22 AM] [Info] Read 389 of 2378 asset file contents into memory...
[21/04/2026 3:49:22 AM] [Info] Loaded 389 of 2378 assets...
[21/04/2026 3:49:22 AM] [Info] Read 394 of 2378 asset file contents into memory...
[21/04/2026 3:49:22 AM] [Info] Loaded 394 of 2378 assets...
[21/04/2026 3:49:22 AM] [Info] Read 398 of 2378 asset file contents into memory...
[21/04/2026 3:49:22 AM] [Info] Loaded 398 of 2378 assets...
[21/04/2026 3:49:22 AM] [Info] Read 403 of 2378 asset file contents into memory...
[21/04/2026 3:49:22 AM] [Info] Loaded 403 of 2378 assets...
[21/04/2026 3:49:23 AM] [Info] Read 408 of 2378 asset file contents into memory...
[21/04/2026 3:49:23 AM] [Info] Loaded 408 of 2378 assets...
[21/04/2026 3:49:23 AM] [Info] Read 414 of 2378 asset file contents into memory...
[21/04/2026 3:49:23 AM] [Info] Loaded 414 of 2378 assets...
[21/04/2026 3:49:23 AM] [Info] Read 420 of 2378 asset file contents into memory...
[21/04/2026 3:49:23 AM] [Info] Loaded 420 of 2378 assets...
[21/04/2026 3:49:23 AM] [Info] Read 425 of 2378 asset file contents into memory...
[21/04/2026 3:49:23 AM] [Info] Loaded 425 of 2378 assets...
[21/04/2026 3:49:23 AM] [Info] Read 430 of 2378 asset file contents into memory...
[21/04/2026 3:49:23 AM] [Info] Loaded 430 of 2378 assets...
[21/04/2026 3:49:23 AM] [Info] Read 434 of 2378 asset file contents into memory...
[21/04/2026 3:49:23 AM] [Info] Loaded 434 of 2378 assets...
[21/04/2026 3:49:23 AM] [Info] Read 440 of 2378 asset file contents into memory...
[21/04/2026 3:49:23 AM] [Info] Loaded 440 of 2378 assets...
[21/04/2026 3:49:23 AM] [Info] Read 445 of 2378 asset file contents into memory...
[21/04/2026 3:49:23 AM] [Info] Loaded 445 of 2378 assets...
[21/04/2026 3:49:23 AM] [Info] Read 450 of 2378 asset file contents into memory...
[21/04/2026 3:49:23 AM] [Info] Loaded 450 of 2378 assets...
[21/04/2026 3:49:23 AM] [Info] Read 457 of 2378 asset file contents into memory...
[21/04/2026 3:49:23 AM] [Info] Loaded 457 of 2378 assets...
[21/04/2026 3:49:23 AM] [Info] Read 461 of 2378 asset file contents into memory...
[21/04/2026 3:49:23 AM] [Info] Loaded 461 of 2378 assets...
[21/04/2026 3:49:23 AM] [Info] Read 465 of 2378 asset file contents into memory...
[21/04/2026 3:49:23 AM] [Info] Loaded 465 of 2378 assets...
[21/04/2026 3:49:23 AM] [Info] Read 470 of 2378 asset file contents into memory...
[21/04/2026 3:49:23 AM] [Info] Loaded 470 of 2378 assets...
[21/04/2026 3:49:23 AM] [Info] Read 475 of 2378 asset file contents into memory...
[21/04/2026 3:49:23 AM] [Info] Loaded 475 of 2378 assets...
[21/04/2026 3:49:23 AM] [Info] Read 480 of 2378 asset file contents into memory...
[21/04/2026 3:49:23 AM] [Info] Loaded 480 of 2378 assets...
[21/04/2026 3:49:23 AM] [Info] Read 485 of 2378 asset file contents into memory...
[21/04/2026 3:49:23 AM] [Info] Loaded 485 of 2378 assets...
[21/04/2026 3:49:23 AM] [Info] Read 490 of 2378 asset file contents into memory...
[21/04/2026 3:49:23 AM] [Info] Loaded 490 of 2378 assets...
[21/04/2026 3:49:23 AM] [Info] Read 494 of 2378 asset file contents into memory...
[21/04/2026 3:49:23 AM] [Info] Loaded 494 of 2378 assets...
[21/04/2026 3:49:24 AM] [Info] Read 499 of 2378 asset file contents into memory...
[21/04/2026 3:49:24 AM] [Info] Loaded 499 of 2378 assets...
[21/04/2026 3:49:24 AM] [Info] Read 503 of 2378 asset file contents into memory...
[21/04/2026 3:49:24 AM] [Info] Loaded 503 of 2378 assets...
[21/04/2026 3:49:24 AM] [Info] Read 508 of 2378 asset file contents into memory...
[21/04/2026 3:49:24 AM] [Info] Loaded 508 of 2378 assets...
[21/04/2026 3:49:24 AM] [Info] Read 513 of 2378 asset file contents into memory...
[21/04/2026 3:49:24 AM] [Info] Loaded 513 of 2378 assets...
[21/04/2026 3:49:24 AM] [Info] Read 517 of 2378 asset file contents into memory...
[21/04/2026 3:49:24 AM] [Info] Loaded 517 of 2378 assets...
[21/04/2026 3:49:24 AM] [Info] Read 522 of 2378 asset file contents into memory...
[21/04/2026 3:49:24 AM] [Info] Loaded 522 of 2378 assets...
[21/04/2026 3:49:24 AM] [Info] Read 526 of 2378 asset file contents into memory...
[21/04/2026 3:49:24 AM] [Info] Loaded 526 of 2378 assets...
[21/04/2026 3:49:24 AM] [Info] Read 530 of 2378 asset file contents into memory...
[21/04/2026 3:49:24 AM] [Info] Loaded 530 of 2378 assets...
[21/04/2026 3:49:24 AM] [Info] Read 535 of 2378 asset file contents into memory...
[21/04/2026 3:49:24 AM] [Info] Loaded 535 of 2378 assets...
[21/04/2026 3:49:24 AM] [Info] Read 540 of 2378 asset file contents into memory...
[21/04/2026 3:49:24 AM] [Info] Loaded 540 of 2378 assets...
[21/04/2026 3:49:24 AM] [Info] Read 544 of 2378 asset file contents into memory...
[21/04/2026 3:49:24 AM] [Info] Loaded 544 of 2378 assets...
[21/04/2026 3:49:24 AM] [Info] Read 548 of 2378 asset file contents into memory...
[21/04/2026 3:49:24 AM] [Info] Loaded 548 of 2378 assets...
[21/04/2026 3:49:24 AM] [Info] Read 551 of 2378 asset file contents into memory...
[21/04/2026 3:49:24 AM] [Info] Loaded 551 of 2378 assets...
[21/04/2026 3:49:24 AM] [Info] Read 555 of 2378 asset file contents into memory...
[21/04/2026 3:49:24 AM] [Info] Loaded 555 of 2378 assets...
[21/04/2026 3:49:24 AM] [Info] Read 559 of 2378 asset file contents into memory...
[21/04/2026 3:49:24 AM] [Info] Loaded 559 of 2378 assets...
[21/04/2026 3:49:24 AM] [Info] Read 562 of 2378 asset file contents into memory...
[21/04/2026 3:49:24 AM] [Info] Loaded 562 of 2378 assets...
[21/04/2026 3:49:24 AM] [Info] Read 566 of 2378 asset file contents into memory...
[21/04/2026 3:49:24 AM] [Info] Loaded 566 of 2378 assets...
[21/04/2026 3:49:24 AM] [Info] Read 569 of 2378 asset file contents into memory...
[21/04/2026 3:49:24 AM] [Info] Loaded 569 of 2378 assets...
[21/04/2026 3:49:24 AM] [Info] Read 573 of 2378 asset file contents into memory...
[21/04/2026 3:49:24 AM] [Info] Loaded 573 of 2378 assets...
[21/04/2026 3:49:24 AM] [Info] Read 577 of 2378 asset file contents into memory...
[21/04/2026 3:49:24 AM] [Info] Loaded 577 of 2378 assets...
[21/04/2026 3:49:25 AM] [Info] Read 582 of 2378 asset file contents into memory...
[21/04/2026 3:49:25 AM] [Info] Loaded 582 of 2378 assets...
[21/04/2026 3:49:25 AM] [Info] Read 586 of 2378 asset file contents into memory...
[21/04/2026 3:49:25 AM] [Info] Loaded 586 of 2378 assets...
[21/04/2026 3:49:25 AM] [Info] Read 589 of 2378 asset file contents into memory...
[21/04/2026 3:49:25 AM] [Info] Loaded 589 of 2378 assets...
[21/04/2026 3:49:25 AM] [Info] Read 594 of 2378 asset file contents into memory...
[21/04/2026 3:49:25 AM] [Info] Loaded 594 of 2378 assets...
[21/04/2026 3:49:25 AM] [Info] Read 598 of 2378 asset file contents into memory...
[21/04/2026 3:49:25 AM] [Info] Loaded 598 of 2378 assets...
[21/04/2026 3:49:25 AM] [Info] Read 602 of 2378 asset file contents into memory...
[21/04/2026 3:49:25 AM] [Info] Loaded 602 of 2378 assets...
[21/04/2026 3:49:25 AM] [Info] Read 606 of 2378 asset file contents into memory...
[21/04/2026 3:49:25 AM] [Info] Loaded 606 of 2378 assets...
[21/04/2026 3:49:25 AM] [Info] Read 611 of 2378 asset file contents into memory...
[21/04/2026 3:49:25 AM] [Info] Loaded 611 of 2378 assets...
[21/04/2026 3:49:25 AM] [Info] Read 615 of 2378 asset file contents into memory...
[21/04/2026 3:49:25 AM] [Info] Loaded 615 of 2378 assets...
[21/04/2026 3:49:25 AM] [Info] Read 621 of 2378 asset file contents into memory...
[21/04/2026 3:49:25 AM] [Info] Loaded 621 of 2378 assets...
[21/04/2026 3:49:25 AM] [Info] Read 625 of 2378 asset file contents into memory...
[21/04/2026 3:49:25 AM] [Info] Loaded 625 of 2378 assets...
[21/04/2026 3:49:25 AM] [Info] Read 630 of 2378 asset file contents into memory...
[21/04/2026 3:49:25 AM] [Info] Loaded 630 of 2378 assets...
[21/04/2026 3:49:25 AM] [Info] Read 635 of 2378 asset file contents into memory...
[21/04/2026 3:49:25 AM] [Info] Loaded 635 of 2378 assets...
[21/04/2026 3:49:25 AM] [Info] Read 640 of 2378 asset file contents into memory...
[21/04/2026 3:49:25 AM] [Info] Loaded 640 of 2378 assets...
[21/04/2026 3:49:25 AM] [Info] Read 645 of 2378 asset file contents into memory...
[21/04/2026 3:49:25 AM] [Info] Loaded 645 of 2378 assets...
[21/04/2026 3:49:25 AM] [Info] Read 650 of 2378 asset file contents into memory...
[21/04/2026 3:49:25 AM] [Info] Loaded 650 of 2378 assets...
[21/04/2026 3:49:25 AM] [Info] Read 656 of 2378 asset file contents into memory...
[21/04/2026 3:49:25 AM] [Info] Loaded 656 of 2378 assets...
[21/04/2026 3:49:25 AM] [Info] Read 661 of 2378 asset file contents into memory...
[21/04/2026 3:49:25 AM] [Info] Loaded 661 of 2378 assets...
[21/04/2026 3:49:25 AM] [Info] Read 666 of 2378 asset file contents into memory...
[21/04/2026 3:49:25 AM] [Info] Loaded 666 of 2378 assets...
[21/04/2026 3:49:25 AM] [Info] Read 670 of 2378 asset file contents into memory...
[21/04/2026 3:49:25 AM] [Info] Loaded 670 of 2378 assets...
[21/04/2026 3:49:26 AM] [Info] Read 674 of 2378 asset file contents into memory...
[21/04/2026 3:49:26 AM] [Info] Loaded 674 of 2378 assets...
[21/04/2026 3:49:26 AM] [Info] Read 678 of 2378 asset file contents into memory...
[21/04/2026 3:49:26 AM] [Info] Loaded 678 of 2378 assets...
[21/04/2026 3:49:26 AM] [Info] Read 682 of 2378 asset file contents into memory...
[21/04/2026 3:49:26 AM] [Info] Loaded 682 of 2378 assets...
[21/04/2026 3:49:26 AM] [Info] Read 686 of 2378 asset file contents into memory...
[21/04/2026 3:49:26 AM] [Info] Loaded 686 of 2378 assets...
[21/04/2026 3:49:26 AM] [Info] Read 690 of 2378 asset file contents into memory...
[21/04/2026 3:49:26 AM] [Info] Loaded 690 of 2378 assets...
[21/04/2026 3:49:26 AM] [Info] Read 695 of 2378 asset file contents into memory...
[21/04/2026 3:49:26 AM] [Info] Loaded 695 of 2378 assets...
[21/04/2026 3:49:26 AM] [Info] Read 699 of 2378 asset file contents into memory...
[21/04/2026 3:49:26 AM] [Info] Loaded 699 of 2378 assets...
[21/04/2026 3:49:26 AM] [Info] Read 704 of 2378 asset file contents into memory...
[21/04/2026 3:49:26 AM] [Info] Loaded 704 of 2378 assets...
[21/04/2026 3:49:26 AM] [Info] Read 709 of 2378 asset file contents into memory...
[21/04/2026 3:49:26 AM] [Info] Loaded 709 of 2378 assets...
[21/04/2026 3:49:26 AM] [Info] Read 713 of 2378 asset file contents into memory...
[21/04/2026 3:49:26 AM] [Info] Loaded 713 of 2378 assets...
[21/04/2026 3:49:26 AM] [Info] Read 718 of 2378 asset file contents into memory...
[21/04/2026 3:49:26 AM] [Info] Loaded 718 of 2378 assets...
[21/04/2026 3:49:26 AM] [Info] Read 722 of 2378 asset file contents into memory...
[21/04/2026 3:49:26 AM] [Info] Loaded 722 of 2378 assets...
[21/04/2026 3:49:26 AM] [Info] Read 727 of 2378 asset file contents into memory...
[21/04/2026 3:49:26 AM] [Info] Loaded 727 of 2378 assets...
[21/04/2026 3:49:26 AM] [Info] Read 732 of 2378 asset file contents into memory...
[21/04/2026 3:49:26 AM] [Info] Loaded 732 of 2378 assets...
[21/04/2026 3:49:26 AM] [Info] Read 736 of 2378 asset file contents into memory...
[21/04/2026 3:49:26 AM] [Info] Loaded 736 of 2378 assets...
[21/04/2026 3:49:26 AM] [Info] Read 741 of 2378 asset file contents into memory...
[21/04/2026 3:49:26 AM] [Info] Loaded 741 of 2378 assets...
[21/04/2026 3:49:26 AM] [Info] Read 746 of 2378 asset file contents into memory...
[21/04/2026 3:49:26 AM] [Info] Loaded 746 of 2378 assets...
[21/04/2026 3:49:26 AM] [Info] Read 751 of 2378 asset file contents into memory...
[21/04/2026 3:49:26 AM] [Info] Loaded 751 of 2378 assets...
[21/04/2026 3:49:26 AM] [Info] Read 755 of 2378 asset file contents into memory...
[21/04/2026 3:49:26 AM] [Info] Loaded 755 of 2378 assets...
[21/04/2026 3:49:26 AM] [Info] Read 759 of 2378 asset file contents into memory...
[21/04/2026 3:49:26 AM] [Info] Loaded 759 of 2378 assets...
[21/04/2026 3:49:27 AM] [Info] Read 763 of 2378 asset file contents into memory...
[21/04/2026 3:49:27 AM] [Info] Loaded 763 of 2378 assets...
[21/04/2026 3:49:27 AM] [Info] Read 768 of 2378 asset file contents into memory...
[21/04/2026 3:49:27 AM] [Info] Loaded 768 of 2378 assets...
[21/04/2026 3:49:27 AM] [Info] Read 772 of 2378 asset file contents into memory...
[21/04/2026 3:49:27 AM] [Info] Loaded 772 of 2378 assets...
[21/04/2026 3:49:27 AM] [Info] Read 776 of 2378 asset file contents into memory...
[21/04/2026 3:49:27 AM] [Info] Loaded 776 of 2378 assets...
[21/04/2026 3:49:27 AM] [Info] Read 781 of 2378 asset file contents into memory...
[21/04/2026 3:49:27 AM] [Info] Loaded 781 of 2378 assets...
[21/04/2026 3:49:27 AM] [Info] Read 785 of 2378 asset file contents into memory...
[21/04/2026 3:49:27 AM] [Info] Loaded 785 of 2378 assets...
[21/04/2026 3:49:27 AM] [Info] Read 789 of 2378 asset file contents into memory...
[21/04/2026 3:49:27 AM] [Info] Loaded 789 of 2378 assets...
[21/04/2026 3:49:27 AM] [Info] Read 794 of 2378 asset file contents into memory...
[21/04/2026 3:49:27 AM] [Info] Loaded 794 of 2378 assets...
[21/04/2026 3:49:27 AM] [Info] Read 798 of 2378 asset file contents into memory...
[21/04/2026 3:49:27 AM] [Info] Loaded 798 of 2378 assets...
[21/04/2026 3:49:27 AM] [Info] Read 803 of 2378 asset file contents into memory...
[21/04/2026 3:49:27 AM] [Info] Loaded 803 of 2378 assets...
[21/04/2026 3:49:27 AM] [Info] Read 808 of 2378 asset file contents into memory...
[21/04/2026 3:49:27 AM] [Info] Loaded 808 of 2378 assets...
[21/04/2026 3:49:27 AM] [Info] Read 812 of 2378 asset file contents into memory...
[21/04/2026 3:49:27 AM] [Info] Loaded 812 of 2378 assets...
[21/04/2026 3:49:27 AM] [Info] Read 816 of 2378 asset file contents into memory...
[21/04/2026 3:49:27 AM] [Info] Loaded 816 of 2378 assets...
[21/04/2026 3:49:27 AM] [Info] Read 821 of 2378 asset file contents into memory...
[21/04/2026 3:49:27 AM] [Info] Loaded 821 of 2378 assets...
[21/04/2026 3:49:27 AM] [Info] Read 826 of 2378 asset file contents into memory...
[21/04/2026 3:49:27 AM] [Info] Loaded 826 of 2378 assets...
[21/04/2026 3:49:27 AM] [Info] Read 831 of 2378 asset file contents into memory...
[21/04/2026 3:49:27 AM] [Info] Loaded 830 of 2378 assets...
[21/04/2026 3:49:27 AM] [Info] Read 835 of 2378 asset file contents into memory...
[21/04/2026 3:49:27 AM] [Info] Loaded 835 of 2378 assets...
[21/04/2026 3:49:27 AM] [Info] Read 839 of 2378 asset file contents into memory...
[21/04/2026 3:49:27 AM] [Info] Loaded 839 of 2378 assets...
[21/04/2026 3:49:27 AM] [Info] Read 844 of 2378 asset file contents into memory...
[21/04/2026 3:49:27 AM] [Info] Loaded 844 of 2378 assets...
[21/04/2026 3:49:27 AM] [Info] Read 849 of 2378 asset file contents into memory...
[21/04/2026 3:49:27 AM] [Info] Loaded 849 of 2378 assets...
[21/04/2026 3:49:28 AM] [Info] Read 851 of 2378 asset file contents into memory...
[21/04/2026 3:49:28 AM] [Info] Loaded 851 of 2378 assets...
[21/04/2026 3:49:28 AM] [Info] Read 855 of 2378 asset file contents into memory...
[21/04/2026 3:49:28 AM] [Info] Loaded 855 of 2378 assets...
[21/04/2026 3:49:28 AM] [Info] Read 859 of 2378 asset file contents into memory...
[21/04/2026 3:49:28 AM] [Info] Loaded 859 of 2378 assets...
[21/04/2026 3:49:28 AM] [Info] Read 863 of 2378 asset file contents into memory...
[21/04/2026 3:49:28 AM] [Info] Loaded 863 of 2378 assets...
[21/04/2026 3:49:28 AM] [Info] Read 867 of 2378 asset file contents into memory...
[21/04/2026 3:49:28 AM] [Info] Loaded 867 of 2378 assets...
[21/04/2026 3:49:28 AM] [Info] Read 871 of 2378 asset file contents into memory...
[21/04/2026 3:49:28 AM] [Info] Loaded 871 of 2378 assets...
[21/04/2026 3:49:28 AM] [Info] Read 875 of 2378 asset file contents into memory...
[21/04/2026 3:49:28 AM] [Info] Loaded 875 of 2378 assets...
[21/04/2026 3:49:28 AM] [Info] Read 879 of 2378 asset file contents into memory...
[21/04/2026 3:49:28 AM] [Info] Loaded 879 of 2378 assets...
[21/04/2026 3:49:28 AM] [Info] Read 883 of 2378 asset file contents into memory...
[21/04/2026 3:49:28 AM] [Info] Loaded 883 of 2378 assets...
[21/04/2026 3:49:28 AM] [Info] Read 887 of 2378 asset file contents into memory...
[21/04/2026 3:49:28 AM] [Info] Loaded 887 of 2378 assets...
[21/04/2026 3:49:28 AM] [Info] Read 891 of 2378 asset file contents into memory...
[21/04/2026 3:49:28 AM] [Info] Loaded 891 of 2378 assets...
[21/04/2026 3:49:28 AM] [Info] Read 894 of 2378 asset file contents into memory...
[21/04/2026 3:49:28 AM] [Info] Loaded 894 of 2378 assets...
[21/04/2026 3:49:28 AM] [Info] Read 898 of 2378 asset file contents into memory...
[21/04/2026 3:49:28 AM] [Info] Loaded 898 of 2378 assets...
[21/04/2026 3:49:28 AM] [Info] Read 902 of 2378 asset file contents into memory...
[21/04/2026 3:49:28 AM] [Info] Loaded 902 of 2378 assets...
[21/04/2026 3:49:28 AM] [Info] Read 906 of 2378 asset file contents into memory...
[21/04/2026 3:49:28 AM] [Info] Loaded 906 of 2378 assets...
[21/04/2026 3:49:28 AM] [Info] Read 910 of 2378 asset file contents into memory...
[21/04/2026 3:49:28 AM] [Info] Loaded 910 of 2378 assets...
[21/04/2026 3:49:28 AM] [Info] Read 915 of 2378 asset file contents into memory...
[21/04/2026 3:49:28 AM] [Info] Loaded 915 of 2378 assets...
[21/04/2026 3:49:28 AM] [Info] Read 919 of 2378 asset file contents into memory...
[21/04/2026 3:49:28 AM] [Info] Loaded 919 of 2378 assets...
[21/04/2026 3:49:28 AM] [Info] Read 923 of 2378 asset file contents into memory...
[21/04/2026 3:49:28 AM] [Info] Loaded 923 of 2378 assets...
[21/04/2026 3:49:28 AM] [Info] Read 927 of 2378 asset file contents into memory...
[21/04/2026 3:49:28 AM] [Info] Loaded 927 of 2378 assets...
[21/04/2026 3:49:29 AM] [Info] Read 931 of 2378 asset file contents into memory...
[21/04/2026 3:49:29 AM] [Info] Loaded 931 of 2378 assets...
[21/04/2026 3:49:29 AM] [Info] Read 935 of 2378 asset file contents into memory...
[21/04/2026 3:49:29 AM] [Info] Loaded 935 of 2378 assets...
[21/04/2026 3:49:29 AM] [Info] Read 939 of 2378 asset file contents into memory...
[21/04/2026 3:49:29 AM] [Info] Loaded 939 of 2378 assets...
[21/04/2026 3:49:29 AM] [Info] Read 944 of 2378 asset file contents into memory...
[21/04/2026 3:49:29 AM] [Info] Loaded 944 of 2378 assets...
[21/04/2026 3:49:29 AM] [Info] Read 947 of 2378 asset file contents into memory...
[21/04/2026 3:49:29 AM] [Info] Loaded 947 of 2378 assets...
[21/04/2026 3:49:29 AM] [Info] Read 952 of 2378 asset file contents into memory...
[21/04/2026 3:49:29 AM] [Info] Loaded 952 of 2378 assets...
[21/04/2026 3:49:29 AM] [Info] Read 955 of 2378 asset file contents into memory...
[21/04/2026 3:49:29 AM] [Info] Loaded 955 of 2378 assets...
[21/04/2026 3:49:29 AM] [Info] Read 960 of 2378 asset file contents into memory...
[21/04/2026 3:49:29 AM] [Info] Loaded 960 of 2378 assets...
[21/04/2026 3:49:29 AM] [Info] Read 964 of 2378 asset file contents into memory...
[21/04/2026 3:49:29 AM] [Info] Loaded 964 of 2378 assets...
[21/04/2026 3:49:29 AM] [Info] Read 968 of 2378 asset file contents into memory...
[21/04/2026 3:49:29 AM] [Info] Loaded 968 of 2378 assets...
[21/04/2026 3:49:29 AM] [Info] Read 972 of 2378 asset file contents into memory...
[21/04/2026 3:49:29 AM] [Info] Loaded 972 of 2378 assets...
[21/04/2026 3:49:29 AM] [Info] Read 975 of 2378 asset file contents into memory...
[21/04/2026 3:49:29 AM] [Info] Loaded 975 of 2378 assets...
[21/04/2026 3:49:29 AM] [Info] Read 980 of 2378 asset file contents into memory...
[21/04/2026 3:49:29 AM] [Info] Loaded 980 of 2378 assets...
[21/04/2026 3:49:29 AM] [Info] Read 984 of 2378 asset file contents into memory...
[21/04/2026 3:49:29 AM] [Info] Loaded 984 of 2378 assets...
[21/04/2026 3:49:29 AM] [Info] Read 988 of 2378 asset file contents into memory...
[21/04/2026 3:49:29 AM] [Info] Loaded 988 of 2378 assets...
[21/04/2026 3:49:29 AM] [Info] Read 992 of 2378 asset file contents into memory...
[21/04/2026 3:49:29 AM] [Info] Loaded 992 of 2378 assets...
[21/04/2026 3:49:29 AM] [Info] Read 996 of 2378 asset file contents into memory...
[21/04/2026 3:49:29 AM] [Info] Loaded 996 of 2378 assets...
[21/04/2026 3:49:29 AM] [Info] Read 1000 of 2378 asset file contents into memory...
[21/04/2026 3:49:29 AM] [Info] Loaded 1000 of 2378 assets...
[21/04/2026 3:49:29 AM] [Info] Read 1005 of 2378 asset file contents into memory...
[21/04/2026 3:49:29 AM] [Info] Loaded 1005 of 2378 assets...
[21/04/2026 3:49:29 AM] [Info] Read 1009 of 2378 asset file contents into memory...
[21/04/2026 3:49:29 AM] [Info] Loaded 1009 of 2378 assets...
[21/04/2026 3:49:30 AM] [Info] Read 1013 of 2378 asset file contents into memory...
[21/04/2026 3:49:30 AM] [Info] Loaded 1013 of 2378 assets...
[21/04/2026 3:49:30 AM] [Info] Read 1017 of 2378 asset file contents into memory...
[21/04/2026 3:49:30 AM] [Info] Loaded 1017 of 2378 assets...
[21/04/2026 3:49:30 AM] [Info] Read 1022 of 2378 asset file contents into memory...
[21/04/2026 3:49:30 AM] [Info] Loaded 1022 of 2378 assets...
[21/04/2026 3:49:30 AM] [Info] Read 1026 of 2378 asset file contents into memory...
[21/04/2026 3:49:30 AM] [Info] Loaded 1026 of 2378 assets...
[21/04/2026 3:49:30 AM] [Info] Read 1030 of 2378 asset file contents into memory...
[21/04/2026 3:49:30 AM] [Info] Loaded 1030 of 2378 assets...
[21/04/2026 3:49:30 AM] [Info] Read 1035 of 2378 asset file contents into memory...
[21/04/2026 3:49:30 AM] [Info] Loaded 1035 of 2378 assets...
[21/04/2026 3:49:30 AM] [Info] Read 1040 of 2378 asset file contents into memory...
[21/04/2026 3:49:30 AM] [Info] Loaded 1040 of 2378 assets...
[21/04/2026 3:49:30 AM] [Info] Read 1044 of 2378 asset file contents into memory...
[21/04/2026 3:49:30 AM] [Info] Loaded 1044 of 2378 assets...
[21/04/2026 3:49:30 AM] [Info] Read 1049 of 2378 asset file contents into memory...
[21/04/2026 3:49:30 AM] [Info] Loaded 1049 of 2378 assets...
[21/04/2026 3:49:30 AM] [Info] Read 1054 of 2378 asset file contents into memory...
[21/04/2026 3:49:30 AM] [Info] Loaded 1054 of 2378 assets...
[21/04/2026 3:49:30 AM] [Info] Read 1058 of 2378 asset file contents into memory...
[21/04/2026 3:49:30 AM] [Info] Loaded 1058 of 2378 assets...
[21/04/2026 3:49:30 AM] [Info] Read 1063 of 2378 asset file contents into memory...
[21/04/2026 3:49:30 AM] [Info] Loaded 1063 of 2378 assets...
[21/04/2026 3:49:30 AM] [Info] Read 1068 of 2378 asset file contents into memory...
[21/04/2026 3:49:30 AM] [Info] Loaded 1068 of 2378 assets...
[21/04/2026 3:49:30 AM] [Info] Read 1073 of 2378 asset file contents into memory...
[21/04/2026 3:49:30 AM] [Info] Loaded 1073 of 2378 assets...
[21/04/2026 3:49:30 AM] [Info] Read 1077 of 2378 asset file contents into memory...
[21/04/2026 3:49:30 AM] [Info] Loaded 1077 of 2378 assets...
[21/04/2026 3:49:30 AM] [Info] Read 1082 of 2378 asset file contents into memory...
[21/04/2026 3:49:30 AM] [Info] Loaded 1082 of 2378 assets...
[21/04/2026 3:49:30 AM] [Info] Read 1087 of 2378 asset file contents into memory...
[21/04/2026 3:49:30 AM] [Info] Loaded 1087 of 2378 assets...
[21/04/2026 3:49:30 AM] [Info] Read 1092 of 2378 asset file contents into memory...
[21/04/2026 3:49:30 AM] [Info] Loaded 1092 of 2378 assets...
[21/04/2026 3:49:30 AM] [Info] Read 1097 of 2378 asset file contents into memory...
[21/04/2026 3:49:30 AM] [Info] Loaded 1097 of 2378 assets...
[21/04/2026 3:49:30 AM] [Info] Read 1102 of 2378 asset file contents into memory...
[21/04/2026 3:49:30 AM] [Info] Loaded 1102 of 2378 assets...
[21/04/2026 3:49:31 AM] [Info] Read 1107 of 2378 asset file contents into memory...
[21/04/2026 3:49:31 AM] [Info] Loaded 1107 of 2378 assets...
[21/04/2026 3:49:31 AM] [Info] Read 1111 of 2378 asset file contents into memory...
[21/04/2026 3:49:31 AM] [Info] Loaded 1111 of 2378 assets...
[21/04/2026 3:49:31 AM] [Info] Read 1116 of 2378 asset file contents into memory...
[21/04/2026 3:49:31 AM] [Info] Loaded 1116 of 2378 assets...
[21/04/2026 3:49:31 AM] [Info] Read 1121 of 2378 asset file contents into memory...
[21/04/2026 3:49:31 AM] [Info] Loaded 1121 of 2378 assets...
[21/04/2026 3:49:31 AM] [Info] Read 1126 of 2378 asset file contents into memory...
[21/04/2026 3:49:31 AM] [Info] Loaded 1126 of 2378 assets...
[21/04/2026 3:49:31 AM] [Info] Read 1131 of 2378 asset file contents into memory...
[21/04/2026 3:49:31 AM] [Info] Loaded 1131 of 2378 assets...
[21/04/2026 3:49:31 AM] [Info] Read 1136 of 2378 asset file contents into memory...
[21/04/2026 3:49:31 AM] [Info] Loaded 1136 of 2378 assets...
[21/04/2026 3:49:31 AM] [Info] Read 1140 of 2378 asset file contents into memory...
[21/04/2026 3:49:31 AM] [Info] Loaded 1140 of 2378 assets...
[21/04/2026 3:49:31 AM] [Info] Read 1145 of 2378 asset file contents into memory...
[21/04/2026 3:49:31 AM] [Info] Loaded 1145 of 2378 assets...
[21/04/2026 3:49:31 AM] [Info] Read 1150 of 2378 asset file contents into memory...
[21/04/2026 3:49:31 AM] [Info] Loaded 1150 of 2378 assets...
[21/04/2026 3:49:31 AM] [Info] Read 1154 of 2378 asset file contents into memory...
[21/04/2026 3:49:31 AM] [Info] Loaded 1154 of 2378 assets...
[21/04/2026 3:49:31 AM] [Info] Read 1159 of 2378 asset file contents into memory...
[21/04/2026 3:49:31 AM] [Info] Loaded 1159 of 2378 assets...
[21/04/2026 3:49:31 AM] [Info] Read 1164 of 2378 asset file contents into memory...
[21/04/2026 3:49:31 AM] [Info] Loaded 1164 of 2378 assets...
[21/04/2026 3:49:31 AM] [Info] Read 1168 of 2378 asset file contents into memory...
[21/04/2026 3:49:31 AM] [Info] Loaded 1168 of 2378 assets...
[21/04/2026 3:49:31 AM] [Info] Read 1173 of 2378 asset file contents into memory...
[21/04/2026 3:49:31 AM] [Info] Loaded 1173 of 2378 assets...
[21/04/2026 3:49:31 AM] [Info] Read 1178 of 2378 asset file contents into memory...
[21/04/2026 3:49:31 AM] [Info] Loaded 1178 of 2378 assets...
[21/04/2026 3:49:31 AM] [Info] Read 1183 of 2378 asset file contents into memory...
[21/04/2026 3:49:31 AM] [Info] Loaded 1183 of 2378 assets...
[21/04/2026 3:49:31 AM] [Info] Read 1188 of 2378 asset file contents into memory...
[21/04/2026 3:49:31 AM] [Info] Loaded 1188 of 2378 assets...
[21/04/2026 3:49:31 AM] [Info] Read 1192 of 2378 asset file contents into memory...
[21/04/2026 3:49:31 AM] [Info] Loaded 1192 of 2378 assets...
[21/04/2026 3:49:31 AM] [Info] Read 1197 of 2378 asset file contents into memory...
[21/04/2026 3:49:31 AM] [Info] Loaded 1197 of 2378 assets...
[21/04/2026 3:49:32 AM] [Info] Read 1202 of 2378 asset file contents into memory...
[21/04/2026 3:49:32 AM] [Info] Loaded 1202 of 2378 assets...
[21/04/2026 3:49:32 AM] [Info] Read 1207 of 2378 asset file contents into memory...
[21/04/2026 3:49:32 AM] [Info] Loaded 1207 of 2378 assets...
[21/04/2026 3:49:32 AM] [Info] Read 1211 of 2378 asset file contents into memory...
[21/04/2026 3:49:32 AM] [Info] Loaded 1211 of 2378 assets...
[21/04/2026 3:49:32 AM] [Info] Read 1216 of 2378 asset file contents into memory...
[21/04/2026 3:49:32 AM] [Info] Loaded 1216 of 2378 assets...
[21/04/2026 3:49:32 AM] [Info] Read 1221 of 2378 asset file contents into memory...
[21/04/2026 3:49:32 AM] [Info] Loaded 1221 of 2378 assets...
[21/04/2026 3:49:32 AM] [Info] Read 1226 of 2378 asset file contents into memory...
[21/04/2026 3:49:32 AM] [Info] Loaded 1226 of 2378 assets...
[21/04/2026 3:49:32 AM] [Info] Read 1231 of 2378 asset file contents into memory...
[21/04/2026 3:49:32 AM] [Info] Loaded 1231 of 2378 assets...
[21/04/2026 3:49:32 AM] [Info] Read 1236 of 2378 asset file contents into memory...
[21/04/2026 3:49:32 AM] [Info] Loaded 1236 of 2378 assets...
[21/04/2026 3:49:32 AM] [Info] Read 1240 of 2378 asset file contents into memory...
[21/04/2026 3:49:32 AM] [Info] Loaded 1240 of 2378 assets...
[21/04/2026 3:49:32 AM] [Info] Read 1245 of 2378 asset file contents into memory...
[21/04/2026 3:49:32 AM] [Info] Loaded 1245 of 2378 assets...
[21/04/2026 3:49:32 AM] [Info] Read 1250 of 2378 asset file contents into memory...
[21/04/2026 3:49:32 AM] [Info] Loaded 1250 of 2378 assets...
[21/04/2026 3:49:32 AM] [Info] Read 1255 of 2378 asset file contents into memory...
[21/04/2026 3:49:32 AM] [Info] Loaded 1255 of 2378 assets...
[21/04/2026 3:49:32 AM] [Info] Read 1260 of 2378 asset file contents into memory...
[21/04/2026 3:49:32 AM] [Info] Loaded 1260 of 2378 assets...
[21/04/2026 3:49:32 AM] [Info] Read 1265 of 2378 asset file contents into memory...
[21/04/2026 3:49:32 AM] [Info] Loaded 1265 of 2378 assets...
[21/04/2026 3:49:32 AM] [Info] Read 1270 of 2378 asset file contents into memory...
[21/04/2026 3:49:32 AM] [Info] Loaded 1270 of 2378 assets...
[21/04/2026 3:49:32 AM] [Info] Read 1275 of 2378 asset file contents into memory...
[21/04/2026 3:49:32 AM] [Info] Loaded 1275 of 2378 assets...
[21/04/2026 3:49:32 AM] [Info] Read 1280 of 2378 asset file contents into memory...
[21/04/2026 3:49:32 AM] [Info] Loaded 1280 of 2378 assets...
[21/04/2026 3:49:32 AM] [Info] Read 1285 of 2378 asset file contents into memory...
[21/04/2026 3:49:32 AM] [Info] Loaded 1285 of 2378 assets...
[21/04/2026 3:49:33 AM] [Info] Read 1289 of 2378 asset file contents into memory...
[21/04/2026 3:49:33 AM] [Info] Loaded 1289 of 2378 assets...
[21/04/2026 3:49:33 AM] [Info] Read 1294 of 2378 asset file contents into memory...
[21/04/2026 3:49:33 AM] [Info] Loaded 1294 of 2378 assets...
[21/04/2026 3:49:33 AM] [Info] Read 1299 of 2378 asset file contents into memory...
[21/04/2026 3:49:33 AM] [Info] Loaded 1299 of 2378 assets...
[21/04/2026 3:49:33 AM] [Info] Read 1304 of 2378 asset file contents into memory...
[21/04/2026 3:49:33 AM] [Info] Loaded 1304 of 2378 assets...
[21/04/2026 3:49:33 AM] [Info] Read 1309 of 2378 asset file contents into memory...
[21/04/2026 3:49:33 AM] [Info] Loaded 1309 of 2378 assets...
[21/04/2026 3:49:33 AM] [Info] Read 1314 of 2378 asset file contents into memory...
[21/04/2026 3:49:33 AM] [Info] Loaded 1314 of 2378 assets...
[21/04/2026 3:49:33 AM] [Info] Read 1319 of 2378 asset file contents into memory...
[21/04/2026 3:49:33 AM] [Info] Loaded 1319 of 2378 assets...
[21/04/2026 3:49:33 AM] [Info] Read 1324 of 2378 asset file contents into memory...
[21/04/2026 3:49:33 AM] [Info] Loaded 1324 of 2378 assets...
[21/04/2026 3:49:33 AM] [Info] Read 1329 of 2378 asset file contents into memory...
[21/04/2026 3:49:33 AM] [Info] Loaded 1329 of 2378 assets...
[21/04/2026 3:49:33 AM] [Info] Read 1334 of 2378 asset file contents into memory...
[21/04/2026 3:49:33 AM] [Info] Loaded 1334 of 2378 assets...
[21/04/2026 3:49:33 AM] [Info] Read 1338 of 2378 asset file contents into memory...
[21/04/2026 3:49:33 AM] [Info] Loaded 1338 of 2378 assets...
[21/04/2026 3:49:33 AM] [Info] Read 1343 of 2378 asset file contents into memory...
[21/04/2026 3:49:33 AM] [Info] Loaded 1343 of 2378 assets...
[21/04/2026 3:49:33 AM] [Info] Read 1348 of 2378 asset file contents into memory...
[21/04/2026 3:49:33 AM] [Info] Loaded 1348 of 2378 assets...
[21/04/2026 3:49:33 AM] [Info] Read 1353 of 2378 asset file contents into memory...
[21/04/2026 3:49:33 AM] [Info] Loaded 1353 of 2378 assets...
[21/04/2026 3:49:33 AM] [Info] Read 1358 of 2378 asset file contents into memory...
[21/04/2026 3:49:33 AM] [Info] Loaded 1358 of 2378 assets...
[21/04/2026 3:49:33 AM] [Info] Read 1363 of 2378 asset file contents into memory...
[21/04/2026 3:49:33 AM] [Info] Loaded 1363 of 2378 assets...
[21/04/2026 3:49:33 AM] [Info] Read 1367 of 2378 asset file contents into memory...
[21/04/2026 3:49:33 AM] [Info] Loaded 1367 of 2378 assets...
[21/04/2026 3:49:33 AM] [Info] Read 1372 of 2378 asset file contents into memory...
[21/04/2026 3:49:33 AM] [Info] Loaded 1372 of 2378 assets...
[21/04/2026 3:49:33 AM] [Info] Read 1377 of 2378 asset file contents into memory...
[21/04/2026 3:49:33 AM] [Info] Loaded 1377 of 2378 assets...
[21/04/2026 3:49:33 AM] [Info] Read 1382 of 2378 asset file contents into memory...
[21/04/2026 3:49:33 AM] [Info] Loaded 1382 of 2378 assets...
[21/04/2026 3:49:34 AM] [Info] Read 1387 of 2378 asset file contents into memory...
[21/04/2026 3:49:34 AM] [Info] Loaded 1387 of 2378 assets...
[21/04/2026 3:49:34 AM] [Info] Read 1392 of 2378 asset file contents into memory...
[21/04/2026 3:49:34 AM] [Info] Loaded 1392 of 2378 assets...
[21/04/2026 3:49:34 AM] [Info] Read 1397 of 2378 asset file contents into memory...
[21/04/2026 3:49:34 AM] [Info] Loaded 1397 of 2378 assets...
[21/04/2026 3:49:34 AM] [Info] Read 1402 of 2378 asset file contents into memory...
[21/04/2026 3:49:34 AM] [Info] Loaded 1402 of 2378 assets...
[21/04/2026 3:49:34 AM] [Info] Read 1407 of 2378 asset file contents into memory...
[21/04/2026 3:49:34 AM] [Info] Loaded 1407 of 2378 assets...
[21/04/2026 3:49:34 AM] [Info] Read 1412 of 2378 asset file contents into memory...
[21/04/2026 3:49:34 AM] [Info] Loaded 1412 of 2378 assets...
[21/04/2026 3:49:34 AM] [Info] Read 1416 of 2378 asset file contents into memory...
[21/04/2026 3:49:34 AM] [Info] Loaded 1416 of 2378 assets...
[21/04/2026 3:49:34 AM] [Info] Read 1421 of 2378 asset file contents into memory...
[21/04/2026 3:49:34 AM] [Info] Loaded 1421 of 2378 assets...
[21/04/2026 3:49:34 AM] [Info] Read 1425 of 2378 asset file contents into memory...
[21/04/2026 3:49:34 AM] [Info] Loaded 1425 of 2378 assets...
[21/04/2026 3:49:34 AM] [Info] Read 1430 of 2378 asset file contents into memory...
[21/04/2026 3:49:34 AM] [Info] Loaded 1430 of 2378 assets...
[21/04/2026 3:49:34 AM] [Info] Read 1435 of 2378 asset file contents into memory...
[21/04/2026 3:49:34 AM] [Info] Loaded 1435 of 2378 assets...
[21/04/2026 3:49:34 AM] [Info] Read 1439 of 2378 asset file contents into memory...
[21/04/2026 3:49:34 AM] [Info] Loaded 1439 of 2378 assets...
[21/04/2026 3:49:34 AM] [Info] Read 1444 of 2378 asset file contents into memory...
[21/04/2026 3:49:34 AM] [Info] Loaded 1444 of 2378 assets...
[21/04/2026 3:49:34 AM] [Info] Read 1449 of 2378 asset file contents into memory...
[21/04/2026 3:49:34 AM] [Info] Loaded 1449 of 2378 assets...
[21/04/2026 3:49:34 AM] [Info] Read 1454 of 2378 asset file contents into memory...
[21/04/2026 3:49:34 AM] [Info] Loaded 1454 of 2378 assets...
[21/04/2026 3:49:34 AM] [Info] Read 1459 of 2378 asset file contents into memory...
[21/04/2026 3:49:34 AM] [Info] Loaded 1459 of 2378 assets...
[21/04/2026 3:49:34 AM] [Info] Read 1463 of 2378 asset file contents into memory...
[21/04/2026 3:49:34 AM] [Info] Loaded 1463 of 2378 assets...
[21/04/2026 3:49:34 AM] [Info] Read 1467 of 2378 asset file contents into memory...
[21/04/2026 3:49:34 AM] [Info] Loaded 1467 of 2378 assets...
[21/04/2026 3:49:34 AM] [Info] Read 1471 of 2378 asset file contents into memory...
[21/04/2026 3:49:34 AM] [Info] Loaded 1471 of 2378 assets...
[21/04/2026 3:49:34 AM] [Info] Read 1476 of 2378 asset file contents into memory...
[21/04/2026 3:49:34 AM] [Info] Loaded 1476 of 2378 assets...
[21/04/2026 3:49:35 AM] [Info] Read 1481 of 2378 asset file contents into memory...
[21/04/2026 3:49:35 AM] [Info] Loaded 1481 of 2378 assets...
[21/04/2026 3:49:35 AM] [Info] Read 1485 of 2378 asset file contents into memory...
[21/04/2026 3:49:35 AM] [Info] Loaded 1485 of 2378 assets...
[21/04/2026 3:49:35 AM] [Info] Read 1490 of 2378 asset file contents into memory...
[21/04/2026 3:49:35 AM] [Info] Loaded 1490 of 2378 assets...
[21/04/2026 3:49:35 AM] [Info] Read 1494 of 2378 asset file contents into memory...
[21/04/2026 3:49:35 AM] [Info] Loaded 1494 of 2378 assets...
[21/04/2026 3:49:35 AM] [Info] Read 1499 of 2378 asset file contents into memory...
[21/04/2026 3:49:35 AM] [Info] Loaded 1499 of 2378 assets...
[21/04/2026 3:49:35 AM] [Info] Read 1504 of 2378 asset file contents into memory...
[21/04/2026 3:49:35 AM] [Info] Loaded 1504 of 2378 assets...
[21/04/2026 3:49:35 AM] [Info] Read 1509 of 2378 asset file contents into memory...
[21/04/2026 3:49:35 AM] [Info] Loaded 1509 of 2378 assets...
[21/04/2026 3:49:35 AM] [Info] Read 1513 of 2378 asset file contents into memory...
[21/04/2026 3:49:35 AM] [Info] Loaded 1513 of 2378 assets...
[21/04/2026 3:49:35 AM] [Info] Read 1518 of 2378 asset file contents into memory...
[21/04/2026 3:49:35 AM] [Info] Loaded 1518 of 2378 assets...
[21/04/2026 3:49:35 AM] [Info] Read 1522 of 2378 asset file contents into memory...
[21/04/2026 3:49:35 AM] [Info] Loaded 1522 of 2378 assets...
[21/04/2026 3:49:35 AM] [Info] Read 1527 of 2378 asset file contents into memory...
[21/04/2026 3:49:35 AM] [Info] Loaded 1527 of 2378 assets...
[21/04/2026 3:49:35 AM] [Info] Read 1531 of 2378 asset file contents into memory...
[21/04/2026 3:49:35 AM] [Info] Loaded 1531 of 2378 assets...
[21/04/2026 3:49:35 AM] [Info] Read 1535 of 2378 asset file contents into memory...
[21/04/2026 3:49:35 AM] [Info] Loaded 1535 of 2378 assets...
[21/04/2026 3:49:35 AM] [Info] Read 1540 of 2378 asset file contents into memory...
[21/04/2026 3:49:35 AM] [Info] Loaded 1540 of 2378 assets...
[21/04/2026 3:49:35 AM] [Info] Read 1544 of 2378 asset file contents into memory...
[21/04/2026 3:49:35 AM] [Info] Loaded 1544 of 2378 assets...
[21/04/2026 3:49:35 AM] [Info] Read 1549 of 2378 asset file contents into memory...
[21/04/2026 3:49:35 AM] [Info] Loaded 1549 of 2378 assets...
[21/04/2026 3:49:35 AM] [Info] Read 1553 of 2378 asset file contents into memory...
[21/04/2026 3:49:35 AM] [Info] Loaded 1553 of 2378 assets...
[21/04/2026 3:49:35 AM] [Info] Read 1558 of 2378 asset file contents into memory...
[21/04/2026 3:49:35 AM] [Info] Loaded 1558 of 2378 assets...
[21/04/2026 3:49:35 AM] [Info] Read 1563 of 2378 asset file contents into memory...
[21/04/2026 3:49:35 AM] [Info] Loaded 1563 of 2378 assets...
[21/04/2026 3:49:35 AM] [Info] Read 1567 of 2378 asset file contents into memory...
[21/04/2026 3:49:35 AM] [Info] Loaded 1567 of 2378 assets...
[21/04/2026 3:49:36 AM] [Info] Read 1572 of 2378 asset file contents into memory...
[21/04/2026 3:49:36 AM] [Info] Loaded 1572 of 2378 assets...
[21/04/2026 3:49:36 AM] [Info] Read 1577 of 2378 asset file contents into memory...
[21/04/2026 3:49:36 AM] [Info] Loaded 1577 of 2378 assets...
[21/04/2026 3:49:36 AM] [Info] Read 1581 of 2378 asset file contents into memory...
[21/04/2026 3:49:36 AM] [Info] Loaded 1581 of 2378 assets...
[21/04/2026 3:49:36 AM] [Info] Read 1586 of 2378 asset file contents into memory...
[21/04/2026 3:49:36 AM] [Info] Loaded 1586 of 2378 assets...
[21/04/2026 3:49:36 AM] [Info] Read 1591 of 2378 asset file contents into memory...
[21/04/2026 3:49:36 AM] [Info] Loaded 1591 of 2378 assets...
[21/04/2026 3:49:36 AM] [Info] Read 1596 of 2378 asset file contents into memory...
[21/04/2026 3:49:36 AM] [Info] Loaded 1596 of 2378 assets...
[21/04/2026 3:49:36 AM] [Info] Read 1601 of 2378 asset file contents into memory...
[21/04/2026 3:49:36 AM] [Info] Loaded 1601 of 2378 assets...
[21/04/2026 3:49:36 AM] [Info] Read 1605 of 2378 asset file contents into memory...
[21/04/2026 3:49:36 AM] [Info] Loaded 1605 of 2378 assets...
[21/04/2026 3:49:36 AM] [Info] Read 1610 of 2378 asset file contents into memory...
[21/04/2026 3:49:36 AM] [Info] Loaded 1610 of 2378 assets...
[21/04/2026 3:49:36 AM] [Info] Read 1615 of 2378 asset file contents into memory...
[21/04/2026 3:49:36 AM] [Info] Loaded 1615 of 2378 assets...
[21/04/2026 3:49:36 AM] [Info] Read 1620 of 2378 asset file contents into memory...
[21/04/2026 3:49:36 AM] [Info] Loaded 1620 of 2378 assets...
[21/04/2026 3:49:36 AM] [Info] Read 1625 of 2378 asset file contents into memory...
[21/04/2026 3:49:36 AM] [Info] Loaded 1625 of 2378 assets...
[21/04/2026 3:49:36 AM] [Info] Read 1629 of 2378 asset file contents into memory...
[21/04/2026 3:49:36 AM] [Info] Loaded 1629 of 2378 assets...
[21/04/2026 3:49:36 AM] [Info] Read 1634 of 2378 asset file contents into memory...
[21/04/2026 3:49:36 AM] [Info] Loaded 1634 of 2378 assets...
[21/04/2026 3:49:36 AM] [Info] Read 1639 of 2378 asset file contents into memory...
[21/04/2026 3:49:36 AM] [Info] Loaded 1639 of 2378 assets...
[21/04/2026 3:49:36 AM] [Info] Read 1644 of 2378 asset file contents into memory...
[21/04/2026 3:49:36 AM] [Info] Loaded 1644 of 2378 assets...
[21/04/2026 3:49:36 AM] [Info] Read 1648 of 2378 asset file contents into memory...
[21/04/2026 3:49:36 AM] [Info] Loaded 1648 of 2378 assets...
[21/04/2026 3:49:36 AM] [Info] Read 1653 of 2378 asset file contents into memory...
[21/04/2026 3:49:36 AM] [Info] Loaded 1653 of 2378 assets...
[21/04/2026 3:49:36 AM] [Info] Read 1658 of 2378 asset file contents into memory...
[21/04/2026 3:49:36 AM] [Info] Loaded 1658 of 2378 assets...
[21/04/2026 3:49:36 AM] [Info] Read 1662 of 2378 asset file contents into memory...
[21/04/2026 3:49:36 AM] [Info] Loaded 1662 of 2378 assets...
[21/04/2026 3:49:37 AM] [Info] Read 1667 of 2378 asset file contents into memory...
[21/04/2026 3:49:37 AM] [Info] Loaded 1667 of 2378 assets...
[21/04/2026 3:49:37 AM] [Info] Read 1672 of 2378 asset file contents into memory...
[21/04/2026 3:49:37 AM] [Info] Loaded 1672 of 2378 assets...
[21/04/2026 3:49:37 AM] [Info] Read 1677 of 2378 asset file contents into memory...
[21/04/2026 3:49:37 AM] [Info] Loaded 1677 of 2378 assets...
[21/04/2026 3:49:37 AM] [Info] Read 1681 of 2378 asset file contents into memory...
[21/04/2026 3:49:37 AM] [Info] Loaded 1681 of 2378 assets...
[21/04/2026 3:49:37 AM] [Info] Read 1686 of 2378 asset file contents into memory...
[21/04/2026 3:49:37 AM] [Info] Loaded 1686 of 2378 assets...
[21/04/2026 3:49:37 AM] [Info] Read 1691 of 2378 asset file contents into memory...
[21/04/2026 3:49:37 AM] [Info] Loaded 1691 of 2378 assets...
[21/04/2026 3:49:37 AM] [Info] Read 1695 of 2378 asset file contents into memory...
[21/04/2026 3:49:37 AM] [Info] Loaded 1695 of 2378 assets...
[21/04/2026 3:49:37 AM] [Info] Read 1700 of 2378 asset file contents into memory...
[21/04/2026 3:49:37 AM] [Info] Loaded 1700 of 2378 assets...
[21/04/2026 3:49:37 AM] [Info] Read 1705 of 2378 asset file contents into memory...
[21/04/2026 3:49:37 AM] [Info] Loaded 1705 of 2378 assets...
[21/04/2026 3:49:37 AM] [Info] Read 1709 of 2378 asset file contents into memory...
[21/04/2026 3:49:37 AM] [Info] Loaded 1709 of 2378 assets...
[21/04/2026 3:49:37 AM] [Info] Read 1714 of 2378 asset file contents into memory...
[21/04/2026 3:49:37 AM] [Info] Loaded 1714 of 2378 assets...
[21/04/2026 3:49:37 AM] [Info] Read 1719 of 2378 asset file contents into memory...
[21/04/2026 3:49:37 AM] [Info] Loaded 1719 of 2378 assets...
[21/04/2026 3:49:37 AM] [Info] Read 1723 of 2378 asset file contents into memory...
[21/04/2026 3:49:37 AM] [Info] Loaded 1723 of 2378 assets...
[21/04/2026 3:49:37 AM] [Info] Read 1728 of 2378 asset file contents into memory...
[21/04/2026 3:49:37 AM] [Info] Loaded 1728 of 2378 assets...
[21/04/2026 3:49:37 AM] [Info] Read 1733 of 2378 asset file contents into memory...
[21/04/2026 3:49:37 AM] [Info] Loaded 1733 of 2378 assets...
[21/04/2026 3:49:37 AM] [Info] Read 1738 of 2378 asset file contents into memory...
[21/04/2026 3:49:37 AM] [Info] Loaded 1738 of 2378 assets...
[21/04/2026 3:49:37 AM] [Info] Read 1743 of 2378 asset file contents into memory...
[21/04/2026 3:49:37 AM] [Info] Loaded 1743 of 2378 assets...
[21/04/2026 3:49:37 AM] [Info] Read 1747 of 2378 asset file contents into memory...
[21/04/2026 3:49:37 AM] [Info] Loaded 1747 of 2378 assets...
[21/04/2026 3:49:37 AM] [Info] Read 1752 of 2378 asset file contents into memory...
[21/04/2026 3:49:37 AM] [Info] Loaded 1752 of 2378 assets...
[21/04/2026 3:49:37 AM] [Info] Read 1760 of 2378 asset file contents into memory...
[21/04/2026 3:49:37 AM] [Info] Loaded 1760 of 2378 assets...
[21/04/2026 3:49:38 AM] [Info] Read 1770 of 2378 asset file contents into memory...
[21/04/2026 3:49:38 AM] [Info] Loaded 1770 of 2378 assets...
[21/04/2026 3:49:38 AM] [Info] Read 1778 of 2378 asset file contents into memory...
[21/04/2026 3:49:38 AM] [Info] Loaded 1778 of 2378 assets...
[21/04/2026 3:49:38 AM] [Info] Read 1788 of 2378 asset file contents into memory...
[21/04/2026 3:49:38 AM] [Info] Loaded 1788 of 2378 assets...
[21/04/2026 3:49:38 AM] [Info] Read 1797 of 2378 asset file contents into memory...
[21/04/2026 3:49:38 AM] [Info] Loaded 1797 of 2378 assets...
[21/04/2026 3:49:38 AM] [Info] Read 1807 of 2378 asset file contents into memory...
[21/04/2026 3:49:38 AM] [Info] Loaded 1807 of 2378 assets...
[21/04/2026 3:49:38 AM] [Info] Read 1816 of 2378 asset file contents into memory...
[21/04/2026 3:49:38 AM] [Info] Loaded 1816 of 2378 assets...
[21/04/2026 3:49:38 AM] [Info] Read 1825 of 2378 asset file contents into memory...
[21/04/2026 3:49:38 AM] [Info] Loaded 1825 of 2378 assets...
[21/04/2026 3:49:38 AM] [Info] Read 1835 of 2378 asset file contents into memory...
[21/04/2026 3:49:38 AM] [Info] Loaded 1835 of 2378 assets...
[21/04/2026 3:49:38 AM] [Info] Read 1844 of 2378 asset file contents into memory...
[21/04/2026 3:49:38 AM] [Info] Loaded 1844 of 2378 assets...
[21/04/2026 3:49:38 AM] [Info] Read 1854 of 2378 asset file contents into memory...
[21/04/2026 3:49:38 AM] [Info] Loaded 1854 of 2378 assets...
[21/04/2026 3:49:38 AM] [Info] Read 1863 of 2378 asset file contents into memory...
[21/04/2026 3:49:38 AM] [Info] Loaded 1863 of 2378 assets...
[21/04/2026 3:49:38 AM] [Info] Read 1872 of 2378 asset file contents into memory...
[21/04/2026 3:49:38 AM] [Info] Loaded 1872 of 2378 assets...
[21/04/2026 3:49:38 AM] [Info] Read 1882 of 2378 asset file contents into memory...
[21/04/2026 3:49:38 AM] [Info] Loaded 1882 of 2378 assets...
[21/04/2026 3:49:38 AM] [Info] Read 1889 of 2378 asset file contents into memory...
[21/04/2026 3:49:38 AM] [Info] Loaded 1889 of 2378 assets...
[21/04/2026 3:49:38 AM] [Info] Read 1894 of 2378 asset file contents into memory...
[21/04/2026 3:49:38 AM] [Info] Loaded 1894 of 2378 assets...
[21/04/2026 3:49:38 AM] [Info] Read 1899 of 2378 asset file contents into memory...
[21/04/2026 3:49:38 AM] [Info] Loaded 1899 of 2378 assets...
[21/04/2026 3:49:38 AM] [Info] Read 1904 of 2378 asset file contents into memory...
[21/04/2026 3:49:38 AM] [Info] Loaded 1904 of 2378 assets...
[21/04/2026 3:49:38 AM] [Info] Read 1909 of 2378 asset file contents into memory...
[21/04/2026 3:49:38 AM] [Info] Loaded 1909 of 2378 assets...
[21/04/2026 3:49:38 AM] [Info] Read 1914 of 2378 asset file contents into memory...
[21/04/2026 3:49:38 AM] [Info] Loaded 1914 of 2378 assets...
[21/04/2026 3:49:38 AM] [Info] Read 1918 of 2378 asset file contents into memory...
[21/04/2026 3:49:38 AM] [Info] Loaded 1918 of 2378 assets...
[21/04/2026 3:49:39 AM] [Info] Read 1923 of 2378 asset file contents into memory...
[21/04/2026 3:49:39 AM] [Info] Loaded 1923 of 2378 assets...
[21/04/2026 3:49:39 AM] [Info] Read 1928 of 2378 asset file contents into memory...
[21/04/2026 3:49:39 AM] [Info] Loaded 1928 of 2378 assets...
[21/04/2026 3:49:39 AM] [Info] Read 1933 of 2378 asset file contents into memory...
[21/04/2026 3:49:39 AM] [Info] Loaded 1933 of 2378 assets...
[21/04/2026 3:49:39 AM] [Info] Read 1938 of 2378 asset file contents into memory...
[21/04/2026 3:49:39 AM] [Info] Loaded 1938 of 2378 assets...
[21/04/2026 3:49:39 AM] [Info] Read 1943 of 2378 asset file contents into memory...
[21/04/2026 3:49:39 AM] [Info] Loaded 1943 of 2378 assets...
[21/04/2026 3:49:39 AM] [Info] Read 1947 of 2378 asset file contents into memory...
[21/04/2026 3:49:39 AM] [Info] Loaded 1947 of 2378 assets...
[21/04/2026 3:49:39 AM] [Info] Read 1952 of 2378 asset file contents into memory...
[21/04/2026 3:49:39 AM] [Info] Loaded 1952 of 2378 assets...
[21/04/2026 3:49:39 AM] [Info] Read 1955 of 2378 asset file contents into memory...
[21/04/2026 3:49:39 AM] [Info] Loaded 1955 of 2378 assets...
[21/04/2026 3:49:39 AM] [Info] Read 1959 of 2378 asset file contents into memory...
[21/04/2026 3:49:39 AM] [Info] Loaded 1959 of 2378 assets...
[21/04/2026 3:49:39 AM] [Info] Read 1963 of 2378 asset file contents into memory...
[21/04/2026 3:49:39 AM] [Info] Loaded 1963 of 2378 assets...
[21/04/2026 3:49:39 AM] [Info] Read 1966 of 2378 asset file contents into memory...
[21/04/2026 3:49:39 AM] [Info] Loaded 1966 of 2378 assets...
[21/04/2026 3:49:39 AM] [Info] Read 1969 of 2378 asset file contents into memory...
[21/04/2026 3:49:39 AM] [Info] Loaded 1969 of 2378 assets...
[21/04/2026 3:49:39 AM] [Info] Read 1973 of 2378 asset file contents into memory...
[21/04/2026 3:49:39 AM] [Info] Loaded 1973 of 2378 assets...
[21/04/2026 3:49:39 AM] [Info] Read 1976 of 2378 asset file contents into memory...
[21/04/2026 3:49:39 AM] [Info] Loaded 1976 of 2378 assets...
[21/04/2026 3:49:39 AM] [Info] Read 1980 of 2378 asset file contents into memory...
[21/04/2026 3:49:39 AM] [Info] Loaded 1980 of 2378 assets...
[21/04/2026 3:49:39 AM] [Info] Read 1984 of 2378 asset file contents into memory...
[21/04/2026 3:49:39 AM] [Info] Loaded 1984 of 2378 assets...
[21/04/2026 3:49:39 AM] [Info] Read 1989 of 2378 asset file contents into memory...
[21/04/2026 3:49:39 AM] [Info] Loaded 1989 of 2378 assets...
[21/04/2026 3:49:39 AM] [Info] Read 1994 of 2378 asset file contents into memory...
[21/04/2026 3:49:39 AM] [Info] Loaded 1994 of 2378 assets...
[21/04/2026 3:49:39 AM] [Info] Read 1998 of 2378 asset file contents into memory...
[21/04/2026 3:49:39 AM] [Info] Loaded 1998 of 2378 assets...
[21/04/2026 3:49:39 AM] [Info] Read 2003 of 2378 asset file contents into memory...
[21/04/2026 3:49:39 AM] [Info] Loaded 2003 of 2378 assets...
[21/04/2026 3:49:40 AM] [Info] Read 2007 of 2378 asset file contents into memory...
[21/04/2026 3:49:40 AM] [Info] Loaded 2007 of 2378 assets...
[21/04/2026 3:49:40 AM] [Info] Read 2012 of 2378 asset file contents into memory...
[21/04/2026 3:49:40 AM] [Info] Loaded 2012 of 2378 assets...
[21/04/2026 3:49:40 AM] [Info] Read 2017 of 2378 asset file contents into memory...
[21/04/2026 3:49:40 AM] [Info] Loaded 2017 of 2378 assets...
[21/04/2026 3:49:40 AM] [Info] Read 2022 of 2378 asset file contents into memory...
[21/04/2026 3:49:40 AM] [Info] Loaded 2022 of 2378 assets...
[21/04/2026 3:49:40 AM] [Info] Read 2026 of 2378 asset file contents into memory...
[21/04/2026 3:49:40 AM] [Info] Loaded 2026 of 2378 assets...
[21/04/2026 3:49:40 AM] [Info] Read 2031 of 2378 asset file contents into memory...
[21/04/2026 3:49:40 AM] [Info] Loaded 2031 of 2378 assets...
[21/04/2026 3:49:40 AM] [Info] Read 2036 of 2378 asset file contents into memory...
[21/04/2026 3:49:40 AM] [Info] Loaded 2036 of 2378 assets...
[21/04/2026 3:49:40 AM] [Info] Read 2039 of 2378 asset file contents into memory...
[21/04/2026 3:49:40 AM] [Info] Loaded 2039 of 2378 assets...
[21/04/2026 3:49:40 AM] [Info] Read 2044 of 2378 asset file contents into memory...
[21/04/2026 3:49:40 AM] [Info] Loaded 2044 of 2378 assets...
[21/04/2026 3:49:40 AM] [Info] Read 2048 of 2378 asset file contents into memory...
[21/04/2026 3:49:40 AM] [Info] Loaded 2048 of 2378 assets...
[21/04/2026 3:49:40 AM] [Info] Read 2053 of 2378 asset file contents into memory...
[21/04/2026 3:49:40 AM] [Info] Loaded 2053 of 2378 assets...
[21/04/2026 3:49:40 AM] [Info] Read 2057 of 2378 asset file contents into memory...
[21/04/2026 3:49:40 AM] [Info] Loaded 2057 of 2378 assets...
[21/04/2026 3:49:40 AM] [Info] Read 2061 of 2378 asset file contents into memory...
[21/04/2026 3:49:40 AM] [Info] Loaded 2061 of 2378 assets...
[21/04/2026 3:49:40 AM] [Info] Read 2066 of 2378 asset file contents into memory...
[21/04/2026 3:49:40 AM] [Info] Loaded 2066 of 2378 assets...
[21/04/2026 3:49:40 AM] [Info] Read 2070 of 2378 asset file contents into memory...
[21/04/2026 3:49:40 AM] [Info] Loaded 2070 of 2378 assets...
[21/04/2026 3:49:40 AM] [Info] Read 2074 of 2378 asset file contents into memory...
[21/04/2026 3:49:40 AM] [Info] Loaded 2074 of 2378 assets...
[21/04/2026 3:49:40 AM] [Info] Read 2079 of 2378 asset file contents into memory...
[21/04/2026 3:49:40 AM] [Info] Loaded 2079 of 2378 assets...
[21/04/2026 3:49:40 AM] [Info] Read 2083 of 2378 asset file contents into memory...
[21/04/2026 3:49:40 AM] [Info] Loaded 2083 of 2378 assets...
[21/04/2026 3:49:40 AM] [Info] Read 2088 of 2378 asset file contents into memory...
[21/04/2026 3:49:40 AM] [Info] Loaded 2088 of 2378 assets...
[21/04/2026 3:49:40 AM] [Info] Read 2092 of 2378 asset file contents into memory...
[21/04/2026 3:49:40 AM] [Info] Loaded 2092 of 2378 assets...
[21/04/2026 3:49:41 AM] [Info] Read 2097 of 2378 asset file contents into memory...
[21/04/2026 3:49:41 AM] [Info] Loaded 2097 of 2378 assets...
[21/04/2026 3:49:41 AM] [Info] Read 2101 of 2378 asset file contents into memory...
[21/04/2026 3:49:41 AM] [Info] Loaded 2101 of 2378 assets...
[21/04/2026 3:49:41 AM] [Info] Read 2106 of 2378 asset file contents into memory...
[21/04/2026 3:49:41 AM] [Info] Loaded 2106 of 2378 assets...
[21/04/2026 3:49:41 AM] [Info] Read 2111 of 2378 asset file contents into memory...
[21/04/2026 3:49:41 AM] [Info] Loaded 2111 of 2378 assets...
[21/04/2026 3:49:41 AM] [Info] Read 2115 of 2378 asset file contents into memory...
[21/04/2026 3:49:41 AM] [Info] Loaded 2115 of 2378 assets...
[21/04/2026 3:49:41 AM] [Info] Read 2120 of 2378 asset file contents into memory...
[21/04/2026 3:49:41 AM] [Info] Loaded 2120 of 2378 assets...
[21/04/2026 3:49:41 AM] [Info] Read 2123 of 2378 asset file contents into memory...
[21/04/2026 3:49:41 AM] [Info] Loaded 2123 of 2378 assets...
[21/04/2026 3:49:41 AM] [Info] Read 2127 of 2378 asset file contents into memory...
[21/04/2026 3:49:41 AM] [Info] Loaded 2127 of 2378 assets...
[21/04/2026 3:49:41 AM] [Info] Read 2130 of 2378 asset file contents into memory...
[21/04/2026 3:49:41 AM] [Info] Loaded 2130 of 2378 assets...
[21/04/2026 3:49:41 AM] [Info] Read 2134 of 2378 asset file contents into memory...
[21/04/2026 3:49:41 AM] [Info] Loaded 2134 of 2378 assets...
[21/04/2026 3:49:41 AM] [Info] Read 2138 of 2378 asset file contents into memory...
[21/04/2026 3:49:41 AM] [Info] Loaded 2138 of 2378 assets...
[21/04/2026 3:49:41 AM] [Info] Read 2142 of 2378 asset file contents into memory...
[21/04/2026 3:49:41 AM] [Info] Loaded 2142 of 2378 assets...
[21/04/2026 3:49:41 AM] [Info] Read 2146 of 2378 asset file contents into memory...
[21/04/2026 3:49:41 AM] [Info] Loaded 2146 of 2378 assets...
[21/04/2026 3:49:41 AM] [Info] Read 2149 of 2378 asset file contents into memory...
[21/04/2026 3:49:41 AM] [Info] Loaded 2149 of 2378 assets...
[21/04/2026 3:49:41 AM] [Info] Read 2153 of 2378 asset file contents into memory...
[21/04/2026 3:49:41 AM] [Info] Loaded 2153 of 2378 assets...
[21/04/2026 3:49:41 AM] [Info] Read 2157 of 2378 asset file contents into memory...
[21/04/2026 3:49:41 AM] [Info] Loaded 2157 of 2378 assets...
[21/04/2026 3:49:41 AM] [Info] Read 2161 of 2378 asset file contents into memory...
[21/04/2026 3:49:41 AM] [Info] Loaded 2161 of 2378 assets...
[21/04/2026 3:49:41 AM] [Info] Read 2164 of 2378 asset file contents into memory...
[21/04/2026 3:49:41 AM] [Info] Loaded 2164 of 2378 assets...
[21/04/2026 3:49:41 AM] [Info] Read 2168 of 2378 asset file contents into memory...
[21/04/2026 3:49:41 AM] [Info] Loaded 2168 of 2378 assets...
[21/04/2026 3:49:41 AM] [Info] Read 2172 of 2378 asset file contents into memory...
[21/04/2026 3:49:41 AM] [Info] Loaded 2172 of 2378 assets...
[21/04/2026 3:49:42 AM] [Info] Read 2175 of 2378 asset file contents into memory...
[21/04/2026 3:49:42 AM] [Info] Loaded 2175 of 2378 assets...
[21/04/2026 3:49:42 AM] [Info] Read 2179 of 2378 asset file contents into memory...
[21/04/2026 3:49:42 AM] [Info] Loaded 2179 of 2378 assets...
[21/04/2026 3:49:42 AM] [Info] Read 2182 of 2378 asset file contents into memory...
[21/04/2026 3:49:42 AM] [Info] Loaded 2182 of 2378 assets...
[21/04/2026 3:49:42 AM] [Info] Read 2186 of 2378 asset file contents into memory...
[21/04/2026 3:49:42 AM] [Info] Loaded 2186 of 2378 assets...
[21/04/2026 3:49:42 AM] [Info] Read 2190 of 2378 asset file contents into memory...
[21/04/2026 3:49:42 AM] [Info] Loaded 2190 of 2378 assets...
[21/04/2026 3:49:42 AM] [Info] Read 2195 of 2378 asset file contents into memory...
[21/04/2026 3:49:42 AM] [Info] Loaded 2195 of 2378 assets...
[21/04/2026 3:49:42 AM] [Info] Read 2200 of 2378 asset file contents into memory...
[21/04/2026 3:49:42 AM] [Info] Loaded 2200 of 2378 assets...
[21/04/2026 3:49:42 AM] [Info] Read 2204 of 2378 asset file contents into memory...
[21/04/2026 3:49:42 AM] [Info] Loaded 2204 of 2378 assets...
[21/04/2026 3:49:42 AM] [Info] Read 2209 of 2378 asset file contents into memory...
[21/04/2026 3:49:42 AM] [Info] Loaded 2209 of 2378 assets...
[21/04/2026 3:49:42 AM] [Info] Read 2214 of 2378 asset file contents into memory...
[21/04/2026 3:49:42 AM] [Info] Loaded 2214 of 2378 assets...
[21/04/2026 3:49:42 AM] [Info] Read 2218 of 2378 asset file contents into memory...
[21/04/2026 3:49:42 AM] [Info] Loaded 2218 of 2378 assets...
[21/04/2026 3:49:42 AM] [Info] Read 2223 of 2378 asset file contents into memory...
[21/04/2026 3:49:42 AM] [Info] Loaded 2223 of 2378 assets...
[21/04/2026 3:49:42 AM] [Info] Read 2228 of 2378 asset file contents into memory...
[21/04/2026 3:49:42 AM] [Info] Loaded 2228 of 2378 assets...
[21/04/2026 3:49:42 AM] [Info] Read 2232 of 2378 asset file contents into memory...
[21/04/2026 3:49:42 AM] [Info] Loaded 2232 of 2378 assets...
[21/04/2026 3:49:42 AM] [Info] Read 2237 of 2378 asset file contents into memory...
[21/04/2026 3:49:42 AM] [Info] Loaded 2237 of 2378 assets...
[21/04/2026 3:49:42 AM] [Info] Read 2242 of 2378 asset file contents into memory...
[21/04/2026 3:49:42 AM] [Info] Loaded 2242 of 2378 assets...
[21/04/2026 3:49:42 AM] [Info] Read 2247 of 2378 asset file contents into memory...
[21/04/2026 3:49:42 AM] [Info] Loaded 2247 of 2378 assets...
[21/04/2026 3:49:42 AM] [Info] Read 2251 of 2378 asset file contents into memory...
[21/04/2026 3:49:42 AM] [Info] Loaded 2251 of 2378 assets...
[21/04/2026 3:49:43 AM] [Info] Read 2256 of 2378 asset file contents into memory...
[21/04/2026 3:49:43 AM] [Info] Loaded 2256 of 2378 assets...
[21/04/2026 3:49:43 AM] [Info] Read 2261 of 2378 asset file contents into memory...
[21/04/2026 3:49:43 AM] [Info] Loaded 2261 of 2378 assets...
[21/04/2026 3:49:43 AM] [Info] Read 2265 of 2378 asset file contents into memory...
[21/04/2026 3:49:43 AM] [Info] Loaded 2265 of 2378 assets...
[21/04/2026 3:49:43 AM] [Info] Read 2270 of 2378 asset file contents into memory...
[21/04/2026 3:49:43 AM] [Info] Loaded 2270 of 2378 assets...
[21/04/2026 3:49:43 AM] [Info] Read 2274 of 2378 asset file contents into memory...
[21/04/2026 3:49:43 AM] [Info] Loaded 2274 of 2378 assets...
[21/04/2026 3:49:43 AM] [Info] Read 2279 of 2378 asset file contents into memory...
[21/04/2026 3:49:43 AM] [Info] Loaded 2279 of 2378 assets...
[21/04/2026 3:49:43 AM] [Info] Read 2284 of 2378 asset file contents into memory...
[21/04/2026 3:49:43 AM] [Info] Loaded 2284 of 2378 assets...
[21/04/2026 3:49:43 AM] [Info] Read 2288 of 2378 asset file contents into memory...
[21/04/2026 3:49:43 AM] [Info] Loaded 2288 of 2378 assets...
[21/04/2026 3:49:43 AM] [Info] Read 2293 of 2378 asset file contents into memory...
[21/04/2026 3:49:43 AM] [Info] Loaded 2293 of 2378 assets...
[21/04/2026 3:49:43 AM] [Info] Read 2297 of 2378 asset file contents into memory...
[21/04/2026 3:49:43 AM] [Info] Loaded 2297 of 2378 assets...
[21/04/2026 3:49:43 AM] [Info] Read 2302 of 2378 asset file contents into memory...
[21/04/2026 3:49:43 AM] [Info] Loaded 2302 of 2378 assets...
[21/04/2026 3:49:43 AM] [Info] Read 2307 of 2378 asset file contents into memory...
[21/04/2026 3:49:43 AM] [Info] Loaded 2307 of 2378 assets...
[21/04/2026 3:49:43 AM] [Info] Read 2311 of 2378 asset file contents into memory...
[21/04/2026 3:49:43 AM] [Info] Loaded 2311 of 2378 assets...
[21/04/2026 3:49:43 AM] [Info] Read 2314 of 2378 asset file contents into memory...
[21/04/2026 3:49:43 AM] [Info] Loaded 2314 of 2378 assets...
[21/04/2026 3:49:43 AM] [Info] Read 2319 of 2378 asset file contents into memory...
[21/04/2026 3:49:43 AM] [Info] Loaded 2319 of 2378 assets...
[21/04/2026 3:49:43 AM] [Info] Read 2324 of 2378 asset file contents into memory...
[21/04/2026 3:49:43 AM] [Info] Loaded 2324 of 2378 assets...
[21/04/2026 3:49:43 AM] [Info] Read 2329 of 2378 asset file contents into memory...
[21/04/2026 3:49:43 AM] [Info] Loaded 2329 of 2378 assets...
[21/04/2026 3:49:43 AM] [Info] Read 2334 of 2378 asset file contents into memory...
[21/04/2026 3:49:43 AM] [Info] Loaded 2334 of 2378 assets...
[21/04/2026 3:49:43 AM] [Info] Read 2338 of 2378 asset file contents into memory...
[21/04/2026 3:49:43 AM] [Info] Loaded 2338 of 2378 assets...
[21/04/2026 3:49:43 AM] [Info] Read 2343 of 2378 asset file contents into memory...
[21/04/2026 3:49:43 AM] [Info] Loaded 2343 of 2378 assets...
[21/04/2026 3:49:44 AM] [Info] Read 2348 of 2378 asset file contents into memory...
[21/04/2026 3:49:44 AM] [Info] Loaded 2348 of 2378 assets...
[21/04/2026 3:49:44 AM] [Info] Read 2353 of 2378 asset file contents into memory...
[21/04/2026 3:49:44 AM] [Info] Loaded 2353 of 2378 assets...
[21/04/2026 3:49:44 AM] [Info] Read 2358 of 2378 asset file contents into memory...
[21/04/2026 3:49:44 AM] [Info] Loaded 2358 of 2378 assets...
[21/04/2026 3:49:44 AM] [Info] Read 2362 of 2378 asset file contents into memory...
[21/04/2026 3:49:44 AM] [Info] Loaded 2362 of 2378 assets...
[21/04/2026 3:49:44 AM] [Info] Read 2367 of 2378 asset file contents into memory...
[21/04/2026 3:49:44 AM] [Info] Loaded 2367 of 2378 assets...
[21/04/2026 3:49:44 AM] [Info] Read 2372 of 2378 asset file contents into memory...
[21/04/2026 3:49:44 AM] [Info] Loaded 2372 of 2378 assets...
[21/04/2026 3:49:44 AM] [Info] Read 2377 of 2378 asset file contents into memory...
[21/04/2026 3:49:44 AM] [Info] Loaded 2377 of 2378 assets...
[21/04/2026 3:49:44 AM] [Info] Read 2378 of 2378 asset file contents into memory...
[21/04/2026 3:49:44 AM] [Info] Loaded 2378 of 2378 assets...
[21/04/2026 3:49:44 AM] [Info] Level overrides config Animals.Max_Instances_Medium: 256
[21/04/2026 3:49:44 AM] [Info] Skipping level config override Items.Quality_Full_Chance because it's overridden in server config
[21/04/2026 3:49:44 AM] [Info] Level overrides config Barricades.Allow_Item_Placement_On_Vehicle: False
[21/04/2026 3:49:44 AM] [Info] Level overrides config Barricades.Allow_Trap_Placement_On_Vehicle: False
[21/04/2026 3:49:44 AM] [Info] Level overrides config Barricades.Gun_Lowcal_Damage_Multiplier: 1
[21/04/2026 3:49:44 AM] [Info] Level overrides config Barricades.Gun_Highcal_Damage_Multiplier: 1
[21/04/2026 3:49:44 AM] [Info] Level overrides config Barricades.Armor_Lowtier_Multiplier: 1
[21/04/2026 3:49:44 AM] [Info] Level overrides config Barricades.Armor_Hightier_Multiplier: 1
[21/04/2026 3:49:44 AM] [Info] Level overrides config Structures.Gun_Lowcal_Damage_Multiplier: 1
[21/04/2026 3:49:44 AM] [Info] Level overrides config Structures.Gun_Highcal_Damage_Multiplier: 1
[21/04/2026 3:49:44 AM] [Info] Level overrides config Structures.Armor_Lowtier_Multiplier: 1
[21/04/2026 3:49:44 AM] [Info] Level overrides config Structures.Armor_Hightier_Multiplier: 1
[21/04/2026 3:49:44 AM] [Info] Level overrides config Structures.Melee_Damage_Multiplier: 1
[21/04/2026 3:49:44 AM] [Info] Level overrides config Structures.Melee_Repair_Multiplier: 1
[21/04/2026 3:49:44 AM] [Info] Level overrides config Events.Airdrop_Speed: 96
[21/04/2026 3:49:44 AM] [Info] Level overrides config Events.Airdrop_Force: 8.55
[21/04/2026 3:49:44 AM] [Info] Skipping level config override Vehicles.Gun_Lowcal_Damage_Multiplier because it's overridden in server config
[21/04/2026 3:49:44 AM] [Info] Skipping level config override Vehicles.Melee_Damage_Multiplier because it's overridden in server config
[21/04/2026 3:49:44 AM] [Info] Level overrides config Vehicles.Min_Battery_Charge: 1
[21/04/2026 3:49:44 AM] [Info] Level overrides config Vehicles.Max_Battery_Charge: 1
[21/04/2026 3:49:44 AM] [Info] Level overrides config Vehicles.Has_Battery_Chance: 1
[21/04/2026 3:49:45 AM] [Info] Level overrides config Vehicles.Max_Instances_Medium: 48
[21/04/2026 3:49:45 AM] [Info] Skipping level config override Vehicles.Armor_Multiplier because it's overridden in server config
[21/04/2026 3:49:45 AM] [Info] Skipping level config override Players.Experience_Multiplier because it's overridden in server config
[21/04/2026 3:49:45 AM] [Info] Skipping level config override Players.Lose_Skills_PvP because it's overridden in server config
[21/04/2026 3:49:45 AM] [Info] Skipping level config override Players.Lose_Skills_PvE because it's overridden in server config
[21/04/2026 3:49:45 AM] [Info] Skipping level config override Players.Lose_Experience_PvP because it's overridden in server config
[21/04/2026 3:49:45 AM] [Info] Level overrides config Players.Lose_Experience_PvE: 1
[21/04/2026 3:49:45 AM] [Info] Skipping level config override Players.Lose_Skill_Levels_PvP because it's overridden in server config
[21/04/2026 3:49:45 AM] [Info] Skipping level config override Players.Lose_Skill_Levels_PvE because it's overridden in server config
[21/04/2026 3:49:45 AM] [Info] Skipping level config override Players.Virus_Infect because it's overridden in server config
[21/04/2026 3:49:45 AM] [Info] Level overrides config Players.Can_Break_Legs: False
[21/04/2026 3:49:45 AM] [Info] Skipping level config override Zombies.Armor_Multiplier because it's overridden in server config
[21/04/2026 3:49:45 AM] [Info] Level overrides config Zombies.Full_Moon_Experience_Multiplier: 2
[21/04/2026 3:49:45 AM] [Info] Skipping level config override Zombies.Spawn_Chance because it's overridden in server config
[21/04/2026 3:49:45 AM] [Info] Level overrides config Zombies.Min_Mega_Drops: 1
[21/04/2026 3:49:45 AM] [Info] Level overrides config Zombies.Max_Mega_Drops: 1
[21/04/2026 3:49:45 AM] [Info] Level overrides config Zombies.Min_Boss_Drops: 1
[21/04/2026 3:49:45 AM] [Info] Level overrides config Zombies.Max_Boss_Drops: 1
[21/04/2026 3:49:45 AM] [Info] Skipping level config override Zombies.Loot_Chance because it's overridden in server config
[21/04/2026 3:49:45 AM] [Info] Skipping level config override Gameplay.Chart because it's overridden in server config
[21/04/2026 3:49:45 AM] [Info] Monitoring workshop map "A6 Polaris" (2898548949) for changes
[21/04/2026 3:49:45 AM] [Info] Loading level: 5%
[21/04/2026 3:49:47 AM] [Info] Loading level: 10%
[21/04/2026 3:49:47 AM] [Info] Loading level: 15%
[21/04/2026 3:49:47 AM] [Info] Loading level: 21%
[21/04/2026 3:49:47 AM] [Info] Loading level: 26%
[21/04/2026 3:49:47 AM] [Info] Loading level: 31%
[21/04/2026 3:49:47 AM] [Info] Loading level: 36%
[21/04/2026 3:49:47 AM] [Info] Loading level: 42%
[21/04/2026 3:49:47 AM] [Info] Loading level: 47%
[21/04/2026 3:49:47 AM] [Info] Loading level: 52%
[21/04/2026 3:49:47 AM] [Info] Loading level: 57%
[21/04/2026 3:49:47 AM] [Info] Loading level: 63%
[21/04/2026 3:49:50 AM] [Info] Loading level: 68%
[21/04/2026 3:49:50 AM] [Info] Loading level: 73%
[21/04/2026 3:49:50 AM] [Info] Loading level: 89%
[21/04/2026 3:49:50 AM] [Info] Loading level: 94%
[21/04/2026 3:49:50 AM] [Info] //////////////////////////////////////////////////////
[21/04/2026 3:49:50 AM] [Info] Server Code: 85568392936196484
[21/04/2026 3:49:50 AM] [Info] Your friends can enter this code in the Connect Directly menu to join without port forwarding.
[21/04/2026 3:49:50 AM] [Info] Tip: Use the "CopyServerCode" command to copy the code to your clipboard. Alternatively, in most terminals you can highlight it and press Ctrl+Insert to copy.
[21/04/2026 3:49:50 AM] [Info] //////////////////////////////////////////////////////
[21/04/2026 3:49:51 AM] [Info] Loading level: 100%
[21/04/2026 3:50:41 AM] [Info] Handling SIGINT or SIGBREAK by requesting a graceful shutdown
[21/04/2026 3:50:41 AM] [Info] MoreHomes >> 8 player homes data has been saved!
