[17/04/2026 5:07:56 PM] [Info] [registered] /more (Rocket.Unturned.Commands.CommandMore/more)
[17/04/2026 5:07:57 PM] [Info] [registered] /admin (Rocket.Unturned.Commands.CommandAdmin/admin)
[17/04/2026 5:07:57 PM] [Info] [registered] /broadcast (Rocket.Unturned.Commands.CommandBroadcast/broadcast)
[17/04/2026 5:07:57 PM] [Info] [registered] /compass (Rocket.Unturned.Commands.CommandCompass/compass)
[17/04/2026 5:07:57 PM] [Info] [registered] /effect (Rocket.Unturned.Commands.CommandEffect/effect)
[17/04/2026 5:07:57 PM] [Info] [registered] /exit (Rocket.Unturned.Commands.CommandExit/exit)
[17/04/2026 5:07:57 PM] [Info] [registered] /god (Rocket.Unturned.Commands.CommandGod/god)
[17/04/2026 5:07:57 PM] [Info] [registered] /heal (Rocket.Unturned.Commands.CommandHeal/heal)
[17/04/2026 5:07:57 PM] [Info] [registered] /help (Rocket.Unturned.Commands.CommandHelp/help)
[17/04/2026 5:07:57 PM] [Info] [registered] /i (Rocket.Unturned.Commands.CommandI/i)
[17/04/2026 5:07:57 PM] [Info] [registered] /item (Rocket.Unturned.Commands.CommandI/item)
[17/04/2026 5:07:57 PM] [Info] [registered] /investigate (Rocket.Unturned.Commands.CommandInvestigate/investigate)
[17/04/2026 5:07:57 PM] [Info] [registered] /p (Rocket.Unturned.Commands.CommandP/p)
[17/04/2026 5:07:57 PM] [Info] [registered] /permissions (Rocket.Unturned.Commands.CommandP/permissions)
[17/04/2026 5:07:57 PM] [Info] [registered] /rocket (Rocket.Unturned.Commands.CommandRocket/rocket)
[17/04/2026 5:07:57 PM] [Info] [registered] /tp (Rocket.Unturned.Commands.CommandTp/tp)
[17/04/2026 5:07:57 PM] [Info] [registered] /tphere (Rocket.Unturned.Commands.CommandTphere/tphere)
[17/04/2026 5:07:57 PM] [Info] [registered] /unadmin (Rocket.Unturned.Commands.CommandUnadmin/unadmin)
[17/04/2026 5:07:57 PM] [Info] [registered] /v (Rocket.Unturned.Commands.CommandV/v)
[17/04/2026 5:07:57 PM] [Info] [registered] /vanish (Rocket.Unturned.Commands.CommandVanish/vanish)
[17/04/2026 5:07:57 PM] [Info] Loading MoreHomes from E:\SteamLibrary\steamapps\common\U3DS\Servers\New Era Polaris\Rocket\Plugins\MoreHomes.dll
[17/04/2026 5:07:57 PM] [Info] Loading Teleportation from E:\SteamLibrary\steamapps\common\U3DS\Servers\New Era Polaris\Rocket\Plugins\Teleportation.dll
[17/04/2026 5:07:58 PM] [Error] mscorlib >> Caught exception resolving dependency: 0Harmony -> Exception in DoAssemblyResolve: System.ArgumentNullException: Value cannot be null.
Parameter name: v1
  at System.Version.op_LessThanOrEqual (System.Version v1, System.Version v2) [0x00003] in <1071a2cb0cb3433aae80a793c277a048>:0 
  at System.Version.op_GreaterThanOrEqual (System.Version v1, System.Version v2) [0x00000] in <1071a2cb0cb3433aae80a793c277a048>:0 
  at Rocket.Core.Plugins.RocketPluginManager+<>c__DisplayClass12_0.<Awake>b__1 (System.Collections.Generic.KeyValuePair`2[TKey,TValue] lib) [0x00035] in <59a13feb721848c8b0cd173f6d0e820b>:0 
  at System.Linq.Enumerable.TryGetFirst[TSource] (System.Collections.Generic.IEnumerable`1[T] source, System.Func`2[T,TResult] predicate, System.Boolean& found) [0x0003f] in <ea489521390f48908a7ce45cb17a6848>:0 
  at System.Linq.Enumerable.FirstOrDefault[TSource] (System.Collections.Generic.IEnumerable`1[T] source, System.Func`2[T,TResult] predicate) [0x00000] in <ea489521390f48908a7ce45cb17a6848>:0 
  at Rocket.Core.Plugins.RocketPluginManager.<Awake>b__12_0 (System.Object sender, System.ResolveEventArgs args) [0x00017] in <59a13feb721848c8b0cd173f6d0e820b>:0 
[17/04/2026 5:07:58 PM] [Error] Could not find dependency: 0Harmony
[17/04/2026 5:07:58 PM] [Info] 
[loading] MoreHomes
[17/04/2026 5:07:58 PM] [Info] [registered] /home (RestoreMonarchy.MoreHomes.Commands.HomeCommand/home)
[17/04/2026 5:07:58 PM] [Info] [registered] /homes (RestoreMonarchy.MoreHomes.Commands.HomesCommand/homes)
[17/04/2026 5:07:58 PM] [Info] [registered] /destroyhome (RestoreMonarchy.MoreHomes.Commands.DestroyHomeCommand/destroyhome)
[17/04/2026 5:07:58 PM] [Info] [registered] /renamehome (RestoreMonarchy.MoreHomes.Commands.RenameHomeCommand/renamehome)
[17/04/2026 5:07:58 PM] [Info] [registered] /restorehomes (RestoreMonarchy.MoreHomes.Commands.RestoreHomesCommand/restorehomes)
[17/04/2026 5:07:58 PM] [Info] MoreHomes >> MoreHomes 1.7.2.0 has been loaded!
[17/04/2026 5:07:58 PM] [Info] MoreHomes >> Brought to you by RestoreMonarchy.com
[17/04/2026 5:07:58 PM] [Error] mscorlib >> Caught exception resolving dependency: Steamworks.NET -> Exception in DoAssemblyResolve: System.ArgumentNullException: Value cannot be null.
Parameter name: v1
  at System.Version.op_LessThanOrEqual (System.Version v1, System.Version v2) [0x00003] in <1071a2cb0cb3433aae80a793c277a048>:0 
  at System.Version.op_GreaterThanOrEqual (System.Version v1, System.Version v2) [0x00000] in <1071a2cb0cb3433aae80a793c277a048>:0 
  at Rocket.Core.Plugins.RocketPluginManager+<>c__DisplayClass12_0.<Awake>b__1 (System.Collections.Generic.KeyValuePair`2[TKey,TValue] lib) [0x00035] in <59a13feb721848c8b0cd173f6d0e820b>:0 
  at System.Linq.Enumerable.TryGetFirst[TSource] (System.Collections.Generic.IEnumerable`1[T] source, System.Func`2[T,TResult] predicate, System.Boolean& found) [0x0003f] in <ea489521390f48908a7ce45cb17a6848>:0 
  at System.Linq.Enumerable.FirstOrDefault[TSource] (System.Collections.Generic.IEnumerable`1[T] source, System.Func`2[T,TResult] predicate) [0x00000] in <ea489521390f48908a7ce45cb17a6848>:0 
  at Rocket.Core.Plugins.RocketPluginManager.<Awake>b__12_0 (System.Object sender, System.ResolveEventArgs args) [0x00017] in <59a13feb721848c8b0cd173f6d0e820b>:0 
[17/04/2026 5:07:58 PM] [Error] Could not find dependency: Steamworks.NET
[17/04/2026 5:07:58 PM] [Info] 
[loading] Teleportation
[17/04/2026 5:07:58 PM] [Info] [registered] /tpa (RestoreMonarchy.Teleportation.Commands.TPACommand/tpa)
[17/04/2026 5:07:58 PM] [Info] Teleportation >> Teleportation 1.6.0.0 has been loaded!
[17/04/2026 5:07:58 PM] [Info] This server will automatically save every 1800 seconds
[17/04/2026 5:07:58 PM] [Info] Steam servers ready!
[17/04/2026 5:07:58 PM] [Info] Workshop install folder: E:\SteamLibrary\steamapps\common\U3DS/Servers/New Era Polaris/Workshop/Steam
[17/04/2026 5:07:58 PM] [Info] 1 workshop item(s) requested
[17/04/2026 5:07:58 PM] [Info] Submitting workshop query for 1 item(s)...
[17/04/2026 5:07:58 PM] [Info] Workshop query yielded 1 result(s)
[17/04/2026 5:09:13 PM] [Info] This server's allowed IP for Workshop downloads: [redacted]
[17/04/2026 5:09:13 PM] [Info] 2898548949 'A6 Polaris' queued for download
[17/04/2026 5:09:13 PM] [Info] 1 workshop item(s) to download...
[17/04/2026 5:09:13 PM] [Info] Downloading workshop item: 2898548949
[17/04/2026 5:09:13 PM] [Info] Successfully downloaded workshop item: 2898548949
[17/04/2026 5:09:13 PM] [Info] Installing workshop item: 2898548949
[17/04/2026 5:09:13 PM] [Info] Installed workshop item: 2898548949
[17/04/2026 5:09:13 PM] [Info] Searched 0 of 1 locations and found 308 asset files...
[17/04/2026 5:09:13 PM] [Info] Read 0 of 308 asset file contents into memory...
[17/04/2026 5:09:13 PM] [Info] Loaded 0 of 308 assets...
[17/04/2026 5:09:13 PM] [Info] Searched 0 of 1 locations and found 684 asset files...
[17/04/2026 5:09:13 PM] [Info] Read 0 of 684 asset file contents into memory...
[17/04/2026 5:09:13 PM] [Info] Loaded 0 of 684 assets...
[17/04/2026 5:09:13 PM] [Info] Searched 0 of 1 locations and found 953 asset files...
[17/04/2026 5:09:13 PM] [Info] Read 0 of 953 asset file contents into memory...
[17/04/2026 5:09:13 PM] [Info] Loaded 0 of 953 assets...
[17/04/2026 5:09:13 PM] [Info] Loaded 0 of 1 asset bundles...
[17/04/2026 5:09:13 PM] [Info] Searched 0 of 1 locations and found 1262 asset files...
[17/04/2026 5:09:13 PM] [Info] Read 119 of 1262 asset file contents into memory...
[17/04/2026 5:09:13 PM] [Info] Loaded 0 of 1262 assets...
[17/04/2026 5:09:13 PM] [Info] Searched 0 of 1 locations and found 1517 asset files...
[17/04/2026 5:09:13 PM] [Info] Read 225 of 1517 asset file contents into memory...
[17/04/2026 5:09:13 PM] [Info] Loaded 0 of 1517 assets...
[17/04/2026 5:09:13 PM] [Info] Searched 0 of 1 locations and found 1788 asset files...
[17/04/2026 5:09:13 PM] [Info] Read 319 of 1788 asset file contents into memory...
[17/04/2026 5:09:13 PM] [Info] Loaded 0 of 1788 assets...
[17/04/2026 5:09:13 PM] [Info] Searched 0 of 1 locations and found 2109 asset files...
[17/04/2026 5:09:13 PM] [Info] Read 421 of 2109 asset file contents into memory...
[17/04/2026 5:09:13 PM] [Info] Loaded 0 of 2109 assets...
[17/04/2026 5:09:14 PM] [Info] Searched 1 of 1 locations and found 2378 asset files...
[17/04/2026 5:09:14 PM] [Info] Read 519 of 2378 asset file contents into memory...
[17/04/2026 5:09:14 PM] [Info] Loaded 0 of 2378 assets...
[17/04/2026 5:09:14 PM] [Info] Read 630 of 2378 asset file contents into memory...
[17/04/2026 5:09:14 PM] [Info] Read 725 of 2378 asset file contents into memory...
[17/04/2026 5:09:14 PM] [Info] Read 831 of 2378 asset file contents into memory...
[17/04/2026 5:09:14 PM] [Info] Read 923 of 2378 asset file contents into memory...
[17/04/2026 5:09:14 PM] [Info] Read 1032 of 2378 asset file contents into memory...
[17/04/2026 5:09:14 PM] [Info] Read 1157 of 2378 asset file contents into memory...
[17/04/2026 5:09:14 PM] [Info] Read 1276 of 2378 asset file contents into memory...
[17/04/2026 5:09:14 PM] [Info] Read 1400 of 2378 asset file contents into memory...
[17/04/2026 5:09:14 PM] [Info] Read 1513 of 2378 asset file contents into memory...
[17/04/2026 5:09:14 PM] [Info] Read 1623 of 2378 asset file contents into memory...
[17/04/2026 5:09:14 PM] [Info] Read 1735 of 2378 asset file contents into memory...
[17/04/2026 5:09:14 PM] [Info] Read 1906 of 2378 asset file contents into memory...
[17/04/2026 5:09:14 PM] [Info] Read 2012 of 2378 asset file contents into memory...
[17/04/2026 5:09:14 PM] [Info] Read 2112 of 2378 asset file contents into memory...
[17/04/2026 5:09:14 PM] [Info] Read 2219 of 2378 asset file contents into memory...
[17/04/2026 5:09:14 PM] [Info] Read 2321 of 2378 asset file contents into memory...
[17/04/2026 5:09:14 PM] [Info] Read 2378 of 2378 asset file contents into memory...
[17/04/2026 5:09:15 PM] [Info] Loaded 1 of 1 asset bundles...
[17/04/2026 5:09:15 PM] [Info] Loaded 3 of 2378 assets...
[17/04/2026 5:09:15 PM] [Info] Loaded 8 of 2378 assets...
[17/04/2026 5:09:15 PM] [Info] Loaded 55 of 2378 assets...
[17/04/2026 5:09:15 PM] [Info] Loaded 90 of 2378 assets...
[17/04/2026 5:09:15 PM] [Info] Loaded 232 of 2378 assets...
[17/04/2026 5:09:15 PM] [Info] Loaded 285 of 2378 assets...
[17/04/2026 5:09:15 PM] [Info] Loaded 321 of 2378 assets...
[17/04/2026 5:09:15 PM] [Info] Loaded 351 of 2378 assets...
[17/04/2026 5:09:15 PM] [Info] Loaded 385 of 2378 assets...
[17/04/2026 5:09:15 PM] [Info] Loaded 452 of 2378 assets...
[17/04/2026 5:09:15 PM] [Info] Loaded 547 of 2378 assets...
[17/04/2026 5:09:15 PM] [Info] Loaded 676 of 2378 assets...
[17/04/2026 5:09:15 PM] [Info] Loaded 721 of 2378 assets...
[17/04/2026 5:09:15 PM] [Info] Loaded 757 of 2378 assets...
[17/04/2026 5:09:15 PM] [Info] Loaded 790 of 2378 assets...
[17/04/2026 5:09:15 PM] [Info] Loaded 815 of 2378 assets...
[17/04/2026 5:09:15 PM] [Info] Loaded 828 of 2378 assets...
[17/04/2026 5:09:16 PM] [Info] Loaded 843 of 2378 assets...
[17/04/2026 5:09:16 PM] [Info] Loaded 1196 of 2378 assets...
[17/04/2026 5:09:16 PM] [Info] Loaded 2144 of 2378 assets...
[17/04/2026 5:09:16 PM] [Info] Loaded 2378 of 2378 assets...
[17/04/2026 5:09:16 PM] [Info] Level overrides config Animals.Max_Instances_Medium: 256
[17/04/2026 5:09:16 PM] [Info] Level overrides config Items.Quality_Full_Chance: 0.25
[17/04/2026 5:09:16 PM] [Info] Level overrides config Barricades.Allow_Item_Placement_On_Vehicle: False
[17/04/2026 5:09:16 PM] [Info] Level overrides config Barricades.Allow_Trap_Placement_On_Vehicle: False
[17/04/2026 5:09:16 PM] [Info] Level overrides config Barricades.Gun_Lowcal_Damage_Multiplier: 1
[17/04/2026 5:09:16 PM] [Info] Level overrides config Barricades.Gun_Highcal_Damage_Multiplier: 1
[17/04/2026 5:09:16 PM] [Info] Level overrides config Barricades.Armor_Lowtier_Multiplier: 1
[17/04/2026 5:09:16 PM] [Info] Level overrides config Barricades.Armor_Hightier_Multiplier: 1
[17/04/2026 5:09:16 PM] [Info] Level overrides config Structures.Gun_Lowcal_Damage_Multiplier: 1
[17/04/2026 5:09:16 PM] [Info] Level overrides config Structures.Gun_Highcal_Damage_Multiplier: 1
[17/04/2026 5:09:16 PM] [Info] Level overrides config Structures.Armor_Lowtier_Multiplier: 1
[17/04/2026 5:09:16 PM] [Info] Level overrides config Structures.Armor_Hightier_Multiplier: 1
[17/04/2026 5:09:16 PM] [Info] Level overrides config Structures.Melee_Damage_Multiplier: 1
[17/04/2026 5:09:16 PM] [Info] Level overrides config Structures.Melee_Repair_Multiplier: 1
[17/04/2026 5:09:16 PM] [Info] Level overrides config Events.Airdrop_Speed: 96
[17/04/2026 5:09:16 PM] [Info] Level overrides config Events.Airdrop_Force: 8.55
[17/04/2026 5:09:16 PM] [Info] Level overrides config Vehicles.Gun_Lowcal_Damage_Multiplier: 2
[17/04/2026 5:09:16 PM] [Info] Level overrides config Vehicles.Melee_Damage_Multiplier: 2
[17/04/2026 5:09:16 PM] [Info] Level overrides config Vehicles.Min_Battery_Charge: 1
[17/04/2026 5:09:16 PM] [Info] Level overrides config Vehicles.Max_Battery_Charge: 1
[17/04/2026 5:09:16 PM] [Info] Level overrides config Vehicles.Has_Battery_Chance: 1
[17/04/2026 5:09:16 PM] [Info] Level overrides config Vehicles.Max_Instances_Medium: 48
[17/04/2026 5:09:16 PM] [Info] Level overrides config Vehicles.Armor_Multiplier: 0.375
[17/04/2026 5:09:16 PM] [Info] Level overrides config Players.Experience_Multiplier: 1
[17/04/2026 5:09:16 PM] [Info] Level overrides config Players.Lose_Skills_PvP: 1
[17/04/2026 5:09:16 PM] [Info] Level overrides config Players.Lose_Skills_PvE: 1
[17/04/2026 5:09:16 PM] [Info] Level overrides config Players.Lose_Experience_PvP: 1
[17/04/2026 5:09:16 PM] [Info] Level overrides config Players.Lose_Experience_PvE: 1
[17/04/2026 5:09:16 PM] [Info] Level overrides config Players.Lose_Skill_Levels_PvP: 0
[17/04/2026 5:09:16 PM] [Info] Level overrides config Players.Lose_Skill_Levels_PvE: 0
[17/04/2026 5:09:16 PM] [Info] Level overrides config Players.Virus_Infect: 20
[17/04/2026 5:09:16 PM] [Info] Level overrides config Players.Can_Break_Legs: False
[17/04/2026 5:09:16 PM] [Info] Level overrides config Zombies.Armor_Multiplier: 1
[17/04/2026 5:09:16 PM] [Info] Level overrides config Zombies.Full_Moon_Experience_Multiplier: 2
[17/04/2026 5:09:16 PM] [Info] Level overrides config Zombies.Spawn_Chance: 1
[17/04/2026 5:09:16 PM] [Info] Level overrides config Zombies.Min_Mega_Drops: 1
[17/04/2026 5:09:16 PM] [Info] Level overrides config Zombies.Max_Mega_Drops: 1
[17/04/2026 5:09:16 PM] [Info] Level overrides config Zombies.Min_Boss_Drops: 1
[17/04/2026 5:09:16 PM] [Info] Level overrides config Zombies.Max_Boss_Drops: 1
[17/04/2026 5:09:16 PM] [Info] Level overrides config Zombies.Loot_Chance: 1
[17/04/2026 5:09:16 PM] [Info] Level overrides config Gameplay.Chart: True
[17/04/2026 5:09:16 PM] [Info] Monitoring workshop map "A6 Polaris" (2898548949) for changes
[17/04/2026 5:09:16 PM] [Info] Loading level: 5%
[17/04/2026 5:09:18 PM] [Info] Loading level: 10%
[17/04/2026 5:09:19 PM] [Info] Loading level: 15%
[17/04/2026 5:09:19 PM] [Info] Loading level: 21%
[17/04/2026 5:09:19 PM] [Info] Loading level: 26%
[17/04/2026 5:09:19 PM] [Info] Loading level: 31%
[17/04/2026 5:09:19 PM] [Info] Loading level: 36%
[17/04/2026 5:09:19 PM] [Info] Loading level: 42%
[17/04/2026 5:09:19 PM] [Info] Loading level: 47%
[17/04/2026 5:09:19 PM] [Info] Loading level: 52%
[17/04/2026 5:09:19 PM] [Info] Loading level: 57%
[17/04/2026 5:09:19 PM] [Info] Loading level: 63%
[17/04/2026 5:09:21 PM] [Info] Loading level: 68%
[17/04/2026 5:09:21 PM] [Info] Loading level: 73%
[17/04/2026 5:09:21 PM] [Info] Loading level: 89%
[17/04/2026 5:09:21 PM] [Info] Loading level: 94%
[17/04/2026 5:09:21 PM] [Info] //////////////////////////////////////////////////////
[17/04/2026 5:09:21 PM] [Info] Server Code: 90284553417843712
[17/04/2026 5:09:21 PM] [Info] Your friends can enter this code in the Connect Directly menu to join without port forwarding.
[17/04/2026 5:09:21 PM] [Info] Tip: Use the "CopyServerCode" command to copy the code to your clipboard. Alternatively, in most terminals you can highlight it and press Ctrl+Insert to copy.
[17/04/2026 5:09:21 PM] [Info] //////////////////////////////////////////////////////
[17/04/2026 5:09:22 PM] [Warning] Steam Game Server Login Token (GSLT) not set
[17/04/2026 5:09:22 PM] [Warning] Without a login token the server:
[17/04/2026 5:09:22 PM] [Warning] - Is not visible in Internet server list
[17/04/2026 5:09:22 PM] [Warning] - Cannot be joined over the Internet
[17/04/2026 5:09:22 PM] [Warning] See this link for guide and more information:
[17/04/2026 5:09:22 PM] [Warning] https://docs.smartlydressedgames.com/en/stable/servers/game-server-login-tokens.html
[17/04/2026 5:10:10 PM] [Info] Loading level: 100%
[17/04/2026 5:10:10 PM] [Info] Handling SIGINT or SIGBREAK by requesting a graceful shutdown
[17/04/2026 5:10:10 PM] [Info] MoreHomes >> 1 player homes data has been saved!
