[18/04/2026 1:34:49 AM] [Info] [registered] /more (Rocket.Unturned.Commands.CommandMore/more)
[18/04/2026 1:34:50 AM] [Info] [registered] /admin (Rocket.Unturned.Commands.CommandAdmin/admin)
[18/04/2026 1:34:50 AM] [Info] [registered] /broadcast (Rocket.Unturned.Commands.CommandBroadcast/broadcast)
[18/04/2026 1:34:50 AM] [Info] [registered] /compass (Rocket.Unturned.Commands.CommandCompass/compass)
[18/04/2026 1:34:50 AM] [Info] [registered] /effect (Rocket.Unturned.Commands.CommandEffect/effect)
[18/04/2026 1:34:50 AM] [Info] [registered] /exit (Rocket.Unturned.Commands.CommandExit/exit)
[18/04/2026 1:34:50 AM] [Info] [registered] /god (Rocket.Unturned.Commands.CommandGod/god)
[18/04/2026 1:34:50 AM] [Info] [registered] /heal (Rocket.Unturned.Commands.CommandHeal/heal)
[18/04/2026 1:34:50 AM] [Info] [registered] /help (Rocket.Unturned.Commands.CommandHelp/help)
[18/04/2026 1:34:50 AM] [Info] [registered] /i (Rocket.Unturned.Commands.CommandI/i)
[18/04/2026 1:34:50 AM] [Info] [registered] /item (Rocket.Unturned.Commands.CommandI/item)
[18/04/2026 1:34:50 AM] [Info] [registered] /investigate (Rocket.Unturned.Commands.CommandInvestigate/investigate)
[18/04/2026 1:34:50 AM] [Info] [registered] /p (Rocket.Unturned.Commands.CommandP/p)
[18/04/2026 1:34:50 AM] [Info] [registered] /permissions (Rocket.Unturned.Commands.CommandP/permissions)
[18/04/2026 1:34:50 AM] [Info] [registered] /rocket (Rocket.Unturned.Commands.CommandRocket/rocket)
[18/04/2026 1:34:50 AM] [Info] [registered] /tp (Rocket.Unturned.Commands.CommandTp/tp)
[18/04/2026 1:34:50 AM] [Info] [registered] /tphere (Rocket.Unturned.Commands.CommandTphere/tphere)
[18/04/2026 1:34:50 AM] [Info] [registered] /unadmin (Rocket.Unturned.Commands.CommandUnadmin/unadmin)
[18/04/2026 1:34:50 AM] [Info] [registered] /v (Rocket.Unturned.Commands.CommandV/v)
[18/04/2026 1:34:50 AM] [Info] [registered] /vanish (Rocket.Unturned.Commands.CommandVanish/vanish)
[18/04/2026 1:34:50 AM] [Error] Caught exception while logging an exception! Ouch...
[18/04/2026 1:34:50 AM] [Error] Rocket.CoreException in Rocket.Core: System.Exception: Failed to deserialize XMLFileAsset: Permissions.config.xml ---> System.InvalidOperationException: There is an error in XML document (38, 5). ---> System.Xml.XmlException: The 'RocketPermissions' start tag on line 2 position 2 does not match the end tag of 'Groups'. Line 38, position 5.
  at System.Xml.XmlTextReaderImpl.Throw (System.Exception e) [0x00027] in <cc6807978d504e8ea81a34b1b2ec871c>:0 
  at System.Xml.XmlTextReaderImpl.Throw (System.String res, System.String[] args) [0x00029] in <cc6807978d504e8ea81a34b1b2ec871c>:0 
  at System.Xml.XmlTextReaderImpl.ThrowTagMismatch (System.Xml.XmlTextReaderImpl+NodeData startTag) [0x00086] in <cc6807978d504e8ea81a34b1b2ec871c>:0 
  at System.Xml.XmlTextReaderImpl.ParseEndElement () [0x00085] in <cc6807978d504e8ea81a34b1b2ec871c>:0 
  at System.Xml.XmlTextReaderImpl.ParseElementContent () [0x00149] in <cc6807978d504e8ea81a34b1b2ec871c>:0 
  at System.Xml.XmlTextReaderImpl.Read () [0x00085] in <cc6807978d504e8ea81a34b1b2ec871c>:0 
  at System.Xml.XmlTextReader.Read () [0x00000] in <cc6807978d504e8ea81a34b1b2ec871c>:0 
  at System.Xml.XmlTextReaderImpl.Skip () [0x000dc] in <cc6807978d504e8ea81a34b1b2ec871c>:0 
  at System.Xml.XmlTextReader.Skip () [0x00000] in <cc6807978d504e8ea81a34b1b2ec871c>:0 
  at System.Xml.Serialization.XmlSerializationReader.UnknownNode (System.Object o, System.String qnames) [0x00097] in <cc6807978d504e8ea81a34b1b2ec871c>:0 
  at Microsoft.Xml.Serialization.GeneratedAssembly.XmlSerializationReaderRocketPermissions.Read4_RocketPermissions (System.Boolean isNullable, System.Boolean checkType) [0x0030c] in <1038276c07c749b8b2d8d16b9deaa503>:0 
  at Microsoft.Xml.Serialization.GeneratedAssembly.XmlSerializationReaderRocketPermissions.Read5_RocketPermissions () [0x00050] in <1038276c07c749b8b2d8d16b9deaa503>:0 
  at (wrapper managed-to-native) System.Reflection.RuntimeMethodInfo.InternalInvoke(System.Reflection.RuntimeMethodInfo,object,object[],System.Exception&)
  at System.Reflection.RuntimeMethodInfo.Invoke (System.Object obj, System.Reflection.BindingFlags invokeAttr, System.Reflection.Binder binder, System.Object[] parameters, System.Globalization.CultureInfo culture) [0x0006a] in <1071a2cb0cb3433aae80a793c277a048>:0 
   --- End of inner exception stack trace ---
  at System.Xml.Serialization.XmlSerializer.Deserialize (System.Xml.XmlReader xmlReader, System.String encodingStyle, System.Xml.Serialization.XmlDeserializationEvents events) [0x0011b] in <cc6807978d504e8ea81a34b1b2ec871c>:0 
  at System.Xml.Serialization.XmlSerializer.Deserialize (System.Xml.XmlReader xmlReader, System.String encodingStyle) [0x00000] in <cc6807978d504e8ea81a34b1b2ec871c>:0 
  at System.Xml.Serialization.XmlSerializer.Deserialize (System.IO.TextReader textReader) [0x0001c] in <cc6807978d504e8ea81a34b1b2ec871c>:0 
  at Rocket.Core.Assets.XMLFileAsset`1[T].Load (Rocket.API.AssetLoaded`1[T] callback) [0x00026] in <59a13feb721848c8b0cd173f6d0e820b>:0 
   --- End of inner exception stack trace ---
  at Rocket.Core.Assets.XMLFileAsset`1[T].Load (Rocket.API.AssetLoaded`1[T] callback) [0x00073] in <59a13feb721848c8b0cd173f6d0e820b>:0 
  at Rocket.Core.Assets.XMLFileAsset`1[T]..ctor (System.String file, System.Type[] extraTypes, Rocket.API.Serialisation.RocketPermissions defaultInstance) [0x0002a] in <59a13feb721848c8b0cd173f6d0e820b>:0 
  at Rocket.Core.Permissions.RocketPermissionsManager.Start () [0x00069] in <59a13feb721848c8b0cd173f6d0e820b>:0 
[18/04/2026 1:34:52 AM] [Info] Loading HardcoreDurability from E:\SteamLibrary\steamapps\common\U3DS\Servers\New Era Polaris\Rocket\Plugins\HardcoreDurability.dll
[18/04/2026 1:34:52 AM] [Info] Loading MoreHomes from E:\SteamLibrary\steamapps\common\U3DS\Servers\New Era Polaris\Rocket\Plugins\MoreHomes.dll
[18/04/2026 1:34:52 AM] [Info] Loading Teleportation from E:\SteamLibrary\steamapps\common\U3DS\Servers\New Era Polaris\Rocket\Plugins\Teleportation.dll
[18/04/2026 1:34:52 AM] [Error] mscorlib >> Caught exception resolving dependency: 0Harmony -> Exception in DoAssemblyResolve: System.ArgumentNullException: Value cannot be null.
Parameter name: v1
  at System.Version.op_LessThanOrEqual (System.Version v1, System.Version v2) [0x00003] in <1071a2cb0cb3433aae80a793c277a048>:0 
  at System.Version.op_GreaterThanOrEqual (System.Version v1, System.Version v2) [0x00000] in <1071a2cb0cb3433aae80a793c277a048>:0 
  at Rocket.Core.Plugins.RocketPluginManager+<>c__DisplayClass12_0.<Awake>b__1 (System.Collections.Generic.KeyValuePair`2[TKey,TValue] lib) [0x00035] in <59a13feb721848c8b0cd173f6d0e820b>:0 
  at System.Linq.Enumerable.TryGetFirst[TSource] (System.Collections.Generic.IEnumerable`1[T] source, System.Func`2[T,TResult] predicate, System.Boolean& found) [0x0003f] in <ea489521390f48908a7ce45cb17a6848>:0 
  at System.Linq.Enumerable.FirstOrDefault[TSource] (System.Collections.Generic.IEnumerable`1[T] source, System.Func`2[T,TResult] predicate) [0x00000] in <ea489521390f48908a7ce45cb17a6848>:0 
  at Rocket.Core.Plugins.RocketPluginManager.<Awake>b__12_0 (System.Object sender, System.ResolveEventArgs args) [0x00017] in <59a13feb721848c8b0cd173f6d0e820b>:0 
[18/04/2026 1:34:52 AM] [Error] Could not find dependency: 0Harmony
[18/04/2026 1:34:52 AM] [Info] 
[loading] HardcoreDurability
[18/04/2026 1:34:52 AM] [Info] HardcoreDurability >> Hardcore Durability Loaded! Crate loot will now be damaged.
[18/04/2026 1:34:52 AM] [Info] 
[loading] MoreHomes
[18/04/2026 1:34:52 AM] [Info] [registered] /home (RestoreMonarchy.MoreHomes.Commands.HomeCommand/home)
[18/04/2026 1:34:52 AM] [Info] [registered] /homes (RestoreMonarchy.MoreHomes.Commands.HomesCommand/homes)
[18/04/2026 1:34:52 AM] [Info] [registered] /destroyhome (RestoreMonarchy.MoreHomes.Commands.DestroyHomeCommand/destroyhome)
[18/04/2026 1:34:52 AM] [Info] [registered] /renamehome (RestoreMonarchy.MoreHomes.Commands.RenameHomeCommand/renamehome)
[18/04/2026 1:34:52 AM] [Info] [registered] /restorehomes (RestoreMonarchy.MoreHomes.Commands.RestoreHomesCommand/restorehomes)
[18/04/2026 1:34:52 AM] [Info] MoreHomes >> MoreHomes 1.7.2.0 has been loaded!
[18/04/2026 1:34:52 AM] [Info] MoreHomes >> Brought to you by RestoreMonarchy.com
[18/04/2026 1:34:52 AM] [Error] mscorlib >> Caught exception resolving dependency: Steamworks.NET -> Exception in DoAssemblyResolve: System.ArgumentNullException: Value cannot be null.
Parameter name: v1
  at System.Version.op_LessThanOrEqual (System.Version v1, System.Version v2) [0x00003] in <1071a2cb0cb3433aae80a793c277a048>:0 
  at System.Version.op_GreaterThanOrEqual (System.Version v1, System.Version v2) [0x00000] in <1071a2cb0cb3433aae80a793c277a048>:0 
  at Rocket.Core.Plugins.RocketPluginManager+<>c__DisplayClass12_0.<Awake>b__1 (System.Collections.Generic.KeyValuePair`2[TKey,TValue] lib) [0x00035] in <59a13feb721848c8b0cd173f6d0e820b>:0 
  at System.Linq.Enumerable.TryGetFirst[TSource] (System.Collections.Generic.IEnumerable`1[T] source, System.Func`2[T,TResult] predicate, System.Boolean& found) [0x0003f] in <ea489521390f48908a7ce45cb17a6848>:0 
  at System.Linq.Enumerable.FirstOrDefault[TSource] (System.Collections.Generic.IEnumerable`1[T] source, System.Func`2[T,TResult] predicate) [0x00000] in <ea489521390f48908a7ce45cb17a6848>:0 
  at Rocket.Core.Plugins.RocketPluginManager.<Awake>b__12_0 (System.Object sender, System.ResolveEventArgs args) [0x00017] in <59a13feb721848c8b0cd173f6d0e820b>:0 
[18/04/2026 1:34:52 AM] [Error] Could not find dependency: Steamworks.NET
[18/04/2026 1:34:52 AM] [Info] 
[loading] Teleportation
[18/04/2026 1:34:52 AM] [Info] [registered] /tpa (RestoreMonarchy.Teleportation.Commands.TPACommand/tpa)
[18/04/2026 1:34:52 AM] [Info] Teleportation >> Teleportation 1.6.0.0 has been loaded!
[18/04/2026 1:34:52 AM] [Info] This server will automatically save every 1800 seconds
[18/04/2026 1:34:52 AM] [Info] Steam servers ready!
[18/04/2026 1:34:52 AM] [Info] Workshop install folder: E:\SteamLibrary\steamapps\common\U3DS/Servers/New Era Polaris/Workshop/Steam
[18/04/2026 1:34:52 AM] [Info] 1 workshop item(s) requested
[18/04/2026 1:34:52 AM] [Info] Submitting workshop query for 1 item(s)...
[18/04/2026 1:34:52 AM] [Info] Workshop query yielded 1 result(s)
[18/04/2026 1:34:52 AM] [Info] This server's allowed IP for Workshop downloads: [redacted]
[18/04/2026 1:34:52 AM] [Info] 2898548949 'A6 Polaris' queued for download
[18/04/2026 1:34:52 AM] [Info] 1 workshop item(s) to download...
[18/04/2026 1:34:52 AM] [Info] Workshop item found in cache: 2898548949
[18/04/2026 1:34:52 AM] [Info] Installing workshop item: 2898548949
[18/04/2026 1:34:52 AM] [Info] Installed workshop item: 2898548949
[18/04/2026 1:34:52 AM] [Info] Searched 0 of 1 locations and found 112 asset files...
[18/04/2026 1:34:52 AM] [Info] Read 0 of 112 asset file contents into memory...
[18/04/2026 1:34:52 AM] [Info] Loaded 0 of 112 assets...
[18/04/2026 1:34:52 AM] [Info] Searched 0 of 1 locations and found 254 asset files...
[18/04/2026 1:34:52 AM] [Info] Read 0 of 254 asset file contents into memory...
[18/04/2026 1:34:52 AM] [Info] Loaded 0 of 254 assets...
[18/04/2026 1:34:52 AM] [Info] Searched 0 of 1 locations and found 365 asset files...
[18/04/2026 1:34:52 AM] [Info] Read 0 of 365 asset file contents into memory...
[18/04/2026 1:34:52 AM] [Info] Loaded 0 of 365 assets...
[18/04/2026 1:34:52 AM] [Info] Searched 0 of 1 locations and found 486 asset files...
[18/04/2026 1:34:52 AM] [Info] Read 0 of 486 asset file contents into memory...
[18/04/2026 1:34:52 AM] [Info] Loaded 0 of 486 assets...
[18/04/2026 1:34:52 AM] [Info] Loaded 0 of 1 asset bundles...
[18/04/2026 1:34:52 AM] [Info] Searched 0 of 1 locations and found 667 asset files...
[18/04/2026 1:34:52 AM] [Info] Read 5 of 667 asset file contents into memory...
[18/04/2026 1:34:52 AM] [Info] Loaded 0 of 667 assets...
[18/04/2026 1:34:52 AM] [Info] Searched 0 of 1 locations and found 846 asset files...
[18/04/2026 1:34:52 AM] [Info] Read 13 of 846 asset file contents into memory...
[18/04/2026 1:34:52 AM] [Info] Loaded 0 of 846 assets...
[18/04/2026 1:34:52 AM] [Info] Searched 0 of 1 locations and found 1000 asset files...
[18/04/2026 1:34:52 AM] [Info] Read 21 of 1000 asset file contents into memory...
[18/04/2026 1:34:52 AM] [Info] Loaded 0 of 1000 assets...
[18/04/2026 1:34:52 AM] [Info] Searched 0 of 1 locations and found 1157 asset files...
[18/04/2026 1:34:52 AM] [Info] Read 29 of 1157 asset file contents into memory...
[18/04/2026 1:34:52 AM] [Info] Loaded 0 of 1157 assets...
[18/04/2026 1:34:52 AM] [Info] Searched 0 of 1 locations and found 1296 asset files...
[18/04/2026 1:34:52 AM] [Info] Read 37 of 1296 asset file contents into memory...
[18/04/2026 1:34:52 AM] [Info] Loaded 0 of 1296 assets...
[18/04/2026 1:34:52 AM] [Info] Searched 0 of 1 locations and found 1429 asset files...
[18/04/2026 1:34:52 AM] [Info] Read 45 of 1429 asset file contents into memory...
[18/04/2026 1:34:52 AM] [Info] Loaded 0 of 1429 assets...
[18/04/2026 1:34:52 AM] [Info] Searched 0 of 1 locations and found 1582 asset files...
[18/04/2026 1:34:52 AM] [Info] Read 54 of 1582 asset file contents into memory...
[18/04/2026 1:34:52 AM] [Info] Loaded 0 of 1582 assets...
[18/04/2026 1:34:52 AM] [Info] Searched 0 of 1 locations and found 1715 asset files...
[18/04/2026 1:34:52 AM] [Info] Read 62 of 1715 asset file contents into memory...
[18/04/2026 1:34:52 AM] [Info] Loaded 0 of 1715 assets...
[18/04/2026 1:34:52 AM] [Info] Searched 0 of 1 locations and found 1870 asset files...
[18/04/2026 1:34:52 AM] [Info] Read 69 of 1870 asset file contents into memory...
[18/04/2026 1:34:52 AM] [Info] Loaded 0 of 1870 assets...
[18/04/2026 1:34:52 AM] [Info] Searched 0 of 1 locations and found 2019 asset files...
[18/04/2026 1:34:52 AM] [Info] Read 73 of 2019 asset file contents into memory...
[18/04/2026 1:34:52 AM] [Info] Loaded 0 of 2019 assets...
[18/04/2026 1:34:52 AM] [Info] Searched 0 of 1 locations and found 2177 asset files...
[18/04/2026 1:34:52 AM] [Info] Read 77 of 2177 asset file contents into memory...
[18/04/2026 1:34:52 AM] [Info] Loaded 0 of 2177 assets...
[18/04/2026 1:34:52 AM] [Info] Searched 0 of 1 locations and found 2344 asset files...
[18/04/2026 1:34:52 AM] [Info] Read 80 of 2344 asset file contents into memory...
[18/04/2026 1:34:52 AM] [Info] Loaded 0 of 2344 assets...
[18/04/2026 1:34:52 AM] [Info] Searched 1 of 1 locations and found 2378 asset files...
[18/04/2026 1:34:52 AM] [Info] Read 84 of 2378 asset file contents into memory...
[18/04/2026 1:34:52 AM] [Info] Loaded 0 of 2378 assets...
[18/04/2026 1:34:53 AM] [Info] Read 88 of 2378 asset file contents into memory...
[18/04/2026 1:34:53 AM] [Info] Read 92 of 2378 asset file contents into memory...
[18/04/2026 1:34:53 AM] [Info] Read 95 of 2378 asset file contents into memory...
[18/04/2026 1:34:53 AM] [Info] Read 99 of 2378 asset file contents into memory...
[18/04/2026 1:34:53 AM] [Info] Read 103 of 2378 asset file contents into memory...
[18/04/2026 1:34:53 AM] [Info] Read 108 of 2378 asset file contents into memory...
[18/04/2026 1:34:53 AM] [Info] Read 112 of 2378 asset file contents into memory...
[18/04/2026 1:34:53 AM] [Info] Read 117 of 2378 asset file contents into memory...
[18/04/2026 1:34:53 AM] [Info] Read 121 of 2378 asset file contents into memory...
[18/04/2026 1:34:53 AM] [Info] Read 126 of 2378 asset file contents into memory...
[18/04/2026 1:34:53 AM] [Info] Read 131 of 2378 asset file contents into memory...
[18/04/2026 1:34:53 AM] [Info] Read 134 of 2378 asset file contents into memory...
[18/04/2026 1:34:53 AM] [Info] Read 139 of 2378 asset file contents into memory...
[18/04/2026 1:34:53 AM] [Info] Read 143 of 2378 asset file contents into memory...
[18/04/2026 1:34:53 AM] [Info] Read 148 of 2378 asset file contents into memory...
[18/04/2026 1:34:53 AM] [Info] Read 153 of 2378 asset file contents into memory...
[18/04/2026 1:34:53 AM] [Info] Loaded 1 of 1 asset bundles...
[18/04/2026 1:34:53 AM] [Info] Read 159 of 2378 asset file contents into memory...
[18/04/2026 1:34:53 AM] [Info] Loaded 3 of 2378 assets...
[18/04/2026 1:34:53 AM] [Info] Read 167 of 2378 asset file contents into memory...
[18/04/2026 1:34:53 AM] [Info] Loaded 8 of 2378 assets...
[18/04/2026 1:34:54 AM] [Info] Read 176 of 2378 asset file contents into memory...
[18/04/2026 1:34:54 AM] [Info] Loaded 56 of 2378 assets...
[18/04/2026 1:34:54 AM] [Info] Read 185 of 2378 asset file contents into memory...
[18/04/2026 1:34:54 AM] [Info] Loaded 92 of 2378 assets...
[18/04/2026 1:34:54 AM] [Info] Read 193 of 2378 asset file contents into memory...
[18/04/2026 1:34:54 AM] [Info] Loaded 193 of 2378 assets...
[18/04/2026 1:34:54 AM] [Info] Read 201 of 2378 asset file contents into memory...
[18/04/2026 1:34:54 AM] [Info] Loaded 201 of 2378 assets...
[18/04/2026 1:34:54 AM] [Info] Read 207 of 2378 asset file contents into memory...
[18/04/2026 1:34:54 AM] [Info] Loaded 207 of 2378 assets...
[18/04/2026 1:34:54 AM] [Info] Read 212 of 2378 asset file contents into memory...
[18/04/2026 1:34:54 AM] [Info] Loaded 212 of 2378 assets...
[18/04/2026 1:34:54 AM] [Info] Read 216 of 2378 asset file contents into memory...
[18/04/2026 1:34:54 AM] [Info] Loaded 216 of 2378 assets...
[18/04/2026 1:34:54 AM] [Info] Read 221 of 2378 asset file contents into memory...
[18/04/2026 1:34:54 AM] [Info] Loaded 221 of 2378 assets...
[18/04/2026 1:34:54 AM] [Info] Read 226 of 2378 asset file contents into memory...
[18/04/2026 1:34:54 AM] [Info] Loaded 226 of 2378 assets...
[18/04/2026 1:34:54 AM] [Info] Read 230 of 2378 asset file contents into memory...
[18/04/2026 1:34:54 AM] [Info] Loaded 230 of 2378 assets...
[18/04/2026 1:34:54 AM] [Info] Read 233 of 2378 asset file contents into memory...
[18/04/2026 1:34:54 AM] [Info] Loaded 233 of 2378 assets...
[18/04/2026 1:34:54 AM] [Info] Read 237 of 2378 asset file contents into memory...
[18/04/2026 1:34:54 AM] [Info] Loaded 237 of 2378 assets...
[18/04/2026 1:34:54 AM] [Info] Read 241 of 2378 asset file contents into memory...
[18/04/2026 1:34:54 AM] [Info] Loaded 241 of 2378 assets...
[18/04/2026 1:34:54 AM] [Info] Read 245 of 2378 asset file contents into memory...
[18/04/2026 1:34:54 AM] [Info] Loaded 245 of 2378 assets...
[18/04/2026 1:34:54 AM] [Info] Read 249 of 2378 asset file contents into memory...
[18/04/2026 1:34:54 AM] [Info] Loaded 249 of 2378 assets...
[18/04/2026 1:34:54 AM] [Info] Read 253 of 2378 asset file contents into memory...
[18/04/2026 1:34:54 AM] [Info] Loaded 253 of 2378 assets...
[18/04/2026 1:34:54 AM] [Info] Read 258 of 2378 asset file contents into memory...
[18/04/2026 1:34:54 AM] [Info] Loaded 258 of 2378 assets...
[18/04/2026 1:34:54 AM] [Info] Read 262 of 2378 asset file contents into memory...
[18/04/2026 1:34:54 AM] [Info] Loaded 262 of 2378 assets...
[18/04/2026 1:34:54 AM] [Info] Read 265 of 2378 asset file contents into memory...
[18/04/2026 1:34:54 AM] [Info] Loaded 265 of 2378 assets...
[18/04/2026 1:34:54 AM] [Info] Read 270 of 2378 asset file contents into memory...
[18/04/2026 1:34:54 AM] [Info] Loaded 270 of 2378 assets...
[18/04/2026 1:34:55 AM] [Info] Read 274 of 2378 asset file contents into memory...
[18/04/2026 1:34:55 AM] [Info] Loaded 274 of 2378 assets...
[18/04/2026 1:34:55 AM] [Info] Read 279 of 2378 asset file contents into memory...
[18/04/2026 1:34:55 AM] [Info] Loaded 279 of 2378 assets...
[18/04/2026 1:34:55 AM] [Info] Read 283 of 2378 asset file contents into memory...
[18/04/2026 1:34:55 AM] [Info] Loaded 283 of 2378 assets...
[18/04/2026 1:34:55 AM] [Info] Read 287 of 2378 asset file contents into memory...
[18/04/2026 1:34:55 AM] [Info] Loaded 287 of 2378 assets...
[18/04/2026 1:34:55 AM] [Info] Read 291 of 2378 asset file contents into memory...
[18/04/2026 1:34:55 AM] [Info] Loaded 291 of 2378 assets...
[18/04/2026 1:34:55 AM] [Info] Read 295 of 2378 asset file contents into memory...
[18/04/2026 1:34:55 AM] [Info] Loaded 295 of 2378 assets...
[18/04/2026 1:34:55 AM] [Info] Read 299 of 2378 asset file contents into memory...
[18/04/2026 1:34:55 AM] [Info] Loaded 299 of 2378 assets...
[18/04/2026 1:34:55 AM] [Info] Read 304 of 2378 asset file contents into memory...
[18/04/2026 1:34:55 AM] [Info] Loaded 304 of 2378 assets...
[18/04/2026 1:34:55 AM] [Info] Read 309 of 2378 asset file contents into memory...
[18/04/2026 1:34:55 AM] [Info] Loaded 309 of 2378 assets...
[18/04/2026 1:34:55 AM] [Info] Read 314 of 2378 asset file contents into memory...
[18/04/2026 1:34:55 AM] [Info] Loaded 314 of 2378 assets...
[18/04/2026 1:34:55 AM] [Info] Read 319 of 2378 asset file contents into memory...
[18/04/2026 1:34:55 AM] [Info] Loaded 319 of 2378 assets...
[18/04/2026 1:34:55 AM] [Info] Read 326 of 2378 asset file contents into memory...
[18/04/2026 1:34:55 AM] [Info] Loaded 326 of 2378 assets...
[18/04/2026 1:34:55 AM] [Info] Read 332 of 2378 asset file contents into memory...
[18/04/2026 1:34:55 AM] [Info] Loaded 332 of 2378 assets...
[18/04/2026 1:34:55 AM] [Info] Read 336 of 2378 asset file contents into memory...
[18/04/2026 1:34:55 AM] [Info] Loaded 336 of 2378 assets...
[18/04/2026 1:34:55 AM] [Info] Read 342 of 2378 asset file contents into memory...
[18/04/2026 1:34:55 AM] [Info] Loaded 342 of 2378 assets...
[18/04/2026 1:34:55 AM] [Info] Read 347 of 2378 asset file contents into memory...
[18/04/2026 1:34:55 AM] [Info] Loaded 347 of 2378 assets...
[18/04/2026 1:34:55 AM] [Info] Read 351 of 2378 asset file contents into memory...
[18/04/2026 1:34:55 AM] [Info] Loaded 351 of 2378 assets...
[18/04/2026 1:34:55 AM] [Info] Read 355 of 2378 asset file contents into memory...
[18/04/2026 1:34:55 AM] [Info] Loaded 355 of 2378 assets...
[18/04/2026 1:34:55 AM] [Info] Read 360 of 2378 asset file contents into memory...
[18/04/2026 1:34:55 AM] [Info] Loaded 360 of 2378 assets...
[18/04/2026 1:34:55 AM] [Info] Read 365 of 2378 asset file contents into memory...
[18/04/2026 1:34:55 AM] [Info] Loaded 365 of 2378 assets...
[18/04/2026 1:34:56 AM] [Info] Read 369 of 2378 asset file contents into memory...
[18/04/2026 1:34:56 AM] [Info] Loaded 369 of 2378 assets...
[18/04/2026 1:34:56 AM] [Info] Read 374 of 2378 asset file contents into memory...
[18/04/2026 1:34:56 AM] [Info] Loaded 374 of 2378 assets...
[18/04/2026 1:34:56 AM] [Info] Read 378 of 2378 asset file contents into memory...
[18/04/2026 1:34:56 AM] [Info] Loaded 378 of 2378 assets...
[18/04/2026 1:34:56 AM] [Info] Read 383 of 2378 asset file contents into memory...
[18/04/2026 1:34:56 AM] [Info] Loaded 383 of 2378 assets...
[18/04/2026 1:34:56 AM] [Info] Read 387 of 2378 asset file contents into memory...
[18/04/2026 1:34:56 AM] [Info] Loaded 387 of 2378 assets...
[18/04/2026 1:34:56 AM] [Info] Read 392 of 2378 asset file contents into memory...
[18/04/2026 1:34:56 AM] [Info] Loaded 392 of 2378 assets...
[18/04/2026 1:34:56 AM] [Info] Read 396 of 2378 asset file contents into memory...
[18/04/2026 1:34:56 AM] [Info] Loaded 396 of 2378 assets...
[18/04/2026 1:34:56 AM] [Info] Read 401 of 2378 asset file contents into memory...
[18/04/2026 1:34:56 AM] [Info] Loaded 401 of 2378 assets...
[18/04/2026 1:34:56 AM] [Info] Read 405 of 2378 asset file contents into memory...
[18/04/2026 1:34:56 AM] [Info] Loaded 405 of 2378 assets...
[18/04/2026 1:34:56 AM] [Info] Read 411 of 2378 asset file contents into memory...
[18/04/2026 1:34:56 AM] [Info] Loaded 411 of 2378 assets...
[18/04/2026 1:34:56 AM] [Info] Read 417 of 2378 asset file contents into memory...
[18/04/2026 1:34:56 AM] [Info] Loaded 417 of 2378 assets...
[18/04/2026 1:34:56 AM] [Info] Read 422 of 2378 asset file contents into memory...
[18/04/2026 1:34:56 AM] [Info] Loaded 422 of 2378 assets...
[18/04/2026 1:34:56 AM] [Info] Read 427 of 2378 asset file contents into memory...
[18/04/2026 1:34:56 AM] [Info] Loaded 427 of 2378 assets...
[18/04/2026 1:34:56 AM] [Info] Read 432 of 2378 asset file contents into memory...
[18/04/2026 1:34:56 AM] [Info] Loaded 432 of 2378 assets...
[18/04/2026 1:34:56 AM] [Info] Read 437 of 2378 asset file contents into memory...
[18/04/2026 1:34:56 AM] [Info] Loaded 437 of 2378 assets...
[18/04/2026 1:34:56 AM] [Info] Read 443 of 2378 asset file contents into memory...
[18/04/2026 1:34:56 AM] [Info] Loaded 443 of 2378 assets...
[18/04/2026 1:34:56 AM] [Info] Read 448 of 2378 asset file contents into memory...
[18/04/2026 1:34:56 AM] [Info] Loaded 448 of 2378 assets...
[18/04/2026 1:34:56 AM] [Info] Read 454 of 2378 asset file contents into memory...
[18/04/2026 1:34:56 AM] [Info] Loaded 454 of 2378 assets...
[18/04/2026 1:34:56 AM] [Info] Read 460 of 2378 asset file contents into memory...
[18/04/2026 1:34:56 AM] [Info] Loaded 460 of 2378 assets...
[18/04/2026 1:34:56 AM] [Info] Read 465 of 2378 asset file contents into memory...
[18/04/2026 1:34:56 AM] [Info] Loaded 465 of 2378 assets...
[18/04/2026 1:34:57 AM] [Info] Read 469 of 2378 asset file contents into memory...
[18/04/2026 1:34:57 AM] [Info] Loaded 469 of 2378 assets...
[18/04/2026 1:34:57 AM] [Info] Read 474 of 2378 asset file contents into memory...
[18/04/2026 1:34:57 AM] [Info] Loaded 474 of 2378 assets...
[18/04/2026 1:34:57 AM] [Info] Read 479 of 2378 asset file contents into memory...
[18/04/2026 1:34:57 AM] [Info] Loaded 479 of 2378 assets...
[18/04/2026 1:34:57 AM] [Info] Read 484 of 2378 asset file contents into memory...
[18/04/2026 1:34:57 AM] [Info] Loaded 484 of 2378 assets...
[18/04/2026 1:34:57 AM] [Info] Read 488 of 2378 asset file contents into memory...
[18/04/2026 1:34:57 AM] [Info] Loaded 488 of 2378 assets...
[18/04/2026 1:34:57 AM] [Info] Read 493 of 2378 asset file contents into memory...
[18/04/2026 1:34:57 AM] [Info] Loaded 493 of 2378 assets...
[18/04/2026 1:34:57 AM] [Info] Read 497 of 2378 asset file contents into memory...
[18/04/2026 1:34:57 AM] [Info] Loaded 497 of 2378 assets...
[18/04/2026 1:34:57 AM] [Info] Read 502 of 2378 asset file contents into memory...
[18/04/2026 1:34:57 AM] [Info] Loaded 502 of 2378 assets...
[18/04/2026 1:34:57 AM] [Info] Read 507 of 2378 asset file contents into memory...
[18/04/2026 1:34:57 AM] [Info] Loaded 507 of 2378 assets...
[18/04/2026 1:34:57 AM] [Info] Read 511 of 2378 asset file contents into memory...
[18/04/2026 1:34:57 AM] [Info] Loaded 511 of 2378 assets...
[18/04/2026 1:34:57 AM] [Info] Read 516 of 2378 asset file contents into memory...
[18/04/2026 1:34:57 AM] [Info] Loaded 516 of 2378 assets...
[18/04/2026 1:34:57 AM] [Info] Read 520 of 2378 asset file contents into memory...
[18/04/2026 1:34:57 AM] [Info] Loaded 520 of 2378 assets...
[18/04/2026 1:34:57 AM] [Info] Read 525 of 2378 asset file contents into memory...
[18/04/2026 1:34:57 AM] [Info] Loaded 525 of 2378 assets...
[18/04/2026 1:34:57 AM] [Info] Read 529 of 2378 asset file contents into memory...
[18/04/2026 1:34:57 AM] [Info] Loaded 529 of 2378 assets...
[18/04/2026 1:34:57 AM] [Info] Read 534 of 2378 asset file contents into memory...
[18/04/2026 1:34:57 AM] [Info] Loaded 534 of 2378 assets...
[18/04/2026 1:34:57 AM] [Info] Read 539 of 2378 asset file contents into memory...
[18/04/2026 1:34:57 AM] [Info] Loaded 539 of 2378 assets...
[18/04/2026 1:34:57 AM] [Info] Read 543 of 2378 asset file contents into memory...
[18/04/2026 1:34:57 AM] [Info] Loaded 543 of 2378 assets...
[18/04/2026 1:34:57 AM] [Info] Read 548 of 2378 asset file contents into memory...
[18/04/2026 1:34:57 AM] [Info] Loaded 548 of 2378 assets...
[18/04/2026 1:34:57 AM] [Info] Read 552 of 2378 asset file contents into memory...
[18/04/2026 1:34:57 AM] [Info] Loaded 552 of 2378 assets...
[18/04/2026 1:34:57 AM] [Info] Read 556 of 2378 asset file contents into memory...
[18/04/2026 1:34:57 AM] [Info] Loaded 556 of 2378 assets...
[18/04/2026 1:34:58 AM] [Info] Read 559 of 2378 asset file contents into memory...
[18/04/2026 1:34:58 AM] [Info] Loaded 559 of 2378 assets...
[18/04/2026 1:34:58 AM] [Info] Read 561 of 2378 asset file contents into memory...
[18/04/2026 1:34:58 AM] [Info] Loaded 561 of 2378 assets...
[18/04/2026 1:34:58 AM] [Info] Read 564 of 2378 asset file contents into memory...
[18/04/2026 1:34:58 AM] [Info] Loaded 564 of 2378 assets...
[18/04/2026 1:34:58 AM] [Info] Read 568 of 2378 asset file contents into memory...
[18/04/2026 1:34:58 AM] [Info] Loaded 568 of 2378 assets...
[18/04/2026 1:34:58 AM] [Info] Read 572 of 2378 asset file contents into memory...
[18/04/2026 1:34:58 AM] [Info] Loaded 572 of 2378 assets...
[18/04/2026 1:34:58 AM] [Info] Read 576 of 2378 asset file contents into memory...
[18/04/2026 1:34:58 AM] [Info] Loaded 576 of 2378 assets...
[18/04/2026 1:34:58 AM] [Info] Read 580 of 2378 asset file contents into memory...
[18/04/2026 1:34:58 AM] [Info] Loaded 580 of 2378 assets...
[18/04/2026 1:34:58 AM] [Info] Read 585 of 2378 asset file contents into memory...
[18/04/2026 1:34:58 AM] [Info] Loaded 585 of 2378 assets...
[18/04/2026 1:34:58 AM] [Info] Read 588 of 2378 asset file contents into memory...
[18/04/2026 1:34:58 AM] [Info] Loaded 588 of 2378 assets...
[18/04/2026 1:34:58 AM] [Info] Read 592 of 2378 asset file contents into memory...
[18/04/2026 1:34:58 AM] [Info] Loaded 592 of 2378 assets...
[18/04/2026 1:34:58 AM] [Info] Read 597 of 2378 asset file contents into memory...
[18/04/2026 1:34:58 AM] [Info] Loaded 597 of 2378 assets...
[18/04/2026 1:34:58 AM] [Info] Read 601 of 2378 asset file contents into memory...
[18/04/2026 1:34:58 AM] [Info] Loaded 601 of 2378 assets...
[18/04/2026 1:34:58 AM] [Info] Read 605 of 2378 asset file contents into memory...
[18/04/2026 1:34:58 AM] [Info] Loaded 605 of 2378 assets...
[18/04/2026 1:34:58 AM] [Info] Read 610 of 2378 asset file contents into memory...
[18/04/2026 1:34:58 AM] [Info] Loaded 610 of 2378 assets...
[18/04/2026 1:34:58 AM] [Info] Read 614 of 2378 asset file contents into memory...
[18/04/2026 1:34:58 AM] [Info] Loaded 614 of 2378 assets...
[18/04/2026 1:34:58 AM] [Info] Read 620 of 2378 asset file contents into memory...
[18/04/2026 1:34:58 AM] [Info] Loaded 620 of 2378 assets...
[18/04/2026 1:34:58 AM] [Info] Read 625 of 2378 asset file contents into memory...
[18/04/2026 1:34:58 AM] [Info] Loaded 625 of 2378 assets...
[18/04/2026 1:34:58 AM] [Info] Read 630 of 2378 asset file contents into memory...
[18/04/2026 1:34:58 AM] [Info] Loaded 630 of 2378 assets...
[18/04/2026 1:34:58 AM] [Info] Read 634 of 2378 asset file contents into memory...
[18/04/2026 1:34:58 AM] [Info] Loaded 634 of 2378 assets...
[18/04/2026 1:34:58 AM] [Info] Read 639 of 2378 asset file contents into memory...
[18/04/2026 1:34:58 AM] [Info] Loaded 639 of 2378 assets...
[18/04/2026 1:34:59 AM] [Info] Read 645 of 2378 asset file contents into memory...
[18/04/2026 1:34:59 AM] [Info] Loaded 645 of 2378 assets...
[18/04/2026 1:34:59 AM] [Info] Read 650 of 2378 asset file contents into memory...
[18/04/2026 1:34:59 AM] [Info] Loaded 650 of 2378 assets...
[18/04/2026 1:34:59 AM] [Info] Read 656 of 2378 asset file contents into memory...
[18/04/2026 1:34:59 AM] [Info] Loaded 656 of 2378 assets...
[18/04/2026 1:34:59 AM] [Info] Read 661 of 2378 asset file contents into memory...
[18/04/2026 1:34:59 AM] [Info] Loaded 661 of 2378 assets...
[18/04/2026 1:34:59 AM] [Info] Read 666 of 2378 asset file contents into memory...
[18/04/2026 1:34:59 AM] [Info] Loaded 666 of 2378 assets...
[18/04/2026 1:34:59 AM] [Info] Read 670 of 2378 asset file contents into memory...
[18/04/2026 1:34:59 AM] [Info] Loaded 670 of 2378 assets...
[18/04/2026 1:34:59 AM] [Info] Read 674 of 2378 asset file contents into memory...
[18/04/2026 1:34:59 AM] [Info] Loaded 674 of 2378 assets...
[18/04/2026 1:34:59 AM] [Info] Read 679 of 2378 asset file contents into memory...
[18/04/2026 1:34:59 AM] [Info] Loaded 679 of 2378 assets...
[18/04/2026 1:34:59 AM] [Info] Read 683 of 2378 asset file contents into memory...
[18/04/2026 1:34:59 AM] [Info] Loaded 683 of 2378 assets...
[18/04/2026 1:34:59 AM] [Info] Read 687 of 2378 asset file contents into memory...
[18/04/2026 1:34:59 AM] [Info] Loaded 687 of 2378 assets...
[18/04/2026 1:34:59 AM] [Info] Read 692 of 2378 asset file contents into memory...
[18/04/2026 1:34:59 AM] [Info] Loaded 692 of 2378 assets...
[18/04/2026 1:34:59 AM] [Info] Read 696 of 2378 asset file contents into memory...
[18/04/2026 1:34:59 AM] [Info] Loaded 696 of 2378 assets...
[18/04/2026 1:34:59 AM] [Info] Read 700 of 2378 asset file contents into memory...
[18/04/2026 1:34:59 AM] [Info] Loaded 700 of 2378 assets...
[18/04/2026 1:34:59 AM] [Info] Read 705 of 2378 asset file contents into memory...
[18/04/2026 1:34:59 AM] [Info] Loaded 705 of 2378 assets...
[18/04/2026 1:34:59 AM] [Info] Read 710 of 2378 asset file contents into memory...
[18/04/2026 1:34:59 AM] [Info] Loaded 710 of 2378 assets...
[18/04/2026 1:34:59 AM] [Info] Read 715 of 2378 asset file contents into memory...
[18/04/2026 1:34:59 AM] [Info] Loaded 715 of 2378 assets...
[18/04/2026 1:34:59 AM] [Info] Read 719 of 2378 asset file contents into memory...
[18/04/2026 1:34:59 AM] [Info] Loaded 719 of 2378 assets...
[18/04/2026 1:34:59 AM] [Info] Read 724 of 2378 asset file contents into memory...
[18/04/2026 1:34:59 AM] [Info] Loaded 724 of 2378 assets...
[18/04/2026 1:35:00 AM] [Info] Read 728 of 2378 asset file contents into memory...
[18/04/2026 1:35:00 AM] [Info] Loaded 728 of 2378 assets...
[18/04/2026 1:35:00 AM] [Info] Read 733 of 2378 asset file contents into memory...
[18/04/2026 1:35:00 AM] [Info] Loaded 733 of 2378 assets...
[18/04/2026 1:35:00 AM] [Info] Read 737 of 2378 asset file contents into memory...
[18/04/2026 1:35:00 AM] [Info] Loaded 737 of 2378 assets...
[18/04/2026 1:35:00 AM] [Info] Read 742 of 2378 asset file contents into memory...
[18/04/2026 1:35:00 AM] [Info] Loaded 742 of 2378 assets...
[18/04/2026 1:35:00 AM] [Info] Read 747 of 2378 asset file contents into memory...
[18/04/2026 1:35:00 AM] [Info] Loaded 747 of 2378 assets...
[18/04/2026 1:35:00 AM] [Info] Read 752 of 2378 asset file contents into memory...
[18/04/2026 1:35:00 AM] [Info] Loaded 752 of 2378 assets...
[18/04/2026 1:35:00 AM] [Info] Read 756 of 2378 asset file contents into memory...
[18/04/2026 1:35:00 AM] [Info] Loaded 756 of 2378 assets...
[18/04/2026 1:35:00 AM] [Info] Read 761 of 2378 asset file contents into memory...
[18/04/2026 1:35:00 AM] [Info] Loaded 761 of 2378 assets...
[18/04/2026 1:35:00 AM] [Info] Read 765 of 2378 asset file contents into memory...
[18/04/2026 1:35:00 AM] [Info] Loaded 765 of 2378 assets...
[18/04/2026 1:35:00 AM] [Info] Read 769 of 2378 asset file contents into memory...
[18/04/2026 1:35:00 AM] [Info] Loaded 769 of 2378 assets...
[18/04/2026 1:35:00 AM] [Info] Read 774 of 2378 asset file contents into memory...
[18/04/2026 1:35:00 AM] [Info] Loaded 774 of 2378 assets...
[18/04/2026 1:35:00 AM] [Info] Read 778 of 2378 asset file contents into memory...
[18/04/2026 1:35:00 AM] [Info] Loaded 778 of 2378 assets...
[18/04/2026 1:35:00 AM] [Info] Read 782 of 2378 asset file contents into memory...
[18/04/2026 1:35:00 AM] [Info] Loaded 782 of 2378 assets...
[18/04/2026 1:35:00 AM] [Info] Read 786 of 2378 asset file contents into memory...
[18/04/2026 1:35:00 AM] [Info] Loaded 786 of 2378 assets...
[18/04/2026 1:35:00 AM] [Info] Read 790 of 2378 asset file contents into memory...
[18/04/2026 1:35:00 AM] [Info] Loaded 790 of 2378 assets...
[18/04/2026 1:35:00 AM] [Info] Read 795 of 2378 asset file contents into memory...
[18/04/2026 1:35:00 AM] [Info] Loaded 795 of 2378 assets...
[18/04/2026 1:35:00 AM] [Info] Read 799 of 2378 asset file contents into memory...
[18/04/2026 1:35:00 AM] [Info] Loaded 799 of 2378 assets...
[18/04/2026 1:35:00 AM] [Info] Read 804 of 2378 asset file contents into memory...
[18/04/2026 1:35:00 AM] [Info] Loaded 804 of 2378 assets...
[18/04/2026 1:35:00 AM] [Info] Read 808 of 2378 asset file contents into memory...
[18/04/2026 1:35:00 AM] [Info] Loaded 808 of 2378 assets...
[18/04/2026 1:35:00 AM] [Info] Read 813 of 2378 asset file contents into memory...
[18/04/2026 1:35:00 AM] [Info] Loaded 813 of 2378 assets...
[18/04/2026 1:35:01 AM] [Info] Read 818 of 2378 asset file contents into memory...
[18/04/2026 1:35:01 AM] [Info] Loaded 818 of 2378 assets...
[18/04/2026 1:35:01 AM] [Info] Read 822 of 2378 asset file contents into memory...
[18/04/2026 1:35:01 AM] [Info] Loaded 822 of 2378 assets...
[18/04/2026 1:35:01 AM] [Info] Read 828 of 2378 asset file contents into memory...
[18/04/2026 1:35:01 AM] [Info] Loaded 827 of 2378 assets...
[18/04/2026 1:35:01 AM] [Info] Read 832 of 2378 asset file contents into memory...
[18/04/2026 1:35:01 AM] [Info] Loaded 832 of 2378 assets...
[18/04/2026 1:35:01 AM] [Info] Read 836 of 2378 asset file contents into memory...
[18/04/2026 1:35:01 AM] [Info] Loaded 836 of 2378 assets...
[18/04/2026 1:35:01 AM] [Info] Read 841 of 2378 asset file contents into memory...
[18/04/2026 1:35:01 AM] [Info] Loaded 841 of 2378 assets...
[18/04/2026 1:35:01 AM] [Info] Read 846 of 2378 asset file contents into memory...
[18/04/2026 1:35:01 AM] [Info] Loaded 846 of 2378 assets...
[18/04/2026 1:35:01 AM] [Info] Read 850 of 2378 asset file contents into memory...
[18/04/2026 1:35:01 AM] [Info] Loaded 850 of 2378 assets...
[18/04/2026 1:35:01 AM] [Info] Read 854 of 2378 asset file contents into memory...
[18/04/2026 1:35:01 AM] [Info] Loaded 854 of 2378 assets...
[18/04/2026 1:35:01 AM] [Info] Read 858 of 2378 asset file contents into memory...
[18/04/2026 1:35:01 AM] [Info] Loaded 858 of 2378 assets...
[18/04/2026 1:35:01 AM] [Info] Read 862 of 2378 asset file contents into memory...
[18/04/2026 1:35:01 AM] [Info] Loaded 862 of 2378 assets...
[18/04/2026 1:35:01 AM] [Info] Read 866 of 2378 asset file contents into memory...
[18/04/2026 1:35:01 AM] [Info] Loaded 866 of 2378 assets...
[18/04/2026 1:35:01 AM] [Info] Read 871 of 2378 asset file contents into memory...
[18/04/2026 1:35:01 AM] [Info] Loaded 871 of 2378 assets...
[18/04/2026 1:35:01 AM] [Info] Read 874 of 2378 asset file contents into memory...
[18/04/2026 1:35:01 AM] [Info] Loaded 874 of 2378 assets...
[18/04/2026 1:35:01 AM] [Info] Read 878 of 2378 asset file contents into memory...
[18/04/2026 1:35:01 AM] [Info] Loaded 878 of 2378 assets...
[18/04/2026 1:35:01 AM] [Info] Read 882 of 2378 asset file contents into memory...
[18/04/2026 1:35:01 AM] [Info] Loaded 882 of 2378 assets...
[18/04/2026 1:35:01 AM] [Info] Read 886 of 2378 asset file contents into memory...
[18/04/2026 1:35:01 AM] [Info] Loaded 886 of 2378 assets...
[18/04/2026 1:35:01 AM] [Info] Read 890 of 2378 asset file contents into memory...
[18/04/2026 1:35:01 AM] [Info] Loaded 890 of 2378 assets...
[18/04/2026 1:35:01 AM] [Info] Read 894 of 2378 asset file contents into memory...
[18/04/2026 1:35:01 AM] [Info] Loaded 894 of 2378 assets...
[18/04/2026 1:35:01 AM] [Info] Read 898 of 2378 asset file contents into memory...
[18/04/2026 1:35:01 AM] [Info] Loaded 898 of 2378 assets...
[18/04/2026 1:35:02 AM] [Info] Read 902 of 2378 asset file contents into memory...
[18/04/2026 1:35:02 AM] [Info] Loaded 902 of 2378 assets...
[18/04/2026 1:35:02 AM] [Info] Read 906 of 2378 asset file contents into memory...
[18/04/2026 1:35:02 AM] [Info] Loaded 906 of 2378 assets...
[18/04/2026 1:35:02 AM] [Info] Read 910 of 2378 asset file contents into memory...
[18/04/2026 1:35:02 AM] [Info] Loaded 910 of 2378 assets...
[18/04/2026 1:35:02 AM] [Info] Read 915 of 2378 asset file contents into memory...
[18/04/2026 1:35:02 AM] [Info] Loaded 915 of 2378 assets...
[18/04/2026 1:35:02 AM] [Info] Read 919 of 2378 asset file contents into memory...
[18/04/2026 1:35:02 AM] [Info] Loaded 919 of 2378 assets...
[18/04/2026 1:35:02 AM] [Info] Read 923 of 2378 asset file contents into memory...
[18/04/2026 1:35:02 AM] [Info] Loaded 923 of 2378 assets...
[18/04/2026 1:35:02 AM] [Info] Read 928 of 2378 asset file contents into memory...
[18/04/2026 1:35:02 AM] [Info] Loaded 928 of 2378 assets...
[18/04/2026 1:35:02 AM] [Info] Read 932 of 2378 asset file contents into memory...
[18/04/2026 1:35:02 AM] [Info] Loaded 932 of 2378 assets...
[18/04/2026 1:35:02 AM] [Info] Read 936 of 2378 asset file contents into memory...
[18/04/2026 1:35:02 AM] [Info] Loaded 936 of 2378 assets...
[18/04/2026 1:35:02 AM] [Info] Read 940 of 2378 asset file contents into memory...
[18/04/2026 1:35:02 AM] [Info] Loaded 940 of 2378 assets...
[18/04/2026 1:35:02 AM] [Info] Read 945 of 2378 asset file contents into memory...
[18/04/2026 1:35:02 AM] [Info] Loaded 945 of 2378 assets...
[18/04/2026 1:35:02 AM] [Info] Read 949 of 2378 asset file contents into memory...
[18/04/2026 1:35:02 AM] [Info] Loaded 949 of 2378 assets...
[18/04/2026 1:35:02 AM] [Info] Read 954 of 2378 asset file contents into memory...
[18/04/2026 1:35:02 AM] [Info] Loaded 954 of 2378 assets...
[18/04/2026 1:35:02 AM] [Info] Read 958 of 2378 asset file contents into memory...
[18/04/2026 1:35:02 AM] [Info] Loaded 958 of 2378 assets...
[18/04/2026 1:35:02 AM] [Info] Read 962 of 2378 asset file contents into memory...
[18/04/2026 1:35:02 AM] [Info] Loaded 962 of 2378 assets...
[18/04/2026 1:35:02 AM] [Info] Read 967 of 2378 asset file contents into memory...
[18/04/2026 1:35:02 AM] [Info] Loaded 967 of 2378 assets...
[18/04/2026 1:35:02 AM] [Info] Read 970 of 2378 asset file contents into memory...
[18/04/2026 1:35:02 AM] [Info] Loaded 970 of 2378 assets...
[18/04/2026 1:35:02 AM] [Info] Read 974 of 2378 asset file contents into memory...
[18/04/2026 1:35:02 AM] [Info] Loaded 974 of 2378 assets...
[18/04/2026 1:35:02 AM] [Info] Read 979 of 2378 asset file contents into memory...
[18/04/2026 1:35:02 AM] [Info] Loaded 979 of 2378 assets...
[18/04/2026 1:35:02 AM] [Info] Read 983 of 2378 asset file contents into memory...
[18/04/2026 1:35:02 AM] [Info] Loaded 983 of 2378 assets...
[18/04/2026 1:35:03 AM] [Info] Read 987 of 2378 asset file contents into memory...
[18/04/2026 1:35:03 AM] [Info] Loaded 987 of 2378 assets...
[18/04/2026 1:35:03 AM] [Info] Read 991 of 2378 asset file contents into memory...
[18/04/2026 1:35:03 AM] [Info] Loaded 991 of 2378 assets...
[18/04/2026 1:35:03 AM] [Info] Read 995 of 2378 asset file contents into memory...
[18/04/2026 1:35:03 AM] [Info] Loaded 995 of 2378 assets...
[18/04/2026 1:35:03 AM] [Info] Read 1000 of 2378 asset file contents into memory...
[18/04/2026 1:35:03 AM] [Info] Loaded 1000 of 2378 assets...
[18/04/2026 1:35:03 AM] [Info] Read 1004 of 2378 asset file contents into memory...
[18/04/2026 1:35:03 AM] [Info] Loaded 1004 of 2378 assets...
[18/04/2026 1:35:03 AM] [Info] Read 1008 of 2378 asset file contents into memory...
[18/04/2026 1:35:03 AM] [Info] Loaded 1008 of 2378 assets...
[18/04/2026 1:35:03 AM] [Info] Read 1013 of 2378 asset file contents into memory...
[18/04/2026 1:35:03 AM] [Info] Loaded 1013 of 2378 assets...
[18/04/2026 1:35:03 AM] [Info] Read 1018 of 2378 asset file contents into memory...
[18/04/2026 1:35:03 AM] [Info] Loaded 1018 of 2378 assets...
[18/04/2026 1:35:03 AM] [Info] Read 1022 of 2378 asset file contents into memory...
[18/04/2026 1:35:03 AM] [Info] Loaded 1022 of 2378 assets...
[18/04/2026 1:35:03 AM] [Info] Read 1026 of 2378 asset file contents into memory...
[18/04/2026 1:35:03 AM] [Info] Loaded 1026 of 2378 assets...
[18/04/2026 1:35:03 AM] [Info] Read 1030 of 2378 asset file contents into memory...
[18/04/2026 1:35:03 AM] [Info] Loaded 1030 of 2378 assets...
[18/04/2026 1:35:03 AM] [Info] Read 1036 of 2378 asset file contents into memory...
[18/04/2026 1:35:03 AM] [Info] Loaded 1036 of 2378 assets...
[18/04/2026 1:35:03 AM] [Info] Read 1041 of 2378 asset file contents into memory...
[18/04/2026 1:35:03 AM] [Info] Loaded 1041 of 2378 assets...
[18/04/2026 1:35:03 AM] [Info] Read 1046 of 2378 asset file contents into memory...
[18/04/2026 1:35:03 AM] [Info] Loaded 1046 of 2378 assets...
[18/04/2026 1:35:03 AM] [Info] Read 1051 of 2378 asset file contents into memory...
[18/04/2026 1:35:03 AM] [Info] Loaded 1051 of 2378 assets...
[18/04/2026 1:35:03 AM] [Info] Read 1056 of 2378 asset file contents into memory...
[18/04/2026 1:35:03 AM] [Info] Loaded 1056 of 2378 assets...
[18/04/2026 1:35:03 AM] [Info] Read 1061 of 2378 asset file contents into memory...
[18/04/2026 1:35:03 AM] [Info] Loaded 1061 of 2378 assets...
[18/04/2026 1:35:03 AM] [Info] Read 1066 of 2378 asset file contents into memory...
[18/04/2026 1:35:03 AM] [Info] Loaded 1066 of 2378 assets...
[18/04/2026 1:35:03 AM] [Info] Read 1071 of 2378 asset file contents into memory...
[18/04/2026 1:35:03 AM] [Info] Loaded 1071 of 2378 assets...
[18/04/2026 1:35:03 AM] [Info] Read 1077 of 2378 asset file contents into memory...
[18/04/2026 1:35:03 AM] [Info] Loaded 1077 of 2378 assets...
[18/04/2026 1:35:04 AM] [Info] Read 1082 of 2378 asset file contents into memory...
[18/04/2026 1:35:04 AM] [Info] Loaded 1082 of 2378 assets...
[18/04/2026 1:35:04 AM] [Info] Read 1087 of 2378 asset file contents into memory...
[18/04/2026 1:35:04 AM] [Info] Loaded 1087 of 2378 assets...
[18/04/2026 1:35:04 AM] [Info] Read 1092 of 2378 asset file contents into memory...
[18/04/2026 1:35:04 AM] [Info] Loaded 1092 of 2378 assets...
[18/04/2026 1:35:04 AM] [Info] Read 1097 of 2378 asset file contents into memory...
[18/04/2026 1:35:04 AM] [Info] Loaded 1097 of 2378 assets...
[18/04/2026 1:35:04 AM] [Info] Read 1102 of 2378 asset file contents into memory...
[18/04/2026 1:35:04 AM] [Info] Loaded 1102 of 2378 assets...
[18/04/2026 1:35:04 AM] [Info] Read 1107 of 2378 asset file contents into memory...
[18/04/2026 1:35:04 AM] [Info] Loaded 1107 of 2378 assets...
[18/04/2026 1:35:04 AM] [Info] Read 1112 of 2378 asset file contents into memory...
[18/04/2026 1:35:04 AM] [Info] Loaded 1112 of 2378 assets...
[18/04/2026 1:35:04 AM] [Info] Read 1118 of 2378 asset file contents into memory...
[18/04/2026 1:35:04 AM] [Info] Loaded 1118 of 2378 assets...
[18/04/2026 1:35:04 AM] [Info] Read 1123 of 2378 asset file contents into memory...
[18/04/2026 1:35:04 AM] [Info] Loaded 1123 of 2378 assets...
[18/04/2026 1:35:04 AM] [Info] Read 1128 of 2378 asset file contents into memory...
[18/04/2026 1:35:04 AM] [Info] Loaded 1128 of 2378 assets...
[18/04/2026 1:35:04 AM] [Info] Read 1133 of 2378 asset file contents into memory...
[18/04/2026 1:35:04 AM] [Info] Loaded 1133 of 2378 assets...
[18/04/2026 1:35:04 AM] [Info] Read 1138 of 2378 asset file contents into memory...
[18/04/2026 1:35:04 AM] [Info] Loaded 1138 of 2378 assets...
[18/04/2026 1:35:04 AM] [Info] Read 1143 of 2378 asset file contents into memory...
[18/04/2026 1:35:04 AM] [Info] Loaded 1143 of 2378 assets...
[18/04/2026 1:35:04 AM] [Info] Read 1148 of 2378 asset file contents into memory...
[18/04/2026 1:35:04 AM] [Info] Loaded 1148 of 2378 assets...
[18/04/2026 1:35:04 AM] [Info] Read 1153 of 2378 asset file contents into memory...
[18/04/2026 1:35:04 AM] [Info] Loaded 1153 of 2378 assets...
[18/04/2026 1:35:04 AM] [Info] Read 1158 of 2378 asset file contents into memory...
[18/04/2026 1:35:04 AM] [Info] Loaded 1158 of 2378 assets...
[18/04/2026 1:35:04 AM] [Info] Read 1163 of 2378 asset file contents into memory...
[18/04/2026 1:35:04 AM] [Info] Loaded 1163 of 2378 assets...
[18/04/2026 1:35:04 AM] [Info] Read 1168 of 2378 asset file contents into memory...
[18/04/2026 1:35:04 AM] [Info] Loaded 1168 of 2378 assets...
[18/04/2026 1:35:04 AM] [Info] Read 1173 of 2378 asset file contents into memory...
[18/04/2026 1:35:04 AM] [Info] Loaded 1173 of 2378 assets...
[18/04/2026 1:35:04 AM] [Info] Read 1178 of 2378 asset file contents into memory...
[18/04/2026 1:35:04 AM] [Info] Loaded 1178 of 2378 assets...
[18/04/2026 1:35:05 AM] [Info] Read 1183 of 2378 asset file contents into memory...
[18/04/2026 1:35:05 AM] [Info] Loaded 1183 of 2378 assets...
[18/04/2026 1:35:05 AM] [Info] Read 1188 of 2378 asset file contents into memory...
[18/04/2026 1:35:05 AM] [Info] Loaded 1188 of 2378 assets...
[18/04/2026 1:35:05 AM] [Info] Read 1193 of 2378 asset file contents into memory...
[18/04/2026 1:35:05 AM] [Info] Loaded 1193 of 2378 assets...
[18/04/2026 1:35:05 AM] [Info] Read 1198 of 2378 asset file contents into memory...
[18/04/2026 1:35:05 AM] [Info] Loaded 1198 of 2378 assets...
[18/04/2026 1:35:05 AM] [Info] Read 1204 of 2378 asset file contents into memory...
[18/04/2026 1:35:05 AM] [Info] Loaded 1204 of 2378 assets...
[18/04/2026 1:35:05 AM] [Info] Read 1209 of 2378 asset file contents into memory...
[18/04/2026 1:35:05 AM] [Info] Loaded 1209 of 2378 assets...
[18/04/2026 1:35:05 AM] [Info] Read 1214 of 2378 asset file contents into memory...
[18/04/2026 1:35:05 AM] [Info] Loaded 1214 of 2378 assets...
[18/04/2026 1:35:05 AM] [Info] Read 1219 of 2378 asset file contents into memory...
[18/04/2026 1:35:05 AM] [Info] Loaded 1219 of 2378 assets...
[18/04/2026 1:35:05 AM] [Info] Read 1224 of 2378 asset file contents into memory...
[18/04/2026 1:35:05 AM] [Info] Loaded 1224 of 2378 assets...
[18/04/2026 1:35:05 AM] [Info] Read 1229 of 2378 asset file contents into memory...
[18/04/2026 1:35:05 AM] [Info] Loaded 1229 of 2378 assets...
[18/04/2026 1:35:05 AM] [Info] Read 1235 of 2378 asset file contents into memory...
[18/04/2026 1:35:05 AM] [Info] Loaded 1235 of 2378 assets...
[18/04/2026 1:35:05 AM] [Info] Read 1240 of 2378 asset file contents into memory...
[18/04/2026 1:35:05 AM] [Info] Loaded 1240 of 2378 assets...
[18/04/2026 1:35:05 AM] [Info] Read 1245 of 2378 asset file contents into memory...
[18/04/2026 1:35:05 AM] [Info] Loaded 1245 of 2378 assets...
[18/04/2026 1:35:05 AM] [Info] Read 1250 of 2378 asset file contents into memory...
[18/04/2026 1:35:05 AM] [Info] Loaded 1250 of 2378 assets...
[18/04/2026 1:35:05 AM] [Info] Read 1255 of 2378 asset file contents into memory...
[18/04/2026 1:35:05 AM] [Info] Loaded 1255 of 2378 assets...
[18/04/2026 1:35:05 AM] [Info] Read 1260 of 2378 asset file contents into memory...
[18/04/2026 1:35:05 AM] [Info] Loaded 1260 of 2378 assets...
[18/04/2026 1:35:05 AM] [Info] Read 1265 of 2378 asset file contents into memory...
[18/04/2026 1:35:05 AM] [Info] Loaded 1265 of 2378 assets...
[18/04/2026 1:35:05 AM] [Info] Read 1270 of 2378 asset file contents into memory...
[18/04/2026 1:35:05 AM] [Info] Loaded 1270 of 2378 assets...
[18/04/2026 1:35:05 AM] [Info] Read 1275 of 2378 asset file contents into memory...
[18/04/2026 1:35:05 AM] [Info] Loaded 1275 of 2378 assets...
[18/04/2026 1:35:05 AM] [Info] Read 1280 of 2378 asset file contents into memory...
[18/04/2026 1:35:05 AM] [Info] Loaded 1280 of 2378 assets...
[18/04/2026 1:35:06 AM] [Info] Read 1284 of 2378 asset file contents into memory...
[18/04/2026 1:35:06 AM] [Info] Loaded 1284 of 2378 assets...
[18/04/2026 1:35:06 AM] [Info] Read 1289 of 2378 asset file contents into memory...
[18/04/2026 1:35:06 AM] [Info] Loaded 1289 of 2378 assets...
[18/04/2026 1:35:06 AM] [Info] Read 1294 of 2378 asset file contents into memory...
[18/04/2026 1:35:06 AM] [Info] Loaded 1294 of 2378 assets...
[18/04/2026 1:35:06 AM] [Info] Read 1299 of 2378 asset file contents into memory...
[18/04/2026 1:35:06 AM] [Info] Loaded 1299 of 2378 assets...
[18/04/2026 1:35:06 AM] [Info] Read 1305 of 2378 asset file contents into memory...
[18/04/2026 1:35:06 AM] [Info] Loaded 1305 of 2378 assets...
[18/04/2026 1:35:06 AM] [Info] Read 1309 of 2378 asset file contents into memory...
[18/04/2026 1:35:06 AM] [Info] Loaded 1309 of 2378 assets...
[18/04/2026 1:35:06 AM] [Info] Read 1314 of 2378 asset file contents into memory...
[18/04/2026 1:35:06 AM] [Info] Loaded 1314 of 2378 assets...
[18/04/2026 1:35:06 AM] [Info] Read 1319 of 2378 asset file contents into memory...
[18/04/2026 1:35:06 AM] [Info] Loaded 1319 of 2378 assets...
[18/04/2026 1:35:06 AM] [Info] Read 1324 of 2378 asset file contents into memory...
[18/04/2026 1:35:06 AM] [Info] Loaded 1324 of 2378 assets...
[18/04/2026 1:35:06 AM] [Info] Read 1329 of 2378 asset file contents into memory...
[18/04/2026 1:35:06 AM] [Info] Loaded 1329 of 2378 assets...
[18/04/2026 1:35:06 AM] [Info] Read 1334 of 2378 asset file contents into memory...
[18/04/2026 1:35:06 AM] [Info] Loaded 1334 of 2378 assets...
[18/04/2026 1:35:06 AM] [Info] Read 1339 of 2378 asset file contents into memory...
[18/04/2026 1:35:06 AM] [Info] Loaded 1339 of 2378 assets...
[18/04/2026 1:35:06 AM] [Info] Read 1343 of 2378 asset file contents into memory...
[18/04/2026 1:35:06 AM] [Info] Loaded 1343 of 2378 assets...
[18/04/2026 1:35:06 AM] [Info] Read 1348 of 2378 asset file contents into memory...
[18/04/2026 1:35:06 AM] [Info] Loaded 1348 of 2378 assets...
[18/04/2026 1:35:06 AM] [Info] Read 1353 of 2378 asset file contents into memory...
[18/04/2026 1:35:06 AM] [Info] Loaded 1353 of 2378 assets...
[18/04/2026 1:35:06 AM] [Info] Read 1358 of 2378 asset file contents into memory...
[18/04/2026 1:35:06 AM] [Info] Loaded 1358 of 2378 assets...
[18/04/2026 1:35:06 AM] [Info] Read 1363 of 2378 asset file contents into memory...
[18/04/2026 1:35:06 AM] [Info] Loaded 1363 of 2378 assets...
[18/04/2026 1:35:06 AM] [Info] Read 1367 of 2378 asset file contents into memory...
[18/04/2026 1:35:06 AM] [Info] Loaded 1367 of 2378 assets...
[18/04/2026 1:35:06 AM] [Info] Read 1372 of 2378 asset file contents into memory...
[18/04/2026 1:35:06 AM] [Info] Loaded 1372 of 2378 assets...
[18/04/2026 1:35:06 AM] [Info] Read 1376 of 2378 asset file contents into memory...
[18/04/2026 1:35:06 AM] [Info] Loaded 1376 of 2378 assets...
[18/04/2026 1:35:07 AM] [Info] Read 1382 of 2378 asset file contents into memory...
[18/04/2026 1:35:07 AM] [Info] Loaded 1382 of 2378 assets...
[18/04/2026 1:35:07 AM] [Info] Read 1387 of 2378 asset file contents into memory...
[18/04/2026 1:35:07 AM] [Info] Loaded 1387 of 2378 assets...
[18/04/2026 1:35:07 AM] [Info] Read 1391 of 2378 asset file contents into memory...
[18/04/2026 1:35:07 AM] [Info] Loaded 1391 of 2378 assets...
[18/04/2026 1:35:07 AM] [Info] Read 1396 of 2378 asset file contents into memory...
[18/04/2026 1:35:07 AM] [Info] Loaded 1396 of 2378 assets...
[18/04/2026 1:35:07 AM] [Info] Read 1400 of 2378 asset file contents into memory...
[18/04/2026 1:35:07 AM] [Info] Loaded 1400 of 2378 assets...
[18/04/2026 1:35:07 AM] [Info] Read 1404 of 2378 asset file contents into memory...
[18/04/2026 1:35:07 AM] [Info] Loaded 1404 of 2378 assets...
[18/04/2026 1:35:07 AM] [Info] Read 1409 of 2378 asset file contents into memory...
[18/04/2026 1:35:07 AM] [Info] Loaded 1409 of 2378 assets...
[18/04/2026 1:35:07 AM] [Info] Read 1414 of 2378 asset file contents into memory...
[18/04/2026 1:35:07 AM] [Info] Loaded 1414 of 2378 assets...
[18/04/2026 1:35:07 AM] [Info] Read 1419 of 2378 asset file contents into memory...
[18/04/2026 1:35:07 AM] [Info] Loaded 1419 of 2378 assets...
[18/04/2026 1:35:07 AM] [Info] Read 1423 of 2378 asset file contents into memory...
[18/04/2026 1:35:07 AM] [Info] Loaded 1423 of 2378 assets...
[18/04/2026 1:35:07 AM] [Info] Read 1428 of 2378 asset file contents into memory...
[18/04/2026 1:35:07 AM] [Info] Loaded 1428 of 2378 assets...
[18/04/2026 1:35:07 AM] [Info] Read 1433 of 2378 asset file contents into memory...
[18/04/2026 1:35:07 AM] [Info] Loaded 1433 of 2378 assets...
[18/04/2026 1:35:07 AM] [Info] Read 1438 of 2378 asset file contents into memory...
[18/04/2026 1:35:07 AM] [Info] Loaded 1438 of 2378 assets...
[18/04/2026 1:35:07 AM] [Info] Read 1443 of 2378 asset file contents into memory...
[18/04/2026 1:35:07 AM] [Info] Loaded 1443 of 2378 assets...
[18/04/2026 1:35:07 AM] [Info] Read 1448 of 2378 asset file contents into memory...
[18/04/2026 1:35:07 AM] [Info] Loaded 1448 of 2378 assets...
[18/04/2026 1:35:07 AM] [Info] Read 1452 of 2378 asset file contents into memory...
[18/04/2026 1:35:07 AM] [Info] Loaded 1452 of 2378 assets...
[18/04/2026 1:35:07 AM] [Info] Read 1457 of 2378 asset file contents into memory...
[18/04/2026 1:35:07 AM] [Info] Loaded 1457 of 2378 assets...
[18/04/2026 1:35:07 AM] [Info] Read 1461 of 2378 asset file contents into memory...
[18/04/2026 1:35:07 AM] [Info] Loaded 1461 of 2378 assets...
[18/04/2026 1:35:07 AM] [Info] Read 1465 of 2378 asset file contents into memory...
[18/04/2026 1:35:07 AM] [Info] Loaded 1465 of 2378 assets...
[18/04/2026 1:35:07 AM] [Info] Read 1469 of 2378 asset file contents into memory...
[18/04/2026 1:35:07 AM] [Info] Loaded 1469 of 2378 assets...
[18/04/2026 1:35:08 AM] [Info] Read 1472 of 2378 asset file contents into memory...
[18/04/2026 1:35:08 AM] [Info] Loaded 1472 of 2378 assets...
[18/04/2026 1:35:08 AM] [Info] Read 1477 of 2378 asset file contents into memory...
[18/04/2026 1:35:08 AM] [Info] Loaded 1477 of 2378 assets...
[18/04/2026 1:35:08 AM] [Info] Read 1482 of 2378 asset file contents into memory...
[18/04/2026 1:35:08 AM] [Info] Loaded 1482 of 2378 assets...
[18/04/2026 1:35:08 AM] [Info] Read 1486 of 2378 asset file contents into memory...
[18/04/2026 1:35:08 AM] [Info] Loaded 1486 of 2378 assets...
[18/04/2026 1:35:08 AM] [Info] Read 1490 of 2378 asset file contents into memory...
[18/04/2026 1:35:08 AM] [Info] Loaded 1490 of 2378 assets...
[18/04/2026 1:35:08 AM] [Info] Read 1494 of 2378 asset file contents into memory...
[18/04/2026 1:35:08 AM] [Info] Loaded 1494 of 2378 assets...
[18/04/2026 1:35:08 AM] [Info] Read 1498 of 2378 asset file contents into memory...
[18/04/2026 1:35:08 AM] [Info] Loaded 1498 of 2378 assets...
[18/04/2026 1:35:08 AM] [Info] Read 1503 of 2378 asset file contents into memory...
[18/04/2026 1:35:08 AM] [Info] Loaded 1503 of 2378 assets...
[18/04/2026 1:35:08 AM] [Info] Read 1508 of 2378 asset file contents into memory...
[18/04/2026 1:35:08 AM] [Info] Loaded 1508 of 2378 assets...
[18/04/2026 1:35:08 AM] [Info] Read 1512 of 2378 asset file contents into memory...
[18/04/2026 1:35:08 AM] [Info] Loaded 1512 of 2378 assets...
[18/04/2026 1:35:08 AM] [Info] Read 1516 of 2378 asset file contents into memory...
[18/04/2026 1:35:08 AM] [Info] Loaded 1516 of 2378 assets...
[18/04/2026 1:35:08 AM] [Info] Read 1520 of 2378 asset file contents into memory...
[18/04/2026 1:35:08 AM] [Info] Loaded 1520 of 2378 assets...
[18/04/2026 1:35:08 AM] [Info] Read 1524 of 2378 asset file contents into memory...
[18/04/2026 1:35:08 AM] [Info] Loaded 1524 of 2378 assets...
[18/04/2026 1:35:08 AM] [Info] Read 1528 of 2378 asset file contents into memory...
[18/04/2026 1:35:08 AM] [Info] Loaded 1528 of 2378 assets...
[18/04/2026 1:35:08 AM] [Info] Read 1533 of 2378 asset file contents into memory...
[18/04/2026 1:35:08 AM] [Info] Loaded 1533 of 2378 assets...
[18/04/2026 1:35:08 AM] [Info] Read 1537 of 2378 asset file contents into memory...
[18/04/2026 1:35:08 AM] [Info] Loaded 1537 of 2378 assets...
[18/04/2026 1:35:08 AM] [Info] Read 1542 of 2378 asset file contents into memory...
[18/04/2026 1:35:08 AM] [Info] Loaded 1542 of 2378 assets...
[18/04/2026 1:35:08 AM] [Info] Read 1547 of 2378 asset file contents into memory...
[18/04/2026 1:35:08 AM] [Info] Loaded 1547 of 2378 assets...
[18/04/2026 1:35:09 AM] [Info] Read 1551 of 2378 asset file contents into memory...
[18/04/2026 1:35:09 AM] [Info] Loaded 1551 of 2378 assets...
[18/04/2026 1:35:09 AM] [Info] Read 1556 of 2378 asset file contents into memory...
[18/04/2026 1:35:09 AM] [Info] Loaded 1556 of 2378 assets...
[18/04/2026 1:35:09 AM] [Info] Read 1561 of 2378 asset file contents into memory...
[18/04/2026 1:35:09 AM] [Info] Loaded 1561 of 2378 assets...
[18/04/2026 1:35:09 AM] [Info] Read 1565 of 2378 asset file contents into memory...
[18/04/2026 1:35:09 AM] [Info] Loaded 1565 of 2378 assets...
[18/04/2026 1:35:09 AM] [Info] Read 1569 of 2378 asset file contents into memory...
[18/04/2026 1:35:09 AM] [Info] Loaded 1569 of 2378 assets...
[18/04/2026 1:35:09 AM] [Info] Read 1574 of 2378 asset file contents into memory...
[18/04/2026 1:35:09 AM] [Info] Loaded 1574 of 2378 assets...
[18/04/2026 1:35:09 AM] [Info] Read 1579 of 2378 asset file contents into memory...
[18/04/2026 1:35:09 AM] [Info] Loaded 1579 of 2378 assets...
[18/04/2026 1:35:09 AM] [Info] Read 1583 of 2378 asset file contents into memory...
[18/04/2026 1:35:09 AM] [Info] Loaded 1583 of 2378 assets...
[18/04/2026 1:35:09 AM] [Info] Read 1587 of 2378 asset file contents into memory...
[18/04/2026 1:35:09 AM] [Info] Loaded 1587 of 2378 assets...
[18/04/2026 1:35:09 AM] [Info] Read 1590 of 2378 asset file contents into memory...
[18/04/2026 1:35:09 AM] [Info] Loaded 1590 of 2378 assets...
[18/04/2026 1:35:09 AM] [Info] Read 1593 of 2378 asset file contents into memory...
[18/04/2026 1:35:09 AM] [Info] Loaded 1593 of 2378 assets...
[18/04/2026 1:35:09 AM] [Info] Read 1597 of 2378 asset file contents into memory...
[18/04/2026 1:35:09 AM] [Info] Loaded 1597 of 2378 assets...
[18/04/2026 1:35:09 AM] [Info] Read 1601 of 2378 asset file contents into memory...
[18/04/2026 1:35:09 AM] [Info] Loaded 1601 of 2378 assets...
[18/04/2026 1:35:09 AM] [Info] Read 1605 of 2378 asset file contents into memory...
[18/04/2026 1:35:09 AM] [Info] Loaded 1605 of 2378 assets...
[18/04/2026 1:35:09 AM] [Info] Read 1608 of 2378 asset file contents into memory...
[18/04/2026 1:35:09 AM] [Info] Loaded 1608 of 2378 assets...
[18/04/2026 1:35:09 AM] [Info] Read 1613 of 2378 asset file contents into memory...
[18/04/2026 1:35:09 AM] [Info] Loaded 1613 of 2378 assets...
[18/04/2026 1:35:09 AM] [Info] Read 1616 of 2378 asset file contents into memory...
[18/04/2026 1:35:09 AM] [Info] Loaded 1616 of 2378 assets...
[18/04/2026 1:35:09 AM] [Info] Read 1621 of 2378 asset file contents into memory...
[18/04/2026 1:35:09 AM] [Info] Loaded 1621 of 2378 assets...
[18/04/2026 1:35:09 AM] [Info] Read 1625 of 2378 asset file contents into memory...
[18/04/2026 1:35:09 AM] [Info] Loaded 1625 of 2378 assets...
[18/04/2026 1:35:09 AM] [Info] Read 1629 of 2378 asset file contents into memory...
[18/04/2026 1:35:09 AM] [Info] Loaded 1629 of 2378 assets...
[18/04/2026 1:35:10 AM] [Info] Read 1633 of 2378 asset file contents into memory...
[18/04/2026 1:35:10 AM] [Info] Loaded 1633 of 2378 assets...
[18/04/2026 1:35:10 AM] [Info] Read 1636 of 2378 asset file contents into memory...
[18/04/2026 1:35:10 AM] [Info] Loaded 1636 of 2378 assets...
[18/04/2026 1:35:10 AM] [Info] Read 1640 of 2378 asset file contents into memory...
[18/04/2026 1:35:10 AM] [Info] Loaded 1640 of 2378 assets...
[18/04/2026 1:35:10 AM] [Info] Read 1644 of 2378 asset file contents into memory...
[18/04/2026 1:35:10 AM] [Info] Loaded 1644 of 2378 assets...
[18/04/2026 1:35:10 AM] [Info] Read 1648 of 2378 asset file contents into memory...
[18/04/2026 1:35:10 AM] [Info] Loaded 1648 of 2378 assets...
[18/04/2026 1:35:10 AM] [Info] Read 1652 of 2378 asset file contents into memory...
[18/04/2026 1:35:10 AM] [Info] Loaded 1652 of 2378 assets...
[18/04/2026 1:35:10 AM] [Info] Read 1656 of 2378 asset file contents into memory...
[18/04/2026 1:35:10 AM] [Info] Loaded 1656 of 2378 assets...
[18/04/2026 1:35:10 AM] [Info] Read 1660 of 2378 asset file contents into memory...
[18/04/2026 1:35:10 AM] [Info] Loaded 1660 of 2378 assets...
[18/04/2026 1:35:10 AM] [Info] Read 1664 of 2378 asset file contents into memory...
[18/04/2026 1:35:10 AM] [Info] Loaded 1664 of 2378 assets...
[18/04/2026 1:35:10 AM] [Info] Read 1669 of 2378 asset file contents into memory...
[18/04/2026 1:35:10 AM] [Info] Loaded 1669 of 2378 assets...
[18/04/2026 1:35:10 AM] [Info] Read 1673 of 2378 asset file contents into memory...
[18/04/2026 1:35:10 AM] [Info] Loaded 1673 of 2378 assets...
[18/04/2026 1:35:10 AM] [Info] Read 1677 of 2378 asset file contents into memory...
[18/04/2026 1:35:10 AM] [Info] Loaded 1677 of 2378 assets...
[18/04/2026 1:35:10 AM] [Info] Read 1682 of 2378 asset file contents into memory...
[18/04/2026 1:35:10 AM] [Info] Loaded 1682 of 2378 assets...
[18/04/2026 1:35:10 AM] [Info] Read 1687 of 2378 asset file contents into memory...
[18/04/2026 1:35:10 AM] [Info] Loaded 1687 of 2378 assets...
[18/04/2026 1:35:10 AM] [Info] Read 1692 of 2378 asset file contents into memory...
[18/04/2026 1:35:10 AM] [Info] Loaded 1692 of 2378 assets...
[18/04/2026 1:35:10 AM] [Info] Read 1697 of 2378 asset file contents into memory...
[18/04/2026 1:35:10 AM] [Info] Loaded 1697 of 2378 assets...
[18/04/2026 1:35:10 AM] [Info] Read 1701 of 2378 asset file contents into memory...
[18/04/2026 1:35:10 AM] [Info] Loaded 1701 of 2378 assets...
[18/04/2026 1:35:10 AM] [Info] Read 1705 of 2378 asset file contents into memory...
[18/04/2026 1:35:10 AM] [Info] Loaded 1705 of 2378 assets...
[18/04/2026 1:35:10 AM] [Info] Read 1710 of 2378 asset file contents into memory...
[18/04/2026 1:35:10 AM] [Info] Loaded 1710 of 2378 assets...
[18/04/2026 1:35:10 AM] [Info] Read 1715 of 2378 asset file contents into memory...
[18/04/2026 1:35:10 AM] [Info] Loaded 1715 of 2378 assets...
[18/04/2026 1:35:11 AM] [Info] Read 1720 of 2378 asset file contents into memory...
[18/04/2026 1:35:11 AM] [Info] Loaded 1720 of 2378 assets...
[18/04/2026 1:35:11 AM] [Info] Read 1724 of 2378 asset file contents into memory...
[18/04/2026 1:35:11 AM] [Info] Loaded 1724 of 2378 assets...
[18/04/2026 1:35:11 AM] [Info] Read 1729 of 2378 asset file contents into memory...
[18/04/2026 1:35:11 AM] [Info] Loaded 1729 of 2378 assets...
[18/04/2026 1:35:11 AM] [Info] Read 1733 of 2378 asset file contents into memory...
[18/04/2026 1:35:11 AM] [Info] Loaded 1733 of 2378 assets...
[18/04/2026 1:35:11 AM] [Info] Read 1737 of 2378 asset file contents into memory...
[18/04/2026 1:35:11 AM] [Info] Loaded 1737 of 2378 assets...
[18/04/2026 1:35:11 AM] [Info] Read 1742 of 2378 asset file contents into memory...
[18/04/2026 1:35:11 AM] [Info] Loaded 1742 of 2378 assets...
[18/04/2026 1:35:11 AM] [Info] Read 1747 of 2378 asset file contents into memory...
[18/04/2026 1:35:11 AM] [Info] Loaded 1747 of 2378 assets...
[18/04/2026 1:35:11 AM] [Info] Read 1751 of 2378 asset file contents into memory...
[18/04/2026 1:35:11 AM] [Info] Loaded 1751 of 2378 assets...
[18/04/2026 1:35:11 AM] [Info] Read 1759 of 2378 asset file contents into memory...
[18/04/2026 1:35:11 AM] [Info] Loaded 1759 of 2378 assets...
[18/04/2026 1:35:11 AM] [Info] Read 1769 of 2378 asset file contents into memory...
[18/04/2026 1:35:11 AM] [Info] Loaded 1769 of 2378 assets...
[18/04/2026 1:35:11 AM] [Info] Read 1779 of 2378 asset file contents into memory...
[18/04/2026 1:35:11 AM] [Info] Loaded 1779 of 2378 assets...
[18/04/2026 1:35:11 AM] [Info] Read 1789 of 2378 asset file contents into memory...
[18/04/2026 1:35:11 AM] [Info] Loaded 1789 of 2378 assets...
[18/04/2026 1:35:11 AM] [Info] Read 1799 of 2378 asset file contents into memory...
[18/04/2026 1:35:11 AM] [Info] Loaded 1799 of 2378 assets...
[18/04/2026 1:35:11 AM] [Info] Read 1808 of 2378 asset file contents into memory...
[18/04/2026 1:35:11 AM] [Info] Loaded 1808 of 2378 assets...
[18/04/2026 1:35:11 AM] [Info] Read 1816 of 2378 asset file contents into memory...
[18/04/2026 1:35:11 AM] [Info] Loaded 1816 of 2378 assets...
[18/04/2026 1:35:11 AM] [Info] Read 1825 of 2378 asset file contents into memory...
[18/04/2026 1:35:11 AM] [Info] Loaded 1825 of 2378 assets...
[18/04/2026 1:35:11 AM] [Info] Read 1833 of 2378 asset file contents into memory...
[18/04/2026 1:35:11 AM] [Info] Loaded 1833 of 2378 assets...
[18/04/2026 1:35:11 AM] [Info] Read 1841 of 2378 asset file contents into memory...
[18/04/2026 1:35:11 AM] [Info] Loaded 1841 of 2378 assets...
[18/04/2026 1:35:11 AM] [Info] Read 1847 of 2378 asset file contents into memory...
[18/04/2026 1:35:11 AM] [Info] Loaded 1847 of 2378 assets...
[18/04/2026 1:35:11 AM] [Info] Read 1853 of 2378 asset file contents into memory...
[18/04/2026 1:35:11 AM] [Info] Loaded 1853 of 2378 assets...
[18/04/2026 1:35:12 AM] [Info] Read 1860 of 2378 asset file contents into memory...
[18/04/2026 1:35:12 AM] [Info] Loaded 1860 of 2378 assets...
[18/04/2026 1:35:12 AM] [Info] Read 1867 of 2378 asset file contents into memory...
[18/04/2026 1:35:12 AM] [Info] Loaded 1867 of 2378 assets...
[18/04/2026 1:35:12 AM] [Info] Read 1876 of 2378 asset file contents into memory...
[18/04/2026 1:35:12 AM] [Info] Loaded 1876 of 2378 assets...
[18/04/2026 1:35:12 AM] [Info] Read 1884 of 2378 asset file contents into memory...
[18/04/2026 1:35:12 AM] [Info] Loaded 1884 of 2378 assets...
[18/04/2026 1:35:12 AM] [Info] Read 1889 of 2378 asset file contents into memory...
[18/04/2026 1:35:12 AM] [Info] Loaded 1889 of 2378 assets...
[18/04/2026 1:35:12 AM] [Info] Read 1892 of 2378 asset file contents into memory...
[18/04/2026 1:35:12 AM] [Info] Loaded 1892 of 2378 assets...
[18/04/2026 1:35:12 AM] [Info] Read 1897 of 2378 asset file contents into memory...
[18/04/2026 1:35:12 AM] [Info] Loaded 1897 of 2378 assets...
[18/04/2026 1:35:12 AM] [Info] Read 1902 of 2378 asset file contents into memory...
[18/04/2026 1:35:12 AM] [Info] Loaded 1902 of 2378 assets...
[18/04/2026 1:35:12 AM] [Info] Read 1906 of 2378 asset file contents into memory...
[18/04/2026 1:35:12 AM] [Info] Loaded 1906 of 2378 assets...
[18/04/2026 1:35:12 AM] [Info] Read 1911 of 2378 asset file contents into memory...
[18/04/2026 1:35:12 AM] [Info] Loaded 1911 of 2378 assets...
[18/04/2026 1:35:12 AM] [Info] Read 1916 of 2378 asset file contents into memory...
[18/04/2026 1:35:12 AM] [Info] Loaded 1916 of 2378 assets...
[18/04/2026 1:35:12 AM] [Info] Read 1921 of 2378 asset file contents into memory...
[18/04/2026 1:35:12 AM] [Info] Loaded 1921 of 2378 assets...
[18/04/2026 1:35:12 AM] [Info] Read 1926 of 2378 asset file contents into memory...
[18/04/2026 1:35:12 AM] [Info] Loaded 1926 of 2378 assets...
[18/04/2026 1:35:12 AM] [Info] Read 1931 of 2378 asset file contents into memory...
[18/04/2026 1:35:12 AM] [Info] Loaded 1931 of 2378 assets...
[18/04/2026 1:35:12 AM] [Info] Read 1935 of 2378 asset file contents into memory...
[18/04/2026 1:35:12 AM] [Info] Loaded 1935 of 2378 assets...
[18/04/2026 1:35:12 AM] [Info] Read 1940 of 2378 asset file contents into memory...
[18/04/2026 1:35:12 AM] [Info] Loaded 1940 of 2378 assets...
[18/04/2026 1:35:12 AM] [Info] Read 1945 of 2378 asset file contents into memory...
[18/04/2026 1:35:12 AM] [Info] Loaded 1945 of 2378 assets...
[18/04/2026 1:35:12 AM] [Info] Read 1950 of 2378 asset file contents into memory...
[18/04/2026 1:35:12 AM] [Info] Loaded 1950 of 2378 assets...
[18/04/2026 1:35:12 AM] [Info] Read 1954 of 2378 asset file contents into memory...
[18/04/2026 1:35:12 AM] [Info] Loaded 1954 of 2378 assets...
[18/04/2026 1:35:12 AM] [Info] Read 1957 of 2378 asset file contents into memory...
[18/04/2026 1:35:12 AM] [Info] Loaded 1957 of 2378 assets...
[18/04/2026 1:35:13 AM] [Info] Read 1961 of 2378 asset file contents into memory...
[18/04/2026 1:35:13 AM] [Info] Loaded 1961 of 2378 assets...
[18/04/2026 1:35:13 AM] [Info] Read 1964 of 2378 asset file contents into memory...
[18/04/2026 1:35:13 AM] [Info] Loaded 1964 of 2378 assets...
[18/04/2026 1:35:13 AM] [Info] Read 1968 of 2378 asset file contents into memory...
[18/04/2026 1:35:13 AM] [Info] Loaded 1968 of 2378 assets...
[18/04/2026 1:35:13 AM] [Info] Read 1971 of 2378 asset file contents into memory...
[18/04/2026 1:35:13 AM] [Info] Loaded 1971 of 2378 assets...
[18/04/2026 1:35:13 AM] [Info] Read 1975 of 2378 asset file contents into memory...
[18/04/2026 1:35:13 AM] [Info] Loaded 1975 of 2378 assets...
[18/04/2026 1:35:13 AM] [Info] Read 1979 of 2378 asset file contents into memory...
[18/04/2026 1:35:13 AM] [Info] Loaded 1979 of 2378 assets...
[18/04/2026 1:35:13 AM] [Info] Read 1983 of 2378 asset file contents into memory...
[18/04/2026 1:35:13 AM] [Info] Loaded 1983 of 2378 assets...
[18/04/2026 1:35:13 AM] [Info] Read 1987 of 2378 asset file contents into memory...
[18/04/2026 1:35:13 AM] [Info] Loaded 1987 of 2378 assets...
[18/04/2026 1:35:13 AM] [Info] Read 1992 of 2378 asset file contents into memory...
[18/04/2026 1:35:13 AM] [Info] Loaded 1992 of 2378 assets...
[18/04/2026 1:35:13 AM] [Info] Read 1997 of 2378 asset file contents into memory...
[18/04/2026 1:35:13 AM] [Info] Loaded 1997 of 2378 assets...
[18/04/2026 1:35:13 AM] [Info] Read 2002 of 2378 asset file contents into memory...
[18/04/2026 1:35:13 AM] [Info] Loaded 2002 of 2378 assets...
[18/04/2026 1:35:13 AM] [Info] Read 2006 of 2378 asset file contents into memory...
[18/04/2026 1:35:13 AM] [Info] Loaded 2006 of 2378 assets...
[18/04/2026 1:35:13 AM] [Info] Read 2011 of 2378 asset file contents into memory...
[18/04/2026 1:35:13 AM] [Info] Loaded 2011 of 2378 assets...
[18/04/2026 1:35:13 AM] [Info] Read 2014 of 2378 asset file contents into memory...
[18/04/2026 1:35:13 AM] [Info] Loaded 2014 of 2378 assets...
[18/04/2026 1:35:13 AM] [Info] Read 2018 of 2378 asset file contents into memory...
[18/04/2026 1:35:13 AM] [Info] Loaded 2018 of 2378 assets...
[18/04/2026 1:35:13 AM] [Info] Read 2022 of 2378 asset file contents into memory...
[18/04/2026 1:35:13 AM] [Info] Loaded 2022 of 2378 assets...
[18/04/2026 1:35:13 AM] [Info] Read 2026 of 2378 asset file contents into memory...
[18/04/2026 1:35:13 AM] [Info] Loaded 2026 of 2378 assets...
[18/04/2026 1:35:13 AM] [Info] Read 2030 of 2378 asset file contents into memory...
[18/04/2026 1:35:13 AM] [Info] Loaded 2030 of 2378 assets...
[18/04/2026 1:35:13 AM] [Info] Read 2034 of 2378 asset file contents into memory...
[18/04/2026 1:35:13 AM] [Info] Loaded 2034 of 2378 assets...
[18/04/2026 1:35:13 AM] [Info] Read 2038 of 2378 asset file contents into memory...
[18/04/2026 1:35:13 AM] [Info] Loaded 2038 of 2378 assets...
[18/04/2026 1:35:14 AM] [Info] Read 2041 of 2378 asset file contents into memory...
[18/04/2026 1:35:14 AM] [Info] Loaded 2041 of 2378 assets...
[18/04/2026 1:35:14 AM] [Info] Read 2045 of 2378 asset file contents into memory...
[18/04/2026 1:35:14 AM] [Info] Loaded 2045 of 2378 assets...
[18/04/2026 1:35:14 AM] [Info] Read 2048 of 2378 asset file contents into memory...
[18/04/2026 1:35:14 AM] [Info] Loaded 2048 of 2378 assets...
[18/04/2026 1:35:14 AM] [Info] Read 2053 of 2378 asset file contents into memory...
[18/04/2026 1:35:14 AM] [Info] Loaded 2053 of 2378 assets...
[18/04/2026 1:35:14 AM] [Info] Read 2056 of 2378 asset file contents into memory...
[18/04/2026 1:35:14 AM] [Info] Loaded 2056 of 2378 assets...
[18/04/2026 1:35:14 AM] [Info] Read 2060 of 2378 asset file contents into memory...
[18/04/2026 1:35:14 AM] [Info] Loaded 2060 of 2378 assets...
[18/04/2026 1:35:14 AM] [Info] Read 2063 of 2378 asset file contents into memory...
[18/04/2026 1:35:14 AM] [Info] Loaded 2063 of 2378 assets...
[18/04/2026 1:35:14 AM] [Info] Read 2066 of 2378 asset file contents into memory...
[18/04/2026 1:35:14 AM] [Info] Loaded 2066 of 2378 assets...
[18/04/2026 1:35:14 AM] [Info] Read 2070 of 2378 asset file contents into memory...
[18/04/2026 1:35:14 AM] [Info] Loaded 2070 of 2378 assets...
[18/04/2026 1:35:14 AM] [Info] Read 2074 of 2378 asset file contents into memory...
[18/04/2026 1:35:14 AM] [Info] Loaded 2074 of 2378 assets...
[18/04/2026 1:35:14 AM] [Info] Read 2077 of 2378 asset file contents into memory...
[18/04/2026 1:35:14 AM] [Info] Loaded 2077 of 2378 assets...
[18/04/2026 1:35:14 AM] [Info] Read 2081 of 2378 asset file contents into memory...
[18/04/2026 1:35:14 AM] [Info] Loaded 2081 of 2378 assets...
[18/04/2026 1:35:14 AM] [Info] Read 2085 of 2378 asset file contents into memory...
[18/04/2026 1:35:14 AM] [Info] Loaded 2085 of 2378 assets...
[18/04/2026 1:35:14 AM] [Info] Read 2089 of 2378 asset file contents into memory...
[18/04/2026 1:35:14 AM] [Info] Loaded 2089 of 2378 assets...
[18/04/2026 1:35:14 AM] [Info] Read 2093 of 2378 asset file contents into memory...
[18/04/2026 1:35:14 AM] [Info] Loaded 2093 of 2378 assets...
[18/04/2026 1:35:14 AM] [Info] Read 2097 of 2378 asset file contents into memory...
[18/04/2026 1:35:14 AM] [Info] Loaded 2097 of 2378 assets...
[18/04/2026 1:35:14 AM] [Info] Read 2101 of 2378 asset file contents into memory...
[18/04/2026 1:35:14 AM] [Info] Loaded 2101 of 2378 assets...
[18/04/2026 1:35:14 AM] [Info] Read 2105 of 2378 asset file contents into memory...
[18/04/2026 1:35:14 AM] [Info] Loaded 2105 of 2378 assets...
[18/04/2026 1:35:14 AM] [Info] Read 2109 of 2378 asset file contents into memory...
[18/04/2026 1:35:14 AM] [Info] Loaded 2109 of 2378 assets...
[18/04/2026 1:35:14 AM] [Info] Read 2113 of 2378 asset file contents into memory...
[18/04/2026 1:35:14 AM] [Info] Loaded 2113 of 2378 assets...
[18/04/2026 1:35:15 AM] [Info] Read 2117 of 2378 asset file contents into memory...
[18/04/2026 1:35:15 AM] [Info] Loaded 2117 of 2378 assets...
[18/04/2026 1:35:15 AM] [Info] Read 2121 of 2378 asset file contents into memory...
[18/04/2026 1:35:15 AM] [Info] Loaded 2121 of 2378 assets...
[18/04/2026 1:35:15 AM] [Info] Read 2125 of 2378 asset file contents into memory...
[18/04/2026 1:35:15 AM] [Info] Loaded 2125 of 2378 assets...
[18/04/2026 1:35:15 AM] [Info] Read 2128 of 2378 asset file contents into memory...
[18/04/2026 1:35:15 AM] [Info] Loaded 2128 of 2378 assets...
[18/04/2026 1:35:15 AM] [Info] Read 2132 of 2378 asset file contents into memory...
[18/04/2026 1:35:15 AM] [Info] Loaded 2132 of 2378 assets...
[18/04/2026 1:35:15 AM] [Info] Read 2136 of 2378 asset file contents into memory...
[18/04/2026 1:35:15 AM] [Info] Loaded 2136 of 2378 assets...
[18/04/2026 1:35:15 AM] [Info] Read 2140 of 2378 asset file contents into memory...
[18/04/2026 1:35:15 AM] [Info] Loaded 2140 of 2378 assets...
[18/04/2026 1:35:15 AM] [Info] Read 2144 of 2378 asset file contents into memory...
[18/04/2026 1:35:15 AM] [Info] Loaded 2144 of 2378 assets...
[18/04/2026 1:35:15 AM] [Info] Read 2147 of 2378 asset file contents into memory...
[18/04/2026 1:35:15 AM] [Info] Loaded 2147 of 2378 assets...
[18/04/2026 1:35:15 AM] [Info] Read 2151 of 2378 asset file contents into memory...
[18/04/2026 1:35:15 AM] [Info] Loaded 2151 of 2378 assets...
[18/04/2026 1:35:15 AM] [Info] Read 2155 of 2378 asset file contents into memory...
[18/04/2026 1:35:15 AM] [Info] Loaded 2155 of 2378 assets...
[18/04/2026 1:35:15 AM] [Info] Read 2159 of 2378 asset file contents into memory...
[18/04/2026 1:35:15 AM] [Info] Loaded 2159 of 2378 assets...
[18/04/2026 1:35:15 AM] [Info] Read 2163 of 2378 asset file contents into memory...
[18/04/2026 1:35:15 AM] [Info] Loaded 2163 of 2378 assets...
[18/04/2026 1:35:15 AM] [Info] Read 2166 of 2378 asset file contents into memory...
[18/04/2026 1:35:15 AM] [Info] Loaded 2166 of 2378 assets...
[18/04/2026 1:35:15 AM] [Info] Read 2170 of 2378 asset file contents into memory...
[18/04/2026 1:35:15 AM] [Info] Loaded 2170 of 2378 assets...
[18/04/2026 1:35:15 AM] [Info] Read 2174 of 2378 asset file contents into memory...
[18/04/2026 1:35:15 AM] [Info] Loaded 2174 of 2378 assets...
[18/04/2026 1:35:15 AM] [Info] Read 2177 of 2378 asset file contents into memory...
[18/04/2026 1:35:15 AM] [Info] Loaded 2177 of 2378 assets...
[18/04/2026 1:35:15 AM] [Info] Read 2181 of 2378 asset file contents into memory...
[18/04/2026 1:35:15 AM] [Info] Loaded 2181 of 2378 assets...
[18/04/2026 1:35:15 AM] [Info] Read 2184 of 2378 asset file contents into memory...
[18/04/2026 1:35:15 AM] [Info] Loaded 2184 of 2378 assets...
[18/04/2026 1:35:15 AM] [Info] Read 2188 of 2378 asset file contents into memory...
[18/04/2026 1:35:15 AM] [Info] Loaded 2188 of 2378 assets...
[18/04/2026 1:35:16 AM] [Info] Read 2192 of 2378 asset file contents into memory...
[18/04/2026 1:35:16 AM] [Info] Loaded 2192 of 2378 assets...
[18/04/2026 1:35:16 AM] [Info] Read 2197 of 2378 asset file contents into memory...
[18/04/2026 1:35:16 AM] [Info] Loaded 2197 of 2378 assets...
[18/04/2026 1:35:16 AM] [Info] Read 2201 of 2378 asset file contents into memory...
[18/04/2026 1:35:16 AM] [Info] Loaded 2201 of 2378 assets...
[18/04/2026 1:35:16 AM] [Info] Read 2205 of 2378 asset file contents into memory...
[18/04/2026 1:35:16 AM] [Info] Loaded 2205 of 2378 assets...
[18/04/2026 1:35:16 AM] [Info] Read 2209 of 2378 asset file contents into memory...
[18/04/2026 1:35:16 AM] [Info] Loaded 2209 of 2378 assets...
[18/04/2026 1:35:16 AM] [Info] Read 2214 of 2378 asset file contents into memory...
[18/04/2026 1:35:16 AM] [Info] Loaded 2214 of 2378 assets...
[18/04/2026 1:35:16 AM] [Info] Read 2218 of 2378 asset file contents into memory...
[18/04/2026 1:35:16 AM] [Info] Loaded 2218 of 2378 assets...
[18/04/2026 1:35:16 AM] [Info] Read 2223 of 2378 asset file contents into memory...
[18/04/2026 1:35:16 AM] [Info] Loaded 2223 of 2378 assets...
[18/04/2026 1:35:16 AM] [Info] Read 2227 of 2378 asset file contents into memory...
[18/04/2026 1:35:16 AM] [Info] Loaded 2227 of 2378 assets...
[18/04/2026 1:35:16 AM] [Info] Read 2232 of 2378 asset file contents into memory...
[18/04/2026 1:35:16 AM] [Info] Loaded 2232 of 2378 assets...
[18/04/2026 1:35:16 AM] [Info] Read 2236 of 2378 asset file contents into memory...
[18/04/2026 1:35:16 AM] [Info] Loaded 2236 of 2378 assets...
[18/04/2026 1:35:16 AM] [Info] Read 2241 of 2378 asset file contents into memory...
[18/04/2026 1:35:16 AM] [Info] Loaded 2241 of 2378 assets...
[18/04/2026 1:35:16 AM] [Info] Read 2245 of 2378 asset file contents into memory...
[18/04/2026 1:35:16 AM] [Info] Loaded 2245 of 2378 assets...
[18/04/2026 1:35:16 AM] [Info] Read 2250 of 2378 asset file contents into memory...
[18/04/2026 1:35:16 AM] [Info] Loaded 2250 of 2378 assets...
[18/04/2026 1:35:16 AM] [Info] Read 2255 of 2378 asset file contents into memory...
[18/04/2026 1:35:16 AM] [Info] Loaded 2255 of 2378 assets...
[18/04/2026 1:35:16 AM] [Info] Read 2259 of 2378 asset file contents into memory...
[18/04/2026 1:35:16 AM] [Info] Loaded 2259 of 2378 assets...
[18/04/2026 1:35:16 AM] [Info] Read 2263 of 2378 asset file contents into memory...
[18/04/2026 1:35:16 AM] [Info] Loaded 2263 of 2378 assets...
[18/04/2026 1:35:16 AM] [Info] Read 2268 of 2378 asset file contents into memory...
[18/04/2026 1:35:16 AM] [Info] Loaded 2268 of 2378 assets...
[18/04/2026 1:35:16 AM] [Info] Read 2272 of 2378 asset file contents into memory...
[18/04/2026 1:35:16 AM] [Info] Loaded 2272 of 2378 assets...
[18/04/2026 1:35:16 AM] [Info] Read 2276 of 2378 asset file contents into memory...
[18/04/2026 1:35:16 AM] [Info] Loaded 2276 of 2378 assets...
[18/04/2026 1:35:17 AM] [Info] Read 2281 of 2378 asset file contents into memory...
[18/04/2026 1:35:17 AM] [Info] Loaded 2281 of 2378 assets...
[18/04/2026 1:35:17 AM] [Info] Read 2286 of 2378 asset file contents into memory...
[18/04/2026 1:35:17 AM] [Info] Loaded 2286 of 2378 assets...
[18/04/2026 1:35:17 AM] [Info] Read 2291 of 2378 asset file contents into memory...
[18/04/2026 1:35:17 AM] [Info] Loaded 2291 of 2378 assets...
[18/04/2026 1:35:17 AM] [Info] Read 2295 of 2378 asset file contents into memory...
[18/04/2026 1:35:17 AM] [Info] Loaded 2295 of 2378 assets...
[18/04/2026 1:35:17 AM] [Info] Read 2300 of 2378 asset file contents into memory...
[18/04/2026 1:35:17 AM] [Info] Loaded 2300 of 2378 assets...
[18/04/2026 1:35:17 AM] [Info] Read 2304 of 2378 asset file contents into memory...
[18/04/2026 1:35:17 AM] [Info] Loaded 2304 of 2378 assets...
[18/04/2026 1:35:17 AM] [Info] Read 2308 of 2378 asset file contents into memory...
[18/04/2026 1:35:17 AM] [Info] Loaded 2308 of 2378 assets...
[18/04/2026 1:35:17 AM] [Info] Read 2313 of 2378 asset file contents into memory...
[18/04/2026 1:35:17 AM] [Info] Loaded 2313 of 2378 assets...
[18/04/2026 1:35:17 AM] [Info] Read 2318 of 2378 asset file contents into memory...
[18/04/2026 1:35:17 AM] [Info] Loaded 2318 of 2378 assets...
[18/04/2026 1:35:17 AM] [Info] Read 2323 of 2378 asset file contents into memory...
[18/04/2026 1:35:17 AM] [Info] Loaded 2323 of 2378 assets...
[18/04/2026 1:35:17 AM] [Info] Read 2328 of 2378 asset file contents into memory...
[18/04/2026 1:35:17 AM] [Info] Loaded 2328 of 2378 assets...
[18/04/2026 1:35:17 AM] [Info] Read 2333 of 2378 asset file contents into memory...
[18/04/2026 1:35:17 AM] [Info] Loaded 2333 of 2378 assets...
[18/04/2026 1:35:17 AM] [Info] Read 2338 of 2378 asset file contents into memory...
[18/04/2026 1:35:17 AM] [Info] Loaded 2338 of 2378 assets...
[18/04/2026 1:35:17 AM] [Info] Read 2343 of 2378 asset file contents into memory...
[18/04/2026 1:35:17 AM] [Info] Loaded 2343 of 2378 assets...
[18/04/2026 1:35:17 AM] [Info] Read 2348 of 2378 asset file contents into memory...
[18/04/2026 1:35:17 AM] [Info] Loaded 2348 of 2378 assets...
[18/04/2026 1:35:17 AM] [Info] Read 2352 of 2378 asset file contents into memory...
[18/04/2026 1:35:17 AM] [Info] Loaded 2352 of 2378 assets...
[18/04/2026 1:35:17 AM] [Info] Read 2357 of 2378 asset file contents into memory...
[18/04/2026 1:35:17 AM] [Info] Loaded 2357 of 2378 assets...
[18/04/2026 1:35:17 AM] [Info] Read 2362 of 2378 asset file contents into memory...
[18/04/2026 1:35:17 AM] [Info] Loaded 2362 of 2378 assets...
[18/04/2026 1:35:18 AM] [Info] Read 2366 of 2378 asset file contents into memory...
[18/04/2026 1:35:18 AM] [Info] Loaded 2366 of 2378 assets...
[18/04/2026 1:35:18 AM] [Info] Read 2371 of 2378 asset file contents into memory...
[18/04/2026 1:35:18 AM] [Info] Loaded 2371 of 2378 assets...
[18/04/2026 1:35:18 AM] [Info] Read 2375 of 2378 asset file contents into memory...
[18/04/2026 1:35:18 AM] [Info] Loaded 2375 of 2378 assets...
[18/04/2026 1:35:18 AM] [Info] Read 2378 of 2378 asset file contents into memory...
[18/04/2026 1:35:18 AM] [Info] Loaded 2378 of 2378 assets...
[18/04/2026 1:35:18 AM] [Info] Level overrides config Animals.Max_Instances_Medium: 256
[18/04/2026 1:35:18 AM] [Info] Skipping level config override Items.Quality_Full_Chance because it's overridden in server config
[18/04/2026 1:35:18 AM] [Info] Level overrides config Barricades.Allow_Item_Placement_On_Vehicle: False
[18/04/2026 1:35:18 AM] [Info] Level overrides config Barricades.Allow_Trap_Placement_On_Vehicle: False
[18/04/2026 1:35:18 AM] [Info] Level overrides config Barricades.Gun_Lowcal_Damage_Multiplier: 1
[18/04/2026 1:35:18 AM] [Info] Level overrides config Barricades.Gun_Highcal_Damage_Multiplier: 1
[18/04/2026 1:35:18 AM] [Info] Level overrides config Barricades.Armor_Lowtier_Multiplier: 1
[18/04/2026 1:35:18 AM] [Info] Level overrides config Barricades.Armor_Hightier_Multiplier: 1
[18/04/2026 1:35:18 AM] [Info] Level overrides config Structures.Gun_Lowcal_Damage_Multiplier: 1
[18/04/2026 1:35:18 AM] [Info] Level overrides config Structures.Gun_Highcal_Damage_Multiplier: 1
[18/04/2026 1:35:18 AM] [Info] Level overrides config Structures.Armor_Lowtier_Multiplier: 1
[18/04/2026 1:35:18 AM] [Info] Level overrides config Structures.Armor_Hightier_Multiplier: 1
[18/04/2026 1:35:18 AM] [Info] Level overrides config Structures.Melee_Damage_Multiplier: 1
[18/04/2026 1:35:18 AM] [Info] Level overrides config Structures.Melee_Repair_Multiplier: 1
[18/04/2026 1:35:18 AM] [Info] Level overrides config Events.Airdrop_Speed: 96
[18/04/2026 1:35:18 AM] [Info] Level overrides config Events.Airdrop_Force: 8.55
[18/04/2026 1:35:18 AM] [Info] Level overrides config Vehicles.Gun_Lowcal_Damage_Multiplier: 2
[18/04/2026 1:35:18 AM] [Info] Level overrides config Vehicles.Melee_Damage_Multiplier: 2
[18/04/2026 1:35:18 AM] [Info] Level overrides config Vehicles.Min_Battery_Charge: 1
[18/04/2026 1:35:18 AM] [Info] Level overrides config Vehicles.Max_Battery_Charge: 1
[18/04/2026 1:35:18 AM] [Info] Level overrides config Vehicles.Has_Battery_Chance: 1
[18/04/2026 1:35:18 AM] [Info] Level overrides config Vehicles.Max_Instances_Medium: 48
[18/04/2026 1:35:18 AM] [Info] Level overrides config Vehicles.Armor_Multiplier: 0.375
[18/04/2026 1:35:18 AM] [Info] Skipping level config override Players.Experience_Multiplier because it's overridden in server config
[18/04/2026 1:35:18 AM] [Info] Skipping level config override Players.Lose_Skills_PvP because it's overridden in server config
[18/04/2026 1:35:18 AM] [Info] Skipping level config override Players.Lose_Skills_PvE because it's overridden in server config
[18/04/2026 1:35:18 AM] [Info] Skipping level config override Players.Lose_Experience_PvP because it's overridden in server config
[18/04/2026 1:35:18 AM] [Info] Skipping level config override Players.Lose_Experience_PvE because it's overridden in server config
[18/04/2026 1:35:18 AM] [Info] Skipping level config override Players.Lose_Skill_Levels_PvP because it's overridden in server config
[18/04/2026 1:35:18 AM] [Info] Level overrides config Players.Lose_Skill_Levels_PvE: 0
[18/04/2026 1:35:18 AM] [Info] Skipping level config override Players.Virus_Infect because it's overridden in server config
[18/04/2026 1:35:18 AM] [Info] Level overrides config Players.Can_Break_Legs: False
[18/04/2026 1:35:18 AM] [Info] Skipping level config override Zombies.Armor_Multiplier because it's overridden in server config
[18/04/2026 1:35:18 AM] [Info] Level overrides config Zombies.Full_Moon_Experience_Multiplier: 2
[18/04/2026 1:35:18 AM] [Info] Skipping level config override Zombies.Spawn_Chance because it's overridden in server config
[18/04/2026 1:35:18 AM] [Info] Level overrides config Zombies.Min_Mega_Drops: 1
[18/04/2026 1:35:18 AM] [Info] Level overrides config Zombies.Max_Mega_Drops: 1
[18/04/2026 1:35:18 AM] [Info] Level overrides config Zombies.Min_Boss_Drops: 1
[18/04/2026 1:35:18 AM] [Info] Level overrides config Zombies.Max_Boss_Drops: 1
[18/04/2026 1:35:18 AM] [Info] Skipping level config override Zombies.Loot_Chance because it's overridden in server config
[18/04/2026 1:35:18 AM] [Info] Skipping level config override Gameplay.Chart because it's overridden in server config
[18/04/2026 1:35:18 AM] [Info] Monitoring workshop map "A6 Polaris" (2898548949) for changes
[18/04/2026 1:35:18 AM] [Info] Loading level: 5%
[18/04/2026 1:35:21 AM] [Info] Loading level: 10%
[18/04/2026 1:35:21 AM] [Info] Loading level: 15%
[18/04/2026 1:35:21 AM] [Info] Loading level: 21%
[18/04/2026 1:35:21 AM] [Info] Loading level: 26%
[18/04/2026 1:35:21 AM] [Info] Loading level: 31%
[18/04/2026 1:35:21 AM] [Info] Loading level: 36%
[18/04/2026 1:35:21 AM] [Info] Loading level: 42%
[18/04/2026 1:35:21 AM] [Info] Loading level: 47%
[18/04/2026 1:35:21 AM] [Info] Loading level: 52%
[18/04/2026 1:35:21 AM] [Info] Loading level: 57%
[18/04/2026 1:35:21 AM] [Info] Loading level: 63%
[18/04/2026 1:35:24 AM] [Info] Loading level: 68%
[18/04/2026 1:35:24 AM] [Info] Loading level: 73%
[18/04/2026 1:35:24 AM] [Info] Loading level: 89%
[18/04/2026 1:35:24 AM] [Info] Loading level: 94%
[18/04/2026 1:35:25 AM] [Info] //////////////////////////////////////////////////////
[18/04/2026 1:35:25 AM] [Info] Server Code: 85568392936196484
[18/04/2026 1:35:25 AM] [Info] Your friends can enter this code in the Connect Directly menu to join without port forwarding.
[18/04/2026 1:35:25 AM] [Info] Tip: Use the "CopyServerCode" command to copy the code to your clipboard. Alternatively, in most terminals you can highlight it and press Ctrl+Insert to copy.
[18/04/2026 1:35:25 AM] [Info] //////////////////////////////////////////////////////
[18/04/2026 1:35:25 AM] [Info] Loading level: 100%
[18/04/2026 1:40:20 AM] [Error] An error occured while executing p [reload]: System.NullReferenceException: Object reference not set to an instance of an object
  at Rocket.Core.Permissions.RocketPermissionsManager.HasPermission (Rocket.API.IRocketPlayer player, System.Collections.Generic.List`1[T] permissions) [0x00000] in <59a13feb721848c8b0cd173f6d0e820b>:0 
  at Rocket.API.IRocketPermissionsProviderExtensions.HasPermission (Rocket.API.IRocketPermissionsProvider rocketPermissionProvider, Rocket.API.IRocketPlayer player, System.String permission) [0x0000e] in <6a32c977f9c24485b748ca26cecf3105>:0 
  at Rocket.API.IRocketPlayerExtension.HasPermission (Rocket.API.IRocketPlayer player, System.String permission) [0x00000] in <59a13feb721848c8b0cd173f6d0e820b>:0 
  at Rocket.Unturned.Commands.CommandP.Execute (Rocket.API.IRocketPlayer caller, System.String[] command) [0x0001a] in <e60bee30f4414fd983244834232de1cf>:0 
  at Rocket.Core.Commands.RocketCommandManager+RegisteredRocketCommand.Execute (Rocket.API.IRocketPlayer caller, System.String[] command) [0x00000] in <59a13feb721848c8b0cd173f6d0e820b>:0 
  at Rocket.Core.Commands.RocketCommandManager.Execute (Rocket.API.IRocketPlayer player, System.String command) [0x00176] in <59a13feb721848c8b0cd173f6d0e820b>:0 
[18/04/2026 1:40:27 AM] [Info] Handling SIGINT or SIGBREAK by requesting a graceful shutdown
[18/04/2026 1:40:28 AM] [Info] MoreHomes >> 1 player homes data has been saved!
