[17/04/2026 5:40:06 PM] [Info] [registered] /more (Rocket.Unturned.Commands.CommandMore/more)
[17/04/2026 5:40:06 PM] [Info] [registered] /admin (Rocket.Unturned.Commands.CommandAdmin/admin)
[17/04/2026 5:40:06 PM] [Info] [registered] /broadcast (Rocket.Unturned.Commands.CommandBroadcast/broadcast)
[17/04/2026 5:40:06 PM] [Info] [registered] /compass (Rocket.Unturned.Commands.CommandCompass/compass)
[17/04/2026 5:40:06 PM] [Info] [registered] /effect (Rocket.Unturned.Commands.CommandEffect/effect)
[17/04/2026 5:40:06 PM] [Info] [registered] /exit (Rocket.Unturned.Commands.CommandExit/exit)
[17/04/2026 5:40:06 PM] [Info] [registered] /god (Rocket.Unturned.Commands.CommandGod/god)
[17/04/2026 5:40:06 PM] [Info] [registered] /heal (Rocket.Unturned.Commands.CommandHeal/heal)
[17/04/2026 5:40:06 PM] [Info] [registered] /help (Rocket.Unturned.Commands.CommandHelp/help)
[17/04/2026 5:40:06 PM] [Info] [registered] /i (Rocket.Unturned.Commands.CommandI/i)
[17/04/2026 5:40:06 PM] [Info] [registered] /item (Rocket.Unturned.Commands.CommandI/item)
[17/04/2026 5:40:06 PM] [Info] [registered] /investigate (Rocket.Unturned.Commands.CommandInvestigate/investigate)
[17/04/2026 5:40:06 PM] [Info] [registered] /p (Rocket.Unturned.Commands.CommandP/p)
[17/04/2026 5:40:06 PM] [Info] [registered] /permissions (Rocket.Unturned.Commands.CommandP/permissions)
[17/04/2026 5:40:06 PM] [Info] [registered] /rocket (Rocket.Unturned.Commands.CommandRocket/rocket)
[17/04/2026 5:40:06 PM] [Info] [registered] /tp (Rocket.Unturned.Commands.CommandTp/tp)
[17/04/2026 5:40:06 PM] [Info] [registered] /tphere (Rocket.Unturned.Commands.CommandTphere/tphere)
[17/04/2026 5:40:06 PM] [Info] [registered] /unadmin (Rocket.Unturned.Commands.CommandUnadmin/unadmin)
[17/04/2026 5:40:06 PM] [Info] [registered] /v (Rocket.Unturned.Commands.CommandV/v)
[17/04/2026 5:40:06 PM] [Info] [registered] /vanish (Rocket.Unturned.Commands.CommandVanish/vanish)
[17/04/2026 5:40:06 PM] [Info] Loading MoreHomes from E:\SteamLibrary\steamapps\common\U3DS\Servers\New Era Polaris\Rocket\Plugins\MoreHomes.dll
[17/04/2026 5:40:06 PM] [Info] Loading Teleportation from E:\SteamLibrary\steamapps\common\U3DS\Servers\New Era Polaris\Rocket\Plugins\Teleportation.dll
[17/04/2026 5:40:08 PM] [Error] mscorlib >> Caught exception resolving dependency: 0Harmony -> Exception in DoAssemblyResolve: System.ArgumentNullException: Value cannot be null.
Parameter name: v1
  at System.Version.op_LessThanOrEqual (System.Version v1, System.Version v2) [0x00003] in <1071a2cb0cb3433aae80a793c277a048>:0 
  at System.Version.op_GreaterThanOrEqual (System.Version v1, System.Version v2) [0x00000] in <1071a2cb0cb3433aae80a793c277a048>:0 
  at Rocket.Core.Plugins.RocketPluginManager+<>c__DisplayClass12_0.<Awake>b__1 (System.Collections.Generic.KeyValuePair`2[TKey,TValue] lib) [0x00035] in <59a13feb721848c8b0cd173f6d0e820b>:0 
  at System.Linq.Enumerable.TryGetFirst[TSource] (System.Collections.Generic.IEnumerable`1[T] source, System.Func`2[T,TResult] predicate, System.Boolean& found) [0x0003f] in <ea489521390f48908a7ce45cb17a6848>:0 
  at System.Linq.Enumerable.FirstOrDefault[TSource] (System.Collections.Generic.IEnumerable`1[T] source, System.Func`2[T,TResult] predicate) [0x00000] in <ea489521390f48908a7ce45cb17a6848>:0 
  at Rocket.Core.Plugins.RocketPluginManager.<Awake>b__12_0 (System.Object sender, System.ResolveEventArgs args) [0x00017] in <59a13feb721848c8b0cd173f6d0e820b>:0 
[17/04/2026 5:40:08 PM] [Error] Could not find dependency: 0Harmony
[17/04/2026 5:40:08 PM] [Info] 
[loading] MoreHomes
[17/04/2026 5:40:08 PM] [Info] [registered] /home (RestoreMonarchy.MoreHomes.Commands.HomeCommand/home)
[17/04/2026 5:40:08 PM] [Info] [registered] /homes (RestoreMonarchy.MoreHomes.Commands.HomesCommand/homes)
[17/04/2026 5:40:08 PM] [Info] [registered] /destroyhome (RestoreMonarchy.MoreHomes.Commands.DestroyHomeCommand/destroyhome)
[17/04/2026 5:40:08 PM] [Info] [registered] /renamehome (RestoreMonarchy.MoreHomes.Commands.RenameHomeCommand/renamehome)
[17/04/2026 5:40:08 PM] [Info] [registered] /restorehomes (RestoreMonarchy.MoreHomes.Commands.RestoreHomesCommand/restorehomes)
[17/04/2026 5:40:08 PM] [Info] MoreHomes >> MoreHomes 1.7.2.0 has been loaded!
[17/04/2026 5:40:08 PM] [Info] MoreHomes >> Brought to you by RestoreMonarchy.com
[17/04/2026 5:40:08 PM] [Error] mscorlib >> Caught exception resolving dependency: Steamworks.NET -> Exception in DoAssemblyResolve: System.ArgumentNullException: Value cannot be null.
Parameter name: v1
  at System.Version.op_LessThanOrEqual (System.Version v1, System.Version v2) [0x00003] in <1071a2cb0cb3433aae80a793c277a048>:0 
  at System.Version.op_GreaterThanOrEqual (System.Version v1, System.Version v2) [0x00000] in <1071a2cb0cb3433aae80a793c277a048>:0 
  at Rocket.Core.Plugins.RocketPluginManager+<>c__DisplayClass12_0.<Awake>b__1 (System.Collections.Generic.KeyValuePair`2[TKey,TValue] lib) [0x00035] in <59a13feb721848c8b0cd173f6d0e820b>:0 
  at System.Linq.Enumerable.TryGetFirst[TSource] (System.Collections.Generic.IEnumerable`1[T] source, System.Func`2[T,TResult] predicate, System.Boolean& found) [0x0003f] in <ea489521390f48908a7ce45cb17a6848>:0 
  at System.Linq.Enumerable.FirstOrDefault[TSource] (System.Collections.Generic.IEnumerable`1[T] source, System.Func`2[T,TResult] predicate) [0x00000] in <ea489521390f48908a7ce45cb17a6848>:0 
  at Rocket.Core.Plugins.RocketPluginManager.<Awake>b__12_0 (System.Object sender, System.ResolveEventArgs args) [0x00017] in <59a13feb721848c8b0cd173f6d0e820b>:0 
[17/04/2026 5:40:08 PM] [Error] Could not find dependency: Steamworks.NET
[17/04/2026 5:40:08 PM] [Info] 
[loading] Teleportation
[17/04/2026 5:40:08 PM] [Info] [registered] /tpa (RestoreMonarchy.Teleportation.Commands.TPACommand/tpa)
[17/04/2026 5:40:08 PM] [Info] Teleportation >> Teleportation 1.6.0.0 has been loaded!
[17/04/2026 5:40:08 PM] [Info] This server will automatically save every 1800 seconds
[17/04/2026 5:40:08 PM] [Info] Steam servers ready!
[17/04/2026 5:40:08 PM] [Info] Workshop install folder: E:\SteamLibrary\steamapps\common\U3DS/Servers/New Era Polaris/Workshop/Steam
[17/04/2026 5:40:08 PM] [Info] 1 workshop item(s) requested
[17/04/2026 5:40:08 PM] [Info] Submitting workshop query for 1 item(s)...
[17/04/2026 5:40:08 PM] [Info] Workshop query yielded 1 result(s)
[17/04/2026 5:40:08 PM] [Info] This server's allowed IP for Workshop downloads: [redacted]
[17/04/2026 5:40:08 PM] [Info] 2898548949 'A6 Polaris' queued for download
[17/04/2026 5:40:08 PM] [Info] 1 workshop item(s) to download...
[17/04/2026 5:40:08 PM] [Info] Workshop item found in cache: 2898548949
[17/04/2026 5:40:08 PM] [Info] Installing workshop item: 2898548949
[17/04/2026 5:40:08 PM] [Info] Installed workshop item: 2898548949
[17/04/2026 5:40:08 PM] [Info] Searched 0 of 1 locations and found 326 asset files...
[17/04/2026 5:40:08 PM] [Info] Read 0 of 326 asset file contents into memory...
[17/04/2026 5:40:08 PM] [Info] Loaded 0 of 326 assets...
[17/04/2026 5:40:08 PM] [Info] Searched 0 of 1 locations and found 688 asset files...
[17/04/2026 5:40:08 PM] [Info] Read 0 of 688 asset file contents into memory...
[17/04/2026 5:40:08 PM] [Info] Loaded 0 of 688 assets...
[17/04/2026 5:40:08 PM] [Info] Loaded 0 of 1 asset bundles...
[17/04/2026 5:40:08 PM] [Info] Searched 0 of 1 locations and found 1004 asset files...
[17/04/2026 5:40:08 PM] [Info] Read 23 of 1004 asset file contents into memory...
[17/04/2026 5:40:08 PM] [Info] Loaded 0 of 1004 assets...
[17/04/2026 5:40:08 PM] [Info] Searched 0 of 1 locations and found 1348 asset files...
[17/04/2026 5:40:08 PM] [Info] Read 159 of 1348 asset file contents into memory...
[17/04/2026 5:40:08 PM] [Info] Loaded 0 of 1348 assets...
[17/04/2026 5:40:08 PM] [Info] Searched 0 of 1 locations and found 1589 asset files...
[17/04/2026 5:40:08 PM] [Info] Read 256 of 1589 asset file contents into memory...
[17/04/2026 5:40:08 PM] [Info] Loaded 0 of 1589 assets...
[17/04/2026 5:40:08 PM] [Info] Searched 0 of 1 locations and found 1887 asset files...
[17/04/2026 5:40:08 PM] [Info] Read 363 of 1887 asset file contents into memory...
[17/04/2026 5:40:08 PM] [Info] Loaded 0 of 1887 assets...
[17/04/2026 5:40:08 PM] [Info] Searched 0 of 1 locations and found 2189 asset files...
[17/04/2026 5:40:08 PM] [Info] Read 463 of 2189 asset file contents into memory...
[17/04/2026 5:40:08 PM] [Info] Loaded 0 of 2189 assets...
[17/04/2026 5:40:09 PM] [Info] Searched 1 of 1 locations and found 2378 asset files...
[17/04/2026 5:40:09 PM] [Info] Read 585 of 2378 asset file contents into memory...
[17/04/2026 5:40:09 PM] [Info] Loaded 0 of 2378 assets...
[17/04/2026 5:40:09 PM] [Info] Read 700 of 2378 asset file contents into memory...
[17/04/2026 5:40:09 PM] [Info] Read 821 of 2378 asset file contents into memory...
[17/04/2026 5:40:09 PM] [Info] Read 939 of 2378 asset file contents into memory...
[17/04/2026 5:40:09 PM] [Info] Read 1067 of 2378 asset file contents into memory...
[17/04/2026 5:40:09 PM] [Info] Read 1210 of 2378 asset file contents into memory...
[17/04/2026 5:40:09 PM] [Info] Read 1349 of 2378 asset file contents into memory...
[17/04/2026 5:40:09 PM] [Info] Read 1491 of 2378 asset file contents into memory...
[17/04/2026 5:40:09 PM] [Info] Read 1617 of 2378 asset file contents into memory...
[17/04/2026 5:40:09 PM] [Info] Read 1756 of 2378 asset file contents into memory...
[17/04/2026 5:40:09 PM] [Info] Read 1945 of 2378 asset file contents into memory...
[17/04/2026 5:40:09 PM] [Info] Read 2056 of 2378 asset file contents into memory...
[17/04/2026 5:40:09 PM] [Info] Read 2149 of 2378 asset file contents into memory...
[17/04/2026 5:40:09 PM] [Info] Read 2276 of 2378 asset file contents into memory...
[17/04/2026 5:40:10 PM] [Info] Read 2378 of 2378 asset file contents into memory...
[17/04/2026 5:40:10 PM] [Info] Loaded 1 of 1 asset bundles...
[17/04/2026 5:40:10 PM] [Info] Loaded 3 of 2378 assets...
[17/04/2026 5:40:10 PM] [Info] Loaded 8 of 2378 assets...
[17/04/2026 5:40:10 PM] [Info] Loaded 58 of 2378 assets...
[17/04/2026 5:40:10 PM] [Info] Loaded 92 of 2378 assets...
[17/04/2026 5:40:10 PM] [Info] Loaded 243 of 2378 assets...
[17/04/2026 5:40:10 PM] [Info] Loaded 296 of 2378 assets...
[17/04/2026 5:40:10 PM] [Info] Loaded 329 of 2378 assets...
[17/04/2026 5:40:10 PM] [Info] Loaded 361 of 2378 assets...
[17/04/2026 5:40:10 PM] [Info] Loaded 392 of 2378 assets...
[17/04/2026 5:40:10 PM] [Info] Loaded 496 of 2378 assets...
[17/04/2026 5:40:10 PM] [Info] Loaded 587 of 2378 assets...
[17/04/2026 5:40:10 PM] [Info] Loaded 703 of 2378 assets...
[17/04/2026 5:40:10 PM] [Info] Loaded 739 of 2378 assets...
[17/04/2026 5:40:10 PM] [Info] Loaded 775 of 2378 assets...
[17/04/2026 5:40:10 PM] [Info] Loaded 810 of 2378 assets...
[17/04/2026 5:40:10 PM] [Info] Loaded 823 of 2378 assets...
[17/04/2026 5:40:10 PM] [Info] Loaded 839 of 2378 assets...
[17/04/2026 5:40:10 PM] [Info] Loaded 893 of 2378 assets...
[17/04/2026 5:40:10 PM] [Info] Loaded 1972 of 2378 assets...
[17/04/2026 5:40:11 PM] [Info] Loaded 2378 of 2378 assets...
[17/04/2026 5:40:11 PM] [Info] Level overrides config Animals.Max_Instances_Medium: 256
[17/04/2026 5:40:11 PM] [Info] Level overrides config Items.Quality_Full_Chance: 0.25
[17/04/2026 5:40:11 PM] [Info] Level overrides config Barricades.Allow_Item_Placement_On_Vehicle: False
[17/04/2026 5:40:11 PM] [Info] Level overrides config Barricades.Allow_Trap_Placement_On_Vehicle: False
[17/04/2026 5:40:11 PM] [Info] Level overrides config Barricades.Gun_Lowcal_Damage_Multiplier: 1
[17/04/2026 5:40:11 PM] [Info] Level overrides config Barricades.Gun_Highcal_Damage_Multiplier: 1
[17/04/2026 5:40:11 PM] [Info] Level overrides config Barricades.Armor_Lowtier_Multiplier: 1
[17/04/2026 5:40:11 PM] [Info] Level overrides config Barricades.Armor_Hightier_Multiplier: 1
[17/04/2026 5:40:11 PM] [Info] Level overrides config Structures.Gun_Lowcal_Damage_Multiplier: 1
[17/04/2026 5:40:11 PM] [Info] Level overrides config Structures.Gun_Highcal_Damage_Multiplier: 1
[17/04/2026 5:40:11 PM] [Info] Level overrides config Structures.Armor_Lowtier_Multiplier: 1
[17/04/2026 5:40:11 PM] [Info] Level overrides config Structures.Armor_Hightier_Multiplier: 1
[17/04/2026 5:40:11 PM] [Info] Level overrides config Structures.Melee_Damage_Multiplier: 1
[17/04/2026 5:40:11 PM] [Info] Level overrides config Structures.Melee_Repair_Multiplier: 1
[17/04/2026 5:40:11 PM] [Info] Level overrides config Events.Airdrop_Speed: 96
[17/04/2026 5:40:11 PM] [Info] Level overrides config Events.Airdrop_Force: 8.55
[17/04/2026 5:40:11 PM] [Info] Level overrides config Vehicles.Gun_Lowcal_Damage_Multiplier: 2
[17/04/2026 5:40:11 PM] [Info] Level overrides config Vehicles.Melee_Damage_Multiplier: 2
[17/04/2026 5:40:11 PM] [Info] Level overrides config Vehicles.Min_Battery_Charge: 1
[17/04/2026 5:40:11 PM] [Info] Level overrides config Vehicles.Max_Battery_Charge: 1
[17/04/2026 5:40:11 PM] [Info] Level overrides config Vehicles.Has_Battery_Chance: 1
[17/04/2026 5:40:11 PM] [Info] Level overrides config Vehicles.Max_Instances_Medium: 48
[17/04/2026 5:40:11 PM] [Info] Level overrides config Vehicles.Armor_Multiplier: 0.375
[17/04/2026 5:40:11 PM] [Info] Level overrides config Players.Experience_Multiplier: 1
[17/04/2026 5:40:11 PM] [Info] Level overrides config Players.Lose_Skills_PvP: 1
[17/04/2026 5:40:11 PM] [Info] Level overrides config Players.Lose_Skills_PvE: 1
[17/04/2026 5:40:11 PM] [Info] Level overrides config Players.Lose_Experience_PvP: 1
[17/04/2026 5:40:11 PM] [Info] Level overrides config Players.Lose_Experience_PvE: 1
[17/04/2026 5:40:11 PM] [Info] Level overrides config Players.Lose_Skill_Levels_PvP: 0
[17/04/2026 5:40:11 PM] [Info] Level overrides config Players.Lose_Skill_Levels_PvE: 0
[17/04/2026 5:40:11 PM] [Info] Level overrides config Players.Virus_Infect: 20
[17/04/2026 5:40:11 PM] [Info] Level overrides config Players.Can_Break_Legs: False
[17/04/2026 5:40:11 PM] [Info] Level overrides config Zombies.Armor_Multiplier: 1
[17/04/2026 5:40:11 PM] [Info] Level overrides config Zombies.Full_Moon_Experience_Multiplier: 2
[17/04/2026 5:40:11 PM] [Info] Level overrides config Zombies.Spawn_Chance: 1
[17/04/2026 5:40:11 PM] [Info] Level overrides config Zombies.Min_Mega_Drops: 1
[17/04/2026 5:40:11 PM] [Info] Level overrides config Zombies.Max_Mega_Drops: 1
[17/04/2026 5:40:11 PM] [Info] Level overrides config Zombies.Min_Boss_Drops: 1
[17/04/2026 5:40:11 PM] [Info] Level overrides config Zombies.Max_Boss_Drops: 1
[17/04/2026 5:40:11 PM] [Info] Level overrides config Zombies.Loot_Chance: 1
[17/04/2026 5:40:11 PM] [Info] Level overrides config Gameplay.Chart: True
[17/04/2026 5:40:11 PM] [Info] Monitoring workshop map "A6 Polaris" (2898548949) for changes
[17/04/2026 5:40:11 PM] [Info] Loading level: 5%
[17/04/2026 5:40:13 PM] [Info] Loading level: 10%
[17/04/2026 5:40:13 PM] [Info] Loading level: 15%
[17/04/2026 5:40:13 PM] [Info] Loading level: 21%
[17/04/2026 5:40:14 PM] [Info] Loading level: 26%
[17/04/2026 5:40:14 PM] [Info] Loading level: 31%
[17/04/2026 5:40:14 PM] [Info] Loading level: 36%
[17/04/2026 5:40:14 PM] [Info] Loading level: 42%
[17/04/2026 5:40:14 PM] [Info] Loading level: 47%
[17/04/2026 5:40:14 PM] [Info] Loading level: 52%
[17/04/2026 5:40:14 PM] [Info] Loading level: 57%
[17/04/2026 5:40:14 PM] [Info] Loading level: 63%
[17/04/2026 5:40:16 PM] [Info] Loading level: 68%
[17/04/2026 5:40:16 PM] [Info] Loading level: 73%
[17/04/2026 5:40:16 PM] [Info] Loading level: 89%
[17/04/2026 5:40:16 PM] [Info] Loading level: 94%
[17/04/2026 5:40:16 PM] [Info] //////////////////////////////////////////////////////
[17/04/2026 5:40:16 PM] [Info] Server Code: 85568392936196484
[17/04/2026 5:40:16 PM] [Info] Your friends can enter this code in the Connect Directly menu to join without port forwarding.
[17/04/2026 5:40:16 PM] [Info] Tip: Use the "CopyServerCode" command to copy the code to your clipboard. Alternatively, in most terminals you can highlight it and press Ctrl+Insert to copy.
[17/04/2026 5:40:16 PM] [Info] //////////////////////////////////////////////////////
[17/04/2026 5:40:16 PM] [Info] Loading level: 100%
[17/04/2026 6:03:34 PM] [Info] Connecting: PlayerID: 76561198374187872 Name: Myst_iU Character: Myst
[17/04/2026 6:05:27 PM] [Info] [World] Myst [Myst_iU]: "/admin myst"
[17/04/2026 6:10:06 PM] [Info] Saving server
[17/04/2026 6:10:44 PM] [Info] MoreHomes >> 1 player homes data has been saved!
[17/04/2026 6:10:44 PM] [Info] Disconnecting: PlayerID: 76561198374187872 Name: Myst_iU Character: Myst
[17/04/2026 6:12:35 PM] [Info] MoreHomes >> 1 player homes data has been saved!
[17/04/2026 6:12:37 PM] [Info] 
[unloading] Teleportation
