[22/04/2026 1:38:34 AM] [Info] [registered] /more (Rocket.Unturned.Commands.CommandMore/more)
[22/04/2026 1:38:35 AM] [Info] [registered] /admin (Rocket.Unturned.Commands.CommandAdmin/admin)
[22/04/2026 1:38:35 AM] [Info] [registered] /broadcast (Rocket.Unturned.Commands.CommandBroadcast/broadcast)
[22/04/2026 1:38:35 AM] [Info] [registered] /compass (Rocket.Unturned.Commands.CommandCompass/compass)
[22/04/2026 1:38:35 AM] [Info] [registered] /effect (Rocket.Unturned.Commands.CommandEffect/effect)
[22/04/2026 1:38:35 AM] [Info] [registered] /exit (Rocket.Unturned.Commands.CommandExit/exit)
[22/04/2026 1:38:35 AM] [Info] [registered] /god (Rocket.Unturned.Commands.CommandGod/god)
[22/04/2026 1:38:35 AM] [Info] [registered] /heal (Rocket.Unturned.Commands.CommandHeal/heal)
[22/04/2026 1:38:35 AM] [Info] [registered] /help (Rocket.Unturned.Commands.CommandHelp/help)
[22/04/2026 1:38:35 AM] [Info] [registered] /i (Rocket.Unturned.Commands.CommandI/i)
[22/04/2026 1:38:35 AM] [Info] [registered] /item (Rocket.Unturned.Commands.CommandI/item)
[22/04/2026 1:38:35 AM] [Info] [registered] /investigate (Rocket.Unturned.Commands.CommandInvestigate/investigate)
[22/04/2026 1:38:35 AM] [Info] [registered] /p (Rocket.Unturned.Commands.CommandP/p)
[22/04/2026 1:38:35 AM] [Info] [registered] /permissions (Rocket.Unturned.Commands.CommandP/permissions)
[22/04/2026 1:38:35 AM] [Info] [registered] /rocket (Rocket.Unturned.Commands.CommandRocket/rocket)
[22/04/2026 1:38:35 AM] [Info] [registered] /tp (Rocket.Unturned.Commands.CommandTp/tp)
[22/04/2026 1:38:35 AM] [Info] [registered] /tphere (Rocket.Unturned.Commands.CommandTphere/tphere)
[22/04/2026 1:38:35 AM] [Info] [registered] /unadmin (Rocket.Unturned.Commands.CommandUnadmin/unadmin)
[22/04/2026 1:38:35 AM] [Info] [registered] /v (Rocket.Unturned.Commands.CommandV/v)
[22/04/2026 1:38:35 AM] [Info] [registered] /vanish (Rocket.Unturned.Commands.CommandVanish/vanish)
[22/04/2026 1:38:35 AM] [Info] Loading DeadzoneLoot from E:\SteamLibrary\steamapps\common\U3DS\Servers\New Era Polaris\Rocket\Plugins\DeadzoneLoot.dll
[22/04/2026 1:38:35 AM] [Info] Loading HardcoreDurability from E:\SteamLibrary\steamapps\common\U3DS\Servers\New Era Polaris\Rocket\Plugins\HardcoreDurability.dll
[22/04/2026 1:38:35 AM] [Info] Loading MoreHomes from E:\SteamLibrary\steamapps\common\U3DS\Servers\New Era Polaris\Rocket\Plugins\MoreHomes.dll
[22/04/2026 1:38:35 AM] [Info] Loading PolarisMutations from E:\SteamLibrary\steamapps\common\U3DS\Servers\New Era Polaris\Rocket\Plugins\PolarisMutations.dll
[22/04/2026 1:38:35 AM] [Info] Loading SurvivalNotifier from E:\SteamLibrary\steamapps\common\U3DS\Servers\New Era Polaris\Rocket\Plugins\SurvivalNotifier.dll
[22/04/2026 1:38:35 AM] [Info] Loading Teleportation from E:\SteamLibrary\steamapps\common\U3DS\Servers\New Era Polaris\Rocket\Plugins\Teleportation.dll
[22/04/2026 1:38:36 AM] [Error] mscorlib >> Caught exception resolving dependency: 0Harmony -> Exception in DoAssemblyResolve: System.ArgumentNullException: Value cannot be null.
Parameter name: v1
  at System.Version.op_LessThanOrEqual (System.Version v1, System.Version v2) [0x00003] in <1071a2cb0cb3433aae80a793c277a048>:0 
  at System.Version.op_GreaterThanOrEqual (System.Version v1, System.Version v2) [0x00000] in <1071a2cb0cb3433aae80a793c277a048>:0 
  at Rocket.Core.Plugins.RocketPluginManager+<>c__DisplayClass12_0.<Awake>b__1 (System.Collections.Generic.KeyValuePair`2[TKey,TValue] lib) [0x00035] in <59a13feb721848c8b0cd173f6d0e820b>:0 
  at System.Linq.Enumerable.TryGetFirst[TSource] (System.Collections.Generic.IEnumerable`1[T] source, System.Func`2[T,TResult] predicate, System.Boolean& found) [0x0003f] in <ea489521390f48908a7ce45cb17a6848>:0 
  at System.Linq.Enumerable.FirstOrDefault[TSource] (System.Collections.Generic.IEnumerable`1[T] source, System.Func`2[T,TResult] predicate) [0x00000] in <ea489521390f48908a7ce45cb17a6848>:0 
  at Rocket.Core.Plugins.RocketPluginManager.<Awake>b__12_0 (System.Object sender, System.ResolveEventArgs args) [0x00017] in <59a13feb721848c8b0cd173f6d0e820b>:0 
[22/04/2026 1:38:36 AM] [Error] Could not find dependency: 0Harmony
[22/04/2026 1:38:36 AM] [Info] 
[loading] DeadzoneLoot
[22/04/2026 1:38:36 AM] [Info] DeadzoneLoot >> Deadzone Guaranteed Loot Modifier Loaded!
[22/04/2026 1:38:36 AM] [Info] 
[loading] HardcoreDurability
[22/04/2026 1:38:36 AM] [Info] HardcoreDurability >> Hardcore Durability Loaded! Master StackTrace enabled.
[22/04/2026 1:38:36 AM] [Info] 
[loading] MoreHomes
[22/04/2026 1:38:36 AM] [Info] [registered] /home (RestoreMonarchy.MoreHomes.Commands.HomeCommand/home)
[22/04/2026 1:38:36 AM] [Info] [registered] /homes (RestoreMonarchy.MoreHomes.Commands.HomesCommand/homes)
[22/04/2026 1:38:36 AM] [Info] [registered] /destroyhome (RestoreMonarchy.MoreHomes.Commands.DestroyHomeCommand/destroyhome)
[22/04/2026 1:38:36 AM] [Info] [registered] /renamehome (RestoreMonarchy.MoreHomes.Commands.RenameHomeCommand/renamehome)
[22/04/2026 1:38:36 AM] [Info] [registered] /restorehomes (RestoreMonarchy.MoreHomes.Commands.RestoreHomesCommand/restorehomes)
[22/04/2026 1:38:36 AM] [Info] MoreHomes >> MoreHomes 1.7.2.0 has been loaded!
[22/04/2026 1:38:36 AM] [Info] MoreHomes >> Brought to you by RestoreMonarchy.com
[22/04/2026 1:38:36 AM] [Error] mscorlib >> Caught exception resolving dependency: Steamworks.NET -> Exception in DoAssemblyResolve: System.ArgumentNullException: Value cannot be null.
Parameter name: v1
  at System.Version.op_LessThanOrEqual (System.Version v1, System.Version v2) [0x00003] in <1071a2cb0cb3433aae80a793c277a048>:0 
  at System.Version.op_GreaterThanOrEqual (System.Version v1, System.Version v2) [0x00000] in <1071a2cb0cb3433aae80a793c277a048>:0 
  at Rocket.Core.Plugins.RocketPluginManager+<>c__DisplayClass12_0.<Awake>b__1 (System.Collections.Generic.KeyValuePair`2[TKey,TValue] lib) [0x00035] in <59a13feb721848c8b0cd173f6d0e820b>:0 
  at System.Linq.Enumerable.TryGetFirst[TSource] (System.Collections.Generic.IEnumerable`1[T] source, System.Func`2[T,TResult] predicate, System.Boolean& found) [0x0003f] in <ea489521390f48908a7ce45cb17a6848>:0 
  at System.Linq.Enumerable.FirstOrDefault[TSource] (System.Collections.Generic.IEnumerable`1[T] source, System.Func`2[T,TResult] predicate) [0x00000] in <ea489521390f48908a7ce45cb17a6848>:0 
  at Rocket.Core.Plugins.RocketPluginManager.<Awake>b__12_0 (System.Object sender, System.ResolveEventArgs args) [0x00017] in <59a13feb721848c8b0cd173f6d0e820b>:0 
[22/04/2026 1:38:36 AM] [Error] Could not find dependency: Steamworks.NET
[22/04/2026 1:38:36 AM] [Info] 
[loading] PolarisMutations
[22/04/2026 1:38:36 AM] [Info] PolarisMutations >> Polaris Mutations Loaded! Cumulative mutagen scanner active.
[22/04/2026 1:38:36 AM] [Info] 
[loading] SurvivalNotifier
[22/04/2026 1:38:36 AM] [Info] SurvivalNotifier >> Survival Notifier Loaded! 3-Tier tracking enabled.
[22/04/2026 1:38:36 AM] [Info] 
[loading] Teleportation
[22/04/2026 1:38:36 AM] [Info] [registered] /tpa (RestoreMonarchy.Teleportation.Commands.TPACommand/tpa)
[22/04/2026 1:38:36 AM] [Info] Teleportation >> Teleportation 1.6.0.0 has been loaded!
[22/04/2026 1:38:36 AM] [Info] This server will automatically save every 1800 seconds
[22/04/2026 1:38:36 AM] [Info] Steam servers ready!
[22/04/2026 1:38:36 AM] [Info] Workshop install folder: E:\SteamLibrary\steamapps\common\U3DS/Servers/New Era Polaris/Workshop/Steam
[22/04/2026 1:38:36 AM] [Info] 1 workshop item(s) requested
[22/04/2026 1:38:36 AM] [Info] Submitting workshop query for 1 item(s)...
[22/04/2026 1:38:36 AM] [Info] Workshop query yielded 1 result(s)
[22/04/2026 1:38:36 AM] [Info] This server's allowed IP for Workshop downloads: [redacted]
[22/04/2026 1:38:36 AM] [Info] 2898548949 'A6 Polaris' queued for download
[22/04/2026 1:38:36 AM] [Info] 1 workshop item(s) to download...
[22/04/2026 1:38:36 AM] [Info] Workshop item found in cache: 2898548949
[22/04/2026 1:38:36 AM] [Info] Installing workshop item: 2898548949
[22/04/2026 1:38:36 AM] [Info] Installed workshop item: 2898548949
[22/04/2026 1:38:36 AM] [Info] Searched 0 of 1 locations and found 72 asset files...
[22/04/2026 1:38:36 AM] [Info] Read 0 of 72 asset file contents into memory...
[22/04/2026 1:38:36 AM] [Info] Loaded 0 of 72 assets...
[22/04/2026 1:38:36 AM] [Info] Searched 0 of 1 locations and found 118 asset files...
[22/04/2026 1:38:36 AM] [Info] Read 0 of 118 asset file contents into memory...
[22/04/2026 1:38:36 AM] [Info] Loaded 0 of 118 assets...
[22/04/2026 1:38:36 AM] [Info] Searched 0 of 1 locations and found 262 asset files...
[22/04/2026 1:38:36 AM] [Info] Read 0 of 262 asset file contents into memory...
[22/04/2026 1:38:36 AM] [Info] Loaded 0 of 262 assets...
[22/04/2026 1:38:36 AM] [Info] Loaded 0 of 1 asset bundles...
[22/04/2026 1:38:36 AM] [Info] Searched 0 of 1 locations and found 384 asset files...
[22/04/2026 1:38:36 AM] [Info] Read 71 of 384 asset file contents into memory...
[22/04/2026 1:38:36 AM] [Info] Loaded 0 of 384 assets...
[22/04/2026 1:38:36 AM] [Info] Searched 0 of 1 locations and found 547 asset files...
[22/04/2026 1:38:36 AM] [Info] Read 151 of 547 asset file contents into memory...
[22/04/2026 1:38:36 AM] [Info] Loaded 0 of 547 assets...
[22/04/2026 1:38:36 AM] [Info] Searched 0 of 1 locations and found 711 asset files...
[22/04/2026 1:38:36 AM] [Info] Read 232 of 711 asset file contents into memory...
[22/04/2026 1:38:36 AM] [Info] Loaded 0 of 711 assets...
[22/04/2026 1:38:36 AM] [Info] Searched 0 of 1 locations and found 871 asset files...
[22/04/2026 1:38:36 AM] [Info] Read 303 of 871 asset file contents into memory...
[22/04/2026 1:38:36 AM] [Info] Loaded 0 of 871 assets...
[22/04/2026 1:38:36 AM] [Info] Searched 0 of 1 locations and found 1012 asset files...
[22/04/2026 1:38:36 AM] [Info] Read 375 of 1012 asset file contents into memory...
[22/04/2026 1:38:36 AM] [Info] Loaded 0 of 1012 assets...
[22/04/2026 1:38:36 AM] [Info] Searched 0 of 1 locations and found 1175 asset files...
[22/04/2026 1:38:36 AM] [Info] Read 451 of 1175 asset file contents into memory...
[22/04/2026 1:38:36 AM] [Info] Loaded 0 of 1175 assets...
[22/04/2026 1:38:36 AM] [Info] Searched 0 of 1 locations and found 1322 asset files...
[22/04/2026 1:38:36 AM] [Info] Read 525 of 1322 asset file contents into memory...
[22/04/2026 1:38:36 AM] [Info] Loaded 0 of 1322 assets...
[22/04/2026 1:38:36 AM] [Info] Searched 0 of 1 locations and found 1461 asset files...
[22/04/2026 1:38:36 AM] [Info] Read 599 of 1461 asset file contents into memory...
[22/04/2026 1:38:36 AM] [Info] Loaded 0 of 1461 assets...
[22/04/2026 1:38:37 AM] [Info] Searched 0 of 1 locations and found 1615 asset files...
[22/04/2026 1:38:37 AM] [Info] Read 662 of 1615 asset file contents into memory...
[22/04/2026 1:38:37 AM] [Info] Loaded 0 of 1615 assets...
[22/04/2026 1:38:37 AM] [Info] Searched 0 of 1 locations and found 1743 asset files...
[22/04/2026 1:38:37 AM] [Info] Read 737 of 1743 asset file contents into memory...
[22/04/2026 1:38:37 AM] [Info] Loaded 0 of 1743 assets...
[22/04/2026 1:38:37 AM] [Info] Searched 0 of 1 locations and found 1903 asset files...
[22/04/2026 1:38:37 AM] [Info] Read 799 of 1903 asset file contents into memory...
[22/04/2026 1:38:37 AM] [Info] Loaded 0 of 1903 assets...
[22/04/2026 1:38:37 AM] [Info] Searched 0 of 1 locations and found 2045 asset files...
[22/04/2026 1:38:37 AM] [Info] Read 867 of 2045 asset file contents into memory...
[22/04/2026 1:38:37 AM] [Info] Loaded 0 of 2045 assets...
[22/04/2026 1:38:37 AM] [Info] Searched 0 of 1 locations and found 2212 asset files...
[22/04/2026 1:38:37 AM] [Info] Read 936 of 2212 asset file contents into memory...
[22/04/2026 1:38:37 AM] [Info] Loaded 0 of 2212 assets...
[22/04/2026 1:38:37 AM] [Info] Searched 0 of 1 locations and found 2369 asset files...
[22/04/2026 1:38:37 AM] [Info] Read 1004 of 2369 asset file contents into memory...
[22/04/2026 1:38:37 AM] [Info] Loaded 0 of 2369 assets...
[22/04/2026 1:38:37 AM] [Info] Searched 1 of 1 locations and found 2378 asset files...
[22/04/2026 1:38:37 AM] [Info] Read 1078 of 2378 asset file contents into memory...
[22/04/2026 1:38:37 AM] [Info] Loaded 0 of 2378 assets...
[22/04/2026 1:38:37 AM] [Info] Read 1173 of 2378 asset file contents into memory...
[22/04/2026 1:38:37 AM] [Info] Read 1267 of 2378 asset file contents into memory...
[22/04/2026 1:38:37 AM] [Info] Read 1363 of 2378 asset file contents into memory...
[22/04/2026 1:38:37 AM] [Info] Read 1454 of 2378 asset file contents into memory...
[22/04/2026 1:38:37 AM] [Info] Read 1522 of 2378 asset file contents into memory...
[22/04/2026 1:38:37 AM] [Info] Read 1602 of 2378 asset file contents into memory...
[22/04/2026 1:38:37 AM] [Info] Read 1689 of 2378 asset file contents into memory...
[22/04/2026 1:38:37 AM] [Info] Read 1797 of 2378 asset file contents into memory...
[22/04/2026 1:38:37 AM] [Info] Read 1932 of 2378 asset file contents into memory...
[22/04/2026 1:38:37 AM] [Info] Read 2001 of 2378 asset file contents into memory...
[22/04/2026 1:38:37 AM] [Info] Read 2058 of 2378 asset file contents into memory...
[22/04/2026 1:38:37 AM] [Info] Loaded 1 of 1 asset bundles...
[22/04/2026 1:38:37 AM] [Info] Read 2123 of 2378 asset file contents into memory...
[22/04/2026 1:38:37 AM] [Info] Loaded 3 of 2378 assets...
[22/04/2026 1:38:37 AM] [Info] Read 2200 of 2378 asset file contents into memory...
[22/04/2026 1:38:37 AM] [Info] Loaded 8 of 2378 assets...
[22/04/2026 1:38:38 AM] [Info] Read 2287 of 2378 asset file contents into memory...
[22/04/2026 1:38:38 AM] [Info] Loaded 56 of 2378 assets...
[22/04/2026 1:38:38 AM] [Info] Read 2378 of 2378 asset file contents into memory...
[22/04/2026 1:38:38 AM] [Info] Loaded 92 of 2378 assets...
[22/04/2026 1:38:38 AM] [Info] Loaded 241 of 2378 assets...
[22/04/2026 1:38:38 AM] [Info] Loaded 291 of 2378 assets...
[22/04/2026 1:38:38 AM] [Info] Loaded 326 of 2378 assets...
[22/04/2026 1:38:38 AM] [Info] Loaded 358 of 2378 assets...
[22/04/2026 1:38:38 AM] [Info] Loaded 390 of 2378 assets...
[22/04/2026 1:38:38 AM] [Info] Loaded 490 of 2378 assets...
[22/04/2026 1:38:38 AM] [Info] Loaded 584 of 2378 assets...
[22/04/2026 1:38:38 AM] [Info] Loaded 701 of 2378 assets...
[22/04/2026 1:38:38 AM] [Info] Loaded 735 of 2378 assets...
[22/04/2026 1:38:38 AM] [Info] Loaded 772 of 2378 assets...
[22/04/2026 1:38:38 AM] [Info] Loaded 810 of 2378 assets...
[22/04/2026 1:38:38 AM] [Info] Loaded 823 of 2378 assets...
[22/04/2026 1:38:38 AM] [Info] Loaded 838 of 2378 assets...
[22/04/2026 1:38:38 AM] [Info] Loaded 881 of 2378 assets...
[22/04/2026 1:38:38 AM] [Info] Loaded 1911 of 2378 assets...
[22/04/2026 1:38:38 AM] [Info] Loaded 2378 of 2378 assets...
[22/04/2026 1:38:39 AM] [Info] Level overrides config Animals.Max_Instances_Medium: 256
[22/04/2026 1:38:39 AM] [Info] Skipping level config override Items.Quality_Full_Chance because it's overridden in server config
[22/04/2026 1:38:39 AM] [Info] Level overrides config Barricades.Allow_Item_Placement_On_Vehicle: False
[22/04/2026 1:38:39 AM] [Info] Level overrides config Barricades.Allow_Trap_Placement_On_Vehicle: False
[22/04/2026 1:38:39 AM] [Info] Level overrides config Barricades.Gun_Lowcal_Damage_Multiplier: 1
[22/04/2026 1:38:39 AM] [Info] Level overrides config Barricades.Gun_Highcal_Damage_Multiplier: 1
[22/04/2026 1:38:39 AM] [Info] Level overrides config Barricades.Armor_Lowtier_Multiplier: 1
[22/04/2026 1:38:39 AM] [Info] Level overrides config Barricades.Armor_Hightier_Multiplier: 1
[22/04/2026 1:38:39 AM] [Info] Level overrides config Structures.Gun_Lowcal_Damage_Multiplier: 1
[22/04/2026 1:38:39 AM] [Info] Level overrides config Structures.Gun_Highcal_Damage_Multiplier: 1
[22/04/2026 1:38:39 AM] [Info] Level overrides config Structures.Armor_Lowtier_Multiplier: 1
[22/04/2026 1:38:39 AM] [Info] Level overrides config Structures.Armor_Hightier_Multiplier: 1
[22/04/2026 1:38:39 AM] [Info] Level overrides config Structures.Melee_Damage_Multiplier: 1
[22/04/2026 1:38:39 AM] [Info] Level overrides config Structures.Melee_Repair_Multiplier: 1
[22/04/2026 1:38:39 AM] [Info] Level overrides config Events.Airdrop_Speed: 96
[22/04/2026 1:38:39 AM] [Info] Level overrides config Events.Airdrop_Force: 8.55
[22/04/2026 1:38:39 AM] [Info] Skipping level config override Vehicles.Gun_Lowcal_Damage_Multiplier because it's overridden in server config
[22/04/2026 1:38:39 AM] [Info] Skipping level config override Vehicles.Melee_Damage_Multiplier because it's overridden in server config
[22/04/2026 1:38:39 AM] [Info] Level overrides config Vehicles.Min_Battery_Charge: 1
[22/04/2026 1:38:39 AM] [Info] Level overrides config Vehicles.Max_Battery_Charge: 1
[22/04/2026 1:38:39 AM] [Info] Level overrides config Vehicles.Has_Battery_Chance: 1
[22/04/2026 1:38:39 AM] [Info] Level overrides config Vehicles.Max_Instances_Medium: 48
[22/04/2026 1:38:39 AM] [Info] Skipping level config override Vehicles.Armor_Multiplier because it's overridden in server config
[22/04/2026 1:38:39 AM] [Info] Skipping level config override Players.Experience_Multiplier because it's overridden in server config
[22/04/2026 1:38:39 AM] [Info] Skipping level config override Players.Lose_Skills_PvP because it's overridden in server config
[22/04/2026 1:38:39 AM] [Info] Skipping level config override Players.Lose_Skills_PvE because it's overridden in server config
[22/04/2026 1:38:39 AM] [Info] Skipping level config override Players.Lose_Experience_PvP because it's overridden in server config
[22/04/2026 1:38:39 AM] [Info] Skipping level config override Players.Lose_Experience_PvE because it's overridden in server config
[22/04/2026 1:38:39 AM] [Info] Skipping level config override Players.Lose_Skill_Levels_PvP because it's overridden in server config
[22/04/2026 1:38:39 AM] [Info] Skipping level config override Players.Lose_Skill_Levels_PvE because it's overridden in server config
[22/04/2026 1:38:39 AM] [Info] Skipping level config override Players.Virus_Infect because it's overridden in server config
[22/04/2026 1:38:39 AM] [Info] Level overrides config Players.Can_Break_Legs: False
[22/04/2026 1:38:39 AM] [Info] Skipping level config override Zombies.Armor_Multiplier because it's overridden in server config
[22/04/2026 1:38:39 AM] [Info] Level overrides config Zombies.Full_Moon_Experience_Multiplier: 2
[22/04/2026 1:38:39 AM] [Info] Skipping level config override Zombies.Spawn_Chance because it's overridden in server config
[22/04/2026 1:38:39 AM] [Info] Skipping level config override Zombies.Min_Mega_Drops because it's overridden in server config
[22/04/2026 1:38:39 AM] [Info] Skipping level config override Zombies.Max_Mega_Drops because it's overridden in server config
[22/04/2026 1:38:39 AM] [Info] Skipping level config override Zombies.Min_Boss_Drops because it's overridden in server config
[22/04/2026 1:38:39 AM] [Info] Skipping level config override Zombies.Max_Boss_Drops because it's overridden in server config
[22/04/2026 1:38:39 AM] [Info] Skipping level config override Zombies.Loot_Chance because it's overridden in server config
[22/04/2026 1:38:39 AM] [Info] Skipping level config override Gameplay.Chart because it's overridden in server config
[22/04/2026 1:38:39 AM] [Info] Monitoring workshop map "A6 Polaris" (2898548949) for changes
[22/04/2026 1:38:39 AM] [Info] Loading level: 5%
[22/04/2026 1:38:41 AM] [Info] Loading level: 10%
[22/04/2026 1:38:41 AM] [Info] Loading level: 15%
[22/04/2026 1:38:41 AM] [Info] Loading level: 21%
[22/04/2026 1:38:41 AM] [Info] Loading level: 26%
[22/04/2026 1:38:41 AM] [Info] Loading level: 31%
[22/04/2026 1:38:42 AM] [Info] Loading level: 36%
[22/04/2026 1:38:42 AM] [Info] Loading level: 42%
[22/04/2026 1:38:42 AM] [Info] Loading level: 47%
[22/04/2026 1:38:42 AM] [Info] Loading level: 52%
[22/04/2026 1:38:42 AM] [Info] Loading level: 57%
[22/04/2026 1:38:42 AM] [Info] Loading level: 63%
[22/04/2026 1:38:44 AM] [Info] Loading level: 68%
[22/04/2026 1:38:44 AM] [Info] Loading level: 73%
[22/04/2026 1:38:44 AM] [Info] Loading level: 89%
[22/04/2026 1:38:44 AM] [Info] Loading level: 94%
[22/04/2026 1:38:44 AM] [Info] //////////////////////////////////////////////////////
[22/04/2026 1:38:44 AM] [Info] Server Code: 85568392936196484
[22/04/2026 1:38:44 AM] [Info] Your friends can enter this code in the Connect Directly menu to join without port forwarding.
[22/04/2026 1:38:44 AM] [Info] Tip: Use the "CopyServerCode" command to copy the code to your clipboard. Alternatively, in most terminals you can highlight it and press Ctrl+Insert to copy.
[22/04/2026 1:38:44 AM] [Info] //////////////////////////////////////////////////////
[22/04/2026 1:38:45 AM] [Info] Loading level: 100%
[22/04/2026 1:42:37 AM] [Info] Connecting: PlayerID: 76561198811868695 Name: twicemiku Character: twicemiku
[22/04/2026 1:43:24 AM] [Info] [World] twicemiku [twicemiku]: "/home bed1"
[22/04/2026 1:43:27 AM] [Info] twicemiku moved x:252.4609 y:57.66287(+24.57372) z:-678.1797 in the last second (0.1000023)
[22/04/2026 1:43:32 AM] [Info] Connecting: PlayerID: 76561198374187872 Name: Myst_iU Character: Myst
[22/04/2026 1:47:33 AM] [Info] [World] Myst [Myst_iU]: "/give 36157"
[22/04/2026 1:48:09 AM] [Info] Successfully gave Myst_iU 36157 x1!
[22/04/2026 1:48:09 AM] [Info] [World] Myst [Myst_iU]: "/home bed1"
[22/04/2026 1:48:12 AM] [Info] Myst moved x:258.4297 y:57.41091(+31.26456) z:-697.7656 in the last second (0.09999847)
[22/04/2026 1:56:27 AM] [Info] [World] Myst [Myst_iU]: "/give 36171"
[22/04/2026 1:56:27 AM] [Info] Successfully gave Myst_iU 36171 x1!
[22/04/2026 1:57:04 AM] [Info] [World] Myst [Myst_iU]: "/give 4"
[22/04/2026 1:57:04 AM] [Info] Successfully gave Myst_iU 4 x1!
[22/04/2026 1:57:09 AM] [Info] [World] Myst [Myst_iU]: "/give 36049 4"
[22/04/2026 1:57:09 AM] [Info] Successfully gave Myst_iU 36049 x4!
[22/04/2026 2:04:26 AM] [Info] Connecting: PlayerID: 76561199571006509 Name: wiggielicious Character: wiggielicious
[22/04/2026 2:05:02 AM] [Info] [World] wiggielicious [wiggielicious]: "/tp myst"
[22/04/2026 2:05:02 AM] [Info] wiggielicious teleported to Myst
[22/04/2026 2:05:02 AM] [Info] wiggielicious moved x:285.3281 y:44.18671(+18.22912) z:-686.7031 in the last second (0.1097336)
[22/04/2026 2:08:36 AM] [Info] Saving server
[22/04/2026 2:10:50 AM] [Info] MoreHomes >> 8 player homes data has been saved!
[22/04/2026 2:10:50 AM] [Info] [World] Myst [Myst_iU]: "/give 36049 4"
[22/04/2026 2:10:50 AM] [Info] Successfully gave Myst_iU 36049 x4!
[22/04/2026 2:12:50 AM] [Info] Myst [Myst_iU] bled to death!
[22/04/2026 2:13:00 AM] [Info] [World] Myst [Myst_iU]: "/god"
[22/04/2026 2:13:02 AM] [Info] Myst enabled Godmode
[22/04/2026 2:13:02 AM] [Info] [World] Myst [Myst_iU]: "/tp"
[22/04/2026 2:13:14 AM] [Info] [World] Myst [Myst_iU]: "/tp wig"
[22/04/2026 2:13:14 AM] [Info] Myst teleported to wiggielicious
[22/04/2026 2:13:14 AM] [Info] Myst moved x:-872.3438 y:80.60552(+54.89908) z:-157.7578 in the last second (0.1088257)
[22/04/2026 2:15:19 AM] [Info] wiggielicious [wiggielicious] was mauled by a zombie!
[22/04/2026 2:15:48 AM] [Info] [World] wiggielicious [wiggielicious]: "/tp myst"
[22/04/2026 2:15:48 AM] [Info] wiggielicious teleported to Myst
[22/04/2026 2:15:49 AM] [Info] wiggielicious moved x:-859.4618 y:79.66503(+54.04324) z:-150.1536 in the last second (0.0427475)
[22/04/2026 2:16:01 AM] [Info] [World] wiggielicious [wiggielicious]: "/god"
[22/04/2026 2:16:01 AM] [Info] wiggielicious enabled Godmode
[22/04/2026 2:18:58 AM] [Info] [World] wiggielicious [wiggielicious]: "/god"
[22/04/2026 2:18:58 AM] [Info] wiggielicious disabled Godmode
[22/04/2026 2:20:27 AM] [Info] [World] Myst [Myst_iU]: "/god"
[22/04/2026 2:20:27 AM] [Info] Myst disabled Godmode
[22/04/2026 2:27:15 AM] [Info] [World] Myst [Myst_iU]: "/give 36358 5"
[22/04/2026 2:27:15 AM] [Info] Successfully gave Myst_iU 36358 x5!
[22/04/2026 2:28:26 AM] [Info] [World] twicemiku [twicemiku]: "/tp myst"
[22/04/2026 2:28:26 AM] [Info] twicemiku teleported to Myst
[22/04/2026 2:28:30 AM] [Info] [World] twicemiku [twicemiku]: "/tp myst"
[22/04/2026 2:28:30 AM] [Info] twicemiku teleported to Myst
[22/04/2026 2:28:34 AM] [Info] [World] twicemiku [twicemiku]: "/tp wiggie"
[22/04/2026 2:28:34 AM] [Info] twicemiku teleported to wiggielicious
[22/04/2026 2:28:43 AM] [Info] [World] twicemiku [twicemiku]: "/tp myst"
[22/04/2026 2:28:43 AM] [Info] twicemiku teleported to Myst
[22/04/2026 2:28:43 AM] [Info] twicemiku moved x:-906.2109 y:79.15546(+18.05703) z:-252.7656 in the last second (0.1004791)
[22/04/2026 2:31:24 AM] [Info] [World] wiggielicious [wiggielicious]: "/TP TWICE"
[22/04/2026 2:31:24 AM] [Info] wiggielicious teleported to twicemiku
[22/04/2026 2:32:20 AM] [Info] twicemiku [twicemiku] bled to death!
[22/04/2026 2:32:42 AM] [Info] [World] twicemiku [twicemiku]: "/god"
[22/04/2026 2:32:42 AM] [Info] twicemiku enabled Godmode
[22/04/2026 2:32:48 AM] [Info] [World] twicemiku [twicemiku]: "/tp wiggie"
[22/04/2026 2:32:48 AM] [Info] twicemiku teleported to wiggielicious
[22/04/2026 2:32:49 AM] [Info] twicemiku moved x:-781.3555 y:75.73592(+19.80677) z:-53.54604 in the last second (0.09999847)
[22/04/2026 2:33:49 AM] [Info] wiggielicious [wiggielicious] was mauled by a zombie!
[22/04/2026 2:34:00 AM] [Info] [World] wiggielicious [wiggielicious]: "/TP MYST"
[22/04/2026 2:34:00 AM] [Info] wiggielicious teleported to Myst
[22/04/2026 2:34:00 AM] [Info] wiggielicious moved x:-800.9141 y:75.73592(+50.22321) z:-53.17188 in the last second (0.09999847)
[22/04/2026 2:34:00 AM] [Info] wiggielicious [wiggielicious] was shot in the head by Myst [Myst_iU]!
[22/04/2026 2:34:10 AM] [Info] [World] wiggielicious [wiggielicious]: "/TP MYST"
[22/04/2026 2:34:10 AM] [Info] wiggielicious teleported to Myst
[22/04/2026 2:34:10 AM] [Info] wiggielicious moved x:-796.625 y:75.73592(+49.39326) z:-46.42969 in the last second (0.09999847)
[22/04/2026 2:34:16 AM] [Info] [World] wiggielicious [wiggielicious]: "/GOD"
[22/04/2026 2:34:16 AM] [Info] wiggielicious enabled Godmode
[22/04/2026 2:34:43 AM] [Info] [World] Myst [Myst_iU]: "/god"
[22/04/2026 2:34:43 AM] [Info] Myst enabled Godmode
[22/04/2026 2:35:45 AM] [Info] [World] Myst [Myst_iU]: "/GOD"
[22/04/2026 2:35:45 AM] [Info] Myst disabled Godmode
[22/04/2026 2:36:25 AM] [Info] Myst [Myst_iU] was mauled by a zombie!
[22/04/2026 2:36:32 AM] [Info] [World] Myst [Myst_iU]: "/GOD"
[22/04/2026 2:36:32 AM] [Info] Myst enabled Godmode
[22/04/2026 2:36:40 AM] [Info] [World] Myst [Myst_iU]: "/TP tw"
[22/04/2026 2:36:40 AM] [Info] Myst teleported to twicemiku
[22/04/2026 2:36:41 AM] [Info] Myst moved x:-763.6577 y:78.21176(+51.83742) z:-58.96249 in the last second (0.1419754)
[22/04/2026 2:38:21 AM] [Info] [World] wiggielicious [wiggielicious]: "/TP MYST"
[22/04/2026 2:38:21 AM] [Info] wiggielicious teleported to Myst
[22/04/2026 2:38:36 AM] [Info] Saving server
[22/04/2026 2:38:50 AM] [Info] MoreHomes >> 8 player homes data has been saved!
[22/04/2026 2:38:50 AM] [Info] [World] Myst [Myst_iU]: "/give 36327 4"
[22/04/2026 2:38:50 AM] [Info] Successfully gave Myst_iU 36327 x4!
[22/04/2026 2:39:50 AM] [Info] [World] twicemiku [twicemiku]: "/tp myst"
[22/04/2026 2:39:50 AM] [Info] twicemiku teleported to Myst
[22/04/2026 2:41:00 AM] [Info] [World] wiggielicious [wiggielicious]: "/tp twice"
[22/04/2026 2:44:29 AM] [Info] wiggielicious teleported to twicemiku
[22/04/2026 2:44:29 AM] [Info] [World] Myst [Myst_iU]: "/god"
[22/04/2026 2:44:29 AM] [Info] Myst disabled Godmode
[22/04/2026 2:44:38 AM] [Info] [World] twicemiku [twicemiku]: "/god"
[22/04/2026 2:44:38 AM] [Info] twicemiku disabled Godmode
[22/04/2026 2:45:12 AM] [Info] [World] Myst [Myst_iU]: "/home bed1"
[22/04/2026 2:45:54 AM] [Info] [World] twicemiku [twicemiku]: "home bed1"
[22/04/2026 2:46:01 AM] [Info] [World] twicemiku [twicemiku]: "/home bed1"
[22/04/2026 2:46:43 AM] [Info] [World] wiggielicious [wiggielicious]: "/tp twice"
[22/04/2026 2:46:43 AM] [Info] wiggielicious teleported to twicemiku
[22/04/2026 2:47:04 AM] [Info] [World] Myst [Myst_iU]: "/give 36492"
[22/04/2026 2:49:13 AM] [Info] Successfully gave Myst_iU 36492 x1!
[22/04/2026 2:49:13 AM] [Info] [World] Myst [Myst_iU]: "/god"
[22/04/2026 2:49:13 AM] [Info] Myst enabled Godmode
[22/04/2026 2:49:16 AM] [Info] [World] Myst [Myst_iU]: "/god"
[22/04/2026 2:49:16 AM] [Info] Myst disabled Godmode
[22/04/2026 2:52:26 AM] [Info] [World] wiggielicious [wiggielicious]: "/god"
[22/04/2026 2:52:26 AM] [Info] wiggielicious disabled Godmode
[22/04/2026 2:57:13 AM] [Info] [World] wiggielicious [wiggielicious]: "/give bacla"
[22/04/2026 2:57:25 AM] [Info] [World] wiggielicious [wiggielicious]: "/give baclava"
[22/04/2026 2:57:48 AM] [Info] [World] wiggielicious [wiggielicious]: "/give baclava 1"
[22/04/2026 2:58:12 AM] [Info] [World] Myst [Myst_iU]: "/experience 700"
[22/04/2026 3:08:36 AM] [Info] Successfully gave Myst_iU +700 experience!
[22/04/2026 3:08:36 AM] [Info] Saving server
[22/04/2026 3:11:50 AM] [Info] MoreHomes >> 8 player homes data has been saved!
[22/04/2026 3:11:50 AM] [Info] [World] twicemiku [twicemiku]: "/give polaris rose"
[22/04/2026 3:11:50 AM] [Error] Failed to convert rose into a number.
[22/04/2026 3:12:02 AM] [Info] [World] twicemiku [twicemiku]: "/give polaris rose 3"
[22/04/2026 3:12:02 AM] [Error] Failed to convert rose into a number.
[22/04/2026 3:12:11 AM] [Info] [World] twicemiku [twicemiku]: "/give polaris rose"
[22/04/2026 3:12:11 AM] [Error] Failed to convert rose into a number.
[22/04/2026 3:12:42 AM] [Info] [World] twicemiku [twicemiku]: "/home bed1"
[22/04/2026 3:12:45 AM] [Info] twicemiku moved x:252.4609 y:57.66287(+31.49878) z:-678.1797 in the last second (0.1000023)
[22/04/2026 3:31:09 AM] [Info] [World] wiggielicious [wiggielicious]: "/TP MYST"
[22/04/2026 3:31:09 AM] [Info] wiggielicious teleported to Myst
[22/04/2026 3:31:09 AM] [Info] wiggielicious moved x:256.1875 y:53.21875(+27.05466) z:-689.0859 in the last second (0.5947266)
[22/04/2026 3:33:48 AM] [Info] [World] wiggielicious [wiggielicious]: "/tp myst"
[22/04/2026 3:33:48 AM] [Info] wiggielicious teleported to Myst
[22/04/2026 3:38:28 AM] [Info] Disconnecting: PlayerID: 76561198811868695 Name: twicemiku Character: twicemiku
[22/04/2026 3:38:35 AM] [Info] [World] Myst [Myst_iU]: "/save"
[22/04/2026 3:38:36 AM] [Info] MoreHomes >> 8 player homes data has been saved!
[22/04/2026 3:38:36 AM] [Info] Successfully saved the game.
[22/04/2026 3:38:36 AM] [Info] Saving server
[22/04/2026 3:38:46 AM] [Info] MoreHomes >> 8 player homes data has been saved!
[22/04/2026 3:38:46 AM] [Info] Disconnecting: PlayerID: 76561199571006509 Name: wiggielicious Character: wiggielicious
[22/04/2026 3:45:17 AM] [Info] [World] Myst [Myst_iU]: "/give 36340 1"
[22/04/2026 3:45:17 AM] [Info] Successfully gave Myst_iU 36340 x1!
[22/04/2026 3:45:51 AM] [Info] [World] Myst [Myst_iU]: "/give 36092"
[22/04/2026 3:45:51 AM] [Info] Successfully gave Myst_iU 36092 x1!
[22/04/2026 3:50:30 AM] [Info] [World] Myst [Myst_iU]: "/give 36294 5"
[22/04/2026 4:00:45 AM] [Info] Successfully gave Myst_iU 36294 x5!
[22/04/2026 4:00:45 AM] [Info] Disconnecting: PlayerID: 76561198374187872 Name: Myst_iU Character: Myst
[22/04/2026 4:00:55 AM] [Info] MoreHomes >> 8 player homes data has been saved!
[22/04/2026 4:00:55 AM] [Info] Successfully saved the game.
[22/04/2026 4:00:57 AM] [Info] MoreHomes >> 8 player homes data has been saved!
[22/04/2026 4:00:58 AM] [Info] 
[unloading] SurvivalNotifier
