[18/04/2026 6:39:08 PM] [Info] [registered] /more (Rocket.Unturned.Commands.CommandMore/more)
[18/04/2026 6:39:09 PM] [Info] [registered] /admin (Rocket.Unturned.Commands.CommandAdmin/admin)
[18/04/2026 6:39:09 PM] [Info] [registered] /broadcast (Rocket.Unturned.Commands.CommandBroadcast/broadcast)
[18/04/2026 6:39:09 PM] [Info] [registered] /compass (Rocket.Unturned.Commands.CommandCompass/compass)
[18/04/2026 6:39:09 PM] [Info] [registered] /effect (Rocket.Unturned.Commands.CommandEffect/effect)
[18/04/2026 6:39:09 PM] [Info] [registered] /exit (Rocket.Unturned.Commands.CommandExit/exit)
[18/04/2026 6:39:09 PM] [Info] [registered] /god (Rocket.Unturned.Commands.CommandGod/god)
[18/04/2026 6:39:09 PM] [Info] [registered] /heal (Rocket.Unturned.Commands.CommandHeal/heal)
[18/04/2026 6:39:09 PM] [Info] [registered] /help (Rocket.Unturned.Commands.CommandHelp/help)
[18/04/2026 6:39:09 PM] [Info] [registered] /i (Rocket.Unturned.Commands.CommandI/i)
[18/04/2026 6:39:09 PM] [Info] [registered] /item (Rocket.Unturned.Commands.CommandI/item)
[18/04/2026 6:39:09 PM] [Info] [registered] /investigate (Rocket.Unturned.Commands.CommandInvestigate/investigate)
[18/04/2026 6:39:09 PM] [Info] [registered] /p (Rocket.Unturned.Commands.CommandP/p)
[18/04/2026 6:39:09 PM] [Info] [registered] /permissions (Rocket.Unturned.Commands.CommandP/permissions)
[18/04/2026 6:39:09 PM] [Info] [registered] /rocket (Rocket.Unturned.Commands.CommandRocket/rocket)
[18/04/2026 6:39:09 PM] [Info] [registered] /tp (Rocket.Unturned.Commands.CommandTp/tp)
[18/04/2026 6:39:09 PM] [Info] [registered] /tphere (Rocket.Unturned.Commands.CommandTphere/tphere)
[18/04/2026 6:39:09 PM] [Info] [registered] /unadmin (Rocket.Unturned.Commands.CommandUnadmin/unadmin)
[18/04/2026 6:39:09 PM] [Info] [registered] /v (Rocket.Unturned.Commands.CommandV/v)
[18/04/2026 6:39:09 PM] [Info] [registered] /vanish (Rocket.Unturned.Commands.CommandVanish/vanish)
[18/04/2026 6:39:09 PM] [Info] Loading HardcoreDurability from E:\SteamLibrary\steamapps\common\U3DS\Servers\New Era Polaris\Rocket\Plugins\HardcoreDurability.dll
[18/04/2026 6:39:09 PM] [Info] Loading MoreHomes from E:\SteamLibrary\steamapps\common\U3DS\Servers\New Era Polaris\Rocket\Plugins\MoreHomes.dll
[18/04/2026 6:39:09 PM] [Info] Loading Teleportation from E:\SteamLibrary\steamapps\common\U3DS\Servers\New Era Polaris\Rocket\Plugins\Teleportation.dll
[18/04/2026 6:39:09 PM] [Error] mscorlib >> Caught exception resolving dependency: 0Harmony -> Exception in DoAssemblyResolve: System.ArgumentNullException: Value cannot be null.
Parameter name: v1
  at System.Version.op_LessThanOrEqual (System.Version v1, System.Version v2) [0x00003] in <1071a2cb0cb3433aae80a793c277a048>:0 
  at System.Version.op_GreaterThanOrEqual (System.Version v1, System.Version v2) [0x00000] in <1071a2cb0cb3433aae80a793c277a048>:0 
  at Rocket.Core.Plugins.RocketPluginManager+<>c__DisplayClass12_0.<Awake>b__1 (System.Collections.Generic.KeyValuePair`2[TKey,TValue] lib) [0x00035] in <59a13feb721848c8b0cd173f6d0e820b>:0 
  at System.Linq.Enumerable.TryGetFirst[TSource] (System.Collections.Generic.IEnumerable`1[T] source, System.Func`2[T,TResult] predicate, System.Boolean& found) [0x0003f] in <ea489521390f48908a7ce45cb17a6848>:0 
  at System.Linq.Enumerable.FirstOrDefault[TSource] (System.Collections.Generic.IEnumerable`1[T] source, System.Func`2[T,TResult] predicate) [0x00000] in <ea489521390f48908a7ce45cb17a6848>:0 
  at Rocket.Core.Plugins.RocketPluginManager.<Awake>b__12_0 (System.Object sender, System.ResolveEventArgs args) [0x00017] in <59a13feb721848c8b0cd173f6d0e820b>:0 
[18/04/2026 6:39:09 PM] [Error] Could not find dependency: 0Harmony
[18/04/2026 6:39:09 PM] [Info] 
[loading] HardcoreDurability
[18/04/2026 6:39:09 PM] [Error] Failed to load HardcoreDurability, unloading now... :HarmonyLib.HarmonyException: Patching exception in method System.Void SDG.Unturned.PlayerClothing::sendUpdateShirtQuality() ---> System.Exception: Parameter "quality" not found in method System.Void SDG.Unturned.PlayerClothing::sendUpdateShirtQuality()
  at HarmonyLib.MethodPatcher.EmitCallParameter (System.Reflection.MethodInfo patch, System.Collections.Generic.Dictionary`2[TKey,TValue] variables, System.Reflection.Emit.LocalBuilder runOriginalVariable, System.Boolean allowFirsParamPassthrough, System.Reflection.Emit.LocalBuilder& tmpObjectVar, System.Collections.Generic.List`1[T] tmpBoxVars) [0x00798] in <c41e743af69b4202a7feaa0f0bd481b8>:0 
  at HarmonyLib.MethodPatcher+<>c__DisplayClass32_0.<AddPrefixes>b__0 (System.Reflection.MethodInfo fix) [0x0008d] in <c41e743af69b4202a7feaa0f0bd481b8>:0 
  at HarmonyLib.CollectionExtensions.Do[T] (System.Collections.Generic.IEnumerable`1[T] sequence, System.Action`1[T] action) [0x00014] in <c41e743af69b4202a7feaa0f0bd481b8>:0 
  at HarmonyLib.MethodPatcher.AddPrefixes (System.Collections.Generic.Dictionary`2[TKey,TValue] variables, System.Reflection.Emit.LocalBuilder runOriginalVariable) [0x0001b] in <c41e743af69b4202a7feaa0f0bd481b8>:0 
  at HarmonyLib.MethodPatcher.CreateReplacement (System.Collections.Generic.Dictionary`2[System.Int32,HarmonyLib.CodeInstruction]& finalInstructions) [0x00166] in <c41e743af69b4202a7feaa0f0bd481b8>:0 
  at HarmonyLib.PatchFunctions.UpdateWrapper (System.Reflection.MethodBase original, HarmonyLib.PatchInfo patchInfo) [0x00057] in <c41e743af69b4202a7feaa0f0bd481b8>:0 
  at HarmonyLib.PatchClassProcessor.ProcessPatchJob (HarmonyLib.PatchJobs`1+Job[T] job) [0x000bb] in <c41e743af69b4202a7feaa0f0bd481b8>:0 
   --- End of inner exception stack trace ---
  at HarmonyLib.PatchClassProcessor.ReportException (System.Exception exception, System.Reflection.MethodBase original) [0x0010f] in <c41e743af69b4202a7feaa0f0bd481b8>:0 
  at HarmonyLib.PatchClassProcessor.Patch () [0x00084] in <c41e743af69b4202a7feaa0f0bd481b8>:0 
  at HarmonyLib.Harmony.<PatchAll>b__10_0 (System.Type type) [0x00007] in <c41e743af69b4202a7feaa0f0bd481b8>:0 
  at HarmonyLib.CollectionExtensions.Do[T] (System.Collections.Generic.IEnumerable`1[T] sequence, System.Action`1[T] action) [0x00014] in <c41e743af69b4202a7feaa0f0bd481b8>:0 
  at HarmonyLib.Harmony.PatchAll (System.Reflection.Assembly assembly) [0x00006] in <c41e743af69b4202a7feaa0f0bd481b8>:0 
  at HarmonyLib.Harmony.PatchAll () [0x0001b] in <c41e743af69b4202a7feaa0f0bd481b8>:0 
  at HardcoreDurability.HardcoreDurabilityPlugin.Load () [0x00017] in <f6deb1b0c7924a039af7b79e943cb6fc>:0 
  at Rocket.Core.Plugins.RocketPlugin.LoadPlugin () [0x00033] in <59a13feb721848c8b0cd173f6d0e820b>:0 
[18/04/2026 6:39:09 PM] [Info] 
[unloading] HardcoreDurability
[18/04/2026 6:39:09 PM] [Info] HardcoreDurability >> Hardcore Durability Unloaded!
[18/04/2026 6:39:09 PM] [Info] 
[loading] MoreHomes
[18/04/2026 6:39:09 PM] [Info] [registered] /home (RestoreMonarchy.MoreHomes.Commands.HomeCommand/home)
[18/04/2026 6:39:09 PM] [Info] [registered] /homes (RestoreMonarchy.MoreHomes.Commands.HomesCommand/homes)
[18/04/2026 6:39:09 PM] [Info] [registered] /destroyhome (RestoreMonarchy.MoreHomes.Commands.DestroyHomeCommand/destroyhome)
[18/04/2026 6:39:09 PM] [Info] [registered] /renamehome (RestoreMonarchy.MoreHomes.Commands.RenameHomeCommand/renamehome)
[18/04/2026 6:39:09 PM] [Info] [registered] /restorehomes (RestoreMonarchy.MoreHomes.Commands.RestoreHomesCommand/restorehomes)
[18/04/2026 6:39:09 PM] [Info] MoreHomes >> MoreHomes 1.7.2.0 has been loaded!
[18/04/2026 6:39:09 PM] [Info] MoreHomes >> Brought to you by RestoreMonarchy.com
[18/04/2026 6:39:09 PM] [Error] mscorlib >> Caught exception resolving dependency: Steamworks.NET -> Exception in DoAssemblyResolve: System.ArgumentNullException: Value cannot be null.
Parameter name: v1
  at System.Version.op_LessThanOrEqual (System.Version v1, System.Version v2) [0x00003] in <1071a2cb0cb3433aae80a793c277a048>:0 
  at System.Version.op_GreaterThanOrEqual (System.Version v1, System.Version v2) [0x00000] in <1071a2cb0cb3433aae80a793c277a048>:0 
  at Rocket.Core.Plugins.RocketPluginManager+<>c__DisplayClass12_0.<Awake>b__1 (System.Collections.Generic.KeyValuePair`2[TKey,TValue] lib) [0x00035] in <59a13feb721848c8b0cd173f6d0e820b>:0 
  at System.Linq.Enumerable.TryGetFirst[TSource] (System.Collections.Generic.IEnumerable`1[T] source, System.Func`2[T,TResult] predicate, System.Boolean& found) [0x0003f] in <ea489521390f48908a7ce45cb17a6848>:0 
  at System.Linq.Enumerable.FirstOrDefault[TSource] (System.Collections.Generic.IEnumerable`1[T] source, System.Func`2[T,TResult] predicate) [0x00000] in <ea489521390f48908a7ce45cb17a6848>:0 
  at Rocket.Core.Plugins.RocketPluginManager.<Awake>b__12_0 (System.Object sender, System.ResolveEventArgs args) [0x00017] in <59a13feb721848c8b0cd173f6d0e820b>:0 
[18/04/2026 6:39:09 PM] [Error] Could not find dependency: Steamworks.NET
[18/04/2026 6:39:09 PM] [Info] 
[loading] Teleportation
[18/04/2026 6:39:09 PM] [Info] [registered] /tpa (RestoreMonarchy.Teleportation.Commands.TPACommand/tpa)
[18/04/2026 6:39:09 PM] [Info] Teleportation >> Teleportation 1.6.0.0 has been loaded!
[18/04/2026 6:39:09 PM] [Info] This server will automatically save every 1800 seconds
[18/04/2026 6:39:09 PM] [Info] Steam servers ready!
[18/04/2026 6:39:09 PM] [Info] Workshop install folder: E:\SteamLibrary\steamapps\common\U3DS/Servers/New Era Polaris/Workshop/Steam
[18/04/2026 6:39:09 PM] [Info] 1 workshop item(s) requested
[18/04/2026 6:39:09 PM] [Info] Submitting workshop query for 1 item(s)...
[18/04/2026 6:39:09 PM] [Info] Workshop query yielded 1 result(s)
[18/04/2026 6:39:10 PM] [Info] This server's allowed IP for Workshop downloads: [redacted]
[18/04/2026 6:39:10 PM] [Info] 2898548949 'A6 Polaris' queued for download
[18/04/2026 6:39:10 PM] [Info] 1 workshop item(s) to download...
[18/04/2026 6:39:10 PM] [Info] Workshop item found in cache: 2898548949
[18/04/2026 6:39:10 PM] [Info] Installing workshop item: 2898548949
[18/04/2026 6:39:10 PM] [Info] Installed workshop item: 2898548949
[18/04/2026 6:39:10 PM] [Info] Searched 0 of 1 locations and found 137 asset files...
[18/04/2026 6:39:10 PM] [Info] Read 0 of 137 asset file contents into memory...
[18/04/2026 6:39:10 PM] [Info] Loaded 0 of 137 assets...
[18/04/2026 6:39:10 PM] [Info] Searched 0 of 1 locations and found 391 asset files...
[18/04/2026 6:39:10 PM] [Info] Read 0 of 391 asset file contents into memory...
[18/04/2026 6:39:10 PM] [Info] Loaded 0 of 391 assets...
[18/04/2026 6:39:10 PM] [Info] Searched 0 of 1 locations and found 589 asset files...
[18/04/2026 6:39:10 PM] [Info] Read 0 of 589 asset file contents into memory...
[18/04/2026 6:39:10 PM] [Info] Loaded 0 of 589 assets...
[18/04/2026 6:39:10 PM] [Info] Loaded 0 of 1 asset bundles...
[18/04/2026 6:39:10 PM] [Info] Searched 0 of 1 locations and found 769 asset files...
[18/04/2026 6:39:10 PM] [Info] Read 16 of 769 asset file contents into memory...
[18/04/2026 6:39:10 PM] [Info] Loaded 0 of 769 assets...
[18/04/2026 6:39:10 PM] [Info] Searched 0 of 1 locations and found 945 asset files...
[18/04/2026 6:39:10 PM] [Info] Read 110 of 945 asset file contents into memory...
[18/04/2026 6:39:10 PM] [Info] Loaded 0 of 945 assets...
[18/04/2026 6:39:10 PM] [Info] Searched 0 of 1 locations and found 1146 asset files...
[18/04/2026 6:39:10 PM] [Info] Read 187 of 1146 asset file contents into memory...
[18/04/2026 6:39:10 PM] [Info] Loaded 0 of 1146 assets...
[18/04/2026 6:39:10 PM] [Info] Searched 0 of 1 locations and found 1331 asset files...
[18/04/2026 6:39:10 PM] [Info] Read 249 of 1331 asset file contents into memory...
[18/04/2026 6:39:10 PM] [Info] Loaded 0 of 1331 assets...
[18/04/2026 6:39:10 PM] [Info] Searched 0 of 1 locations and found 1499 asset files...
[18/04/2026 6:39:10 PM] [Info] Read 301 of 1499 asset file contents into memory...
[18/04/2026 6:39:10 PM] [Info] Loaded 0 of 1499 assets...
[18/04/2026 6:39:10 PM] [Info] Searched 0 of 1 locations and found 1644 asset files...
[18/04/2026 6:39:10 PM] [Info] Read 348 of 1644 asset file contents into memory...
[18/04/2026 6:39:10 PM] [Info] Loaded 0 of 1644 assets...
[18/04/2026 6:39:10 PM] [Info] Searched 0 of 1 locations and found 1816 asset files...
[18/04/2026 6:39:10 PM] [Info] Read 414 of 1816 asset file contents into memory...
[18/04/2026 6:39:10 PM] [Info] Loaded 0 of 1816 assets...
[18/04/2026 6:39:10 PM] [Info] Searched 0 of 1 locations and found 2002 asset files...
[18/04/2026 6:39:10 PM] [Info] Read 470 of 2002 asset file contents into memory...
[18/04/2026 6:39:10 PM] [Info] Loaded 0 of 2002 assets...
[18/04/2026 6:39:10 PM] [Info] Searched 0 of 1 locations and found 2187 asset files...
[18/04/2026 6:39:10 PM] [Info] Read 534 of 2187 asset file contents into memory...
[18/04/2026 6:39:10 PM] [Info] Loaded 0 of 2187 assets...
[18/04/2026 6:39:10 PM] [Info] Searched 0 of 1 locations and found 2370 asset files...
[18/04/2026 6:39:10 PM] [Info] Read 597 of 2370 asset file contents into memory...
[18/04/2026 6:39:10 PM] [Info] Loaded 0 of 2370 assets...
[18/04/2026 6:39:10 PM] [Info] Searched 1 of 1 locations and found 2378 asset files...
[18/04/2026 6:39:10 PM] [Info] Read 659 of 2378 asset file contents into memory...
[18/04/2026 6:39:10 PM] [Info] Loaded 0 of 2378 assets...
[18/04/2026 6:39:10 PM] [Info] Read 722 of 2378 asset file contents into memory...
[18/04/2026 6:39:10 PM] [Info] Read 791 of 2378 asset file contents into memory...
[18/04/2026 6:39:10 PM] [Info] Read 851 of 2378 asset file contents into memory...
[18/04/2026 6:39:10 PM] [Info] Read 932 of 2378 asset file contents into memory...
[18/04/2026 6:39:10 PM] [Info] Read 999 of 2378 asset file contents into memory...
[18/04/2026 6:39:11 PM] [Info] Read 1077 of 2378 asset file contents into memory...
[18/04/2026 6:39:11 PM] [Info] Read 1166 of 2378 asset file contents into memory...
[18/04/2026 6:39:11 PM] [Info] Read 1249 of 2378 asset file contents into memory...
[18/04/2026 6:39:11 PM] [Info] Read 1338 of 2378 asset file contents into memory...
[18/04/2026 6:39:11 PM] [Info] Read 1422 of 2378 asset file contents into memory...
[18/04/2026 6:39:11 PM] [Info] Read 1501 of 2378 asset file contents into memory...
[18/04/2026 6:39:11 PM] [Info] Read 1565 of 2378 asset file contents into memory...
[18/04/2026 6:39:11 PM] [Info] Read 1652 of 2378 asset file contents into memory...
[18/04/2026 6:39:11 PM] [Info] Read 1736 of 2378 asset file contents into memory...
[18/04/2026 6:39:11 PM] [Info] Read 1759 of 2378 asset file contents into memory...
[18/04/2026 6:39:11 PM] [Info] Read 1813 of 2378 asset file contents into memory...
[18/04/2026 6:39:11 PM] [Info] Read 1923 of 2378 asset file contents into memory...
[18/04/2026 6:39:11 PM] [Info] Read 1990 of 2378 asset file contents into memory...
[18/04/2026 6:39:11 PM] [Info] Read 2061 of 2378 asset file contents into memory...
[18/04/2026 6:39:11 PM] [Info] Read 2130 of 2378 asset file contents into memory...
[18/04/2026 6:39:11 PM] [Info] Read 2200 of 2378 asset file contents into memory...
[18/04/2026 6:39:11 PM] [Info] Read 2275 of 2378 asset file contents into memory...
[18/04/2026 6:39:11 PM] [Info] Loaded 1 of 1 asset bundles...
[18/04/2026 6:39:11 PM] [Info] Read 2378 of 2378 asset file contents into memory...
[18/04/2026 6:39:11 PM] [Info] Loaded 3 of 2378 assets...
[18/04/2026 6:39:11 PM] [Info] Loaded 8 of 2378 assets...
[18/04/2026 6:39:11 PM] [Info] Loaded 56 of 2378 assets...
[18/04/2026 6:39:12 PM] [Info] Loaded 92 of 2378 assets...
[18/04/2026 6:39:12 PM] [Info] Loaded 242 of 2378 assets...
[18/04/2026 6:39:12 PM] [Info] Loaded 287 of 2378 assets...
[18/04/2026 6:39:12 PM] [Info] Loaded 320 of 2378 assets...
[18/04/2026 6:39:12 PM] [Info] Loaded 350 of 2378 assets...
[18/04/2026 6:39:12 PM] [Info] Loaded 382 of 2378 assets...
[18/04/2026 6:39:12 PM] [Info] Loaded 414 of 2378 assets...
[18/04/2026 6:39:12 PM] [Info] Loaded 517 of 2378 assets...
[18/04/2026 6:39:12 PM] [Info] Loaded 611 of 2378 assets...
[18/04/2026 6:39:12 PM] [Info] Loaded 707 of 2378 assets...
[18/04/2026 6:39:12 PM] [Info] Loaded 739 of 2378 assets...
[18/04/2026 6:39:12 PM] [Info] Loaded 772 of 2378 assets...
[18/04/2026 6:39:12 PM] [Info] Loaded 810 of 2378 assets...
[18/04/2026 6:39:12 PM] [Info] Loaded 823 of 2378 assets...
[18/04/2026 6:39:12 PM] [Info] Loaded 837 of 2378 assets...
[18/04/2026 6:39:12 PM] [Info] Loaded 852 of 2378 assets...
[18/04/2026 6:39:12 PM] [Info] Loaded 1934 of 2378 assets...
[18/04/2026 6:39:12 PM] [Info] Loaded 2378 of 2378 assets...
[18/04/2026 6:39:13 PM] [Info] Level overrides config Animals.Max_Instances_Medium: 256
[18/04/2026 6:39:13 PM] [Info] Skipping level config override Items.Quality_Full_Chance because it's overridden in server config
[18/04/2026 6:39:13 PM] [Info] Level overrides config Barricades.Allow_Item_Placement_On_Vehicle: False
[18/04/2026 6:39:13 PM] [Info] Level overrides config Barricades.Allow_Trap_Placement_On_Vehicle: False
[18/04/2026 6:39:13 PM] [Info] Level overrides config Barricades.Gun_Lowcal_Damage_Multiplier: 1
[18/04/2026 6:39:13 PM] [Info] Level overrides config Barricades.Gun_Highcal_Damage_Multiplier: 1
[18/04/2026 6:39:13 PM] [Info] Level overrides config Barricades.Armor_Lowtier_Multiplier: 1
[18/04/2026 6:39:13 PM] [Info] Level overrides config Barricades.Armor_Hightier_Multiplier: 1
[18/04/2026 6:39:13 PM] [Info] Level overrides config Structures.Gun_Lowcal_Damage_Multiplier: 1
[18/04/2026 6:39:13 PM] [Info] Level overrides config Structures.Gun_Highcal_Damage_Multiplier: 1
[18/04/2026 6:39:13 PM] [Info] Level overrides config Structures.Armor_Lowtier_Multiplier: 1
[18/04/2026 6:39:13 PM] [Info] Level overrides config Structures.Armor_Hightier_Multiplier: 1
[18/04/2026 6:39:13 PM] [Info] Level overrides config Structures.Melee_Damage_Multiplier: 1
[18/04/2026 6:39:13 PM] [Info] Level overrides config Structures.Melee_Repair_Multiplier: 1
[18/04/2026 6:39:13 PM] [Info] Level overrides config Events.Airdrop_Speed: 96
[18/04/2026 6:39:13 PM] [Info] Level overrides config Events.Airdrop_Force: 8.55
[18/04/2026 6:39:13 PM] [Info] Level overrides config Vehicles.Gun_Lowcal_Damage_Multiplier: 2
[18/04/2026 6:39:13 PM] [Info] Level overrides config Vehicles.Melee_Damage_Multiplier: 2
[18/04/2026 6:39:13 PM] [Info] Level overrides config Vehicles.Min_Battery_Charge: 1
[18/04/2026 6:39:13 PM] [Info] Level overrides config Vehicles.Max_Battery_Charge: 1
[18/04/2026 6:39:13 PM] [Info] Level overrides config Vehicles.Has_Battery_Chance: 1
[18/04/2026 6:39:13 PM] [Info] Level overrides config Vehicles.Max_Instances_Medium: 48
[18/04/2026 6:39:13 PM] [Info] Level overrides config Vehicles.Armor_Multiplier: 0.375
[18/04/2026 6:39:13 PM] [Info] Skipping level config override Players.Experience_Multiplier because it's overridden in server config
[18/04/2026 6:39:13 PM] [Info] Skipping level config override Players.Lose_Skills_PvP because it's overridden in server config
[18/04/2026 6:39:13 PM] [Info] Skipping level config override Players.Lose_Skills_PvE because it's overridden in server config
[18/04/2026 6:39:13 PM] [Info] Skipping level config override Players.Lose_Experience_PvP because it's overridden in server config
[18/04/2026 6:39:13 PM] [Info] Skipping level config override Players.Lose_Experience_PvE because it's overridden in server config
[18/04/2026 6:39:13 PM] [Info] Skipping level config override Players.Lose_Skill_Levels_PvP because it's overridden in server config
[18/04/2026 6:39:13 PM] [Info] Skipping level config override Players.Lose_Skill_Levels_PvE because it's overridden in server config
[18/04/2026 6:39:13 PM] [Info] Skipping level config override Players.Virus_Infect because it's overridden in server config
[18/04/2026 6:39:13 PM] [Info] Level overrides config Players.Can_Break_Legs: False
[18/04/2026 6:39:13 PM] [Info] Skipping level config override Zombies.Armor_Multiplier because it's overridden in server config
[18/04/2026 6:39:13 PM] [Info] Level overrides config Zombies.Full_Moon_Experience_Multiplier: 2
[18/04/2026 6:39:13 PM] [Info] Skipping level config override Zombies.Spawn_Chance because it's overridden in server config
[18/04/2026 6:39:13 PM] [Info] Level overrides config Zombies.Min_Mega_Drops: 1
[18/04/2026 6:39:13 PM] [Info] Level overrides config Zombies.Max_Mega_Drops: 1
[18/04/2026 6:39:13 PM] [Info] Level overrides config Zombies.Min_Boss_Drops: 1
[18/04/2026 6:39:13 PM] [Info] Level overrides config Zombies.Max_Boss_Drops: 1
[18/04/2026 6:39:13 PM] [Info] Skipping level config override Zombies.Loot_Chance because it's overridden in server config
[18/04/2026 6:39:13 PM] [Info] Skipping level config override Gameplay.Chart because it's overridden in server config
[18/04/2026 6:39:13 PM] [Info] Monitoring workshop map "A6 Polaris" (2898548949) for changes
[18/04/2026 6:39:13 PM] [Info] Loading level: 5%
[18/04/2026 6:39:15 PM] [Info] Loading level: 10%
[18/04/2026 6:39:16 PM] [Info] Loading level: 15%
[18/04/2026 6:39:16 PM] [Info] Loading level: 21%
[18/04/2026 6:39:16 PM] [Info] Loading level: 26%
[18/04/2026 6:39:16 PM] [Info] Loading level: 31%
[18/04/2026 6:39:16 PM] [Info] Loading level: 36%
[18/04/2026 6:39:16 PM] [Info] Loading level: 42%
[18/04/2026 6:39:16 PM] [Info] Loading level: 47%
[18/04/2026 6:39:16 PM] [Info] Loading level: 52%
[18/04/2026 6:39:16 PM] [Info] Loading level: 57%
[18/04/2026 6:39:16 PM] [Info] Loading level: 63%
[18/04/2026 6:39:18 PM] [Info] Loading level: 68%
[18/04/2026 6:39:18 PM] [Info] Loading level: 73%
[18/04/2026 6:39:18 PM] [Info] Loading level: 89%
[18/04/2026 6:39:18 PM] [Info] Loading level: 94%
[18/04/2026 6:39:19 PM] [Info] //////////////////////////////////////////////////////
[18/04/2026 6:39:19 PM] [Info] Server Code: 85568392936196484
[18/04/2026 6:39:19 PM] [Info] Your friends can enter this code in the Connect Directly menu to join without port forwarding.
[18/04/2026 6:39:19 PM] [Info] Tip: Use the "CopyServerCode" command to copy the code to your clipboard. Alternatively, in most terminals you can highlight it and press Ctrl+Insert to copy.
[18/04/2026 6:39:19 PM] [Info] //////////////////////////////////////////////////////
[18/04/2026 6:39:19 PM] [Info] Loading level: 100%
[18/04/2026 6:42:33 PM] [Info] Permissions reloaded
[18/04/2026 6:42:48 PM] [Info] Handling SIGINT or SIGBREAK by requesting a graceful shutdown
[18/04/2026 6:42:48 PM] [Info] MoreHomes >> 1 player homes data has been saved!
