[18/04/2026 6:57:28 PM] [Info] [registered] /more (Rocket.Unturned.Commands.CommandMore/more)
[18/04/2026 6:57:28 PM] [Info] [registered] /admin (Rocket.Unturned.Commands.CommandAdmin/admin)
[18/04/2026 6:57:28 PM] [Info] [registered] /broadcast (Rocket.Unturned.Commands.CommandBroadcast/broadcast)
[18/04/2026 6:57:28 PM] [Info] [registered] /compass (Rocket.Unturned.Commands.CommandCompass/compass)
[18/04/2026 6:57:28 PM] [Info] [registered] /effect (Rocket.Unturned.Commands.CommandEffect/effect)
[18/04/2026 6:57:28 PM] [Info] [registered] /exit (Rocket.Unturned.Commands.CommandExit/exit)
[18/04/2026 6:57:28 PM] [Info] [registered] /god (Rocket.Unturned.Commands.CommandGod/god)
[18/04/2026 6:57:28 PM] [Info] [registered] /heal (Rocket.Unturned.Commands.CommandHeal/heal)
[18/04/2026 6:57:28 PM] [Info] [registered] /help (Rocket.Unturned.Commands.CommandHelp/help)
[18/04/2026 6:57:28 PM] [Info] [registered] /i (Rocket.Unturned.Commands.CommandI/i)
[18/04/2026 6:57:28 PM] [Info] [registered] /item (Rocket.Unturned.Commands.CommandI/item)
[18/04/2026 6:57:28 PM] [Info] [registered] /investigate (Rocket.Unturned.Commands.CommandInvestigate/investigate)
[18/04/2026 6:57:28 PM] [Info] [registered] /p (Rocket.Unturned.Commands.CommandP/p)
[18/04/2026 6:57:28 PM] [Info] [registered] /permissions (Rocket.Unturned.Commands.CommandP/permissions)
[18/04/2026 6:57:28 PM] [Info] [registered] /rocket (Rocket.Unturned.Commands.CommandRocket/rocket)
[18/04/2026 6:57:28 PM] [Info] [registered] /tp (Rocket.Unturned.Commands.CommandTp/tp)
[18/04/2026 6:57:28 PM] [Info] [registered] /tphere (Rocket.Unturned.Commands.CommandTphere/tphere)
[18/04/2026 6:57:28 PM] [Info] [registered] /unadmin (Rocket.Unturned.Commands.CommandUnadmin/unadmin)
[18/04/2026 6:57:28 PM] [Info] [registered] /v (Rocket.Unturned.Commands.CommandV/v)
[18/04/2026 6:57:28 PM] [Info] [registered] /vanish (Rocket.Unturned.Commands.CommandVanish/vanish)
[18/04/2026 6:57:28 PM] [Info] Loading HardcoreDurability from E:\SteamLibrary\steamapps\common\U3DS\Servers\New Era Polaris\Rocket\Plugins\HardcoreDurability.dll
[18/04/2026 6:57:28 PM] [Info] Loading MoreHomes from E:\SteamLibrary\steamapps\common\U3DS\Servers\New Era Polaris\Rocket\Plugins\MoreHomes.dll
[18/04/2026 6:57:28 PM] [Info] Loading Teleportation from E:\SteamLibrary\steamapps\common\U3DS\Servers\New Era Polaris\Rocket\Plugins\Teleportation.dll
[18/04/2026 6:57:29 PM] [Error] mscorlib >> Caught exception resolving dependency: 0Harmony -> Exception in DoAssemblyResolve: System.ArgumentNullException: Value cannot be null.
Parameter name: v1
  at System.Version.op_LessThanOrEqual (System.Version v1, System.Version v2) [0x00003] in <1071a2cb0cb3433aae80a793c277a048>:0 
  at System.Version.op_GreaterThanOrEqual (System.Version v1, System.Version v2) [0x00000] in <1071a2cb0cb3433aae80a793c277a048>:0 
  at Rocket.Core.Plugins.RocketPluginManager+<>c__DisplayClass12_0.<Awake>b__1 (System.Collections.Generic.KeyValuePair`2[TKey,TValue] lib) [0x00035] in <59a13feb721848c8b0cd173f6d0e820b>:0 
  at System.Linq.Enumerable.TryGetFirst[TSource] (System.Collections.Generic.IEnumerable`1[T] source, System.Func`2[T,TResult] predicate, System.Boolean& found) [0x0003f] in <ea489521390f48908a7ce45cb17a6848>:0 
  at System.Linq.Enumerable.FirstOrDefault[TSource] (System.Collections.Generic.IEnumerable`1[T] source, System.Func`2[T,TResult] predicate) [0x00000] in <ea489521390f48908a7ce45cb17a6848>:0 
  at Rocket.Core.Plugins.RocketPluginManager.<Awake>b__12_0 (System.Object sender, System.ResolveEventArgs args) [0x00017] in <59a13feb721848c8b0cd173f6d0e820b>:0 
[18/04/2026 6:57:29 PM] [Error] Could not find dependency: 0Harmony
[18/04/2026 6:57:29 PM] [Info] 
[loading] HardcoreDurability
[18/04/2026 6:57:29 PM] [Error] Failed to load HardcoreDurability, unloading now... :HarmonyLib.HarmonyException: Patching exception in method System.Void SDG.Unturned.PlayerClothing::sendUpdateShirtQuality() ---> System.Exception: Parameter "quality" not found in method System.Void SDG.Unturned.PlayerClothing::sendUpdateShirtQuality()
  at HarmonyLib.MethodPatcher.EmitCallParameter (System.Reflection.MethodInfo patch, System.Collections.Generic.Dictionary`2[TKey,TValue] variables, System.Reflection.Emit.LocalBuilder runOriginalVariable, System.Boolean allowFirsParamPassthrough, System.Reflection.Emit.LocalBuilder& tmpObjectVar, System.Collections.Generic.List`1[T] tmpBoxVars) [0x00798] in <c41e743af69b4202a7feaa0f0bd481b8>:0 
  at HarmonyLib.MethodPatcher+<>c__DisplayClass32_0.<AddPrefixes>b__0 (System.Reflection.MethodInfo fix) [0x0008d] in <c41e743af69b4202a7feaa0f0bd481b8>:0 
  at HarmonyLib.CollectionExtensions.Do[T] (System.Collections.Generic.IEnumerable`1[T] sequence, System.Action`1[T] action) [0x00014] in <c41e743af69b4202a7feaa0f0bd481b8>:0 
  at HarmonyLib.MethodPatcher.AddPrefixes (System.Collections.Generic.Dictionary`2[TKey,TValue] variables, System.Reflection.Emit.LocalBuilder runOriginalVariable) [0x0001b] in <c41e743af69b4202a7feaa0f0bd481b8>:0 
  at HarmonyLib.MethodPatcher.CreateReplacement (System.Collections.Generic.Dictionary`2[System.Int32,HarmonyLib.CodeInstruction]& finalInstructions) [0x00166] in <c41e743af69b4202a7feaa0f0bd481b8>:0 
  at HarmonyLib.PatchFunctions.UpdateWrapper (System.Reflection.MethodBase original, HarmonyLib.PatchInfo patchInfo) [0x00057] in <c41e743af69b4202a7feaa0f0bd481b8>:0 
  at HarmonyLib.PatchClassProcessor.ProcessPatchJob (HarmonyLib.PatchJobs`1+Job[T] job) [0x000bb] in <c41e743af69b4202a7feaa0f0bd481b8>:0 
   --- End of inner exception stack trace ---
  at HarmonyLib.PatchClassProcessor.ReportException (System.Exception exception, System.Reflection.MethodBase original) [0x0010f] in <c41e743af69b4202a7feaa0f0bd481b8>:0 
  at HarmonyLib.PatchClassProcessor.Patch () [0x00084] in <c41e743af69b4202a7feaa0f0bd481b8>:0 
  at HarmonyLib.Harmony.<PatchAll>b__10_0 (System.Type type) [0x00007] in <c41e743af69b4202a7feaa0f0bd481b8>:0 
  at HarmonyLib.CollectionExtensions.Do[T] (System.Collections.Generic.IEnumerable`1[T] sequence, System.Action`1[T] action) [0x00014] in <c41e743af69b4202a7feaa0f0bd481b8>:0 
  at HarmonyLib.Harmony.PatchAll (System.Reflection.Assembly assembly) [0x00006] in <c41e743af69b4202a7feaa0f0bd481b8>:0 
  at HarmonyLib.Harmony.PatchAll () [0x0001b] in <c41e743af69b4202a7feaa0f0bd481b8>:0 
  at HardcoreDurability.HardcoreDurabilityPlugin.Load () [0x00017] in <f6deb1b0c7924a039af7b79e943cb6fc>:0 
  at Rocket.Core.Plugins.RocketPlugin.LoadPlugin () [0x00033] in <59a13feb721848c8b0cd173f6d0e820b>:0 
[18/04/2026 6:57:29 PM] [Info] 
[unloading] HardcoreDurability
[18/04/2026 6:57:29 PM] [Info] HardcoreDurability >> Hardcore Durability Unloaded!
[18/04/2026 6:57:29 PM] [Info] 
[loading] MoreHomes
[18/04/2026 6:57:29 PM] [Info] [registered] /home (RestoreMonarchy.MoreHomes.Commands.HomeCommand/home)
[18/04/2026 6:57:29 PM] [Info] [registered] /homes (RestoreMonarchy.MoreHomes.Commands.HomesCommand/homes)
[18/04/2026 6:57:29 PM] [Info] [registered] /destroyhome (RestoreMonarchy.MoreHomes.Commands.DestroyHomeCommand/destroyhome)
[18/04/2026 6:57:29 PM] [Info] [registered] /renamehome (RestoreMonarchy.MoreHomes.Commands.RenameHomeCommand/renamehome)
[18/04/2026 6:57:29 PM] [Info] [registered] /restorehomes (RestoreMonarchy.MoreHomes.Commands.RestoreHomesCommand/restorehomes)
[18/04/2026 6:57:29 PM] [Info] MoreHomes >> MoreHomes 1.7.2.0 has been loaded!
[18/04/2026 6:57:29 PM] [Info] MoreHomes >> Brought to you by RestoreMonarchy.com
[18/04/2026 6:57:29 PM] [Error] mscorlib >> Caught exception resolving dependency: Steamworks.NET -> Exception in DoAssemblyResolve: System.ArgumentNullException: Value cannot be null.
Parameter name: v1
  at System.Version.op_LessThanOrEqual (System.Version v1, System.Version v2) [0x00003] in <1071a2cb0cb3433aae80a793c277a048>:0 
  at System.Version.op_GreaterThanOrEqual (System.Version v1, System.Version v2) [0x00000] in <1071a2cb0cb3433aae80a793c277a048>:0 
  at Rocket.Core.Plugins.RocketPluginManager+<>c__DisplayClass12_0.<Awake>b__1 (System.Collections.Generic.KeyValuePair`2[TKey,TValue] lib) [0x00035] in <59a13feb721848c8b0cd173f6d0e820b>:0 
  at System.Linq.Enumerable.TryGetFirst[TSource] (System.Collections.Generic.IEnumerable`1[T] source, System.Func`2[T,TResult] predicate, System.Boolean& found) [0x0003f] in <ea489521390f48908a7ce45cb17a6848>:0 
  at System.Linq.Enumerable.FirstOrDefault[TSource] (System.Collections.Generic.IEnumerable`1[T] source, System.Func`2[T,TResult] predicate) [0x00000] in <ea489521390f48908a7ce45cb17a6848>:0 
  at Rocket.Core.Plugins.RocketPluginManager.<Awake>b__12_0 (System.Object sender, System.ResolveEventArgs args) [0x00017] in <59a13feb721848c8b0cd173f6d0e820b>:0 
[18/04/2026 6:57:29 PM] [Error] Could not find dependency: Steamworks.NET
[18/04/2026 6:57:29 PM] [Info] 
[loading] Teleportation
[18/04/2026 6:57:29 PM] [Info] [registered] /tpa (RestoreMonarchy.Teleportation.Commands.TPACommand/tpa)
[18/04/2026 6:57:29 PM] [Info] Teleportation >> Teleportation 1.6.0.0 has been loaded!
[18/04/2026 6:57:29 PM] [Info] This server will automatically save every 1800 seconds
[18/04/2026 6:57:29 PM] [Info] Steam servers ready!
[18/04/2026 6:57:29 PM] [Info] Workshop install folder: E:\SteamLibrary\steamapps\common\U3DS/Servers/New Era Polaris/Workshop/Steam
[18/04/2026 6:57:29 PM] [Info] 1 workshop item(s) requested
[18/04/2026 6:57:29 PM] [Info] Submitting workshop query for 1 item(s)...
[18/04/2026 6:57:29 PM] [Info] Workshop query yielded 1 result(s)
[18/04/2026 6:57:29 PM] [Info] This server's allowed IP for Workshop downloads: [redacted]
[18/04/2026 6:57:29 PM] [Info] 2898548949 'A6 Polaris' queued for download
[18/04/2026 6:57:29 PM] [Info] 1 workshop item(s) to download...
[18/04/2026 6:57:29 PM] [Info] Workshop item found in cache: 2898548949
[18/04/2026 6:57:29 PM] [Info] Installing workshop item: 2898548949
[18/04/2026 6:57:29 PM] [Info] Installed workshop item: 2898548949
[18/04/2026 6:57:29 PM] [Info] Searched 0 of 1 locations and found 273 asset files...
[18/04/2026 6:57:29 PM] [Info] Read 0 of 273 asset file contents into memory...
[18/04/2026 6:57:29 PM] [Info] Loaded 0 of 273 assets...
[18/04/2026 6:57:29 PM] [Info] Searched 0 of 1 locations and found 545 asset files...
[18/04/2026 6:57:29 PM] [Info] Read 0 of 545 asset file contents into memory...
[18/04/2026 6:57:29 PM] [Info] Loaded 0 of 545 assets...
[18/04/2026 6:57:29 PM] [Info] Searched 0 of 1 locations and found 810 asset files...
[18/04/2026 6:57:29 PM] [Info] Read 0 of 810 asset file contents into memory...
[18/04/2026 6:57:29 PM] [Info] Loaded 0 of 810 assets...
[18/04/2026 6:57:29 PM] [Info] Loaded 0 of 1 asset bundles...
[18/04/2026 6:57:29 PM] [Info] Searched 0 of 1 locations and found 1066 asset files...
[18/04/2026 6:57:29 PM] [Info] Read 29 of 1066 asset file contents into memory...
[18/04/2026 6:57:29 PM] [Info] Loaded 0 of 1066 assets...
[18/04/2026 6:57:29 PM] [Info] Searched 0 of 1 locations and found 1272 asset files...
[18/04/2026 6:57:29 PM] [Info] Read 124 of 1272 asset file contents into memory...
[18/04/2026 6:57:29 PM] [Info] Loaded 0 of 1272 assets...
[18/04/2026 6:57:29 PM] [Info] Searched 0 of 1 locations and found 1537 asset files...
[18/04/2026 6:57:29 PM] [Info] Read 231 of 1537 asset file contents into memory...
[18/04/2026 6:57:29 PM] [Info] Loaded 0 of 1537 assets...
[18/04/2026 6:57:29 PM] [Info] Searched 0 of 1 locations and found 1776 asset files...
[18/04/2026 6:57:29 PM] [Info] Read 320 of 1776 asset file contents into memory...
[18/04/2026 6:57:29 PM] [Info] Loaded 0 of 1776 assets...
[18/04/2026 6:57:29 PM] [Info] Searched 0 of 1 locations and found 2018 asset files...
[18/04/2026 6:57:29 PM] [Info] Read 408 of 2018 asset file contents into memory...
[18/04/2026 6:57:29 PM] [Info] Loaded 0 of 2018 assets...
[18/04/2026 6:57:29 PM] [Info] Searched 0 of 1 locations and found 2295 asset files...
[18/04/2026 6:57:29 PM] [Info] Read 504 of 2295 asset file contents into memory...
[18/04/2026 6:57:29 PM] [Info] Loaded 0 of 2295 assets...
[18/04/2026 6:57:29 PM] [Info] Searched 1 of 1 locations and found 2378 asset files...
[18/04/2026 6:57:29 PM] [Info] Read 601 of 2378 asset file contents into memory...
[18/04/2026 6:57:29 PM] [Info] Loaded 0 of 2378 assets...
[18/04/2026 6:57:29 PM] [Info] Read 690 of 2378 asset file contents into memory...
[18/04/2026 6:57:30 PM] [Info] Read 797 of 2378 asset file contents into memory...
[18/04/2026 6:57:30 PM] [Info] Read 881 of 2378 asset file contents into memory...
[18/04/2026 6:57:30 PM] [Info] Read 985 of 2378 asset file contents into memory...
[18/04/2026 6:57:30 PM] [Info] Read 1103 of 2378 asset file contents into memory...
[18/04/2026 6:57:30 PM] [Info] Read 1213 of 2378 asset file contents into memory...
[18/04/2026 6:57:30 PM] [Info] Read 1340 of 2378 asset file contents into memory...
[18/04/2026 6:57:30 PM] [Info] Read 1464 of 2378 asset file contents into memory...
[18/04/2026 6:57:30 PM] [Info] Read 1563 of 2378 asset file contents into memory...
[18/04/2026 6:57:30 PM] [Info] Read 1673 of 2378 asset file contents into memory...
[18/04/2026 6:57:30 PM] [Info] Read 1827 of 2378 asset file contents into memory...
[18/04/2026 6:57:30 PM] [Info] Read 1953 of 2378 asset file contents into memory...
[18/04/2026 6:57:30 PM] [Info] Read 2041 of 2378 asset file contents into memory...
[18/04/2026 6:57:30 PM] [Info] Read 2145 of 2378 asset file contents into memory...
[18/04/2026 6:57:30 PM] [Info] Read 2228 of 2378 asset file contents into memory...
[18/04/2026 6:57:30 PM] [Info] Read 2339 of 2378 asset file contents into memory...
[18/04/2026 6:57:30 PM] [Info] Read 2378 of 2378 asset file contents into memory...
[18/04/2026 6:57:31 PM] [Info] Loaded 1 of 1 asset bundles...
[18/04/2026 6:57:31 PM] [Info] Loaded 3 of 2378 assets...
[18/04/2026 6:57:31 PM] [Info] Loaded 8 of 2378 assets...
[18/04/2026 6:57:31 PM] [Info] Loaded 56 of 2378 assets...
[18/04/2026 6:57:31 PM] [Info] Loaded 91 of 2378 assets...
[18/04/2026 6:57:31 PM] [Info] Loaded 231 of 2378 assets...
[18/04/2026 6:57:31 PM] [Info] Loaded 283 of 2378 assets...
[18/04/2026 6:57:31 PM] [Info] Loaded 317 of 2378 assets...
[18/04/2026 6:57:31 PM] [Info] Loaded 348 of 2378 assets...
[18/04/2026 6:57:31 PM] [Info] Loaded 381 of 2378 assets...
[18/04/2026 6:57:31 PM] [Info] Loaded 421 of 2378 assets...
[18/04/2026 6:57:31 PM] [Info] Loaded 521 of 2378 assets...
[18/04/2026 6:57:31 PM] [Info] Loaded 630 of 2378 assets...
[18/04/2026 6:57:31 PM] [Info] Loaded 709 of 2378 assets...
[18/04/2026 6:57:31 PM] [Info] Loaded 743 of 2378 assets...
[18/04/2026 6:57:31 PM] [Info] Loaded 779 of 2378 assets...
[18/04/2026 6:57:31 PM] [Info] Loaded 811 of 2378 assets...
[18/04/2026 6:57:31 PM] [Info] Loaded 823 of 2378 assets...
[18/04/2026 6:57:32 PM] [Info] Loaded 837 of 2378 assets...
[18/04/2026 6:57:32 PM] [Info] Loaded 851 of 2378 assets...
[18/04/2026 6:57:32 PM] [Info] Loaded 1822 of 2378 assets...
[18/04/2026 6:57:32 PM] [Info] Loaded 2378 of 2378 assets...
[18/04/2026 6:57:32 PM] [Info] Level overrides config Animals.Max_Instances_Medium: 256
[18/04/2026 6:57:32 PM] [Info] Skipping level config override Items.Quality_Full_Chance because it's overridden in server config
[18/04/2026 6:57:32 PM] [Info] Level overrides config Barricades.Allow_Item_Placement_On_Vehicle: False
[18/04/2026 6:57:32 PM] [Info] Level overrides config Barricades.Allow_Trap_Placement_On_Vehicle: False
[18/04/2026 6:57:32 PM] [Info] Level overrides config Barricades.Gun_Lowcal_Damage_Multiplier: 1
[18/04/2026 6:57:32 PM] [Info] Level overrides config Barricades.Gun_Highcal_Damage_Multiplier: 1
[18/04/2026 6:57:32 PM] [Info] Level overrides config Barricades.Armor_Lowtier_Multiplier: 1
[18/04/2026 6:57:32 PM] [Info] Level overrides config Barricades.Armor_Hightier_Multiplier: 1
[18/04/2026 6:57:32 PM] [Info] Level overrides config Structures.Gun_Lowcal_Damage_Multiplier: 1
[18/04/2026 6:57:32 PM] [Info] Level overrides config Structures.Gun_Highcal_Damage_Multiplier: 1
[18/04/2026 6:57:32 PM] [Info] Level overrides config Structures.Armor_Lowtier_Multiplier: 1
[18/04/2026 6:57:32 PM] [Info] Level overrides config Structures.Armor_Hightier_Multiplier: 1
[18/04/2026 6:57:32 PM] [Info] Level overrides config Structures.Melee_Damage_Multiplier: 1
[18/04/2026 6:57:32 PM] [Info] Level overrides config Structures.Melee_Repair_Multiplier: 1
[18/04/2026 6:57:32 PM] [Info] Level overrides config Events.Airdrop_Speed: 96
[18/04/2026 6:57:32 PM] [Info] Level overrides config Events.Airdrop_Force: 8.55
[18/04/2026 6:57:32 PM] [Info] Level overrides config Vehicles.Gun_Lowcal_Damage_Multiplier: 2
[18/04/2026 6:57:32 PM] [Info] Level overrides config Vehicles.Melee_Damage_Multiplier: 2
[18/04/2026 6:57:32 PM] [Info] Level overrides config Vehicles.Min_Battery_Charge: 1
[18/04/2026 6:57:32 PM] [Info] Level overrides config Vehicles.Max_Battery_Charge: 1
[18/04/2026 6:57:32 PM] [Info] Level overrides config Vehicles.Has_Battery_Chance: 1
[18/04/2026 6:57:32 PM] [Info] Level overrides config Vehicles.Max_Instances_Medium: 48
[18/04/2026 6:57:32 PM] [Info] Level overrides config Vehicles.Armor_Multiplier: 0.375
[18/04/2026 6:57:32 PM] [Info] Skipping level config override Players.Experience_Multiplier because it's overridden in server config
[18/04/2026 6:57:32 PM] [Info] Skipping level config override Players.Lose_Skills_PvP because it's overridden in server config
[18/04/2026 6:57:32 PM] [Info] Skipping level config override Players.Lose_Skills_PvE because it's overridden in server config
[18/04/2026 6:57:32 PM] [Info] Skipping level config override Players.Lose_Experience_PvP because it's overridden in server config
[18/04/2026 6:57:32 PM] [Info] Skipping level config override Players.Lose_Experience_PvE because it's overridden in server config
[18/04/2026 6:57:32 PM] [Info] Skipping level config override Players.Lose_Skill_Levels_PvP because it's overridden in server config
[18/04/2026 6:57:32 PM] [Info] Skipping level config override Players.Lose_Skill_Levels_PvE because it's overridden in server config
[18/04/2026 6:57:32 PM] [Info] Skipping level config override Players.Virus_Infect because it's overridden in server config
[18/04/2026 6:57:32 PM] [Info] Level overrides config Players.Can_Break_Legs: False
[18/04/2026 6:57:32 PM] [Info] Skipping level config override Zombies.Armor_Multiplier because it's overridden in server config
[18/04/2026 6:57:32 PM] [Info] Level overrides config Zombies.Full_Moon_Experience_Multiplier: 2
[18/04/2026 6:57:32 PM] [Info] Skipping level config override Zombies.Spawn_Chance because it's overridden in server config
[18/04/2026 6:57:32 PM] [Info] Level overrides config Zombies.Min_Mega_Drops: 1
[18/04/2026 6:57:32 PM] [Info] Level overrides config Zombies.Max_Mega_Drops: 1
[18/04/2026 6:57:32 PM] [Info] Level overrides config Zombies.Min_Boss_Drops: 1
[18/04/2026 6:57:32 PM] [Info] Level overrides config Zombies.Max_Boss_Drops: 1
[18/04/2026 6:57:32 PM] [Info] Skipping level config override Zombies.Loot_Chance because it's overridden in server config
[18/04/2026 6:57:32 PM] [Info] Skipping level config override Gameplay.Chart because it's overridden in server config
[18/04/2026 6:57:32 PM] [Info] Monitoring workshop map "A6 Polaris" (2898548949) for changes
[18/04/2026 6:57:32 PM] [Info] Loading level: 5%
[18/04/2026 6:57:35 PM] [Info] Loading level: 10%
[18/04/2026 6:57:35 PM] [Info] Loading level: 15%
[18/04/2026 6:57:35 PM] [Info] Loading level: 21%
[18/04/2026 6:57:35 PM] [Info] Loading level: 26%
[18/04/2026 6:57:35 PM] [Info] Loading level: 31%
[18/04/2026 6:57:35 PM] [Info] Loading level: 36%
[18/04/2026 6:57:35 PM] [Info] Loading level: 42%
[18/04/2026 6:57:35 PM] [Info] Loading level: 47%
[18/04/2026 6:57:35 PM] [Info] Loading level: 52%
[18/04/2026 6:57:35 PM] [Info] Loading level: 57%
[18/04/2026 6:57:35 PM] [Info] Loading level: 63%
[18/04/2026 6:57:37 PM] [Info] Loading level: 68%
[18/04/2026 6:57:37 PM] [Info] Loading level: 73%
[18/04/2026 6:57:37 PM] [Info] Loading level: 89%
[18/04/2026 6:57:37 PM] [Info] Loading level: 94%
[18/04/2026 6:57:38 PM] [Info] //////////////////////////////////////////////////////
[18/04/2026 6:57:38 PM] [Info] Server Code: 85568392936196484
[18/04/2026 6:57:38 PM] [Info] Your friends can enter this code in the Connect Directly menu to join without port forwarding.
[18/04/2026 6:57:38 PM] [Info] Tip: Use the "CopyServerCode" command to copy the code to your clipboard. Alternatively, in most terminals you can highlight it and press Ctrl+Insert to copy.
[18/04/2026 6:57:38 PM] [Info] //////////////////////////////////////////////////////
[18/04/2026 6:57:38 PM] [Info] Loading level: 100%
[18/04/2026 6:58:26 PM] [Info] Permissions reloaded
[18/04/2026 6:58:43 PM] [Info] Connecting: PlayerID: 76561198374187872 Name: Myst_iU Character: Myst
[18/04/2026 7:06:12 PM] [Info] [World] Myst [Myst_iU]: "/id 82"
[18/04/2026 7:06:14 PM] [Info] [World] Myst [Myst_iU]: "/give 82"
[18/04/2026 7:07:10 PM] [Info] Successfully gave Myst_iU 82 x1!
[18/04/2026 7:07:10 PM] [Info] [World] Myst [Myst_iU]: "/give 081"
[18/04/2026 7:07:20 PM] [Info] Successfully gave Myst_iU 81 x1!
[18/04/2026 7:07:20 PM] [Info] [World] Myst [Myst_iU]: "/give 081"
[18/04/2026 7:07:20 PM] [Info] Successfully gave Myst_iU 81 x1!
[18/04/2026 7:07:29 PM] [Info] [World] Myst [Myst_iU]: "/give 081"
[18/04/2026 7:07:29 PM] [Info] Successfully gave Myst_iU 81 x1!
[18/04/2026 7:15:07 PM] [Info] Disconnecting: PlayerID: 76561198374187872 Name: Myst_iU Character: Myst
[18/04/2026 7:27:28 PM] [Info] Saving server
[18/04/2026 7:57:28 PM] [Info] MoreHomes >> 1 player homes data has been saved!
[18/04/2026 7:57:28 PM] [Info] Saving server
[18/04/2026 8:16:50 PM] [Info] MoreHomes >> 1 player homes data has been saved!
[18/04/2026 8:16:50 PM] [Info] Handling SIGINT or SIGBREAK by requesting a graceful shutdown
[18/04/2026 8:16:50 PM] [Info] MoreHomes >> 1 player homes data has been saved!
