[17/04/2026 6:42:47 PM] [Info] [registered] /more (Rocket.Unturned.Commands.CommandMore/more)
[17/04/2026 6:42:49 PM] [Info] [registered] /admin (Rocket.Unturned.Commands.CommandAdmin/admin)
[17/04/2026 6:42:49 PM] [Info] [registered] /broadcast (Rocket.Unturned.Commands.CommandBroadcast/broadcast)
[17/04/2026 6:42:49 PM] [Info] [registered] /compass (Rocket.Unturned.Commands.CommandCompass/compass)
[17/04/2026 6:42:49 PM] [Info] [registered] /effect (Rocket.Unturned.Commands.CommandEffect/effect)
[17/04/2026 6:42:49 PM] [Info] [registered] /exit (Rocket.Unturned.Commands.CommandExit/exit)
[17/04/2026 6:42:49 PM] [Info] [registered] /god (Rocket.Unturned.Commands.CommandGod/god)
[17/04/2026 6:42:49 PM] [Info] [registered] /heal (Rocket.Unturned.Commands.CommandHeal/heal)
[17/04/2026 6:42:49 PM] [Info] [registered] /help (Rocket.Unturned.Commands.CommandHelp/help)
[17/04/2026 6:42:49 PM] [Info] [registered] /i (Rocket.Unturned.Commands.CommandI/i)
[17/04/2026 6:42:49 PM] [Info] [registered] /item (Rocket.Unturned.Commands.CommandI/item)
[17/04/2026 6:42:49 PM] [Info] [registered] /investigate (Rocket.Unturned.Commands.CommandInvestigate/investigate)
[17/04/2026 6:42:49 PM] [Info] [registered] /p (Rocket.Unturned.Commands.CommandP/p)
[17/04/2026 6:42:49 PM] [Info] [registered] /permissions (Rocket.Unturned.Commands.CommandP/permissions)
[17/04/2026 6:42:49 PM] [Info] [registered] /rocket (Rocket.Unturned.Commands.CommandRocket/rocket)
[17/04/2026 6:42:49 PM] [Info] [registered] /tp (Rocket.Unturned.Commands.CommandTp/tp)
[17/04/2026 6:42:49 PM] [Info] [registered] /tphere (Rocket.Unturned.Commands.CommandTphere/tphere)
[17/04/2026 6:42:49 PM] [Info] [registered] /unadmin (Rocket.Unturned.Commands.CommandUnadmin/unadmin)
[17/04/2026 6:42:49 PM] [Info] [registered] /v (Rocket.Unturned.Commands.CommandV/v)
[17/04/2026 6:42:49 PM] [Info] [registered] /vanish (Rocket.Unturned.Commands.CommandVanish/vanish)
[17/04/2026 6:42:49 PM] [Info] Loading MoreHomes from E:\SteamLibrary\steamapps\common\U3DS\Servers\New Era Polaris\Rocket\Plugins\MoreHomes.dll
[17/04/2026 6:42:49 PM] [Info] Loading Teleportation from E:\SteamLibrary\steamapps\common\U3DS\Servers\New Era Polaris\Rocket\Plugins\Teleportation.dll
[17/04/2026 6:42:50 PM] [Error] mscorlib >> Caught exception resolving dependency: 0Harmony -> Exception in DoAssemblyResolve: System.ArgumentNullException: Value cannot be null.
Parameter name: v1
  at System.Version.op_LessThanOrEqual (System.Version v1, System.Version v2) [0x00003] in <1071a2cb0cb3433aae80a793c277a048>:0 
  at System.Version.op_GreaterThanOrEqual (System.Version v1, System.Version v2) [0x00000] in <1071a2cb0cb3433aae80a793c277a048>:0 
  at Rocket.Core.Plugins.RocketPluginManager+<>c__DisplayClass12_0.<Awake>b__1 (System.Collections.Generic.KeyValuePair`2[TKey,TValue] lib) [0x00035] in <59a13feb721848c8b0cd173f6d0e820b>:0 
  at System.Linq.Enumerable.TryGetFirst[TSource] (System.Collections.Generic.IEnumerable`1[T] source, System.Func`2[T,TResult] predicate, System.Boolean& found) [0x0003f] in <ea489521390f48908a7ce45cb17a6848>:0 
  at System.Linq.Enumerable.FirstOrDefault[TSource] (System.Collections.Generic.IEnumerable`1[T] source, System.Func`2[T,TResult] predicate) [0x00000] in <ea489521390f48908a7ce45cb17a6848>:0 
  at Rocket.Core.Plugins.RocketPluginManager.<Awake>b__12_0 (System.Object sender, System.ResolveEventArgs args) [0x00017] in <59a13feb721848c8b0cd173f6d0e820b>:0 
[17/04/2026 6:42:50 PM] [Error] Could not find dependency: 0Harmony
[17/04/2026 6:42:50 PM] [Info] 
[loading] MoreHomes
[17/04/2026 6:42:50 PM] [Info] [registered] /home (RestoreMonarchy.MoreHomes.Commands.HomeCommand/home)
[17/04/2026 6:42:50 PM] [Info] [registered] /homes (RestoreMonarchy.MoreHomes.Commands.HomesCommand/homes)
[17/04/2026 6:42:50 PM] [Info] [registered] /destroyhome (RestoreMonarchy.MoreHomes.Commands.DestroyHomeCommand/destroyhome)
[17/04/2026 6:42:50 PM] [Info] [registered] /renamehome (RestoreMonarchy.MoreHomes.Commands.RenameHomeCommand/renamehome)
[17/04/2026 6:42:50 PM] [Info] [registered] /restorehomes (RestoreMonarchy.MoreHomes.Commands.RestoreHomesCommand/restorehomes)
[17/04/2026 6:42:50 PM] [Info] MoreHomes >> MoreHomes 1.7.2.0 has been loaded!
[17/04/2026 6:42:50 PM] [Info] MoreHomes >> Brought to you by RestoreMonarchy.com
[17/04/2026 6:42:50 PM] [Error] mscorlib >> Caught exception resolving dependency: Steamworks.NET -> Exception in DoAssemblyResolve: System.ArgumentNullException: Value cannot be null.
Parameter name: v1
  at System.Version.op_LessThanOrEqual (System.Version v1, System.Version v2) [0x00003] in <1071a2cb0cb3433aae80a793c277a048>:0 
  at System.Version.op_GreaterThanOrEqual (System.Version v1, System.Version v2) [0x00000] in <1071a2cb0cb3433aae80a793c277a048>:0 
  at Rocket.Core.Plugins.RocketPluginManager+<>c__DisplayClass12_0.<Awake>b__1 (System.Collections.Generic.KeyValuePair`2[TKey,TValue] lib) [0x00035] in <59a13feb721848c8b0cd173f6d0e820b>:0 
  at System.Linq.Enumerable.TryGetFirst[TSource] (System.Collections.Generic.IEnumerable`1[T] source, System.Func`2[T,TResult] predicate, System.Boolean& found) [0x0003f] in <ea489521390f48908a7ce45cb17a6848>:0 
  at System.Linq.Enumerable.FirstOrDefault[TSource] (System.Collections.Generic.IEnumerable`1[T] source, System.Func`2[T,TResult] predicate) [0x00000] in <ea489521390f48908a7ce45cb17a6848>:0 
  at Rocket.Core.Plugins.RocketPluginManager.<Awake>b__12_0 (System.Object sender, System.ResolveEventArgs args) [0x00017] in <59a13feb721848c8b0cd173f6d0e820b>:0 
[17/04/2026 6:42:50 PM] [Error] Could not find dependency: Steamworks.NET
[17/04/2026 6:42:50 PM] [Info] 
[loading] Teleportation
[17/04/2026 6:42:50 PM] [Info] [registered] /tpa (RestoreMonarchy.Teleportation.Commands.TPACommand/tpa)
[17/04/2026 6:42:50 PM] [Info] Teleportation >> Teleportation 1.6.0.0 has been loaded!
[17/04/2026 6:42:50 PM] [Info] This server will automatically save every 1800 seconds
[17/04/2026 6:42:50 PM] [Info] Steam servers ready!
[17/04/2026 6:42:50 PM] [Info] Workshop install folder: E:\SteamLibrary\steamapps\common\U3DS/Servers/New Era Polaris/Workshop/Steam
[17/04/2026 6:42:50 PM] [Info] 1 workshop item(s) requested
[17/04/2026 6:42:50 PM] [Info] Submitting workshop query for 1 item(s)...
[17/04/2026 6:42:50 PM] [Info] Workshop query yielded 1 result(s)
[17/04/2026 6:42:50 PM] [Info] This server's allowed IP for Workshop downloads: [redacted]
[17/04/2026 6:42:50 PM] [Info] 2898548949 'A6 Polaris' queued for download
[17/04/2026 6:42:50 PM] [Info] 1 workshop item(s) to download...
[17/04/2026 6:42:50 PM] [Info] Workshop item found in cache: 2898548949
[17/04/2026 6:42:50 PM] [Info] Installing workshop item: 2898548949
[17/04/2026 6:42:50 PM] [Info] Installed workshop item: 2898548949
[17/04/2026 6:42:50 PM] [Info] Searched 0 of 1 locations and found 72 asset files...
[17/04/2026 6:42:50 PM] [Info] Read 0 of 72 asset file contents into memory...
[17/04/2026 6:42:50 PM] [Info] Loaded 0 of 72 assets...
[17/04/2026 6:42:50 PM] [Info] Searched 0 of 1 locations and found 105 asset files...
[17/04/2026 6:42:50 PM] [Info] Read 0 of 105 asset file contents into memory...
[17/04/2026 6:42:50 PM] [Info] Loaded 0 of 105 assets...
[17/04/2026 6:42:50 PM] [Info] Searched 0 of 1 locations and found 249 asset files...
[17/04/2026 6:42:50 PM] [Info] Read 0 of 249 asset file contents into memory...
[17/04/2026 6:42:50 PM] [Info] Loaded 0 of 249 assets...
[17/04/2026 6:42:50 PM] [Info] Searched 0 of 1 locations and found 352 asset files...
[17/04/2026 6:42:50 PM] [Info] Read 0 of 352 asset file contents into memory...
[17/04/2026 6:42:50 PM] [Info] Loaded 0 of 352 assets...
[17/04/2026 6:42:50 PM] [Info] Loaded 0 of 1 asset bundles...
[17/04/2026 6:42:50 PM] [Info] Searched 0 of 1 locations and found 478 asset files...
[17/04/2026 6:42:50 PM] [Info] Read 3 of 478 asset file contents into memory...
[17/04/2026 6:42:50 PM] [Info] Loaded 0 of 478 assets...
[17/04/2026 6:42:50 PM] [Info] Searched 0 of 1 locations and found 619 asset files...
[17/04/2026 6:42:50 PM] [Info] Read 9 of 619 asset file contents into memory...
[17/04/2026 6:42:50 PM] [Info] Loaded 0 of 619 assets...
[17/04/2026 6:42:50 PM] [Info] Searched 0 of 1 locations and found 747 asset files...
[17/04/2026 6:42:50 PM] [Info] Read 16 of 747 asset file contents into memory...
[17/04/2026 6:42:50 PM] [Info] Loaded 0 of 747 assets...
[17/04/2026 6:42:50 PM] [Info] Searched 0 of 1 locations and found 869 asset files...
[17/04/2026 6:42:50 PM] [Info] Read 23 of 869 asset file contents into memory...
[17/04/2026 6:42:50 PM] [Info] Loaded 0 of 869 assets...
[17/04/2026 6:42:50 PM] [Info] Searched 0 of 1 locations and found 989 asset files...
[17/04/2026 6:42:50 PM] [Info] Read 30 of 989 asset file contents into memory...
[17/04/2026 6:42:50 PM] [Info] Loaded 0 of 989 assets...
[17/04/2026 6:42:50 PM] [Info] Searched 0 of 1 locations and found 1126 asset files...
[17/04/2026 6:42:50 PM] [Info] Read 38 of 1126 asset file contents into memory...
[17/04/2026 6:42:50 PM] [Info] Loaded 0 of 1126 assets...
[17/04/2026 6:42:50 PM] [Info] Searched 0 of 1 locations and found 1269 asset files...
[17/04/2026 6:42:50 PM] [Info] Read 46 of 1269 asset file contents into memory...
[17/04/2026 6:42:50 PM] [Info] Loaded 0 of 1269 assets...
[17/04/2026 6:42:50 PM] [Info] Searched 0 of 1 locations and found 1401 asset files...
[17/04/2026 6:42:50 PM] [Info] Read 54 of 1401 asset file contents into memory...
[17/04/2026 6:42:50 PM] [Info] Loaded 0 of 1401 assets...
[17/04/2026 6:42:50 PM] [Info] Searched 0 of 1 locations and found 1528 asset files...
[17/04/2026 6:42:50 PM] [Info] Read 62 of 1528 asset file contents into memory...
[17/04/2026 6:42:50 PM] [Info] Loaded 0 of 1528 assets...
[17/04/2026 6:42:50 PM] [Info] Searched 0 of 1 locations and found 1657 asset files...
[17/04/2026 6:42:50 PM] [Info] Read 69 of 1657 asset file contents into memory...
[17/04/2026 6:42:50 PM] [Info] Loaded 0 of 1657 assets...
[17/04/2026 6:42:50 PM] [Info] Searched 0 of 1 locations and found 1742 asset files...
[17/04/2026 6:42:50 PM] [Info] Read 72 of 1742 asset file contents into memory...
[17/04/2026 6:42:50 PM] [Info] Loaded 0 of 1742 assets...
[17/04/2026 6:42:50 PM] [Info] Searched 0 of 1 locations and found 1873 asset files...
[17/04/2026 6:42:50 PM] [Info] Read 75 of 1873 asset file contents into memory...
[17/04/2026 6:42:50 PM] [Info] Loaded 0 of 1873 assets...
[17/04/2026 6:42:50 PM] [Info] Searched 0 of 1 locations and found 2004 asset files...
[17/04/2026 6:42:50 PM] [Info] Read 79 of 2004 asset file contents into memory...
[17/04/2026 6:42:50 PM] [Info] Loaded 0 of 2004 assets...
[17/04/2026 6:42:50 PM] [Info] Searched 0 of 1 locations and found 2132 asset files...
[17/04/2026 6:42:50 PM] [Info] Read 82 of 2132 asset file contents into memory...
[17/04/2026 6:42:50 PM] [Info] Loaded 0 of 2132 assets...
[17/04/2026 6:42:50 PM] [Info] Searched 0 of 1 locations and found 2246 asset files...
[17/04/2026 6:42:50 PM] [Info] Read 85 of 2246 asset file contents into memory...
[17/04/2026 6:42:50 PM] [Info] Loaded 0 of 2246 assets...
[17/04/2026 6:42:51 PM] [Info] Searched 1 of 1 locations and found 2378 asset files...
[17/04/2026 6:42:51 PM] [Info] Read 89 of 2378 asset file contents into memory...
[17/04/2026 6:42:51 PM] [Info] Loaded 0 of 2378 assets...
[17/04/2026 6:42:51 PM] [Info] Read 92 of 2378 asset file contents into memory...
[17/04/2026 6:42:51 PM] [Info] Read 95 of 2378 asset file contents into memory...
[17/04/2026 6:42:51 PM] [Info] Read 99 of 2378 asset file contents into memory...
[17/04/2026 6:42:51 PM] [Info] Read 103 of 2378 asset file contents into memory...
[17/04/2026 6:42:51 PM] [Info] Read 107 of 2378 asset file contents into memory...
[17/04/2026 6:42:51 PM] [Info] Read 112 of 2378 asset file contents into memory...
[17/04/2026 6:42:51 PM] [Info] Read 116 of 2378 asset file contents into memory...
[17/04/2026 6:42:51 PM] [Info] Read 120 of 2378 asset file contents into memory...
[17/04/2026 6:42:51 PM] [Info] Read 125 of 2378 asset file contents into memory...
[17/04/2026 6:42:51 PM] [Info] Read 129 of 2378 asset file contents into memory...
[17/04/2026 6:42:51 PM] [Info] Read 134 of 2378 asset file contents into memory...
[17/04/2026 6:42:51 PM] [Info] Read 138 of 2378 asset file contents into memory...
[17/04/2026 6:42:51 PM] [Info] Read 143 of 2378 asset file contents into memory...
[17/04/2026 6:42:51 PM] [Info] Read 147 of 2378 asset file contents into memory...
[17/04/2026 6:42:51 PM] [Info] Read 152 of 2378 asset file contents into memory...
[17/04/2026 6:42:51 PM] [Info] Loaded 1 of 1 asset bundles...
[17/04/2026 6:42:51 PM] [Info] Read 157 of 2378 asset file contents into memory...
[17/04/2026 6:42:51 PM] [Info] Loaded 3 of 2378 assets...
[17/04/2026 6:42:51 PM] [Info] Read 164 of 2378 asset file contents into memory...
[17/04/2026 6:42:51 PM] [Info] Loaded 8 of 2378 assets...
[17/04/2026 6:42:52 PM] [Info] Read 171 of 2378 asset file contents into memory...
[17/04/2026 6:42:52 PM] [Info] Loaded 55 of 2378 assets...
[17/04/2026 6:42:52 PM] [Info] Read 179 of 2378 asset file contents into memory...
[17/04/2026 6:42:52 PM] [Info] Loaded 88 of 2378 assets...
[17/04/2026 6:42:52 PM] [Info] Read 186 of 2378 asset file contents into memory...
[17/04/2026 6:42:52 PM] [Info] Loaded 186 of 2378 assets...
[17/04/2026 6:42:52 PM] [Info] Read 194 of 2378 asset file contents into memory...
[17/04/2026 6:42:52 PM] [Info] Loaded 194 of 2378 assets...
[17/04/2026 6:42:52 PM] [Info] Read 202 of 2378 asset file contents into memory...
[17/04/2026 6:42:52 PM] [Info] Loaded 202 of 2378 assets...
[17/04/2026 6:42:52 PM] [Info] Read 208 of 2378 asset file contents into memory...
[17/04/2026 6:42:52 PM] [Info] Loaded 208 of 2378 assets...
[17/04/2026 6:42:52 PM] [Info] Read 211 of 2378 asset file contents into memory...
[17/04/2026 6:42:52 PM] [Info] Loaded 211 of 2378 assets...
[17/04/2026 6:42:52 PM] [Info] Read 215 of 2378 asset file contents into memory...
[17/04/2026 6:42:52 PM] [Info] Loaded 215 of 2378 assets...
[17/04/2026 6:42:52 PM] [Info] Read 220 of 2378 asset file contents into memory...
[17/04/2026 6:42:52 PM] [Info] Loaded 220 of 2378 assets...
[17/04/2026 6:42:52 PM] [Info] Read 224 of 2378 asset file contents into memory...
[17/04/2026 6:42:52 PM] [Info] Loaded 224 of 2378 assets...
[17/04/2026 6:42:52 PM] [Info] Read 229 of 2378 asset file contents into memory...
[17/04/2026 6:42:52 PM] [Info] Loaded 229 of 2378 assets...
[17/04/2026 6:42:52 PM] [Info] Read 232 of 2378 asset file contents into memory...
[17/04/2026 6:42:52 PM] [Info] Loaded 232 of 2378 assets...
[17/04/2026 6:42:52 PM] [Info] Read 235 of 2378 asset file contents into memory...
[17/04/2026 6:42:52 PM] [Info] Loaded 235 of 2378 assets...
[17/04/2026 6:42:52 PM] [Info] Read 239 of 2378 asset file contents into memory...
[17/04/2026 6:42:52 PM] [Info] Loaded 239 of 2378 assets...
[17/04/2026 6:42:52 PM] [Info] Read 243 of 2378 asset file contents into memory...
[17/04/2026 6:42:52 PM] [Info] Loaded 243 of 2378 assets...
[17/04/2026 6:42:52 PM] [Info] Read 246 of 2378 asset file contents into memory...
[17/04/2026 6:42:52 PM] [Info] Loaded 246 of 2378 assets...
[17/04/2026 6:42:52 PM] [Info] Read 250 of 2378 asset file contents into memory...
[17/04/2026 6:42:52 PM] [Info] Loaded 250 of 2378 assets...
[17/04/2026 6:42:52 PM] [Info] Read 253 of 2378 asset file contents into memory...
[17/04/2026 6:42:52 PM] [Info] Loaded 253 of 2378 assets...
[17/04/2026 6:42:52 PM] [Info] Read 258 of 2378 asset file contents into memory...
[17/04/2026 6:42:52 PM] [Info] Loaded 258 of 2378 assets...
[17/04/2026 6:42:52 PM] [Info] Read 262 of 2378 asset file contents into memory...
[17/04/2026 6:42:52 PM] [Info] Loaded 262 of 2378 assets...
[17/04/2026 6:42:53 PM] [Info] Read 265 of 2378 asset file contents into memory...
[17/04/2026 6:42:53 PM] [Info] Loaded 265 of 2378 assets...
[17/04/2026 6:42:53 PM] [Info] Read 269 of 2378 asset file contents into memory...
[17/04/2026 6:42:53 PM] [Info] Loaded 269 of 2378 assets...
[17/04/2026 6:42:53 PM] [Info] Read 273 of 2378 asset file contents into memory...
[17/04/2026 6:42:53 PM] [Info] Loaded 273 of 2378 assets...
[17/04/2026 6:42:53 PM] [Info] Read 278 of 2378 asset file contents into memory...
[17/04/2026 6:42:53 PM] [Info] Loaded 278 of 2378 assets...
[17/04/2026 6:42:53 PM] [Info] Read 282 of 2378 asset file contents into memory...
[17/04/2026 6:42:53 PM] [Info] Loaded 282 of 2378 assets...
[17/04/2026 6:42:53 PM] [Info] Read 285 of 2378 asset file contents into memory...
[17/04/2026 6:42:53 PM] [Info] Loaded 285 of 2378 assets...
[17/04/2026 6:42:53 PM] [Info] Read 289 of 2378 asset file contents into memory...
[17/04/2026 6:42:53 PM] [Info] Loaded 289 of 2378 assets...
[17/04/2026 6:42:53 PM] [Info] Read 292 of 2378 asset file contents into memory...
[17/04/2026 6:42:53 PM] [Info] Loaded 292 of 2378 assets...
[17/04/2026 6:42:53 PM] [Info] Read 296 of 2378 asset file contents into memory...
[17/04/2026 6:42:53 PM] [Info] Loaded 296 of 2378 assets...
[17/04/2026 6:42:53 PM] [Info] Read 300 of 2378 asset file contents into memory...
[17/04/2026 6:42:53 PM] [Info] Loaded 300 of 2378 assets...
[17/04/2026 6:42:53 PM] [Info] Read 304 of 2378 asset file contents into memory...
[17/04/2026 6:42:53 PM] [Info] Loaded 304 of 2378 assets...
[17/04/2026 6:42:53 PM] [Info] Read 309 of 2378 asset file contents into memory...
[17/04/2026 6:42:53 PM] [Info] Loaded 309 of 2378 assets...
[17/04/2026 6:42:53 PM] [Info] Read 314 of 2378 asset file contents into memory...
[17/04/2026 6:42:53 PM] [Info] Loaded 314 of 2378 assets...
[17/04/2026 6:42:53 PM] [Info] Read 319 of 2378 asset file contents into memory...
[17/04/2026 6:42:53 PM] [Info] Loaded 319 of 2378 assets...
[17/04/2026 6:42:53 PM] [Info] Read 325 of 2378 asset file contents into memory...
[17/04/2026 6:42:53 PM] [Info] Loaded 325 of 2378 assets...
[17/04/2026 6:42:53 PM] [Info] Read 330 of 2378 asset file contents into memory...
[17/04/2026 6:42:53 PM] [Info] Loaded 330 of 2378 assets...
[17/04/2026 6:42:53 PM] [Info] Read 335 of 2378 asset file contents into memory...
[17/04/2026 6:42:53 PM] [Info] Loaded 335 of 2378 assets...
[17/04/2026 6:42:53 PM] [Info] Read 341 of 2378 asset file contents into memory...
[17/04/2026 6:42:53 PM] [Info] Loaded 341 of 2378 assets...
[17/04/2026 6:42:53 PM] [Info] Read 345 of 2378 asset file contents into memory...
[17/04/2026 6:42:53 PM] [Info] Loaded 345 of 2378 assets...
[17/04/2026 6:42:53 PM] [Info] Read 350 of 2378 asset file contents into memory...
[17/04/2026 6:42:53 PM] [Info] Loaded 350 of 2378 assets...
[17/04/2026 6:42:54 PM] [Info] Read 354 of 2378 asset file contents into memory...
[17/04/2026 6:42:54 PM] [Info] Loaded 354 of 2378 assets...
[17/04/2026 6:42:54 PM] [Info] Read 358 of 2378 asset file contents into memory...
[17/04/2026 6:42:54 PM] [Info] Loaded 358 of 2378 assets...
[17/04/2026 6:42:54 PM] [Info] Read 362 of 2378 asset file contents into memory...
[17/04/2026 6:42:54 PM] [Info] Loaded 362 of 2378 assets...
[17/04/2026 6:42:54 PM] [Info] Read 366 of 2378 asset file contents into memory...
[17/04/2026 6:42:54 PM] [Info] Loaded 366 of 2378 assets...
[17/04/2026 6:42:54 PM] [Info] Read 371 of 2378 asset file contents into memory...
[17/04/2026 6:42:54 PM] [Info] Loaded 371 of 2378 assets...
[17/04/2026 6:42:54 PM] [Info] Read 375 of 2378 asset file contents into memory...
[17/04/2026 6:42:54 PM] [Info] Loaded 375 of 2378 assets...
[17/04/2026 6:42:54 PM] [Info] Read 380 of 2378 asset file contents into memory...
[17/04/2026 6:42:54 PM] [Info] Loaded 380 of 2378 assets...
[17/04/2026 6:42:54 PM] [Info] Read 384 of 2378 asset file contents into memory...
[17/04/2026 6:42:54 PM] [Info] Loaded 384 of 2378 assets...
[17/04/2026 6:42:54 PM] [Info] Read 388 of 2378 asset file contents into memory...
[17/04/2026 6:42:54 PM] [Info] Loaded 388 of 2378 assets...
[17/04/2026 6:42:54 PM] [Info] Read 392 of 2378 asset file contents into memory...
[17/04/2026 6:42:54 PM] [Info] Loaded 392 of 2378 assets...
[17/04/2026 6:42:54 PM] [Info] Read 396 of 2378 asset file contents into memory...
[17/04/2026 6:42:54 PM] [Info] Loaded 396 of 2378 assets...
[17/04/2026 6:42:54 PM] [Info] Read 401 of 2378 asset file contents into memory...
[17/04/2026 6:42:54 PM] [Info] Loaded 401 of 2378 assets...
[17/04/2026 6:42:54 PM] [Info] Read 405 of 2378 asset file contents into memory...
[17/04/2026 6:42:54 PM] [Info] Loaded 405 of 2378 assets...
[17/04/2026 6:42:54 PM] [Info] Read 410 of 2378 asset file contents into memory...
[17/04/2026 6:42:54 PM] [Info] Loaded 410 of 2378 assets...
[17/04/2026 6:42:54 PM] [Info] Read 416 of 2378 asset file contents into memory...
[17/04/2026 6:42:54 PM] [Info] Loaded 416 of 2378 assets...
[17/04/2026 6:42:54 PM] [Info] Read 421 of 2378 asset file contents into memory...
[17/04/2026 6:42:54 PM] [Info] Loaded 421 of 2378 assets...
[17/04/2026 6:42:54 PM] [Info] Read 425 of 2378 asset file contents into memory...
[17/04/2026 6:42:54 PM] [Info] Loaded 425 of 2378 assets...
[17/04/2026 6:42:54 PM] [Info] Read 431 of 2378 asset file contents into memory...
[17/04/2026 6:42:54 PM] [Info] Loaded 431 of 2378 assets...
[17/04/2026 6:42:54 PM] [Info] Read 434 of 2378 asset file contents into memory...
[17/04/2026 6:42:54 PM] [Info] Loaded 434 of 2378 assets...
[17/04/2026 6:42:54 PM] [Info] Read 440 of 2378 asset file contents into memory...
[17/04/2026 6:42:54 PM] [Info] Loaded 440 of 2378 assets...
[17/04/2026 6:42:55 PM] [Info] Read 444 of 2378 asset file contents into memory...
[17/04/2026 6:42:55 PM] [Info] Loaded 444 of 2378 assets...
[17/04/2026 6:42:55 PM] [Info] Read 450 of 2378 asset file contents into memory...
[17/04/2026 6:42:55 PM] [Info] Loaded 450 of 2378 assets...
[17/04/2026 6:42:55 PM] [Info] Read 456 of 2378 asset file contents into memory...
[17/04/2026 6:42:55 PM] [Info] Loaded 456 of 2378 assets...
[17/04/2026 6:42:55 PM] [Info] Read 461 of 2378 asset file contents into memory...
[17/04/2026 6:42:55 PM] [Info] Loaded 461 of 2378 assets...
[17/04/2026 6:42:55 PM] [Info] Read 465 of 2378 asset file contents into memory...
[17/04/2026 6:42:55 PM] [Info] Loaded 465 of 2378 assets...
[17/04/2026 6:42:55 PM] [Info] Read 470 of 2378 asset file contents into memory...
[17/04/2026 6:42:55 PM] [Info] Loaded 470 of 2378 assets...
[17/04/2026 6:42:55 PM] [Info] Read 474 of 2378 asset file contents into memory...
[17/04/2026 6:42:55 PM] [Info] Loaded 474 of 2378 assets...
[17/04/2026 6:42:55 PM] [Info] Read 479 of 2378 asset file contents into memory...
[17/04/2026 6:42:55 PM] [Info] Loaded 479 of 2378 assets...
[17/04/2026 6:42:55 PM] [Info] Read 484 of 2378 asset file contents into memory...
[17/04/2026 6:42:55 PM] [Info] Loaded 484 of 2378 assets...
[17/04/2026 6:42:55 PM] [Info] Read 488 of 2378 asset file contents into memory...
[17/04/2026 6:42:55 PM] [Info] Loaded 488 of 2378 assets...
[17/04/2026 6:42:55 PM] [Info] Read 493 of 2378 asset file contents into memory...
[17/04/2026 6:42:55 PM] [Info] Loaded 493 of 2378 assets...
[17/04/2026 6:42:55 PM] [Info] Read 497 of 2378 asset file contents into memory...
[17/04/2026 6:42:55 PM] [Info] Loaded 497 of 2378 assets...
[17/04/2026 6:42:55 PM] [Info] Read 501 of 2378 asset file contents into memory...
[17/04/2026 6:42:55 PM] [Info] Loaded 501 of 2378 assets...
[17/04/2026 6:42:55 PM] [Info] Read 505 of 2378 asset file contents into memory...
[17/04/2026 6:42:55 PM] [Info] Loaded 505 of 2378 assets...
[17/04/2026 6:42:55 PM] [Info] Read 510 of 2378 asset file contents into memory...
[17/04/2026 6:42:55 PM] [Info] Loaded 510 of 2378 assets...
[17/04/2026 6:42:55 PM] [Info] Read 514 of 2378 asset file contents into memory...
[17/04/2026 6:42:55 PM] [Info] Loaded 514 of 2378 assets...
[17/04/2026 6:42:55 PM] [Info] Read 518 of 2378 asset file contents into memory...
[17/04/2026 6:42:55 PM] [Info] Loaded 518 of 2378 assets...
[17/04/2026 6:42:55 PM] [Info] Read 522 of 2378 asset file contents into memory...
[17/04/2026 6:42:55 PM] [Info] Loaded 522 of 2378 assets...
[17/04/2026 6:42:55 PM] [Info] Read 526 of 2378 asset file contents into memory...
[17/04/2026 6:42:55 PM] [Info] Loaded 526 of 2378 assets...
[17/04/2026 6:42:55 PM] [Info] Read 530 of 2378 asset file contents into memory...
[17/04/2026 6:42:55 PM] [Info] Loaded 530 of 2378 assets...
[17/04/2026 6:42:56 PM] [Info] Read 534 of 2378 asset file contents into memory...
[17/04/2026 6:42:56 PM] [Info] Loaded 534 of 2378 assets...
[17/04/2026 6:42:56 PM] [Info] Read 539 of 2378 asset file contents into memory...
[17/04/2026 6:42:56 PM] [Info] Loaded 539 of 2378 assets...
[17/04/2026 6:42:56 PM] [Info] Read 542 of 2378 asset file contents into memory...
[17/04/2026 6:42:56 PM] [Info] Loaded 542 of 2378 assets...
[17/04/2026 6:42:56 PM] [Info] Read 546 of 2378 asset file contents into memory...
[17/04/2026 6:42:56 PM] [Info] Loaded 546 of 2378 assets...
[17/04/2026 6:42:56 PM] [Info] Read 550 of 2378 asset file contents into memory...
[17/04/2026 6:42:56 PM] [Info] Loaded 550 of 2378 assets...
[17/04/2026 6:42:56 PM] [Info] Read 554 of 2378 asset file contents into memory...
[17/04/2026 6:42:56 PM] [Info] Loaded 554 of 2378 assets...
[17/04/2026 6:42:56 PM] [Info] Read 557 of 2378 asset file contents into memory...
[17/04/2026 6:42:56 PM] [Info] Loaded 557 of 2378 assets...
[17/04/2026 6:42:56 PM] [Info] Read 561 of 2378 asset file contents into memory...
[17/04/2026 6:42:56 PM] [Info] Loaded 561 of 2378 assets...
[17/04/2026 6:42:56 PM] [Info] Read 564 of 2378 asset file contents into memory...
[17/04/2026 6:42:56 PM] [Info] Loaded 564 of 2378 assets...
[17/04/2026 6:42:56 PM] [Info] Read 567 of 2378 asset file contents into memory...
[17/04/2026 6:42:56 PM] [Info] Loaded 567 of 2378 assets...
[17/04/2026 6:42:56 PM] [Info] Read 571 of 2378 asset file contents into memory...
[17/04/2026 6:42:56 PM] [Info] Loaded 571 of 2378 assets...
[17/04/2026 6:42:56 PM] [Info] Read 574 of 2378 asset file contents into memory...
[17/04/2026 6:42:56 PM] [Info] Loaded 574 of 2378 assets...
[17/04/2026 6:42:56 PM] [Info] Read 578 of 2378 asset file contents into memory...
[17/04/2026 6:42:56 PM] [Info] Loaded 578 of 2378 assets...
[17/04/2026 6:42:56 PM] [Info] Read 582 of 2378 asset file contents into memory...
[17/04/2026 6:42:56 PM] [Info] Loaded 582 of 2378 assets...
[17/04/2026 6:42:56 PM] [Info] Read 586 of 2378 asset file contents into memory...
[17/04/2026 6:42:56 PM] [Info] Loaded 586 of 2378 assets...
[17/04/2026 6:42:56 PM] [Info] Read 589 of 2378 asset file contents into memory...
[17/04/2026 6:42:56 PM] [Info] Loaded 589 of 2378 assets...
[17/04/2026 6:42:56 PM] [Info] Read 593 of 2378 asset file contents into memory...
[17/04/2026 6:42:56 PM] [Info] Loaded 593 of 2378 assets...
[17/04/2026 6:42:56 PM] [Info] Read 597 of 2378 asset file contents into memory...
[17/04/2026 6:42:56 PM] [Info] Loaded 597 of 2378 assets...
[17/04/2026 6:42:56 PM] [Info] Read 601 of 2378 asset file contents into memory...
[17/04/2026 6:42:56 PM] [Info] Loaded 601 of 2378 assets...
[17/04/2026 6:42:56 PM] [Info] Read 604 of 2378 asset file contents into memory...
[17/04/2026 6:42:56 PM] [Info] Loaded 604 of 2378 assets...
[17/04/2026 6:42:57 PM] [Info] Read 609 of 2378 asset file contents into memory...
[17/04/2026 6:42:57 PM] [Info] Loaded 609 of 2378 assets...
[17/04/2026 6:42:57 PM] [Info] Read 612 of 2378 asset file contents into memory...
[17/04/2026 6:42:57 PM] [Info] Loaded 612 of 2378 assets...
[17/04/2026 6:42:57 PM] [Info] Read 618 of 2378 asset file contents into memory...
[17/04/2026 6:42:57 PM] [Info] Loaded 618 of 2378 assets...
[17/04/2026 6:42:57 PM] [Info] Read 622 of 2378 asset file contents into memory...
[17/04/2026 6:42:57 PM] [Info] Loaded 622 of 2378 assets...
[17/04/2026 6:42:57 PM] [Info] Read 626 of 2378 asset file contents into memory...
[17/04/2026 6:42:57 PM] [Info] Loaded 626 of 2378 assets...
[17/04/2026 6:42:57 PM] [Info] Read 630 of 2378 asset file contents into memory...
[17/04/2026 6:42:57 PM] [Info] Loaded 630 of 2378 assets...
[17/04/2026 6:42:57 PM] [Info] Read 635 of 2378 asset file contents into memory...
[17/04/2026 6:42:57 PM] [Info] Loaded 635 of 2378 assets...
[17/04/2026 6:42:57 PM] [Info] Read 639 of 2378 asset file contents into memory...
[17/04/2026 6:42:57 PM] [Info] Loaded 639 of 2378 assets...
[17/04/2026 6:42:57 PM] [Info] Read 645 of 2378 asset file contents into memory...
[17/04/2026 6:42:57 PM] [Info] Loaded 645 of 2378 assets...
[17/04/2026 6:42:57 PM] [Info] Read 649 of 2378 asset file contents into memory...
[17/04/2026 6:42:57 PM] [Info] Loaded 649 of 2378 assets...
[17/04/2026 6:42:57 PM] [Info] Read 655 of 2378 asset file contents into memory...
[17/04/2026 6:42:57 PM] [Info] Loaded 655 of 2378 assets...
[17/04/2026 6:42:57 PM] [Info] Read 659 of 2378 asset file contents into memory...
[17/04/2026 6:42:57 PM] [Info] Loaded 659 of 2378 assets...
[17/04/2026 6:42:57 PM] [Info] Read 664 of 2378 asset file contents into memory...
[17/04/2026 6:42:57 PM] [Info] Loaded 664 of 2378 assets...
[17/04/2026 6:42:57 PM] [Info] Read 668 of 2378 asset file contents into memory...
[17/04/2026 6:42:57 PM] [Info] Loaded 668 of 2378 assets...
[17/04/2026 6:42:57 PM] [Info] Read 671 of 2378 asset file contents into memory...
[17/04/2026 6:42:57 PM] [Info] Loaded 671 of 2378 assets...
[17/04/2026 6:42:57 PM] [Info] Read 675 of 2378 asset file contents into memory...
[17/04/2026 6:42:57 PM] [Info] Loaded 675 of 2378 assets...
[17/04/2026 6:42:57 PM] [Info] Read 680 of 2378 asset file contents into memory...
[17/04/2026 6:42:57 PM] [Info] Loaded 680 of 2378 assets...
[17/04/2026 6:42:57 PM] [Info] Read 683 of 2378 asset file contents into memory...
[17/04/2026 6:42:57 PM] [Info] Loaded 683 of 2378 assets...
[17/04/2026 6:42:57 PM] [Info] Read 686 of 2378 asset file contents into memory...
[17/04/2026 6:42:57 PM] [Info] Loaded 686 of 2378 assets...
[17/04/2026 6:42:57 PM] [Info] Read 690 of 2378 asset file contents into memory...
[17/04/2026 6:42:57 PM] [Info] Loaded 690 of 2378 assets...
[17/04/2026 6:42:58 PM] [Info] Read 695 of 2378 asset file contents into memory...
[17/04/2026 6:42:58 PM] [Info] Loaded 695 of 2378 assets...
[17/04/2026 6:42:58 PM] [Info] Read 699 of 2378 asset file contents into memory...
[17/04/2026 6:42:58 PM] [Info] Loaded 699 of 2378 assets...
[17/04/2026 6:42:58 PM] [Info] Read 703 of 2378 asset file contents into memory...
[17/04/2026 6:42:58 PM] [Info] Loaded 703 of 2378 assets...
[17/04/2026 6:42:58 PM] [Info] Read 708 of 2378 asset file contents into memory...
[17/04/2026 6:42:58 PM] [Info] Loaded 708 of 2378 assets...
[17/04/2026 6:42:58 PM] [Info] Read 712 of 2378 asset file contents into memory...
[17/04/2026 6:42:58 PM] [Info] Loaded 712 of 2378 assets...
[17/04/2026 6:42:58 PM] [Info] Read 717 of 2378 asset file contents into memory...
[17/04/2026 6:42:58 PM] [Info] Loaded 717 of 2378 assets...
[17/04/2026 6:42:58 PM] [Info] Read 721 of 2378 asset file contents into memory...
[17/04/2026 6:42:58 PM] [Info] Loaded 721 of 2378 assets...
[17/04/2026 6:42:58 PM] [Info] Read 725 of 2378 asset file contents into memory...
[17/04/2026 6:42:58 PM] [Info] Loaded 725 of 2378 assets...
[17/04/2026 6:42:58 PM] [Info] Read 730 of 2378 asset file contents into memory...
[17/04/2026 6:42:58 PM] [Info] Loaded 730 of 2378 assets...
[17/04/2026 6:42:58 PM] [Info] Read 734 of 2378 asset file contents into memory...
[17/04/2026 6:42:58 PM] [Info] Loaded 734 of 2378 assets...
[17/04/2026 6:42:58 PM] [Info] Read 738 of 2378 asset file contents into memory...
[17/04/2026 6:42:58 PM] [Info] Loaded 738 of 2378 assets...
[17/04/2026 6:42:58 PM] [Info] Read 743 of 2378 asset file contents into memory...
[17/04/2026 6:42:58 PM] [Info] Loaded 743 of 2378 assets...
[17/04/2026 6:42:58 PM] [Info] Read 747 of 2378 asset file contents into memory...
[17/04/2026 6:42:58 PM] [Info] Loaded 747 of 2378 assets...
[17/04/2026 6:42:58 PM] [Info] Read 751 of 2378 asset file contents into memory...
[17/04/2026 6:42:58 PM] [Info] Loaded 751 of 2378 assets...
[17/04/2026 6:42:58 PM] [Info] Read 755 of 2378 asset file contents into memory...
[17/04/2026 6:42:58 PM] [Info] Loaded 755 of 2378 assets...
[17/04/2026 6:42:58 PM] [Info] Read 760 of 2378 asset file contents into memory...
[17/04/2026 6:42:58 PM] [Info] Loaded 760 of 2378 assets...
[17/04/2026 6:42:58 PM] [Info] Read 763 of 2378 asset file contents into memory...
[17/04/2026 6:42:58 PM] [Info] Loaded 763 of 2378 assets...
[17/04/2026 6:42:58 PM] [Info] Read 768 of 2378 asset file contents into memory...
[17/04/2026 6:42:58 PM] [Info] Loaded 768 of 2378 assets...
[17/04/2026 6:42:59 PM] [Info] Read 772 of 2378 asset file contents into memory...
[17/04/2026 6:42:59 PM] [Info] Loaded 772 of 2378 assets...
[17/04/2026 6:42:59 PM] [Info] Read 776 of 2378 asset file contents into memory...
[17/04/2026 6:42:59 PM] [Info] Loaded 776 of 2378 assets...
[17/04/2026 6:42:59 PM] [Info] Read 780 of 2378 asset file contents into memory...
[17/04/2026 6:42:59 PM] [Info] Loaded 780 of 2378 assets...
[17/04/2026 6:42:59 PM] [Info] Read 783 of 2378 asset file contents into memory...
[17/04/2026 6:42:59 PM] [Info] Loaded 783 of 2378 assets...
[17/04/2026 6:42:59 PM] [Info] Read 788 of 2378 asset file contents into memory...
[17/04/2026 6:42:59 PM] [Info] Loaded 788 of 2378 assets...
[17/04/2026 6:42:59 PM] [Info] Read 792 of 2378 asset file contents into memory...
[17/04/2026 6:42:59 PM] [Info] Loaded 792 of 2378 assets...
[17/04/2026 6:42:59 PM] [Info] Read 796 of 2378 asset file contents into memory...
[17/04/2026 6:42:59 PM] [Info] Loaded 796 of 2378 assets...
[17/04/2026 6:42:59 PM] [Info] Read 801 of 2378 asset file contents into memory...
[17/04/2026 6:42:59 PM] [Info] Loaded 801 of 2378 assets...
[17/04/2026 6:42:59 PM] [Info] Read 805 of 2378 asset file contents into memory...
[17/04/2026 6:42:59 PM] [Info] Loaded 805 of 2378 assets...
[17/04/2026 6:42:59 PM] [Info] Read 809 of 2378 asset file contents into memory...
[17/04/2026 6:42:59 PM] [Info] Loaded 809 of 2378 assets...
[17/04/2026 6:42:59 PM] [Info] Read 814 of 2378 asset file contents into memory...
[17/04/2026 6:42:59 PM] [Info] Loaded 814 of 2378 assets...
[17/04/2026 6:42:59 PM] [Info] Read 818 of 2378 asset file contents into memory...
[17/04/2026 6:42:59 PM] [Info] Loaded 818 of 2378 assets...
[17/04/2026 6:42:59 PM] [Info] Read 824 of 2378 asset file contents into memory...
[17/04/2026 6:42:59 PM] [Info] Loaded 823 of 2378 assets...
[17/04/2026 6:42:59 PM] [Info] Read 828 of 2378 asset file contents into memory...
[17/04/2026 6:42:59 PM] [Info] Loaded 828 of 2378 assets...
[17/04/2026 6:42:59 PM] [Info] Read 833 of 2378 asset file contents into memory...
[17/04/2026 6:42:59 PM] [Info] Loaded 833 of 2378 assets...
[17/04/2026 6:42:59 PM] [Info] Read 836 of 2378 asset file contents into memory...
[17/04/2026 6:42:59 PM] [Info] Loaded 836 of 2378 assets...
[17/04/2026 6:42:59 PM] [Info] Read 840 of 2378 asset file contents into memory...
[17/04/2026 6:42:59 PM] [Info] Loaded 840 of 2378 assets...
[17/04/2026 6:42:59 PM] [Info] Read 845 of 2378 asset file contents into memory...
[17/04/2026 6:42:59 PM] [Info] Loaded 845 of 2378 assets...
[17/04/2026 6:42:59 PM] [Info] Read 849 of 2378 asset file contents into memory...
[17/04/2026 6:42:59 PM] [Info] Loaded 849 of 2378 assets...
[17/04/2026 6:42:59 PM] [Info] Read 853 of 2378 asset file contents into memory...
[17/04/2026 6:42:59 PM] [Info] Loaded 853 of 2378 assets...
[17/04/2026 6:43:00 PM] [Info] Read 857 of 2378 asset file contents into memory...
[17/04/2026 6:43:00 PM] [Info] Loaded 857 of 2378 assets...
[17/04/2026 6:43:00 PM] [Info] Read 861 of 2378 asset file contents into memory...
[17/04/2026 6:43:00 PM] [Info] Loaded 861 of 2378 assets...
[17/04/2026 6:43:00 PM] [Info] Read 864 of 2378 asset file contents into memory...
[17/04/2026 6:43:00 PM] [Info] Loaded 864 of 2378 assets...
[17/04/2026 6:43:00 PM] [Info] Read 868 of 2378 asset file contents into memory...
[17/04/2026 6:43:00 PM] [Info] Loaded 868 of 2378 assets...
[17/04/2026 6:43:00 PM] [Info] Read 872 of 2378 asset file contents into memory...
[17/04/2026 6:43:00 PM] [Info] Loaded 872 of 2378 assets...
[17/04/2026 6:43:00 PM] [Info] Read 876 of 2378 asset file contents into memory...
[17/04/2026 6:43:00 PM] [Info] Loaded 876 of 2378 assets...
[17/04/2026 6:43:00 PM] [Info] Read 879 of 2378 asset file contents into memory...
[17/04/2026 6:43:00 PM] [Info] Loaded 879 of 2378 assets...
[17/04/2026 6:43:00 PM] [Info] Read 883 of 2378 asset file contents into memory...
[17/04/2026 6:43:00 PM] [Info] Loaded 883 of 2378 assets...
[17/04/2026 6:43:00 PM] [Info] Read 887 of 2378 asset file contents into memory...
[17/04/2026 6:43:00 PM] [Info] Loaded 887 of 2378 assets...
[17/04/2026 6:43:00 PM] [Info] Read 891 of 2378 asset file contents into memory...
[17/04/2026 6:43:00 PM] [Info] Loaded 891 of 2378 assets...
[17/04/2026 6:43:00 PM] [Info] Read 894 of 2378 asset file contents into memory...
[17/04/2026 6:43:00 PM] [Info] Loaded 894 of 2378 assets...
[17/04/2026 6:43:00 PM] [Info] Read 898 of 2378 asset file contents into memory...
[17/04/2026 6:43:00 PM] [Info] Loaded 898 of 2378 assets...
[17/04/2026 6:43:00 PM] [Info] Read 902 of 2378 asset file contents into memory...
[17/04/2026 6:43:00 PM] [Info] Loaded 902 of 2378 assets...
[17/04/2026 6:43:00 PM] [Info] Read 906 of 2378 asset file contents into memory...
[17/04/2026 6:43:00 PM] [Info] Loaded 906 of 2378 assets...
[17/04/2026 6:43:00 PM] [Info] Read 909 of 2378 asset file contents into memory...
[17/04/2026 6:43:00 PM] [Info] Loaded 909 of 2378 assets...
[17/04/2026 6:43:00 PM] [Info] Read 913 of 2378 asset file contents into memory...
[17/04/2026 6:43:00 PM] [Info] Loaded 913 of 2378 assets...
[17/04/2026 6:43:00 PM] [Info] Read 917 of 2378 asset file contents into memory...
[17/04/2026 6:43:00 PM] [Info] Loaded 917 of 2378 assets...
[17/04/2026 6:43:00 PM] [Info] Read 921 of 2378 asset file contents into memory...
[17/04/2026 6:43:00 PM] [Info] Loaded 921 of 2378 assets...
[17/04/2026 6:43:00 PM] [Info] Read 925 of 2378 asset file contents into memory...
[17/04/2026 6:43:00 PM] [Info] Loaded 925 of 2378 assets...
[17/04/2026 6:43:00 PM] [Info] Read 929 of 2378 asset file contents into memory...
[17/04/2026 6:43:00 PM] [Info] Loaded 929 of 2378 assets...
[17/04/2026 6:43:01 PM] [Info] Read 933 of 2378 asset file contents into memory...
[17/04/2026 6:43:01 PM] [Info] Loaded 933 of 2378 assets...
[17/04/2026 6:43:01 PM] [Info] Read 937 of 2378 asset file contents into memory...
[17/04/2026 6:43:01 PM] [Info] Loaded 937 of 2378 assets...
[17/04/2026 6:43:01 PM] [Info] Read 941 of 2378 asset file contents into memory...
[17/04/2026 6:43:01 PM] [Info] Loaded 941 of 2378 assets...
[17/04/2026 6:43:01 PM] [Info] Read 945 of 2378 asset file contents into memory...
[17/04/2026 6:43:01 PM] [Info] Loaded 945 of 2378 assets...
[17/04/2026 6:43:01 PM] [Info] Read 949 of 2378 asset file contents into memory...
[17/04/2026 6:43:01 PM] [Info] Loaded 949 of 2378 assets...
[17/04/2026 6:43:01 PM] [Info] Read 953 of 2378 asset file contents into memory...
[17/04/2026 6:43:01 PM] [Info] Loaded 953 of 2378 assets...
[17/04/2026 6:43:01 PM] [Info] Read 958 of 2378 asset file contents into memory...
[17/04/2026 6:43:01 PM] [Info] Loaded 958 of 2378 assets...
[17/04/2026 6:43:01 PM] [Info] Read 961 of 2378 asset file contents into memory...
[17/04/2026 6:43:01 PM] [Info] Loaded 961 of 2378 assets...
[17/04/2026 6:43:01 PM] [Info] Read 965 of 2378 asset file contents into memory...
[17/04/2026 6:43:01 PM] [Info] Loaded 965 of 2378 assets...
[17/04/2026 6:43:01 PM] [Info] Read 969 of 2378 asset file contents into memory...
[17/04/2026 6:43:01 PM] [Info] Loaded 969 of 2378 assets...
[17/04/2026 6:43:01 PM] [Info] Read 972 of 2378 asset file contents into memory...
[17/04/2026 6:43:01 PM] [Info] Loaded 972 of 2378 assets...
[17/04/2026 6:43:01 PM] [Info] Read 976 of 2378 asset file contents into memory...
[17/04/2026 6:43:01 PM] [Info] Loaded 976 of 2378 assets...
[17/04/2026 6:43:01 PM] [Info] Read 980 of 2378 asset file contents into memory...
[17/04/2026 6:43:01 PM] [Info] Loaded 980 of 2378 assets...
[17/04/2026 6:43:01 PM] [Info] Read 984 of 2378 asset file contents into memory...
[17/04/2026 6:43:01 PM] [Info] Loaded 984 of 2378 assets...
[17/04/2026 6:43:01 PM] [Info] Read 988 of 2378 asset file contents into memory...
[17/04/2026 6:43:01 PM] [Info] Loaded 988 of 2378 assets...
[17/04/2026 6:43:01 PM] [Info] Read 992 of 2378 asset file contents into memory...
[17/04/2026 6:43:01 PM] [Info] Loaded 992 of 2378 assets...
[17/04/2026 6:43:01 PM] [Info] Read 996 of 2378 asset file contents into memory...
[17/04/2026 6:43:01 PM] [Info] Loaded 996 of 2378 assets...
[17/04/2026 6:43:01 PM] [Info] Read 1000 of 2378 asset file contents into memory...
[17/04/2026 6:43:01 PM] [Info] Loaded 1000 of 2378 assets...
[17/04/2026 6:43:01 PM] [Info] Read 1004 of 2378 asset file contents into memory...
[17/04/2026 6:43:01 PM] [Info] Loaded 1004 of 2378 assets...
[17/04/2026 6:43:01 PM] [Info] Read 1008 of 2378 asset file contents into memory...
[17/04/2026 6:43:01 PM] [Info] Loaded 1008 of 2378 assets...
[17/04/2026 6:43:02 PM] [Info] Read 1012 of 2378 asset file contents into memory...
[17/04/2026 6:43:02 PM] [Info] Loaded 1012 of 2378 assets...
[17/04/2026 6:43:02 PM] [Info] Read 1016 of 2378 asset file contents into memory...
[17/04/2026 6:43:02 PM] [Info] Loaded 1016 of 2378 assets...
[17/04/2026 6:43:02 PM] [Info] Read 1020 of 2378 asset file contents into memory...
[17/04/2026 6:43:02 PM] [Info] Loaded 1020 of 2378 assets...
[17/04/2026 6:43:02 PM] [Info] Read 1024 of 2378 asset file contents into memory...
[17/04/2026 6:43:02 PM] [Info] Loaded 1024 of 2378 assets...
[17/04/2026 6:43:02 PM] [Info] Read 1028 of 2378 asset file contents into memory...
[17/04/2026 6:43:02 PM] [Info] Loaded 1028 of 2378 assets...
[17/04/2026 6:43:02 PM] [Info] Read 1032 of 2378 asset file contents into memory...
[17/04/2026 6:43:02 PM] [Info] Loaded 1032 of 2378 assets...
[17/04/2026 6:43:02 PM] [Info] Read 1036 of 2378 asset file contents into memory...
[17/04/2026 6:43:02 PM] [Info] Loaded 1036 of 2378 assets...
[17/04/2026 6:43:02 PM] [Info] Read 1041 of 2378 asset file contents into memory...
[17/04/2026 6:43:02 PM] [Info] Loaded 1041 of 2378 assets...
[17/04/2026 6:43:02 PM] [Info] Read 1046 of 2378 asset file contents into memory...
[17/04/2026 6:43:02 PM] [Info] Loaded 1046 of 2378 assets...
[17/04/2026 6:43:02 PM] [Info] Read 1050 of 2378 asset file contents into memory...
[17/04/2026 6:43:02 PM] [Info] Loaded 1050 of 2378 assets...
[17/04/2026 6:43:02 PM] [Info] Read 1055 of 2378 asset file contents into memory...
[17/04/2026 6:43:02 PM] [Info] Loaded 1055 of 2378 assets...
[17/04/2026 6:43:02 PM] [Info] Read 1059 of 2378 asset file contents into memory...
[17/04/2026 6:43:02 PM] [Info] Loaded 1059 of 2378 assets...
[17/04/2026 6:43:02 PM] [Info] Read 1064 of 2378 asset file contents into memory...
[17/04/2026 6:43:02 PM] [Info] Loaded 1064 of 2378 assets...
[17/04/2026 6:43:02 PM] [Info] Read 1068 of 2378 asset file contents into memory...
[17/04/2026 6:43:02 PM] [Info] Loaded 1068 of 2378 assets...
[17/04/2026 6:43:02 PM] [Info] Read 1073 of 2378 asset file contents into memory...
[17/04/2026 6:43:02 PM] [Info] Loaded 1073 of 2378 assets...
[17/04/2026 6:43:02 PM] [Info] Read 1077 of 2378 asset file contents into memory...
[17/04/2026 6:43:02 PM] [Info] Loaded 1077 of 2378 assets...
[17/04/2026 6:43:02 PM] [Info] Read 1082 of 2378 asset file contents into memory...
[17/04/2026 6:43:02 PM] [Info] Loaded 1082 of 2378 assets...
[17/04/2026 6:43:02 PM] [Info] Read 1086 of 2378 asset file contents into memory...
[17/04/2026 6:43:02 PM] [Info] Loaded 1086 of 2378 assets...
[17/04/2026 6:43:02 PM] [Info] Read 1091 of 2378 asset file contents into memory...
[17/04/2026 6:43:02 PM] [Info] Loaded 1091 of 2378 assets...
[17/04/2026 6:43:02 PM] [Info] Read 1095 of 2378 asset file contents into memory...
[17/04/2026 6:43:02 PM] [Info] Loaded 1095 of 2378 assets...
[17/04/2026 6:43:03 PM] [Info] Read 1100 of 2378 asset file contents into memory...
[17/04/2026 6:43:03 PM] [Info] Loaded 1100 of 2378 assets...
[17/04/2026 6:43:03 PM] [Info] Read 1104 of 2378 asset file contents into memory...
[17/04/2026 6:43:03 PM] [Info] Loaded 1104 of 2378 assets...
[17/04/2026 6:43:03 PM] [Info] Read 1109 of 2378 asset file contents into memory...
[17/04/2026 6:43:03 PM] [Info] Loaded 1109 of 2378 assets...
[17/04/2026 6:43:03 PM] [Info] Read 1114 of 2378 asset file contents into memory...
[17/04/2026 6:43:03 PM] [Info] Loaded 1114 of 2378 assets...
[17/04/2026 6:43:03 PM] [Info] Read 1119 of 2378 asset file contents into memory...
[17/04/2026 6:43:03 PM] [Info] Loaded 1119 of 2378 assets...
[17/04/2026 6:43:03 PM] [Info] Read 1123 of 2378 asset file contents into memory...
[17/04/2026 6:43:03 PM] [Info] Loaded 1123 of 2378 assets...
[17/04/2026 6:43:03 PM] [Info] Read 1128 of 2378 asset file contents into memory...
[17/04/2026 6:43:03 PM] [Info] Loaded 1128 of 2378 assets...
[17/04/2026 6:43:03 PM] [Info] Read 1133 of 2378 asset file contents into memory...
[17/04/2026 6:43:03 PM] [Info] Loaded 1133 of 2378 assets...
[17/04/2026 6:43:03 PM] [Info] Read 1137 of 2378 asset file contents into memory...
[17/04/2026 6:43:03 PM] [Info] Loaded 1137 of 2378 assets...
[17/04/2026 6:43:03 PM] [Info] Read 1142 of 2378 asset file contents into memory...
[17/04/2026 6:43:03 PM] [Info] Loaded 1142 of 2378 assets...
[17/04/2026 6:43:03 PM] [Info] Read 1146 of 2378 asset file contents into memory...
[17/04/2026 6:43:03 PM] [Info] Loaded 1146 of 2378 assets...
[17/04/2026 6:43:03 PM] [Info] Read 1151 of 2378 asset file contents into memory...
[17/04/2026 6:43:03 PM] [Info] Loaded 1151 of 2378 assets...
[17/04/2026 6:43:03 PM] [Info] Read 1156 of 2378 asset file contents into memory...
[17/04/2026 6:43:03 PM] [Info] Loaded 1156 of 2378 assets...
[17/04/2026 6:43:03 PM] [Info] Read 1160 of 2378 asset file contents into memory...
[17/04/2026 6:43:03 PM] [Info] Loaded 1160 of 2378 assets...
[17/04/2026 6:43:03 PM] [Info] Read 1165 of 2378 asset file contents into memory...
[17/04/2026 6:43:03 PM] [Info] Loaded 1165 of 2378 assets...
[17/04/2026 6:43:03 PM] [Info] Read 1169 of 2378 asset file contents into memory...
[17/04/2026 6:43:03 PM] [Info] Loaded 1169 of 2378 assets...
[17/04/2026 6:43:03 PM] [Info] Read 1174 of 2378 asset file contents into memory...
[17/04/2026 6:43:03 PM] [Info] Loaded 1174 of 2378 assets...
[17/04/2026 6:43:03 PM] [Info] Read 1178 of 2378 asset file contents into memory...
[17/04/2026 6:43:03 PM] [Info] Loaded 1178 of 2378 assets...
[17/04/2026 6:43:03 PM] [Info] Read 1183 of 2378 asset file contents into memory...
[17/04/2026 6:43:03 PM] [Info] Loaded 1183 of 2378 assets...
[17/04/2026 6:43:03 PM] [Info] Read 1187 of 2378 asset file contents into memory...
[17/04/2026 6:43:03 PM] [Info] Loaded 1187 of 2378 assets...
[17/04/2026 6:43:04 PM] [Info] Read 1192 of 2378 asset file contents into memory...
[17/04/2026 6:43:04 PM] [Info] Loaded 1192 of 2378 assets...
[17/04/2026 6:43:04 PM] [Info] Read 1196 of 2378 asset file contents into memory...
[17/04/2026 6:43:04 PM] [Info] Loaded 1196 of 2378 assets...
[17/04/2026 6:43:04 PM] [Info] Read 1201 of 2378 asset file contents into memory...
[17/04/2026 6:43:04 PM] [Info] Loaded 1201 of 2378 assets...
[17/04/2026 6:43:04 PM] [Info] Read 1205 of 2378 asset file contents into memory...
[17/04/2026 6:43:04 PM] [Info] Loaded 1205 of 2378 assets...
[17/04/2026 6:43:04 PM] [Info] Read 1210 of 2378 asset file contents into memory...
[17/04/2026 6:43:04 PM] [Info] Loaded 1210 of 2378 assets...
[17/04/2026 6:43:04 PM] [Info] Read 1215 of 2378 asset file contents into memory...
[17/04/2026 6:43:04 PM] [Info] Loaded 1215 of 2378 assets...
[17/04/2026 6:43:04 PM] [Info] Read 1219 of 2378 asset file contents into memory...
[17/04/2026 6:43:04 PM] [Info] Loaded 1219 of 2378 assets...
[17/04/2026 6:43:04 PM] [Info] Read 1224 of 2378 asset file contents into memory...
[17/04/2026 6:43:04 PM] [Info] Loaded 1224 of 2378 assets...
[17/04/2026 6:43:04 PM] [Info] Read 1229 of 2378 asset file contents into memory...
[17/04/2026 6:43:04 PM] [Info] Loaded 1229 of 2378 assets...
[17/04/2026 6:43:04 PM] [Info] Read 1233 of 2378 asset file contents into memory...
[17/04/2026 6:43:04 PM] [Info] Loaded 1233 of 2378 assets...
[17/04/2026 6:43:04 PM] [Info] Read 1238 of 2378 asset file contents into memory...
[17/04/2026 6:43:04 PM] [Info] Loaded 1238 of 2378 assets...
[17/04/2026 6:43:04 PM] [Info] Read 1242 of 2378 asset file contents into memory...
[17/04/2026 6:43:04 PM] [Info] Loaded 1242 of 2378 assets...
[17/04/2026 6:43:04 PM] [Info] Read 1247 of 2378 asset file contents into memory...
[17/04/2026 6:43:04 PM] [Info] Loaded 1247 of 2378 assets...
[17/04/2026 6:43:04 PM] [Info] Read 1252 of 2378 asset file contents into memory...
[17/04/2026 6:43:04 PM] [Info] Loaded 1252 of 2378 assets...
[17/04/2026 6:43:04 PM] [Info] Read 1257 of 2378 asset file contents into memory...
[17/04/2026 6:43:04 PM] [Info] Loaded 1257 of 2378 assets...
[17/04/2026 6:43:04 PM] [Info] Read 1261 of 2378 asset file contents into memory...
[17/04/2026 6:43:04 PM] [Info] Loaded 1261 of 2378 assets...
[17/04/2026 6:43:04 PM] [Info] Read 1266 of 2378 asset file contents into memory...
[17/04/2026 6:43:04 PM] [Info] Loaded 1266 of 2378 assets...
[17/04/2026 6:43:04 PM] [Info] Read 1270 of 2378 asset file contents into memory...
[17/04/2026 6:43:04 PM] [Info] Loaded 1270 of 2378 assets...
[17/04/2026 6:43:04 PM] [Info] Read 1275 of 2378 asset file contents into memory...
[17/04/2026 6:43:04 PM] [Info] Loaded 1275 of 2378 assets...
[17/04/2026 6:43:04 PM] [Info] Read 1280 of 2378 asset file contents into memory...
[17/04/2026 6:43:04 PM] [Info] Loaded 1280 of 2378 assets...
[17/04/2026 6:43:05 PM] [Info] Read 1284 of 2378 asset file contents into memory...
[17/04/2026 6:43:05 PM] [Info] Loaded 1284 of 2378 assets...
[17/04/2026 6:43:05 PM] [Info] Read 1289 of 2378 asset file contents into memory...
[17/04/2026 6:43:05 PM] [Info] Loaded 1289 of 2378 assets...
[17/04/2026 6:43:05 PM] [Info] Read 1294 of 2378 asset file contents into memory...
[17/04/2026 6:43:05 PM] [Info] Loaded 1294 of 2378 assets...
[17/04/2026 6:43:05 PM] [Info] Read 1298 of 2378 asset file contents into memory...
[17/04/2026 6:43:05 PM] [Info] Loaded 1298 of 2378 assets...
[17/04/2026 6:43:05 PM] [Info] Read 1303 of 2378 asset file contents into memory...
[17/04/2026 6:43:05 PM] [Info] Loaded 1303 of 2378 assets...
[17/04/2026 6:43:05 PM] [Info] Read 1307 of 2378 asset file contents into memory...
[17/04/2026 6:43:05 PM] [Info] Loaded 1307 of 2378 assets...
[17/04/2026 6:43:05 PM] [Info] Read 1312 of 2378 asset file contents into memory...
[17/04/2026 6:43:05 PM] [Info] Loaded 1312 of 2378 assets...
[17/04/2026 6:43:05 PM] [Info] Read 1317 of 2378 asset file contents into memory...
[17/04/2026 6:43:05 PM] [Info] Loaded 1317 of 2378 assets...
[17/04/2026 6:43:05 PM] [Info] Read 1321 of 2378 asset file contents into memory...
[17/04/2026 6:43:05 PM] [Info] Loaded 1321 of 2378 assets...
[17/04/2026 6:43:05 PM] [Info] Read 1326 of 2378 asset file contents into memory...
[17/04/2026 6:43:05 PM] [Info] Loaded 1326 of 2378 assets...
[17/04/2026 6:43:05 PM] [Info] Read 1331 of 2378 asset file contents into memory...
[17/04/2026 6:43:05 PM] [Info] Loaded 1331 of 2378 assets...
[17/04/2026 6:43:05 PM] [Info] Read 1335 of 2378 asset file contents into memory...
[17/04/2026 6:43:05 PM] [Info] Loaded 1335 of 2378 assets...
[17/04/2026 6:43:05 PM] [Info] Read 1340 of 2378 asset file contents into memory...
[17/04/2026 6:43:05 PM] [Info] Loaded 1340 of 2378 assets...
[17/04/2026 6:43:05 PM] [Info] Read 1344 of 2378 asset file contents into memory...
[17/04/2026 6:43:05 PM] [Info] Loaded 1344 of 2378 assets...
[17/04/2026 6:43:05 PM] [Info] Read 1349 of 2378 asset file contents into memory...
[17/04/2026 6:43:05 PM] [Info] Loaded 1349 of 2378 assets...
[17/04/2026 6:43:05 PM] [Info] Read 1354 of 2378 asset file contents into memory...
[17/04/2026 6:43:05 PM] [Info] Loaded 1354 of 2378 assets...
[17/04/2026 6:43:05 PM] [Info] Read 1358 of 2378 asset file contents into memory...
[17/04/2026 6:43:05 PM] [Info] Loaded 1358 of 2378 assets...
[17/04/2026 6:43:05 PM] [Info] Read 1363 of 2378 asset file contents into memory...
[17/04/2026 6:43:05 PM] [Info] Loaded 1363 of 2378 assets...
[17/04/2026 6:43:06 PM] [Info] Read 1368 of 2378 asset file contents into memory...
[17/04/2026 6:43:06 PM] [Info] Loaded 1368 of 2378 assets...
[17/04/2026 6:43:06 PM] [Info] Read 1372 of 2378 asset file contents into memory...
[17/04/2026 6:43:06 PM] [Info] Loaded 1372 of 2378 assets...
[17/04/2026 6:43:06 PM] [Info] Read 1377 of 2378 asset file contents into memory...
[17/04/2026 6:43:06 PM] [Info] Loaded 1377 of 2378 assets...
[17/04/2026 6:43:06 PM] [Info] Read 1382 of 2378 asset file contents into memory...
[17/04/2026 6:43:06 PM] [Info] Loaded 1382 of 2378 assets...
[17/04/2026 6:43:06 PM] [Info] Read 1387 of 2378 asset file contents into memory...
[17/04/2026 6:43:06 PM] [Info] Loaded 1387 of 2378 assets...
[17/04/2026 6:43:06 PM] [Info] Read 1391 of 2378 asset file contents into memory...
[17/04/2026 6:43:06 PM] [Info] Loaded 1391 of 2378 assets...
[17/04/2026 6:43:06 PM] [Info] Read 1396 of 2378 asset file contents into memory...
[17/04/2026 6:43:06 PM] [Info] Loaded 1396 of 2378 assets...
[17/04/2026 6:43:06 PM] [Info] Read 1400 of 2378 asset file contents into memory...
[17/04/2026 6:43:06 PM] [Info] Loaded 1400 of 2378 assets...
[17/04/2026 6:43:06 PM] [Info] Read 1405 of 2378 asset file contents into memory...
[17/04/2026 6:43:06 PM] [Info] Loaded 1405 of 2378 assets...
[17/04/2026 6:43:06 PM] [Info] Read 1410 of 2378 asset file contents into memory...
[17/04/2026 6:43:06 PM] [Info] Loaded 1410 of 2378 assets...
[17/04/2026 6:43:06 PM] [Info] Read 1414 of 2378 asset file contents into memory...
[17/04/2026 6:43:06 PM] [Info] Loaded 1414 of 2378 assets...
[17/04/2026 6:43:06 PM] [Info] Read 1419 of 2378 asset file contents into memory...
[17/04/2026 6:43:06 PM] [Info] Loaded 1419 of 2378 assets...
[17/04/2026 6:43:06 PM] [Info] Read 1423 of 2378 asset file contents into memory...
[17/04/2026 6:43:06 PM] [Info] Loaded 1423 of 2378 assets...
[17/04/2026 6:43:06 PM] [Info] Read 1428 of 2378 asset file contents into memory...
[17/04/2026 6:43:06 PM] [Info] Loaded 1428 of 2378 assets...
[17/04/2026 6:43:06 PM] [Info] Read 1432 of 2378 asset file contents into memory...
[17/04/2026 6:43:06 PM] [Info] Loaded 1432 of 2378 assets...
[17/04/2026 6:43:06 PM] [Info] Read 1436 of 2378 asset file contents into memory...
[17/04/2026 6:43:06 PM] [Info] Loaded 1436 of 2378 assets...
[17/04/2026 6:43:06 PM] [Info] Read 1441 of 2378 asset file contents into memory...
[17/04/2026 6:43:06 PM] [Info] Loaded 1441 of 2378 assets...
[17/04/2026 6:43:06 PM] [Info] Read 1445 of 2378 asset file contents into memory...
[17/04/2026 6:43:06 PM] [Info] Loaded 1445 of 2378 assets...
[17/04/2026 6:43:06 PM] [Info] Read 1450 of 2378 asset file contents into memory...
[17/04/2026 6:43:06 PM] [Info] Loaded 1450 of 2378 assets...
[17/04/2026 6:43:06 PM] [Info] Read 1454 of 2378 asset file contents into memory...
[17/04/2026 6:43:06 PM] [Info] Loaded 1454 of 2378 assets...
[17/04/2026 6:43:07 PM] [Info] Read 1459 of 2378 asset file contents into memory...
[17/04/2026 6:43:07 PM] [Info] Loaded 1459 of 2378 assets...
[17/04/2026 6:43:07 PM] [Info] Read 1463 of 2378 asset file contents into memory...
[17/04/2026 6:43:07 PM] [Info] Loaded 1463 of 2378 assets...
[17/04/2026 6:43:07 PM] [Info] Read 1467 of 2378 asset file contents into memory...
[17/04/2026 6:43:07 PM] [Info] Loaded 1467 of 2378 assets...
[17/04/2026 6:43:07 PM] [Info] Read 1471 of 2378 asset file contents into memory...
[17/04/2026 6:43:07 PM] [Info] Loaded 1471 of 2378 assets...
[17/04/2026 6:43:07 PM] [Info] Read 1475 of 2378 asset file contents into memory...
[17/04/2026 6:43:07 PM] [Info] Loaded 1475 of 2378 assets...
[17/04/2026 6:43:07 PM] [Info] Read 1480 of 2378 asset file contents into memory...
[17/04/2026 6:43:07 PM] [Info] Loaded 1480 of 2378 assets...
[17/04/2026 6:43:07 PM] [Info] Read 1484 of 2378 asset file contents into memory...
[17/04/2026 6:43:07 PM] [Info] Loaded 1484 of 2378 assets...
[17/04/2026 6:43:07 PM] [Info] Read 1488 of 2378 asset file contents into memory...
[17/04/2026 6:43:07 PM] [Info] Loaded 1488 of 2378 assets...
[17/04/2026 6:43:07 PM] [Info] Read 1493 of 2378 asset file contents into memory...
[17/04/2026 6:43:07 PM] [Info] Loaded 1493 of 2378 assets...
[17/04/2026 6:43:07 PM] [Info] Read 1497 of 2378 asset file contents into memory...
[17/04/2026 6:43:07 PM] [Info] Loaded 1497 of 2378 assets...
[17/04/2026 6:43:07 PM] [Info] Read 1502 of 2378 asset file contents into memory...
[17/04/2026 6:43:07 PM] [Info] Loaded 1502 of 2378 assets...
[17/04/2026 6:43:07 PM] [Info] Read 1506 of 2378 asset file contents into memory...
[17/04/2026 6:43:07 PM] [Info] Loaded 1506 of 2378 assets...
[17/04/2026 6:43:07 PM] [Info] Read 1511 of 2378 asset file contents into memory...
[17/04/2026 6:43:07 PM] [Info] Loaded 1511 of 2378 assets...
[17/04/2026 6:43:07 PM] [Info] Read 1515 of 2378 asset file contents into memory...
[17/04/2026 6:43:07 PM] [Info] Loaded 1515 of 2378 assets...
[17/04/2026 6:43:07 PM] [Info] Read 1519 of 2378 asset file contents into memory...
[17/04/2026 6:43:07 PM] [Info] Loaded 1519 of 2378 assets...
[17/04/2026 6:43:07 PM] [Info] Read 1523 of 2378 asset file contents into memory...
[17/04/2026 6:43:07 PM] [Info] Loaded 1523 of 2378 assets...
[17/04/2026 6:43:07 PM] [Info] Read 1528 of 2378 asset file contents into memory...
[17/04/2026 6:43:07 PM] [Info] Loaded 1528 of 2378 assets...
[17/04/2026 6:43:07 PM] [Info] Read 1532 of 2378 asset file contents into memory...
[17/04/2026 6:43:07 PM] [Info] Loaded 1532 of 2378 assets...
[17/04/2026 6:43:07 PM] [Info] Read 1537 of 2378 asset file contents into memory...
[17/04/2026 6:43:07 PM] [Info] Loaded 1537 of 2378 assets...
[17/04/2026 6:43:07 PM] [Info] Read 1541 of 2378 asset file contents into memory...
[17/04/2026 6:43:07 PM] [Info] Loaded 1541 of 2378 assets...
[17/04/2026 6:43:08 PM] [Info] Read 1545 of 2378 asset file contents into memory...
[17/04/2026 6:43:08 PM] [Info] Loaded 1545 of 2378 assets...
[17/04/2026 6:43:08 PM] [Info] Read 1549 of 2378 asset file contents into memory...
[17/04/2026 6:43:08 PM] [Info] Loaded 1549 of 2378 assets...
[17/04/2026 6:43:08 PM] [Info] Read 1553 of 2378 asset file contents into memory...
[17/04/2026 6:43:08 PM] [Info] Loaded 1553 of 2378 assets...
[17/04/2026 6:43:08 PM] [Info] Read 1558 of 2378 asset file contents into memory...
[17/04/2026 6:43:08 PM] [Info] Loaded 1558 of 2378 assets...
[17/04/2026 6:43:08 PM] [Info] Read 1562 of 2378 asset file contents into memory...
[17/04/2026 6:43:08 PM] [Info] Loaded 1562 of 2378 assets...
[17/04/2026 6:43:08 PM] [Info] Read 1566 of 2378 asset file contents into memory...
[17/04/2026 6:43:08 PM] [Info] Loaded 1566 of 2378 assets...
[17/04/2026 6:43:08 PM] [Info] Read 1571 of 2378 asset file contents into memory...
[17/04/2026 6:43:08 PM] [Info] Loaded 1571 of 2378 assets...
[17/04/2026 6:43:08 PM] [Info] Read 1575 of 2378 asset file contents into memory...
[17/04/2026 6:43:08 PM] [Info] Loaded 1575 of 2378 assets...
[17/04/2026 6:43:08 PM] [Info] Read 1579 of 2378 asset file contents into memory...
[17/04/2026 6:43:08 PM] [Info] Loaded 1579 of 2378 assets...
[17/04/2026 6:43:08 PM] [Info] Read 1584 of 2378 asset file contents into memory...
[17/04/2026 6:43:08 PM] [Info] Loaded 1584 of 2378 assets...
[17/04/2026 6:43:08 PM] [Info] Read 1588 of 2378 asset file contents into memory...
[17/04/2026 6:43:08 PM] [Info] Loaded 1588 of 2378 assets...
[17/04/2026 6:43:08 PM] [Info] Read 1593 of 2378 asset file contents into memory...
[17/04/2026 6:43:08 PM] [Info] Loaded 1593 of 2378 assets...
[17/04/2026 6:43:08 PM] [Info] Read 1597 of 2378 asset file contents into memory...
[17/04/2026 6:43:08 PM] [Info] Loaded 1597 of 2378 assets...
[17/04/2026 6:43:08 PM] [Info] Read 1602 of 2378 asset file contents into memory...
[17/04/2026 6:43:08 PM] [Info] Loaded 1602 of 2378 assets...
[17/04/2026 6:43:08 PM] [Info] Read 1606 of 2378 asset file contents into memory...
[17/04/2026 6:43:08 PM] [Info] Loaded 1606 of 2378 assets...
[17/04/2026 6:43:08 PM] [Info] Read 1611 of 2378 asset file contents into memory...
[17/04/2026 6:43:08 PM] [Info] Loaded 1611 of 2378 assets...
[17/04/2026 6:43:08 PM] [Info] Read 1615 of 2378 asset file contents into memory...
[17/04/2026 6:43:08 PM] [Info] Loaded 1615 of 2378 assets...
[17/04/2026 6:43:08 PM] [Info] Read 1619 of 2378 asset file contents into memory...
[17/04/2026 6:43:08 PM] [Info] Loaded 1619 of 2378 assets...
[17/04/2026 6:43:08 PM] [Info] Read 1624 of 2378 asset file contents into memory...
[17/04/2026 6:43:08 PM] [Info] Loaded 1624 of 2378 assets...
[17/04/2026 6:43:08 PM] [Info] Read 1628 of 2378 asset file contents into memory...
[17/04/2026 6:43:08 PM] [Info] Loaded 1628 of 2378 assets...
[17/04/2026 6:43:09 PM] [Info] Read 1633 of 2378 asset file contents into memory...
[17/04/2026 6:43:09 PM] [Info] Loaded 1633 of 2378 assets...
[17/04/2026 6:43:09 PM] [Info] Read 1637 of 2378 asset file contents into memory...
[17/04/2026 6:43:09 PM] [Info] Loaded 1637 of 2378 assets...
[17/04/2026 6:43:09 PM] [Info] Read 1641 of 2378 asset file contents into memory...
[17/04/2026 6:43:09 PM] [Info] Loaded 1641 of 2378 assets...
[17/04/2026 6:43:09 PM] [Info] Read 1646 of 2378 asset file contents into memory...
[17/04/2026 6:43:09 PM] [Info] Loaded 1646 of 2378 assets...
[17/04/2026 6:43:09 PM] [Info] Read 1650 of 2378 asset file contents into memory...
[17/04/2026 6:43:09 PM] [Info] Loaded 1650 of 2378 assets...
[17/04/2026 6:43:09 PM] [Info] Read 1655 of 2378 asset file contents into memory...
[17/04/2026 6:43:09 PM] [Info] Loaded 1655 of 2378 assets...
[17/04/2026 6:43:09 PM] [Info] Read 1659 of 2378 asset file contents into memory...
[17/04/2026 6:43:09 PM] [Info] Loaded 1659 of 2378 assets...
[17/04/2026 6:43:09 PM] [Info] Read 1663 of 2378 asset file contents into memory...
[17/04/2026 6:43:09 PM] [Info] Loaded 1663 of 2378 assets...
[17/04/2026 6:43:09 PM] [Info] Read 1668 of 2378 asset file contents into memory...
[17/04/2026 6:43:09 PM] [Info] Loaded 1668 of 2378 assets...
[17/04/2026 6:43:09 PM] [Info] Read 1672 of 2378 asset file contents into memory...
[17/04/2026 6:43:09 PM] [Info] Loaded 1672 of 2378 assets...
[17/04/2026 6:43:09 PM] [Info] Read 1677 of 2378 asset file contents into memory...
[17/04/2026 6:43:09 PM] [Info] Loaded 1677 of 2378 assets...
[17/04/2026 6:43:09 PM] [Info] Read 1681 of 2378 asset file contents into memory...
[17/04/2026 6:43:09 PM] [Info] Loaded 1681 of 2378 assets...
[17/04/2026 6:43:09 PM] [Info] Read 1685 of 2378 asset file contents into memory...
[17/04/2026 6:43:09 PM] [Info] Loaded 1685 of 2378 assets...
[17/04/2026 6:43:09 PM] [Info] Read 1690 of 2378 asset file contents into memory...
[17/04/2026 6:43:09 PM] [Info] Loaded 1690 of 2378 assets...
[17/04/2026 6:43:09 PM] [Info] Read 1694 of 2378 asset file contents into memory...
[17/04/2026 6:43:09 PM] [Info] Loaded 1694 of 2378 assets...
[17/04/2026 6:43:09 PM] [Info] Read 1698 of 2378 asset file contents into memory...
[17/04/2026 6:43:09 PM] [Info] Loaded 1698 of 2378 assets...
[17/04/2026 6:43:09 PM] [Info] Read 1703 of 2378 asset file contents into memory...
[17/04/2026 6:43:09 PM] [Info] Loaded 1703 of 2378 assets...
[17/04/2026 6:43:09 PM] [Info] Read 1707 of 2378 asset file contents into memory...
[17/04/2026 6:43:09 PM] [Info] Loaded 1707 of 2378 assets...
[17/04/2026 6:43:09 PM] [Info] Read 1712 of 2378 asset file contents into memory...
[17/04/2026 6:43:09 PM] [Info] Loaded 1712 of 2378 assets...
[17/04/2026 6:43:09 PM] [Info] Read 1716 of 2378 asset file contents into memory...
[17/04/2026 6:43:09 PM] [Info] Loaded 1716 of 2378 assets...
[17/04/2026 6:43:10 PM] [Info] Read 1721 of 2378 asset file contents into memory...
[17/04/2026 6:43:10 PM] [Info] Loaded 1721 of 2378 assets...
[17/04/2026 6:43:10 PM] [Info] Read 1725 of 2378 asset file contents into memory...
[17/04/2026 6:43:10 PM] [Info] Loaded 1725 of 2378 assets...
[17/04/2026 6:43:10 PM] [Info] Read 1729 of 2378 asset file contents into memory...
[17/04/2026 6:43:10 PM] [Info] Loaded 1729 of 2378 assets...
[17/04/2026 6:43:10 PM] [Info] Read 1734 of 2378 asset file contents into memory...
[17/04/2026 6:43:10 PM] [Info] Loaded 1734 of 2378 assets...
[17/04/2026 6:43:10 PM] [Info] Read 1738 of 2378 asset file contents into memory...
[17/04/2026 6:43:10 PM] [Info] Loaded 1738 of 2378 assets...
[17/04/2026 6:43:10 PM] [Info] Read 1743 of 2378 asset file contents into memory...
[17/04/2026 6:43:10 PM] [Info] Loaded 1743 of 2378 assets...
[17/04/2026 6:43:10 PM] [Info] Read 1747 of 2378 asset file contents into memory...
[17/04/2026 6:43:10 PM] [Info] Loaded 1747 of 2378 assets...
[17/04/2026 6:43:10 PM] [Info] Read 1751 of 2378 asset file contents into memory...
[17/04/2026 6:43:10 PM] [Info] Loaded 1751 of 2378 assets...
[17/04/2026 6:43:10 PM] [Info] Read 1758 of 2378 asset file contents into memory...
[17/04/2026 6:43:10 PM] [Info] Loaded 1758 of 2378 assets...
[17/04/2026 6:43:10 PM] [Info] Read 1767 of 2378 asset file contents into memory...
[17/04/2026 6:43:10 PM] [Info] Loaded 1767 of 2378 assets...
[17/04/2026 6:43:10 PM] [Info] Read 1775 of 2378 asset file contents into memory...
[17/04/2026 6:43:10 PM] [Info] Loaded 1775 of 2378 assets...
[17/04/2026 6:43:10 PM] [Info] Read 1784 of 2378 asset file contents into memory...
[17/04/2026 6:43:10 PM] [Info] Loaded 1784 of 2378 assets...
[17/04/2026 6:43:10 PM] [Info] Read 1793 of 2378 asset file contents into memory...
[17/04/2026 6:43:10 PM] [Info] Loaded 1793 of 2378 assets...
[17/04/2026 6:43:10 PM] [Info] Read 1802 of 2378 asset file contents into memory...
[17/04/2026 6:43:10 PM] [Info] Loaded 1802 of 2378 assets...
[17/04/2026 6:43:10 PM] [Info] Read 1810 of 2378 asset file contents into memory...
[17/04/2026 6:43:10 PM] [Info] Loaded 1810 of 2378 assets...
[17/04/2026 6:43:10 PM] [Info] Read 1819 of 2378 asset file contents into memory...
[17/04/2026 6:43:10 PM] [Info] Loaded 1819 of 2378 assets...
[17/04/2026 6:43:10 PM] [Info] Read 1828 of 2378 asset file contents into memory...
[17/04/2026 6:43:10 PM] [Info] Loaded 1828 of 2378 assets...
[17/04/2026 6:43:10 PM] [Info] Read 1837 of 2378 asset file contents into memory...
[17/04/2026 6:43:10 PM] [Info] Loaded 1837 of 2378 assets...
[17/04/2026 6:43:10 PM] [Info] Read 1845 of 2378 asset file contents into memory...
[17/04/2026 6:43:10 PM] [Info] Loaded 1845 of 2378 assets...
[17/04/2026 6:43:10 PM] [Info] Read 1854 of 2378 asset file contents into memory...
[17/04/2026 6:43:10 PM] [Info] Loaded 1854 of 2378 assets...
[17/04/2026 6:43:11 PM] [Info] Read 1863 of 2378 asset file contents into memory...
[17/04/2026 6:43:11 PM] [Info] Loaded 1863 of 2378 assets...
[17/04/2026 6:43:11 PM] [Info] Read 1872 of 2378 asset file contents into memory...
[17/04/2026 6:43:11 PM] [Info] Loaded 1872 of 2378 assets...
[17/04/2026 6:43:11 PM] [Info] Read 1880 of 2378 asset file contents into memory...
[17/04/2026 6:43:11 PM] [Info] Loaded 1880 of 2378 assets...
[17/04/2026 6:43:11 PM] [Info] Read 1888 of 2378 asset file contents into memory...
[17/04/2026 6:43:11 PM] [Info] Loaded 1888 of 2378 assets...
[17/04/2026 6:43:11 PM] [Info] Read 1893 of 2378 asset file contents into memory...
[17/04/2026 6:43:11 PM] [Info] Loaded 1893 of 2378 assets...
[17/04/2026 6:43:11 PM] [Info] Read 1897 of 2378 asset file contents into memory...
[17/04/2026 6:43:11 PM] [Info] Loaded 1897 of 2378 assets...
[17/04/2026 6:43:11 PM] [Info] Read 1901 of 2378 asset file contents into memory...
[17/04/2026 6:43:11 PM] [Info] Loaded 1901 of 2378 assets...
[17/04/2026 6:43:11 PM] [Info] Read 1906 of 2378 asset file contents into memory...
[17/04/2026 6:43:11 PM] [Info] Loaded 1906 of 2378 assets...
[17/04/2026 6:43:11 PM] [Info] Read 1910 of 2378 asset file contents into memory...
[17/04/2026 6:43:11 PM] [Info] Loaded 1910 of 2378 assets...
[17/04/2026 6:43:11 PM] [Info] Read 1915 of 2378 asset file contents into memory...
[17/04/2026 6:43:11 PM] [Info] Loaded 1915 of 2378 assets...
[17/04/2026 6:43:11 PM] [Info] Read 1920 of 2378 asset file contents into memory...
[17/04/2026 6:43:11 PM] [Info] Loaded 1920 of 2378 assets...
[17/04/2026 6:43:11 PM] [Info] Read 1924 of 2378 asset file contents into memory...
[17/04/2026 6:43:11 PM] [Info] Loaded 1924 of 2378 assets...
[17/04/2026 6:43:11 PM] [Info] Read 1928 of 2378 asset file contents into memory...
[17/04/2026 6:43:11 PM] [Info] Loaded 1928 of 2378 assets...
[17/04/2026 6:43:11 PM] [Info] Read 1933 of 2378 asset file contents into memory...
[17/04/2026 6:43:11 PM] [Info] Loaded 1933 of 2378 assets...
[17/04/2026 6:43:11 PM] [Info] Read 1937 of 2378 asset file contents into memory...
[17/04/2026 6:43:11 PM] [Info] Loaded 1937 of 2378 assets...
[17/04/2026 6:43:11 PM] [Info] Read 1942 of 2378 asset file contents into memory...
[17/04/2026 6:43:11 PM] [Info] Loaded 1942 of 2378 assets...
[17/04/2026 6:43:11 PM] [Info] Read 1946 of 2378 asset file contents into memory...
[17/04/2026 6:43:11 PM] [Info] Loaded 1946 of 2378 assets...
[17/04/2026 6:43:11 PM] [Info] Read 1950 of 2378 asset file contents into memory...
[17/04/2026 6:43:11 PM] [Info] Loaded 1950 of 2378 assets...
[17/04/2026 6:43:11 PM] [Info] Read 1954 of 2378 asset file contents into memory...
[17/04/2026 6:43:11 PM] [Info] Loaded 1954 of 2378 assets...
[17/04/2026 6:43:11 PM] [Info] Read 1958 of 2378 asset file contents into memory...
[17/04/2026 6:43:11 PM] [Info] Loaded 1958 of 2378 assets...
[17/04/2026 6:43:12 PM] [Info] Read 1961 of 2378 asset file contents into memory...
[17/04/2026 6:43:12 PM] [Info] Loaded 1961 of 2378 assets...
[17/04/2026 6:43:12 PM] [Info] Read 1965 of 2378 asset file contents into memory...
[17/04/2026 6:43:12 PM] [Info] Loaded 1965 of 2378 assets...
[17/04/2026 6:43:12 PM] [Info] Read 1968 of 2378 asset file contents into memory...
[17/04/2026 6:43:12 PM] [Info] Loaded 1968 of 2378 assets...
[17/04/2026 6:43:12 PM] [Info] Read 1971 of 2378 asset file contents into memory...
[17/04/2026 6:43:12 PM] [Info] Loaded 1971 of 2378 assets...
[17/04/2026 6:43:12 PM] [Info] Read 1975 of 2378 asset file contents into memory...
[17/04/2026 6:43:12 PM] [Info] Loaded 1975 of 2378 assets...
[17/04/2026 6:43:12 PM] [Info] Read 1978 of 2378 asset file contents into memory...
[17/04/2026 6:43:12 PM] [Info] Loaded 1978 of 2378 assets...
[17/04/2026 6:43:12 PM] [Info] Read 1982 of 2378 asset file contents into memory...
[17/04/2026 6:43:12 PM] [Info] Loaded 1982 of 2378 assets...
[17/04/2026 6:43:12 PM] [Info] Read 1986 of 2378 asset file contents into memory...
[17/04/2026 6:43:12 PM] [Info] Loaded 1986 of 2378 assets...
[17/04/2026 6:43:12 PM] [Info] Read 1991 of 2378 asset file contents into memory...
[17/04/2026 6:43:12 PM] [Info] Loaded 1991 of 2378 assets...
[17/04/2026 6:43:12 PM] [Info] Read 1996 of 2378 asset file contents into memory...
[17/04/2026 6:43:12 PM] [Info] Loaded 1996 of 2378 assets...
[17/04/2026 6:43:12 PM] [Info] Read 2000 of 2378 asset file contents into memory...
[17/04/2026 6:43:12 PM] [Info] Loaded 2000 of 2378 assets...
[17/04/2026 6:43:12 PM] [Info] Read 2004 of 2378 asset file contents into memory...
[17/04/2026 6:43:12 PM] [Info] Loaded 2004 of 2378 assets...
[17/04/2026 6:43:12 PM] [Info] Read 2009 of 2378 asset file contents into memory...
[17/04/2026 6:43:12 PM] [Info] Loaded 2009 of 2378 assets...
[17/04/2026 6:43:12 PM] [Info] Read 2013 of 2378 asset file contents into memory...
[17/04/2026 6:43:12 PM] [Info] Loaded 2013 of 2378 assets...
[17/04/2026 6:43:12 PM] [Info] Read 2017 of 2378 asset file contents into memory...
[17/04/2026 6:43:12 PM] [Info] Loaded 2017 of 2378 assets...
[17/04/2026 6:43:12 PM] [Info] Read 2022 of 2378 asset file contents into memory...
[17/04/2026 6:43:12 PM] [Info] Loaded 2022 of 2378 assets...
[17/04/2026 6:43:12 PM] [Info] Read 2026 of 2378 asset file contents into memory...
[17/04/2026 6:43:12 PM] [Info] Loaded 2026 of 2378 assets...
[17/04/2026 6:43:12 PM] [Info] Read 2031 of 2378 asset file contents into memory...
[17/04/2026 6:43:12 PM] [Info] Loaded 2031 of 2378 assets...
[17/04/2026 6:43:12 PM] [Info] Read 2035 of 2378 asset file contents into memory...
[17/04/2026 6:43:12 PM] [Info] Loaded 2035 of 2378 assets...
[17/04/2026 6:43:12 PM] [Info] Read 2039 of 2378 asset file contents into memory...
[17/04/2026 6:43:12 PM] [Info] Loaded 2039 of 2378 assets...
[17/04/2026 6:43:13 PM] [Info] Read 2043 of 2378 asset file contents into memory...
[17/04/2026 6:43:13 PM] [Info] Loaded 2043 of 2378 assets...
[17/04/2026 6:43:13 PM] [Info] Read 2047 of 2378 asset file contents into memory...
[17/04/2026 6:43:13 PM] [Info] Loaded 2047 of 2378 assets...
[17/04/2026 6:43:13 PM] [Info] Read 2052 of 2378 asset file contents into memory...
[17/04/2026 6:43:13 PM] [Info] Loaded 2052 of 2378 assets...
[17/04/2026 6:43:13 PM] [Info] Read 2056 of 2378 asset file contents into memory...
[17/04/2026 6:43:13 PM] [Info] Loaded 2056 of 2378 assets...
[17/04/2026 6:43:13 PM] [Info] Read 2060 of 2378 asset file contents into memory...
[17/04/2026 6:43:13 PM] [Info] Loaded 2060 of 2378 assets...
[17/04/2026 6:43:13 PM] [Info] Read 2064 of 2378 asset file contents into memory...
[17/04/2026 6:43:13 PM] [Info] Loaded 2064 of 2378 assets...
[17/04/2026 6:43:13 PM] [Info] Read 2069 of 2378 asset file contents into memory...
[17/04/2026 6:43:13 PM] [Info] Loaded 2069 of 2378 assets...
[17/04/2026 6:43:13 PM] [Info] Read 2073 of 2378 asset file contents into memory...
[17/04/2026 6:43:13 PM] [Info] Loaded 2073 of 2378 assets...
[17/04/2026 6:43:13 PM] [Info] Read 2077 of 2378 asset file contents into memory...
[17/04/2026 6:43:13 PM] [Info] Loaded 2077 of 2378 assets...
[17/04/2026 6:43:13 PM] [Info] Read 2081 of 2378 asset file contents into memory...
[17/04/2026 6:43:13 PM] [Info] Loaded 2081 of 2378 assets...
[17/04/2026 6:43:13 PM] [Info] Read 2086 of 2378 asset file contents into memory...
[17/04/2026 6:43:13 PM] [Info] Loaded 2086 of 2378 assets...
[17/04/2026 6:43:13 PM] [Info] Read 2090 of 2378 asset file contents into memory...
[17/04/2026 6:43:13 PM] [Info] Loaded 2090 of 2378 assets...
[17/04/2026 6:43:13 PM] [Info] Read 2094 of 2378 asset file contents into memory...
[17/04/2026 6:43:13 PM] [Info] Loaded 2094 of 2378 assets...
[17/04/2026 6:43:13 PM] [Info] Read 2099 of 2378 asset file contents into memory...
[17/04/2026 6:43:13 PM] [Info] Loaded 2099 of 2378 assets...
[17/04/2026 6:43:13 PM] [Info] Read 2103 of 2378 asset file contents into memory...
[17/04/2026 6:43:13 PM] [Info] Loaded 2103 of 2378 assets...
[17/04/2026 6:43:13 PM] [Info] Read 2107 of 2378 asset file contents into memory...
[17/04/2026 6:43:13 PM] [Info] Loaded 2107 of 2378 assets...
[17/04/2026 6:43:13 PM] [Info] Read 2111 of 2378 asset file contents into memory...
[17/04/2026 6:43:13 PM] [Info] Loaded 2111 of 2378 assets...
[17/04/2026 6:43:13 PM] [Info] Read 2115 of 2378 asset file contents into memory...
[17/04/2026 6:43:13 PM] [Info] Loaded 2115 of 2378 assets...
[17/04/2026 6:43:13 PM] [Info] Read 2120 of 2378 asset file contents into memory...
[17/04/2026 6:43:13 PM] [Info] Loaded 2120 of 2378 assets...
[17/04/2026 6:43:13 PM] [Info] Read 2124 of 2378 asset file contents into memory...
[17/04/2026 6:43:13 PM] [Info] Loaded 2124 of 2378 assets...
[17/04/2026 6:43:14 PM] [Info] Read 2127 of 2378 asset file contents into memory...
[17/04/2026 6:43:14 PM] [Info] Loaded 2127 of 2378 assets...
[17/04/2026 6:43:14 PM] [Info] Read 2130 of 2378 asset file contents into memory...
[17/04/2026 6:43:14 PM] [Info] Loaded 2130 of 2378 assets...
[17/04/2026 6:43:14 PM] [Info] Read 2134 of 2378 asset file contents into memory...
[17/04/2026 6:43:14 PM] [Info] Loaded 2134 of 2378 assets...
[17/04/2026 6:43:14 PM] [Info] Read 2138 of 2378 asset file contents into memory...
[17/04/2026 6:43:14 PM] [Info] Loaded 2138 of 2378 assets...
[17/04/2026 6:43:14 PM] [Info] Read 2142 of 2378 asset file contents into memory...
[17/04/2026 6:43:14 PM] [Info] Loaded 2142 of 2378 assets...
[17/04/2026 6:43:14 PM] [Info] Read 2145 of 2378 asset file contents into memory...
[17/04/2026 6:43:14 PM] [Info] Loaded 2145 of 2378 assets...
[17/04/2026 6:43:14 PM] [Info] Read 2149 of 2378 asset file contents into memory...
[17/04/2026 6:43:14 PM] [Info] Loaded 2149 of 2378 assets...
[17/04/2026 6:43:14 PM] [Info] Read 2153 of 2378 asset file contents into memory...
[17/04/2026 6:43:14 PM] [Info] Loaded 2153 of 2378 assets...
[17/04/2026 6:43:14 PM] [Info] Read 2157 of 2378 asset file contents into memory...
[17/04/2026 6:43:14 PM] [Info] Loaded 2157 of 2378 assets...
[17/04/2026 6:43:14 PM] [Info] Read 2160 of 2378 asset file contents into memory...
[17/04/2026 6:43:14 PM] [Info] Loaded 2160 of 2378 assets...
[17/04/2026 6:43:14 PM] [Info] Read 2164 of 2378 asset file contents into memory...
[17/04/2026 6:43:14 PM] [Info] Loaded 2164 of 2378 assets...
[17/04/2026 6:43:14 PM] [Info] Read 2167 of 2378 asset file contents into memory...
[17/04/2026 6:43:14 PM] [Info] Loaded 2167 of 2378 assets...
[17/04/2026 6:43:14 PM] [Info] Read 2171 of 2378 asset file contents into memory...
[17/04/2026 6:43:14 PM] [Info] Loaded 2171 of 2378 assets...
[17/04/2026 6:43:14 PM] [Info] Read 2175 of 2378 asset file contents into memory...
[17/04/2026 6:43:14 PM] [Info] Loaded 2175 of 2378 assets...
[17/04/2026 6:43:14 PM] [Info] Read 2178 of 2378 asset file contents into memory...
[17/04/2026 6:43:14 PM] [Info] Loaded 2178 of 2378 assets...
[17/04/2026 6:43:14 PM] [Info] Read 2182 of 2378 asset file contents into memory...
[17/04/2026 6:43:14 PM] [Info] Loaded 2182 of 2378 assets...
[17/04/2026 6:43:14 PM] [Info] Read 2186 of 2378 asset file contents into memory...
[17/04/2026 6:43:14 PM] [Info] Loaded 2186 of 2378 assets...
[17/04/2026 6:43:14 PM] [Info] Read 2190 of 2378 asset file contents into memory...
[17/04/2026 6:43:14 PM] [Info] Loaded 2190 of 2378 assets...
[17/04/2026 6:43:15 PM] [Info] Read 2194 of 2378 asset file contents into memory...
[17/04/2026 6:43:15 PM] [Info] Loaded 2194 of 2378 assets...
[17/04/2026 6:43:15 PM] [Info] Read 2199 of 2378 asset file contents into memory...
[17/04/2026 6:43:15 PM] [Info] Loaded 2199 of 2378 assets...
[17/04/2026 6:43:15 PM] [Info] Read 2203 of 2378 asset file contents into memory...
[17/04/2026 6:43:15 PM] [Info] Loaded 2203 of 2378 assets...
[17/04/2026 6:43:15 PM] [Info] Read 2207 of 2378 asset file contents into memory...
[17/04/2026 6:43:15 PM] [Info] Loaded 2207 of 2378 assets...
[17/04/2026 6:43:15 PM] [Info] Read 2212 of 2378 asset file contents into memory...
[17/04/2026 6:43:15 PM] [Info] Loaded 2212 of 2378 assets...
[17/04/2026 6:43:15 PM] [Info] Read 2216 of 2378 asset file contents into memory...
[17/04/2026 6:43:15 PM] [Info] Loaded 2216 of 2378 assets...
[17/04/2026 6:43:15 PM] [Info] Read 2221 of 2378 asset file contents into memory...
[17/04/2026 6:43:15 PM] [Info] Loaded 2221 of 2378 assets...
[17/04/2026 6:43:15 PM] [Info] Read 2225 of 2378 asset file contents into memory...
[17/04/2026 6:43:15 PM] [Info] Loaded 2225 of 2378 assets...
[17/04/2026 6:43:15 PM] [Info] Read 2229 of 2378 asset file contents into memory...
[17/04/2026 6:43:15 PM] [Info] Loaded 2229 of 2378 assets...
[17/04/2026 6:43:15 PM] [Info] Read 2234 of 2378 asset file contents into memory...
[17/04/2026 6:43:15 PM] [Info] Loaded 2234 of 2378 assets...
[17/04/2026 6:43:15 PM] [Info] Read 2238 of 2378 asset file contents into memory...
[17/04/2026 6:43:15 PM] [Info] Loaded 2238 of 2378 assets...
[17/04/2026 6:43:15 PM] [Info] Read 2243 of 2378 asset file contents into memory...
[17/04/2026 6:43:15 PM] [Info] Loaded 2243 of 2378 assets...
[17/04/2026 6:43:15 PM] [Info] Read 2247 of 2378 asset file contents into memory...
[17/04/2026 6:43:15 PM] [Info] Loaded 2247 of 2378 assets...
[17/04/2026 6:43:15 PM] [Info] Read 2252 of 2378 asset file contents into memory...
[17/04/2026 6:43:15 PM] [Info] Loaded 2252 of 2378 assets...
[17/04/2026 6:43:15 PM] [Info] Read 2257 of 2378 asset file contents into memory...
[17/04/2026 6:43:15 PM] [Info] Loaded 2257 of 2378 assets...
[17/04/2026 6:43:15 PM] [Info] Read 2261 of 2378 asset file contents into memory...
[17/04/2026 6:43:15 PM] [Info] Loaded 2261 of 2378 assets...
[17/04/2026 6:43:15 PM] [Info] Read 2265 of 2378 asset file contents into memory...
[17/04/2026 6:43:15 PM] [Info] Loaded 2265 of 2378 assets...
[17/04/2026 6:43:15 PM] [Info] Read 2270 of 2378 asset file contents into memory...
[17/04/2026 6:43:15 PM] [Info] Loaded 2270 of 2378 assets...
[17/04/2026 6:43:15 PM] [Info] Read 2274 of 2378 asset file contents into memory...
[17/04/2026 6:43:15 PM] [Info] Loaded 2274 of 2378 assets...
[17/04/2026 6:43:15 PM] [Info] Read 2278 of 2378 asset file contents into memory...
[17/04/2026 6:43:15 PM] [Info] Loaded 2278 of 2378 assets...
[17/04/2026 6:43:16 PM] [Info] Read 2282 of 2378 asset file contents into memory...
[17/04/2026 6:43:16 PM] [Info] Loaded 2282 of 2378 assets...
[17/04/2026 6:43:16 PM] [Info] Read 2286 of 2378 asset file contents into memory...
[17/04/2026 6:43:16 PM] [Info] Loaded 2286 of 2378 assets...
[17/04/2026 6:43:16 PM] [Info] Read 2291 of 2378 asset file contents into memory...
[17/04/2026 6:43:16 PM] [Info] Loaded 2291 of 2378 assets...
[17/04/2026 6:43:16 PM] [Info] Read 2295 of 2378 asset file contents into memory...
[17/04/2026 6:43:16 PM] [Info] Loaded 2295 of 2378 assets...
[17/04/2026 6:43:16 PM] [Info] Read 2299 of 2378 asset file contents into memory...
[17/04/2026 6:43:16 PM] [Info] Loaded 2299 of 2378 assets...
[17/04/2026 6:43:16 PM] [Info] Read 2304 of 2378 asset file contents into memory...
[17/04/2026 6:43:16 PM] [Info] Loaded 2304 of 2378 assets...
[17/04/2026 6:43:16 PM] [Info] Read 2308 of 2378 asset file contents into memory...
[17/04/2026 6:43:16 PM] [Info] Loaded 2308 of 2378 assets...
[17/04/2026 6:43:16 PM] [Info] Read 2313 of 2378 asset file contents into memory...
[17/04/2026 6:43:16 PM] [Info] Loaded 2313 of 2378 assets...
[17/04/2026 6:43:16 PM] [Info] Read 2317 of 2378 asset file contents into memory...
[17/04/2026 6:43:16 PM] [Info] Loaded 2317 of 2378 assets...
[17/04/2026 6:43:16 PM] [Info] Read 2322 of 2378 asset file contents into memory...
[17/04/2026 6:43:16 PM] [Info] Loaded 2322 of 2378 assets...
[17/04/2026 6:43:16 PM] [Info] Read 2326 of 2378 asset file contents into memory...
[17/04/2026 6:43:16 PM] [Info] Loaded 2326 of 2378 assets...
[17/04/2026 6:43:16 PM] [Info] Read 2331 of 2378 asset file contents into memory...
[17/04/2026 6:43:16 PM] [Info] Loaded 2331 of 2378 assets...
[17/04/2026 6:43:16 PM] [Info] Read 2335 of 2378 asset file contents into memory...
[17/04/2026 6:43:16 PM] [Info] Loaded 2335 of 2378 assets...
[17/04/2026 6:43:16 PM] [Info] Read 2340 of 2378 asset file contents into memory...
[17/04/2026 6:43:16 PM] [Info] Loaded 2340 of 2378 assets...
[17/04/2026 6:43:16 PM] [Info] Read 2345 of 2378 asset file contents into memory...
[17/04/2026 6:43:16 PM] [Info] Loaded 2345 of 2378 assets...
[17/04/2026 6:43:16 PM] [Info] Read 2350 of 2378 asset file contents into memory...
[17/04/2026 6:43:16 PM] [Info] Loaded 2350 of 2378 assets...
[17/04/2026 6:43:16 PM] [Info] Read 2354 of 2378 asset file contents into memory...
[17/04/2026 6:43:16 PM] [Info] Loaded 2354 of 2378 assets...
[17/04/2026 6:43:16 PM] [Info] Read 2358 of 2378 asset file contents into memory...
[17/04/2026 6:43:16 PM] [Info] Loaded 2358 of 2378 assets...
[17/04/2026 6:43:16 PM] [Info] Read 2362 of 2378 asset file contents into memory...
[17/04/2026 6:43:16 PM] [Info] Loaded 2362 of 2378 assets...
[17/04/2026 6:43:16 PM] [Info] Read 2366 of 2378 asset file contents into memory...
[17/04/2026 6:43:16 PM] [Info] Loaded 2366 of 2378 assets...
[17/04/2026 6:43:17 PM] [Info] Read 2370 of 2378 asset file contents into memory...
[17/04/2026 6:43:17 PM] [Info] Loaded 2370 of 2378 assets...
[17/04/2026 6:43:17 PM] [Info] Read 2374 of 2378 asset file contents into memory...
[17/04/2026 6:43:17 PM] [Info] Loaded 2374 of 2378 assets...
[17/04/2026 6:43:17 PM] [Info] Read 2378 of 2378 asset file contents into memory...
[17/04/2026 6:43:17 PM] [Info] Loaded 2378 of 2378 assets...
[17/04/2026 6:43:17 PM] [Info] Level overrides config Animals.Max_Instances_Medium: 256
[17/04/2026 6:43:17 PM] [Info] Skipping level config override Items.Quality_Full_Chance because it's overridden in server config
[17/04/2026 6:43:17 PM] [Info] Level overrides config Barricades.Allow_Item_Placement_On_Vehicle: False
[17/04/2026 6:43:17 PM] [Info] Level overrides config Barricades.Allow_Trap_Placement_On_Vehicle: False
[17/04/2026 6:43:17 PM] [Info] Level overrides config Barricades.Gun_Lowcal_Damage_Multiplier: 1
[17/04/2026 6:43:17 PM] [Info] Level overrides config Barricades.Gun_Highcal_Damage_Multiplier: 1
[17/04/2026 6:43:17 PM] [Info] Level overrides config Barricades.Armor_Lowtier_Multiplier: 1
[17/04/2026 6:43:17 PM] [Info] Level overrides config Barricades.Armor_Hightier_Multiplier: 1
[17/04/2026 6:43:17 PM] [Info] Level overrides config Structures.Gun_Lowcal_Damage_Multiplier: 1
[17/04/2026 6:43:17 PM] [Info] Level overrides config Structures.Gun_Highcal_Damage_Multiplier: 1
[17/04/2026 6:43:17 PM] [Info] Level overrides config Structures.Armor_Lowtier_Multiplier: 1
[17/04/2026 6:43:17 PM] [Info] Level overrides config Structures.Armor_Hightier_Multiplier: 1
[17/04/2026 6:43:17 PM] [Info] Level overrides config Structures.Melee_Damage_Multiplier: 1
[17/04/2026 6:43:17 PM] [Info] Level overrides config Structures.Melee_Repair_Multiplier: 1
[17/04/2026 6:43:17 PM] [Info] Level overrides config Events.Airdrop_Speed: 96
[17/04/2026 6:43:17 PM] [Info] Level overrides config Events.Airdrop_Force: 8.55
[17/04/2026 6:43:17 PM] [Info] Level overrides config Vehicles.Gun_Lowcal_Damage_Multiplier: 2
[17/04/2026 6:43:17 PM] [Info] Level overrides config Vehicles.Melee_Damage_Multiplier: 2
[17/04/2026 6:43:17 PM] [Info] Level overrides config Vehicles.Min_Battery_Charge: 1
[17/04/2026 6:43:17 PM] [Info] Level overrides config Vehicles.Max_Battery_Charge: 1
[17/04/2026 6:43:17 PM] [Info] Level overrides config Vehicles.Has_Battery_Chance: 1
[17/04/2026 6:43:17 PM] [Info] Level overrides config Vehicles.Max_Instances_Medium: 48
[17/04/2026 6:43:17 PM] [Info] Level overrides config Vehicles.Armor_Multiplier: 0.375
[17/04/2026 6:43:17 PM] [Info] Skipping level config override Players.Experience_Multiplier because it's overridden in server config
[17/04/2026 6:43:17 PM] [Info] Skipping level config override Players.Lose_Skills_PvP because it's overridden in server config
[17/04/2026 6:43:17 PM] [Info] Skipping level config override Players.Lose_Skills_PvE because it's overridden in server config
[17/04/2026 6:43:17 PM] [Info] Skipping level config override Players.Lose_Experience_PvP because it's overridden in server config
[17/04/2026 6:43:17 PM] [Info] Skipping level config override Players.Lose_Experience_PvE because it's overridden in server config
[17/04/2026 6:43:17 PM] [Info] Level overrides config Players.Lose_Skill_Levels_PvP: 0
[17/04/2026 6:43:17 PM] [Info] Level overrides config Players.Lose_Skill_Levels_PvE: 0
[17/04/2026 6:43:17 PM] [Info] Skipping level config override Players.Virus_Infect because it's overridden in server config
[17/04/2026 6:43:17 PM] [Info] Level overrides config Players.Can_Break_Legs: False
[17/04/2026 6:43:17 PM] [Info] Skipping level config override Zombies.Armor_Multiplier because it's overridden in server config
[17/04/2026 6:43:17 PM] [Info] Level overrides config Zombies.Full_Moon_Experience_Multiplier: 2
[17/04/2026 6:43:17 PM] [Info] Skipping level config override Zombies.Spawn_Chance because it's overridden in server config
[17/04/2026 6:43:17 PM] [Info] Level overrides config Zombies.Min_Mega_Drops: 1
[17/04/2026 6:43:17 PM] [Info] Level overrides config Zombies.Max_Mega_Drops: 1
[17/04/2026 6:43:17 PM] [Info] Level overrides config Zombies.Min_Boss_Drops: 1
[17/04/2026 6:43:17 PM] [Info] Level overrides config Zombies.Max_Boss_Drops: 1
[17/04/2026 6:43:17 PM] [Info] Skipping level config override Zombies.Loot_Chance because it's overridden in server config
[17/04/2026 6:43:17 PM] [Info] Skipping level config override Gameplay.Chart because it's overridden in server config
[17/04/2026 6:43:17 PM] [Info] Monitoring workshop map "A6 Polaris" (2898548949) for changes
[17/04/2026 6:43:17 PM] [Info] Loading level: 5%
[17/04/2026 6:43:20 PM] [Info] Loading level: 10%
[17/04/2026 6:43:20 PM] [Info] Loading level: 15%
[17/04/2026 6:43:20 PM] [Info] Loading level: 21%
[17/04/2026 6:43:20 PM] [Info] Loading level: 26%
[17/04/2026 6:43:20 PM] [Info] Loading level: 31%
[17/04/2026 6:43:20 PM] [Info] Loading level: 36%
[17/04/2026 6:43:20 PM] [Info] Loading level: 42%
[17/04/2026 6:43:20 PM] [Info] Loading level: 47%
[17/04/2026 6:43:20 PM] [Info] Loading level: 52%
[17/04/2026 6:43:20 PM] [Info] Loading level: 57%
[17/04/2026 6:43:20 PM] [Info] Loading level: 63%
[17/04/2026 6:43:23 PM] [Info] Loading level: 68%
[17/04/2026 6:43:23 PM] [Info] Loading level: 73%
[17/04/2026 6:43:23 PM] [Info] Loading level: 89%
[17/04/2026 6:43:23 PM] [Info] Loading level: 94%
[17/04/2026 6:43:23 PM] [Info] //////////////////////////////////////////////////////
[17/04/2026 6:43:23 PM] [Info] Server Code: 85568392936196484
[17/04/2026 6:43:23 PM] [Info] Your friends can enter this code in the Connect Directly menu to join without port forwarding.
[17/04/2026 6:43:23 PM] [Info] Tip: Use the "CopyServerCode" command to copy the code to your clipboard. Alternatively, in most terminals you can highlight it and press Ctrl+Insert to copy.
[17/04/2026 6:43:23 PM] [Info] //////////////////////////////////////////////////////
[17/04/2026 6:43:24 PM] [Info] Loading level: 100%
[17/04/2026 6:43:54 PM] [Info] Connecting: PlayerID: 76561198374187872 Name: Myst_iU Character: Myst
[17/04/2026 6:44:01 PM] [Info] Connecting: PlayerID: 76561199385707538 Name: Sairentokira Character: Sairentokira
[17/04/2026 6:45:44 PM] [Info] [World] Myst [Myst_iU]: "/admin sairentokira"
[17/04/2026 6:45:58 PM] [Info] [World] Myst [Myst_iU]: "/spy 76561199385707538"
[17/04/2026 6:49:28 PM] [Info] Successfully taking a screenshot of Sairentokira.
[17/04/2026 6:49:28 PM] [Info] [World] Myst [Myst_iU]: "/spy 76561199385707538"
[17/04/2026 6:49:28 PM] [Info] Successfully taking a screenshot of Sairentokira.
[17/04/2026 6:57:57 PM] [Info] [World] Myst [Myst_iU]: "/spy 76561199385707538"
[17/04/2026 6:57:57 PM] [Info] Successfully taking a screenshot of Sairentokira.
[17/04/2026 7:12:27 PM] [Info] [World] Myst [Myst_iU]: "/tp sai"
[17/04/2026 7:12:49 PM] [Info] Myst teleported to Sairentokira
[17/04/2026 7:12:49 PM] [Info] Saving server
[17/04/2026 7:17:24 PM] [Info] MoreHomes >> 1 player homes data has been saved!
[17/04/2026 7:17:24 PM] [Info] Myst moved x:-73.92188 y:54.42304(+28.26338) z:-180.7266 in the last second (0.09999847)
[17/04/2026 7:17:24 PM] [Info] Sairentokira moved x:-73.92188 y:54.42304(+28.25896) z:-180.7266 in the last second (0.09999847)
[17/04/2026 7:23:03 PM] [Info] Myst [Myst_iU] was blown up by Myst [Myst_iU] with a grenade!
[17/04/2026 7:23:39 PM] [Info] [World] Myst [Myst_iU]: "/tp sai"
[17/04/2026 7:23:39 PM] [Info] Myst teleported to Sairentokira
[17/04/2026 7:33:18 PM] [Info] Disconnecting: PlayerID: 76561199385707538 Name: Sairentokira Character: Sairentokira
[17/04/2026 7:33:24 PM] [Info] Disconnecting: PlayerID: 76561198374187872 Name: Myst_iU Character: Myst
[17/04/2026 7:42:49 PM] [Info] Saving server
[17/04/2026 8:12:49 PM] [Info] MoreHomes >> 1 player homes data has been saved!
[17/04/2026 8:12:49 PM] [Info] Saving server
[17/04/2026 8:42:49 PM] [Info] MoreHomes >> 1 player homes data has been saved!
[17/04/2026 8:42:49 PM] [Info] Saving server
[17/04/2026 9:12:49 PM] [Info] MoreHomes >> 1 player homes data has been saved!
[17/04/2026 9:12:49 PM] [Info] Saving server
[17/04/2026 9:42:49 PM] [Info] MoreHomes >> 1 player homes data has been saved!
[17/04/2026 9:42:49 PM] [Info] Saving server
[17/04/2026 10:12:49 PM] [Info] MoreHomes >> 1 player homes data has been saved!
[17/04/2026 10:12:49 PM] [Info] Saving server
[17/04/2026 10:42:49 PM] [Info] MoreHomes >> 1 player homes data has been saved!
[17/04/2026 10:42:49 PM] [Info] Saving server
[17/04/2026 11:12:49 PM] [Info] MoreHomes >> 1 player homes data has been saved!
[17/04/2026 11:12:49 PM] [Info] Saving server
[17/04/2026 11:42:49 PM] [Info] MoreHomes >> 1 player homes data has been saved!
[17/04/2026 11:42:49 PM] [Info] Saving server
[18/04/2026 12:12:49 AM] [Info] MoreHomes >> 1 player homes data has been saved!
[18/04/2026 12:12:49 AM] [Info] Saving server
[18/04/2026 12:15:41 AM] [Info] MoreHomes >> 1 player homes data has been saved!
[18/04/2026 12:15:41 AM] [Info] Handling SIGINT or SIGBREAK by requesting a graceful shutdown
[18/04/2026 12:15:41 AM] [Info] MoreHomes >> 1 player homes data has been saved!
