[22/04/2026 1:14:35 PM] [Info] [registered] /more (Rocket.Unturned.Commands.CommandMore/more)
[22/04/2026 1:14:37 PM] [Info] [registered] /admin (Rocket.Unturned.Commands.CommandAdmin/admin)
[22/04/2026 1:14:37 PM] [Info] [registered] /broadcast (Rocket.Unturned.Commands.CommandBroadcast/broadcast)
[22/04/2026 1:14:37 PM] [Info] [registered] /compass (Rocket.Unturned.Commands.CommandCompass/compass)
[22/04/2026 1:14:37 PM] [Info] [registered] /effect (Rocket.Unturned.Commands.CommandEffect/effect)
[22/04/2026 1:14:37 PM] [Info] [registered] /exit (Rocket.Unturned.Commands.CommandExit/exit)
[22/04/2026 1:14:37 PM] [Info] [registered] /god (Rocket.Unturned.Commands.CommandGod/god)
[22/04/2026 1:14:37 PM] [Info] [registered] /heal (Rocket.Unturned.Commands.CommandHeal/heal)
[22/04/2026 1:14:37 PM] [Info] [registered] /help (Rocket.Unturned.Commands.CommandHelp/help)
[22/04/2026 1:14:37 PM] [Info] [registered] /i (Rocket.Unturned.Commands.CommandI/i)
[22/04/2026 1:14:37 PM] [Info] [registered] /item (Rocket.Unturned.Commands.CommandI/item)
[22/04/2026 1:14:37 PM] [Info] [registered] /investigate (Rocket.Unturned.Commands.CommandInvestigate/investigate)
[22/04/2026 1:14:37 PM] [Info] [registered] /p (Rocket.Unturned.Commands.CommandP/p)
[22/04/2026 1:14:37 PM] [Info] [registered] /permissions (Rocket.Unturned.Commands.CommandP/permissions)
[22/04/2026 1:14:37 PM] [Info] [registered] /rocket (Rocket.Unturned.Commands.CommandRocket/rocket)
[22/04/2026 1:14:37 PM] [Info] [registered] /tp (Rocket.Unturned.Commands.CommandTp/tp)
[22/04/2026 1:14:37 PM] [Info] [registered] /tphere (Rocket.Unturned.Commands.CommandTphere/tphere)
[22/04/2026 1:14:37 PM] [Info] [registered] /unadmin (Rocket.Unturned.Commands.CommandUnadmin/unadmin)
[22/04/2026 1:14:37 PM] [Info] [registered] /v (Rocket.Unturned.Commands.CommandV/v)
[22/04/2026 1:14:37 PM] [Info] [registered] /vanish (Rocket.Unturned.Commands.CommandVanish/vanish)
[22/04/2026 1:14:37 PM] [Info] Loading DeadzoneLoot from E:\SteamLibrary\steamapps\common\U3DS\Servers\New Era Polaris\Rocket\Plugins\DeadzoneLoot.dll
[22/04/2026 1:14:37 PM] [Info] Loading HardcoreDurability from E:\SteamLibrary\steamapps\common\U3DS\Servers\New Era Polaris\Rocket\Plugins\HardcoreDurability.dll
[22/04/2026 1:14:37 PM] [Info] Loading MoreHomes from E:\SteamLibrary\steamapps\common\U3DS\Servers\New Era Polaris\Rocket\Plugins\MoreHomes.dll
[22/04/2026 1:14:37 PM] [Info] Loading PolarisMutations from E:\SteamLibrary\steamapps\common\U3DS\Servers\New Era Polaris\Rocket\Plugins\PolarisMutations.dll
[22/04/2026 1:14:37 PM] [Info] Loading SurvivalNotifier from E:\SteamLibrary\steamapps\common\U3DS\Servers\New Era Polaris\Rocket\Plugins\SurvivalNotifier.dll
[22/04/2026 1:14:37 PM] [Info] Loading Teleportation from E:\SteamLibrary\steamapps\common\U3DS\Servers\New Era Polaris\Rocket\Plugins\Teleportation.dll
[22/04/2026 1:14:37 PM] [Error] mscorlib >> Caught exception resolving dependency: 0Harmony -> Exception in DoAssemblyResolve: System.ArgumentNullException: Value cannot be null.
Parameter name: v1
  at System.Version.op_LessThanOrEqual (System.Version v1, System.Version v2) [0x00003] in <1071a2cb0cb3433aae80a793c277a048>:0 
  at System.Version.op_GreaterThanOrEqual (System.Version v1, System.Version v2) [0x00000] in <1071a2cb0cb3433aae80a793c277a048>:0 
  at Rocket.Core.Plugins.RocketPluginManager+<>c__DisplayClass12_0.<Awake>b__1 (System.Collections.Generic.KeyValuePair`2[TKey,TValue] lib) [0x00035] in <59a13feb721848c8b0cd173f6d0e820b>:0 
  at System.Linq.Enumerable.TryGetFirst[TSource] (System.Collections.Generic.IEnumerable`1[T] source, System.Func`2[T,TResult] predicate, System.Boolean& found) [0x0003f] in <ea489521390f48908a7ce45cb17a6848>:0 
  at System.Linq.Enumerable.FirstOrDefault[TSource] (System.Collections.Generic.IEnumerable`1[T] source, System.Func`2[T,TResult] predicate) [0x00000] in <ea489521390f48908a7ce45cb17a6848>:0 
  at Rocket.Core.Plugins.RocketPluginManager.<Awake>b__12_0 (System.Object sender, System.ResolveEventArgs args) [0x00017] in <59a13feb721848c8b0cd173f6d0e820b>:0 
[22/04/2026 1:14:37 PM] [Error] Could not find dependency: 0Harmony
[22/04/2026 1:14:37 PM] [Info] 
[loading] DeadzoneLoot
[22/04/2026 1:14:37 PM] [Info] DeadzoneLoot >> Deadzone Guaranteed Loot Modifier Loaded!
[22/04/2026 1:14:37 PM] [Info] 
[loading] HardcoreDurability
[22/04/2026 1:14:37 PM] [Info] HardcoreDurability >> Hardcore Durability Loaded! Master StackTrace enabled.
[22/04/2026 1:14:37 PM] [Info] 
[loading] MoreHomes
[22/04/2026 1:14:37 PM] [Info] [registered] /home (RestoreMonarchy.MoreHomes.Commands.HomeCommand/home)
[22/04/2026 1:14:37 PM] [Info] [registered] /homes (RestoreMonarchy.MoreHomes.Commands.HomesCommand/homes)
[22/04/2026 1:14:37 PM] [Info] [registered] /destroyhome (RestoreMonarchy.MoreHomes.Commands.DestroyHomeCommand/destroyhome)
[22/04/2026 1:14:37 PM] [Info] [registered] /renamehome (RestoreMonarchy.MoreHomes.Commands.RenameHomeCommand/renamehome)
[22/04/2026 1:14:37 PM] [Info] [registered] /restorehomes (RestoreMonarchy.MoreHomes.Commands.RestoreHomesCommand/restorehomes)
[22/04/2026 1:14:37 PM] [Info] MoreHomes >> MoreHomes 1.7.2.0 has been loaded!
[22/04/2026 1:14:37 PM] [Info] MoreHomes >> Brought to you by RestoreMonarchy.com
[22/04/2026 1:14:37 PM] [Error] mscorlib >> Caught exception resolving dependency: Steamworks.NET -> Exception in DoAssemblyResolve: System.ArgumentNullException: Value cannot be null.
Parameter name: v1
  at System.Version.op_LessThanOrEqual (System.Version v1, System.Version v2) [0x00003] in <1071a2cb0cb3433aae80a793c277a048>:0 
  at System.Version.op_GreaterThanOrEqual (System.Version v1, System.Version v2) [0x00000] in <1071a2cb0cb3433aae80a793c277a048>:0 
  at Rocket.Core.Plugins.RocketPluginManager+<>c__DisplayClass12_0.<Awake>b__1 (System.Collections.Generic.KeyValuePair`2[TKey,TValue] lib) [0x00035] in <59a13feb721848c8b0cd173f6d0e820b>:0 
  at System.Linq.Enumerable.TryGetFirst[TSource] (System.Collections.Generic.IEnumerable`1[T] source, System.Func`2[T,TResult] predicate, System.Boolean& found) [0x0003f] in <ea489521390f48908a7ce45cb17a6848>:0 
  at System.Linq.Enumerable.FirstOrDefault[TSource] (System.Collections.Generic.IEnumerable`1[T] source, System.Func`2[T,TResult] predicate) [0x00000] in <ea489521390f48908a7ce45cb17a6848>:0 
  at Rocket.Core.Plugins.RocketPluginManager.<Awake>b__12_0 (System.Object sender, System.ResolveEventArgs args) [0x00017] in <59a13feb721848c8b0cd173f6d0e820b>:0 
[22/04/2026 1:14:37 PM] [Error] Could not find dependency: Steamworks.NET
[22/04/2026 1:14:37 PM] [Info] 
[loading] PolarisMutations
[22/04/2026 1:14:37 PM] [Info] PolarisMutations >> Polaris Mutations Loaded! Cumulative mutagen scanner active.
[22/04/2026 1:14:37 PM] [Info] 
[loading] SurvivalNotifier
[22/04/2026 1:14:37 PM] [Info] SurvivalNotifier >> Survival Notifier Loaded! 3-Tier tracking enabled.
[22/04/2026 1:14:37 PM] [Info] 
[loading] Teleportation
[22/04/2026 1:14:37 PM] [Info] [registered] /tpa (RestoreMonarchy.Teleportation.Commands.TPACommand/tpa)
[22/04/2026 1:14:37 PM] [Info] Teleportation >> Teleportation 1.6.0.0 has been loaded!
[22/04/2026 1:14:37 PM] [Info] This server will automatically save every 1800 seconds
[22/04/2026 1:14:37 PM] [Info] Steam servers ready!
[22/04/2026 1:14:37 PM] [Info] Workshop install folder: E:\SteamLibrary\steamapps\common\U3DS/Servers/New Era Polaris/Workshop/Steam
[22/04/2026 1:14:37 PM] [Info] 1 workshop item(s) requested
[22/04/2026 1:14:37 PM] [Info] Submitting workshop query for 1 item(s)...
[22/04/2026 1:14:37 PM] [Info] Workshop query yielded 1 result(s)
[22/04/2026 1:14:37 PM] [Info] This server's allowed IP for Workshop downloads: [redacted]
[22/04/2026 1:14:38 PM] [Info] 2898548949 'A6 Polaris' queued for download
[22/04/2026 1:14:38 PM] [Info] 1 workshop item(s) to download...
[22/04/2026 1:14:38 PM] [Info] Workshop item found in cache: 2898548949
[22/04/2026 1:14:38 PM] [Info] Installing workshop item: 2898548949
[22/04/2026 1:14:38 PM] [Info] Installed workshop item: 2898548949
[22/04/2026 1:14:38 PM] [Info] Searched 0 of 1 locations and found 72 asset files...
[22/04/2026 1:14:38 PM] [Info] Read 0 of 72 asset file contents into memory...
[22/04/2026 1:14:38 PM] [Info] Loaded 0 of 72 assets...
[22/04/2026 1:14:38 PM] [Info] Searched 0 of 1 locations and found 104 asset files...
[22/04/2026 1:14:38 PM] [Info] Read 0 of 104 asset file contents into memory...
[22/04/2026 1:14:38 PM] [Info] Loaded 0 of 104 assets...
[22/04/2026 1:14:38 PM] [Info] Searched 0 of 1 locations and found 243 asset files...
[22/04/2026 1:14:38 PM] [Info] Read 0 of 243 asset file contents into memory...
[22/04/2026 1:14:38 PM] [Info] Loaded 0 of 243 assets...
[22/04/2026 1:14:38 PM] [Info] Loaded 0 of 1 asset bundles...
[22/04/2026 1:14:38 PM] [Info] Searched 0 of 1 locations and found 358 asset files...
[22/04/2026 1:14:38 PM] [Info] Read 2 of 358 asset file contents into memory...
[22/04/2026 1:14:38 PM] [Info] Loaded 0 of 358 assets...
[22/04/2026 1:14:38 PM] [Info] Searched 0 of 1 locations and found 521 asset files...
[22/04/2026 1:14:38 PM] [Info] Read 7 of 521 asset file contents into memory...
[22/04/2026 1:14:38 PM] [Info] Loaded 0 of 521 assets...
[22/04/2026 1:14:38 PM] [Info] Searched 0 of 1 locations and found 676 asset files...
[22/04/2026 1:14:38 PM] [Info] Read 15 of 676 asset file contents into memory...
[22/04/2026 1:14:38 PM] [Info] Loaded 0 of 676 assets...
[22/04/2026 1:14:38 PM] [Info] Searched 0 of 1 locations and found 828 asset files...
[22/04/2026 1:14:38 PM] [Info] Read 22 of 828 asset file contents into memory...
[22/04/2026 1:14:38 PM] [Info] Loaded 0 of 828 assets...
[22/04/2026 1:14:38 PM] [Info] Searched 0 of 1 locations and found 970 asset files...
[22/04/2026 1:14:38 PM] [Info] Read 29 of 970 asset file contents into memory...
[22/04/2026 1:14:38 PM] [Info] Loaded 0 of 970 assets...
[22/04/2026 1:14:38 PM] [Info] Searched 0 of 1 locations and found 1118 asset files...
[22/04/2026 1:14:38 PM] [Info] Read 37 of 1118 asset file contents into memory...
[22/04/2026 1:14:38 PM] [Info] Loaded 0 of 1118 assets...
[22/04/2026 1:14:38 PM] [Info] Searched 0 of 1 locations and found 1268 asset files...
[22/04/2026 1:14:38 PM] [Info] Read 45 of 1268 asset file contents into memory...
[22/04/2026 1:14:38 PM] [Info] Loaded 0 of 1268 assets...
[22/04/2026 1:14:38 PM] [Info] Searched 0 of 1 locations and found 1415 asset files...
[22/04/2026 1:14:38 PM] [Info] Read 54 of 1415 asset file contents into memory...
[22/04/2026 1:14:38 PM] [Info] Loaded 0 of 1415 assets...
[22/04/2026 1:14:38 PM] [Info] Searched 0 of 1 locations and found 1555 asset files...
[22/04/2026 1:14:38 PM] [Info] Read 62 of 1555 asset file contents into memory...
[22/04/2026 1:14:38 PM] [Info] Loaded 0 of 1555 assets...
[22/04/2026 1:14:38 PM] [Info] Searched 0 of 1 locations and found 1679 asset files...
[22/04/2026 1:14:38 PM] [Info] Read 68 of 1679 asset file contents into memory...
[22/04/2026 1:14:38 PM] [Info] Loaded 0 of 1679 assets...
[22/04/2026 1:14:38 PM] [Info] Searched 0 of 1 locations and found 1805 asset files...
[22/04/2026 1:14:38 PM] [Info] Read 72 of 1805 asset file contents into memory...
[22/04/2026 1:14:38 PM] [Info] Loaded 0 of 1805 assets...
[22/04/2026 1:14:38 PM] [Info] Searched 0 of 1 locations and found 1928 asset files...
[22/04/2026 1:14:38 PM] [Info] Read 76 of 1928 asset file contents into memory...
[22/04/2026 1:14:38 PM] [Info] Loaded 0 of 1928 assets...
[22/04/2026 1:14:38 PM] [Info] Searched 0 of 1 locations and found 2070 asset files...
[22/04/2026 1:14:38 PM] [Info] Read 80 of 2070 asset file contents into memory...
[22/04/2026 1:14:38 PM] [Info] Loaded 0 of 2070 assets...
[22/04/2026 1:14:38 PM] [Info] Searched 0 of 1 locations and found 2228 asset files...
[22/04/2026 1:14:38 PM] [Info] Read 84 of 2228 asset file contents into memory...
[22/04/2026 1:14:38 PM] [Info] Loaded 0 of 2228 assets...
[22/04/2026 1:14:38 PM] [Info] Searched 1 of 1 locations and found 2378 asset files...
[22/04/2026 1:14:38 PM] [Info] Read 87 of 2378 asset file contents into memory...
[22/04/2026 1:14:38 PM] [Info] Loaded 0 of 2378 assets...
[22/04/2026 1:14:38 PM] [Info] Read 91 of 2378 asset file contents into memory...
[22/04/2026 1:14:39 PM] [Info] Read 95 of 2378 asset file contents into memory...
[22/04/2026 1:14:39 PM] [Info] Read 99 of 2378 asset file contents into memory...
[22/04/2026 1:14:39 PM] [Info] Read 103 of 2378 asset file contents into memory...
[22/04/2026 1:14:39 PM] [Info] Read 108 of 2378 asset file contents into memory...
[22/04/2026 1:14:39 PM] [Info] Read 113 of 2378 asset file contents into memory...
[22/04/2026 1:14:39 PM] [Info] Read 117 of 2378 asset file contents into memory...
[22/04/2026 1:14:39 PM] [Info] Read 122 of 2378 asset file contents into memory...
[22/04/2026 1:14:39 PM] [Info] Read 128 of 2378 asset file contents into memory...
[22/04/2026 1:14:39 PM] [Info] Read 133 of 2378 asset file contents into memory...
[22/04/2026 1:14:39 PM] [Info] Read 138 of 2378 asset file contents into memory...
[22/04/2026 1:14:39 PM] [Info] Loaded 1 of 1 asset bundles...
[22/04/2026 1:14:39 PM] [Info] Read 144 of 2378 asset file contents into memory...
[22/04/2026 1:14:39 PM] [Info] Loaded 3 of 2378 assets...
[22/04/2026 1:14:39 PM] [Info] Read 149 of 2378 asset file contents into memory...
[22/04/2026 1:14:39 PM] [Info] Loaded 8 of 2378 assets...
[22/04/2026 1:14:39 PM] [Info] Read 153 of 2378 asset file contents into memory...
[22/04/2026 1:14:39 PM] [Info] Loaded 56 of 2378 assets...
[22/04/2026 1:14:39 PM] [Info] Read 158 of 2378 asset file contents into memory...
[22/04/2026 1:14:39 PM] [Info] Loaded 92 of 2378 assets...
[22/04/2026 1:14:39 PM] [Info] Read 166 of 2378 asset file contents into memory...
[22/04/2026 1:14:39 PM] [Info] Loaded 166 of 2378 assets...
[22/04/2026 1:14:39 PM] [Info] Read 175 of 2378 asset file contents into memory...
[22/04/2026 1:14:39 PM] [Info] Loaded 175 of 2378 assets...
[22/04/2026 1:14:39 PM] [Info] Read 182 of 2378 asset file contents into memory...
[22/04/2026 1:14:39 PM] [Info] Loaded 182 of 2378 assets...
[22/04/2026 1:14:39 PM] [Info] Read 191 of 2378 asset file contents into memory...
[22/04/2026 1:14:39 PM] [Info] Loaded 191 of 2378 assets...
[22/04/2026 1:14:39 PM] [Info] Read 200 of 2378 asset file contents into memory...
[22/04/2026 1:14:39 PM] [Info] Loaded 200 of 2378 assets...
[22/04/2026 1:14:39 PM] [Info] Read 207 of 2378 asset file contents into memory...
[22/04/2026 1:14:39 PM] [Info] Loaded 207 of 2378 assets...
[22/04/2026 1:14:40 PM] [Info] Read 211 of 2378 asset file contents into memory...
[22/04/2026 1:14:40 PM] [Info] Loaded 211 of 2378 assets...
[22/04/2026 1:14:40 PM] [Info] Read 215 of 2378 asset file contents into memory...
[22/04/2026 1:14:40 PM] [Info] Loaded 215 of 2378 assets...
[22/04/2026 1:14:40 PM] [Info] Read 220 of 2378 asset file contents into memory...
[22/04/2026 1:14:40 PM] [Info] Loaded 220 of 2378 assets...
[22/04/2026 1:14:40 PM] [Info] Read 225 of 2378 asset file contents into memory...
[22/04/2026 1:14:40 PM] [Info] Loaded 225 of 2378 assets...
[22/04/2026 1:14:40 PM] [Info] Read 229 of 2378 asset file contents into memory...
[22/04/2026 1:14:40 PM] [Info] Loaded 229 of 2378 assets...
[22/04/2026 1:14:40 PM] [Info] Read 233 of 2378 asset file contents into memory...
[22/04/2026 1:14:40 PM] [Info] Loaded 233 of 2378 assets...
[22/04/2026 1:14:40 PM] [Info] Read 236 of 2378 asset file contents into memory...
[22/04/2026 1:14:40 PM] [Info] Loaded 236 of 2378 assets...
[22/04/2026 1:14:40 PM] [Info] Read 240 of 2378 asset file contents into memory...
[22/04/2026 1:14:40 PM] [Info] Loaded 240 of 2378 assets...
[22/04/2026 1:14:40 PM] [Info] Read 244 of 2378 asset file contents into memory...
[22/04/2026 1:14:40 PM] [Info] Loaded 244 of 2378 assets...
[22/04/2026 1:14:40 PM] [Info] Read 248 of 2378 asset file contents into memory...
[22/04/2026 1:14:40 PM] [Info] Loaded 248 of 2378 assets...
[22/04/2026 1:14:40 PM] [Info] Read 251 of 2378 asset file contents into memory...
[22/04/2026 1:14:40 PM] [Info] Loaded 251 of 2378 assets...
[22/04/2026 1:14:40 PM] [Info] Read 255 of 2378 asset file contents into memory...
[22/04/2026 1:14:40 PM] [Info] Loaded 255 of 2378 assets...
[22/04/2026 1:14:40 PM] [Info] Read 259 of 2378 asset file contents into memory...
[22/04/2026 1:14:40 PM] [Info] Loaded 259 of 2378 assets...
[22/04/2026 1:14:40 PM] [Info] Read 264 of 2378 asset file contents into memory...
[22/04/2026 1:14:40 PM] [Info] Loaded 264 of 2378 assets...
[22/04/2026 1:14:40 PM] [Info] Read 268 of 2378 asset file contents into memory...
[22/04/2026 1:14:40 PM] [Info] Loaded 268 of 2378 assets...
[22/04/2026 1:14:40 PM] [Info] Read 272 of 2378 asset file contents into memory...
[22/04/2026 1:14:40 PM] [Info] Loaded 272 of 2378 assets...
[22/04/2026 1:14:40 PM] [Info] Read 276 of 2378 asset file contents into memory...
[22/04/2026 1:14:40 PM] [Info] Loaded 276 of 2378 assets...
[22/04/2026 1:14:40 PM] [Info] Read 280 of 2378 asset file contents into memory...
[22/04/2026 1:14:40 PM] [Info] Loaded 280 of 2378 assets...
[22/04/2026 1:14:40 PM] [Info] Read 284 of 2378 asset file contents into memory...
[22/04/2026 1:14:40 PM] [Info] Loaded 284 of 2378 assets...
[22/04/2026 1:14:40 PM] [Info] Read 288 of 2378 asset file contents into memory...
[22/04/2026 1:14:40 PM] [Info] Loaded 288 of 2378 assets...
[22/04/2026 1:14:41 PM] [Info] Read 292 of 2378 asset file contents into memory...
[22/04/2026 1:14:41 PM] [Info] Loaded 292 of 2378 assets...
[22/04/2026 1:14:41 PM] [Info] Read 295 of 2378 asset file contents into memory...
[22/04/2026 1:14:41 PM] [Info] Loaded 295 of 2378 assets...
[22/04/2026 1:14:41 PM] [Info] Read 299 of 2378 asset file contents into memory...
[22/04/2026 1:14:41 PM] [Info] Loaded 299 of 2378 assets...
[22/04/2026 1:14:41 PM] [Info] Read 303 of 2378 asset file contents into memory...
[22/04/2026 1:14:41 PM] [Info] Loaded 303 of 2378 assets...
[22/04/2026 1:14:41 PM] [Info] Read 308 of 2378 asset file contents into memory...
[22/04/2026 1:14:41 PM] [Info] Loaded 308 of 2378 assets...
[22/04/2026 1:14:41 PM] [Info] Read 314 of 2378 asset file contents into memory...
[22/04/2026 1:14:41 PM] [Info] Loaded 314 of 2378 assets...
[22/04/2026 1:14:41 PM] [Info] Read 319 of 2378 asset file contents into memory...
[22/04/2026 1:14:41 PM] [Info] Loaded 319 of 2378 assets...
[22/04/2026 1:14:41 PM] [Info] Read 325 of 2378 asset file contents into memory...
[22/04/2026 1:14:41 PM] [Info] Loaded 325 of 2378 assets...
[22/04/2026 1:14:41 PM] [Info] Read 331 of 2378 asset file contents into memory...
[22/04/2026 1:14:41 PM] [Info] Loaded 331 of 2378 assets...
[22/04/2026 1:14:41 PM] [Info] Read 336 of 2378 asset file contents into memory...
[22/04/2026 1:14:41 PM] [Info] Loaded 336 of 2378 assets...
[22/04/2026 1:14:41 PM] [Info] Read 343 of 2378 asset file contents into memory...
[22/04/2026 1:14:41 PM] [Info] Loaded 343 of 2378 assets...
[22/04/2026 1:14:41 PM] [Info] Read 347 of 2378 asset file contents into memory...
[22/04/2026 1:14:41 PM] [Info] Loaded 347 of 2378 assets...
[22/04/2026 1:14:41 PM] [Info] Read 352 of 2378 asset file contents into memory...
[22/04/2026 1:14:41 PM] [Info] Loaded 352 of 2378 assets...
[22/04/2026 1:14:41 PM] [Info] Read 356 of 2378 asset file contents into memory...
[22/04/2026 1:14:41 PM] [Info] Loaded 356 of 2378 assets...
[22/04/2026 1:14:41 PM] [Info] Read 361 of 2378 asset file contents into memory...
[22/04/2026 1:14:41 PM] [Info] Loaded 361 of 2378 assets...
[22/04/2026 1:14:41 PM] [Info] Read 365 of 2378 asset file contents into memory...
[22/04/2026 1:14:41 PM] [Info] Loaded 365 of 2378 assets...
[22/04/2026 1:14:41 PM] [Info] Read 370 of 2378 asset file contents into memory...
[22/04/2026 1:14:41 PM] [Info] Loaded 370 of 2378 assets...
[22/04/2026 1:14:41 PM] [Info] Read 374 of 2378 asset file contents into memory...
[22/04/2026 1:14:41 PM] [Info] Loaded 374 of 2378 assets...
[22/04/2026 1:14:42 PM] [Info] Read 379 of 2378 asset file contents into memory...
[22/04/2026 1:14:42 PM] [Info] Loaded 379 of 2378 assets...
[22/04/2026 1:14:42 PM] [Info] Read 384 of 2378 asset file contents into memory...
[22/04/2026 1:14:42 PM] [Info] Loaded 384 of 2378 assets...
[22/04/2026 1:14:42 PM] [Info] Read 388 of 2378 asset file contents into memory...
[22/04/2026 1:14:42 PM] [Info] Loaded 388 of 2378 assets...
[22/04/2026 1:14:42 PM] [Info] Read 393 of 2378 asset file contents into memory...
[22/04/2026 1:14:42 PM] [Info] Loaded 393 of 2378 assets...
[22/04/2026 1:14:42 PM] [Info] Read 398 of 2378 asset file contents into memory...
[22/04/2026 1:14:42 PM] [Info] Loaded 398 of 2378 assets...
[22/04/2026 1:14:42 PM] [Info] Read 403 of 2378 asset file contents into memory...
[22/04/2026 1:14:42 PM] [Info] Loaded 403 of 2378 assets...
[22/04/2026 1:14:42 PM] [Info] Read 409 of 2378 asset file contents into memory...
[22/04/2026 1:14:42 PM] [Info] Loaded 409 of 2378 assets...
[22/04/2026 1:14:42 PM] [Info] Read 415 of 2378 asset file contents into memory...
[22/04/2026 1:14:42 PM] [Info] Loaded 415 of 2378 assets...
[22/04/2026 1:14:42 PM] [Info] Read 421 of 2378 asset file contents into memory...
[22/04/2026 1:14:42 PM] [Info] Loaded 421 of 2378 assets...
[22/04/2026 1:14:42 PM] [Info] Read 426 of 2378 asset file contents into memory...
[22/04/2026 1:14:42 PM] [Info] Loaded 426 of 2378 assets...
[22/04/2026 1:14:42 PM] [Info] Read 431 of 2378 asset file contents into memory...
[22/04/2026 1:14:42 PM] [Info] Loaded 431 of 2378 assets...
[22/04/2026 1:14:42 PM] [Info] Read 436 of 2378 asset file contents into memory...
[22/04/2026 1:14:42 PM] [Info] Loaded 436 of 2378 assets...
[22/04/2026 1:14:42 PM] [Info] Read 442 of 2378 asset file contents into memory...
[22/04/2026 1:14:42 PM] [Info] Loaded 442 of 2378 assets...
[22/04/2026 1:14:42 PM] [Info] Read 448 of 2378 asset file contents into memory...
[22/04/2026 1:14:42 PM] [Info] Loaded 448 of 2378 assets...
[22/04/2026 1:14:42 PM] [Info] Read 454 of 2378 asset file contents into memory...
[22/04/2026 1:14:42 PM] [Info] Loaded 454 of 2378 assets...
[22/04/2026 1:14:42 PM] [Info] Read 459 of 2378 asset file contents into memory...
[22/04/2026 1:14:42 PM] [Info] Loaded 459 of 2378 assets...
[22/04/2026 1:14:42 PM] [Info] Read 465 of 2378 asset file contents into memory...
[22/04/2026 1:14:42 PM] [Info] Loaded 465 of 2378 assets...
[22/04/2026 1:14:42 PM] [Info] Read 470 of 2378 asset file contents into memory...
[22/04/2026 1:14:42 PM] [Info] Loaded 470 of 2378 assets...
[22/04/2026 1:14:42 PM] [Info] Read 475 of 2378 asset file contents into memory...
[22/04/2026 1:14:42 PM] [Info] Loaded 475 of 2378 assets...
[22/04/2026 1:14:42 PM] [Info] Read 480 of 2378 asset file contents into memory...
[22/04/2026 1:14:42 PM] [Info] Loaded 480 of 2378 assets...
[22/04/2026 1:14:43 PM] [Info] Read 485 of 2378 asset file contents into memory...
[22/04/2026 1:14:43 PM] [Info] Loaded 485 of 2378 assets...
[22/04/2026 1:14:43 PM] [Info] Read 490 of 2378 asset file contents into memory...
[22/04/2026 1:14:43 PM] [Info] Loaded 490 of 2378 assets...
[22/04/2026 1:14:43 PM] [Info] Read 494 of 2378 asset file contents into memory...
[22/04/2026 1:14:43 PM] [Info] Loaded 494 of 2378 assets...
[22/04/2026 1:14:43 PM] [Info] Read 499 of 2378 asset file contents into memory...
[22/04/2026 1:14:43 PM] [Info] Loaded 499 of 2378 assets...
[22/04/2026 1:14:43 PM] [Info] Read 504 of 2378 asset file contents into memory...
[22/04/2026 1:14:43 PM] [Info] Loaded 504 of 2378 assets...
[22/04/2026 1:14:43 PM] [Info] Read 508 of 2378 asset file contents into memory...
[22/04/2026 1:14:43 PM] [Info] Loaded 508 of 2378 assets...
[22/04/2026 1:14:43 PM] [Info] Read 513 of 2378 asset file contents into memory...
[22/04/2026 1:14:43 PM] [Info] Loaded 513 of 2378 assets...
[22/04/2026 1:14:43 PM] [Info] Read 518 of 2378 asset file contents into memory...
[22/04/2026 1:14:43 PM] [Info] Loaded 518 of 2378 assets...
[22/04/2026 1:14:43 PM] [Info] Read 523 of 2378 asset file contents into memory...
[22/04/2026 1:14:43 PM] [Info] Loaded 523 of 2378 assets...
[22/04/2026 1:14:43 PM] [Info] Read 527 of 2378 asset file contents into memory...
[22/04/2026 1:14:43 PM] [Info] Loaded 527 of 2378 assets...
[22/04/2026 1:14:43 PM] [Info] Read 531 of 2378 asset file contents into memory...
[22/04/2026 1:14:43 PM] [Info] Loaded 531 of 2378 assets...
[22/04/2026 1:14:43 PM] [Info] Read 536 of 2378 asset file contents into memory...
[22/04/2026 1:14:43 PM] [Info] Loaded 536 of 2378 assets...
[22/04/2026 1:14:43 PM] [Info] Read 541 of 2378 asset file contents into memory...
[22/04/2026 1:14:43 PM] [Info] Loaded 541 of 2378 assets...
[22/04/2026 1:14:43 PM] [Info] Read 546 of 2378 asset file contents into memory...
[22/04/2026 1:14:43 PM] [Info] Loaded 546 of 2378 assets...
[22/04/2026 1:14:43 PM] [Info] Read 550 of 2378 asset file contents into memory...
[22/04/2026 1:14:43 PM] [Info] Loaded 550 of 2378 assets...
[22/04/2026 1:14:43 PM] [Info] Read 554 of 2378 asset file contents into memory...
[22/04/2026 1:14:43 PM] [Info] Loaded 554 of 2378 assets...
[22/04/2026 1:14:43 PM] [Info] Read 558 of 2378 asset file contents into memory...
[22/04/2026 1:14:43 PM] [Info] Loaded 558 of 2378 assets...
[22/04/2026 1:14:43 PM] [Info] Read 563 of 2378 asset file contents into memory...
[22/04/2026 1:14:43 PM] [Info] Loaded 563 of 2378 assets...
[22/04/2026 1:14:43 PM] [Info] Read 566 of 2378 asset file contents into memory...
[22/04/2026 1:14:43 PM] [Info] Loaded 566 of 2378 assets...
[22/04/2026 1:14:43 PM] [Info] Read 571 of 2378 asset file contents into memory...
[22/04/2026 1:14:43 PM] [Info] Loaded 571 of 2378 assets...
[22/04/2026 1:14:44 PM] [Info] Read 575 of 2378 asset file contents into memory...
[22/04/2026 1:14:44 PM] [Info] Loaded 575 of 2378 assets...
[22/04/2026 1:14:44 PM] [Info] Read 579 of 2378 asset file contents into memory...
[22/04/2026 1:14:44 PM] [Info] Loaded 579 of 2378 assets...
[22/04/2026 1:14:44 PM] [Info] Read 583 of 2378 asset file contents into memory...
[22/04/2026 1:14:44 PM] [Info] Loaded 583 of 2378 assets...
[22/04/2026 1:14:44 PM] [Info] Read 588 of 2378 asset file contents into memory...
[22/04/2026 1:14:44 PM] [Info] Loaded 588 of 2378 assets...
[22/04/2026 1:14:44 PM] [Info] Read 592 of 2378 asset file contents into memory...
[22/04/2026 1:14:44 PM] [Info] Loaded 592 of 2378 assets...
[22/04/2026 1:14:44 PM] [Info] Read 596 of 2378 asset file contents into memory...
[22/04/2026 1:14:44 PM] [Info] Loaded 596 of 2378 assets...
[22/04/2026 1:14:44 PM] [Info] Read 601 of 2378 asset file contents into memory...
[22/04/2026 1:14:44 PM] [Info] Loaded 601 of 2378 assets...
[22/04/2026 1:14:44 PM] [Info] Read 604 of 2378 asset file contents into memory...
[22/04/2026 1:14:44 PM] [Info] Loaded 604 of 2378 assets...
[22/04/2026 1:14:44 PM] [Info] Read 610 of 2378 asset file contents into memory...
[22/04/2026 1:14:44 PM] [Info] Loaded 610 of 2378 assets...
[22/04/2026 1:14:44 PM] [Info] Read 614 of 2378 asset file contents into memory...
[22/04/2026 1:14:44 PM] [Info] Loaded 614 of 2378 assets...
[22/04/2026 1:14:44 PM] [Info] Read 620 of 2378 asset file contents into memory...
[22/04/2026 1:14:44 PM] [Info] Loaded 620 of 2378 assets...
[22/04/2026 1:14:44 PM] [Info] Read 624 of 2378 asset file contents into memory...
[22/04/2026 1:14:44 PM] [Info] Loaded 624 of 2378 assets...
[22/04/2026 1:14:44 PM] [Info] Read 629 of 2378 asset file contents into memory...
[22/04/2026 1:14:44 PM] [Info] Loaded 629 of 2378 assets...
[22/04/2026 1:14:44 PM] [Info] Read 634 of 2378 asset file contents into memory...
[22/04/2026 1:14:44 PM] [Info] Loaded 634 of 2378 assets...
[22/04/2026 1:14:44 PM] [Info] Read 640 of 2378 asset file contents into memory...
[22/04/2026 1:14:44 PM] [Info] Loaded 640 of 2378 assets...
[22/04/2026 1:14:44 PM] [Info] Read 646 of 2378 asset file contents into memory...
[22/04/2026 1:14:44 PM] [Info] Loaded 646 of 2378 assets...
[22/04/2026 1:14:44 PM] [Info] Read 651 of 2378 asset file contents into memory...
[22/04/2026 1:14:44 PM] [Info] Loaded 651 of 2378 assets...
[22/04/2026 1:14:44 PM] [Info] Read 658 of 2378 asset file contents into memory...
[22/04/2026 1:14:44 PM] [Info] Loaded 658 of 2378 assets...
[22/04/2026 1:14:44 PM] [Info] Read 663 of 2378 asset file contents into memory...
[22/04/2026 1:14:44 PM] [Info] Loaded 663 of 2378 assets...
[22/04/2026 1:14:44 PM] [Info] Read 668 of 2378 asset file contents into memory...
[22/04/2026 1:14:44 PM] [Info] Loaded 668 of 2378 assets...
[22/04/2026 1:14:45 PM] [Info] Read 672 of 2378 asset file contents into memory...
[22/04/2026 1:14:45 PM] [Info] Loaded 672 of 2378 assets...
[22/04/2026 1:14:45 PM] [Info] Read 676 of 2378 asset file contents into memory...
[22/04/2026 1:14:45 PM] [Info] Loaded 676 of 2378 assets...
[22/04/2026 1:14:45 PM] [Info] Read 681 of 2378 asset file contents into memory...
[22/04/2026 1:14:45 PM] [Info] Loaded 681 of 2378 assets...
[22/04/2026 1:14:45 PM] [Info] Read 685 of 2378 asset file contents into memory...
[22/04/2026 1:14:45 PM] [Info] Loaded 685 of 2378 assets...
[22/04/2026 1:14:45 PM] [Info] Read 689 of 2378 asset file contents into memory...
[22/04/2026 1:14:45 PM] [Info] Loaded 689 of 2378 assets...
[22/04/2026 1:14:45 PM] [Info] Read 694 of 2378 asset file contents into memory...
[22/04/2026 1:14:45 PM] [Info] Loaded 694 of 2378 assets...
[22/04/2026 1:14:45 PM] [Info] Read 699 of 2378 asset file contents into memory...
[22/04/2026 1:14:45 PM] [Info] Loaded 699 of 2378 assets...
[22/04/2026 1:14:45 PM] [Info] Read 704 of 2378 asset file contents into memory...
[22/04/2026 1:14:45 PM] [Info] Loaded 704 of 2378 assets...
[22/04/2026 1:14:45 PM] [Info] Read 709 of 2378 asset file contents into memory...
[22/04/2026 1:14:45 PM] [Info] Loaded 709 of 2378 assets...
[22/04/2026 1:14:45 PM] [Info] Read 714 of 2378 asset file contents into memory...
[22/04/2026 1:14:45 PM] [Info] Loaded 714 of 2378 assets...
[22/04/2026 1:14:45 PM] [Info] Read 718 of 2378 asset file contents into memory...
[22/04/2026 1:14:45 PM] [Info] Loaded 718 of 2378 assets...
[22/04/2026 1:14:45 PM] [Info] Read 723 of 2378 asset file contents into memory...
[22/04/2026 1:14:45 PM] [Info] Loaded 723 of 2378 assets...
[22/04/2026 1:14:45 PM] [Info] Read 728 of 2378 asset file contents into memory...
[22/04/2026 1:14:45 PM] [Info] Loaded 728 of 2378 assets...
[22/04/2026 1:14:45 PM] [Info] Read 732 of 2378 asset file contents into memory...
[22/04/2026 1:14:45 PM] [Info] Loaded 732 of 2378 assets...
[22/04/2026 1:14:45 PM] [Info] Read 737 of 2378 asset file contents into memory...
[22/04/2026 1:14:45 PM] [Info] Loaded 737 of 2378 assets...
[22/04/2026 1:14:45 PM] [Info] Read 741 of 2378 asset file contents into memory...
[22/04/2026 1:14:45 PM] [Info] Loaded 741 of 2378 assets...
[22/04/2026 1:14:45 PM] [Info] Read 747 of 2378 asset file contents into memory...
[22/04/2026 1:14:45 PM] [Info] Loaded 747 of 2378 assets...
[22/04/2026 1:14:45 PM] [Info] Read 751 of 2378 asset file contents into memory...
[22/04/2026 1:14:45 PM] [Info] Loaded 751 of 2378 assets...
[22/04/2026 1:14:45 PM] [Info] Read 756 of 2378 asset file contents into memory...
[22/04/2026 1:14:45 PM] [Info] Loaded 756 of 2378 assets...
[22/04/2026 1:14:45 PM] [Info] Read 760 of 2378 asset file contents into memory...
[22/04/2026 1:14:45 PM] [Info] Loaded 760 of 2378 assets...
[22/04/2026 1:14:46 PM] [Info] Read 765 of 2378 asset file contents into memory...
[22/04/2026 1:14:46 PM] [Info] Loaded 765 of 2378 assets...
[22/04/2026 1:14:46 PM] [Info] Read 769 of 2378 asset file contents into memory...
[22/04/2026 1:14:46 PM] [Info] Loaded 769 of 2378 assets...
[22/04/2026 1:14:46 PM] [Info] Read 774 of 2378 asset file contents into memory...
[22/04/2026 1:14:46 PM] [Info] Loaded 774 of 2378 assets...
[22/04/2026 1:14:46 PM] [Info] Read 778 of 2378 asset file contents into memory...
[22/04/2026 1:14:46 PM] [Info] Loaded 778 of 2378 assets...
[22/04/2026 1:14:46 PM] [Info] Read 783 of 2378 asset file contents into memory...
[22/04/2026 1:14:46 PM] [Info] Loaded 783 of 2378 assets...
[22/04/2026 1:14:46 PM] [Info] Read 787 of 2378 asset file contents into memory...
[22/04/2026 1:14:46 PM] [Info] Loaded 787 of 2378 assets...
[22/04/2026 1:14:46 PM] [Info] Read 792 of 2378 asset file contents into memory...
[22/04/2026 1:14:46 PM] [Info] Loaded 792 of 2378 assets...
[22/04/2026 1:14:46 PM] [Info] Read 797 of 2378 asset file contents into memory...
[22/04/2026 1:14:46 PM] [Info] Loaded 797 of 2378 assets...
[22/04/2026 1:14:46 PM] [Info] Read 802 of 2378 asset file contents into memory...
[22/04/2026 1:14:46 PM] [Info] Loaded 802 of 2378 assets...
[22/04/2026 1:14:46 PM] [Info] Read 807 of 2378 asset file contents into memory...
[22/04/2026 1:14:46 PM] [Info] Loaded 807 of 2378 assets...
[22/04/2026 1:14:46 PM] [Info] Read 812 of 2378 asset file contents into memory...
[22/04/2026 1:14:46 PM] [Info] Loaded 812 of 2378 assets...
[22/04/2026 1:14:46 PM] [Info] Read 817 of 2378 asset file contents into memory...
[22/04/2026 1:14:46 PM] [Info] Loaded 817 of 2378 assets...
[22/04/2026 1:14:46 PM] [Info] Read 822 of 2378 asset file contents into memory...
[22/04/2026 1:14:46 PM] [Info] Loaded 822 of 2378 assets...
[22/04/2026 1:14:46 PM] [Info] Read 828 of 2378 asset file contents into memory...
[22/04/2026 1:14:46 PM] [Info] Loaded 827 of 2378 assets...
[22/04/2026 1:14:46 PM] [Info] Read 832 of 2378 asset file contents into memory...
[22/04/2026 1:14:46 PM] [Info] Loaded 832 of 2378 assets...
[22/04/2026 1:14:46 PM] [Info] Read 837 of 2378 asset file contents into memory...
[22/04/2026 1:14:46 PM] [Info] Loaded 837 of 2378 assets...
[22/04/2026 1:14:46 PM] [Info] Read 842 of 2378 asset file contents into memory...
[22/04/2026 1:14:46 PM] [Info] Loaded 842 of 2378 assets...
[22/04/2026 1:14:46 PM] [Info] Read 847 of 2378 asset file contents into memory...
[22/04/2026 1:14:46 PM] [Info] Loaded 847 of 2378 assets...
[22/04/2026 1:14:46 PM] [Info] Read 851 of 2378 asset file contents into memory...
[22/04/2026 1:14:46 PM] [Info] Loaded 851 of 2378 assets...
[22/04/2026 1:14:46 PM] [Info] Read 855 of 2378 asset file contents into memory...
[22/04/2026 1:14:46 PM] [Info] Loaded 855 of 2378 assets...
[22/04/2026 1:14:47 PM] [Info] Read 859 of 2378 asset file contents into memory...
[22/04/2026 1:14:47 PM] [Info] Loaded 859 of 2378 assets...
[22/04/2026 1:14:47 PM] [Info] Read 862 of 2378 asset file contents into memory...
[22/04/2026 1:14:47 PM] [Info] Loaded 862 of 2378 assets...
[22/04/2026 1:14:47 PM] [Info] Read 866 of 2378 asset file contents into memory...
[22/04/2026 1:14:47 PM] [Info] Loaded 866 of 2378 assets...
[22/04/2026 1:14:47 PM] [Info] Read 870 of 2378 asset file contents into memory...
[22/04/2026 1:14:47 PM] [Info] Loaded 870 of 2378 assets...
[22/04/2026 1:14:47 PM] [Info] Read 874 of 2378 asset file contents into memory...
[22/04/2026 1:14:47 PM] [Info] Loaded 874 of 2378 assets...
[22/04/2026 1:14:47 PM] [Info] Read 878 of 2378 asset file contents into memory...
[22/04/2026 1:14:47 PM] [Info] Loaded 878 of 2378 assets...
[22/04/2026 1:14:47 PM] [Info] Read 882 of 2378 asset file contents into memory...
[22/04/2026 1:14:47 PM] [Info] Loaded 882 of 2378 assets...
[22/04/2026 1:14:47 PM] [Info] Read 887 of 2378 asset file contents into memory...
[22/04/2026 1:14:47 PM] [Info] Loaded 887 of 2378 assets...
[22/04/2026 1:14:47 PM] [Info] Read 891 of 2378 asset file contents into memory...
[22/04/2026 1:14:47 PM] [Info] Loaded 891 of 2378 assets...
[22/04/2026 1:14:47 PM] [Info] Read 895 of 2378 asset file contents into memory...
[22/04/2026 1:14:47 PM] [Info] Loaded 895 of 2378 assets...
[22/04/2026 1:14:47 PM] [Info] Read 899 of 2378 asset file contents into memory...
[22/04/2026 1:14:47 PM] [Info] Loaded 899 of 2378 assets...
[22/04/2026 1:14:47 PM] [Info] Read 904 of 2378 asset file contents into memory...
[22/04/2026 1:14:47 PM] [Info] Loaded 904 of 2378 assets...
[22/04/2026 1:14:47 PM] [Info] Read 908 of 2378 asset file contents into memory...
[22/04/2026 1:14:47 PM] [Info] Loaded 908 of 2378 assets...
[22/04/2026 1:14:47 PM] [Info] Read 912 of 2378 asset file contents into memory...
[22/04/2026 1:14:47 PM] [Info] Loaded 912 of 2378 assets...
[22/04/2026 1:14:47 PM] [Info] Read 916 of 2378 asset file contents into memory...
[22/04/2026 1:14:47 PM] [Info] Loaded 916 of 2378 assets...
[22/04/2026 1:14:47 PM] [Info] Read 920 of 2378 asset file contents into memory...
[22/04/2026 1:14:47 PM] [Info] Loaded 920 of 2378 assets...
[22/04/2026 1:14:47 PM] [Info] Read 925 of 2378 asset file contents into memory...
[22/04/2026 1:14:47 PM] [Info] Loaded 925 of 2378 assets...
[22/04/2026 1:14:47 PM] [Info] Read 930 of 2378 asset file contents into memory...
[22/04/2026 1:14:47 PM] [Info] Loaded 930 of 2378 assets...
[22/04/2026 1:14:47 PM] [Info] Read 934 of 2378 asset file contents into memory...
[22/04/2026 1:14:47 PM] [Info] Loaded 934 of 2378 assets...
[22/04/2026 1:14:47 PM] [Info] Read 938 of 2378 asset file contents into memory...
[22/04/2026 1:14:47 PM] [Info] Loaded 938 of 2378 assets...
[22/04/2026 1:14:48 PM] [Info] Read 943 of 2378 asset file contents into memory...
[22/04/2026 1:14:48 PM] [Info] Loaded 943 of 2378 assets...
[22/04/2026 1:14:48 PM] [Info] Read 947 of 2378 asset file contents into memory...
[22/04/2026 1:14:48 PM] [Info] Loaded 947 of 2378 assets...
[22/04/2026 1:14:48 PM] [Info] Read 952 of 2378 asset file contents into memory...
[22/04/2026 1:14:48 PM] [Info] Loaded 952 of 2378 assets...
[22/04/2026 1:14:48 PM] [Info] Read 956 of 2378 asset file contents into memory...
[22/04/2026 1:14:48 PM] [Info] Loaded 956 of 2378 assets...
[22/04/2026 1:14:48 PM] [Info] Read 961 of 2378 asset file contents into memory...
[22/04/2026 1:14:48 PM] [Info] Loaded 961 of 2378 assets...
[22/04/2026 1:14:48 PM] [Info] Read 965 of 2378 asset file contents into memory...
[22/04/2026 1:14:48 PM] [Info] Loaded 965 of 2378 assets...
[22/04/2026 1:14:48 PM] [Info] Read 969 of 2378 asset file contents into memory...
[22/04/2026 1:14:48 PM] [Info] Loaded 969 of 2378 assets...
[22/04/2026 1:14:48 PM] [Info] Read 973 of 2378 asset file contents into memory...
[22/04/2026 1:14:48 PM] [Info] Loaded 973 of 2378 assets...
[22/04/2026 1:14:48 PM] [Info] Read 977 of 2378 asset file contents into memory...
[22/04/2026 1:14:48 PM] [Info] Loaded 977 of 2378 assets...
[22/04/2026 1:14:48 PM] [Info] Read 981 of 2378 asset file contents into memory...
[22/04/2026 1:14:48 PM] [Info] Loaded 981 of 2378 assets...
[22/04/2026 1:14:48 PM] [Info] Read 985 of 2378 asset file contents into memory...
[22/04/2026 1:14:48 PM] [Info] Loaded 985 of 2378 assets...
[22/04/2026 1:14:48 PM] [Info] Read 989 of 2378 asset file contents into memory...
[22/04/2026 1:14:48 PM] [Info] Loaded 989 of 2378 assets...
[22/04/2026 1:14:48 PM] [Info] Read 993 of 2378 asset file contents into memory...
[22/04/2026 1:14:48 PM] [Info] Loaded 993 of 2378 assets...
[22/04/2026 1:14:48 PM] [Info] Read 996 of 2378 asset file contents into memory...
[22/04/2026 1:14:48 PM] [Info] Loaded 996 of 2378 assets...
[22/04/2026 1:14:48 PM] [Info] Read 998 of 2378 asset file contents into memory...
[22/04/2026 1:14:48 PM] [Info] Loaded 998 of 2378 assets...
[22/04/2026 1:14:48 PM] [Info] Read 1003 of 2378 asset file contents into memory...
[22/04/2026 1:14:48 PM] [Info] Loaded 1003 of 2378 assets...
[22/04/2026 1:14:48 PM] [Info] Read 1007 of 2378 asset file contents into memory...
[22/04/2026 1:14:48 PM] [Info] Loaded 1007 of 2378 assets...
[22/04/2026 1:14:48 PM] [Info] Read 1012 of 2378 asset file contents into memory...
[22/04/2026 1:14:48 PM] [Info] Loaded 1012 of 2378 assets...
[22/04/2026 1:14:48 PM] [Info] Read 1017 of 2378 asset file contents into memory...
[22/04/2026 1:14:48 PM] [Info] Loaded 1017 of 2378 assets...
[22/04/2026 1:14:48 PM] [Info] Read 1022 of 2378 asset file contents into memory...
[22/04/2026 1:14:48 PM] [Info] Loaded 1022 of 2378 assets...
[22/04/2026 1:14:49 PM] [Info] Read 1026 of 2378 asset file contents into memory...
[22/04/2026 1:14:49 PM] [Info] Loaded 1026 of 2378 assets...
[22/04/2026 1:14:49 PM] [Info] Read 1030 of 2378 asset file contents into memory...
[22/04/2026 1:14:49 PM] [Info] Loaded 1030 of 2378 assets...
[22/04/2026 1:14:49 PM] [Info] Read 1036 of 2378 asset file contents into memory...
[22/04/2026 1:14:49 PM] [Info] Loaded 1036 of 2378 assets...
[22/04/2026 1:14:49 PM] [Info] Read 1041 of 2378 asset file contents into memory...
[22/04/2026 1:14:49 PM] [Info] Loaded 1041 of 2378 assets...
[22/04/2026 1:14:49 PM] [Info] Read 1046 of 2378 asset file contents into memory...
[22/04/2026 1:14:49 PM] [Info] Loaded 1046 of 2378 assets...
[22/04/2026 1:14:49 PM] [Info] Read 1052 of 2378 asset file contents into memory...
[22/04/2026 1:14:49 PM] [Info] Loaded 1052 of 2378 assets...
[22/04/2026 1:14:49 PM] [Info] Read 1057 of 2378 asset file contents into memory...
[22/04/2026 1:14:49 PM] [Info] Loaded 1057 of 2378 assets...
[22/04/2026 1:14:49 PM] [Info] Read 1062 of 2378 asset file contents into memory...
[22/04/2026 1:14:49 PM] [Info] Loaded 1062 of 2378 assets...
[22/04/2026 1:14:49 PM] [Info] Read 1067 of 2378 asset file contents into memory...
[22/04/2026 1:14:49 PM] [Info] Loaded 1067 of 2378 assets...
[22/04/2026 1:14:49 PM] [Info] Read 1073 of 2378 asset file contents into memory...
[22/04/2026 1:14:49 PM] [Info] Loaded 1073 of 2378 assets...
[22/04/2026 1:14:49 PM] [Info] Read 1078 of 2378 asset file contents into memory...
[22/04/2026 1:14:49 PM] [Info] Loaded 1078 of 2378 assets...
[22/04/2026 1:14:49 PM] [Info] Read 1083 of 2378 asset file contents into memory...
[22/04/2026 1:14:49 PM] [Info] Loaded 1083 of 2378 assets...
[22/04/2026 1:14:49 PM] [Info] Read 1088 of 2378 asset file contents into memory...
[22/04/2026 1:14:49 PM] [Info] Loaded 1088 of 2378 assets...
[22/04/2026 1:14:49 PM] [Info] Read 1093 of 2378 asset file contents into memory...
[22/04/2026 1:14:49 PM] [Info] Loaded 1093 of 2378 assets...
[22/04/2026 1:14:49 PM] [Info] Read 1098 of 2378 asset file contents into memory...
[22/04/2026 1:14:49 PM] [Info] Loaded 1098 of 2378 assets...
[22/04/2026 1:14:49 PM] [Info] Read 1103 of 2378 asset file contents into memory...
[22/04/2026 1:14:49 PM] [Info] Loaded 1103 of 2378 assets...
[22/04/2026 1:14:49 PM] [Info] Read 1108 of 2378 asset file contents into memory...
[22/04/2026 1:14:49 PM] [Info] Loaded 1108 of 2378 assets...
[22/04/2026 1:14:49 PM] [Info] Read 1113 of 2378 asset file contents into memory...
[22/04/2026 1:14:49 PM] [Info] Loaded 1113 of 2378 assets...
[22/04/2026 1:14:49 PM] [Info] Read 1118 of 2378 asset file contents into memory...
[22/04/2026 1:14:49 PM] [Info] Loaded 1118 of 2378 assets...
[22/04/2026 1:14:49 PM] [Info] Read 1123 of 2378 asset file contents into memory...
[22/04/2026 1:14:50 PM] [Info] Loaded 1123 of 2378 assets...
[22/04/2026 1:14:50 PM] [Info] Read 1128 of 2378 asset file contents into memory...
[22/04/2026 1:14:50 PM] [Info] Loaded 1128 of 2378 assets...
[22/04/2026 1:14:50 PM] [Info] Read 1133 of 2378 asset file contents into memory...
[22/04/2026 1:14:50 PM] [Info] Loaded 1133 of 2378 assets...
[22/04/2026 1:14:50 PM] [Info] Read 1139 of 2378 asset file contents into memory...
[22/04/2026 1:14:50 PM] [Info] Loaded 1139 of 2378 assets...
[22/04/2026 1:14:50 PM] [Info] Read 1144 of 2378 asset file contents into memory...
[22/04/2026 1:14:50 PM] [Info] Loaded 1144 of 2378 assets...
[22/04/2026 1:14:50 PM] [Info] Read 1149 of 2378 asset file contents into memory...
[22/04/2026 1:14:50 PM] [Info] Loaded 1149 of 2378 assets...
[22/04/2026 1:14:50 PM] [Info] Read 1154 of 2378 asset file contents into memory...
[22/04/2026 1:14:50 PM] [Info] Loaded 1154 of 2378 assets...
[22/04/2026 1:14:50 PM] [Info] Read 1159 of 2378 asset file contents into memory...
[22/04/2026 1:14:50 PM] [Info] Loaded 1159 of 2378 assets...
[22/04/2026 1:14:50 PM] [Info] Read 1164 of 2378 asset file contents into memory...
[22/04/2026 1:14:50 PM] [Info] Loaded 1164 of 2378 assets...
[22/04/2026 1:14:50 PM] [Info] Read 1170 of 2378 asset file contents into memory...
[22/04/2026 1:14:50 PM] [Info] Loaded 1170 of 2378 assets...
[22/04/2026 1:14:50 PM] [Info] Read 1175 of 2378 asset file contents into memory...
[22/04/2026 1:14:50 PM] [Info] Loaded 1175 of 2378 assets...
[22/04/2026 1:14:50 PM] [Info] Read 1180 of 2378 asset file contents into memory...
[22/04/2026 1:14:50 PM] [Info] Loaded 1180 of 2378 assets...
[22/04/2026 1:14:50 PM] [Info] Read 1186 of 2378 asset file contents into memory...
[22/04/2026 1:14:50 PM] [Info] Loaded 1186 of 2378 assets...
[22/04/2026 1:14:50 PM] [Info] Read 1191 of 2378 asset file contents into memory...
[22/04/2026 1:14:50 PM] [Info] Loaded 1191 of 2378 assets...
[22/04/2026 1:14:50 PM] [Info] Read 1196 of 2378 asset file contents into memory...
[22/04/2026 1:14:50 PM] [Info] Loaded 1196 of 2378 assets...
[22/04/2026 1:14:50 PM] [Info] Read 1201 of 2378 asset file contents into memory...
[22/04/2026 1:14:50 PM] [Info] Loaded 1201 of 2378 assets...
[22/04/2026 1:14:50 PM] [Info] Read 1206 of 2378 asset file contents into memory...
[22/04/2026 1:14:50 PM] [Info] Loaded 1206 of 2378 assets...
[22/04/2026 1:14:50 PM] [Info] Read 1211 of 2378 asset file contents into memory...
[22/04/2026 1:14:50 PM] [Info] Loaded 1211 of 2378 assets...
[22/04/2026 1:14:50 PM] [Info] Read 1217 of 2378 asset file contents into memory...
[22/04/2026 1:14:50 PM] [Info] Loaded 1217 of 2378 assets...
[22/04/2026 1:14:51 PM] [Info] Read 1222 of 2378 asset file contents into memory...
[22/04/2026 1:14:51 PM] [Info] Loaded 1222 of 2378 assets...
[22/04/2026 1:14:51 PM] [Info] Read 1226 of 2378 asset file contents into memory...
[22/04/2026 1:14:51 PM] [Info] Loaded 1226 of 2378 assets...
[22/04/2026 1:14:51 PM] [Info] Read 1231 of 2378 asset file contents into memory...
[22/04/2026 1:14:51 PM] [Info] Loaded 1231 of 2378 assets...
[22/04/2026 1:14:51 PM] [Info] Read 1236 of 2378 asset file contents into memory...
[22/04/2026 1:14:51 PM] [Info] Loaded 1236 of 2378 assets...
[22/04/2026 1:14:51 PM] [Info] Read 1241 of 2378 asset file contents into memory...
[22/04/2026 1:14:51 PM] [Info] Loaded 1241 of 2378 assets...
[22/04/2026 1:14:51 PM] [Info] Read 1247 of 2378 asset file contents into memory...
[22/04/2026 1:14:51 PM] [Info] Loaded 1247 of 2378 assets...
[22/04/2026 1:14:51 PM] [Info] Read 1252 of 2378 asset file contents into memory...
[22/04/2026 1:14:51 PM] [Info] Loaded 1252 of 2378 assets...
[22/04/2026 1:14:51 PM] [Info] Read 1257 of 2378 asset file contents into memory...
[22/04/2026 1:14:51 PM] [Info] Loaded 1257 of 2378 assets...
[22/04/2026 1:14:51 PM] [Info] Read 1262 of 2378 asset file contents into memory...
[22/04/2026 1:14:51 PM] [Info] Loaded 1262 of 2378 assets...
[22/04/2026 1:14:51 PM] [Info] Read 1268 of 2378 asset file contents into memory...
[22/04/2026 1:14:51 PM] [Info] Loaded 1268 of 2378 assets...
[22/04/2026 1:14:51 PM] [Info] Read 1273 of 2378 asset file contents into memory...
[22/04/2026 1:14:51 PM] [Info] Loaded 1273 of 2378 assets...
[22/04/2026 1:14:51 PM] [Info] Read 1279 of 2378 asset file contents into memory...
[22/04/2026 1:14:51 PM] [Info] Loaded 1279 of 2378 assets...
[22/04/2026 1:14:51 PM] [Info] Read 1284 of 2378 asset file contents into memory...
[22/04/2026 1:14:51 PM] [Info] Loaded 1284 of 2378 assets...
[22/04/2026 1:14:51 PM] [Info] Read 1289 of 2378 asset file contents into memory...
[22/04/2026 1:14:51 PM] [Info] Loaded 1289 of 2378 assets...
[22/04/2026 1:14:51 PM] [Info] Read 1295 of 2378 asset file contents into memory...
[22/04/2026 1:14:51 PM] [Info] Loaded 1295 of 2378 assets...
[22/04/2026 1:14:51 PM] [Info] Read 1300 of 2378 asset file contents into memory...
[22/04/2026 1:14:51 PM] [Info] Loaded 1300 of 2378 assets...
[22/04/2026 1:14:51 PM] [Info] Read 1305 of 2378 asset file contents into memory...
[22/04/2026 1:14:51 PM] [Info] Loaded 1305 of 2378 assets...
[22/04/2026 1:14:51 PM] [Info] Read 1311 of 2378 asset file contents into memory...
[22/04/2026 1:14:51 PM] [Info] Loaded 1311 of 2378 assets...
[22/04/2026 1:14:51 PM] [Info] Read 1316 of 2378 asset file contents into memory...
[22/04/2026 1:14:51 PM] [Info] Loaded 1316 of 2378 assets...
[22/04/2026 1:14:51 PM] [Info] Read 1321 of 2378 asset file contents into memory...
[22/04/2026 1:14:51 PM] [Info] Loaded 1321 of 2378 assets...
[22/04/2026 1:14:52 PM] [Info] Read 1326 of 2378 asset file contents into memory...
[22/04/2026 1:14:52 PM] [Info] Loaded 1326 of 2378 assets...
[22/04/2026 1:14:52 PM] [Info] Read 1331 of 2378 asset file contents into memory...
[22/04/2026 1:14:52 PM] [Info] Loaded 1331 of 2378 assets...
[22/04/2026 1:14:52 PM] [Info] Read 1336 of 2378 asset file contents into memory...
[22/04/2026 1:14:52 PM] [Info] Loaded 1336 of 2378 assets...
[22/04/2026 1:14:52 PM] [Info] Read 1341 of 2378 asset file contents into memory...
[22/04/2026 1:14:52 PM] [Info] Loaded 1341 of 2378 assets...
[22/04/2026 1:14:52 PM] [Info] Read 1347 of 2378 asset file contents into memory...
[22/04/2026 1:14:52 PM] [Info] Loaded 1347 of 2378 assets...
[22/04/2026 1:14:52 PM] [Info] Read 1352 of 2378 asset file contents into memory...
[22/04/2026 1:14:52 PM] [Info] Loaded 1352 of 2378 assets...
[22/04/2026 1:14:52 PM] [Info] Read 1357 of 2378 asset file contents into memory...
[22/04/2026 1:14:52 PM] [Info] Loaded 1357 of 2378 assets...
[22/04/2026 1:14:52 PM] [Info] Read 1362 of 2378 asset file contents into memory...
[22/04/2026 1:14:52 PM] [Info] Loaded 1362 of 2378 assets...
[22/04/2026 1:14:52 PM] [Info] Read 1367 of 2378 asset file contents into memory...
[22/04/2026 1:14:52 PM] [Info] Loaded 1367 of 2378 assets...
[22/04/2026 1:14:52 PM] [Info] Read 1372 of 2378 asset file contents into memory...
[22/04/2026 1:14:52 PM] [Info] Loaded 1372 of 2378 assets...
[22/04/2026 1:14:52 PM] [Info] Read 1377 of 2378 asset file contents into memory...
[22/04/2026 1:14:52 PM] [Info] Loaded 1377 of 2378 assets...
[22/04/2026 1:14:52 PM] [Info] Read 1383 of 2378 asset file contents into memory...
[22/04/2026 1:14:52 PM] [Info] Loaded 1383 of 2378 assets...
[22/04/2026 1:14:52 PM] [Info] Read 1388 of 2378 asset file contents into memory...
[22/04/2026 1:14:52 PM] [Info] Loaded 1388 of 2378 assets...
[22/04/2026 1:14:52 PM] [Info] Read 1393 of 2378 asset file contents into memory...
[22/04/2026 1:14:52 PM] [Info] Loaded 1393 of 2378 assets...
[22/04/2026 1:14:52 PM] [Info] Read 1398 of 2378 asset file contents into memory...
[22/04/2026 1:14:52 PM] [Info] Loaded 1398 of 2378 assets...
[22/04/2026 1:14:52 PM] [Info] Read 1404 of 2378 asset file contents into memory...
[22/04/2026 1:14:52 PM] [Info] Loaded 1404 of 2378 assets...
[22/04/2026 1:14:52 PM] [Info] Read 1409 of 2378 asset file contents into memory...
[22/04/2026 1:14:52 PM] [Info] Loaded 1409 of 2378 assets...
[22/04/2026 1:14:52 PM] [Info] Read 1415 of 2378 asset file contents into memory...
[22/04/2026 1:14:52 PM] [Info] Loaded 1415 of 2378 assets...
[22/04/2026 1:14:52 PM] [Info] Read 1419 of 2378 asset file contents into memory...
[22/04/2026 1:14:52 PM] [Info] Loaded 1419 of 2378 assets...
[22/04/2026 1:14:52 PM] [Info] Read 1424 of 2378 asset file contents into memory...
[22/04/2026 1:14:52 PM] [Info] Loaded 1424 of 2378 assets...
[22/04/2026 1:14:53 PM] [Info] Read 1429 of 2378 asset file contents into memory...
[22/04/2026 1:14:53 PM] [Info] Loaded 1429 of 2378 assets...
[22/04/2026 1:14:53 PM] [Info] Read 1434 of 2378 asset file contents into memory...
[22/04/2026 1:14:53 PM] [Info] Loaded 1434 of 2378 assets...
[22/04/2026 1:14:53 PM] [Info] Read 1439 of 2378 asset file contents into memory...
[22/04/2026 1:14:53 PM] [Info] Loaded 1439 of 2378 assets...
[22/04/2026 1:14:53 PM] [Info] Read 1444 of 2378 asset file contents into memory...
[22/04/2026 1:14:53 PM] [Info] Loaded 1444 of 2378 assets...
[22/04/2026 1:14:53 PM] [Info] Read 1450 of 2378 asset file contents into memory...
[22/04/2026 1:14:53 PM] [Info] Loaded 1450 of 2378 assets...
[22/04/2026 1:14:53 PM] [Info] Read 1455 of 2378 asset file contents into memory...
[22/04/2026 1:14:53 PM] [Info] Loaded 1455 of 2378 assets...
[22/04/2026 1:14:53 PM] [Info] Read 1460 of 2378 asset file contents into memory...
[22/04/2026 1:14:53 PM] [Info] Loaded 1460 of 2378 assets...
[22/04/2026 1:14:53 PM] [Info] Read 1464 of 2378 asset file contents into memory...
[22/04/2026 1:14:53 PM] [Info] Loaded 1464 of 2378 assets...
[22/04/2026 1:14:53 PM] [Info] Read 1468 of 2378 asset file contents into memory...
[22/04/2026 1:14:53 PM] [Info] Loaded 1468 of 2378 assets...
[22/04/2026 1:14:53 PM] [Info] Read 1473 of 2378 asset file contents into memory...
[22/04/2026 1:14:53 PM] [Info] Loaded 1473 of 2378 assets...
[22/04/2026 1:14:53 PM] [Info] Read 1478 of 2378 asset file contents into memory...
[22/04/2026 1:14:53 PM] [Info] Loaded 1478 of 2378 assets...
[22/04/2026 1:14:53 PM] [Info] Read 1483 of 2378 asset file contents into memory...
[22/04/2026 1:14:53 PM] [Info] Loaded 1483 of 2378 assets...
[22/04/2026 1:14:53 PM] [Info] Read 1488 of 2378 asset file contents into memory...
[22/04/2026 1:14:53 PM] [Info] Loaded 1488 of 2378 assets...
[22/04/2026 1:14:53 PM] [Info] Read 1493 of 2378 asset file contents into memory...
[22/04/2026 1:14:53 PM] [Info] Loaded 1493 of 2378 assets...
[22/04/2026 1:14:53 PM] [Info] Read 1498 of 2378 asset file contents into memory...
[22/04/2026 1:14:53 PM] [Info] Loaded 1498 of 2378 assets...
[22/04/2026 1:14:53 PM] [Info] Read 1503 of 2378 asset file contents into memory...
[22/04/2026 1:14:53 PM] [Info] Loaded 1503 of 2378 assets...
[22/04/2026 1:14:53 PM] [Info] Read 1508 of 2378 asset file contents into memory...
[22/04/2026 1:14:53 PM] [Info] Loaded 1508 of 2378 assets...
[22/04/2026 1:14:53 PM] [Info] Read 1513 of 2378 asset file contents into memory...
[22/04/2026 1:14:53 PM] [Info] Loaded 1513 of 2378 assets...
[22/04/2026 1:14:53 PM] [Info] Read 1518 of 2378 asset file contents into memory...
[22/04/2026 1:14:53 PM] [Info] Loaded 1518 of 2378 assets...
[22/04/2026 1:14:53 PM] [Info] Read 1523 of 2378 asset file contents into memory...
[22/04/2026 1:14:53 PM] [Info] Loaded 1523 of 2378 assets...
[22/04/2026 1:14:54 PM] [Info] Read 1528 of 2378 asset file contents into memory...
[22/04/2026 1:14:54 PM] [Info] Loaded 1528 of 2378 assets...
[22/04/2026 1:14:54 PM] [Info] Read 1533 of 2378 asset file contents into memory...
[22/04/2026 1:14:54 PM] [Info] Loaded 1533 of 2378 assets...
[22/04/2026 1:14:54 PM] [Info] Read 1538 of 2378 asset file contents into memory...
[22/04/2026 1:14:54 PM] [Info] Loaded 1538 of 2378 assets...
[22/04/2026 1:14:54 PM] [Info] Read 1543 of 2378 asset file contents into memory...
[22/04/2026 1:14:54 PM] [Info] Loaded 1543 of 2378 assets...
[22/04/2026 1:14:54 PM] [Info] Read 1548 of 2378 asset file contents into memory...
[22/04/2026 1:14:54 PM] [Info] Loaded 1548 of 2378 assets...
[22/04/2026 1:14:54 PM] [Info] Read 1553 of 2378 asset file contents into memory...
[22/04/2026 1:14:54 PM] [Info] Loaded 1553 of 2378 assets...
[22/04/2026 1:14:54 PM] [Info] Read 1558 of 2378 asset file contents into memory...
[22/04/2026 1:14:54 PM] [Info] Loaded 1558 of 2378 assets...
[22/04/2026 1:14:54 PM] [Info] Read 1563 of 2378 asset file contents into memory...
[22/04/2026 1:14:54 PM] [Info] Loaded 1563 of 2378 assets...
[22/04/2026 1:14:54 PM] [Info] Read 1568 of 2378 asset file contents into memory...
[22/04/2026 1:14:54 PM] [Info] Loaded 1568 of 2378 assets...
[22/04/2026 1:14:54 PM] [Info] Read 1572 of 2378 asset file contents into memory...
[22/04/2026 1:14:54 PM] [Info] Loaded 1572 of 2378 assets...
[22/04/2026 1:14:54 PM] [Info] Read 1575 of 2378 asset file contents into memory...
[22/04/2026 1:14:54 PM] [Info] Loaded 1575 of 2378 assets...
[22/04/2026 1:14:54 PM] [Info] Read 1580 of 2378 asset file contents into memory...
[22/04/2026 1:14:54 PM] [Info] Loaded 1580 of 2378 assets...
[22/04/2026 1:14:54 PM] [Info] Read 1585 of 2378 asset file contents into memory...
[22/04/2026 1:14:54 PM] [Info] Loaded 1585 of 2378 assets...
[22/04/2026 1:14:54 PM] [Info] Read 1590 of 2378 asset file contents into memory...
[22/04/2026 1:14:54 PM] [Info] Loaded 1590 of 2378 assets...
[22/04/2026 1:14:54 PM] [Info] Read 1594 of 2378 asset file contents into memory...
[22/04/2026 1:14:54 PM] [Info] Loaded 1594 of 2378 assets...
[22/04/2026 1:14:54 PM] [Info] Read 1599 of 2378 asset file contents into memory...
[22/04/2026 1:14:54 PM] [Info] Loaded 1599 of 2378 assets...
[22/04/2026 1:14:54 PM] [Info] Read 1604 of 2378 asset file contents into memory...
[22/04/2026 1:14:54 PM] [Info] Loaded 1604 of 2378 assets...
[22/04/2026 1:14:54 PM] [Info] Read 1609 of 2378 asset file contents into memory...
[22/04/2026 1:14:54 PM] [Info] Loaded 1609 of 2378 assets...
[22/04/2026 1:14:54 PM] [Info] Read 1614 of 2378 asset file contents into memory...
[22/04/2026 1:14:54 PM] [Info] Loaded 1614 of 2378 assets...
[22/04/2026 1:14:54 PM] [Info] Read 1619 of 2378 asset file contents into memory...
[22/04/2026 1:14:54 PM] [Info] Loaded 1619 of 2378 assets...
[22/04/2026 1:14:55 PM] [Info] Read 1624 of 2378 asset file contents into memory...
[22/04/2026 1:14:55 PM] [Info] Loaded 1624 of 2378 assets...
[22/04/2026 1:14:55 PM] [Info] Read 1629 of 2378 asset file contents into memory...
[22/04/2026 1:14:55 PM] [Info] Loaded 1629 of 2378 assets...
[22/04/2026 1:14:55 PM] [Info] Read 1633 of 2378 asset file contents into memory...
[22/04/2026 1:14:55 PM] [Info] Loaded 1633 of 2378 assets...
[22/04/2026 1:14:55 PM] [Info] Read 1639 of 2378 asset file contents into memory...
[22/04/2026 1:14:55 PM] [Info] Loaded 1639 of 2378 assets...
[22/04/2026 1:14:55 PM] [Info] Read 1644 of 2378 asset file contents into memory...
[22/04/2026 1:14:55 PM] [Info] Loaded 1644 of 2378 assets...
[22/04/2026 1:14:55 PM] [Info] Read 1649 of 2378 asset file contents into memory...
[22/04/2026 1:14:55 PM] [Info] Loaded 1649 of 2378 assets...
[22/04/2026 1:14:55 PM] [Info] Read 1654 of 2378 asset file contents into memory...
[22/04/2026 1:14:55 PM] [Info] Loaded 1654 of 2378 assets...
[22/04/2026 1:14:55 PM] [Info] Read 1659 of 2378 asset file contents into memory...
[22/04/2026 1:14:55 PM] [Info] Loaded 1659 of 2378 assets...
[22/04/2026 1:14:55 PM] [Info] Read 1664 of 2378 asset file contents into memory...
[22/04/2026 1:14:55 PM] [Info] Loaded 1664 of 2378 assets...
[22/04/2026 1:14:55 PM] [Info] Read 1669 of 2378 asset file contents into memory...
[22/04/2026 1:14:55 PM] [Info] Loaded 1669 of 2378 assets...
[22/04/2026 1:14:55 PM] [Info] Read 1674 of 2378 asset file contents into memory...
[22/04/2026 1:14:55 PM] [Info] Loaded 1674 of 2378 assets...
[22/04/2026 1:14:55 PM] [Info] Read 1679 of 2378 asset file contents into memory...
[22/04/2026 1:14:55 PM] [Info] Loaded 1679 of 2378 assets...
[22/04/2026 1:14:55 PM] [Info] Read 1684 of 2378 asset file contents into memory...
[22/04/2026 1:14:55 PM] [Info] Loaded 1684 of 2378 assets...
[22/04/2026 1:14:55 PM] [Info] Read 1689 of 2378 asset file contents into memory...
[22/04/2026 1:14:55 PM] [Info] Loaded 1689 of 2378 assets...
[22/04/2026 1:14:55 PM] [Info] Read 1694 of 2378 asset file contents into memory...
[22/04/2026 1:14:55 PM] [Info] Loaded 1694 of 2378 assets...
[22/04/2026 1:14:55 PM] [Info] Read 1700 of 2378 asset file contents into memory...
[22/04/2026 1:14:55 PM] [Info] Loaded 1700 of 2378 assets...
[22/04/2026 1:14:55 PM] [Info] Read 1705 of 2378 asset file contents into memory...
[22/04/2026 1:14:55 PM] [Info] Loaded 1705 of 2378 assets...
[22/04/2026 1:14:55 PM] [Info] Read 1710 of 2378 asset file contents into memory...
[22/04/2026 1:14:55 PM] [Info] Loaded 1710 of 2378 assets...
[22/04/2026 1:14:55 PM] [Info] Read 1715 of 2378 asset file contents into memory...
[22/04/2026 1:14:55 PM] [Info] Loaded 1715 of 2378 assets...
[22/04/2026 1:14:55 PM] [Info] Read 1720 of 2378 asset file contents into memory...
[22/04/2026 1:14:55 PM] [Info] Loaded 1720 of 2378 assets...
[22/04/2026 1:14:56 PM] [Info] Read 1725 of 2378 asset file contents into memory...
[22/04/2026 1:14:56 PM] [Info] Loaded 1725 of 2378 assets...
[22/04/2026 1:14:56 PM] [Info] Read 1730 of 2378 asset file contents into memory...
[22/04/2026 1:14:56 PM] [Info] Loaded 1730 of 2378 assets...
[22/04/2026 1:14:56 PM] [Info] Read 1735 of 2378 asset file contents into memory...
[22/04/2026 1:14:56 PM] [Info] Loaded 1735 of 2378 assets...
[22/04/2026 1:14:56 PM] [Info] Read 1741 of 2378 asset file contents into memory...
[22/04/2026 1:14:56 PM] [Info] Loaded 1741 of 2378 assets...
[22/04/2026 1:14:56 PM] [Info] Read 1746 of 2378 asset file contents into memory...
[22/04/2026 1:14:56 PM] [Info] Loaded 1746 of 2378 assets...
[22/04/2026 1:14:56 PM] [Info] Read 1751 of 2378 asset file contents into memory...
[22/04/2026 1:14:56 PM] [Info] Loaded 1751 of 2378 assets...
[22/04/2026 1:14:56 PM] [Info] Read 1759 of 2378 asset file contents into memory...
[22/04/2026 1:14:56 PM] [Info] Loaded 1759 of 2378 assets...
[22/04/2026 1:14:56 PM] [Info] Read 1770 of 2378 asset file contents into memory...
[22/04/2026 1:14:56 PM] [Info] Loaded 1770 of 2378 assets...
[22/04/2026 1:14:56 PM] [Info] Read 1779 of 2378 asset file contents into memory...
[22/04/2026 1:14:56 PM] [Info] Loaded 1779 of 2378 assets...
[22/04/2026 1:14:56 PM] [Info] Read 1790 of 2378 asset file contents into memory...
[22/04/2026 1:14:56 PM] [Info] Loaded 1790 of 2378 assets...
[22/04/2026 1:14:56 PM] [Info] Read 1800 of 2378 asset file contents into memory...
[22/04/2026 1:14:56 PM] [Info] Loaded 1800 of 2378 assets...
[22/04/2026 1:14:56 PM] [Info] Read 1810 of 2378 asset file contents into memory...
[22/04/2026 1:14:56 PM] [Info] Loaded 1810 of 2378 assets...
[22/04/2026 1:14:56 PM] [Info] Read 1821 of 2378 asset file contents into memory...
[22/04/2026 1:14:56 PM] [Info] Loaded 1821 of 2378 assets...
[22/04/2026 1:14:56 PM] [Info] Read 1831 of 2378 asset file contents into memory...
[22/04/2026 1:14:56 PM] [Info] Loaded 1831 of 2378 assets...
[22/04/2026 1:14:56 PM] [Info] Read 1841 of 2378 asset file contents into memory...
[22/04/2026 1:14:56 PM] [Info] Loaded 1841 of 2378 assets...
[22/04/2026 1:14:56 PM] [Info] Read 1851 of 2378 asset file contents into memory...
[22/04/2026 1:14:56 PM] [Info] Loaded 1851 of 2378 assets...
[22/04/2026 1:14:56 PM] [Info] Read 1861 of 2378 asset file contents into memory...
[22/04/2026 1:14:56 PM] [Info] Loaded 1861 of 2378 assets...
[22/04/2026 1:14:56 PM] [Info] Read 1871 of 2378 asset file contents into memory...
[22/04/2026 1:14:56 PM] [Info] Loaded 1871 of 2378 assets...
[22/04/2026 1:14:56 PM] [Info] Read 1881 of 2378 asset file contents into memory...
[22/04/2026 1:14:56 PM] [Info] Loaded 1881 of 2378 assets...
[22/04/2026 1:14:56 PM] [Info] Read 1889 of 2378 asset file contents into memory...
[22/04/2026 1:14:56 PM] [Info] Loaded 1889 of 2378 assets...
[22/04/2026 1:14:57 PM] [Info] Read 1894 of 2378 asset file contents into memory...
[22/04/2026 1:14:57 PM] [Info] Loaded 1894 of 2378 assets...
[22/04/2026 1:14:57 PM] [Info] Read 1899 of 2378 asset file contents into memory...
[22/04/2026 1:14:57 PM] [Info] Loaded 1899 of 2378 assets...
[22/04/2026 1:14:57 PM] [Info] Read 1904 of 2378 asset file contents into memory...
[22/04/2026 1:14:57 PM] [Info] Loaded 1904 of 2378 assets...
[22/04/2026 1:14:57 PM] [Info] Read 1909 of 2378 asset file contents into memory...
[22/04/2026 1:14:57 PM] [Info] Loaded 1909 of 2378 assets...
[22/04/2026 1:14:57 PM] [Info] Read 1914 of 2378 asset file contents into memory...
[22/04/2026 1:14:57 PM] [Info] Loaded 1914 of 2378 assets...
[22/04/2026 1:14:57 PM] [Info] Read 1919 of 2378 asset file contents into memory...
[22/04/2026 1:14:57 PM] [Info] Loaded 1919 of 2378 assets...
[22/04/2026 1:14:57 PM] [Info] Read 1924 of 2378 asset file contents into memory...
[22/04/2026 1:14:57 PM] [Info] Loaded 1924 of 2378 assets...
[22/04/2026 1:14:57 PM] [Info] Read 1930 of 2378 asset file contents into memory...
[22/04/2026 1:14:57 PM] [Info] Loaded 1930 of 2378 assets...
[22/04/2026 1:14:57 PM] [Info] Read 1935 of 2378 asset file contents into memory...
[22/04/2026 1:14:57 PM] [Info] Loaded 1935 of 2378 assets...
[22/04/2026 1:14:57 PM] [Info] Read 1940 of 2378 asset file contents into memory...
[22/04/2026 1:14:57 PM] [Info] Loaded 1940 of 2378 assets...
[22/04/2026 1:14:57 PM] [Info] Read 1945 of 2378 asset file contents into memory...
[22/04/2026 1:14:57 PM] [Info] Loaded 1945 of 2378 assets...
[22/04/2026 1:14:57 PM] [Info] Read 1951 of 2378 asset file contents into memory...
[22/04/2026 1:14:57 PM] [Info] Loaded 1951 of 2378 assets...
[22/04/2026 1:14:57 PM] [Info] Read 1954 of 2378 asset file contents into memory...
[22/04/2026 1:14:57 PM] [Info] Loaded 1954 of 2378 assets...
[22/04/2026 1:14:57 PM] [Info] Read 1958 of 2378 asset file contents into memory...
[22/04/2026 1:14:57 PM] [Info] Loaded 1958 of 2378 assets...
[22/04/2026 1:14:57 PM] [Info] Read 1962 of 2378 asset file contents into memory...
[22/04/2026 1:14:57 PM] [Info] Loaded 1962 of 2378 assets...
[22/04/2026 1:14:57 PM] [Info] Read 1966 of 2378 asset file contents into memory...
[22/04/2026 1:14:57 PM] [Info] Loaded 1966 of 2378 assets...
[22/04/2026 1:14:57 PM] [Info] Read 1969 of 2378 asset file contents into memory...
[22/04/2026 1:14:57 PM] [Info] Loaded 1969 of 2378 assets...
[22/04/2026 1:14:57 PM] [Info] Read 1973 of 2378 asset file contents into memory...
[22/04/2026 1:14:57 PM] [Info] Loaded 1973 of 2378 assets...
[22/04/2026 1:14:57 PM] [Info] Read 1977 of 2378 asset file contents into memory...
[22/04/2026 1:14:57 PM] [Info] Loaded 1977 of 2378 assets...
[22/04/2026 1:14:57 PM] [Info] Read 1980 of 2378 asset file contents into memory...
[22/04/2026 1:14:57 PM] [Info] Loaded 1980 of 2378 assets...
[22/04/2026 1:14:58 PM] [Info] Read 1985 of 2378 asset file contents into memory...
[22/04/2026 1:14:58 PM] [Info] Loaded 1985 of 2378 assets...
[22/04/2026 1:14:58 PM] [Info] Read 1989 of 2378 asset file contents into memory...
[22/04/2026 1:14:58 PM] [Info] Loaded 1989 of 2378 assets...
[22/04/2026 1:14:58 PM] [Info] Read 1994 of 2378 asset file contents into memory...
[22/04/2026 1:14:58 PM] [Info] Loaded 1994 of 2378 assets...
[22/04/2026 1:14:58 PM] [Info] Read 1999 of 2378 asset file contents into memory...
[22/04/2026 1:14:58 PM] [Info] Loaded 1999 of 2378 assets...
[22/04/2026 1:14:58 PM] [Info] Read 2004 of 2378 asset file contents into memory...
[22/04/2026 1:14:58 PM] [Info] Loaded 2004 of 2378 assets...
[22/04/2026 1:14:58 PM] [Info] Read 2009 of 2378 asset file contents into memory...
[22/04/2026 1:14:58 PM] [Info] Loaded 2009 of 2378 assets...
[22/04/2026 1:14:58 PM] [Info] Read 2014 of 2378 asset file contents into memory...
[22/04/2026 1:14:58 PM] [Info] Loaded 2014 of 2378 assets...
[22/04/2026 1:14:58 PM] [Info] Read 2018 of 2378 asset file contents into memory...
[22/04/2026 1:14:58 PM] [Info] Loaded 2018 of 2378 assets...
[22/04/2026 1:14:58 PM] [Info] Read 2023 of 2378 asset file contents into memory...
[22/04/2026 1:14:58 PM] [Info] Loaded 2023 of 2378 assets...
[22/04/2026 1:14:58 PM] [Info] Read 2028 of 2378 asset file contents into memory...
[22/04/2026 1:14:58 PM] [Info] Loaded 2028 of 2378 assets...
[22/04/2026 1:14:58 PM] [Info] Read 2033 of 2378 asset file contents into memory...
[22/04/2026 1:14:58 PM] [Info] Loaded 2033 of 2378 assets...
[22/04/2026 1:14:58 PM] [Info] Read 2038 of 2378 asset file contents into memory...
[22/04/2026 1:14:58 PM] [Info] Loaded 2038 of 2378 assets...
[22/04/2026 1:14:58 PM] [Info] Read 2043 of 2378 asset file contents into memory...
[22/04/2026 1:14:58 PM] [Info] Loaded 2043 of 2378 assets...
[22/04/2026 1:14:58 PM] [Info] Read 2048 of 2378 asset file contents into memory...
[22/04/2026 1:14:58 PM] [Info] Loaded 2048 of 2378 assets...
[22/04/2026 1:14:58 PM] [Info] Read 2053 of 2378 asset file contents into memory...
[22/04/2026 1:14:58 PM] [Info] Loaded 2053 of 2378 assets...
[22/04/2026 1:14:58 PM] [Info] Read 2057 of 2378 asset file contents into memory...
[22/04/2026 1:14:58 PM] [Info] Loaded 2057 of 2378 assets...
[22/04/2026 1:14:58 PM] [Info] Read 2062 of 2378 asset file contents into memory...
[22/04/2026 1:14:58 PM] [Info] Loaded 2062 of 2378 assets...
[22/04/2026 1:14:58 PM] [Info] Read 2067 of 2378 asset file contents into memory...
[22/04/2026 1:14:58 PM] [Info] Loaded 2067 of 2378 assets...
[22/04/2026 1:14:58 PM] [Info] Read 2072 of 2378 asset file contents into memory...
[22/04/2026 1:14:58 PM] [Info] Loaded 2072 of 2378 assets...
[22/04/2026 1:14:58 PM] [Info] Read 2077 of 2378 asset file contents into memory...
[22/04/2026 1:14:58 PM] [Info] Loaded 2077 of 2378 assets...
[22/04/2026 1:14:59 PM] [Info] Read 2081 of 2378 asset file contents into memory...
[22/04/2026 1:14:59 PM] [Info] Loaded 2081 of 2378 assets...
[22/04/2026 1:14:59 PM] [Info] Read 2086 of 2378 asset file contents into memory...
[22/04/2026 1:14:59 PM] [Info] Loaded 2086 of 2378 assets...
[22/04/2026 1:14:59 PM] [Info] Read 2091 of 2378 asset file contents into memory...
[22/04/2026 1:14:59 PM] [Info] Loaded 2091 of 2378 assets...
[22/04/2026 1:14:59 PM] [Info] Read 2096 of 2378 asset file contents into memory...
[22/04/2026 1:14:59 PM] [Info] Loaded 2096 of 2378 assets...
[22/04/2026 1:14:59 PM] [Info] Read 2101 of 2378 asset file contents into memory...
[22/04/2026 1:14:59 PM] [Info] Loaded 2101 of 2378 assets...
[22/04/2026 1:14:59 PM] [Info] Read 2105 of 2378 asset file contents into memory...
[22/04/2026 1:14:59 PM] [Info] Loaded 2105 of 2378 assets...
[22/04/2026 1:14:59 PM] [Info] Read 2110 of 2378 asset file contents into memory...
[22/04/2026 1:14:59 PM] [Info] Loaded 2110 of 2378 assets...
[22/04/2026 1:14:59 PM] [Info] Read 2115 of 2378 asset file contents into memory...
[22/04/2026 1:14:59 PM] [Info] Loaded 2115 of 2378 assets...
[22/04/2026 1:14:59 PM] [Info] Read 2119 of 2378 asset file contents into memory...
[22/04/2026 1:14:59 PM] [Info] Loaded 2119 of 2378 assets...
[22/04/2026 1:14:59 PM] [Info] Read 2124 of 2378 asset file contents into memory...
[22/04/2026 1:14:59 PM] [Info] Loaded 2124 of 2378 assets...
[22/04/2026 1:14:59 PM] [Info] Read 2127 of 2378 asset file contents into memory...
[22/04/2026 1:14:59 PM] [Info] Loaded 2127 of 2378 assets...
[22/04/2026 1:14:59 PM] [Info] Read 2131 of 2378 asset file contents into memory...
[22/04/2026 1:14:59 PM] [Info] Loaded 2131 of 2378 assets...
[22/04/2026 1:14:59 PM] [Info] Read 2135 of 2378 asset file contents into memory...
[22/04/2026 1:14:59 PM] [Info] Loaded 2135 of 2378 assets...
[22/04/2026 1:14:59 PM] [Info] Read 2139 of 2378 asset file contents into memory...
[22/04/2026 1:14:59 PM] [Info] Loaded 2139 of 2378 assets...
[22/04/2026 1:14:59 PM] [Info] Read 2143 of 2378 asset file contents into memory...
[22/04/2026 1:14:59 PM] [Info] Loaded 2143 of 2378 assets...
[22/04/2026 1:14:59 PM] [Info] Read 2147 of 2378 asset file contents into memory...
[22/04/2026 1:14:59 PM] [Info] Loaded 2147 of 2378 assets...
[22/04/2026 1:14:59 PM] [Info] Read 2150 of 2378 asset file contents into memory...
[22/04/2026 1:14:59 PM] [Info] Loaded 2150 of 2378 assets...
[22/04/2026 1:14:59 PM] [Info] Read 2154 of 2378 asset file contents into memory...
[22/04/2026 1:14:59 PM] [Info] Loaded 2154 of 2378 assets...
[22/04/2026 1:14:59 PM] [Info] Read 2158 of 2378 asset file contents into memory...
[22/04/2026 1:14:59 PM] [Info] Loaded 2158 of 2378 assets...
[22/04/2026 1:14:59 PM] [Info] Read 2162 of 2378 asset file contents into memory...
[22/04/2026 1:14:59 PM] [Info] Loaded 2162 of 2378 assets...
[22/04/2026 1:15:00 PM] [Info] Read 2165 of 2378 asset file contents into memory...
[22/04/2026 1:15:00 PM] [Info] Loaded 2165 of 2378 assets...
[22/04/2026 1:15:00 PM] [Info] Read 2169 of 2378 asset file contents into memory...
[22/04/2026 1:15:00 PM] [Info] Loaded 2169 of 2378 assets...
[22/04/2026 1:15:00 PM] [Info] Read 2173 of 2378 asset file contents into memory...
[22/04/2026 1:15:00 PM] [Info] Loaded 2173 of 2378 assets...
[22/04/2026 1:15:00 PM] [Info] Read 2176 of 2378 asset file contents into memory...
[22/04/2026 1:15:00 PM] [Info] Loaded 2176 of 2378 assets...
[22/04/2026 1:15:00 PM] [Info] Read 2180 of 2378 asset file contents into memory...
[22/04/2026 1:15:00 PM] [Info] Loaded 2180 of 2378 assets...
[22/04/2026 1:15:00 PM] [Info] Read 2184 of 2378 asset file contents into memory...
[22/04/2026 1:15:00 PM] [Info] Loaded 2184 of 2378 assets...
[22/04/2026 1:15:00 PM] [Info] Read 2188 of 2378 asset file contents into memory...
[22/04/2026 1:15:00 PM] [Info] Loaded 2188 of 2378 assets...
[22/04/2026 1:15:00 PM] [Info] Read 2193 of 2378 asset file contents into memory...
[22/04/2026 1:15:00 PM] [Info] Loaded 2193 of 2378 assets...
[22/04/2026 1:15:00 PM] [Info] Read 2198 of 2378 asset file contents into memory...
[22/04/2026 1:15:00 PM] [Info] Loaded 2198 of 2378 assets...
[22/04/2026 1:15:00 PM] [Info] Read 2203 of 2378 asset file contents into memory...
[22/04/2026 1:15:00 PM] [Info] Loaded 2203 of 2378 assets...
[22/04/2026 1:15:00 PM] [Info] Read 2208 of 2378 asset file contents into memory...
[22/04/2026 1:15:00 PM] [Info] Loaded 2208 of 2378 assets...
[22/04/2026 1:15:00 PM] [Info] Read 2213 of 2378 asset file contents into memory...
[22/04/2026 1:15:00 PM] [Info] Loaded 2213 of 2378 assets...
[22/04/2026 1:15:00 PM] [Info] Read 2218 of 2378 asset file contents into memory...
[22/04/2026 1:15:00 PM] [Info] Loaded 2218 of 2378 assets...
[22/04/2026 1:15:00 PM] [Info] Read 2223 of 2378 asset file contents into memory...
[22/04/2026 1:15:00 PM] [Info] Loaded 2223 of 2378 assets...
[22/04/2026 1:15:00 PM] [Info] Read 2228 of 2378 asset file contents into memory...
[22/04/2026 1:15:00 PM] [Info] Loaded 2228 of 2378 assets...
[22/04/2026 1:15:00 PM] [Info] Read 2233 of 2378 asset file contents into memory...
[22/04/2026 1:15:00 PM] [Info] Loaded 2233 of 2378 assets...
[22/04/2026 1:15:00 PM] [Info] Read 2238 of 2378 asset file contents into memory...
[22/04/2026 1:15:00 PM] [Info] Loaded 2238 of 2378 assets...
[22/04/2026 1:15:00 PM] [Info] Read 2243 of 2378 asset file contents into memory...
[22/04/2026 1:15:00 PM] [Info] Loaded 2243 of 2378 assets...
[22/04/2026 1:15:01 PM] [Info] Read 2247 of 2378 asset file contents into memory...
[22/04/2026 1:15:01 PM] [Info] Loaded 2247 of 2378 assets...
[22/04/2026 1:15:01 PM] [Info] Read 2252 of 2378 asset file contents into memory...
[22/04/2026 1:15:01 PM] [Info] Loaded 2252 of 2378 assets...
[22/04/2026 1:15:01 PM] [Info] Read 2257 of 2378 asset file contents into memory...
[22/04/2026 1:15:01 PM] [Info] Loaded 2257 of 2378 assets...
[22/04/2026 1:15:01 PM] [Info] Read 2261 of 2378 asset file contents into memory...
[22/04/2026 1:15:01 PM] [Info] Loaded 2261 of 2378 assets...
[22/04/2026 1:15:01 PM] [Info] Read 2266 of 2378 asset file contents into memory...
[22/04/2026 1:15:01 PM] [Info] Loaded 2266 of 2378 assets...
[22/04/2026 1:15:01 PM] [Info] Read 2271 of 2378 asset file contents into memory...
[22/04/2026 1:15:01 PM] [Info] Loaded 2271 of 2378 assets...
[22/04/2026 1:15:01 PM] [Info] Read 2275 of 2378 asset file contents into memory...
[22/04/2026 1:15:01 PM] [Info] Loaded 2275 of 2378 assets...
[22/04/2026 1:15:01 PM] [Info] Read 2280 of 2378 asset file contents into memory...
[22/04/2026 1:15:01 PM] [Info] Loaded 2280 of 2378 assets...
[22/04/2026 1:15:01 PM] [Info] Read 2285 of 2378 asset file contents into memory...
[22/04/2026 1:15:01 PM] [Info] Loaded 2285 of 2378 assets...
[22/04/2026 1:15:01 PM] [Info] Read 2290 of 2378 asset file contents into memory...
[22/04/2026 1:15:01 PM] [Info] Loaded 2290 of 2378 assets...
[22/04/2026 1:15:01 PM] [Info] Read 2295 of 2378 asset file contents into memory...
[22/04/2026 1:15:01 PM] [Info] Loaded 2295 of 2378 assets...
[22/04/2026 1:15:01 PM] [Info] Read 2301 of 2378 asset file contents into memory...
[22/04/2026 1:15:01 PM] [Info] Loaded 2301 of 2378 assets...
[22/04/2026 1:15:01 PM] [Info] Read 2306 of 2378 asset file contents into memory...
[22/04/2026 1:15:01 PM] [Info] Loaded 2306 of 2378 assets...
[22/04/2026 1:15:01 PM] [Info] Read 2312 of 2378 asset file contents into memory...
[22/04/2026 1:15:01 PM] [Info] Loaded 2312 of 2378 assets...
[22/04/2026 1:15:01 PM] [Info] Read 2317 of 2378 asset file contents into memory...
[22/04/2026 1:15:01 PM] [Info] Loaded 2317 of 2378 assets...
[22/04/2026 1:15:01 PM] [Info] Read 2322 of 2378 asset file contents into memory...
[22/04/2026 1:15:01 PM] [Info] Loaded 2322 of 2378 assets...
[22/04/2026 1:15:01 PM] [Info] Read 2327 of 2378 asset file contents into memory...
[22/04/2026 1:15:01 PM] [Info] Loaded 2327 of 2378 assets...
[22/04/2026 1:15:01 PM] [Info] Read 2333 of 2378 asset file contents into memory...
[22/04/2026 1:15:01 PM] [Info] Loaded 2333 of 2378 assets...
[22/04/2026 1:15:01 PM] [Info] Read 2338 of 2378 asset file contents into memory...
[22/04/2026 1:15:01 PM] [Info] Loaded 2338 of 2378 assets...
[22/04/2026 1:15:01 PM] [Info] Read 2343 of 2378 asset file contents into memory...
[22/04/2026 1:15:01 PM] [Info] Loaded 2343 of 2378 assets...
[22/04/2026 1:15:02 PM] [Info] Read 2348 of 2378 asset file contents into memory...
[22/04/2026 1:15:02 PM] [Info] Loaded 2348 of 2378 assets...
[22/04/2026 1:15:02 PM] [Info] Read 2354 of 2378 asset file contents into memory...
[22/04/2026 1:15:02 PM] [Info] Loaded 2354 of 2378 assets...
[22/04/2026 1:15:02 PM] [Info] Read 2358 of 2378 asset file contents into memory...
[22/04/2026 1:15:02 PM] [Info] Loaded 2358 of 2378 assets...
[22/04/2026 1:15:02 PM] [Info] Read 2364 of 2378 asset file contents into memory...
[22/04/2026 1:15:02 PM] [Info] Loaded 2364 of 2378 assets...
[22/04/2026 1:15:02 PM] [Info] Read 2369 of 2378 asset file contents into memory...
[22/04/2026 1:15:02 PM] [Info] Loaded 2369 of 2378 assets...
[22/04/2026 1:15:02 PM] [Info] Read 2374 of 2378 asset file contents into memory...
[22/04/2026 1:15:02 PM] [Info] Loaded 2374 of 2378 assets...
[22/04/2026 1:15:02 PM] [Info] Read 2378 of 2378 asset file contents into memory...
[22/04/2026 1:15:02 PM] [Info] Loaded 2378 of 2378 assets...
[22/04/2026 1:15:02 PM] [Info] Level overrides config Animals.Max_Instances_Medium: 256
[22/04/2026 1:15:02 PM] [Info] Skipping level config override Items.Quality_Full_Chance because it's overridden in server config
[22/04/2026 1:15:02 PM] [Info] Level overrides config Barricades.Allow_Item_Placement_On_Vehicle: False
[22/04/2026 1:15:02 PM] [Info] Level overrides config Barricades.Allow_Trap_Placement_On_Vehicle: False
[22/04/2026 1:15:02 PM] [Info] Level overrides config Barricades.Gun_Lowcal_Damage_Multiplier: 1
[22/04/2026 1:15:02 PM] [Info] Level overrides config Barricades.Gun_Highcal_Damage_Multiplier: 1
[22/04/2026 1:15:02 PM] [Info] Level overrides config Barricades.Armor_Lowtier_Multiplier: 1
[22/04/2026 1:15:02 PM] [Info] Level overrides config Barricades.Armor_Hightier_Multiplier: 1
[22/04/2026 1:15:02 PM] [Info] Level overrides config Structures.Gun_Lowcal_Damage_Multiplier: 1
[22/04/2026 1:15:02 PM] [Info] Level overrides config Structures.Gun_Highcal_Damage_Multiplier: 1
[22/04/2026 1:15:02 PM] [Info] Level overrides config Structures.Armor_Lowtier_Multiplier: 1
[22/04/2026 1:15:02 PM] [Info] Level overrides config Structures.Armor_Hightier_Multiplier: 1
[22/04/2026 1:15:02 PM] [Info] Level overrides config Structures.Melee_Damage_Multiplier: 1
[22/04/2026 1:15:02 PM] [Info] Level overrides config Structures.Melee_Repair_Multiplier: 1
[22/04/2026 1:15:02 PM] [Info] Level overrides config Events.Airdrop_Speed: 96
[22/04/2026 1:15:02 PM] [Info] Level overrides config Events.Airdrop_Force: 8.55
[22/04/2026 1:15:02 PM] [Info] Skipping level config override Vehicles.Gun_Lowcal_Damage_Multiplier because it's overridden in server config
[22/04/2026 1:15:02 PM] [Info] Skipping level config override Vehicles.Melee_Damage_Multiplier because it's overridden in server config
[22/04/2026 1:15:02 PM] [Info] Level overrides config Vehicles.Min_Battery_Charge: 1
[22/04/2026 1:15:02 PM] [Info] Level overrides config Vehicles.Max_Battery_Charge: 1
[22/04/2026 1:15:02 PM] [Info] Level overrides config Vehicles.Has_Battery_Chance: 1
[22/04/2026 1:15:02 PM] [Info] Level overrides config Vehicles.Max_Instances_Medium: 48
[22/04/2026 1:15:02 PM] [Info] Skipping level config override Vehicles.Armor_Multiplier because it's overridden in server config
[22/04/2026 1:15:02 PM] [Info] Skipping level config override Players.Experience_Multiplier because it's overridden in server config
[22/04/2026 1:15:02 PM] [Info] Skipping level config override Players.Lose_Skills_PvP because it's overridden in server config
[22/04/2026 1:15:02 PM] [Info] Skipping level config override Players.Lose_Skills_PvE because it's overridden in server config
[22/04/2026 1:15:02 PM] [Info] Skipping level config override Players.Lose_Experience_PvP because it's overridden in server config
[22/04/2026 1:15:02 PM] [Info] Skipping level config override Players.Lose_Experience_PvE because it's overridden in server config
[22/04/2026 1:15:02 PM] [Info] Skipping level config override Players.Lose_Skill_Levels_PvP because it's overridden in server config
[22/04/2026 1:15:02 PM] [Info] Skipping level config override Players.Lose_Skill_Levels_PvE because it's overridden in server config
[22/04/2026 1:15:02 PM] [Info] Skipping level config override Players.Virus_Infect because it's overridden in server config
[22/04/2026 1:15:02 PM] [Info] Level overrides config Players.Can_Break_Legs: False
[22/04/2026 1:15:02 PM] [Info] Skipping level config override Zombies.Armor_Multiplier because it's overridden in server config
[22/04/2026 1:15:02 PM] [Info] Level overrides config Zombies.Full_Moon_Experience_Multiplier: 2
[22/04/2026 1:15:02 PM] [Info] Skipping level config override Zombies.Spawn_Chance because it's overridden in server config
[22/04/2026 1:15:02 PM] [Info] Skipping level config override Zombies.Min_Mega_Drops because it's overridden in server config
[22/04/2026 1:15:02 PM] [Info] Skipping level config override Zombies.Max_Mega_Drops because it's overridden in server config
[22/04/2026 1:15:02 PM] [Info] Skipping level config override Zombies.Min_Boss_Drops because it's overridden in server config
[22/04/2026 1:15:02 PM] [Info] Skipping level config override Zombies.Max_Boss_Drops because it's overridden in server config
[22/04/2026 1:15:02 PM] [Info] Skipping level config override Zombies.Loot_Chance because it's overridden in server config
[22/04/2026 1:15:02 PM] [Info] Skipping level config override Gameplay.Chart because it's overridden in server config
[22/04/2026 1:15:02 PM] [Info] Monitoring workshop map "A6 Polaris" (2898548949) for changes
[22/04/2026 1:15:02 PM] [Info] Loading level: 5%
[22/04/2026 1:15:05 PM] [Info] Loading level: 10%
[22/04/2026 1:15:05 PM] [Info] Loading level: 15%
[22/04/2026 1:15:05 PM] [Info] Loading level: 21%
[22/04/2026 1:15:05 PM] [Info] Loading level: 26%
[22/04/2026 1:15:05 PM] [Info] Loading level: 31%
[22/04/2026 1:15:05 PM] [Info] Loading level: 36%
[22/04/2026 1:15:05 PM] [Info] Loading level: 42%
[22/04/2026 1:15:05 PM] [Info] Loading level: 47%
[22/04/2026 1:15:05 PM] [Info] Loading level: 52%
[22/04/2026 1:15:05 PM] [Info] Loading level: 57%
[22/04/2026 1:15:05 PM] [Info] Loading level: 63%
[22/04/2026 1:15:08 PM] [Info] Loading level: 68%
[22/04/2026 1:15:08 PM] [Info] Loading level: 73%
[22/04/2026 1:15:08 PM] [Info] Loading level: 89%
[22/04/2026 1:15:08 PM] [Info] Loading level: 94%
[22/04/2026 1:15:08 PM] [Info] //////////////////////////////////////////////////////
[22/04/2026 1:15:08 PM] [Info] Server Code: 85568392936196484
[22/04/2026 1:15:08 PM] [Info] Your friends can enter this code in the Connect Directly menu to join without port forwarding.
[22/04/2026 1:15:08 PM] [Info] Tip: Use the "CopyServerCode" command to copy the code to your clipboard. Alternatively, in most terminals you can highlight it and press Ctrl+Insert to copy.
[22/04/2026 1:15:08 PM] [Info] //////////////////////////////////////////////////////
[22/04/2026 1:15:09 PM] [Info] Loading level: 100%
[22/04/2026 1:25:40 PM] [Info] Connecting: PlayerID: 76561198374187872 Name: Myst_iU Character: Myst
[22/04/2026 1:29:55 PM] [Info] [World] Myst [Myst_iU]: "/god"
[22/04/2026 1:44:37 PM] [Info] Myst enabled Godmode
[22/04/2026 1:44:37 PM] [Info] Saving server
[22/04/2026 1:51:06 PM] [Info] MoreHomes >> 8 player homes data has been saved!
[22/04/2026 1:51:06 PM] [Info] Disconnecting: PlayerID: 76561198374187872 Name: Myst_iU Character: Myst
[22/04/2026 1:56:07 PM] [Info] Handling SIGINT or SIGBREAK by requesting a graceful shutdown
[22/04/2026 1:56:07 PM] [Info] MoreHomes >> 8 player homes data has been saved!
