[20/04/2026 3:10:54 PM] [Info] [registered] /more (Rocket.Unturned.Commands.CommandMore/more)
[20/04/2026 3:10:56 PM] [Info] [registered] /admin (Rocket.Unturned.Commands.CommandAdmin/admin)
[20/04/2026 3:10:56 PM] [Info] [registered] /broadcast (Rocket.Unturned.Commands.CommandBroadcast/broadcast)
[20/04/2026 3:10:56 PM] [Info] [registered] /compass (Rocket.Unturned.Commands.CommandCompass/compass)
[20/04/2026 3:10:56 PM] [Info] [registered] /effect (Rocket.Unturned.Commands.CommandEffect/effect)
[20/04/2026 3:10:56 PM] [Info] [registered] /exit (Rocket.Unturned.Commands.CommandExit/exit)
[20/04/2026 3:10:56 PM] [Info] [registered] /god (Rocket.Unturned.Commands.CommandGod/god)
[20/04/2026 3:10:56 PM] [Info] [registered] /heal (Rocket.Unturned.Commands.CommandHeal/heal)
[20/04/2026 3:10:56 PM] [Info] [registered] /help (Rocket.Unturned.Commands.CommandHelp/help)
[20/04/2026 3:10:56 PM] [Info] [registered] /i (Rocket.Unturned.Commands.CommandI/i)
[20/04/2026 3:10:56 PM] [Info] [registered] /item (Rocket.Unturned.Commands.CommandI/item)
[20/04/2026 3:10:56 PM] [Info] [registered] /investigate (Rocket.Unturned.Commands.CommandInvestigate/investigate)
[20/04/2026 3:10:56 PM] [Info] [registered] /p (Rocket.Unturned.Commands.CommandP/p)
[20/04/2026 3:10:56 PM] [Info] [registered] /permissions (Rocket.Unturned.Commands.CommandP/permissions)
[20/04/2026 3:10:56 PM] [Info] [registered] /rocket (Rocket.Unturned.Commands.CommandRocket/rocket)
[20/04/2026 3:10:56 PM] [Info] [registered] /tp (Rocket.Unturned.Commands.CommandTp/tp)
[20/04/2026 3:10:56 PM] [Info] [registered] /tphere (Rocket.Unturned.Commands.CommandTphere/tphere)
[20/04/2026 3:10:56 PM] [Info] [registered] /unadmin (Rocket.Unturned.Commands.CommandUnadmin/unadmin)
[20/04/2026 3:10:56 PM] [Info] [registered] /v (Rocket.Unturned.Commands.CommandV/v)
[20/04/2026 3:10:56 PM] [Info] [registered] /vanish (Rocket.Unturned.Commands.CommandVanish/vanish)
[20/04/2026 3:10:56 PM] [Info] Loading HardcoreDurability from E:\SteamLibrary\steamapps\common\U3DS\Servers\New Era Polaris\Rocket\Plugins\HardcoreDurability.dll
[20/04/2026 3:10:56 PM] [Info] Loading MoreHomes from E:\SteamLibrary\steamapps\common\U3DS\Servers\New Era Polaris\Rocket\Plugins\MoreHomes.dll
[20/04/2026 3:10:56 PM] [Info] Loading Teleportation from E:\SteamLibrary\steamapps\common\U3DS\Servers\New Era Polaris\Rocket\Plugins\Teleportation.dll
[20/04/2026 3:10:57 PM] [Error] mscorlib >> Caught exception resolving dependency: 0Harmony -> Exception in DoAssemblyResolve: System.ArgumentNullException: Value cannot be null.
Parameter name: v1
  at System.Version.op_LessThanOrEqual (System.Version v1, System.Version v2) [0x00003] in <1071a2cb0cb3433aae80a793c277a048>:0 
  at System.Version.op_GreaterThanOrEqual (System.Version v1, System.Version v2) [0x00000] in <1071a2cb0cb3433aae80a793c277a048>:0 
  at Rocket.Core.Plugins.RocketPluginManager+<>c__DisplayClass12_0.<Awake>b__1 (System.Collections.Generic.KeyValuePair`2[TKey,TValue] lib) [0x00035] in <59a13feb721848c8b0cd173f6d0e820b>:0 
  at System.Linq.Enumerable.TryGetFirst[TSource] (System.Collections.Generic.IEnumerable`1[T] source, System.Func`2[T,TResult] predicate, System.Boolean& found) [0x0003f] in <ea489521390f48908a7ce45cb17a6848>:0 
  at System.Linq.Enumerable.FirstOrDefault[TSource] (System.Collections.Generic.IEnumerable`1[T] source, System.Func`2[T,TResult] predicate) [0x00000] in <ea489521390f48908a7ce45cb17a6848>:0 
  at Rocket.Core.Plugins.RocketPluginManager.<Awake>b__12_0 (System.Object sender, System.ResolveEventArgs args) [0x00017] in <59a13feb721848c8b0cd173f6d0e820b>:0 
[20/04/2026 3:10:57 PM] [Error] Could not find dependency: 0Harmony
[20/04/2026 3:10:57 PM] [Info] 
[loading] HardcoreDurability
[20/04/2026 3:10:57 PM] [Info] HardcoreDurability >> Hardcore Durability Loaded! Master StackTrace enabled.
[20/04/2026 3:10:57 PM] [Info] 
[loading] MoreHomes
[20/04/2026 3:10:57 PM] [Info] [registered] /home (RestoreMonarchy.MoreHomes.Commands.HomeCommand/home)
[20/04/2026 3:10:57 PM] [Info] [registered] /homes (RestoreMonarchy.MoreHomes.Commands.HomesCommand/homes)
[20/04/2026 3:10:57 PM] [Info] [registered] /destroyhome (RestoreMonarchy.MoreHomes.Commands.DestroyHomeCommand/destroyhome)
[20/04/2026 3:10:57 PM] [Info] [registered] /renamehome (RestoreMonarchy.MoreHomes.Commands.RenameHomeCommand/renamehome)
[20/04/2026 3:10:57 PM] [Info] [registered] /restorehomes (RestoreMonarchy.MoreHomes.Commands.RestoreHomesCommand/restorehomes)
[20/04/2026 3:10:57 PM] [Info] MoreHomes >> MoreHomes 1.7.2.0 has been loaded!
[20/04/2026 3:10:57 PM] [Info] MoreHomes >> Brought to you by RestoreMonarchy.com
[20/04/2026 3:10:57 PM] [Error] mscorlib >> Caught exception resolving dependency: Steamworks.NET -> Exception in DoAssemblyResolve: System.ArgumentNullException: Value cannot be null.
Parameter name: v1
  at System.Version.op_LessThanOrEqual (System.Version v1, System.Version v2) [0x00003] in <1071a2cb0cb3433aae80a793c277a048>:0 
  at System.Version.op_GreaterThanOrEqual (System.Version v1, System.Version v2) [0x00000] in <1071a2cb0cb3433aae80a793c277a048>:0 
  at Rocket.Core.Plugins.RocketPluginManager+<>c__DisplayClass12_0.<Awake>b__1 (System.Collections.Generic.KeyValuePair`2[TKey,TValue] lib) [0x00035] in <59a13feb721848c8b0cd173f6d0e820b>:0 
  at System.Linq.Enumerable.TryGetFirst[TSource] (System.Collections.Generic.IEnumerable`1[T] source, System.Func`2[T,TResult] predicate, System.Boolean& found) [0x0003f] in <ea489521390f48908a7ce45cb17a6848>:0 
  at System.Linq.Enumerable.FirstOrDefault[TSource] (System.Collections.Generic.IEnumerable`1[T] source, System.Func`2[T,TResult] predicate) [0x00000] in <ea489521390f48908a7ce45cb17a6848>:0 
  at Rocket.Core.Plugins.RocketPluginManager.<Awake>b__12_0 (System.Object sender, System.ResolveEventArgs args) [0x00017] in <59a13feb721848c8b0cd173f6d0e820b>:0 
[20/04/2026 3:10:57 PM] [Error] Could not find dependency: Steamworks.NET
[20/04/2026 3:10:57 PM] [Info] 
[loading] Teleportation
[20/04/2026 3:10:57 PM] [Info] [registered] /tpa (RestoreMonarchy.Teleportation.Commands.TPACommand/tpa)
[20/04/2026 3:10:57 PM] [Info] Teleportation >> Teleportation 1.6.0.0 has been loaded!
[20/04/2026 3:10:57 PM] [Info] This server will automatically save every 1800 seconds
[20/04/2026 3:10:57 PM] [Info] Steam servers ready!
[20/04/2026 3:10:57 PM] [Info] Workshop install folder: E:\SteamLibrary\steamapps\common\U3DS/Servers/New Era Polaris/Workshop/Steam
[20/04/2026 3:10:57 PM] [Info] 1 workshop item(s) requested
[20/04/2026 3:10:57 PM] [Info] Submitting workshop query for 1 item(s)...
[20/04/2026 3:10:57 PM] [Info] Workshop query yielded 1 result(s)
[20/04/2026 3:10:57 PM] [Info] This server's allowed IP for Workshop downloads: [redacted]
[20/04/2026 3:10:57 PM] [Info] 2898548949 'A6 Polaris' queued for download
[20/04/2026 3:10:57 PM] [Info] 1 workshop item(s) to download...
[20/04/2026 3:10:57 PM] [Info] Workshop item found in cache: 2898548949
[20/04/2026 3:10:57 PM] [Info] Installing workshop item: 2898548949
[20/04/2026 3:10:57 PM] [Info] Installed workshop item: 2898548949
[20/04/2026 3:10:57 PM] [Info] Searched 0 of 1 locations and found 100 asset files...
[20/04/2026 3:10:57 PM] [Info] Read 0 of 100 asset file contents into memory...
[20/04/2026 3:10:57 PM] [Info] Loaded 0 of 100 assets...
[20/04/2026 3:10:57 PM] [Info] Searched 0 of 1 locations and found 221 asset files...
[20/04/2026 3:10:57 PM] [Info] Read 0 of 221 asset file contents into memory...
[20/04/2026 3:10:57 PM] [Info] Loaded 0 of 221 assets...
[20/04/2026 3:10:57 PM] [Info] Searched 0 of 1 locations and found 356 asset files...
[20/04/2026 3:10:57 PM] [Info] Read 0 of 356 asset file contents into memory...
[20/04/2026 3:10:57 PM] [Info] Loaded 0 of 356 assets...
[20/04/2026 3:10:57 PM] [Info] Searched 0 of 1 locations and found 484 asset files...
[20/04/2026 3:10:57 PM] [Info] Read 0 of 484 asset file contents into memory...
[20/04/2026 3:10:57 PM] [Info] Loaded 0 of 484 assets...
[20/04/2026 3:10:57 PM] [Info] Loaded 0 of 1 asset bundles...
[20/04/2026 3:10:57 PM] [Info] Searched 0 of 1 locations and found 628 asset files...
[20/04/2026 3:10:57 PM] [Info] Read 0 of 628 asset file contents into memory...
[20/04/2026 3:10:57 PM] [Info] Loaded 0 of 628 assets...
[20/04/2026 3:10:57 PM] [Info] Searched 0 of 1 locations and found 786 asset files...
[20/04/2026 3:10:57 PM] [Info] Read 5 of 786 asset file contents into memory...
[20/04/2026 3:10:57 PM] [Info] Loaded 0 of 786 assets...
[20/04/2026 3:10:57 PM] [Info] Searched 0 of 1 locations and found 936 asset files...
[20/04/2026 3:10:57 PM] [Info] Read 13 of 936 asset file contents into memory...
[20/04/2026 3:10:57 PM] [Info] Loaded 0 of 936 assets...
[20/04/2026 3:10:57 PM] [Info] Searched 0 of 1 locations and found 1083 asset files...
[20/04/2026 3:10:57 PM] [Info] Read 20 of 1083 asset file contents into memory...
[20/04/2026 3:10:57 PM] [Info] Loaded 0 of 1083 assets...
[20/04/2026 3:10:57 PM] [Info] Searched 0 of 1 locations and found 1238 asset files...
[20/04/2026 3:10:57 PM] [Info] Read 27 of 1238 asset file contents into memory...
[20/04/2026 3:10:57 PM] [Info] Loaded 0 of 1238 assets...
[20/04/2026 3:10:57 PM] [Info] Searched 0 of 1 locations and found 1378 asset files...
[20/04/2026 3:10:57 PM] [Info] Read 35 of 1378 asset file contents into memory...
[20/04/2026 3:10:57 PM] [Info] Loaded 0 of 1378 assets...
[20/04/2026 3:10:57 PM] [Info] Searched 0 of 1 locations and found 1502 asset files...
[20/04/2026 3:10:57 PM] [Info] Read 43 of 1502 asset file contents into memory...
[20/04/2026 3:10:57 PM] [Info] Loaded 0 of 1502 assets...
[20/04/2026 3:10:57 PM] [Info] Searched 0 of 1 locations and found 1646 asset files...
[20/04/2026 3:10:57 PM] [Info] Read 51 of 1646 asset file contents into memory...
[20/04/2026 3:10:57 PM] [Info] Loaded 0 of 1646 assets...
[20/04/2026 3:10:57 PM] [Info] Searched 0 of 1 locations and found 1784 asset files...
[20/04/2026 3:10:57 PM] [Info] Read 60 of 1784 asset file contents into memory...
[20/04/2026 3:10:57 PM] [Info] Loaded 0 of 1784 assets...
[20/04/2026 3:10:58 PM] [Info] Searched 0 of 1 locations and found 1953 asset files...
[20/04/2026 3:10:58 PM] [Info] Read 68 of 1953 asset file contents into memory...
[20/04/2026 3:10:58 PM] [Info] Loaded 0 of 1953 assets...
[20/04/2026 3:10:58 PM] [Info] Searched 0 of 1 locations and found 2099 asset files...
[20/04/2026 3:10:58 PM] [Info] Read 71 of 2099 asset file contents into memory...
[20/04/2026 3:10:58 PM] [Info] Loaded 0 of 2099 assets...
[20/04/2026 3:10:58 PM] [Info] Searched 0 of 1 locations and found 2253 asset files...
[20/04/2026 3:10:58 PM] [Info] Read 75 of 2253 asset file contents into memory...
[20/04/2026 3:10:58 PM] [Info] Loaded 0 of 2253 assets...
[20/04/2026 3:10:58 PM] [Info] Searched 1 of 1 locations and found 2378 asset files...
[20/04/2026 3:10:58 PM] [Info] Read 78 of 2378 asset file contents into memory...
[20/04/2026 3:10:58 PM] [Info] Loaded 0 of 2378 assets...
[20/04/2026 3:10:58 PM] [Info] Read 81 of 2378 asset file contents into memory...
[20/04/2026 3:10:58 PM] [Info] Read 85 of 2378 asset file contents into memory...
[20/04/2026 3:10:58 PM] [Info] Read 88 of 2378 asset file contents into memory...
[20/04/2026 3:10:58 PM] [Info] Read 91 of 2378 asset file contents into memory...
[20/04/2026 3:10:58 PM] [Info] Read 95 of 2378 asset file contents into memory...
[20/04/2026 3:10:58 PM] [Info] Read 98 of 2378 asset file contents into memory...
[20/04/2026 3:10:58 PM] [Info] Read 102 of 2378 asset file contents into memory...
[20/04/2026 3:10:58 PM] [Info] Read 106 of 2378 asset file contents into memory...
[20/04/2026 3:10:58 PM] [Info] Read 110 of 2378 asset file contents into memory...
[20/04/2026 3:10:58 PM] [Info] Read 115 of 2378 asset file contents into memory...
[20/04/2026 3:10:58 PM] [Info] Read 119 of 2378 asset file contents into memory...
[20/04/2026 3:10:58 PM] [Info] Read 124 of 2378 asset file contents into memory...
[20/04/2026 3:10:58 PM] [Info] Read 128 of 2378 asset file contents into memory...
[20/04/2026 3:10:58 PM] [Info] Read 132 of 2378 asset file contents into memory...
[20/04/2026 3:10:58 PM] [Info] Read 137 of 2378 asset file contents into memory...
[20/04/2026 3:10:58 PM] [Info] Read 141 of 2378 asset file contents into memory...
[20/04/2026 3:10:59 PM] [Info] Read 145 of 2378 asset file contents into memory...
[20/04/2026 3:10:59 PM] [Info] Loaded 1 of 1 asset bundles...
[20/04/2026 3:10:59 PM] [Info] Read 151 of 2378 asset file contents into memory...
[20/04/2026 3:10:59 PM] [Info] Loaded 3 of 2378 assets...
[20/04/2026 3:10:59 PM] [Info] Read 156 of 2378 asset file contents into memory...
[20/04/2026 3:10:59 PM] [Info] Loaded 7 of 2378 assets...
[20/04/2026 3:10:59 PM] [Info] Read 161 of 2378 asset file contents into memory...
[20/04/2026 3:10:59 PM] [Info] Loaded 54 of 2378 assets...
[20/04/2026 3:10:59 PM] [Info] Read 168 of 2378 asset file contents into memory...
[20/04/2026 3:10:59 PM] [Info] Loaded 84 of 2378 assets...
[20/04/2026 3:10:59 PM] [Info] Read 176 of 2378 asset file contents into memory...
[20/04/2026 3:10:59 PM] [Info] Loaded 114 of 2378 assets...
[20/04/2026 3:10:59 PM] [Info] Read 183 of 2378 asset file contents into memory...
[20/04/2026 3:10:59 PM] [Info] Loaded 183 of 2378 assets...
[20/04/2026 3:10:59 PM] [Info] Read 191 of 2378 asset file contents into memory...
[20/04/2026 3:10:59 PM] [Info] Loaded 191 of 2378 assets...
[20/04/2026 3:10:59 PM] [Info] Read 198 of 2378 asset file contents into memory...
[20/04/2026 3:10:59 PM] [Info] Loaded 198 of 2378 assets...
[20/04/2026 3:10:59 PM] [Info] Read 205 of 2378 asset file contents into memory...
[20/04/2026 3:10:59 PM] [Info] Loaded 205 of 2378 assets...
[20/04/2026 3:10:59 PM] [Info] Read 209 of 2378 asset file contents into memory...
[20/04/2026 3:10:59 PM] [Info] Loaded 209 of 2378 assets...
[20/04/2026 3:10:59 PM] [Info] Read 213 of 2378 asset file contents into memory...
[20/04/2026 3:10:59 PM] [Info] Loaded 213 of 2378 assets...
[20/04/2026 3:10:59 PM] [Info] Read 217 of 2378 asset file contents into memory...
[20/04/2026 3:10:59 PM] [Info] Loaded 217 of 2378 assets...
[20/04/2026 3:10:59 PM] [Info] Read 221 of 2378 asset file contents into memory...
[20/04/2026 3:10:59 PM] [Info] Loaded 221 of 2378 assets...
[20/04/2026 3:10:59 PM] [Info] Read 226 of 2378 asset file contents into memory...
[20/04/2026 3:10:59 PM] [Info] Loaded 226 of 2378 assets...
[20/04/2026 3:10:59 PM] [Info] Read 230 of 2378 asset file contents into memory...
[20/04/2026 3:10:59 PM] [Info] Loaded 230 of 2378 assets...
[20/04/2026 3:10:59 PM] [Info] Read 233 of 2378 asset file contents into memory...
[20/04/2026 3:10:59 PM] [Info] Loaded 233 of 2378 assets...
[20/04/2026 3:10:59 PM] [Info] Read 236 of 2378 asset file contents into memory...
[20/04/2026 3:10:59 PM] [Info] Loaded 236 of 2378 assets...
[20/04/2026 3:11:00 PM] [Info] Read 240 of 2378 asset file contents into memory...
[20/04/2026 3:11:00 PM] [Info] Loaded 240 of 2378 assets...
[20/04/2026 3:11:00 PM] [Info] Read 244 of 2378 asset file contents into memory...
[20/04/2026 3:11:00 PM] [Info] Loaded 243 of 2378 assets...
[20/04/2026 3:11:00 PM] [Info] Read 247 of 2378 asset file contents into memory...
[20/04/2026 3:11:00 PM] [Info] Loaded 247 of 2378 assets...
[20/04/2026 3:11:00 PM] [Info] Read 250 of 2378 asset file contents into memory...
[20/04/2026 3:11:00 PM] [Info] Loaded 250 of 2378 assets...
[20/04/2026 3:11:00 PM] [Info] Read 254 of 2378 asset file contents into memory...
[20/04/2026 3:11:00 PM] [Info] Loaded 254 of 2378 assets...
[20/04/2026 3:11:00 PM] [Info] Read 258 of 2378 asset file contents into memory...
[20/04/2026 3:11:00 PM] [Info] Loaded 258 of 2378 assets...
[20/04/2026 3:11:00 PM] [Info] Read 262 of 2378 asset file contents into memory...
[20/04/2026 3:11:00 PM] [Info] Loaded 262 of 2378 assets...
[20/04/2026 3:11:00 PM] [Info] Read 265 of 2378 asset file contents into memory...
[20/04/2026 3:11:00 PM] [Info] Loaded 265 of 2378 assets...
[20/04/2026 3:11:00 PM] [Info] Read 269 of 2378 asset file contents into memory...
[20/04/2026 3:11:00 PM] [Info] Loaded 269 of 2378 assets...
[20/04/2026 3:11:00 PM] [Info] Read 274 of 2378 asset file contents into memory...
[20/04/2026 3:11:00 PM] [Info] Loaded 274 of 2378 assets...
[20/04/2026 3:11:00 PM] [Info] Read 278 of 2378 asset file contents into memory...
[20/04/2026 3:11:00 PM] [Info] Loaded 278 of 2378 assets...
[20/04/2026 3:11:00 PM] [Info] Read 282 of 2378 asset file contents into memory...
[20/04/2026 3:11:00 PM] [Info] Loaded 282 of 2378 assets...
[20/04/2026 3:11:00 PM] [Info] Read 285 of 2378 asset file contents into memory...
[20/04/2026 3:11:00 PM] [Info] Loaded 285 of 2378 assets...
[20/04/2026 3:11:00 PM] [Info] Read 289 of 2378 asset file contents into memory...
[20/04/2026 3:11:00 PM] [Info] Loaded 289 of 2378 assets...
[20/04/2026 3:11:00 PM] [Info] Read 293 of 2378 asset file contents into memory...
[20/04/2026 3:11:00 PM] [Info] Loaded 293 of 2378 assets...
[20/04/2026 3:11:00 PM] [Info] Read 296 of 2378 asset file contents into memory...
[20/04/2026 3:11:00 PM] [Info] Loaded 296 of 2378 assets...
[20/04/2026 3:11:00 PM] [Info] Read 300 of 2378 asset file contents into memory...
[20/04/2026 3:11:00 PM] [Info] Loaded 300 of 2378 assets...
[20/04/2026 3:11:00 PM] [Info] Read 304 of 2378 asset file contents into memory...
[20/04/2026 3:11:00 PM] [Info] Loaded 304 of 2378 assets...
[20/04/2026 3:11:00 PM] [Info] Read 308 of 2378 asset file contents into memory...
[20/04/2026 3:11:00 PM] [Info] Loaded 308 of 2378 assets...
[20/04/2026 3:11:00 PM] [Info] Read 313 of 2378 asset file contents into memory...
[20/04/2026 3:11:00 PM] [Info] Loaded 313 of 2378 assets...
[20/04/2026 3:11:01 PM] [Info] Read 317 of 2378 asset file contents into memory...
[20/04/2026 3:11:01 PM] [Info] Loaded 317 of 2378 assets...
[20/04/2026 3:11:01 PM] [Info] Read 323 of 2378 asset file contents into memory...
[20/04/2026 3:11:01 PM] [Info] Loaded 323 of 2378 assets...
[20/04/2026 3:11:01 PM] [Info] Read 328 of 2378 asset file contents into memory...
[20/04/2026 3:11:01 PM] [Info] Loaded 328 of 2378 assets...
[20/04/2026 3:11:01 PM] [Info] Read 334 of 2378 asset file contents into memory...
[20/04/2026 3:11:01 PM] [Info] Loaded 334 of 2378 assets...
[20/04/2026 3:11:01 PM] [Info] Read 337 of 2378 asset file contents into memory...
[20/04/2026 3:11:01 PM] [Info] Loaded 337 of 2378 assets...
[20/04/2026 3:11:01 PM] [Info] Read 343 of 2378 asset file contents into memory...
[20/04/2026 3:11:01 PM] [Info] Loaded 343 of 2378 assets...
[20/04/2026 3:11:01 PM] [Info] Read 347 of 2378 asset file contents into memory...
[20/04/2026 3:11:01 PM] [Info] Loaded 347 of 2378 assets...
[20/04/2026 3:11:01 PM] [Info] Read 351 of 2378 asset file contents into memory...
[20/04/2026 3:11:01 PM] [Info] Loaded 351 of 2378 assets...
[20/04/2026 3:11:01 PM] [Info] Read 355 of 2378 asset file contents into memory...
[20/04/2026 3:11:01 PM] [Info] Loaded 355 of 2378 assets...
[20/04/2026 3:11:01 PM] [Info] Read 359 of 2378 asset file contents into memory...
[20/04/2026 3:11:01 PM] [Info] Loaded 359 of 2378 assets...
[20/04/2026 3:11:01 PM] [Info] Read 363 of 2378 asset file contents into memory...
[20/04/2026 3:11:01 PM] [Info] Loaded 363 of 2378 assets...
[20/04/2026 3:11:01 PM] [Info] Read 367 of 2378 asset file contents into memory...
[20/04/2026 3:11:01 PM] [Info] Loaded 367 of 2378 assets...
[20/04/2026 3:11:01 PM] [Info] Read 372 of 2378 asset file contents into memory...
[20/04/2026 3:11:01 PM] [Info] Loaded 372 of 2378 assets...
[20/04/2026 3:11:01 PM] [Info] Read 376 of 2378 asset file contents into memory...
[20/04/2026 3:11:01 PM] [Info] Loaded 376 of 2378 assets...
[20/04/2026 3:11:01 PM] [Info] Read 380 of 2378 asset file contents into memory...
[20/04/2026 3:11:01 PM] [Info] Loaded 380 of 2378 assets...
[20/04/2026 3:11:01 PM] [Info] Read 384 of 2378 asset file contents into memory...
[20/04/2026 3:11:01 PM] [Info] Loaded 384 of 2378 assets...
[20/04/2026 3:11:01 PM] [Info] Read 388 of 2378 asset file contents into memory...
[20/04/2026 3:11:01 PM] [Info] Loaded 388 of 2378 assets...
[20/04/2026 3:11:01 PM] [Info] Read 393 of 2378 asset file contents into memory...
[20/04/2026 3:11:01 PM] [Info] Loaded 393 of 2378 assets...
[20/04/2026 3:11:01 PM] [Info] Read 397 of 2378 asset file contents into memory...
[20/04/2026 3:11:01 PM] [Info] Loaded 397 of 2378 assets...
[20/04/2026 3:11:01 PM] [Info] Read 401 of 2378 asset file contents into memory...
[20/04/2026 3:11:01 PM] [Info] Loaded 401 of 2378 assets...
[20/04/2026 3:11:02 PM] [Info] Read 405 of 2378 asset file contents into memory...
[20/04/2026 3:11:02 PM] [Info] Loaded 405 of 2378 assets...
[20/04/2026 3:11:02 PM] [Info] Read 408 of 2378 asset file contents into memory...
[20/04/2026 3:11:02 PM] [Info] Loaded 408 of 2378 assets...
[20/04/2026 3:11:02 PM] [Info] Read 413 of 2378 asset file contents into memory...
[20/04/2026 3:11:02 PM] [Info] Loaded 413 of 2378 assets...
[20/04/2026 3:11:02 PM] [Info] Read 418 of 2378 asset file contents into memory...
[20/04/2026 3:11:02 PM] [Info] Loaded 418 of 2378 assets...
[20/04/2026 3:11:02 PM] [Info] Read 421 of 2378 asset file contents into memory...
[20/04/2026 3:11:02 PM] [Info] Loaded 421 of 2378 assets...
[20/04/2026 3:11:02 PM] [Info] Read 424 of 2378 asset file contents into memory...
[20/04/2026 3:11:02 PM] [Info] Loaded 424 of 2378 assets...
[20/04/2026 3:11:02 PM] [Info] Read 426 of 2378 asset file contents into memory...
[20/04/2026 3:11:02 PM] [Info] Loaded 426 of 2378 assets...
[20/04/2026 3:11:02 PM] [Info] Read 429 of 2378 asset file contents into memory...
[20/04/2026 3:11:02 PM] [Info] Loaded 429 of 2378 assets...
[20/04/2026 3:11:02 PM] [Info] Read 433 of 2378 asset file contents into memory...
[20/04/2026 3:11:02 PM] [Info] Loaded 433 of 2378 assets...
[20/04/2026 3:11:02 PM] [Info] Read 437 of 2378 asset file contents into memory...
[20/04/2026 3:11:02 PM] [Info] Loaded 437 of 2378 assets...
[20/04/2026 3:11:02 PM] [Info] Read 442 of 2378 asset file contents into memory...
[20/04/2026 3:11:02 PM] [Info] Loaded 442 of 2378 assets...
[20/04/2026 3:11:02 PM] [Info] Read 445 of 2378 asset file contents into memory...
[20/04/2026 3:11:02 PM] [Info] Loaded 445 of 2378 assets...
[20/04/2026 3:11:02 PM] [Info] Read 451 of 2378 asset file contents into memory...
[20/04/2026 3:11:02 PM] [Info] Loaded 451 of 2378 assets...
[20/04/2026 3:11:02 PM] [Info] Read 457 of 2378 asset file contents into memory...
[20/04/2026 3:11:02 PM] [Info] Loaded 457 of 2378 assets...
[20/04/2026 3:11:02 PM] [Info] Read 461 of 2378 asset file contents into memory...
[20/04/2026 3:11:02 PM] [Info] Loaded 461 of 2378 assets...
[20/04/2026 3:11:02 PM] [Info] Read 465 of 2378 asset file contents into memory...
[20/04/2026 3:11:02 PM] [Info] Loaded 465 of 2378 assets...
[20/04/2026 3:11:02 PM] [Info] Read 469 of 2378 asset file contents into memory...
[20/04/2026 3:11:02 PM] [Info] Loaded 469 of 2378 assets...
[20/04/2026 3:11:02 PM] [Info] Read 473 of 2378 asset file contents into memory...
[20/04/2026 3:11:02 PM] [Info] Loaded 473 of 2378 assets...
[20/04/2026 3:11:02 PM] [Info] Read 478 of 2378 asset file contents into memory...
[20/04/2026 3:11:02 PM] [Info] Loaded 478 of 2378 assets...
[20/04/2026 3:11:02 PM] [Info] Read 481 of 2378 asset file contents into memory...
[20/04/2026 3:11:02 PM] [Info] Loaded 481 of 2378 assets...
[20/04/2026 3:11:03 PM] [Info] Read 485 of 2378 asset file contents into memory...
[20/04/2026 3:11:03 PM] [Info] Loaded 485 of 2378 assets...
[20/04/2026 3:11:03 PM] [Info] Read 489 of 2378 asset file contents into memory...
[20/04/2026 3:11:03 PM] [Info] Loaded 489 of 2378 assets...
[20/04/2026 3:11:03 PM] [Info] Read 493 of 2378 asset file contents into memory...
[20/04/2026 3:11:03 PM] [Info] Loaded 493 of 2378 assets...
[20/04/2026 3:11:03 PM] [Info] Read 497 of 2378 asset file contents into memory...
[20/04/2026 3:11:03 PM] [Info] Loaded 497 of 2378 assets...
[20/04/2026 3:11:03 PM] [Info] Read 501 of 2378 asset file contents into memory...
[20/04/2026 3:11:03 PM] [Info] Loaded 501 of 2378 assets...
[20/04/2026 3:11:03 PM] [Info] Read 504 of 2378 asset file contents into memory...
[20/04/2026 3:11:03 PM] [Info] Loaded 504 of 2378 assets...
[20/04/2026 3:11:03 PM] [Info] Read 507 of 2378 asset file contents into memory...
[20/04/2026 3:11:03 PM] [Info] Loaded 507 of 2378 assets...
[20/04/2026 3:11:03 PM] [Info] Read 511 of 2378 asset file contents into memory...
[20/04/2026 3:11:03 PM] [Info] Loaded 511 of 2378 assets...
[20/04/2026 3:11:03 PM] [Info] Read 515 of 2378 asset file contents into memory...
[20/04/2026 3:11:03 PM] [Info] Loaded 515 of 2378 assets...
[20/04/2026 3:11:03 PM] [Info] Read 518 of 2378 asset file contents into memory...
[20/04/2026 3:11:03 PM] [Info] Loaded 518 of 2378 assets...
[20/04/2026 3:11:03 PM] [Info] Read 522 of 2378 asset file contents into memory...
[20/04/2026 3:11:03 PM] [Info] Loaded 522 of 2378 assets...
[20/04/2026 3:11:03 PM] [Info] Read 526 of 2378 asset file contents into memory...
[20/04/2026 3:11:03 PM] [Info] Loaded 526 of 2378 assets...
[20/04/2026 3:11:03 PM] [Info] Read 529 of 2378 asset file contents into memory...
[20/04/2026 3:11:03 PM] [Info] Loaded 529 of 2378 assets...
[20/04/2026 3:11:03 PM] [Info] Read 533 of 2378 asset file contents into memory...
[20/04/2026 3:11:03 PM] [Info] Loaded 533 of 2378 assets...
[20/04/2026 3:11:03 PM] [Info] Read 537 of 2378 asset file contents into memory...
[20/04/2026 3:11:03 PM] [Info] Loaded 537 of 2378 assets...
[20/04/2026 3:11:03 PM] [Info] Read 540 of 2378 asset file contents into memory...
[20/04/2026 3:11:03 PM] [Info] Loaded 540 of 2378 assets...
[20/04/2026 3:11:03 PM] [Info] Read 543 of 2378 asset file contents into memory...
[20/04/2026 3:11:03 PM] [Info] Loaded 543 of 2378 assets...
[20/04/2026 3:11:03 PM] [Info] Read 546 of 2378 asset file contents into memory...
[20/04/2026 3:11:03 PM] [Info] Loaded 546 of 2378 assets...
[20/04/2026 3:11:03 PM] [Info] Read 547 of 2378 asset file contents into memory...
[20/04/2026 3:11:03 PM] [Info] Loaded 547 of 2378 assets...
[20/04/2026 3:11:03 PM] [Info] Read 549 of 2378 asset file contents into memory...
[20/04/2026 3:11:03 PM] [Info] Loaded 549 of 2378 assets...
[20/04/2026 3:11:04 PM] [Info] Read 553 of 2378 asset file contents into memory...
[20/04/2026 3:11:04 PM] [Info] Loaded 553 of 2378 assets...
[20/04/2026 3:11:04 PM] [Info] Read 556 of 2378 asset file contents into memory...
[20/04/2026 3:11:04 PM] [Info] Loaded 556 of 2378 assets...
[20/04/2026 3:11:04 PM] [Info] Read 560 of 2378 asset file contents into memory...
[20/04/2026 3:11:04 PM] [Info] Loaded 560 of 2378 assets...
[20/04/2026 3:11:04 PM] [Info] Read 563 of 2378 asset file contents into memory...
[20/04/2026 3:11:04 PM] [Info] Loaded 563 of 2378 assets...
[20/04/2026 3:11:04 PM] [Info] Read 567 of 2378 asset file contents into memory...
[20/04/2026 3:11:04 PM] [Info] Loaded 567 of 2378 assets...
[20/04/2026 3:11:04 PM] [Info] Read 571 of 2378 asset file contents into memory...
[20/04/2026 3:11:04 PM] [Info] Loaded 571 of 2378 assets...
[20/04/2026 3:11:04 PM] [Info] Read 574 of 2378 asset file contents into memory...
[20/04/2026 3:11:04 PM] [Info] Loaded 574 of 2378 assets...
[20/04/2026 3:11:04 PM] [Info] Read 577 of 2378 asset file contents into memory...
[20/04/2026 3:11:04 PM] [Info] Loaded 577 of 2378 assets...
[20/04/2026 3:11:04 PM] [Info] Read 580 of 2378 asset file contents into memory...
[20/04/2026 3:11:04 PM] [Info] Loaded 580 of 2378 assets...
[20/04/2026 3:11:04 PM] [Info] Read 584 of 2378 asset file contents into memory...
[20/04/2026 3:11:04 PM] [Info] Loaded 584 of 2378 assets...
[20/04/2026 3:11:04 PM] [Info] Read 587 of 2378 asset file contents into memory...
[20/04/2026 3:11:04 PM] [Info] Loaded 587 of 2378 assets...
[20/04/2026 3:11:04 PM] [Info] Read 590 of 2378 asset file contents into memory...
[20/04/2026 3:11:04 PM] [Info] Loaded 590 of 2378 assets...
[20/04/2026 3:11:04 PM] [Info] Read 593 of 2378 asset file contents into memory...
[20/04/2026 3:11:04 PM] [Info] Loaded 593 of 2378 assets...
[20/04/2026 3:11:04 PM] [Info] Read 596 of 2378 asset file contents into memory...
[20/04/2026 3:11:04 PM] [Info] Loaded 596 of 2378 assets...
[20/04/2026 3:11:04 PM] [Info] Read 599 of 2378 asset file contents into memory...
[20/04/2026 3:11:04 PM] [Info] Loaded 599 of 2378 assets...
[20/04/2026 3:11:04 PM] [Info] Read 602 of 2378 asset file contents into memory...
[20/04/2026 3:11:04 PM] [Info] Loaded 602 of 2378 assets...
[20/04/2026 3:11:04 PM] [Info] Read 605 of 2378 asset file contents into memory...
[20/04/2026 3:11:04 PM] [Info] Loaded 605 of 2378 assets...
[20/04/2026 3:11:04 PM] [Info] Read 609 of 2378 asset file contents into memory...
[20/04/2026 3:11:04 PM] [Info] Loaded 609 of 2378 assets...
[20/04/2026 3:11:05 PM] [Info] Read 612 of 2378 asset file contents into memory...
[20/04/2026 3:11:05 PM] [Info] Loaded 612 of 2378 assets...
[20/04/2026 3:11:05 PM] [Info] Read 616 of 2378 asset file contents into memory...
[20/04/2026 3:11:05 PM] [Info] Loaded 616 of 2378 assets...
[20/04/2026 3:11:05 PM] [Info] Read 620 of 2378 asset file contents into memory...
[20/04/2026 3:11:05 PM] [Info] Loaded 620 of 2378 assets...
[20/04/2026 3:11:05 PM] [Info] Read 624 of 2378 asset file contents into memory...
[20/04/2026 3:11:05 PM] [Info] Loaded 624 of 2378 assets...
[20/04/2026 3:11:05 PM] [Info] Read 628 of 2378 asset file contents into memory...
[20/04/2026 3:11:05 PM] [Info] Loaded 628 of 2378 assets...
[20/04/2026 3:11:05 PM] [Info] Read 631 of 2378 asset file contents into memory...
[20/04/2026 3:11:05 PM] [Info] Loaded 631 of 2378 assets...
[20/04/2026 3:11:05 PM] [Info] Read 633 of 2378 asset file contents into memory...
[20/04/2026 3:11:05 PM] [Info] Loaded 633 of 2378 assets...
[20/04/2026 3:11:05 PM] [Info] Read 638 of 2378 asset file contents into memory...
[20/04/2026 3:11:05 PM] [Info] Loaded 638 of 2378 assets...
[20/04/2026 3:11:05 PM] [Info] Read 643 of 2378 asset file contents into memory...
[20/04/2026 3:11:05 PM] [Info] Loaded 643 of 2378 assets...
[20/04/2026 3:11:05 PM] [Info] Read 647 of 2378 asset file contents into memory...
[20/04/2026 3:11:05 PM] [Info] Loaded 647 of 2378 assets...
[20/04/2026 3:11:05 PM] [Info] Read 653 of 2378 asset file contents into memory...
[20/04/2026 3:11:05 PM] [Info] Loaded 653 of 2378 assets...
[20/04/2026 3:11:05 PM] [Info] Read 659 of 2378 asset file contents into memory...
[20/04/2026 3:11:05 PM] [Info] Loaded 659 of 2378 assets...
[20/04/2026 3:11:05 PM] [Info] Read 663 of 2378 asset file contents into memory...
[20/04/2026 3:11:05 PM] [Info] Loaded 663 of 2378 assets...
[20/04/2026 3:11:05 PM] [Info] Read 668 of 2378 asset file contents into memory...
[20/04/2026 3:11:05 PM] [Info] Loaded 668 of 2378 assets...
[20/04/2026 3:11:05 PM] [Info] Read 672 of 2378 asset file contents into memory...
[20/04/2026 3:11:05 PM] [Info] Loaded 672 of 2378 assets...
[20/04/2026 3:11:05 PM] [Info] Read 676 of 2378 asset file contents into memory...
[20/04/2026 3:11:05 PM] [Info] Loaded 676 of 2378 assets...
[20/04/2026 3:11:05 PM] [Info] Read 680 of 2378 asset file contents into memory...
[20/04/2026 3:11:05 PM] [Info] Loaded 680 of 2378 assets...
[20/04/2026 3:11:05 PM] [Info] Read 684 of 2378 asset file contents into memory...
[20/04/2026 3:11:05 PM] [Info] Loaded 684 of 2378 assets...
[20/04/2026 3:11:05 PM] [Info] Read 687 of 2378 asset file contents into memory...
[20/04/2026 3:11:05 PM] [Info] Loaded 687 of 2378 assets...
[20/04/2026 3:11:05 PM] [Info] Read 691 of 2378 asset file contents into memory...
[20/04/2026 3:11:05 PM] [Info] Loaded 691 of 2378 assets...
[20/04/2026 3:11:06 PM] [Info] Read 694 of 2378 asset file contents into memory...
[20/04/2026 3:11:06 PM] [Info] Loaded 694 of 2378 assets...
[20/04/2026 3:11:06 PM] [Info] Read 699 of 2378 asset file contents into memory...
[20/04/2026 3:11:06 PM] [Info] Loaded 699 of 2378 assets...
[20/04/2026 3:11:06 PM] [Info] Read 703 of 2378 asset file contents into memory...
[20/04/2026 3:11:06 PM] [Info] Loaded 703 of 2378 assets...
[20/04/2026 3:11:06 PM] [Info] Read 707 of 2378 asset file contents into memory...
[20/04/2026 3:11:06 PM] [Info] Loaded 707 of 2378 assets...
[20/04/2026 3:11:06 PM] [Info] Read 711 of 2378 asset file contents into memory...
[20/04/2026 3:11:06 PM] [Info] Loaded 711 of 2378 assets...
[20/04/2026 3:11:06 PM] [Info] Read 716 of 2378 asset file contents into memory...
[20/04/2026 3:11:06 PM] [Info] Loaded 716 of 2378 assets...
[20/04/2026 3:11:06 PM] [Info] Read 720 of 2378 asset file contents into memory...
[20/04/2026 3:11:06 PM] [Info] Loaded 720 of 2378 assets...
[20/04/2026 3:11:06 PM] [Info] Read 725 of 2378 asset file contents into memory...
[20/04/2026 3:11:06 PM] [Info] Loaded 725 of 2378 assets...
[20/04/2026 3:11:06 PM] [Info] Read 729 of 2378 asset file contents into memory...
[20/04/2026 3:11:06 PM] [Info] Loaded 729 of 2378 assets...
[20/04/2026 3:11:06 PM] [Info] Read 733 of 2378 asset file contents into memory...
[20/04/2026 3:11:06 PM] [Info] Loaded 733 of 2378 assets...
[20/04/2026 3:11:06 PM] [Info] Read 738 of 2378 asset file contents into memory...
[20/04/2026 3:11:06 PM] [Info] Loaded 738 of 2378 assets...
[20/04/2026 3:11:06 PM] [Info] Read 742 of 2378 asset file contents into memory...
[20/04/2026 3:11:06 PM] [Info] Loaded 742 of 2378 assets...
[20/04/2026 3:11:06 PM] [Info] Read 747 of 2378 asset file contents into memory...
[20/04/2026 3:11:06 PM] [Info] Loaded 747 of 2378 assets...
[20/04/2026 3:11:06 PM] [Info] Read 751 of 2378 asset file contents into memory...
[20/04/2026 3:11:06 PM] [Info] Loaded 751 of 2378 assets...
[20/04/2026 3:11:06 PM] [Info] Read 754 of 2378 asset file contents into memory...
[20/04/2026 3:11:06 PM] [Info] Loaded 754 of 2378 assets...
[20/04/2026 3:11:06 PM] [Info] Read 758 of 2378 asset file contents into memory...
[20/04/2026 3:11:06 PM] [Info] Loaded 758 of 2378 assets...
[20/04/2026 3:11:06 PM] [Info] Read 762 of 2378 asset file contents into memory...
[20/04/2026 3:11:06 PM] [Info] Loaded 762 of 2378 assets...
[20/04/2026 3:11:06 PM] [Info] Read 767 of 2378 asset file contents into memory...
[20/04/2026 3:11:06 PM] [Info] Loaded 767 of 2378 assets...
[20/04/2026 3:11:06 PM] [Info] Read 771 of 2378 asset file contents into memory...
[20/04/2026 3:11:06 PM] [Info] Loaded 771 of 2378 assets...
[20/04/2026 3:11:06 PM] [Info] Read 775 of 2378 asset file contents into memory...
[20/04/2026 3:11:06 PM] [Info] Loaded 775 of 2378 assets...
[20/04/2026 3:11:07 PM] [Info] Read 780 of 2378 asset file contents into memory...
[20/04/2026 3:11:07 PM] [Info] Loaded 780 of 2378 assets...
[20/04/2026 3:11:07 PM] [Info] Read 784 of 2378 asset file contents into memory...
[20/04/2026 3:11:07 PM] [Info] Loaded 784 of 2378 assets...
[20/04/2026 3:11:07 PM] [Info] Read 788 of 2378 asset file contents into memory...
[20/04/2026 3:11:07 PM] [Info] Loaded 788 of 2378 assets...
[20/04/2026 3:11:07 PM] [Info] Read 792 of 2378 asset file contents into memory...
[20/04/2026 3:11:07 PM] [Info] Loaded 792 of 2378 assets...
[20/04/2026 3:11:07 PM] [Info] Read 797 of 2378 asset file contents into memory...
[20/04/2026 3:11:07 PM] [Info] Loaded 797 of 2378 assets...
[20/04/2026 3:11:07 PM] [Info] Read 802 of 2378 asset file contents into memory...
[20/04/2026 3:11:07 PM] [Info] Loaded 802 of 2378 assets...
[20/04/2026 3:11:07 PM] [Info] Read 806 of 2378 asset file contents into memory...
[20/04/2026 3:11:07 PM] [Info] Loaded 806 of 2378 assets...
[20/04/2026 3:11:07 PM] [Info] Read 811 of 2378 asset file contents into memory...
[20/04/2026 3:11:07 PM] [Info] Loaded 810 of 2378 assets...
[20/04/2026 3:11:07 PM] [Info] Read 816 of 2378 asset file contents into memory...
[20/04/2026 3:11:07 PM] [Info] Loaded 815 of 2378 assets...
[20/04/2026 3:11:07 PM] [Info] Read 820 of 2378 asset file contents into memory...
[20/04/2026 3:11:07 PM] [Info] Loaded 820 of 2378 assets...
[20/04/2026 3:11:07 PM] [Info] Read 825 of 2378 asset file contents into memory...
[20/04/2026 3:11:07 PM] [Info] Loaded 825 of 2378 assets...
[20/04/2026 3:11:07 PM] [Info] Read 829 of 2378 asset file contents into memory...
[20/04/2026 3:11:07 PM] [Info] Loaded 829 of 2378 assets...
[20/04/2026 3:11:07 PM] [Info] Read 833 of 2378 asset file contents into memory...
[20/04/2026 3:11:07 PM] [Info] Loaded 833 of 2378 assets...
[20/04/2026 3:11:07 PM] [Info] Read 837 of 2378 asset file contents into memory...
[20/04/2026 3:11:07 PM] [Info] Loaded 837 of 2378 assets...
[20/04/2026 3:11:07 PM] [Info] Read 842 of 2378 asset file contents into memory...
[20/04/2026 3:11:07 PM] [Info] Loaded 842 of 2378 assets...
[20/04/2026 3:11:07 PM] [Info] Read 847 of 2378 asset file contents into memory...
[20/04/2026 3:11:07 PM] [Info] Loaded 847 of 2378 assets...
[20/04/2026 3:11:07 PM] [Info] Read 851 of 2378 asset file contents into memory...
[20/04/2026 3:11:07 PM] [Info] Loaded 851 of 2378 assets...
[20/04/2026 3:11:07 PM] [Info] Read 856 of 2378 asset file contents into memory...
[20/04/2026 3:11:07 PM] [Info] Loaded 856 of 2378 assets...
[20/04/2026 3:11:07 PM] [Info] Read 859 of 2378 asset file contents into memory...
[20/04/2026 3:11:07 PM] [Info] Loaded 859 of 2378 assets...
[20/04/2026 3:11:07 PM] [Info] Read 864 of 2378 asset file contents into memory...
[20/04/2026 3:11:07 PM] [Info] Loaded 864 of 2378 assets...
[20/04/2026 3:11:08 PM] [Info] Read 868 of 2378 asset file contents into memory...
[20/04/2026 3:11:08 PM] [Info] Loaded 868 of 2378 assets...
[20/04/2026 3:11:08 PM] [Info] Read 872 of 2378 asset file contents into memory...
[20/04/2026 3:11:08 PM] [Info] Loaded 872 of 2378 assets...
[20/04/2026 3:11:08 PM] [Info] Read 876 of 2378 asset file contents into memory...
[20/04/2026 3:11:08 PM] [Info] Loaded 876 of 2378 assets...
[20/04/2026 3:11:08 PM] [Info] Read 880 of 2378 asset file contents into memory...
[20/04/2026 3:11:08 PM] [Info] Loaded 880 of 2378 assets...
[20/04/2026 3:11:08 PM] [Info] Read 884 of 2378 asset file contents into memory...
[20/04/2026 3:11:08 PM] [Info] Loaded 884 of 2378 assets...
[20/04/2026 3:11:08 PM] [Info] Read 887 of 2378 asset file contents into memory...
[20/04/2026 3:11:08 PM] [Info] Loaded 887 of 2378 assets...
[20/04/2026 3:11:08 PM] [Info] Read 891 of 2378 asset file contents into memory...
[20/04/2026 3:11:08 PM] [Info] Loaded 891 of 2378 assets...
[20/04/2026 3:11:08 PM] [Info] Read 895 of 2378 asset file contents into memory...
[20/04/2026 3:11:08 PM] [Info] Loaded 895 of 2378 assets...
[20/04/2026 3:11:08 PM] [Info] Read 899 of 2378 asset file contents into memory...
[20/04/2026 3:11:08 PM] [Info] Loaded 899 of 2378 assets...
[20/04/2026 3:11:08 PM] [Info] Read 903 of 2378 asset file contents into memory...
[20/04/2026 3:11:08 PM] [Info] Loaded 903 of 2378 assets...
[20/04/2026 3:11:08 PM] [Info] Read 907 of 2378 asset file contents into memory...
[20/04/2026 3:11:08 PM] [Info] Loaded 907 of 2378 assets...
[20/04/2026 3:11:08 PM] [Info] Read 911 of 2378 asset file contents into memory...
[20/04/2026 3:11:08 PM] [Info] Loaded 911 of 2378 assets...
[20/04/2026 3:11:08 PM] [Info] Read 916 of 2378 asset file contents into memory...
[20/04/2026 3:11:08 PM] [Info] Loaded 916 of 2378 assets...
[20/04/2026 3:11:08 PM] [Info] Read 920 of 2378 asset file contents into memory...
[20/04/2026 3:11:08 PM] [Info] Loaded 920 of 2378 assets...
[20/04/2026 3:11:08 PM] [Info] Read 924 of 2378 asset file contents into memory...
[20/04/2026 3:11:08 PM] [Info] Loaded 924 of 2378 assets...
[20/04/2026 3:11:08 PM] [Info] Read 928 of 2378 asset file contents into memory...
[20/04/2026 3:11:08 PM] [Info] Loaded 928 of 2378 assets...
[20/04/2026 3:11:08 PM] [Info] Read 931 of 2378 asset file contents into memory...
[20/04/2026 3:11:08 PM] [Info] Loaded 931 of 2378 assets...
[20/04/2026 3:11:08 PM] [Info] Read 935 of 2378 asset file contents into memory...
[20/04/2026 3:11:08 PM] [Info] Loaded 935 of 2378 assets...
[20/04/2026 3:11:08 PM] [Info] Read 939 of 2378 asset file contents into memory...
[20/04/2026 3:11:08 PM] [Info] Loaded 939 of 2378 assets...
[20/04/2026 3:11:08 PM] [Info] Read 943 of 2378 asset file contents into memory...
[20/04/2026 3:11:08 PM] [Info] Loaded 943 of 2378 assets...
[20/04/2026 3:11:09 PM] [Info] Read 946 of 2378 asset file contents into memory...
[20/04/2026 3:11:09 PM] [Info] Loaded 946 of 2378 assets...
[20/04/2026 3:11:09 PM] [Info] Read 949 of 2378 asset file contents into memory...
[20/04/2026 3:11:09 PM] [Info] Loaded 949 of 2378 assets...
[20/04/2026 3:11:09 PM] [Info] Read 953 of 2378 asset file contents into memory...
[20/04/2026 3:11:09 PM] [Info] Loaded 953 of 2378 assets...
[20/04/2026 3:11:09 PM] [Info] Read 956 of 2378 asset file contents into memory...
[20/04/2026 3:11:09 PM] [Info] Loaded 956 of 2378 assets...
[20/04/2026 3:11:09 PM] [Info] Read 959 of 2378 asset file contents into memory...
[20/04/2026 3:11:09 PM] [Info] Loaded 959 of 2378 assets...
[20/04/2026 3:11:09 PM] [Info] Read 963 of 2378 asset file contents into memory...
[20/04/2026 3:11:09 PM] [Info] Loaded 963 of 2378 assets...
[20/04/2026 3:11:09 PM] [Info] Read 967 of 2378 asset file contents into memory...
[20/04/2026 3:11:09 PM] [Info] Loaded 967 of 2378 assets...
[20/04/2026 3:11:09 PM] [Info] Read 970 of 2378 asset file contents into memory...
[20/04/2026 3:11:09 PM] [Info] Loaded 970 of 2378 assets...
[20/04/2026 3:11:09 PM] [Info] Read 974 of 2378 asset file contents into memory...
[20/04/2026 3:11:09 PM] [Info] Loaded 974 of 2378 assets...
[20/04/2026 3:11:09 PM] [Info] Read 977 of 2378 asset file contents into memory...
[20/04/2026 3:11:09 PM] [Info] Loaded 977 of 2378 assets...
[20/04/2026 3:11:09 PM] [Info] Read 981 of 2378 asset file contents into memory...
[20/04/2026 3:11:09 PM] [Info] Loaded 981 of 2378 assets...
[20/04/2026 3:11:09 PM] [Info] Read 985 of 2378 asset file contents into memory...
[20/04/2026 3:11:09 PM] [Info] Loaded 985 of 2378 assets...
[20/04/2026 3:11:09 PM] [Info] Read 989 of 2378 asset file contents into memory...
[20/04/2026 3:11:09 PM] [Info] Loaded 989 of 2378 assets...
[20/04/2026 3:11:09 PM] [Info] Read 993 of 2378 asset file contents into memory...
[20/04/2026 3:11:09 PM] [Info] Loaded 993 of 2378 assets...
[20/04/2026 3:11:09 PM] [Info] Read 996 of 2378 asset file contents into memory...
[20/04/2026 3:11:09 PM] [Info] Loaded 996 of 2378 assets...
[20/04/2026 3:11:09 PM] [Info] Read 999 of 2378 asset file contents into memory...
[20/04/2026 3:11:09 PM] [Info] Loaded 999 of 2378 assets...
[20/04/2026 3:11:09 PM] [Info] Read 1003 of 2378 asset file contents into memory...
[20/04/2026 3:11:09 PM] [Info] Loaded 1003 of 2378 assets...
[20/04/2026 3:11:09 PM] [Info] Read 1007 of 2378 asset file contents into memory...
[20/04/2026 3:11:09 PM] [Info] Loaded 1007 of 2378 assets...
[20/04/2026 3:11:09 PM] [Info] Read 1012 of 2378 asset file contents into memory...
[20/04/2026 3:11:09 PM] [Info] Loaded 1012 of 2378 assets...
[20/04/2026 3:11:09 PM] [Info] Read 1017 of 2378 asset file contents into memory...
[20/04/2026 3:11:09 PM] [Info] Loaded 1017 of 2378 assets...
[20/04/2026 3:11:10 PM] [Info] Read 1021 of 2378 asset file contents into memory...
[20/04/2026 3:11:10 PM] [Info] Loaded 1021 of 2378 assets...
[20/04/2026 3:11:10 PM] [Info] Read 1025 of 2378 asset file contents into memory...
[20/04/2026 3:11:10 PM] [Info] Loaded 1025 of 2378 assets...
[20/04/2026 3:11:10 PM] [Info] Read 1029 of 2378 asset file contents into memory...
[20/04/2026 3:11:10 PM] [Info] Loaded 1029 of 2378 assets...
[20/04/2026 3:11:10 PM] [Info] Read 1033 of 2378 asset file contents into memory...
[20/04/2026 3:11:10 PM] [Info] Loaded 1033 of 2378 assets...
[20/04/2026 3:11:10 PM] [Info] Read 1038 of 2378 asset file contents into memory...
[20/04/2026 3:11:10 PM] [Info] Loaded 1038 of 2378 assets...
[20/04/2026 3:11:10 PM] [Info] Read 1042 of 2378 asset file contents into memory...
[20/04/2026 3:11:10 PM] [Info] Loaded 1042 of 2378 assets...
[20/04/2026 3:11:10 PM] [Info] Read 1047 of 2378 asset file contents into memory...
[20/04/2026 3:11:10 PM] [Info] Loaded 1047 of 2378 assets...
[20/04/2026 3:11:10 PM] [Info] Read 1051 of 2378 asset file contents into memory...
[20/04/2026 3:11:10 PM] [Info] Loaded 1051 of 2378 assets...
[20/04/2026 3:11:10 PM] [Info] Read 1056 of 2378 asset file contents into memory...
[20/04/2026 3:11:10 PM] [Info] Loaded 1056 of 2378 assets...
[20/04/2026 3:11:10 PM] [Info] Read 1061 of 2378 asset file contents into memory...
[20/04/2026 3:11:10 PM] [Info] Loaded 1061 of 2378 assets...
[20/04/2026 3:11:10 PM] [Info] Read 1066 of 2378 asset file contents into memory...
[20/04/2026 3:11:10 PM] [Info] Loaded 1066 of 2378 assets...
[20/04/2026 3:11:10 PM] [Info] Read 1071 of 2378 asset file contents into memory...
[20/04/2026 3:11:10 PM] [Info] Loaded 1071 of 2378 assets...
[20/04/2026 3:11:10 PM] [Info] Read 1076 of 2378 asset file contents into memory...
[20/04/2026 3:11:10 PM] [Info] Loaded 1076 of 2378 assets...
[20/04/2026 3:11:10 PM] [Info] Read 1080 of 2378 asset file contents into memory...
[20/04/2026 3:11:10 PM] [Info] Loaded 1080 of 2378 assets...
[20/04/2026 3:11:10 PM] [Info] Read 1085 of 2378 asset file contents into memory...
[20/04/2026 3:11:10 PM] [Info] Loaded 1085 of 2378 assets...
[20/04/2026 3:11:10 PM] [Info] Read 1088 of 2378 asset file contents into memory...
[20/04/2026 3:11:10 PM] [Info] Loaded 1088 of 2378 assets...
[20/04/2026 3:11:10 PM] [Info] Read 1090 of 2378 asset file contents into memory...
[20/04/2026 3:11:10 PM] [Info] Loaded 1090 of 2378 assets...
[20/04/2026 3:11:10 PM] [Info] Read 1093 of 2378 asset file contents into memory...
[20/04/2026 3:11:10 PM] [Info] Loaded 1093 of 2378 assets...
[20/04/2026 3:11:11 PM] [Info] Read 1097 of 2378 asset file contents into memory...
[20/04/2026 3:11:11 PM] [Info] Loaded 1097 of 2378 assets...
[20/04/2026 3:11:11 PM] [Info] Read 1101 of 2378 asset file contents into memory...
[20/04/2026 3:11:11 PM] [Info] Loaded 1101 of 2378 assets...
[20/04/2026 3:11:11 PM] [Info] Read 1107 of 2378 asset file contents into memory...
[20/04/2026 3:11:11 PM] [Info] Loaded 1107 of 2378 assets...
[20/04/2026 3:11:11 PM] [Info] Read 1111 of 2378 asset file contents into memory...
[20/04/2026 3:11:11 PM] [Info] Loaded 1111 of 2378 assets...
[20/04/2026 3:11:11 PM] [Info] Read 1116 of 2378 asset file contents into memory...
[20/04/2026 3:11:11 PM] [Info] Loaded 1116 of 2378 assets...
[20/04/2026 3:11:11 PM] [Info] Read 1121 of 2378 asset file contents into memory...
[20/04/2026 3:11:11 PM] [Info] Loaded 1121 of 2378 assets...
[20/04/2026 3:11:11 PM] [Info] Read 1125 of 2378 asset file contents into memory...
[20/04/2026 3:11:11 PM] [Info] Loaded 1125 of 2378 assets...
[20/04/2026 3:11:11 PM] [Info] Read 1129 of 2378 asset file contents into memory...
[20/04/2026 3:11:11 PM] [Info] Loaded 1129 of 2378 assets...
[20/04/2026 3:11:11 PM] [Info] Read 1134 of 2378 asset file contents into memory...
[20/04/2026 3:11:11 PM] [Info] Loaded 1134 of 2378 assets...
[20/04/2026 3:11:11 PM] [Info] Read 1138 of 2378 asset file contents into memory...
[20/04/2026 3:11:11 PM] [Info] Loaded 1138 of 2378 assets...
[20/04/2026 3:11:11 PM] [Info] Read 1142 of 2378 asset file contents into memory...
[20/04/2026 3:11:11 PM] [Info] Loaded 1142 of 2378 assets...
[20/04/2026 3:11:11 PM] [Info] Read 1146 of 2378 asset file contents into memory...
[20/04/2026 3:11:11 PM] [Info] Loaded 1146 of 2378 assets...
[20/04/2026 3:11:11 PM] [Info] Read 1150 of 2378 asset file contents into memory...
[20/04/2026 3:11:11 PM] [Info] Loaded 1150 of 2378 assets...
[20/04/2026 3:11:11 PM] [Info] Read 1155 of 2378 asset file contents into memory...
[20/04/2026 3:11:11 PM] [Info] Loaded 1155 of 2378 assets...
[20/04/2026 3:11:11 PM] [Info] Read 1159 of 2378 asset file contents into memory...
[20/04/2026 3:11:11 PM] [Info] Loaded 1159 of 2378 assets...
[20/04/2026 3:11:11 PM] [Info] Read 1163 of 2378 asset file contents into memory...
[20/04/2026 3:11:11 PM] [Info] Loaded 1163 of 2378 assets...
[20/04/2026 3:11:11 PM] [Info] Read 1167 of 2378 asset file contents into memory...
[20/04/2026 3:11:11 PM] [Info] Loaded 1167 of 2378 assets...
[20/04/2026 3:11:11 PM] [Info] Read 1171 of 2378 asset file contents into memory...
[20/04/2026 3:11:11 PM] [Info] Loaded 1171 of 2378 assets...
[20/04/2026 3:11:11 PM] [Info] Read 1175 of 2378 asset file contents into memory...
[20/04/2026 3:11:11 PM] [Info] Loaded 1175 of 2378 assets...
[20/04/2026 3:11:11 PM] [Info] Read 1180 of 2378 asset file contents into memory...
[20/04/2026 3:11:11 PM] [Info] Loaded 1180 of 2378 assets...
[20/04/2026 3:11:12 PM] [Info] Read 1184 of 2378 asset file contents into memory...
[20/04/2026 3:11:12 PM] [Info] Loaded 1184 of 2378 assets...
[20/04/2026 3:11:12 PM] [Info] Read 1186 of 2378 asset file contents into memory...
[20/04/2026 3:11:12 PM] [Info] Loaded 1186 of 2378 assets...
[20/04/2026 3:11:12 PM] [Info] Read 1190 of 2378 asset file contents into memory...
[20/04/2026 3:11:12 PM] [Info] Loaded 1190 of 2378 assets...
[20/04/2026 3:11:12 PM] [Info] Read 1194 of 2378 asset file contents into memory...
[20/04/2026 3:11:12 PM] [Info] Loaded 1194 of 2378 assets...
[20/04/2026 3:11:12 PM] [Info] Read 1198 of 2378 asset file contents into memory...
[20/04/2026 3:11:12 PM] [Info] Loaded 1198 of 2378 assets...
[20/04/2026 3:11:12 PM] [Info] Read 1202 of 2378 asset file contents into memory...
[20/04/2026 3:11:12 PM] [Info] Loaded 1202 of 2378 assets...
[20/04/2026 3:11:12 PM] [Info] Read 1205 of 2378 asset file contents into memory...
[20/04/2026 3:11:12 PM] [Info] Loaded 1205 of 2378 assets...
[20/04/2026 3:11:12 PM] [Info] Read 1210 of 2378 asset file contents into memory...
[20/04/2026 3:11:12 PM] [Info] Loaded 1210 of 2378 assets...
[20/04/2026 3:11:12 PM] [Info] Read 1214 of 2378 asset file contents into memory...
[20/04/2026 3:11:12 PM] [Info] Loaded 1214 of 2378 assets...
[20/04/2026 3:11:12 PM] [Info] Read 1218 of 2378 asset file contents into memory...
[20/04/2026 3:11:12 PM] [Info] Loaded 1218 of 2378 assets...
[20/04/2026 3:11:12 PM] [Info] Read 1222 of 2378 asset file contents into memory...
[20/04/2026 3:11:12 PM] [Info] Loaded 1222 of 2378 assets...
[20/04/2026 3:11:12 PM] [Info] Read 1227 of 2378 asset file contents into memory...
[20/04/2026 3:11:12 PM] [Info] Loaded 1227 of 2378 assets...
[20/04/2026 3:11:12 PM] [Info] Read 1232 of 2378 asset file contents into memory...
[20/04/2026 3:11:12 PM] [Info] Loaded 1232 of 2378 assets...
[20/04/2026 3:11:12 PM] [Info] Read 1237 of 2378 asset file contents into memory...
[20/04/2026 3:11:12 PM] [Info] Loaded 1237 of 2378 assets...
[20/04/2026 3:11:12 PM] [Info] Read 1242 of 2378 asset file contents into memory...
[20/04/2026 3:11:12 PM] [Info] Loaded 1242 of 2378 assets...
[20/04/2026 3:11:12 PM] [Info] Read 1246 of 2378 asset file contents into memory...
[20/04/2026 3:11:12 PM] [Info] Loaded 1246 of 2378 assets...
[20/04/2026 3:11:12 PM] [Info] Read 1251 of 2378 asset file contents into memory...
[20/04/2026 3:11:12 PM] [Info] Loaded 1251 of 2378 assets...
[20/04/2026 3:11:12 PM] [Info] Read 1256 of 2378 asset file contents into memory...
[20/04/2026 3:11:12 PM] [Info] Loaded 1256 of 2378 assets...
[20/04/2026 3:11:12 PM] [Info] Read 1261 of 2378 asset file contents into memory...
[20/04/2026 3:11:12 PM] [Info] Loaded 1261 of 2378 assets...
[20/04/2026 3:11:12 PM] [Info] Read 1265 of 2378 asset file contents into memory...
[20/04/2026 3:11:12 PM] [Info] Loaded 1265 of 2378 assets...
[20/04/2026 3:11:13 PM] [Info] Read 1269 of 2378 asset file contents into memory...
[20/04/2026 3:11:13 PM] [Info] Loaded 1269 of 2378 assets...
[20/04/2026 3:11:13 PM] [Info] Read 1273 of 2378 asset file contents into memory...
[20/04/2026 3:11:13 PM] [Info] Loaded 1273 of 2378 assets...
[20/04/2026 3:11:13 PM] [Info] Read 1277 of 2378 asset file contents into memory...
[20/04/2026 3:11:13 PM] [Info] Loaded 1277 of 2378 assets...
[20/04/2026 3:11:13 PM] [Info] Read 1282 of 2378 asset file contents into memory...
[20/04/2026 3:11:13 PM] [Info] Loaded 1282 of 2378 assets...
[20/04/2026 3:11:13 PM] [Info] Read 1286 of 2378 asset file contents into memory...
[20/04/2026 3:11:13 PM] [Info] Loaded 1286 of 2378 assets...
[20/04/2026 3:11:13 PM] [Info] Read 1291 of 2378 asset file contents into memory...
[20/04/2026 3:11:13 PM] [Info] Loaded 1291 of 2378 assets...
[20/04/2026 3:11:13 PM] [Info] Read 1295 of 2378 asset file contents into memory...
[20/04/2026 3:11:13 PM] [Info] Loaded 1295 of 2378 assets...
[20/04/2026 3:11:13 PM] [Info] Read 1299 of 2378 asset file contents into memory...
[20/04/2026 3:11:13 PM] [Info] Loaded 1299 of 2378 assets...
[20/04/2026 3:11:13 PM] [Info] Read 1303 of 2378 asset file contents into memory...
[20/04/2026 3:11:13 PM] [Info] Loaded 1303 of 2378 assets...
[20/04/2026 3:11:13 PM] [Info] Read 1308 of 2378 asset file contents into memory...
[20/04/2026 3:11:13 PM] [Info] Loaded 1308 of 2378 assets...
[20/04/2026 3:11:13 PM] [Info] Read 1313 of 2378 asset file contents into memory...
[20/04/2026 3:11:13 PM] [Info] Loaded 1313 of 2378 assets...
[20/04/2026 3:11:13 PM] [Info] Read 1318 of 2378 asset file contents into memory...
[20/04/2026 3:11:13 PM] [Info] Loaded 1318 of 2378 assets...
[20/04/2026 3:11:13 PM] [Info] Read 1323 of 2378 asset file contents into memory...
[20/04/2026 3:11:13 PM] [Info] Loaded 1323 of 2378 assets...
[20/04/2026 3:11:13 PM] [Info] Read 1328 of 2378 asset file contents into memory...
[20/04/2026 3:11:13 PM] [Info] Loaded 1328 of 2378 assets...
[20/04/2026 3:11:13 PM] [Info] Read 1333 of 2378 asset file contents into memory...
[20/04/2026 3:11:13 PM] [Info] Loaded 1333 of 2378 assets...
[20/04/2026 3:11:13 PM] [Info] Read 1337 of 2378 asset file contents into memory...
[20/04/2026 3:11:13 PM] [Info] Loaded 1337 of 2378 assets...
[20/04/2026 3:11:13 PM] [Info] Read 1341 of 2378 asset file contents into memory...
[20/04/2026 3:11:13 PM] [Info] Loaded 1341 of 2378 assets...
[20/04/2026 3:11:13 PM] [Info] Read 1345 of 2378 asset file contents into memory...
[20/04/2026 3:11:13 PM] [Info] Loaded 1345 of 2378 assets...
[20/04/2026 3:11:13 PM] [Info] Read 1350 of 2378 asset file contents into memory...
[20/04/2026 3:11:13 PM] [Info] Loaded 1350 of 2378 assets...
[20/04/2026 3:11:13 PM] [Info] Read 1354 of 2378 asset file contents into memory...
[20/04/2026 3:11:13 PM] [Info] Loaded 1354 of 2378 assets...
[20/04/2026 3:11:14 PM] [Info] Read 1359 of 2378 asset file contents into memory...
[20/04/2026 3:11:14 PM] [Info] Loaded 1359 of 2378 assets...
[20/04/2026 3:11:14 PM] [Info] Read 1364 of 2378 asset file contents into memory...
[20/04/2026 3:11:14 PM] [Info] Loaded 1364 of 2378 assets...
[20/04/2026 3:11:14 PM] [Info] Read 1369 of 2378 asset file contents into memory...
[20/04/2026 3:11:14 PM] [Info] Loaded 1369 of 2378 assets...
[20/04/2026 3:11:14 PM] [Info] Read 1373 of 2378 asset file contents into memory...
[20/04/2026 3:11:14 PM] [Info] Loaded 1373 of 2378 assets...
[20/04/2026 3:11:14 PM] [Info] Read 1378 of 2378 asset file contents into memory...
[20/04/2026 3:11:14 PM] [Info] Loaded 1378 of 2378 assets...
[20/04/2026 3:11:14 PM] [Info] Read 1383 of 2378 asset file contents into memory...
[20/04/2026 3:11:14 PM] [Info] Loaded 1383 of 2378 assets...
[20/04/2026 3:11:14 PM] [Info] Read 1387 of 2378 asset file contents into memory...
[20/04/2026 3:11:14 PM] [Info] Loaded 1387 of 2378 assets...
[20/04/2026 3:11:14 PM] [Info] Read 1391 of 2378 asset file contents into memory...
[20/04/2026 3:11:14 PM] [Info] Loaded 1391 of 2378 assets...
[20/04/2026 3:11:14 PM] [Info] Read 1395 of 2378 asset file contents into memory...
[20/04/2026 3:11:14 PM] [Info] Loaded 1395 of 2378 assets...
[20/04/2026 3:11:14 PM] [Info] Read 1400 of 2378 asset file contents into memory...
[20/04/2026 3:11:14 PM] [Info] Loaded 1400 of 2378 assets...
[20/04/2026 3:11:14 PM] [Info] Read 1404 of 2378 asset file contents into memory...
[20/04/2026 3:11:14 PM] [Info] Loaded 1404 of 2378 assets...
[20/04/2026 3:11:14 PM] [Info] Read 1409 of 2378 asset file contents into memory...
[20/04/2026 3:11:14 PM] [Info] Loaded 1409 of 2378 assets...
[20/04/2026 3:11:14 PM] [Info] Read 1414 of 2378 asset file contents into memory...
[20/04/2026 3:11:14 PM] [Info] Loaded 1414 of 2378 assets...
[20/04/2026 3:11:14 PM] [Info] Read 1418 of 2378 asset file contents into memory...
[20/04/2026 3:11:14 PM] [Info] Loaded 1418 of 2378 assets...
[20/04/2026 3:11:14 PM] [Info] Read 1422 of 2378 asset file contents into memory...
[20/04/2026 3:11:14 PM] [Info] Loaded 1422 of 2378 assets...
[20/04/2026 3:11:14 PM] [Info] Read 1426 of 2378 asset file contents into memory...
[20/04/2026 3:11:14 PM] [Info] Loaded 1426 of 2378 assets...
[20/04/2026 3:11:14 PM] [Info] Read 1431 of 2378 asset file contents into memory...
[20/04/2026 3:11:14 PM] [Info] Loaded 1431 of 2378 assets...
[20/04/2026 3:11:14 PM] [Info] Read 1435 of 2378 asset file contents into memory...
[20/04/2026 3:11:14 PM] [Info] Loaded 1435 of 2378 assets...
[20/04/2026 3:11:14 PM] [Info] Read 1440 of 2378 asset file contents into memory...
[20/04/2026 3:11:14 PM] [Info] Loaded 1440 of 2378 assets...
[20/04/2026 3:11:14 PM] [Info] Read 1445 of 2378 asset file contents into memory...
[20/04/2026 3:11:14 PM] [Info] Loaded 1445 of 2378 assets...
[20/04/2026 3:11:15 PM] [Info] Read 1450 of 2378 asset file contents into memory...
[20/04/2026 3:11:15 PM] [Info] Loaded 1450 of 2378 assets...
[20/04/2026 3:11:15 PM] [Info] Read 1454 of 2378 asset file contents into memory...
[20/04/2026 3:11:15 PM] [Info] Loaded 1454 of 2378 assets...
[20/04/2026 3:11:15 PM] [Info] Read 1458 of 2378 asset file contents into memory...
[20/04/2026 3:11:15 PM] [Info] Loaded 1458 of 2378 assets...
[20/04/2026 3:11:15 PM] [Info] Read 1462 of 2378 asset file contents into memory...
[20/04/2026 3:11:15 PM] [Info] Loaded 1462 of 2378 assets...
[20/04/2026 3:11:15 PM] [Info] Read 1467 of 2378 asset file contents into memory...
[20/04/2026 3:11:15 PM] [Info] Loaded 1467 of 2378 assets...
[20/04/2026 3:11:15 PM] [Info] Read 1471 of 2378 asset file contents into memory...
[20/04/2026 3:11:15 PM] [Info] Loaded 1471 of 2378 assets...
[20/04/2026 3:11:15 PM] [Info] Read 1476 of 2378 asset file contents into memory...
[20/04/2026 3:11:15 PM] [Info] Loaded 1476 of 2378 assets...
[20/04/2026 3:11:15 PM] [Info] Read 1481 of 2378 asset file contents into memory...
[20/04/2026 3:11:15 PM] [Info] Loaded 1481 of 2378 assets...
[20/04/2026 3:11:15 PM] [Info] Read 1485 of 2378 asset file contents into memory...
[20/04/2026 3:11:15 PM] [Info] Loaded 1485 of 2378 assets...
[20/04/2026 3:11:15 PM] [Info] Read 1490 of 2378 asset file contents into memory...
[20/04/2026 3:11:15 PM] [Info] Loaded 1490 of 2378 assets...
[20/04/2026 3:11:15 PM] [Info] Read 1495 of 2378 asset file contents into memory...
[20/04/2026 3:11:15 PM] [Info] Loaded 1495 of 2378 assets...
[20/04/2026 3:11:15 PM] [Info] Read 1499 of 2378 asset file contents into memory...
[20/04/2026 3:11:15 PM] [Info] Loaded 1499 of 2378 assets...
[20/04/2026 3:11:15 PM] [Info] Read 1503 of 2378 asset file contents into memory...
[20/04/2026 3:11:15 PM] [Info] Loaded 1503 of 2378 assets...
[20/04/2026 3:11:15 PM] [Info] Read 1506 of 2378 asset file contents into memory...
[20/04/2026 3:11:15 PM] [Info] Loaded 1506 of 2378 assets...
[20/04/2026 3:11:15 PM] [Info] Read 1510 of 2378 asset file contents into memory...
[20/04/2026 3:11:15 PM] [Info] Loaded 1510 of 2378 assets...
[20/04/2026 3:11:15 PM] [Info] Read 1515 of 2378 asset file contents into memory...
[20/04/2026 3:11:15 PM] [Info] Loaded 1515 of 2378 assets...
[20/04/2026 3:11:15 PM] [Info] Read 1519 of 2378 asset file contents into memory...
[20/04/2026 3:11:15 PM] [Info] Loaded 1519 of 2378 assets...
[20/04/2026 3:11:15 PM] [Info] Read 1523 of 2378 asset file contents into memory...
[20/04/2026 3:11:15 PM] [Info] Loaded 1523 of 2378 assets...
[20/04/2026 3:11:15 PM] [Info] Read 1528 of 2378 asset file contents into memory...
[20/04/2026 3:11:15 PM] [Info] Loaded 1528 of 2378 assets...
[20/04/2026 3:11:15 PM] [Info] Read 1532 of 2378 asset file contents into memory...
[20/04/2026 3:11:15 PM] [Info] Loaded 1532 of 2378 assets...
[20/04/2026 3:11:16 PM] [Info] Read 1536 of 2378 asset file contents into memory...
[20/04/2026 3:11:16 PM] [Info] Loaded 1536 of 2378 assets...
[20/04/2026 3:11:16 PM] [Info] Read 1540 of 2378 asset file contents into memory...
[20/04/2026 3:11:16 PM] [Info] Loaded 1540 of 2378 assets...
[20/04/2026 3:11:16 PM] [Info] Read 1544 of 2378 asset file contents into memory...
[20/04/2026 3:11:16 PM] [Info] Loaded 1544 of 2378 assets...
[20/04/2026 3:11:16 PM] [Info] Read 1548 of 2378 asset file contents into memory...
[20/04/2026 3:11:16 PM] [Info] Loaded 1548 of 2378 assets...
[20/04/2026 3:11:16 PM] [Info] Read 1552 of 2378 asset file contents into memory...
[20/04/2026 3:11:16 PM] [Info] Loaded 1552 of 2378 assets...
[20/04/2026 3:11:16 PM] [Info] Read 1556 of 2378 asset file contents into memory...
[20/04/2026 3:11:16 PM] [Info] Loaded 1556 of 2378 assets...
[20/04/2026 3:11:16 PM] [Info] Read 1561 of 2378 asset file contents into memory...
[20/04/2026 3:11:16 PM] [Info] Loaded 1561 of 2378 assets...
[20/04/2026 3:11:16 PM] [Info] Read 1565 of 2378 asset file contents into memory...
[20/04/2026 3:11:16 PM] [Info] Loaded 1565 of 2378 assets...
[20/04/2026 3:11:16 PM] [Info] Read 1570 of 2378 asset file contents into memory...
[20/04/2026 3:11:16 PM] [Info] Loaded 1570 of 2378 assets...
[20/04/2026 3:11:16 PM] [Info] Read 1575 of 2378 asset file contents into memory...
[20/04/2026 3:11:16 PM] [Info] Loaded 1575 of 2378 assets...
[20/04/2026 3:11:16 PM] [Info] Read 1580 of 2378 asset file contents into memory...
[20/04/2026 3:11:16 PM] [Info] Loaded 1580 of 2378 assets...
[20/04/2026 3:11:16 PM] [Info] Read 1585 of 2378 asset file contents into memory...
[20/04/2026 3:11:16 PM] [Info] Loaded 1585 of 2378 assets...
[20/04/2026 3:11:16 PM] [Info] Read 1590 of 2378 asset file contents into memory...
[20/04/2026 3:11:16 PM] [Info] Loaded 1590 of 2378 assets...
[20/04/2026 3:11:16 PM] [Info] Read 1594 of 2378 asset file contents into memory...
[20/04/2026 3:11:16 PM] [Info] Loaded 1594 of 2378 assets...
[20/04/2026 3:11:16 PM] [Info] Read 1599 of 2378 asset file contents into memory...
[20/04/2026 3:11:16 PM] [Info] Loaded 1599 of 2378 assets...
[20/04/2026 3:11:16 PM] [Info] Read 1603 of 2378 asset file contents into memory...
[20/04/2026 3:11:16 PM] [Info] Loaded 1603 of 2378 assets...
[20/04/2026 3:11:16 PM] [Info] Read 1607 of 2378 asset file contents into memory...
[20/04/2026 3:11:16 PM] [Info] Loaded 1607 of 2378 assets...
[20/04/2026 3:11:16 PM] [Info] Read 1611 of 2378 asset file contents into memory...
[20/04/2026 3:11:16 PM] [Info] Loaded 1611 of 2378 assets...
[20/04/2026 3:11:16 PM] [Info] Read 1615 of 2378 asset file contents into memory...
[20/04/2026 3:11:16 PM] [Info] Loaded 1615 of 2378 assets...
[20/04/2026 3:11:16 PM] [Info] Read 1619 of 2378 asset file contents into memory...
[20/04/2026 3:11:16 PM] [Info] Loaded 1619 of 2378 assets...
[20/04/2026 3:11:17 PM] [Info] Read 1624 of 2378 asset file contents into memory...
[20/04/2026 3:11:17 PM] [Info] Loaded 1624 of 2378 assets...
[20/04/2026 3:11:17 PM] [Info] Read 1628 of 2378 asset file contents into memory...
[20/04/2026 3:11:17 PM] [Info] Loaded 1628 of 2378 assets...
[20/04/2026 3:11:17 PM] [Info] Read 1633 of 2378 asset file contents into memory...
[20/04/2026 3:11:17 PM] [Info] Loaded 1633 of 2378 assets...
[20/04/2026 3:11:17 PM] [Info] Read 1637 of 2378 asset file contents into memory...
[20/04/2026 3:11:17 PM] [Info] Loaded 1637 of 2378 assets...
[20/04/2026 3:11:17 PM] [Info] Read 1642 of 2378 asset file contents into memory...
[20/04/2026 3:11:17 PM] [Info] Loaded 1642 of 2378 assets...
[20/04/2026 3:11:17 PM] [Info] Read 1647 of 2378 asset file contents into memory...
[20/04/2026 3:11:17 PM] [Info] Loaded 1647 of 2378 assets...
[20/04/2026 3:11:17 PM] [Info] Read 1652 of 2378 asset file contents into memory...
[20/04/2026 3:11:17 PM] [Info] Loaded 1652 of 2378 assets...
[20/04/2026 3:11:17 PM] [Info] Read 1656 of 2378 asset file contents into memory...
[20/04/2026 3:11:17 PM] [Info] Loaded 1656 of 2378 assets...
[20/04/2026 3:11:17 PM] [Info] Read 1661 of 2378 asset file contents into memory...
[20/04/2026 3:11:17 PM] [Info] Loaded 1661 of 2378 assets...
[20/04/2026 3:11:17 PM] [Info] Read 1665 of 2378 asset file contents into memory...
[20/04/2026 3:11:17 PM] [Info] Loaded 1665 of 2378 assets...
[20/04/2026 3:11:17 PM] [Info] Read 1669 of 2378 asset file contents into memory...
[20/04/2026 3:11:17 PM] [Info] Loaded 1669 of 2378 assets...
[20/04/2026 3:11:17 PM] [Info] Read 1674 of 2378 asset file contents into memory...
[20/04/2026 3:11:17 PM] [Info] Loaded 1674 of 2378 assets...
[20/04/2026 3:11:17 PM] [Info] Read 1679 of 2378 asset file contents into memory...
[20/04/2026 3:11:17 PM] [Info] Loaded 1679 of 2378 assets...
[20/04/2026 3:11:17 PM] [Info] Read 1684 of 2378 asset file contents into memory...
[20/04/2026 3:11:17 PM] [Info] Loaded 1684 of 2378 assets...
[20/04/2026 3:11:17 PM] [Info] Read 1688 of 2378 asset file contents into memory...
[20/04/2026 3:11:17 PM] [Info] Loaded 1688 of 2378 assets...
[20/04/2026 3:11:17 PM] [Info] Read 1692 of 2378 asset file contents into memory...
[20/04/2026 3:11:17 PM] [Info] Loaded 1692 of 2378 assets...
[20/04/2026 3:11:17 PM] [Info] Read 1697 of 2378 asset file contents into memory...
[20/04/2026 3:11:17 PM] [Info] Loaded 1697 of 2378 assets...
[20/04/2026 3:11:17 PM] [Info] Read 1702 of 2378 asset file contents into memory...
[20/04/2026 3:11:17 PM] [Info] Loaded 1702 of 2378 assets...
[20/04/2026 3:11:17 PM] [Info] Read 1706 of 2378 asset file contents into memory...
[20/04/2026 3:11:17 PM] [Info] Loaded 1706 of 2378 assets...
[20/04/2026 3:11:17 PM] [Info] Read 1709 of 2378 asset file contents into memory...
[20/04/2026 3:11:17 PM] [Info] Loaded 1709 of 2378 assets...
[20/04/2026 3:11:18 PM] [Info] Read 1713 of 2378 asset file contents into memory...
[20/04/2026 3:11:18 PM] [Info] Loaded 1713 of 2378 assets...
[20/04/2026 3:11:18 PM] [Info] Read 1717 of 2378 asset file contents into memory...
[20/04/2026 3:11:18 PM] [Info] Loaded 1717 of 2378 assets...
[20/04/2026 3:11:18 PM] [Info] Read 1722 of 2378 asset file contents into memory...
[20/04/2026 3:11:18 PM] [Info] Loaded 1722 of 2378 assets...
[20/04/2026 3:11:18 PM] [Info] Read 1726 of 2378 asset file contents into memory...
[20/04/2026 3:11:18 PM] [Info] Loaded 1726 of 2378 assets...
[20/04/2026 3:11:18 PM] [Info] Read 1730 of 2378 asset file contents into memory...
[20/04/2026 3:11:18 PM] [Info] Loaded 1730 of 2378 assets...
[20/04/2026 3:11:18 PM] [Info] Read 1734 of 2378 asset file contents into memory...
[20/04/2026 3:11:18 PM] [Info] Loaded 1734 of 2378 assets...
[20/04/2026 3:11:18 PM] [Info] Read 1739 of 2378 asset file contents into memory...
[20/04/2026 3:11:18 PM] [Info] Loaded 1739 of 2378 assets...
[20/04/2026 3:11:18 PM] [Info] Read 1744 of 2378 asset file contents into memory...
[20/04/2026 3:11:18 PM] [Info] Loaded 1744 of 2378 assets...
[20/04/2026 3:11:18 PM] [Info] Read 1749 of 2378 asset file contents into memory...
[20/04/2026 3:11:18 PM] [Info] Loaded 1749 of 2378 assets...
[20/04/2026 3:11:18 PM] [Info] Read 1755 of 2378 asset file contents into memory...
[20/04/2026 3:11:18 PM] [Info] Loaded 1755 of 2378 assets...
[20/04/2026 3:11:18 PM] [Info] Read 1764 of 2378 asset file contents into memory...
[20/04/2026 3:11:18 PM] [Info] Loaded 1764 of 2378 assets...
[20/04/2026 3:11:18 PM] [Info] Read 1772 of 2378 asset file contents into memory...
[20/04/2026 3:11:18 PM] [Info] Loaded 1772 of 2378 assets...
[20/04/2026 3:11:18 PM] [Info] Read 1781 of 2378 asset file contents into memory...
[20/04/2026 3:11:18 PM] [Info] Loaded 1781 of 2378 assets...
[20/04/2026 3:11:18 PM] [Info] Read 1789 of 2378 asset file contents into memory...
[20/04/2026 3:11:18 PM] [Info] Loaded 1789 of 2378 assets...
[20/04/2026 3:11:18 PM] [Info] Read 1795 of 2378 asset file contents into memory...
[20/04/2026 3:11:18 PM] [Info] Loaded 1795 of 2378 assets...
[20/04/2026 3:11:18 PM] [Info] Read 1804 of 2378 asset file contents into memory...
[20/04/2026 3:11:18 PM] [Info] Loaded 1804 of 2378 assets...
[20/04/2026 3:11:18 PM] [Info] Read 1813 of 2378 asset file contents into memory...
[20/04/2026 3:11:18 PM] [Info] Loaded 1813 of 2378 assets...
[20/04/2026 3:11:18 PM] [Info] Read 1823 of 2378 asset file contents into memory...
[20/04/2026 3:11:18 PM] [Info] Loaded 1823 of 2378 assets...
[20/04/2026 3:11:18 PM] [Info] Read 1831 of 2378 asset file contents into memory...
[20/04/2026 3:11:18 PM] [Info] Loaded 1831 of 2378 assets...
[20/04/2026 3:11:18 PM] [Info] Read 1840 of 2378 asset file contents into memory...
[20/04/2026 3:11:19 PM] [Info] Loaded 1840 of 2378 assets...
[20/04/2026 3:11:19 PM] [Info] Read 1849 of 2378 asset file contents into memory...
[20/04/2026 3:11:19 PM] [Info] Loaded 1849 of 2378 assets...
[20/04/2026 3:11:19 PM] [Info] Read 1858 of 2378 asset file contents into memory...
[20/04/2026 3:11:19 PM] [Info] Loaded 1858 of 2378 assets...
[20/04/2026 3:11:19 PM] [Info] Read 1868 of 2378 asset file contents into memory...
[20/04/2026 3:11:19 PM] [Info] Loaded 1868 of 2378 assets...
[20/04/2026 3:11:19 PM] [Info] Read 1878 of 2378 asset file contents into memory...
[20/04/2026 3:11:19 PM] [Info] Loaded 1878 of 2378 assets...
[20/04/2026 3:11:19 PM] [Info] Read 1887 of 2378 asset file contents into memory...
[20/04/2026 3:11:19 PM] [Info] Loaded 1887 of 2378 assets...
[20/04/2026 3:11:19 PM] [Info] Read 1892 of 2378 asset file contents into memory...
[20/04/2026 3:11:19 PM] [Info] Loaded 1892 of 2378 assets...
[20/04/2026 3:11:19 PM] [Info] Read 1896 of 2378 asset file contents into memory...
[20/04/2026 3:11:19 PM] [Info] Loaded 1896 of 2378 assets...
[20/04/2026 3:11:19 PM] [Info] Read 1900 of 2378 asset file contents into memory...
[20/04/2026 3:11:19 PM] [Info] Loaded 1900 of 2378 assets...
[20/04/2026 3:11:19 PM] [Info] Read 1904 of 2378 asset file contents into memory...
[20/04/2026 3:11:19 PM] [Info] Loaded 1904 of 2378 assets...
[20/04/2026 3:11:19 PM] [Info] Read 1909 of 2378 asset file contents into memory...
[20/04/2026 3:11:19 PM] [Info] Loaded 1909 of 2378 assets...
[20/04/2026 3:11:19 PM] [Info] Read 1912 of 2378 asset file contents into memory...
[20/04/2026 3:11:19 PM] [Info] Loaded 1912 of 2378 assets...
[20/04/2026 3:11:19 PM] [Info] Read 1916 of 2378 asset file contents into memory...
[20/04/2026 3:11:19 PM] [Info] Loaded 1916 of 2378 assets...
[20/04/2026 3:11:19 PM] [Info] Read 1920 of 2378 asset file contents into memory...
[20/04/2026 3:11:19 PM] [Info] Loaded 1920 of 2378 assets...
[20/04/2026 3:11:19 PM] [Info] Read 1924 of 2378 asset file contents into memory...
[20/04/2026 3:11:19 PM] [Info] Loaded 1924 of 2378 assets...
[20/04/2026 3:11:19 PM] [Info] Read 1929 of 2378 asset file contents into memory...
[20/04/2026 3:11:19 PM] [Info] Loaded 1929 of 2378 assets...
[20/04/2026 3:11:19 PM] [Info] Read 1934 of 2378 asset file contents into memory...
[20/04/2026 3:11:19 PM] [Info] Loaded 1934 of 2378 assets...
[20/04/2026 3:11:19 PM] [Info] Read 1938 of 2378 asset file contents into memory...
[20/04/2026 3:11:19 PM] [Info] Loaded 1938 of 2378 assets...
[20/04/2026 3:11:19 PM] [Info] Read 1943 of 2378 asset file contents into memory...
[20/04/2026 3:11:19 PM] [Info] Loaded 1943 of 2378 assets...
[20/04/2026 3:11:20 PM] [Info] Read 1948 of 2378 asset file contents into memory...
[20/04/2026 3:11:20 PM] [Info] Loaded 1948 of 2378 assets...
[20/04/2026 3:11:20 PM] [Info] Read 1952 of 2378 asset file contents into memory...
[20/04/2026 3:11:20 PM] [Info] Loaded 1952 of 2378 assets...
[20/04/2026 3:11:20 PM] [Info] Read 1955 of 2378 asset file contents into memory...
[20/04/2026 3:11:20 PM] [Info] Loaded 1955 of 2378 assets...
[20/04/2026 3:11:20 PM] [Info] Read 1959 of 2378 asset file contents into memory...
[20/04/2026 3:11:20 PM] [Info] Loaded 1959 of 2378 assets...
[20/04/2026 3:11:20 PM] [Info] Read 1963 of 2378 asset file contents into memory...
[20/04/2026 3:11:20 PM] [Info] Loaded 1963 of 2378 assets...
[20/04/2026 3:11:20 PM] [Info] Read 1967 of 2378 asset file contents into memory...
[20/04/2026 3:11:20 PM] [Info] Loaded 1967 of 2378 assets...
[20/04/2026 3:11:20 PM] [Info] Read 1970 of 2378 asset file contents into memory...
[20/04/2026 3:11:20 PM] [Info] Loaded 1970 of 2378 assets...
[20/04/2026 3:11:20 PM] [Info] Read 1974 of 2378 asset file contents into memory...
[20/04/2026 3:11:20 PM] [Info] Loaded 1974 of 2378 assets...
[20/04/2026 3:11:20 PM] [Info] Read 1977 of 2378 asset file contents into memory...
[20/04/2026 3:11:20 PM] [Info] Loaded 1977 of 2378 assets...
[20/04/2026 3:11:20 PM] [Info] Read 1981 of 2378 asset file contents into memory...
[20/04/2026 3:11:20 PM] [Info] Loaded 1981 of 2378 assets...
[20/04/2026 3:11:20 PM] [Info] Read 1985 of 2378 asset file contents into memory...
[20/04/2026 3:11:20 PM] [Info] Loaded 1985 of 2378 assets...
[20/04/2026 3:11:20 PM] [Info] Read 1990 of 2378 asset file contents into memory...
[20/04/2026 3:11:20 PM] [Info] Loaded 1990 of 2378 assets...
[20/04/2026 3:11:20 PM] [Info] Read 1994 of 2378 asset file contents into memory...
[20/04/2026 3:11:20 PM] [Info] Loaded 1994 of 2378 assets...
[20/04/2026 3:11:20 PM] [Info] Read 1999 of 2378 asset file contents into memory...
[20/04/2026 3:11:20 PM] [Info] Loaded 1999 of 2378 assets...
[20/04/2026 3:11:20 PM] [Info] Read 2004 of 2378 asset file contents into memory...
[20/04/2026 3:11:20 PM] [Info] Loaded 2004 of 2378 assets...
[20/04/2026 3:11:20 PM] [Info] Read 2008 of 2378 asset file contents into memory...
[20/04/2026 3:11:20 PM] [Info] Loaded 2008 of 2378 assets...
[20/04/2026 3:11:20 PM] [Info] Read 2013 of 2378 asset file contents into memory...
[20/04/2026 3:11:20 PM] [Info] Loaded 2013 of 2378 assets...
[20/04/2026 3:11:20 PM] [Info] Read 2018 of 2378 asset file contents into memory...
[20/04/2026 3:11:20 PM] [Info] Loaded 2018 of 2378 assets...
[20/04/2026 3:11:20 PM] [Info] Read 2022 of 2378 asset file contents into memory...
[20/04/2026 3:11:20 PM] [Info] Loaded 2022 of 2378 assets...
[20/04/2026 3:11:20 PM] [Info] Read 2026 of 2378 asset file contents into memory...
[20/04/2026 3:11:20 PM] [Info] Loaded 2026 of 2378 assets...
[20/04/2026 3:11:21 PM] [Info] Read 2030 of 2378 asset file contents into memory...
[20/04/2026 3:11:21 PM] [Info] Loaded 2030 of 2378 assets...
[20/04/2026 3:11:21 PM] [Info] Read 2034 of 2378 asset file contents into memory...
[20/04/2026 3:11:21 PM] [Info] Loaded 2034 of 2378 assets...
[20/04/2026 3:11:21 PM] [Info] Read 2038 of 2378 asset file contents into memory...
[20/04/2026 3:11:21 PM] [Info] Loaded 2038 of 2378 assets...
[20/04/2026 3:11:21 PM] [Info] Read 2042 of 2378 asset file contents into memory...
[20/04/2026 3:11:21 PM] [Info] Loaded 2042 of 2378 assets...
[20/04/2026 3:11:21 PM] [Info] Read 2046 of 2378 asset file contents into memory...
[20/04/2026 3:11:21 PM] [Info] Loaded 2046 of 2378 assets...
[20/04/2026 3:11:21 PM] [Info] Read 2050 of 2378 asset file contents into memory...
[20/04/2026 3:11:21 PM] [Info] Loaded 2050 of 2378 assets...
[20/04/2026 3:11:21 PM] [Info] Read 2054 of 2378 asset file contents into memory...
[20/04/2026 3:11:21 PM] [Info] Loaded 2054 of 2378 assets...
[20/04/2026 3:11:21 PM] [Info] Read 2058 of 2378 asset file contents into memory...
[20/04/2026 3:11:21 PM] [Info] Loaded 2058 of 2378 assets...
[20/04/2026 3:11:21 PM] [Info] Read 2063 of 2378 asset file contents into memory...
[20/04/2026 3:11:21 PM] [Info] Loaded 2063 of 2378 assets...
[20/04/2026 3:11:21 PM] [Info] Read 2067 of 2378 asset file contents into memory...
[20/04/2026 3:11:21 PM] [Info] Loaded 2067 of 2378 assets...
[20/04/2026 3:11:21 PM] [Info] Read 2072 of 2378 asset file contents into memory...
[20/04/2026 3:11:21 PM] [Info] Loaded 2072 of 2378 assets...
[20/04/2026 3:11:21 PM] [Info] Read 2076 of 2378 asset file contents into memory...
[20/04/2026 3:11:21 PM] [Info] Loaded 2076 of 2378 assets...
[20/04/2026 3:11:21 PM] [Info] Read 2080 of 2378 asset file contents into memory...
[20/04/2026 3:11:21 PM] [Info] Loaded 2080 of 2378 assets...
[20/04/2026 3:11:21 PM] [Info] Read 2084 of 2378 asset file contents into memory...
[20/04/2026 3:11:21 PM] [Info] Loaded 2084 of 2378 assets...
[20/04/2026 3:11:21 PM] [Info] Read 2088 of 2378 asset file contents into memory...
[20/04/2026 3:11:21 PM] [Info] Loaded 2088 of 2378 assets...
[20/04/2026 3:11:21 PM] [Info] Read 2092 of 2378 asset file contents into memory...
[20/04/2026 3:11:21 PM] [Info] Loaded 2092 of 2378 assets...
[20/04/2026 3:11:21 PM] [Info] Read 2096 of 2378 asset file contents into memory...
[20/04/2026 3:11:21 PM] [Info] Loaded 2096 of 2378 assets...
[20/04/2026 3:11:21 PM] [Info] Read 2100 of 2378 asset file contents into memory...
[20/04/2026 3:11:21 PM] [Info] Loaded 2100 of 2378 assets...
[20/04/2026 3:11:21 PM] [Info] Read 2105 of 2378 asset file contents into memory...
[20/04/2026 3:11:21 PM] [Info] Loaded 2105 of 2378 assets...
[20/04/2026 3:11:21 PM] [Info] Read 2110 of 2378 asset file contents into memory...
[20/04/2026 3:11:21 PM] [Info] Loaded 2110 of 2378 assets...
[20/04/2026 3:11:22 PM] [Info] Read 2114 of 2378 asset file contents into memory...
[20/04/2026 3:11:22 PM] [Info] Loaded 2114 of 2378 assets...
[20/04/2026 3:11:22 PM] [Info] Read 2119 of 2378 asset file contents into memory...
[20/04/2026 3:11:22 PM] [Info] Loaded 2119 of 2378 assets...
[20/04/2026 3:11:22 PM] [Info] Read 2123 of 2378 asset file contents into memory...
[20/04/2026 3:11:22 PM] [Info] Loaded 2123 of 2378 assets...
[20/04/2026 3:11:22 PM] [Info] Read 2127 of 2378 asset file contents into memory...
[20/04/2026 3:11:22 PM] [Info] Loaded 2127 of 2378 assets...
[20/04/2026 3:11:22 PM] [Info] Read 2131 of 2378 asset file contents into memory...
[20/04/2026 3:11:22 PM] [Info] Loaded 2131 of 2378 assets...
[20/04/2026 3:11:22 PM] [Info] Read 2135 of 2378 asset file contents into memory...
[20/04/2026 3:11:22 PM] [Info] Loaded 2135 of 2378 assets...
[20/04/2026 3:11:22 PM] [Info] Read 2139 of 2378 asset file contents into memory...
[20/04/2026 3:11:22 PM] [Info] Loaded 2139 of 2378 assets...
[20/04/2026 3:11:22 PM] [Info] Read 2143 of 2378 asset file contents into memory...
[20/04/2026 3:11:22 PM] [Info] Loaded 2143 of 2378 assets...
[20/04/2026 3:11:22 PM] [Info] Read 2148 of 2378 asset file contents into memory...
[20/04/2026 3:11:22 PM] [Info] Loaded 2148 of 2378 assets...
[20/04/2026 3:11:22 PM] [Info] Read 2152 of 2378 asset file contents into memory...
[20/04/2026 3:11:22 PM] [Info] Loaded 2152 of 2378 assets...
[20/04/2026 3:11:22 PM] [Info] Read 2156 of 2378 asset file contents into memory...
[20/04/2026 3:11:22 PM] [Info] Loaded 2156 of 2378 assets...
[20/04/2026 3:11:22 PM] [Info] Read 2160 of 2378 asset file contents into memory...
[20/04/2026 3:11:22 PM] [Info] Loaded 2160 of 2378 assets...
[20/04/2026 3:11:22 PM] [Info] Read 2164 of 2378 asset file contents into memory...
[20/04/2026 3:11:22 PM] [Info] Loaded 2164 of 2378 assets...
[20/04/2026 3:11:22 PM] [Info] Read 2167 of 2378 asset file contents into memory...
[20/04/2026 3:11:22 PM] [Info] Loaded 2167 of 2378 assets...
[20/04/2026 3:11:22 PM] [Info] Read 2170 of 2378 asset file contents into memory...
[20/04/2026 3:11:22 PM] [Info] Loaded 2170 of 2378 assets...
[20/04/2026 3:11:22 PM] [Info] Read 2173 of 2378 asset file contents into memory...
[20/04/2026 3:11:22 PM] [Info] Loaded 2173 of 2378 assets...
[20/04/2026 3:11:22 PM] [Info] Read 2177 of 2378 asset file contents into memory...
[20/04/2026 3:11:22 PM] [Info] Loaded 2177 of 2378 assets...
[20/04/2026 3:11:22 PM] [Info] Read 2181 of 2378 asset file contents into memory...
[20/04/2026 3:11:22 PM] [Info] Loaded 2181 of 2378 assets...
[20/04/2026 3:11:22 PM] [Info] Read 2185 of 2378 asset file contents into memory...
[20/04/2026 3:11:22 PM] [Info] Loaded 2185 of 2378 assets...
[20/04/2026 3:11:22 PM] [Info] Read 2189 of 2378 asset file contents into memory...
[20/04/2026 3:11:22 PM] [Info] Loaded 2189 of 2378 assets...
[20/04/2026 3:11:23 PM] [Info] Read 2193 of 2378 asset file contents into memory...
[20/04/2026 3:11:23 PM] [Info] Loaded 2193 of 2378 assets...
[20/04/2026 3:11:23 PM] [Info] Read 2197 of 2378 asset file contents into memory...
[20/04/2026 3:11:23 PM] [Info] Loaded 2197 of 2378 assets...
[20/04/2026 3:11:23 PM] [Info] Read 2202 of 2378 asset file contents into memory...
[20/04/2026 3:11:23 PM] [Info] Loaded 2202 of 2378 assets...
[20/04/2026 3:11:23 PM] [Info] Read 2206 of 2378 asset file contents into memory...
[20/04/2026 3:11:23 PM] [Info] Loaded 2206 of 2378 assets...
[20/04/2026 3:11:23 PM] [Info] Read 2210 of 2378 asset file contents into memory...
[20/04/2026 3:11:23 PM] [Info] Loaded 2210 of 2378 assets...
[20/04/2026 3:11:23 PM] [Info] Read 2214 of 2378 asset file contents into memory...
[20/04/2026 3:11:23 PM] [Info] Loaded 2214 of 2378 assets...
[20/04/2026 3:11:23 PM] [Info] Read 2219 of 2378 asset file contents into memory...
[20/04/2026 3:11:23 PM] [Info] Loaded 2219 of 2378 assets...
[20/04/2026 3:11:23 PM] [Info] Read 2223 of 2378 asset file contents into memory...
[20/04/2026 3:11:23 PM] [Info] Loaded 2223 of 2378 assets...
[20/04/2026 3:11:23 PM] [Info] Read 2226 of 2378 asset file contents into memory...
[20/04/2026 3:11:23 PM] [Info] Loaded 2226 of 2378 assets...
[20/04/2026 3:11:23 PM] [Info] Read 2230 of 2378 asset file contents into memory...
[20/04/2026 3:11:23 PM] [Info] Loaded 2230 of 2378 assets...
[20/04/2026 3:11:23 PM] [Info] Read 2234 of 2378 asset file contents into memory...
[20/04/2026 3:11:23 PM] [Info] Loaded 2234 of 2378 assets...
[20/04/2026 3:11:23 PM] [Info] Read 2236 of 2378 asset file contents into memory...
[20/04/2026 3:11:23 PM] [Info] Loaded 2236 of 2378 assets...
[20/04/2026 3:11:23 PM] [Info] Read 2240 of 2378 asset file contents into memory...
[20/04/2026 3:11:23 PM] [Info] Loaded 2240 of 2378 assets...
[20/04/2026 3:11:23 PM] [Info] Read 2244 of 2378 asset file contents into memory...
[20/04/2026 3:11:23 PM] [Info] Loaded 2244 of 2378 assets...
[20/04/2026 3:11:23 PM] [Info] Read 2248 of 2378 asset file contents into memory...
[20/04/2026 3:11:23 PM] [Info] Loaded 2248 of 2378 assets...
[20/04/2026 3:11:23 PM] [Info] Read 2252 of 2378 asset file contents into memory...
[20/04/2026 3:11:23 PM] [Info] Loaded 2252 of 2378 assets...
[20/04/2026 3:11:23 PM] [Info] Read 2257 of 2378 asset file contents into memory...
[20/04/2026 3:11:23 PM] [Info] Loaded 2257 of 2378 assets...
[20/04/2026 3:11:23 PM] [Info] Read 2261 of 2378 asset file contents into memory...
[20/04/2026 3:11:23 PM] [Info] Loaded 2261 of 2378 assets...
[20/04/2026 3:11:23 PM] [Info] Read 2265 of 2378 asset file contents into memory...
[20/04/2026 3:11:23 PM] [Info] Loaded 2265 of 2378 assets...
[20/04/2026 3:11:23 PM] [Info] Read 2269 of 2378 asset file contents into memory...
[20/04/2026 3:11:23 PM] [Info] Loaded 2269 of 2378 assets...
[20/04/2026 3:11:24 PM] [Info] Read 2273 of 2378 asset file contents into memory...
[20/04/2026 3:11:24 PM] [Info] Loaded 2273 of 2378 assets...
[20/04/2026 3:11:24 PM] [Info] Read 2278 of 2378 asset file contents into memory...
[20/04/2026 3:11:24 PM] [Info] Loaded 2278 of 2378 assets...
[20/04/2026 3:11:24 PM] [Info] Read 2283 of 2378 asset file contents into memory...
[20/04/2026 3:11:24 PM] [Info] Loaded 2283 of 2378 assets...
[20/04/2026 3:11:24 PM] [Info] Read 2288 of 2378 asset file contents into memory...
[20/04/2026 3:11:24 PM] [Info] Loaded 2288 of 2378 assets...
[20/04/2026 3:11:24 PM] [Info] Read 2292 of 2378 asset file contents into memory...
[20/04/2026 3:11:24 PM] [Info] Loaded 2292 of 2378 assets...
[20/04/2026 3:11:24 PM] [Info] Read 2296 of 2378 asset file contents into memory...
[20/04/2026 3:11:24 PM] [Info] Loaded 2296 of 2378 assets...
[20/04/2026 3:11:24 PM] [Info] Read 2301 of 2378 asset file contents into memory...
[20/04/2026 3:11:24 PM] [Info] Loaded 2301 of 2378 assets...
[20/04/2026 3:11:24 PM] [Info] Read 2306 of 2378 asset file contents into memory...
[20/04/2026 3:11:24 PM] [Info] Loaded 2306 of 2378 assets...
[20/04/2026 3:11:24 PM] [Info] Read 2311 of 2378 asset file contents into memory...
[20/04/2026 3:11:24 PM] [Info] Loaded 2311 of 2378 assets...
[20/04/2026 3:11:24 PM] [Info] Read 2315 of 2378 asset file contents into memory...
[20/04/2026 3:11:24 PM] [Info] Loaded 2315 of 2378 assets...
[20/04/2026 3:11:24 PM] [Info] Read 2320 of 2378 asset file contents into memory...
[20/04/2026 3:11:24 PM] [Info] Loaded 2320 of 2378 assets...
[20/04/2026 3:11:24 PM] [Info] Read 2325 of 2378 asset file contents into memory...
[20/04/2026 3:11:24 PM] [Info] Loaded 2325 of 2378 assets...
[20/04/2026 3:11:24 PM] [Info] Read 2330 of 2378 asset file contents into memory...
[20/04/2026 3:11:24 PM] [Info] Loaded 2330 of 2378 assets...
[20/04/2026 3:11:24 PM] [Info] Read 2333 of 2378 asset file contents into memory...
[20/04/2026 3:11:24 PM] [Info] Loaded 2333 of 2378 assets...
[20/04/2026 3:11:24 PM] [Info] Read 2337 of 2378 asset file contents into memory...
[20/04/2026 3:11:24 PM] [Info] Loaded 2337 of 2378 assets...
[20/04/2026 3:11:24 PM] [Info] Read 2341 of 2378 asset file contents into memory...
[20/04/2026 3:11:24 PM] [Info] Loaded 2341 of 2378 assets...
[20/04/2026 3:11:24 PM] [Info] Read 2346 of 2378 asset file contents into memory...
[20/04/2026 3:11:24 PM] [Info] Loaded 2346 of 2378 assets...
[20/04/2026 3:11:24 PM] [Info] Read 2351 of 2378 asset file contents into memory...
[20/04/2026 3:11:24 PM] [Info] Loaded 2351 of 2378 assets...
[20/04/2026 3:11:24 PM] [Info] Read 2356 of 2378 asset file contents into memory...
[20/04/2026 3:11:24 PM] [Info] Loaded 2356 of 2378 assets...
[20/04/2026 3:11:24 PM] [Info] Read 2361 of 2378 asset file contents into memory...
[20/04/2026 3:11:24 PM] [Info] Loaded 2361 of 2378 assets...
[20/04/2026 3:11:25 PM] [Info] Read 2366 of 2378 asset file contents into memory...
[20/04/2026 3:11:25 PM] [Info] Loaded 2366 of 2378 assets...
[20/04/2026 3:11:25 PM] [Info] Read 2371 of 2378 asset file contents into memory...
[20/04/2026 3:11:25 PM] [Info] Loaded 2371 of 2378 assets...
[20/04/2026 3:11:25 PM] [Info] Read 2375 of 2378 asset file contents into memory...
[20/04/2026 3:11:25 PM] [Info] Loaded 2375 of 2378 assets...
[20/04/2026 3:11:25 PM] [Info] Read 2378 of 2378 asset file contents into memory...
[20/04/2026 3:11:25 PM] [Info] Loaded 2378 of 2378 assets...
[20/04/2026 3:11:25 PM] [Info] Level overrides config Animals.Max_Instances_Medium: 256
[20/04/2026 3:11:25 PM] [Info] Skipping level config override Items.Quality_Full_Chance because it's overridden in server config
[20/04/2026 3:11:25 PM] [Info] Level overrides config Barricades.Allow_Item_Placement_On_Vehicle: False
[20/04/2026 3:11:25 PM] [Info] Level overrides config Barricades.Allow_Trap_Placement_On_Vehicle: False
[20/04/2026 3:11:25 PM] [Info] Level overrides config Barricades.Gun_Lowcal_Damage_Multiplier: 1
[20/04/2026 3:11:25 PM] [Info] Level overrides config Barricades.Gun_Highcal_Damage_Multiplier: 1
[20/04/2026 3:11:25 PM] [Info] Level overrides config Barricades.Armor_Lowtier_Multiplier: 1
[20/04/2026 3:11:25 PM] [Info] Level overrides config Barricades.Armor_Hightier_Multiplier: 1
[20/04/2026 3:11:25 PM] [Info] Level overrides config Structures.Gun_Lowcal_Damage_Multiplier: 1
[20/04/2026 3:11:25 PM] [Info] Level overrides config Structures.Gun_Highcal_Damage_Multiplier: 1
[20/04/2026 3:11:25 PM] [Info] Level overrides config Structures.Armor_Lowtier_Multiplier: 1
[20/04/2026 3:11:25 PM] [Info] Level overrides config Structures.Armor_Hightier_Multiplier: 1
[20/04/2026 3:11:25 PM] [Info] Level overrides config Structures.Melee_Damage_Multiplier: 1
[20/04/2026 3:11:25 PM] [Info] Level overrides config Structures.Melee_Repair_Multiplier: 1
[20/04/2026 3:11:25 PM] [Info] Level overrides config Events.Airdrop_Speed: 96
[20/04/2026 3:11:25 PM] [Info] Level overrides config Events.Airdrop_Force: 8.55
[20/04/2026 3:11:25 PM] [Info] Skipping level config override Vehicles.Gun_Lowcal_Damage_Multiplier because it's overridden in server config
[20/04/2026 3:11:25 PM] [Info] Skipping level config override Vehicles.Melee_Damage_Multiplier because it's overridden in server config
[20/04/2026 3:11:25 PM] [Info] Level overrides config Vehicles.Min_Battery_Charge: 1
[20/04/2026 3:11:25 PM] [Info] Level overrides config Vehicles.Max_Battery_Charge: 1
[20/04/2026 3:11:25 PM] [Info] Level overrides config Vehicles.Has_Battery_Chance: 1
[20/04/2026 3:11:25 PM] [Info] Level overrides config Vehicles.Max_Instances_Medium: 48
[20/04/2026 3:11:25 PM] [Info] Skipping level config override Vehicles.Armor_Multiplier because it's overridden in server config
[20/04/2026 3:11:25 PM] [Info] Skipping level config override Players.Experience_Multiplier because it's overridden in server config
[20/04/2026 3:11:25 PM] [Info] Skipping level config override Players.Lose_Skills_PvP because it's overridden in server config
[20/04/2026 3:11:25 PM] [Info] Skipping level config override Players.Lose_Skills_PvE because it's overridden in server config
[20/04/2026 3:11:25 PM] [Info] Skipping level config override Players.Lose_Experience_PvP because it's overridden in server config
[20/04/2026 3:11:25 PM] [Info] Level overrides config Players.Lose_Experience_PvE: 1
[20/04/2026 3:11:25 PM] [Info] Skipping level config override Players.Lose_Skill_Levels_PvP because it's overridden in server config
[20/04/2026 3:11:25 PM] [Info] Skipping level config override Players.Lose_Skill_Levels_PvE because it's overridden in server config
[20/04/2026 3:11:25 PM] [Info] Skipping level config override Players.Virus_Infect because it's overridden in server config
[20/04/2026 3:11:25 PM] [Info] Level overrides config Players.Can_Break_Legs: False
[20/04/2026 3:11:25 PM] [Info] Skipping level config override Zombies.Armor_Multiplier because it's overridden in server config
[20/04/2026 3:11:25 PM] [Info] Level overrides config Zombies.Full_Moon_Experience_Multiplier: 2
[20/04/2026 3:11:25 PM] [Info] Skipping level config override Zombies.Spawn_Chance because it's overridden in server config
[20/04/2026 3:11:25 PM] [Info] Level overrides config Zombies.Min_Mega_Drops: 1
[20/04/2026 3:11:25 PM] [Info] Level overrides config Zombies.Max_Mega_Drops: 1
[20/04/2026 3:11:25 PM] [Info] Level overrides config Zombies.Min_Boss_Drops: 1
[20/04/2026 3:11:25 PM] [Info] Level overrides config Zombies.Max_Boss_Drops: 1
[20/04/2026 3:11:25 PM] [Info] Skipping level config override Zombies.Loot_Chance because it's overridden in server config
[20/04/2026 3:11:25 PM] [Info] Skipping level config override Gameplay.Chart because it's overridden in server config
[20/04/2026 3:11:25 PM] [Info] Monitoring workshop map "A6 Polaris" (2898548949) for changes
[20/04/2026 3:11:25 PM] [Info] Loading level: 5%
[20/04/2026 3:11:28 PM] [Info] Loading level: 10%
[20/04/2026 3:11:28 PM] [Info] Loading level: 15%
[20/04/2026 3:11:28 PM] [Info] Loading level: 21%
[20/04/2026 3:11:28 PM] [Info] Loading level: 26%
[20/04/2026 3:11:28 PM] [Info] Loading level: 31%
[20/04/2026 3:11:28 PM] [Info] Loading level: 36%
[20/04/2026 3:11:28 PM] [Info] Loading level: 42%
[20/04/2026 3:11:28 PM] [Info] Loading level: 47%
[20/04/2026 3:11:28 PM] [Info] Loading level: 52%
[20/04/2026 3:11:28 PM] [Info] Loading level: 57%
[20/04/2026 3:11:28 PM] [Info] Loading level: 63%
[20/04/2026 3:11:31 PM] [Info] Loading level: 68%
[20/04/2026 3:11:31 PM] [Info] Loading level: 73%
[20/04/2026 3:11:31 PM] [Info] Loading level: 89%
[20/04/2026 3:11:31 PM] [Info] Loading level: 94%
[20/04/2026 3:11:31 PM] [Info] //////////////////////////////////////////////////////
[20/04/2026 3:11:31 PM] [Info] Server Code: 85568392936196484
[20/04/2026 3:11:31 PM] [Info] Your friends can enter this code in the Connect Directly menu to join without port forwarding.
[20/04/2026 3:11:31 PM] [Info] Tip: Use the "CopyServerCode" command to copy the code to your clipboard. Alternatively, in most terminals you can highlight it and press Ctrl+Insert to copy.
[20/04/2026 3:11:31 PM] [Info] //////////////////////////////////////////////////////
[20/04/2026 3:11:32 PM] [Info] Loading level: 100%
[20/04/2026 3:19:03 PM] [Info] Handling SIGINT or SIGBREAK by requesting a graceful shutdown
[20/04/2026 3:19:03 PM] [Info] MoreHomes >> 6 player homes data has been saved!
