[22/04/2026 2:56:53 PM] [Info] [registered] /more (Rocket.Unturned.Commands.CommandMore/more)
[22/04/2026 2:56:53 PM] [Info] [registered] /admin (Rocket.Unturned.Commands.CommandAdmin/admin)
[22/04/2026 2:56:53 PM] [Info] [registered] /broadcast (Rocket.Unturned.Commands.CommandBroadcast/broadcast)
[22/04/2026 2:56:53 PM] [Info] [registered] /compass (Rocket.Unturned.Commands.CommandCompass/compass)
[22/04/2026 2:56:53 PM] [Info] [registered] /effect (Rocket.Unturned.Commands.CommandEffect/effect)
[22/04/2026 2:56:53 PM] [Info] [registered] /exit (Rocket.Unturned.Commands.CommandExit/exit)
[22/04/2026 2:56:53 PM] [Info] [registered] /god (Rocket.Unturned.Commands.CommandGod/god)
[22/04/2026 2:56:53 PM] [Info] [registered] /heal (Rocket.Unturned.Commands.CommandHeal/heal)
[22/04/2026 2:56:53 PM] [Info] [registered] /help (Rocket.Unturned.Commands.CommandHelp/help)
[22/04/2026 2:56:53 PM] [Info] [registered] /i (Rocket.Unturned.Commands.CommandI/i)
[22/04/2026 2:56:53 PM] [Info] [registered] /item (Rocket.Unturned.Commands.CommandI/item)
[22/04/2026 2:56:53 PM] [Info] [registered] /investigate (Rocket.Unturned.Commands.CommandInvestigate/investigate)
[22/04/2026 2:56:53 PM] [Info] [registered] /p (Rocket.Unturned.Commands.CommandP/p)
[22/04/2026 2:56:53 PM] [Info] [registered] /permissions (Rocket.Unturned.Commands.CommandP/permissions)
[22/04/2026 2:56:53 PM] [Info] [registered] /rocket (Rocket.Unturned.Commands.CommandRocket/rocket)
[22/04/2026 2:56:53 PM] [Info] [registered] /tp (Rocket.Unturned.Commands.CommandTp/tp)
[22/04/2026 2:56:53 PM] [Info] [registered] /tphere (Rocket.Unturned.Commands.CommandTphere/tphere)
[22/04/2026 2:56:53 PM] [Info] [registered] /unadmin (Rocket.Unturned.Commands.CommandUnadmin/unadmin)
[22/04/2026 2:56:53 PM] [Info] [registered] /v (Rocket.Unturned.Commands.CommandV/v)
[22/04/2026 2:56:53 PM] [Info] [registered] /vanish (Rocket.Unturned.Commands.CommandVanish/vanish)
[22/04/2026 2:56:53 PM] [Info] Loading DeadzoneLoot from E:\SteamLibrary\steamapps\common\U3DS\Servers\New Era Polaris\Rocket\Plugins\DeadzoneLoot.dll
[22/04/2026 2:56:53 PM] [Info] Loading HardcoreDurability from E:\SteamLibrary\steamapps\common\U3DS\Servers\New Era Polaris\Rocket\Plugins\HardcoreDurability.dll
[22/04/2026 2:56:53 PM] [Info] Loading MoreHomes from E:\SteamLibrary\steamapps\common\U3DS\Servers\New Era Polaris\Rocket\Plugins\MoreHomes.dll
[22/04/2026 2:56:53 PM] [Info] Loading PolarisMutations from E:\SteamLibrary\steamapps\common\U3DS\Servers\New Era Polaris\Rocket\Plugins\PolarisMutations.dll
[22/04/2026 2:56:53 PM] [Info] Loading SurvivalNotifier from E:\SteamLibrary\steamapps\common\U3DS\Servers\New Era Polaris\Rocket\Plugins\SurvivalNotifier.dll
[22/04/2026 2:56:53 PM] [Info] Loading Teleportation from E:\SteamLibrary\steamapps\common\U3DS\Servers\New Era Polaris\Rocket\Plugins\Teleportation.dll
[22/04/2026 2:56:54 PM] [Error] mscorlib >> Caught exception resolving dependency: 0Harmony -> Exception in DoAssemblyResolve: System.ArgumentNullException: Value cannot be null.
Parameter name: v1
  at System.Version.op_LessThanOrEqual (System.Version v1, System.Version v2) [0x00003] in <1071a2cb0cb3433aae80a793c277a048>:0 
  at System.Version.op_GreaterThanOrEqual (System.Version v1, System.Version v2) [0x00000] in <1071a2cb0cb3433aae80a793c277a048>:0 
  at Rocket.Core.Plugins.RocketPluginManager+<>c__DisplayClass12_0.<Awake>b__1 (System.Collections.Generic.KeyValuePair`2[TKey,TValue] lib) [0x00035] in <59a13feb721848c8b0cd173f6d0e820b>:0 
  at System.Linq.Enumerable.TryGetFirst[TSource] (System.Collections.Generic.IEnumerable`1[T] source, System.Func`2[T,TResult] predicate, System.Boolean& found) [0x0003f] in <ea489521390f48908a7ce45cb17a6848>:0 
  at System.Linq.Enumerable.FirstOrDefault[TSource] (System.Collections.Generic.IEnumerable`1[T] source, System.Func`2[T,TResult] predicate) [0x00000] in <ea489521390f48908a7ce45cb17a6848>:0 
  at Rocket.Core.Plugins.RocketPluginManager.<Awake>b__12_0 (System.Object sender, System.ResolveEventArgs args) [0x00017] in <59a13feb721848c8b0cd173f6d0e820b>:0 
[22/04/2026 2:56:54 PM] [Error] Could not find dependency: 0Harmony
[22/04/2026 2:56:54 PM] [Info] 
[loading] DeadzoneLoot
[22/04/2026 2:56:54 PM] [Info] DeadzoneLoot >> Deadzone Guaranteed Loot Modifier Loaded!
[22/04/2026 2:56:54 PM] [Info] 
[loading] HardcoreDurability
[22/04/2026 2:56:54 PM] [Info] HardcoreDurability >> Hardcore Durability Loaded! Master StackTrace enabled.
[22/04/2026 2:56:54 PM] [Info] 
[loading] MoreHomes
[22/04/2026 2:56:54 PM] [Info] [registered] /home (RestoreMonarchy.MoreHomes.Commands.HomeCommand/home)
[22/04/2026 2:56:54 PM] [Info] [registered] /homes (RestoreMonarchy.MoreHomes.Commands.HomesCommand/homes)
[22/04/2026 2:56:54 PM] [Info] [registered] /destroyhome (RestoreMonarchy.MoreHomes.Commands.DestroyHomeCommand/destroyhome)
[22/04/2026 2:56:54 PM] [Info] [registered] /renamehome (RestoreMonarchy.MoreHomes.Commands.RenameHomeCommand/renamehome)
[22/04/2026 2:56:54 PM] [Info] [registered] /restorehomes (RestoreMonarchy.MoreHomes.Commands.RestoreHomesCommand/restorehomes)
[22/04/2026 2:56:54 PM] [Info] MoreHomes >> MoreHomes 1.7.2.0 has been loaded!
[22/04/2026 2:56:54 PM] [Info] MoreHomes >> Brought to you by RestoreMonarchy.com
[22/04/2026 2:56:54 PM] [Error] mscorlib >> Caught exception resolving dependency: Steamworks.NET -> Exception in DoAssemblyResolve: System.ArgumentNullException: Value cannot be null.
Parameter name: v1
  at System.Version.op_LessThanOrEqual (System.Version v1, System.Version v2) [0x00003] in <1071a2cb0cb3433aae80a793c277a048>:0 
  at System.Version.op_GreaterThanOrEqual (System.Version v1, System.Version v2) [0x00000] in <1071a2cb0cb3433aae80a793c277a048>:0 
  at Rocket.Core.Plugins.RocketPluginManager+<>c__DisplayClass12_0.<Awake>b__1 (System.Collections.Generic.KeyValuePair`2[TKey,TValue] lib) [0x00035] in <59a13feb721848c8b0cd173f6d0e820b>:0 
  at System.Linq.Enumerable.TryGetFirst[TSource] (System.Collections.Generic.IEnumerable`1[T] source, System.Func`2[T,TResult] predicate, System.Boolean& found) [0x0003f] in <ea489521390f48908a7ce45cb17a6848>:0 
  at System.Linq.Enumerable.FirstOrDefault[TSource] (System.Collections.Generic.IEnumerable`1[T] source, System.Func`2[T,TResult] predicate) [0x00000] in <ea489521390f48908a7ce45cb17a6848>:0 
  at Rocket.Core.Plugins.RocketPluginManager.<Awake>b__12_0 (System.Object sender, System.ResolveEventArgs args) [0x00017] in <59a13feb721848c8b0cd173f6d0e820b>:0 
[22/04/2026 2:56:54 PM] [Error] Could not find dependency: Steamworks.NET
[22/04/2026 2:56:54 PM] [Info] 
[loading] PolarisMutations
[22/04/2026 2:56:54 PM] [Info] PolarisMutations >> Polaris Mutations Loaded! Cumulative mutagen scanner active.
[22/04/2026 2:56:54 PM] [Info] 
[loading] SurvivalNotifier
[22/04/2026 2:56:54 PM] [Info] SurvivalNotifier >> Survival Notifier Loaded! 3-Tier tracking enabled.
[22/04/2026 2:56:54 PM] [Info] 
[loading] Teleportation
[22/04/2026 2:56:54 PM] [Info] [registered] /tpa (RestoreMonarchy.Teleportation.Commands.TPACommand/tpa)
[22/04/2026 2:56:54 PM] [Info] Teleportation >> Teleportation 1.6.0.0 has been loaded!
[22/04/2026 2:56:54 PM] [Info] This server will automatically save every 1800 seconds
[22/04/2026 2:56:54 PM] [Info] Steam servers ready!
[22/04/2026 2:56:54 PM] [Info] Workshop install folder: E:\SteamLibrary\steamapps\common\U3DS/Servers/New Era Polaris/Workshop/Steam
[22/04/2026 2:56:54 PM] [Info] 2 workshop item(s) requested
[22/04/2026 2:56:54 PM] [Info] Submitting workshop query for 2 item(s)...
[22/04/2026 2:56:54 PM] [Info] Workshop query yielded 2 result(s)
[22/04/2026 2:56:54 PM] [Info] This server's allowed IP for Workshop downloads: [redacted]
[22/04/2026 2:56:54 PM] [Info] 2898548949 'A6 Polaris' queued for download
[22/04/2026 2:56:54 PM] [Info] 2902515278 'A6 Polaris+ Mod [Spawn in map]' queued for download
[22/04/2026 2:56:54 PM] [Info] 2902515278 'A6 Polaris+ Mod [Spawn in map]' has 1 children
[22/04/2026 2:56:54 PM] [Info] 	2898548949 (already queued)
[22/04/2026 2:56:54 PM] [Info] 2 workshop item(s) to download...
[22/04/2026 2:56:54 PM] [Info] Workshop item found in cache: 2898548949
[22/04/2026 2:56:54 PM] [Info] Installing workshop item: 2898548949
[22/04/2026 2:56:54 PM] [Info] Installed workshop item: 2898548949
[22/04/2026 2:56:54 PM] [Info] Workshop item found in cache: 2902515278
[22/04/2026 2:56:54 PM] [Info] Installing workshop item: 2902515278
[22/04/2026 2:56:54 PM] [Info] Installed workshop item: 2902515278
[22/04/2026 2:56:54 PM] [Info] Loaded 0 of 2 asset bundles...
[22/04/2026 2:56:54 PM] [Info] Searched 1 of 2 locations and found 193 asset files...
[22/04/2026 2:56:54 PM] [Info] Read 32 of 193 asset file contents into memory...
[22/04/2026 2:56:54 PM] [Info] Loaded 0 of 193 assets...
[22/04/2026 2:56:54 PM] [Info] Searched 1 of 2 locations and found 504 asset files...
[22/04/2026 2:56:54 PM] [Info] Read 73 of 504 asset file contents into memory...
[22/04/2026 2:56:54 PM] [Info] Loaded 0 of 504 assets...
[22/04/2026 2:56:54 PM] [Info] Searched 1 of 2 locations and found 760 asset files...
[22/04/2026 2:56:54 PM] [Info] Read 73 of 760 asset file contents into memory...
[22/04/2026 2:56:54 PM] [Info] Loaded 0 of 760 assets...
[22/04/2026 2:56:54 PM] [Info] Loaded 1 of 2 asset bundles...
[22/04/2026 2:56:54 PM] [Info] Searched 1 of 2 locations and found 1298 asset files...
[22/04/2026 2:56:54 PM] [Info] Read 215 of 1298 asset file contents into memory...
[22/04/2026 2:56:54 PM] [Info] Loaded 2 of 1298 assets...
[22/04/2026 2:56:54 PM] [Info] Loaded 1 of 2 asset bundles...
[22/04/2026 2:56:54 PM] [Info] Searched 1 of 2 locations and found 1589 asset files...
[22/04/2026 2:56:54 PM] [Info] Read 334 of 1589 asset file contents into memory...
[22/04/2026 2:56:54 PM] [Info] Loaded 2 of 1589 assets...
[22/04/2026 2:56:54 PM] [Info] Searched 1 of 2 locations and found 1839 asset files...
[22/04/2026 2:56:54 PM] [Info] Read 422 of 1839 asset file contents into memory...
[22/04/2026 2:56:54 PM] [Info] Loaded 2 of 1839 assets...
[22/04/2026 2:56:54 PM] [Info] Searched 1 of 2 locations and found 2102 asset files...
[22/04/2026 2:56:54 PM] [Info] Read 513 of 2102 asset file contents into memory...
[22/04/2026 2:56:54 PM] [Info] Loaded 2 of 2102 assets...
[22/04/2026 2:56:54 PM] [Info] Searched 1 of 2 locations and found 2378 asset files...
[22/04/2026 2:56:54 PM] [Info] Read 613 of 2378 asset file contents into memory...
[22/04/2026 2:56:54 PM] [Info] Loaded 2 of 2378 assets...
[22/04/2026 2:56:54 PM] [Info] Searched 2 of 2 locations and found 2451 asset files...
[22/04/2026 2:56:54 PM] [Info] Read 714 of 2451 asset file contents into memory...
[22/04/2026 2:56:54 PM] [Info] Loaded 2 of 2451 assets...
[22/04/2026 2:56:54 PM] [Info] Read 826 of 2451 asset file contents into memory...
[22/04/2026 2:56:54 PM] [Info] Read 918 of 2451 asset file contents into memory...
[22/04/2026 2:56:54 PM] [Info] Read 1028 of 2451 asset file contents into memory...
[22/04/2026 2:56:54 PM] [Info] Read 1135 of 2451 asset file contents into memory...
[22/04/2026 2:56:54 PM] [Info] Read 1269 of 2451 asset file contents into memory...
[22/04/2026 2:56:54 PM] [Info] Read 1393 of 2451 asset file contents into memory...
[22/04/2026 2:56:55 PM] [Info] Read 1517 of 2451 asset file contents into memory...
[22/04/2026 2:56:55 PM] [Info] Read 1622 of 2451 asset file contents into memory...
[22/04/2026 2:56:55 PM] [Info] Read 1724 of 2451 asset file contents into memory...
[22/04/2026 2:56:55 PM] [Info] Read 1851 of 2451 asset file contents into memory...
[22/04/2026 2:56:55 PM] [Info] Read 2005 of 2451 asset file contents into memory...
[22/04/2026 2:56:55 PM] [Info] Read 2110 of 2451 asset file contents into memory...
[22/04/2026 2:56:55 PM] [Info] Read 2203 of 2451 asset file contents into memory...
[22/04/2026 2:56:55 PM] [Info] Read 2310 of 2451 asset file contents into memory...
[22/04/2026 2:56:55 PM] [Info] Read 2424 of 2451 asset file contents into memory...
[22/04/2026 2:56:55 PM] [Info] Read 2451 of 2451 asset file contents into memory...
[22/04/2026 2:56:55 PM] [Info] Loaded 2 of 2 asset bundles...
[22/04/2026 2:56:55 PM] [Info] Loaded 16 of 2451 assets...
[22/04/2026 2:56:55 PM] [Info] Loaded 34 of 2451 assets...
[22/04/2026 2:56:55 PM] [Info] Loaded 76 of 2451 assets...
[22/04/2026 2:56:55 PM] [Info] Loaded 82 of 2451 assets...
[22/04/2026 2:56:55 PM] [Info] Loaded 131 of 2451 assets...
[22/04/2026 2:56:56 PM] [Info] Loaded 165 of 2451 assets...
[22/04/2026 2:56:56 PM] [Info] Loaded 314 of 2451 assets...
[22/04/2026 2:56:56 PM] [Info] Loaded 362 of 2451 assets...
[22/04/2026 2:56:56 PM] [Info] Loaded 397 of 2451 assets...
[22/04/2026 2:56:56 PM] [Info] Loaded 425 of 2451 assets...
[22/04/2026 2:56:56 PM] [Info] Loaded 458 of 2451 assets...
[22/04/2026 2:56:56 PM] [Info] Loaded 515 of 2451 assets...
[22/04/2026 2:56:56 PM] [Info] Loaded 604 of 2451 assets...
[22/04/2026 2:56:56 PM] [Info] Loaded 724 of 2451 assets...
[22/04/2026 2:56:56 PM] [Info] Loaded 785 of 2451 assets...
[22/04/2026 2:56:56 PM] [Info] Loaded 819 of 2451 assets...
[22/04/2026 2:56:56 PM] [Info] Loaded 853 of 2451 assets...
[22/04/2026 2:56:56 PM] [Info] Loaded 884 of 2451 assets...
[22/04/2026 2:56:56 PM] [Info] Loaded 897 of 2451 assets...
[22/04/2026 2:56:56 PM] [Info] Loaded 912 of 2451 assets...
[22/04/2026 2:56:56 PM] [Info] Loaded 938 of 2451 assets...
[22/04/2026 2:56:56 PM] [Info] Loaded 1978 of 2451 assets...
[22/04/2026 2:56:56 PM] [Info] Loaded 2451 of 2451 assets...
[22/04/2026 2:56:57 PM] [Info] Level overrides config Animals.Max_Instances_Medium: 256
[22/04/2026 2:56:57 PM] [Info] Skipping level config override Items.Quality_Full_Chance because it's overridden in server config
[22/04/2026 2:56:57 PM] [Info] Level overrides config Barricades.Allow_Item_Placement_On_Vehicle: False
[22/04/2026 2:56:57 PM] [Info] Level overrides config Barricades.Allow_Trap_Placement_On_Vehicle: False
[22/04/2026 2:56:57 PM] [Info] Level overrides config Barricades.Gun_Lowcal_Damage_Multiplier: 1
[22/04/2026 2:56:57 PM] [Info] Level overrides config Barricades.Gun_Highcal_Damage_Multiplier: 1
[22/04/2026 2:56:57 PM] [Info] Level overrides config Barricades.Armor_Lowtier_Multiplier: 1
[22/04/2026 2:56:57 PM] [Info] Level overrides config Barricades.Armor_Hightier_Multiplier: 1
[22/04/2026 2:56:57 PM] [Info] Level overrides config Structures.Gun_Lowcal_Damage_Multiplier: 1
[22/04/2026 2:56:57 PM] [Info] Level overrides config Structures.Gun_Highcal_Damage_Multiplier: 1
[22/04/2026 2:56:57 PM] [Info] Level overrides config Structures.Armor_Lowtier_Multiplier: 1
[22/04/2026 2:56:57 PM] [Info] Level overrides config Structures.Armor_Hightier_Multiplier: 1
[22/04/2026 2:56:57 PM] [Info] Level overrides config Structures.Melee_Damage_Multiplier: 1
[22/04/2026 2:56:57 PM] [Info] Level overrides config Structures.Melee_Repair_Multiplier: 1
[22/04/2026 2:56:57 PM] [Info] Level overrides config Events.Airdrop_Speed: 96
[22/04/2026 2:56:57 PM] [Info] Level overrides config Events.Airdrop_Force: 8.55
[22/04/2026 2:56:57 PM] [Info] Skipping level config override Vehicles.Gun_Lowcal_Damage_Multiplier because it's overridden in server config
[22/04/2026 2:56:57 PM] [Info] Skipping level config override Vehicles.Melee_Damage_Multiplier because it's overridden in server config
[22/04/2026 2:56:57 PM] [Info] Level overrides config Vehicles.Min_Battery_Charge: 1
[22/04/2026 2:56:57 PM] [Info] Level overrides config Vehicles.Max_Battery_Charge: 1
[22/04/2026 2:56:57 PM] [Info] Level overrides config Vehicles.Has_Battery_Chance: 1
[22/04/2026 2:56:57 PM] [Info] Level overrides config Vehicles.Max_Instances_Medium: 48
[22/04/2026 2:56:57 PM] [Info] Skipping level config override Vehicles.Armor_Multiplier because it's overridden in server config
[22/04/2026 2:56:57 PM] [Info] Skipping level config override Players.Experience_Multiplier because it's overridden in server config
[22/04/2026 2:56:57 PM] [Info] Skipping level config override Players.Lose_Skills_PvP because it's overridden in server config
[22/04/2026 2:56:57 PM] [Info] Skipping level config override Players.Lose_Skills_PvE because it's overridden in server config
[22/04/2026 2:56:57 PM] [Info] Skipping level config override Players.Lose_Experience_PvP because it's overridden in server config
[22/04/2026 2:56:57 PM] [Info] Skipping level config override Players.Lose_Experience_PvE because it's overridden in server config
[22/04/2026 2:56:57 PM] [Info] Skipping level config override Players.Lose_Skill_Levels_PvP because it's overridden in server config
[22/04/2026 2:56:57 PM] [Info] Skipping level config override Players.Lose_Skill_Levels_PvE because it's overridden in server config
[22/04/2026 2:56:57 PM] [Info] Skipping level config override Players.Virus_Infect because it's overridden in server config
[22/04/2026 2:56:57 PM] [Info] Level overrides config Players.Can_Break_Legs: False
[22/04/2026 2:56:57 PM] [Info] Skipping level config override Zombies.Armor_Multiplier because it's overridden in server config
[22/04/2026 2:56:57 PM] [Info] Level overrides config Zombies.Full_Moon_Experience_Multiplier: 2
[22/04/2026 2:56:57 PM] [Info] Skipping level config override Zombies.Spawn_Chance because it's overridden in server config
[22/04/2026 2:56:57 PM] [Info] Skipping level config override Zombies.Min_Mega_Drops because it's overridden in server config
[22/04/2026 2:56:57 PM] [Info] Skipping level config override Zombies.Max_Mega_Drops because it's overridden in server config
[22/04/2026 2:56:57 PM] [Info] Skipping level config override Zombies.Min_Boss_Drops because it's overridden in server config
[22/04/2026 2:56:57 PM] [Info] Skipping level config override Zombies.Max_Boss_Drops because it's overridden in server config
[22/04/2026 2:56:57 PM] [Info] Skipping level config override Zombies.Loot_Chance because it's overridden in server config
[22/04/2026 2:56:57 PM] [Info] Skipping level config override Gameplay.Chart because it's overridden in server config
[22/04/2026 2:56:57 PM] [Info] Monitoring workshop map "A6 Polaris" (2898548949) for changes
[22/04/2026 2:56:57 PM] [Info] Monitoring workshop file 2902515278 for changes
[22/04/2026 2:56:57 PM] [Info] Loading level: 5%
[22/04/2026 2:56:59 PM] [Info] Loading level: 10%
[22/04/2026 2:57:00 PM] [Info] Loading level: 15%
[22/04/2026 2:57:00 PM] [Info] Loading level: 21%
[22/04/2026 2:57:00 PM] [Info] Loading level: 26%
[22/04/2026 2:57:00 PM] [Info] Loading level: 31%
[22/04/2026 2:57:00 PM] [Info] Loading level: 36%
[22/04/2026 2:57:00 PM] [Info] Loading level: 42%
[22/04/2026 2:57:00 PM] [Info] Loading level: 47%
[22/04/2026 2:57:00 PM] [Info] Loading level: 52%
[22/04/2026 2:57:00 PM] [Info] Loading level: 57%
[22/04/2026 2:57:00 PM] [Info] Loading level: 63%
[22/04/2026 2:57:02 PM] [Info] Loading level: 68%
[22/04/2026 2:57:02 PM] [Info] Loading level: 73%
[22/04/2026 2:57:02 PM] [Info] Loading level: 89%
[22/04/2026 2:57:02 PM] [Info] Loading level: 94%
[22/04/2026 2:57:02 PM] [Info] //////////////////////////////////////////////////////
[22/04/2026 2:57:02 PM] [Info] Server Code: 85568392936196484
[22/04/2026 2:57:02 PM] [Info] Your friends can enter this code in the Connect Directly menu to join without port forwarding.
[22/04/2026 2:57:02 PM] [Info] Tip: Use the "CopyServerCode" command to copy the code to your clipboard. Alternatively, in most terminals you can highlight it and press Ctrl+Insert to copy.
[22/04/2026 2:57:02 PM] [Info] //////////////////////////////////////////////////////
[22/04/2026 2:57:03 PM] [Info] Loading level: 100%
[22/04/2026 3:00:46 PM] [Info] MoreHomes >> 8 player homes data has been saved!
[22/04/2026 3:00:46 PM] [Info] 
[unloading] Teleportation
