[19/04/2026 12:08:32 AM] [Info] [registered] /more (Rocket.Unturned.Commands.CommandMore/more)
[19/04/2026 12:08:32 AM] [Info] [registered] /admin (Rocket.Unturned.Commands.CommandAdmin/admin)
[19/04/2026 12:08:32 AM] [Info] [registered] /broadcast (Rocket.Unturned.Commands.CommandBroadcast/broadcast)
[19/04/2026 12:08:32 AM] [Info] [registered] /compass (Rocket.Unturned.Commands.CommandCompass/compass)
[19/04/2026 12:08:32 AM] [Info] [registered] /effect (Rocket.Unturned.Commands.CommandEffect/effect)
[19/04/2026 12:08:32 AM] [Info] [registered] /exit (Rocket.Unturned.Commands.CommandExit/exit)
[19/04/2026 12:08:32 AM] [Info] [registered] /god (Rocket.Unturned.Commands.CommandGod/god)
[19/04/2026 12:08:32 AM] [Info] [registered] /heal (Rocket.Unturned.Commands.CommandHeal/heal)
[19/04/2026 12:08:32 AM] [Info] [registered] /help (Rocket.Unturned.Commands.CommandHelp/help)
[19/04/2026 12:08:32 AM] [Info] [registered] /i (Rocket.Unturned.Commands.CommandI/i)
[19/04/2026 12:08:32 AM] [Info] [registered] /item (Rocket.Unturned.Commands.CommandI/item)
[19/04/2026 12:08:32 AM] [Info] [registered] /investigate (Rocket.Unturned.Commands.CommandInvestigate/investigate)
[19/04/2026 12:08:32 AM] [Info] [registered] /p (Rocket.Unturned.Commands.CommandP/p)
[19/04/2026 12:08:32 AM] [Info] [registered] /permissions (Rocket.Unturned.Commands.CommandP/permissions)
[19/04/2026 12:08:32 AM] [Info] [registered] /rocket (Rocket.Unturned.Commands.CommandRocket/rocket)
[19/04/2026 12:08:32 AM] [Info] [registered] /tp (Rocket.Unturned.Commands.CommandTp/tp)
[19/04/2026 12:08:32 AM] [Info] [registered] /tphere (Rocket.Unturned.Commands.CommandTphere/tphere)
[19/04/2026 12:08:32 AM] [Info] [registered] /unadmin (Rocket.Unturned.Commands.CommandUnadmin/unadmin)
[19/04/2026 12:08:32 AM] [Info] [registered] /v (Rocket.Unturned.Commands.CommandV/v)
[19/04/2026 12:08:32 AM] [Info] [registered] /vanish (Rocket.Unturned.Commands.CommandVanish/vanish)
[19/04/2026 12:08:32 AM] [Info] Loading HardcoreDurability from E:\SteamLibrary\steamapps\common\U3DS\Servers\New Era Polaris\Rocket\Plugins\HardcoreDurability.dll
[19/04/2026 12:08:32 AM] [Info] Loading MoreHomes from E:\SteamLibrary\steamapps\common\U3DS\Servers\New Era Polaris\Rocket\Plugins\MoreHomes.dll
[19/04/2026 12:08:32 AM] [Info] Loading Teleportation from E:\SteamLibrary\steamapps\common\U3DS\Servers\New Era Polaris\Rocket\Plugins\Teleportation.dll
[19/04/2026 12:08:33 AM] [Error] mscorlib >> Caught exception resolving dependency: 0Harmony -> Exception in DoAssemblyResolve: System.ArgumentNullException: Value cannot be null.
Parameter name: v1
  at System.Version.op_LessThanOrEqual (System.Version v1, System.Version v2) [0x00003] in <1071a2cb0cb3433aae80a793c277a048>:0 
  at System.Version.op_GreaterThanOrEqual (System.Version v1, System.Version v2) [0x00000] in <1071a2cb0cb3433aae80a793c277a048>:0 
  at Rocket.Core.Plugins.RocketPluginManager+<>c__DisplayClass12_0.<Awake>b__1 (System.Collections.Generic.KeyValuePair`2[TKey,TValue] lib) [0x00035] in <59a13feb721848c8b0cd173f6d0e820b>:0 
  at System.Linq.Enumerable.TryGetFirst[TSource] (System.Collections.Generic.IEnumerable`1[T] source, System.Func`2[T,TResult] predicate, System.Boolean& found) [0x0003f] in <ea489521390f48908a7ce45cb17a6848>:0 
  at System.Linq.Enumerable.FirstOrDefault[TSource] (System.Collections.Generic.IEnumerable`1[T] source, System.Func`2[T,TResult] predicate) [0x00000] in <ea489521390f48908a7ce45cb17a6848>:0 
  at Rocket.Core.Plugins.RocketPluginManager.<Awake>b__12_0 (System.Object sender, System.ResolveEventArgs args) [0x00017] in <59a13feb721848c8b0cd173f6d0e820b>:0 
[19/04/2026 12:08:33 AM] [Error] Could not find dependency: 0Harmony
[19/04/2026 12:08:33 AM] [Info] 
[loading] HardcoreDurability
[19/04/2026 12:08:33 AM] [Error] Failed to load HardcoreDurability, unloading now... :HarmonyLib.HarmonyException: Patching exception in method System.Void SDG.Unturned.PlayerClothing::sendUpdateShirtQuality() ---> System.Exception: Parameter "quality" not found in method System.Void SDG.Unturned.PlayerClothing::sendUpdateShirtQuality()
  at HarmonyLib.MethodPatcher.EmitCallParameter (System.Reflection.MethodInfo patch, System.Collections.Generic.Dictionary`2[TKey,TValue] variables, System.Reflection.Emit.LocalBuilder runOriginalVariable, System.Boolean allowFirsParamPassthrough, System.Reflection.Emit.LocalBuilder& tmpObjectVar, System.Collections.Generic.List`1[T] tmpBoxVars) [0x00798] in <c41e743af69b4202a7feaa0f0bd481b8>:0 
  at HarmonyLib.MethodPatcher+<>c__DisplayClass32_0.<AddPrefixes>b__0 (System.Reflection.MethodInfo fix) [0x0008d] in <c41e743af69b4202a7feaa0f0bd481b8>:0 
  at HarmonyLib.CollectionExtensions.Do[T] (System.Collections.Generic.IEnumerable`1[T] sequence, System.Action`1[T] action) [0x00014] in <c41e743af69b4202a7feaa0f0bd481b8>:0 
  at HarmonyLib.MethodPatcher.AddPrefixes (System.Collections.Generic.Dictionary`2[TKey,TValue] variables, System.Reflection.Emit.LocalBuilder runOriginalVariable) [0x0001b] in <c41e743af69b4202a7feaa0f0bd481b8>:0 
  at HarmonyLib.MethodPatcher.CreateReplacement (System.Collections.Generic.Dictionary`2[System.Int32,HarmonyLib.CodeInstruction]& finalInstructions) [0x00166] in <c41e743af69b4202a7feaa0f0bd481b8>:0 
  at HarmonyLib.PatchFunctions.UpdateWrapper (System.Reflection.MethodBase original, HarmonyLib.PatchInfo patchInfo) [0x00057] in <c41e743af69b4202a7feaa0f0bd481b8>:0 
  at HarmonyLib.PatchClassProcessor.ProcessPatchJob (HarmonyLib.PatchJobs`1+Job[T] job) [0x000bb] in <c41e743af69b4202a7feaa0f0bd481b8>:0 
   --- End of inner exception stack trace ---
  at HarmonyLib.PatchClassProcessor.ReportException (System.Exception exception, System.Reflection.MethodBase original) [0x0010f] in <c41e743af69b4202a7feaa0f0bd481b8>:0 
  at HarmonyLib.PatchClassProcessor.Patch () [0x00084] in <c41e743af69b4202a7feaa0f0bd481b8>:0 
  at HarmonyLib.Harmony.<PatchAll>b__10_0 (System.Type type) [0x00007] in <c41e743af69b4202a7feaa0f0bd481b8>:0 
  at HarmonyLib.CollectionExtensions.Do[T] (System.Collections.Generic.IEnumerable`1[T] sequence, System.Action`1[T] action) [0x00014] in <c41e743af69b4202a7feaa0f0bd481b8>:0 
  at HarmonyLib.Harmony.PatchAll (System.Reflection.Assembly assembly) [0x00006] in <c41e743af69b4202a7feaa0f0bd481b8>:0 
  at HarmonyLib.Harmony.PatchAll () [0x0001b] in <c41e743af69b4202a7feaa0f0bd481b8>:0 
  at HardcoreDurability.HardcoreDurabilityPlugin.Load () [0x00011] in <102ea69481434ff3ae905668bfb99988>:0 
  at Rocket.Core.Plugins.RocketPlugin.LoadPlugin () [0x00033] in <59a13feb721848c8b0cd173f6d0e820b>:0 
[19/04/2026 12:08:33 AM] [Info] 
[unloading] HardcoreDurability
[19/04/2026 12:08:33 AM] [Info] HardcoreDurability >> Hardcore Durability Unloaded!
[19/04/2026 12:08:33 AM] [Info] 
[loading] MoreHomes
[19/04/2026 12:08:33 AM] [Info] [registered] /home (RestoreMonarchy.MoreHomes.Commands.HomeCommand/home)
[19/04/2026 12:08:33 AM] [Info] [registered] /homes (RestoreMonarchy.MoreHomes.Commands.HomesCommand/homes)
[19/04/2026 12:08:33 AM] [Info] [registered] /destroyhome (RestoreMonarchy.MoreHomes.Commands.DestroyHomeCommand/destroyhome)
[19/04/2026 12:08:33 AM] [Info] [registered] /renamehome (RestoreMonarchy.MoreHomes.Commands.RenameHomeCommand/renamehome)
[19/04/2026 12:08:33 AM] [Info] [registered] /restorehomes (RestoreMonarchy.MoreHomes.Commands.RestoreHomesCommand/restorehomes)
[19/04/2026 12:08:33 AM] [Info] MoreHomes >> MoreHomes 1.7.2.0 has been loaded!
[19/04/2026 12:08:33 AM] [Info] MoreHomes >> Brought to you by RestoreMonarchy.com
[19/04/2026 12:08:33 AM] [Error] mscorlib >> Caught exception resolving dependency: Steamworks.NET -> Exception in DoAssemblyResolve: System.ArgumentNullException: Value cannot be null.
Parameter name: v1
  at System.Version.op_LessThanOrEqual (System.Version v1, System.Version v2) [0x00003] in <1071a2cb0cb3433aae80a793c277a048>:0 
  at System.Version.op_GreaterThanOrEqual (System.Version v1, System.Version v2) [0x00000] in <1071a2cb0cb3433aae80a793c277a048>:0 
  at Rocket.Core.Plugins.RocketPluginManager+<>c__DisplayClass12_0.<Awake>b__1 (System.Collections.Generic.KeyValuePair`2[TKey,TValue] lib) [0x00035] in <59a13feb721848c8b0cd173f6d0e820b>:0 
  at System.Linq.Enumerable.TryGetFirst[TSource] (System.Collections.Generic.IEnumerable`1[T] source, System.Func`2[T,TResult] predicate, System.Boolean& found) [0x0003f] in <ea489521390f48908a7ce45cb17a6848>:0 
  at System.Linq.Enumerable.FirstOrDefault[TSource] (System.Collections.Generic.IEnumerable`1[T] source, System.Func`2[T,TResult] predicate) [0x00000] in <ea489521390f48908a7ce45cb17a6848>:0 
  at Rocket.Core.Plugins.RocketPluginManager.<Awake>b__12_0 (System.Object sender, System.ResolveEventArgs args) [0x00017] in <59a13feb721848c8b0cd173f6d0e820b>:0 
[19/04/2026 12:08:33 AM] [Error] Could not find dependency: Steamworks.NET
[19/04/2026 12:08:33 AM] [Info] 
[loading] Teleportation
[19/04/2026 12:08:33 AM] [Info] [registered] /tpa (RestoreMonarchy.Teleportation.Commands.TPACommand/tpa)
[19/04/2026 12:08:33 AM] [Info] Teleportation >> Teleportation 1.6.0.0 has been loaded!
[19/04/2026 12:08:33 AM] [Info] This server will automatically save every 1800 seconds
[19/04/2026 12:08:33 AM] [Info] Steam servers ready!
[19/04/2026 12:08:34 AM] [Info] Workshop install folder: E:\SteamLibrary\steamapps\common\U3DS/Servers/New Era Polaris/Workshop/Steam
[19/04/2026 12:08:34 AM] [Info] 1 workshop item(s) requested
[19/04/2026 12:08:34 AM] [Info] Submitting workshop query for 1 item(s)...
[19/04/2026 12:08:34 AM] [Info] Workshop query yielded 1 result(s)
[19/04/2026 12:08:34 AM] [Info] This server's allowed IP for Workshop downloads: [redacted]
[19/04/2026 12:08:34 AM] [Info] 2898548949 'A6 Polaris' queued for download
[19/04/2026 12:08:34 AM] [Info] 1 workshop item(s) to download...
[19/04/2026 12:08:34 AM] [Info] Workshop item found in cache: 2898548949
[19/04/2026 12:08:34 AM] [Info] Installing workshop item: 2898548949
[19/04/2026 12:08:34 AM] [Info] Installed workshop item: 2898548949
[19/04/2026 12:08:34 AM] [Info] Searched 0 of 1 locations and found 108 asset files...
[19/04/2026 12:08:34 AM] [Info] Read 0 of 108 asset file contents into memory...
[19/04/2026 12:08:34 AM] [Info] Loaded 0 of 108 assets...
[19/04/2026 12:08:34 AM] [Info] Searched 0 of 1 locations and found 358 asset files...
[19/04/2026 12:08:34 AM] [Info] Read 0 of 358 asset file contents into memory...
[19/04/2026 12:08:34 AM] [Info] Loaded 0 of 358 assets...
[19/04/2026 12:08:34 AM] [Info] Searched 0 of 1 locations and found 525 asset files...
[19/04/2026 12:08:34 AM] [Info] Read 0 of 525 asset file contents into memory...
[19/04/2026 12:08:34 AM] [Info] Loaded 0 of 525 assets...
[19/04/2026 12:08:34 AM] [Info] Searched 0 of 1 locations and found 734 asset files...
[19/04/2026 12:08:34 AM] [Info] Read 0 of 734 asset file contents into memory...
[19/04/2026 12:08:34 AM] [Info] Loaded 0 of 734 assets...
[19/04/2026 12:08:34 AM] [Info] Loaded 0 of 1 asset bundles...
[19/04/2026 12:08:34 AM] [Info] Searched 0 of 1 locations and found 889 asset files...
[19/04/2026 12:08:34 AM] [Info] Read 84 of 889 asset file contents into memory...
[19/04/2026 12:08:34 AM] [Info] Loaded 0 of 889 assets...
[19/04/2026 12:08:34 AM] [Info] Searched 0 of 1 locations and found 1061 asset files...
[19/04/2026 12:08:34 AM] [Info] Read 157 of 1061 asset file contents into memory...
[19/04/2026 12:08:34 AM] [Info] Loaded 0 of 1061 assets...
[19/04/2026 12:08:34 AM] [Info] Searched 0 of 1 locations and found 1259 asset files...
[19/04/2026 12:08:34 AM] [Info] Read 230 of 1259 asset file contents into memory...
[19/04/2026 12:08:34 AM] [Info] Loaded 0 of 1259 assets...
[19/04/2026 12:08:34 AM] [Info] Searched 0 of 1 locations and found 1451 asset files...
[19/04/2026 12:08:34 AM] [Info] Read 289 of 1451 asset file contents into memory...
[19/04/2026 12:08:34 AM] [Info] Loaded 0 of 1451 assets...
[19/04/2026 12:08:34 AM] [Info] Searched 0 of 1 locations and found 1631 asset files...
[19/04/2026 12:08:34 AM] [Info] Read 343 of 1631 asset file contents into memory...
[19/04/2026 12:08:34 AM] [Info] Loaded 0 of 1631 assets...
[19/04/2026 12:08:34 AM] [Info] Searched 0 of 1 locations and found 1798 asset files...
[19/04/2026 12:08:34 AM] [Info] Read 412 of 1798 asset file contents into memory...
[19/04/2026 12:08:34 AM] [Info] Loaded 0 of 1798 assets...
[19/04/2026 12:08:34 AM] [Info] Searched 0 of 1 locations and found 1987 asset files...
[19/04/2026 12:08:34 AM] [Info] Read 469 of 1987 asset file contents into memory...
[19/04/2026 12:08:34 AM] [Info] Loaded 0 of 1987 assets...
[19/04/2026 12:08:34 AM] [Info] Searched 0 of 1 locations and found 2166 asset files...
[19/04/2026 12:08:34 AM] [Info] Read 532 of 2166 asset file contents into memory...
[19/04/2026 12:08:34 AM] [Info] Loaded 0 of 2166 assets...
[19/04/2026 12:08:34 AM] [Info] Searched 0 of 1 locations and found 2358 asset files...
[19/04/2026 12:08:34 AM] [Info] Read 600 of 2358 asset file contents into memory...
[19/04/2026 12:08:34 AM] [Info] Loaded 0 of 2358 assets...
[19/04/2026 12:08:34 AM] [Info] Searched 1 of 1 locations and found 2378 asset files...
[19/04/2026 12:08:34 AM] [Info] Read 656 of 2378 asset file contents into memory...
[19/04/2026 12:08:34 AM] [Info] Loaded 0 of 2378 assets...
[19/04/2026 12:08:34 AM] [Info] Read 712 of 2378 asset file contents into memory...
[19/04/2026 12:08:34 AM] [Info] Read 785 of 2378 asset file contents into memory...
[19/04/2026 12:08:34 AM] [Info] Read 849 of 2378 asset file contents into memory...
[19/04/2026 12:08:34 AM] [Info] Read 917 of 2378 asset file contents into memory...
[19/04/2026 12:08:34 AM] [Info] Read 990 of 2378 asset file contents into memory...
[19/04/2026 12:08:35 AM] [Info] Read 1070 of 2378 asset file contents into memory...
[19/04/2026 12:08:35 AM] [Info] Read 1162 of 2378 asset file contents into memory...
[19/04/2026 12:08:35 AM] [Info] Read 1250 of 2378 asset file contents into memory...
[19/04/2026 12:08:35 AM] [Info] Read 1337 of 2378 asset file contents into memory...
[19/04/2026 12:08:35 AM] [Info] Read 1424 of 2378 asset file contents into memory...
[19/04/2026 12:08:35 AM] [Info] Read 1493 of 2378 asset file contents into memory...
[19/04/2026 12:08:35 AM] [Info] Read 1571 of 2378 asset file contents into memory...
[19/04/2026 12:08:35 AM] [Info] Read 1653 of 2378 asset file contents into memory...
[19/04/2026 12:08:35 AM] [Info] Read 1732 of 2378 asset file contents into memory...
[19/04/2026 12:08:35 AM] [Info] Read 1878 of 2378 asset file contents into memory...
[19/04/2026 12:08:35 AM] [Info] Read 1964 of 2378 asset file contents into memory...
[19/04/2026 12:08:35 AM] [Info] Read 2034 of 2378 asset file contents into memory...
[19/04/2026 12:08:35 AM] [Info] Read 2098 of 2378 asset file contents into memory...
[19/04/2026 12:08:35 AM] [Info] Read 2158 of 2378 asset file contents into memory...
[19/04/2026 12:08:35 AM] [Info] Loaded 1 of 1 asset bundles...
[19/04/2026 12:08:35 AM] [Info] Read 2250 of 2378 asset file contents into memory...
[19/04/2026 12:08:35 AM] [Info] Loaded 3 of 2378 assets...
[19/04/2026 12:08:35 AM] [Info] Read 2337 of 2378 asset file contents into memory...
[19/04/2026 12:08:35 AM] [Info] Loaded 6 of 2378 assets...
[19/04/2026 12:08:35 AM] [Info] Read 2378 of 2378 asset file contents into memory...
[19/04/2026 12:08:35 AM] [Info] Loaded 54 of 2378 assets...
[19/04/2026 12:08:35 AM] [Info] Loaded 89 of 2378 assets...
[19/04/2026 12:08:36 AM] [Info] Loaded 217 of 2378 assets...
[19/04/2026 12:08:36 AM] [Info] Loaded 278 of 2378 assets...
[19/04/2026 12:08:36 AM] [Info] Loaded 313 of 2378 assets...
[19/04/2026 12:08:36 AM] [Info] Loaded 346 of 2378 assets...
[19/04/2026 12:08:36 AM] [Info] Loaded 377 of 2378 assets...
[19/04/2026 12:08:36 AM] [Info] Loaded 409 of 2378 assets...
[19/04/2026 12:08:36 AM] [Info] Loaded 511 of 2378 assets...
[19/04/2026 12:08:36 AM] [Info] Loaded 611 of 2378 assets...
[19/04/2026 12:08:36 AM] [Info] Loaded 707 of 2378 assets...
[19/04/2026 12:08:36 AM] [Info] Loaded 741 of 2378 assets...
[19/04/2026 12:08:36 AM] [Info] Loaded 777 of 2378 assets...
[19/04/2026 12:08:36 AM] [Info] Loaded 810 of 2378 assets...
[19/04/2026 12:08:36 AM] [Info] Loaded 823 of 2378 assets...
[19/04/2026 12:08:36 AM] [Info] Loaded 837 of 2378 assets...
[19/04/2026 12:08:36 AM] [Info] Loaded 852 of 2378 assets...
[19/04/2026 12:08:36 AM] [Info] Loaded 1619 of 2378 assets...
[19/04/2026 12:08:36 AM] [Info] Loaded 2202 of 2378 assets...
[19/04/2026 12:08:36 AM] [Info] Loaded 2378 of 2378 assets...
[19/04/2026 12:08:37 AM] [Info] Level overrides config Animals.Max_Instances_Medium: 256
[19/04/2026 12:08:37 AM] [Info] Skipping level config override Items.Quality_Full_Chance because it's overridden in server config
[19/04/2026 12:08:37 AM] [Info] Level overrides config Barricades.Allow_Item_Placement_On_Vehicle: False
[19/04/2026 12:08:37 AM] [Info] Level overrides config Barricades.Allow_Trap_Placement_On_Vehicle: False
[19/04/2026 12:08:37 AM] [Info] Level overrides config Barricades.Gun_Lowcal_Damage_Multiplier: 1
[19/04/2026 12:08:37 AM] [Info] Level overrides config Barricades.Gun_Highcal_Damage_Multiplier: 1
[19/04/2026 12:08:37 AM] [Info] Level overrides config Barricades.Armor_Lowtier_Multiplier: 1
[19/04/2026 12:08:37 AM] [Info] Level overrides config Barricades.Armor_Hightier_Multiplier: 1
[19/04/2026 12:08:37 AM] [Info] Level overrides config Structures.Gun_Lowcal_Damage_Multiplier: 1
[19/04/2026 12:08:37 AM] [Info] Level overrides config Structures.Gun_Highcal_Damage_Multiplier: 1
[19/04/2026 12:08:37 AM] [Info] Level overrides config Structures.Armor_Lowtier_Multiplier: 1
[19/04/2026 12:08:37 AM] [Info] Level overrides config Structures.Armor_Hightier_Multiplier: 1
[19/04/2026 12:08:37 AM] [Info] Level overrides config Structures.Melee_Damage_Multiplier: 1
[19/04/2026 12:08:37 AM] [Info] Level overrides config Structures.Melee_Repair_Multiplier: 1
[19/04/2026 12:08:37 AM] [Info] Level overrides config Events.Airdrop_Speed: 96
[19/04/2026 12:08:37 AM] [Info] Level overrides config Events.Airdrop_Force: 8.55
[19/04/2026 12:08:37 AM] [Info] Level overrides config Vehicles.Gun_Lowcal_Damage_Multiplier: 2
[19/04/2026 12:08:37 AM] [Info] Level overrides config Vehicles.Melee_Damage_Multiplier: 2
[19/04/2026 12:08:37 AM] [Info] Level overrides config Vehicles.Min_Battery_Charge: 1
[19/04/2026 12:08:37 AM] [Info] Level overrides config Vehicles.Max_Battery_Charge: 1
[19/04/2026 12:08:37 AM] [Info] Level overrides config Vehicles.Has_Battery_Chance: 1
[19/04/2026 12:08:37 AM] [Info] Level overrides config Vehicles.Max_Instances_Medium: 48
[19/04/2026 12:08:37 AM] [Info] Level overrides config Vehicles.Armor_Multiplier: 0.375
[19/04/2026 12:08:37 AM] [Info] Skipping level config override Players.Experience_Multiplier because it's overridden in server config
[19/04/2026 12:08:37 AM] [Info] Skipping level config override Players.Lose_Skills_PvP because it's overridden in server config
[19/04/2026 12:08:37 AM] [Info] Skipping level config override Players.Lose_Skills_PvE because it's overridden in server config
[19/04/2026 12:08:37 AM] [Info] Skipping level config override Players.Lose_Experience_PvP because it's overridden in server config
[19/04/2026 12:08:37 AM] [Info] Skipping level config override Players.Lose_Experience_PvE because it's overridden in server config
[19/04/2026 12:08:37 AM] [Info] Skipping level config override Players.Lose_Skill_Levels_PvP because it's overridden in server config
[19/04/2026 12:08:37 AM] [Info] Skipping level config override Players.Lose_Skill_Levels_PvE because it's overridden in server config
[19/04/2026 12:08:37 AM] [Info] Skipping level config override Players.Virus_Infect because it's overridden in server config
[19/04/2026 12:08:37 AM] [Info] Level overrides config Players.Can_Break_Legs: False
[19/04/2026 12:08:37 AM] [Info] Skipping level config override Zombies.Armor_Multiplier because it's overridden in server config
[19/04/2026 12:08:37 AM] [Info] Level overrides config Zombies.Full_Moon_Experience_Multiplier: 2
[19/04/2026 12:08:37 AM] [Info] Skipping level config override Zombies.Spawn_Chance because it's overridden in server config
[19/04/2026 12:08:37 AM] [Info] Level overrides config Zombies.Min_Mega_Drops: 1
[19/04/2026 12:08:37 AM] [Info] Level overrides config Zombies.Max_Mega_Drops: 1
[19/04/2026 12:08:37 AM] [Info] Level overrides config Zombies.Min_Boss_Drops: 1
[19/04/2026 12:08:37 AM] [Info] Level overrides config Zombies.Max_Boss_Drops: 1
[19/04/2026 12:08:37 AM] [Info] Skipping level config override Zombies.Loot_Chance because it's overridden in server config
[19/04/2026 12:08:37 AM] [Info] Skipping level config override Gameplay.Chart because it's overridden in server config
[19/04/2026 12:08:37 AM] [Info] Monitoring workshop map "A6 Polaris" (2898548949) for changes
[19/04/2026 12:08:37 AM] [Info] Loading level: 5%
[19/04/2026 12:08:39 AM] [Info] Loading level: 10%
[19/04/2026 12:08:40 AM] [Info] Loading level: 15%
[19/04/2026 12:08:40 AM] [Info] Loading level: 21%
[19/04/2026 12:08:40 AM] [Info] Loading level: 26%
[19/04/2026 12:08:40 AM] [Info] Loading level: 31%
[19/04/2026 12:08:40 AM] [Info] Loading level: 36%
[19/04/2026 12:08:40 AM] [Info] Loading level: 42%
[19/04/2026 12:08:40 AM] [Info] Loading level: 47%
[19/04/2026 12:08:40 AM] [Info] Loading level: 52%
[19/04/2026 12:08:40 AM] [Info] Loading level: 57%
[19/04/2026 12:08:40 AM] [Info] Loading level: 63%
[19/04/2026 12:08:42 AM] [Info] Loading level: 68%
[19/04/2026 12:08:42 AM] [Info] Loading level: 73%
[19/04/2026 12:08:42 AM] [Info] Loading level: 89%
[19/04/2026 12:08:42 AM] [Info] Loading level: 94%
[19/04/2026 12:08:42 AM] [Info] //////////////////////////////////////////////////////
[19/04/2026 12:08:42 AM] [Info] Server Code: 85568392936196484
[19/04/2026 12:08:42 AM] [Info] Your friends can enter this code in the Connect Directly menu to join without port forwarding.
[19/04/2026 12:08:42 AM] [Info] Tip: Use the "CopyServerCode" command to copy the code to your clipboard. Alternatively, in most terminals you can highlight it and press Ctrl+Insert to copy.
[19/04/2026 12:08:42 AM] [Info] //////////////////////////////////////////////////////
[19/04/2026 12:08:43 AM] [Info] Loading level: 100%
[19/04/2026 12:09:50 AM] [Info] Connecting: PlayerID: 76561199571006509 Name: wiggielicious Character: wiggielicious
[19/04/2026 12:10:02 AM] [Info] Connecting: PlayerID: 76561198374187872 Name: Myst_iU Character: Myst
[19/04/2026 12:12:48 AM] [Info] Disconnecting: PlayerID: 76561199571006509 Name: wiggielicious Character: wiggielicious
[19/04/2026 12:13:36 AM] [Info] Connecting: PlayerID: 76561198811868695 Name: twicemiku Character: twicemiku
[19/04/2026 12:15:54 AM] [Info] Connecting: PlayerID: 76561199571006509 Name: wiggielicious Character: wiggielicious
[19/04/2026 12:38:33 AM] [Info] Saving server
[19/04/2026 12:39:00 AM] [Info] MoreHomes >> 2 player homes data has been saved!
[19/04/2026 12:39:00 AM] [Info] twicemiku [twicemiku] bled to death!
[19/04/2026 12:39:10 AM] [Info] [World] twicemiku [twicemiku]: "/tp myst"
[19/04/2026 12:43:58 AM] [Info] twicemiku teleported to Myst
[19/04/2026 12:43:58 AM] [Info] Disconnecting: PlayerID: 76561198374187872 Name: Myst_iU Character: Myst
[19/04/2026 12:44:02 AM] [Info] Disconnecting: PlayerID: 76561198811868695 Name: twicemiku Character: twicemiku
[19/04/2026 12:44:02 AM] [Info] MoreHomes >> 2 player homes data has been saved!
[19/04/2026 12:44:02 AM] [Info] Successfully saved the game.
[19/04/2026 12:44:06 AM] [Info] Disconnecting: PlayerID: 76561199571006509 Name: wiggielicious Character: wiggielicious
[19/04/2026 12:44:08 AM] [Info] MoreHomes >> 2 player homes data has been saved!
[19/04/2026 12:44:08 AM] [Info] 
[unloading] MoreHomes
