[19/04/2026 2:42:26 PM] [Info] [registered] /more (Rocket.Unturned.Commands.CommandMore/more)
[19/04/2026 2:42:27 PM] [Info] [registered] /admin (Rocket.Unturned.Commands.CommandAdmin/admin)
[19/04/2026 2:42:27 PM] [Info] [registered] /broadcast (Rocket.Unturned.Commands.CommandBroadcast/broadcast)
[19/04/2026 2:42:27 PM] [Info] [registered] /compass (Rocket.Unturned.Commands.CommandCompass/compass)
[19/04/2026 2:42:27 PM] [Info] [registered] /effect (Rocket.Unturned.Commands.CommandEffect/effect)
[19/04/2026 2:42:27 PM] [Info] [registered] /exit (Rocket.Unturned.Commands.CommandExit/exit)
[19/04/2026 2:42:27 PM] [Info] [registered] /god (Rocket.Unturned.Commands.CommandGod/god)
[19/04/2026 2:42:27 PM] [Info] [registered] /heal (Rocket.Unturned.Commands.CommandHeal/heal)
[19/04/2026 2:42:27 PM] [Info] [registered] /help (Rocket.Unturned.Commands.CommandHelp/help)
[19/04/2026 2:42:27 PM] [Info] [registered] /i (Rocket.Unturned.Commands.CommandI/i)
[19/04/2026 2:42:27 PM] [Info] [registered] /item (Rocket.Unturned.Commands.CommandI/item)
[19/04/2026 2:42:27 PM] [Info] [registered] /investigate (Rocket.Unturned.Commands.CommandInvestigate/investigate)
[19/04/2026 2:42:27 PM] [Info] [registered] /p (Rocket.Unturned.Commands.CommandP/p)
[19/04/2026 2:42:27 PM] [Info] [registered] /permissions (Rocket.Unturned.Commands.CommandP/permissions)
[19/04/2026 2:42:27 PM] [Info] [registered] /rocket (Rocket.Unturned.Commands.CommandRocket/rocket)
[19/04/2026 2:42:27 PM] [Info] [registered] /tp (Rocket.Unturned.Commands.CommandTp/tp)
[19/04/2026 2:42:27 PM] [Info] [registered] /tphere (Rocket.Unturned.Commands.CommandTphere/tphere)
[19/04/2026 2:42:27 PM] [Info] [registered] /unadmin (Rocket.Unturned.Commands.CommandUnadmin/unadmin)
[19/04/2026 2:42:27 PM] [Info] [registered] /v (Rocket.Unturned.Commands.CommandV/v)
[19/04/2026 2:42:27 PM] [Info] [registered] /vanish (Rocket.Unturned.Commands.CommandVanish/vanish)
[19/04/2026 2:42:27 PM] [Info] Loading HardcoreDurability from E:\SteamLibrary\steamapps\common\U3DS\Servers\New Era Polaris\Rocket\Plugins\HardcoreDurability.dll
[19/04/2026 2:42:27 PM] [Info] Loading MoreHomes from E:\SteamLibrary\steamapps\common\U3DS\Servers\New Era Polaris\Rocket\Plugins\MoreHomes.dll
[19/04/2026 2:42:27 PM] [Info] Loading Teleportation from E:\SteamLibrary\steamapps\common\U3DS\Servers\New Era Polaris\Rocket\Plugins\Teleportation.dll
[19/04/2026 2:42:28 PM] [Error] mscorlib >> Caught exception resolving dependency: 0Harmony -> Exception in DoAssemblyResolve: System.ArgumentNullException: Value cannot be null.
Parameter name: v1
  at System.Version.op_LessThanOrEqual (System.Version v1, System.Version v2) [0x00003] in <1071a2cb0cb3433aae80a793c277a048>:0 
  at System.Version.op_GreaterThanOrEqual (System.Version v1, System.Version v2) [0x00000] in <1071a2cb0cb3433aae80a793c277a048>:0 
  at Rocket.Core.Plugins.RocketPluginManager+<>c__DisplayClass12_0.<Awake>b__1 (System.Collections.Generic.KeyValuePair`2[TKey,TValue] lib) [0x00035] in <59a13feb721848c8b0cd173f6d0e820b>:0 
  at System.Linq.Enumerable.TryGetFirst[TSource] (System.Collections.Generic.IEnumerable`1[T] source, System.Func`2[T,TResult] predicate, System.Boolean& found) [0x0003f] in <ea489521390f48908a7ce45cb17a6848>:0 
  at System.Linq.Enumerable.FirstOrDefault[TSource] (System.Collections.Generic.IEnumerable`1[T] source, System.Func`2[T,TResult] predicate) [0x00000] in <ea489521390f48908a7ce45cb17a6848>:0 
  at Rocket.Core.Plugins.RocketPluginManager.<Awake>b__12_0 (System.Object sender, System.ResolveEventArgs args) [0x00017] in <59a13feb721848c8b0cd173f6d0e820b>:0 
[19/04/2026 2:42:28 PM] [Error] Could not find dependency: 0Harmony
[19/04/2026 2:42:28 PM] [Info] 
[loading] HardcoreDurability
[19/04/2026 2:42:28 PM] [Info] HardcoreDurability >> Hardcore Durability Loaded with Configurations!
[19/04/2026 2:42:28 PM] [Info] 
[loading] MoreHomes
[19/04/2026 2:42:28 PM] [Info] [registered] /home (RestoreMonarchy.MoreHomes.Commands.HomeCommand/home)
[19/04/2026 2:42:28 PM] [Info] [registered] /homes (RestoreMonarchy.MoreHomes.Commands.HomesCommand/homes)
[19/04/2026 2:42:28 PM] [Info] [registered] /destroyhome (RestoreMonarchy.MoreHomes.Commands.DestroyHomeCommand/destroyhome)
[19/04/2026 2:42:28 PM] [Info] [registered] /renamehome (RestoreMonarchy.MoreHomes.Commands.RenameHomeCommand/renamehome)
[19/04/2026 2:42:28 PM] [Info] [registered] /restorehomes (RestoreMonarchy.MoreHomes.Commands.RestoreHomesCommand/restorehomes)
[19/04/2026 2:42:28 PM] [Info] MoreHomes >> MoreHomes 1.7.2.0 has been loaded!
[19/04/2026 2:42:28 PM] [Info] MoreHomes >> Brought to you by RestoreMonarchy.com
[19/04/2026 2:42:28 PM] [Error] mscorlib >> Caught exception resolving dependency: Steamworks.NET -> Exception in DoAssemblyResolve: System.ArgumentNullException: Value cannot be null.
Parameter name: v1
  at System.Version.op_LessThanOrEqual (System.Version v1, System.Version v2) [0x00003] in <1071a2cb0cb3433aae80a793c277a048>:0 
  at System.Version.op_GreaterThanOrEqual (System.Version v1, System.Version v2) [0x00000] in <1071a2cb0cb3433aae80a793c277a048>:0 
  at Rocket.Core.Plugins.RocketPluginManager+<>c__DisplayClass12_0.<Awake>b__1 (System.Collections.Generic.KeyValuePair`2[TKey,TValue] lib) [0x00035] in <59a13feb721848c8b0cd173f6d0e820b>:0 
  at System.Linq.Enumerable.TryGetFirst[TSource] (System.Collections.Generic.IEnumerable`1[T] source, System.Func`2[T,TResult] predicate, System.Boolean& found) [0x0003f] in <ea489521390f48908a7ce45cb17a6848>:0 
  at System.Linq.Enumerable.FirstOrDefault[TSource] (System.Collections.Generic.IEnumerable`1[T] source, System.Func`2[T,TResult] predicate) [0x00000] in <ea489521390f48908a7ce45cb17a6848>:0 
  at Rocket.Core.Plugins.RocketPluginManager.<Awake>b__12_0 (System.Object sender, System.ResolveEventArgs args) [0x00017] in <59a13feb721848c8b0cd173f6d0e820b>:0 
[19/04/2026 2:42:28 PM] [Error] Could not find dependency: Steamworks.NET
[19/04/2026 2:42:28 PM] [Info] 
[loading] Teleportation
[19/04/2026 2:42:28 PM] [Info] [registered] /tpa (RestoreMonarchy.Teleportation.Commands.TPACommand/tpa)
[19/04/2026 2:42:28 PM] [Info] Teleportation >> Teleportation 1.6.0.0 has been loaded!
[19/04/2026 2:42:28 PM] [Info] This server will automatically save every 1800 seconds
[19/04/2026 2:42:28 PM] [Info] Steam servers ready!
[19/04/2026 2:42:28 PM] [Info] Workshop install folder: E:\SteamLibrary\steamapps\common\U3DS/Servers/New Era Polaris/Workshop/Steam
[19/04/2026 2:42:28 PM] [Info] 1 workshop item(s) requested
[19/04/2026 2:42:28 PM] [Info] Submitting workshop query for 1 item(s)...
[19/04/2026 2:42:28 PM] [Info] Workshop query yielded 1 result(s)
[19/04/2026 2:42:28 PM] [Info] This server's allowed IP for Workshop downloads: [redacted]
[19/04/2026 2:42:28 PM] [Info] 2898548949 'A6 Polaris' queued for download
[19/04/2026 2:42:28 PM] [Info] 1 workshop item(s) to download...
[19/04/2026 2:42:28 PM] [Info] Workshop item found in cache: 2898548949
[19/04/2026 2:42:28 PM] [Info] Installing workshop item: 2898548949
[19/04/2026 2:42:28 PM] [Info] Installed workshop item: 2898548949
[19/04/2026 2:42:28 PM] [Info] Searched 0 of 1 locations and found 111 asset files...
[19/04/2026 2:42:28 PM] [Info] Read 0 of 111 asset file contents into memory...
[19/04/2026 2:42:28 PM] [Info] Loaded 0 of 111 assets...
[19/04/2026 2:42:28 PM] [Info] Searched 0 of 1 locations and found 268 asset files...
[19/04/2026 2:42:28 PM] [Info] Read 0 of 268 asset file contents into memory...
[19/04/2026 2:42:28 PM] [Info] Loaded 0 of 268 assets...
[19/04/2026 2:42:28 PM] [Info] Searched 0 of 1 locations and found 398 asset files...
[19/04/2026 2:42:28 PM] [Info] Read 0 of 398 asset file contents into memory...
[19/04/2026 2:42:28 PM] [Info] Loaded 0 of 398 assets...
[19/04/2026 2:42:28 PM] [Info] Loaded 0 of 1 asset bundles...
[19/04/2026 2:42:28 PM] [Info] Searched 0 of 1 locations and found 564 asset files...
[19/04/2026 2:42:28 PM] [Info] Read 2 of 564 asset file contents into memory...
[19/04/2026 2:42:28 PM] [Info] Loaded 0 of 564 assets...
[19/04/2026 2:42:28 PM] [Info] Searched 0 of 1 locations and found 771 asset files...
[19/04/2026 2:42:28 PM] [Info] Read 10 of 771 asset file contents into memory...
[19/04/2026 2:42:28 PM] [Info] Loaded 0 of 771 assets...
[19/04/2026 2:42:28 PM] [Info] Searched 0 of 1 locations and found 956 asset files...
[19/04/2026 2:42:28 PM] [Info] Read 18 of 956 asset file contents into memory...
[19/04/2026 2:42:28 PM] [Info] Loaded 0 of 956 assets...
[19/04/2026 2:42:28 PM] [Info] Searched 0 of 1 locations and found 1146 asset files...
[19/04/2026 2:42:28 PM] [Info] Read 26 of 1146 asset file contents into memory...
[19/04/2026 2:42:28 PM] [Info] Loaded 0 of 1146 assets...
[19/04/2026 2:42:28 PM] [Info] Searched 0 of 1 locations and found 1306 asset files...
[19/04/2026 2:42:28 PM] [Info] Read 35 of 1306 asset file contents into memory...
[19/04/2026 2:42:28 PM] [Info] Loaded 0 of 1306 assets...
[19/04/2026 2:42:28 PM] [Info] Searched 0 of 1 locations and found 1473 asset files...
[19/04/2026 2:42:28 PM] [Info] Read 43 of 1473 asset file contents into memory...
[19/04/2026 2:42:28 PM] [Info] Loaded 0 of 1473 assets...
[19/04/2026 2:42:28 PM] [Info] Searched 0 of 1 locations and found 1654 asset files...
[19/04/2026 2:42:28 PM] [Info] Read 52 of 1654 asset file contents into memory...
[19/04/2026 2:42:28 PM] [Info] Loaded 0 of 1654 assets...
[19/04/2026 2:42:28 PM] [Info] Searched 0 of 1 locations and found 1839 asset files...
[19/04/2026 2:42:28 PM] [Info] Read 60 of 1839 asset file contents into memory...
[19/04/2026 2:42:28 PM] [Info] Loaded 0 of 1839 assets...
[19/04/2026 2:42:28 PM] [Info] Searched 0 of 1 locations and found 2018 asset files...
[19/04/2026 2:42:28 PM] [Info] Read 68 of 2018 asset file contents into memory...
[19/04/2026 2:42:28 PM] [Info] Loaded 0 of 2018 assets...
[19/04/2026 2:42:28 PM] [Info] Searched 0 of 1 locations and found 2212 asset files...
[19/04/2026 2:42:28 PM] [Info] Read 72 of 2212 asset file contents into memory...
[19/04/2026 2:42:28 PM] [Info] Loaded 0 of 2212 assets...
[19/04/2026 2:42:28 PM] [Info] Searched 1 of 1 locations and found 2378 asset files...
[19/04/2026 2:42:28 PM] [Info] Read 76 of 2378 asset file contents into memory...
[19/04/2026 2:42:28 PM] [Info] Loaded 0 of 2378 assets...
[19/04/2026 2:42:28 PM] [Info] Read 80 of 2378 asset file contents into memory...
[19/04/2026 2:42:29 PM] [Info] Read 85 of 2378 asset file contents into memory...
[19/04/2026 2:42:29 PM] [Info] Read 89 of 2378 asset file contents into memory...
[19/04/2026 2:42:29 PM] [Info] Read 93 of 2378 asset file contents into memory...
[19/04/2026 2:42:29 PM] [Info] Read 98 of 2378 asset file contents into memory...
[19/04/2026 2:42:29 PM] [Info] Read 102 of 2378 asset file contents into memory...
[19/04/2026 2:42:29 PM] [Info] Read 108 of 2378 asset file contents into memory...
[19/04/2026 2:42:29 PM] [Info] Read 113 of 2378 asset file contents into memory...
[19/04/2026 2:42:29 PM] [Info] Read 118 of 2378 asset file contents into memory...
[19/04/2026 2:42:29 PM] [Info] Read 124 of 2378 asset file contents into memory...
[19/04/2026 2:42:29 PM] [Info] Read 130 of 2378 asset file contents into memory...
[19/04/2026 2:42:29 PM] [Info] Read 135 of 2378 asset file contents into memory...
[19/04/2026 2:42:29 PM] [Info] Read 140 of 2378 asset file contents into memory...
[19/04/2026 2:42:29 PM] [Info] Read 145 of 2378 asset file contents into memory...
[19/04/2026 2:42:29 PM] [Info] Loaded 1 of 1 asset bundles...
[19/04/2026 2:42:29 PM] [Info] Read 150 of 2378 asset file contents into memory...
[19/04/2026 2:42:29 PM] [Info] Loaded 3 of 2378 assets...
[19/04/2026 2:42:29 PM] [Info] Read 156 of 2378 asset file contents into memory...
[19/04/2026 2:42:29 PM] [Info] Loaded 8 of 2378 assets...
[19/04/2026 2:42:29 PM] [Info] Read 162 of 2378 asset file contents into memory...
[19/04/2026 2:42:29 PM] [Info] Loaded 57 of 2378 assets...
[19/04/2026 2:42:29 PM] [Info] Read 170 of 2378 asset file contents into memory...
[19/04/2026 2:42:29 PM] [Info] Loaded 92 of 2378 assets...
[19/04/2026 2:42:29 PM] [Info] Read 179 of 2378 asset file contents into memory...
[19/04/2026 2:42:29 PM] [Info] Loaded 179 of 2378 assets...
[19/04/2026 2:42:29 PM] [Info] Read 188 of 2378 asset file contents into memory...
[19/04/2026 2:42:29 PM] [Info] Loaded 188 of 2378 assets...
[19/04/2026 2:42:29 PM] [Info] Read 196 of 2378 asset file contents into memory...
[19/04/2026 2:42:29 PM] [Info] Loaded 196 of 2378 assets...
[19/04/2026 2:42:30 PM] [Info] Read 205 of 2378 asset file contents into memory...
[19/04/2026 2:42:30 PM] [Info] Loaded 205 of 2378 assets...
[19/04/2026 2:42:30 PM] [Info] Read 210 of 2378 asset file contents into memory...
[19/04/2026 2:42:30 PM] [Info] Loaded 210 of 2378 assets...
[19/04/2026 2:42:30 PM] [Info] Read 214 of 2378 asset file contents into memory...
[19/04/2026 2:42:30 PM] [Info] Loaded 214 of 2378 assets...
[19/04/2026 2:42:30 PM] [Info] Read 219 of 2378 asset file contents into memory...
[19/04/2026 2:42:30 PM] [Info] Loaded 219 of 2378 assets...
[19/04/2026 2:42:30 PM] [Info] Read 224 of 2378 asset file contents into memory...
[19/04/2026 2:42:30 PM] [Info] Loaded 224 of 2378 assets...
[19/04/2026 2:42:30 PM] [Info] Read 229 of 2378 asset file contents into memory...
[19/04/2026 2:42:30 PM] [Info] Loaded 229 of 2378 assets...
[19/04/2026 2:42:30 PM] [Info] Read 232 of 2378 asset file contents into memory...
[19/04/2026 2:42:30 PM] [Info] Loaded 232 of 2378 assets...
[19/04/2026 2:42:30 PM] [Info] Read 236 of 2378 asset file contents into memory...
[19/04/2026 2:42:30 PM] [Info] Loaded 236 of 2378 assets...
[19/04/2026 2:42:30 PM] [Info] Read 241 of 2378 asset file contents into memory...
[19/04/2026 2:42:30 PM] [Info] Loaded 241 of 2378 assets...
[19/04/2026 2:42:30 PM] [Info] Read 245 of 2378 asset file contents into memory...
[19/04/2026 2:42:30 PM] [Info] Loaded 245 of 2378 assets...
[19/04/2026 2:42:30 PM] [Info] Read 249 of 2378 asset file contents into memory...
[19/04/2026 2:42:30 PM] [Info] Loaded 249 of 2378 assets...
[19/04/2026 2:42:30 PM] [Info] Read 253 of 2378 asset file contents into memory...
[19/04/2026 2:42:30 PM] [Info] Loaded 253 of 2378 assets...
[19/04/2026 2:42:30 PM] [Info] Read 258 of 2378 asset file contents into memory...
[19/04/2026 2:42:30 PM] [Info] Loaded 258 of 2378 assets...
[19/04/2026 2:42:30 PM] [Info] Read 262 of 2378 asset file contents into memory...
[19/04/2026 2:42:30 PM] [Info] Loaded 262 of 2378 assets...
[19/04/2026 2:42:30 PM] [Info] Read 266 of 2378 asset file contents into memory...
[19/04/2026 2:42:30 PM] [Info] Loaded 266 of 2378 assets...
[19/04/2026 2:42:30 PM] [Info] Read 271 of 2378 asset file contents into memory...
[19/04/2026 2:42:30 PM] [Info] Loaded 271 of 2378 assets...
[19/04/2026 2:42:30 PM] [Info] Read 276 of 2378 asset file contents into memory...
[19/04/2026 2:42:30 PM] [Info] Loaded 276 of 2378 assets...
[19/04/2026 2:42:30 PM] [Info] Read 280 of 2378 asset file contents into memory...
[19/04/2026 2:42:30 PM] [Info] Loaded 280 of 2378 assets...
[19/04/2026 2:42:30 PM] [Info] Read 285 of 2378 asset file contents into memory...
[19/04/2026 2:42:30 PM] [Info] Loaded 285 of 2378 assets...
[19/04/2026 2:42:30 PM] [Info] Read 289 of 2378 asset file contents into memory...
[19/04/2026 2:42:30 PM] [Info] Loaded 289 of 2378 assets...
[19/04/2026 2:42:31 PM] [Info] Read 293 of 2378 asset file contents into memory...
[19/04/2026 2:42:31 PM] [Info] Loaded 293 of 2378 assets...
[19/04/2026 2:42:31 PM] [Info] Read 298 of 2378 asset file contents into memory...
[19/04/2026 2:42:31 PM] [Info] Loaded 298 of 2378 assets...
[19/04/2026 2:42:31 PM] [Info] Read 303 of 2378 asset file contents into memory...
[19/04/2026 2:42:31 PM] [Info] Loaded 303 of 2378 assets...
[19/04/2026 2:42:31 PM] [Info] Read 308 of 2378 asset file contents into memory...
[19/04/2026 2:42:31 PM] [Info] Loaded 308 of 2378 assets...
[19/04/2026 2:42:31 PM] [Info] Read 314 of 2378 asset file contents into memory...
[19/04/2026 2:42:31 PM] [Info] Loaded 314 of 2378 assets...
[19/04/2026 2:42:31 PM] [Info] Read 319 of 2378 asset file contents into memory...
[19/04/2026 2:42:31 PM] [Info] Loaded 319 of 2378 assets...
[19/04/2026 2:42:31 PM] [Info] Read 325 of 2378 asset file contents into memory...
[19/04/2026 2:42:31 PM] [Info] Loaded 325 of 2378 assets...
[19/04/2026 2:42:31 PM] [Info] Read 331 of 2378 asset file contents into memory...
[19/04/2026 2:42:31 PM] [Info] Loaded 331 of 2378 assets...
[19/04/2026 2:42:31 PM] [Info] Read 336 of 2378 asset file contents into memory...
[19/04/2026 2:42:31 PM] [Info] Loaded 336 of 2378 assets...
[19/04/2026 2:42:31 PM] [Info] Read 342 of 2378 asset file contents into memory...
[19/04/2026 2:42:31 PM] [Info] Loaded 342 of 2378 assets...
[19/04/2026 2:42:31 PM] [Info] Read 347 of 2378 asset file contents into memory...
[19/04/2026 2:42:31 PM] [Info] Loaded 347 of 2378 assets...
[19/04/2026 2:42:31 PM] [Info] Read 352 of 2378 asset file contents into memory...
[19/04/2026 2:42:31 PM] [Info] Loaded 352 of 2378 assets...
[19/04/2026 2:42:31 PM] [Info] Read 356 of 2378 asset file contents into memory...
[19/04/2026 2:42:31 PM] [Info] Loaded 356 of 2378 assets...
[19/04/2026 2:42:31 PM] [Info] Read 361 of 2378 asset file contents into memory...
[19/04/2026 2:42:31 PM] [Info] Loaded 361 of 2378 assets...
[19/04/2026 2:42:31 PM] [Info] Read 366 of 2378 asset file contents into memory...
[19/04/2026 2:42:31 PM] [Info] Loaded 366 of 2378 assets...
[19/04/2026 2:42:31 PM] [Info] Read 371 of 2378 asset file contents into memory...
[19/04/2026 2:42:31 PM] [Info] Loaded 371 of 2378 assets...
[19/04/2026 2:42:31 PM] [Info] Read 375 of 2378 asset file contents into memory...
[19/04/2026 2:42:31 PM] [Info] Loaded 375 of 2378 assets...
[19/04/2026 2:42:31 PM] [Info] Read 380 of 2378 asset file contents into memory...
[19/04/2026 2:42:31 PM] [Info] Loaded 380 of 2378 assets...
[19/04/2026 2:42:31 PM] [Info] Read 385 of 2378 asset file contents into memory...
[19/04/2026 2:42:31 PM] [Info] Loaded 385 of 2378 assets...
[19/04/2026 2:42:31 PM] [Info] Read 390 of 2378 asset file contents into memory...
[19/04/2026 2:42:31 PM] [Info] Loaded 390 of 2378 assets...
[19/04/2026 2:42:32 PM] [Info] Read 395 of 2378 asset file contents into memory...
[19/04/2026 2:42:32 PM] [Info] Loaded 395 of 2378 assets...
[19/04/2026 2:42:32 PM] [Info] Read 400 of 2378 asset file contents into memory...
[19/04/2026 2:42:32 PM] [Info] Loaded 400 of 2378 assets...
[19/04/2026 2:42:32 PM] [Info] Read 405 of 2378 asset file contents into memory...
[19/04/2026 2:42:32 PM] [Info] Loaded 405 of 2378 assets...
[19/04/2026 2:42:32 PM] [Info] Read 411 of 2378 asset file contents into memory...
[19/04/2026 2:42:32 PM] [Info] Loaded 411 of 2378 assets...
[19/04/2026 2:42:32 PM] [Info] Read 417 of 2378 asset file contents into memory...
[19/04/2026 2:42:32 PM] [Info] Loaded 417 of 2378 assets...
[19/04/2026 2:42:32 PM] [Info] Read 423 of 2378 asset file contents into memory...
[19/04/2026 2:42:32 PM] [Info] Loaded 423 of 2378 assets...
[19/04/2026 2:42:32 PM] [Info] Read 428 of 2378 asset file contents into memory...
[19/04/2026 2:42:32 PM] [Info] Loaded 428 of 2378 assets...
[19/04/2026 2:42:32 PM] [Info] Read 433 of 2378 asset file contents into memory...
[19/04/2026 2:42:32 PM] [Info] Loaded 433 of 2378 assets...
[19/04/2026 2:42:32 PM] [Info] Read 439 of 2378 asset file contents into memory...
[19/04/2026 2:42:32 PM] [Info] Loaded 439 of 2378 assets...
[19/04/2026 2:42:32 PM] [Info] Read 444 of 2378 asset file contents into memory...
[19/04/2026 2:42:32 PM] [Info] Loaded 444 of 2378 assets...
[19/04/2026 2:42:32 PM] [Info] Read 450 of 2378 asset file contents into memory...
[19/04/2026 2:42:32 PM] [Info] Loaded 450 of 2378 assets...
[19/04/2026 2:42:32 PM] [Info] Read 457 of 2378 asset file contents into memory...
[19/04/2026 2:42:32 PM] [Info] Loaded 457 of 2378 assets...
[19/04/2026 2:42:32 PM] [Info] Read 461 of 2378 asset file contents into memory...
[19/04/2026 2:42:32 PM] [Info] Loaded 461 of 2378 assets...
[19/04/2026 2:42:32 PM] [Info] Read 466 of 2378 asset file contents into memory...
[19/04/2026 2:42:32 PM] [Info] Loaded 466 of 2378 assets...
[19/04/2026 2:42:32 PM] [Info] Read 471 of 2378 asset file contents into memory...
[19/04/2026 2:42:32 PM] [Info] Loaded 471 of 2378 assets...
[19/04/2026 2:42:32 PM] [Info] Read 476 of 2378 asset file contents into memory...
[19/04/2026 2:42:32 PM] [Info] Loaded 476 of 2378 assets...
[19/04/2026 2:42:32 PM] [Info] Read 482 of 2378 asset file contents into memory...
[19/04/2026 2:42:32 PM] [Info] Loaded 482 of 2378 assets...
[19/04/2026 2:42:32 PM] [Info] Read 486 of 2378 asset file contents into memory...
[19/04/2026 2:42:32 PM] [Info] Loaded 486 of 2378 assets...
[19/04/2026 2:42:32 PM] [Info] Read 491 of 2378 asset file contents into memory...
[19/04/2026 2:42:32 PM] [Info] Loaded 491 of 2378 assets...
[19/04/2026 2:42:32 PM] [Info] Read 496 of 2378 asset file contents into memory...
[19/04/2026 2:42:32 PM] [Info] Loaded 496 of 2378 assets...
[19/04/2026 2:42:33 PM] [Info] Read 501 of 2378 asset file contents into memory...
[19/04/2026 2:42:33 PM] [Info] Loaded 501 of 2378 assets...
[19/04/2026 2:42:33 PM] [Info] Read 506 of 2378 asset file contents into memory...
[19/04/2026 2:42:33 PM] [Info] Loaded 506 of 2378 assets...
[19/04/2026 2:42:33 PM] [Info] Read 511 of 2378 asset file contents into memory...
[19/04/2026 2:42:33 PM] [Info] Loaded 511 of 2378 assets...
[19/04/2026 2:42:33 PM] [Info] Read 516 of 2378 asset file contents into memory...
[19/04/2026 2:42:33 PM] [Info] Loaded 516 of 2378 assets...
[19/04/2026 2:42:33 PM] [Info] Read 521 of 2378 asset file contents into memory...
[19/04/2026 2:42:33 PM] [Info] Loaded 521 of 2378 assets...
[19/04/2026 2:42:33 PM] [Info] Read 526 of 2378 asset file contents into memory...
[19/04/2026 2:42:33 PM] [Info] Loaded 526 of 2378 assets...
[19/04/2026 2:42:33 PM] [Info] Read 530 of 2378 asset file contents into memory...
[19/04/2026 2:42:33 PM] [Info] Loaded 530 of 2378 assets...
[19/04/2026 2:42:33 PM] [Info] Read 535 of 2378 asset file contents into memory...
[19/04/2026 2:42:33 PM] [Info] Loaded 535 of 2378 assets...
[19/04/2026 2:42:33 PM] [Info] Read 540 of 2378 asset file contents into memory...
[19/04/2026 2:42:33 PM] [Info] Loaded 540 of 2378 assets...
[19/04/2026 2:42:33 PM] [Info] Read 544 of 2378 asset file contents into memory...
[19/04/2026 2:42:33 PM] [Info] Loaded 544 of 2378 assets...
[19/04/2026 2:42:33 PM] [Info] Read 549 of 2378 asset file contents into memory...
[19/04/2026 2:42:33 PM] [Info] Loaded 549 of 2378 assets...
[19/04/2026 2:42:33 PM] [Info] Read 554 of 2378 asset file contents into memory...
[19/04/2026 2:42:33 PM] [Info] Loaded 554 of 2378 assets...
[19/04/2026 2:42:33 PM] [Info] Read 558 of 2378 asset file contents into memory...
[19/04/2026 2:42:33 PM] [Info] Loaded 558 of 2378 assets...
[19/04/2026 2:42:33 PM] [Info] Read 562 of 2378 asset file contents into memory...
[19/04/2026 2:42:33 PM] [Info] Loaded 562 of 2378 assets...
[19/04/2026 2:42:33 PM] [Info] Read 566 of 2378 asset file contents into memory...
[19/04/2026 2:42:33 PM] [Info] Loaded 566 of 2378 assets...
[19/04/2026 2:42:33 PM] [Info] Read 570 of 2378 asset file contents into memory...
[19/04/2026 2:42:33 PM] [Info] Loaded 570 of 2378 assets...
[19/04/2026 2:42:33 PM] [Info] Read 574 of 2378 asset file contents into memory...
[19/04/2026 2:42:33 PM] [Info] Loaded 574 of 2378 assets...
[19/04/2026 2:42:33 PM] [Info] Read 578 of 2378 asset file contents into memory...
[19/04/2026 2:42:33 PM] [Info] Loaded 578 of 2378 assets...
[19/04/2026 2:42:33 PM] [Info] Read 583 of 2378 asset file contents into memory...
[19/04/2026 2:42:33 PM] [Info] Loaded 583 of 2378 assets...
[19/04/2026 2:42:33 PM] [Info] Read 587 of 2378 asset file contents into memory...
[19/04/2026 2:42:33 PM] [Info] Loaded 587 of 2378 assets...
[19/04/2026 2:42:34 PM] [Info] Read 591 of 2378 asset file contents into memory...
[19/04/2026 2:42:34 PM] [Info] Loaded 591 of 2378 assets...
[19/04/2026 2:42:34 PM] [Info] Read 595 of 2378 asset file contents into memory...
[19/04/2026 2:42:34 PM] [Info] Loaded 595 of 2378 assets...
[19/04/2026 2:42:34 PM] [Info] Read 600 of 2378 asset file contents into memory...
[19/04/2026 2:42:34 PM] [Info] Loaded 600 of 2378 assets...
[19/04/2026 2:42:34 PM] [Info] Read 604 of 2378 asset file contents into memory...
[19/04/2026 2:42:34 PM] [Info] Loaded 604 of 2378 assets...
[19/04/2026 2:42:34 PM] [Info] Read 609 of 2378 asset file contents into memory...
[19/04/2026 2:42:34 PM] [Info] Loaded 609 of 2378 assets...
[19/04/2026 2:42:34 PM] [Info] Read 613 of 2378 asset file contents into memory...
[19/04/2026 2:42:34 PM] [Info] Loaded 613 of 2378 assets...
[19/04/2026 2:42:34 PM] [Info] Read 619 of 2378 asset file contents into memory...
[19/04/2026 2:42:34 PM] [Info] Loaded 619 of 2378 assets...
[19/04/2026 2:42:34 PM] [Info] Read 624 of 2378 asset file contents into memory...
[19/04/2026 2:42:34 PM] [Info] Loaded 624 of 2378 assets...
[19/04/2026 2:42:34 PM] [Info] Read 629 of 2378 asset file contents into memory...
[19/04/2026 2:42:34 PM] [Info] Loaded 629 of 2378 assets...
[19/04/2026 2:42:34 PM] [Info] Read 635 of 2378 asset file contents into memory...
[19/04/2026 2:42:34 PM] [Info] Loaded 635 of 2378 assets...
[19/04/2026 2:42:34 PM] [Info] Read 640 of 2378 asset file contents into memory...
[19/04/2026 2:42:34 PM] [Info] Loaded 640 of 2378 assets...
[19/04/2026 2:42:34 PM] [Info] Read 646 of 2378 asset file contents into memory...
[19/04/2026 2:42:34 PM] [Info] Loaded 646 of 2378 assets...
[19/04/2026 2:42:34 PM] [Info] Read 652 of 2378 asset file contents into memory...
[19/04/2026 2:42:34 PM] [Info] Loaded 652 of 2378 assets...
[19/04/2026 2:42:34 PM] [Info] Read 658 of 2378 asset file contents into memory...
[19/04/2026 2:42:34 PM] [Info] Loaded 658 of 2378 assets...
[19/04/2026 2:42:34 PM] [Info] Read 663 of 2378 asset file contents into memory...
[19/04/2026 2:42:34 PM] [Info] Loaded 663 of 2378 assets...
[19/04/2026 2:42:34 PM] [Info] Read 668 of 2378 asset file contents into memory...
[19/04/2026 2:42:34 PM] [Info] Loaded 668 of 2378 assets...
[19/04/2026 2:42:34 PM] [Info] Read 673 of 2378 asset file contents into memory...
[19/04/2026 2:42:34 PM] [Info] Loaded 673 of 2378 assets...
[19/04/2026 2:42:34 PM] [Info] Read 677 of 2378 asset file contents into memory...
[19/04/2026 2:42:34 PM] [Info] Loaded 677 of 2378 assets...
[19/04/2026 2:42:34 PM] [Info] Read 682 of 2378 asset file contents into memory...
[19/04/2026 2:42:34 PM] [Info] Loaded 682 of 2378 assets...
[19/04/2026 2:42:34 PM] [Info] Read 686 of 2378 asset file contents into memory...
[19/04/2026 2:42:34 PM] [Info] Loaded 686 of 2378 assets...
[19/04/2026 2:42:35 PM] [Info] Read 691 of 2378 asset file contents into memory...
[19/04/2026 2:42:35 PM] [Info] Loaded 691 of 2378 assets...
[19/04/2026 2:42:35 PM] [Info] Read 695 of 2378 asset file contents into memory...
[19/04/2026 2:42:35 PM] [Info] Loaded 695 of 2378 assets...
[19/04/2026 2:42:35 PM] [Info] Read 700 of 2378 asset file contents into memory...
[19/04/2026 2:42:35 PM] [Info] Loaded 700 of 2378 assets...
[19/04/2026 2:42:35 PM] [Info] Read 705 of 2378 asset file contents into memory...
[19/04/2026 2:42:35 PM] [Info] Loaded 705 of 2378 assets...
[19/04/2026 2:42:35 PM] [Info] Read 710 of 2378 asset file contents into memory...
[19/04/2026 2:42:35 PM] [Info] Loaded 710 of 2378 assets...
[19/04/2026 2:42:35 PM] [Info] Read 714 of 2378 asset file contents into memory...
[19/04/2026 2:42:35 PM] [Info] Loaded 714 of 2378 assets...
[19/04/2026 2:42:35 PM] [Info] Read 719 of 2378 asset file contents into memory...
[19/04/2026 2:42:35 PM] [Info] Loaded 719 of 2378 assets...
[19/04/2026 2:42:35 PM] [Info] Read 724 of 2378 asset file contents into memory...
[19/04/2026 2:42:35 PM] [Info] Loaded 724 of 2378 assets...
[19/04/2026 2:42:35 PM] [Info] Read 728 of 2378 asset file contents into memory...
[19/04/2026 2:42:35 PM] [Info] Loaded 728 of 2378 assets...
[19/04/2026 2:42:35 PM] [Info] Read 733 of 2378 asset file contents into memory...
[19/04/2026 2:42:35 PM] [Info] Loaded 733 of 2378 assets...
[19/04/2026 2:42:35 PM] [Info] Read 738 of 2378 asset file contents into memory...
[19/04/2026 2:42:35 PM] [Info] Loaded 738 of 2378 assets...
[19/04/2026 2:42:35 PM] [Info] Read 743 of 2378 asset file contents into memory...
[19/04/2026 2:42:35 PM] [Info] Loaded 743 of 2378 assets...
[19/04/2026 2:42:35 PM] [Info] Read 748 of 2378 asset file contents into memory...
[19/04/2026 2:42:35 PM] [Info] Loaded 748 of 2378 assets...
[19/04/2026 2:42:35 PM] [Info] Read 752 of 2378 asset file contents into memory...
[19/04/2026 2:42:35 PM] [Info] Loaded 752 of 2378 assets...
[19/04/2026 2:42:35 PM] [Info] Read 757 of 2378 asset file contents into memory...
[19/04/2026 2:42:35 PM] [Info] Loaded 757 of 2378 assets...
[19/04/2026 2:42:35 PM] [Info] Read 762 of 2378 asset file contents into memory...
[19/04/2026 2:42:35 PM] [Info] Loaded 762 of 2378 assets...
[19/04/2026 2:42:35 PM] [Info] Read 766 of 2378 asset file contents into memory...
[19/04/2026 2:42:35 PM] [Info] Loaded 766 of 2378 assets...
[19/04/2026 2:42:35 PM] [Info] Read 771 of 2378 asset file contents into memory...
[19/04/2026 2:42:35 PM] [Info] Loaded 771 of 2378 assets...
[19/04/2026 2:42:36 PM] [Info] Read 775 of 2378 asset file contents into memory...
[19/04/2026 2:42:36 PM] [Info] Loaded 775 of 2378 assets...
[19/04/2026 2:42:36 PM] [Info] Read 780 of 2378 asset file contents into memory...
[19/04/2026 2:42:36 PM] [Info] Loaded 780 of 2378 assets...
[19/04/2026 2:42:36 PM] [Info] Read 784 of 2378 asset file contents into memory...
[19/04/2026 2:42:36 PM] [Info] Loaded 784 of 2378 assets...
[19/04/2026 2:42:36 PM] [Info] Read 789 of 2378 asset file contents into memory...
[19/04/2026 2:42:36 PM] [Info] Loaded 789 of 2378 assets...
[19/04/2026 2:42:36 PM] [Info] Read 794 of 2378 asset file contents into memory...
[19/04/2026 2:42:36 PM] [Info] Loaded 794 of 2378 assets...
[19/04/2026 2:42:36 PM] [Info] Read 799 of 2378 asset file contents into memory...
[19/04/2026 2:42:36 PM] [Info] Loaded 799 of 2378 assets...
[19/04/2026 2:42:36 PM] [Info] Read 804 of 2378 asset file contents into memory...
[19/04/2026 2:42:36 PM] [Info] Loaded 804 of 2378 assets...
[19/04/2026 2:42:36 PM] [Info] Read 809 of 2378 asset file contents into memory...
[19/04/2026 2:42:36 PM] [Info] Loaded 809 of 2378 assets...
[19/04/2026 2:42:36 PM] [Info] Read 814 of 2378 asset file contents into memory...
[19/04/2026 2:42:36 PM] [Info] Loaded 814 of 2378 assets...
[19/04/2026 2:42:36 PM] [Info] Read 819 of 2378 asset file contents into memory...
[19/04/2026 2:42:36 PM] [Info] Loaded 819 of 2378 assets...
[19/04/2026 2:42:36 PM] [Info] Read 824 of 2378 asset file contents into memory...
[19/04/2026 2:42:36 PM] [Info] Loaded 824 of 2378 assets...
[19/04/2026 2:42:36 PM] [Info] Read 829 of 2378 asset file contents into memory...
[19/04/2026 2:42:36 PM] [Info] Loaded 829 of 2378 assets...
[19/04/2026 2:42:36 PM] [Info] Read 833 of 2378 asset file contents into memory...
[19/04/2026 2:42:36 PM] [Info] Loaded 833 of 2378 assets...
[19/04/2026 2:42:36 PM] [Info] Read 838 of 2378 asset file contents into memory...
[19/04/2026 2:42:36 PM] [Info] Loaded 838 of 2378 assets...
[19/04/2026 2:42:36 PM] [Info] Read 843 of 2378 asset file contents into memory...
[19/04/2026 2:42:36 PM] [Info] Loaded 843 of 2378 assets...
[19/04/2026 2:42:36 PM] [Info] Read 848 of 2378 asset file contents into memory...
[19/04/2026 2:42:36 PM] [Info] Loaded 848 of 2378 assets...
[19/04/2026 2:42:36 PM] [Info] Read 852 of 2378 asset file contents into memory...
[19/04/2026 2:42:36 PM] [Info] Loaded 852 of 2378 assets...
[19/04/2026 2:42:36 PM] [Info] Read 856 of 2378 asset file contents into memory...
[19/04/2026 2:42:36 PM] [Info] Loaded 856 of 2378 assets...
[19/04/2026 2:42:36 PM] [Info] Read 861 of 2378 asset file contents into memory...
[19/04/2026 2:42:36 PM] [Info] Loaded 861 of 2378 assets...
[19/04/2026 2:42:36 PM] [Info] Read 865 of 2378 asset file contents into memory...
[19/04/2026 2:42:36 PM] [Info] Loaded 865 of 2378 assets...
[19/04/2026 2:42:37 PM] [Info] Read 869 of 2378 asset file contents into memory...
[19/04/2026 2:42:37 PM] [Info] Loaded 869 of 2378 assets...
[19/04/2026 2:42:37 PM] [Info] Read 874 of 2378 asset file contents into memory...
[19/04/2026 2:42:37 PM] [Info] Loaded 874 of 2378 assets...
[19/04/2026 2:42:37 PM] [Info] Read 878 of 2378 asset file contents into memory...
[19/04/2026 2:42:37 PM] [Info] Loaded 878 of 2378 assets...
[19/04/2026 2:42:37 PM] [Info] Read 882 of 2378 asset file contents into memory...
[19/04/2026 2:42:37 PM] [Info] Loaded 882 of 2378 assets...
[19/04/2026 2:42:37 PM] [Info] Read 886 of 2378 asset file contents into memory...
[19/04/2026 2:42:37 PM] [Info] Loaded 886 of 2378 assets...
[19/04/2026 2:42:37 PM] [Info] Read 891 of 2378 asset file contents into memory...
[19/04/2026 2:42:37 PM] [Info] Loaded 891 of 2378 assets...
[19/04/2026 2:42:37 PM] [Info] Read 895 of 2378 asset file contents into memory...
[19/04/2026 2:42:37 PM] [Info] Loaded 895 of 2378 assets...
[19/04/2026 2:42:37 PM] [Info] Read 899 of 2378 asset file contents into memory...
[19/04/2026 2:42:37 PM] [Info] Loaded 899 of 2378 assets...
[19/04/2026 2:42:37 PM] [Info] Read 904 of 2378 asset file contents into memory...
[19/04/2026 2:42:37 PM] [Info] Loaded 904 of 2378 assets...
[19/04/2026 2:42:37 PM] [Info] Read 908 of 2378 asset file contents into memory...
[19/04/2026 2:42:37 PM] [Info] Loaded 908 of 2378 assets...
[19/04/2026 2:42:37 PM] [Info] Read 912 of 2378 asset file contents into memory...
[19/04/2026 2:42:37 PM] [Info] Loaded 912 of 2378 assets...
[19/04/2026 2:42:37 PM] [Info] Read 917 of 2378 asset file contents into memory...
[19/04/2026 2:42:37 PM] [Info] Loaded 917 of 2378 assets...
[19/04/2026 2:42:37 PM] [Info] Read 922 of 2378 asset file contents into memory...
[19/04/2026 2:42:37 PM] [Info] Loaded 922 of 2378 assets...
[19/04/2026 2:42:37 PM] [Info] Read 926 of 2378 asset file contents into memory...
[19/04/2026 2:42:37 PM] [Info] Loaded 926 of 2378 assets...
[19/04/2026 2:42:37 PM] [Info] Read 931 of 2378 asset file contents into memory...
[19/04/2026 2:42:37 PM] [Info] Loaded 931 of 2378 assets...
[19/04/2026 2:42:37 PM] [Info] Read 935 of 2378 asset file contents into memory...
[19/04/2026 2:42:37 PM] [Info] Loaded 935 of 2378 assets...
[19/04/2026 2:42:37 PM] [Info] Read 940 of 2378 asset file contents into memory...
[19/04/2026 2:42:37 PM] [Info] Loaded 940 of 2378 assets...
[19/04/2026 2:42:37 PM] [Info] Read 944 of 2378 asset file contents into memory...
[19/04/2026 2:42:37 PM] [Info] Loaded 944 of 2378 assets...
[19/04/2026 2:42:37 PM] [Info] Read 949 of 2378 asset file contents into memory...
[19/04/2026 2:42:37 PM] [Info] Loaded 949 of 2378 assets...
[19/04/2026 2:42:37 PM] [Info] Read 953 of 2378 asset file contents into memory...
[19/04/2026 2:42:37 PM] [Info] Loaded 953 of 2378 assets...
[19/04/2026 2:42:38 PM] [Info] Read 957 of 2378 asset file contents into memory...
[19/04/2026 2:42:38 PM] [Info] Loaded 957 of 2378 assets...
[19/04/2026 2:42:38 PM] [Info] Read 961 of 2378 asset file contents into memory...
[19/04/2026 2:42:38 PM] [Info] Loaded 961 of 2378 assets...
[19/04/2026 2:42:38 PM] [Info] Read 965 of 2378 asset file contents into memory...
[19/04/2026 2:42:38 PM] [Info] Loaded 965 of 2378 assets...
[19/04/2026 2:42:38 PM] [Info] Read 969 of 2378 asset file contents into memory...
[19/04/2026 2:42:38 PM] [Info] Loaded 969 of 2378 assets...
[19/04/2026 2:42:38 PM] [Info] Read 973 of 2378 asset file contents into memory...
[19/04/2026 2:42:38 PM] [Info] Loaded 973 of 2378 assets...
[19/04/2026 2:42:38 PM] [Info] Read 977 of 2378 asset file contents into memory...
[19/04/2026 2:42:38 PM] [Info] Loaded 977 of 2378 assets...
[19/04/2026 2:42:38 PM] [Info] Read 982 of 2378 asset file contents into memory...
[19/04/2026 2:42:38 PM] [Info] Loaded 982 of 2378 assets...
[19/04/2026 2:42:38 PM] [Info] Read 986 of 2378 asset file contents into memory...
[19/04/2026 2:42:38 PM] [Info] Loaded 986 of 2378 assets...
[19/04/2026 2:42:38 PM] [Info] Read 991 of 2378 asset file contents into memory...
[19/04/2026 2:42:38 PM] [Info] Loaded 991 of 2378 assets...
[19/04/2026 2:42:38 PM] [Info] Read 995 of 2378 asset file contents into memory...
[19/04/2026 2:42:38 PM] [Info] Loaded 995 of 2378 assets...
[19/04/2026 2:42:38 PM] [Info] Read 1000 of 2378 asset file contents into memory...
[19/04/2026 2:42:38 PM] [Info] Loaded 1000 of 2378 assets...
[19/04/2026 2:42:38 PM] [Info] Read 1004 of 2378 asset file contents into memory...
[19/04/2026 2:42:38 PM] [Info] Loaded 1004 of 2378 assets...
[19/04/2026 2:42:38 PM] [Info] Read 1009 of 2378 asset file contents into memory...
[19/04/2026 2:42:38 PM] [Info] Loaded 1009 of 2378 assets...
[19/04/2026 2:42:38 PM] [Info] Read 1013 of 2378 asset file contents into memory...
[19/04/2026 2:42:38 PM] [Info] Loaded 1013 of 2378 assets...
[19/04/2026 2:42:38 PM] [Info] Read 1019 of 2378 asset file contents into memory...
[19/04/2026 2:42:38 PM] [Info] Loaded 1019 of 2378 assets...
[19/04/2026 2:42:38 PM] [Info] Read 1023 of 2378 asset file contents into memory...
[19/04/2026 2:42:38 PM] [Info] Loaded 1023 of 2378 assets...
[19/04/2026 2:42:38 PM] [Info] Read 1028 of 2378 asset file contents into memory...
[19/04/2026 2:42:38 PM] [Info] Loaded 1028 of 2378 assets...
[19/04/2026 2:42:38 PM] [Info] Read 1032 of 2378 asset file contents into memory...
[19/04/2026 2:42:38 PM] [Info] Loaded 1032 of 2378 assets...
[19/04/2026 2:42:38 PM] [Info] Read 1038 of 2378 asset file contents into memory...
[19/04/2026 2:42:38 PM] [Info] Loaded 1038 of 2378 assets...
[19/04/2026 2:42:38 PM] [Info] Read 1043 of 2378 asset file contents into memory...
[19/04/2026 2:42:38 PM] [Info] Loaded 1043 of 2378 assets...
[19/04/2026 2:42:39 PM] [Info] Read 1048 of 2378 asset file contents into memory...
[19/04/2026 2:42:39 PM] [Info] Loaded 1048 of 2378 assets...
[19/04/2026 2:42:39 PM] [Info] Read 1054 of 2378 asset file contents into memory...
[19/04/2026 2:42:39 PM] [Info] Loaded 1054 of 2378 assets...
[19/04/2026 2:42:39 PM] [Info] Read 1059 of 2378 asset file contents into memory...
[19/04/2026 2:42:39 PM] [Info] Loaded 1059 of 2378 assets...
[19/04/2026 2:42:39 PM] [Info] Read 1064 of 2378 asset file contents into memory...
[19/04/2026 2:42:39 PM] [Info] Loaded 1064 of 2378 assets...
[19/04/2026 2:42:39 PM] [Info] Read 1070 of 2378 asset file contents into memory...
[19/04/2026 2:42:39 PM] [Info] Loaded 1070 of 2378 assets...
[19/04/2026 2:42:39 PM] [Info] Read 1075 of 2378 asset file contents into memory...
[19/04/2026 2:42:39 PM] [Info] Loaded 1075 of 2378 assets...
[19/04/2026 2:42:39 PM] [Info] Read 1080 of 2378 asset file contents into memory...
[19/04/2026 2:42:39 PM] [Info] Loaded 1080 of 2378 assets...
[19/04/2026 2:42:39 PM] [Info] Read 1085 of 2378 asset file contents into memory...
[19/04/2026 2:42:39 PM] [Info] Loaded 1085 of 2378 assets...
[19/04/2026 2:42:39 PM] [Info] Read 1090 of 2378 asset file contents into memory...
[19/04/2026 2:42:39 PM] [Info] Loaded 1090 of 2378 assets...
[19/04/2026 2:42:39 PM] [Info] Read 1095 of 2378 asset file contents into memory...
[19/04/2026 2:42:39 PM] [Info] Loaded 1095 of 2378 assets...
[19/04/2026 2:42:39 PM] [Info] Read 1100 of 2378 asset file contents into memory...
[19/04/2026 2:42:39 PM] [Info] Loaded 1100 of 2378 assets...
[19/04/2026 2:42:39 PM] [Info] Read 1105 of 2378 asset file contents into memory...
[19/04/2026 2:42:39 PM] [Info] Loaded 1105 of 2378 assets...
[19/04/2026 2:42:39 PM] [Info] Read 1111 of 2378 asset file contents into memory...
[19/04/2026 2:42:39 PM] [Info] Loaded 1111 of 2378 assets...
[19/04/2026 2:42:39 PM] [Info] Read 1116 of 2378 asset file contents into memory...
[19/04/2026 2:42:39 PM] [Info] Loaded 1116 of 2378 assets...
[19/04/2026 2:42:39 PM] [Info] Read 1121 of 2378 asset file contents into memory...
[19/04/2026 2:42:39 PM] [Info] Loaded 1121 of 2378 assets...
[19/04/2026 2:42:39 PM] [Info] Read 1126 of 2378 asset file contents into memory...
[19/04/2026 2:42:39 PM] [Info] Loaded 1126 of 2378 assets...
[19/04/2026 2:42:39 PM] [Info] Read 1132 of 2378 asset file contents into memory...
[19/04/2026 2:42:39 PM] [Info] Loaded 1132 of 2378 assets...
[19/04/2026 2:42:39 PM] [Info] Read 1137 of 2378 asset file contents into memory...
[19/04/2026 2:42:39 PM] [Info] Loaded 1137 of 2378 assets...
[19/04/2026 2:42:39 PM] [Info] Read 1143 of 2378 asset file contents into memory...
[19/04/2026 2:42:39 PM] [Info] Loaded 1143 of 2378 assets...
[19/04/2026 2:42:39 PM] [Info] Read 1148 of 2378 asset file contents into memory...
[19/04/2026 2:42:39 PM] [Info] Loaded 1148 of 2378 assets...
[19/04/2026 2:42:40 PM] [Info] Read 1153 of 2378 asset file contents into memory...
[19/04/2026 2:42:40 PM] [Info] Loaded 1153 of 2378 assets...
[19/04/2026 2:42:40 PM] [Info] Read 1158 of 2378 asset file contents into memory...
[19/04/2026 2:42:40 PM] [Info] Loaded 1158 of 2378 assets...
[19/04/2026 2:42:40 PM] [Info] Read 1164 of 2378 asset file contents into memory...
[19/04/2026 2:42:40 PM] [Info] Loaded 1164 of 2378 assets...
[19/04/2026 2:42:40 PM] [Info] Read 1169 of 2378 asset file contents into memory...
[19/04/2026 2:42:40 PM] [Info] Loaded 1169 of 2378 assets...
[19/04/2026 2:42:40 PM] [Info] Read 1174 of 2378 asset file contents into memory...
[19/04/2026 2:42:40 PM] [Info] Loaded 1174 of 2378 assets...
[19/04/2026 2:42:40 PM] [Info] Read 1180 of 2378 asset file contents into memory...
[19/04/2026 2:42:40 PM] [Info] Loaded 1180 of 2378 assets...
[19/04/2026 2:42:40 PM] [Info] Read 1185 of 2378 asset file contents into memory...
[19/04/2026 2:42:40 PM] [Info] Loaded 1185 of 2378 assets...
[19/04/2026 2:42:40 PM] [Info] Read 1190 of 2378 asset file contents into memory...
[19/04/2026 2:42:40 PM] [Info] Loaded 1190 of 2378 assets...
[19/04/2026 2:42:40 PM] [Info] Read 1195 of 2378 asset file contents into memory...
[19/04/2026 2:42:40 PM] [Info] Loaded 1195 of 2378 assets...
[19/04/2026 2:42:40 PM] [Info] Read 1201 of 2378 asset file contents into memory...
[19/04/2026 2:42:40 PM] [Info] Loaded 1201 of 2378 assets...
[19/04/2026 2:42:40 PM] [Info] Read 1206 of 2378 asset file contents into memory...
[19/04/2026 2:42:40 PM] [Info] Loaded 1206 of 2378 assets...
[19/04/2026 2:42:40 PM] [Info] Read 1211 of 2378 asset file contents into memory...
[19/04/2026 2:42:40 PM] [Info] Loaded 1211 of 2378 assets...
[19/04/2026 2:42:40 PM] [Info] Read 1216 of 2378 asset file contents into memory...
[19/04/2026 2:42:40 PM] [Info] Loaded 1216 of 2378 assets...
[19/04/2026 2:42:40 PM] [Info] Read 1221 of 2378 asset file contents into memory...
[19/04/2026 2:42:40 PM] [Info] Loaded 1221 of 2378 assets...
[19/04/2026 2:42:40 PM] [Info] Read 1226 of 2378 asset file contents into memory...
[19/04/2026 2:42:40 PM] [Info] Loaded 1226 of 2378 assets...
[19/04/2026 2:42:40 PM] [Info] Read 1231 of 2378 asset file contents into memory...
[19/04/2026 2:42:40 PM] [Info] Loaded 1231 of 2378 assets...
[19/04/2026 2:42:40 PM] [Info] Read 1236 of 2378 asset file contents into memory...
[19/04/2026 2:42:40 PM] [Info] Loaded 1236 of 2378 assets...
[19/04/2026 2:42:40 PM] [Info] Read 1241 of 2378 asset file contents into memory...
[19/04/2026 2:42:40 PM] [Info] Loaded 1241 of 2378 assets...
[19/04/2026 2:42:40 PM] [Info] Read 1246 of 2378 asset file contents into memory...
[19/04/2026 2:42:40 PM] [Info] Loaded 1246 of 2378 assets...
[19/04/2026 2:42:40 PM] [Info] Read 1252 of 2378 asset file contents into memory...
[19/04/2026 2:42:40 PM] [Info] Loaded 1252 of 2378 assets...
[19/04/2026 2:42:41 PM] [Info] Read 1257 of 2378 asset file contents into memory...
[19/04/2026 2:42:41 PM] [Info] Loaded 1257 of 2378 assets...
[19/04/2026 2:42:41 PM] [Info] Read 1262 of 2378 asset file contents into memory...
[19/04/2026 2:42:41 PM] [Info] Loaded 1262 of 2378 assets...
[19/04/2026 2:42:41 PM] [Info] Read 1268 of 2378 asset file contents into memory...
[19/04/2026 2:42:41 PM] [Info] Loaded 1268 of 2378 assets...
[19/04/2026 2:42:41 PM] [Info] Read 1273 of 2378 asset file contents into memory...
[19/04/2026 2:42:41 PM] [Info] Loaded 1273 of 2378 assets...
[19/04/2026 2:42:41 PM] [Info] Read 1279 of 2378 asset file contents into memory...
[19/04/2026 2:42:41 PM] [Info] Loaded 1279 of 2378 assets...
[19/04/2026 2:42:41 PM] [Info] Read 1284 of 2378 asset file contents into memory...
[19/04/2026 2:42:41 PM] [Info] Loaded 1284 of 2378 assets...
[19/04/2026 2:42:41 PM] [Info] Read 1289 of 2378 asset file contents into memory...
[19/04/2026 2:42:41 PM] [Info] Loaded 1289 of 2378 assets...
[19/04/2026 2:42:41 PM] [Info] Read 1295 of 2378 asset file contents into memory...
[19/04/2026 2:42:41 PM] [Info] Loaded 1295 of 2378 assets...
[19/04/2026 2:42:41 PM] [Info] Read 1300 of 2378 asset file contents into memory...
[19/04/2026 2:42:41 PM] [Info] Loaded 1300 of 2378 assets...
[19/04/2026 2:42:41 PM] [Info] Read 1305 of 2378 asset file contents into memory...
[19/04/2026 2:42:41 PM] [Info] Loaded 1305 of 2378 assets...
[19/04/2026 2:42:41 PM] [Info] Read 1310 of 2378 asset file contents into memory...
[19/04/2026 2:42:41 PM] [Info] Loaded 1310 of 2378 assets...
[19/04/2026 2:42:41 PM] [Info] Read 1316 of 2378 asset file contents into memory...
[19/04/2026 2:42:41 PM] [Info] Loaded 1316 of 2378 assets...
[19/04/2026 2:42:41 PM] [Info] Read 1321 of 2378 asset file contents into memory...
[19/04/2026 2:42:41 PM] [Info] Loaded 1321 of 2378 assets...
[19/04/2026 2:42:41 PM] [Info] Read 1326 of 2378 asset file contents into memory...
[19/04/2026 2:42:41 PM] [Info] Loaded 1326 of 2378 assets...
[19/04/2026 2:42:41 PM] [Info] Read 1332 of 2378 asset file contents into memory...
[19/04/2026 2:42:41 PM] [Info] Loaded 1332 of 2378 assets...
[19/04/2026 2:42:41 PM] [Info] Read 1337 of 2378 asset file contents into memory...
[19/04/2026 2:42:41 PM] [Info] Loaded 1337 of 2378 assets...
[19/04/2026 2:42:41 PM] [Info] Read 1342 of 2378 asset file contents into memory...
[19/04/2026 2:42:41 PM] [Info] Loaded 1342 of 2378 assets...
[19/04/2026 2:42:41 PM] [Info] Read 1348 of 2378 asset file contents into memory...
[19/04/2026 2:42:41 PM] [Info] Loaded 1348 of 2378 assets...
[19/04/2026 2:42:41 PM] [Info] Read 1353 of 2378 asset file contents into memory...
[19/04/2026 2:42:41 PM] [Info] Loaded 1353 of 2378 assets...
[19/04/2026 2:42:41 PM] [Info] Read 1358 of 2378 asset file contents into memory...
[19/04/2026 2:42:41 PM] [Info] Loaded 1358 of 2378 assets...
[19/04/2026 2:42:42 PM] [Info] Read 1363 of 2378 asset file contents into memory...
[19/04/2026 2:42:42 PM] [Info] Loaded 1363 of 2378 assets...
[19/04/2026 2:42:42 PM] [Info] Read 1369 of 2378 asset file contents into memory...
[19/04/2026 2:42:42 PM] [Info] Loaded 1369 of 2378 assets...
[19/04/2026 2:42:42 PM] [Info] Read 1374 of 2378 asset file contents into memory...
[19/04/2026 2:42:42 PM] [Info] Loaded 1374 of 2378 assets...
[19/04/2026 2:42:42 PM] [Info] Read 1379 of 2378 asset file contents into memory...
[19/04/2026 2:42:42 PM] [Info] Loaded 1379 of 2378 assets...
[19/04/2026 2:42:42 PM] [Info] Read 1385 of 2378 asset file contents into memory...
[19/04/2026 2:42:42 PM] [Info] Loaded 1385 of 2378 assets...
[19/04/2026 2:42:42 PM] [Info] Read 1390 of 2378 asset file contents into memory...
[19/04/2026 2:42:42 PM] [Info] Loaded 1390 of 2378 assets...
[19/04/2026 2:42:42 PM] [Info] Read 1395 of 2378 asset file contents into memory...
[19/04/2026 2:42:42 PM] [Info] Loaded 1395 of 2378 assets...
[19/04/2026 2:42:42 PM] [Info] Read 1401 of 2378 asset file contents into memory...
[19/04/2026 2:42:42 PM] [Info] Loaded 1401 of 2378 assets...
[19/04/2026 2:42:42 PM] [Info] Read 1406 of 2378 asset file contents into memory...
[19/04/2026 2:42:42 PM] [Info] Loaded 1406 of 2378 assets...
[19/04/2026 2:42:42 PM] [Info] Read 1411 of 2378 asset file contents into memory...
[19/04/2026 2:42:42 PM] [Info] Loaded 1411 of 2378 assets...
[19/04/2026 2:42:42 PM] [Info] Read 1416 of 2378 asset file contents into memory...
[19/04/2026 2:42:42 PM] [Info] Loaded 1416 of 2378 assets...
[19/04/2026 2:42:42 PM] [Info] Read 1422 of 2378 asset file contents into memory...
[19/04/2026 2:42:42 PM] [Info] Loaded 1422 of 2378 assets...
[19/04/2026 2:42:42 PM] [Info] Read 1427 of 2378 asset file contents into memory...
[19/04/2026 2:42:42 PM] [Info] Loaded 1427 of 2378 assets...
[19/04/2026 2:42:42 PM] [Info] Read 1432 of 2378 asset file contents into memory...
[19/04/2026 2:42:42 PM] [Info] Loaded 1432 of 2378 assets...
[19/04/2026 2:42:42 PM] [Info] Read 1437 of 2378 asset file contents into memory...
[19/04/2026 2:42:42 PM] [Info] Loaded 1437 of 2378 assets...
[19/04/2026 2:42:42 PM] [Info] Read 1442 of 2378 asset file contents into memory...
[19/04/2026 2:42:42 PM] [Info] Loaded 1442 of 2378 assets...
[19/04/2026 2:42:42 PM] [Info] Read 1448 of 2378 asset file contents into memory...
[19/04/2026 2:42:42 PM] [Info] Loaded 1448 of 2378 assets...
[19/04/2026 2:42:42 PM] [Info] Read 1453 of 2378 asset file contents into memory...
[19/04/2026 2:42:42 PM] [Info] Loaded 1453 of 2378 assets...
[19/04/2026 2:42:42 PM] [Info] Read 1458 of 2378 asset file contents into memory...
[19/04/2026 2:42:42 PM] [Info] Loaded 1458 of 2378 assets...
[19/04/2026 2:42:42 PM] [Info] Read 1463 of 2378 asset file contents into memory...
[19/04/2026 2:42:42 PM] [Info] Loaded 1463 of 2378 assets...
[19/04/2026 2:42:43 PM] [Info] Read 1468 of 2378 asset file contents into memory...
[19/04/2026 2:42:43 PM] [Info] Loaded 1468 of 2378 assets...
[19/04/2026 2:42:43 PM] [Info] Read 1472 of 2378 asset file contents into memory...
[19/04/2026 2:42:43 PM] [Info] Loaded 1472 of 2378 assets...
[19/04/2026 2:42:43 PM] [Info] Read 1477 of 2378 asset file contents into memory...
[19/04/2026 2:42:43 PM] [Info] Loaded 1477 of 2378 assets...
[19/04/2026 2:42:43 PM] [Info] Read 1482 of 2378 asset file contents into memory...
[19/04/2026 2:42:43 PM] [Info] Loaded 1482 of 2378 assets...
[19/04/2026 2:42:43 PM] [Info] Read 1487 of 2378 asset file contents into memory...
[19/04/2026 2:42:43 PM] [Info] Loaded 1487 of 2378 assets...
[19/04/2026 2:42:43 PM] [Info] Read 1492 of 2378 asset file contents into memory...
[19/04/2026 2:42:43 PM] [Info] Loaded 1492 of 2378 assets...
[19/04/2026 2:42:43 PM] [Info] Read 1498 of 2378 asset file contents into memory...
[19/04/2026 2:42:43 PM] [Info] Loaded 1498 of 2378 assets...
[19/04/2026 2:42:43 PM] [Info] Read 1503 of 2378 asset file contents into memory...
[19/04/2026 2:42:43 PM] [Info] Loaded 1503 of 2378 assets...
[19/04/2026 2:42:43 PM] [Info] Read 1508 of 2378 asset file contents into memory...
[19/04/2026 2:42:43 PM] [Info] Loaded 1508 of 2378 assets...
[19/04/2026 2:42:43 PM] [Info] Read 1513 of 2378 asset file contents into memory...
[19/04/2026 2:42:43 PM] [Info] Loaded 1513 of 2378 assets...
[19/04/2026 2:42:43 PM] [Info] Read 1518 of 2378 asset file contents into memory...
[19/04/2026 2:42:43 PM] [Info] Loaded 1518 of 2378 assets...
[19/04/2026 2:42:43 PM] [Info] Read 1523 of 2378 asset file contents into memory...
[19/04/2026 2:42:43 PM] [Info] Loaded 1523 of 2378 assets...
[19/04/2026 2:42:43 PM] [Info] Read 1528 of 2378 asset file contents into memory...
[19/04/2026 2:42:43 PM] [Info] Loaded 1528 of 2378 assets...
[19/04/2026 2:42:43 PM] [Info] Read 1533 of 2378 asset file contents into memory...
[19/04/2026 2:42:43 PM] [Info] Loaded 1533 of 2378 assets...
[19/04/2026 2:42:43 PM] [Info] Read 1538 of 2378 asset file contents into memory...
[19/04/2026 2:42:43 PM] [Info] Loaded 1538 of 2378 assets...
[19/04/2026 2:42:43 PM] [Info] Read 1543 of 2378 asset file contents into memory...
[19/04/2026 2:42:43 PM] [Info] Loaded 1543 of 2378 assets...
[19/04/2026 2:42:43 PM] [Info] Read 1548 of 2378 asset file contents into memory...
[19/04/2026 2:42:43 PM] [Info] Loaded 1548 of 2378 assets...
[19/04/2026 2:42:43 PM] [Info] Read 1553 of 2378 asset file contents into memory...
[19/04/2026 2:42:43 PM] [Info] Loaded 1553 of 2378 assets...
[19/04/2026 2:42:43 PM] [Info] Read 1557 of 2378 asset file contents into memory...
[19/04/2026 2:42:43 PM] [Info] Loaded 1557 of 2378 assets...
[19/04/2026 2:42:43 PM] [Info] Read 1562 of 2378 asset file contents into memory...
[19/04/2026 2:42:43 PM] [Info] Loaded 1562 of 2378 assets...
[19/04/2026 2:42:44 PM] [Info] Read 1567 of 2378 asset file contents into memory...
[19/04/2026 2:42:44 PM] [Info] Loaded 1567 of 2378 assets...
[19/04/2026 2:42:44 PM] [Info] Read 1571 of 2378 asset file contents into memory...
[19/04/2026 2:42:44 PM] [Info] Loaded 1571 of 2378 assets...
[19/04/2026 2:42:44 PM] [Info] Read 1576 of 2378 asset file contents into memory...
[19/04/2026 2:42:44 PM] [Info] Loaded 1576 of 2378 assets...
[19/04/2026 2:42:44 PM] [Info] Read 1581 of 2378 asset file contents into memory...
[19/04/2026 2:42:44 PM] [Info] Loaded 1581 of 2378 assets...
[19/04/2026 2:42:44 PM] [Info] Read 1586 of 2378 asset file contents into memory...
[19/04/2026 2:42:44 PM] [Info] Loaded 1586 of 2378 assets...
[19/04/2026 2:42:44 PM] [Info] Read 1592 of 2378 asset file contents into memory...
[19/04/2026 2:42:44 PM] [Info] Loaded 1592 of 2378 assets...
[19/04/2026 2:42:44 PM] [Info] Read 1597 of 2378 asset file contents into memory...
[19/04/2026 2:42:44 PM] [Info] Loaded 1597 of 2378 assets...
[19/04/2026 2:42:44 PM] [Info] Read 1602 of 2378 asset file contents into memory...
[19/04/2026 2:42:44 PM] [Info] Loaded 1602 of 2378 assets...
[19/04/2026 2:42:44 PM] [Info] Read 1607 of 2378 asset file contents into memory...
[19/04/2026 2:42:44 PM] [Info] Loaded 1607 of 2378 assets...
[19/04/2026 2:42:44 PM] [Info] Read 1612 of 2378 asset file contents into memory...
[19/04/2026 2:42:44 PM] [Info] Loaded 1612 of 2378 assets...
[19/04/2026 2:42:44 PM] [Info] Read 1618 of 2378 asset file contents into memory...
[19/04/2026 2:42:44 PM] [Info] Loaded 1618 of 2378 assets...
[19/04/2026 2:42:44 PM] [Info] Read 1623 of 2378 asset file contents into memory...
[19/04/2026 2:42:44 PM] [Info] Loaded 1623 of 2378 assets...
[19/04/2026 2:42:44 PM] [Info] Read 1628 of 2378 asset file contents into memory...
[19/04/2026 2:42:44 PM] [Info] Loaded 1628 of 2378 assets...
[19/04/2026 2:42:44 PM] [Info] Read 1633 of 2378 asset file contents into memory...
[19/04/2026 2:42:44 PM] [Info] Loaded 1633 of 2378 assets...
[19/04/2026 2:42:44 PM] [Info] Read 1638 of 2378 asset file contents into memory...
[19/04/2026 2:42:44 PM] [Info] Loaded 1638 of 2378 assets...
[19/04/2026 2:42:44 PM] [Info] Read 1643 of 2378 asset file contents into memory...
[19/04/2026 2:42:44 PM] [Info] Loaded 1643 of 2378 assets...
[19/04/2026 2:42:44 PM] [Info] Read 1648 of 2378 asset file contents into memory...
[19/04/2026 2:42:44 PM] [Info] Loaded 1648 of 2378 assets...
[19/04/2026 2:42:44 PM] [Info] Read 1654 of 2378 asset file contents into memory...
[19/04/2026 2:42:44 PM] [Info] Loaded 1654 of 2378 assets...
[19/04/2026 2:42:44 PM] [Info] Read 1659 of 2378 asset file contents into memory...
[19/04/2026 2:42:44 PM] [Info] Loaded 1659 of 2378 assets...
[19/04/2026 2:42:44 PM] [Info] Read 1664 of 2378 asset file contents into memory...
[19/04/2026 2:42:44 PM] [Info] Loaded 1664 of 2378 assets...
[19/04/2026 2:42:45 PM] [Info] Read 1669 of 2378 asset file contents into memory...
[19/04/2026 2:42:45 PM] [Info] Loaded 1669 of 2378 assets...
[19/04/2026 2:42:45 PM] [Info] Read 1674 of 2378 asset file contents into memory...
[19/04/2026 2:42:45 PM] [Info] Loaded 1674 of 2378 assets...
[19/04/2026 2:42:45 PM] [Info] Read 1679 of 2378 asset file contents into memory...
[19/04/2026 2:42:45 PM] [Info] Loaded 1679 of 2378 assets...
[19/04/2026 2:42:45 PM] [Info] Read 1685 of 2378 asset file contents into memory...
[19/04/2026 2:42:45 PM] [Info] Loaded 1685 of 2378 assets...
[19/04/2026 2:42:45 PM] [Info] Read 1689 of 2378 asset file contents into memory...
[19/04/2026 2:42:45 PM] [Info] Loaded 1689 of 2378 assets...
[19/04/2026 2:42:45 PM] [Info] Read 1695 of 2378 asset file contents into memory...
[19/04/2026 2:42:45 PM] [Info] Loaded 1695 of 2378 assets...
[19/04/2026 2:42:45 PM] [Info] Read 1700 of 2378 asset file contents into memory...
[19/04/2026 2:42:45 PM] [Info] Loaded 1700 of 2378 assets...
[19/04/2026 2:42:45 PM] [Info] Read 1705 of 2378 asset file contents into memory...
[19/04/2026 2:42:45 PM] [Info] Loaded 1705 of 2378 assets...
[19/04/2026 2:42:45 PM] [Info] Read 1710 of 2378 asset file contents into memory...
[19/04/2026 2:42:45 PM] [Info] Loaded 1710 of 2378 assets...
[19/04/2026 2:42:45 PM] [Info] Read 1715 of 2378 asset file contents into memory...
[19/04/2026 2:42:45 PM] [Info] Loaded 1715 of 2378 assets...
[19/04/2026 2:42:45 PM] [Info] Read 1720 of 2378 asset file contents into memory...
[19/04/2026 2:42:45 PM] [Info] Loaded 1720 of 2378 assets...
[19/04/2026 2:42:45 PM] [Info] Read 1725 of 2378 asset file contents into memory...
[19/04/2026 2:42:45 PM] [Info] Loaded 1725 of 2378 assets...
[19/04/2026 2:42:45 PM] [Info] Read 1731 of 2378 asset file contents into memory...
[19/04/2026 2:42:45 PM] [Info] Loaded 1731 of 2378 assets...
[19/04/2026 2:42:45 PM] [Info] Read 1736 of 2378 asset file contents into memory...
[19/04/2026 2:42:45 PM] [Info] Loaded 1736 of 2378 assets...
[19/04/2026 2:42:45 PM] [Info] Read 1741 of 2378 asset file contents into memory...
[19/04/2026 2:42:45 PM] [Info] Loaded 1741 of 2378 assets...
[19/04/2026 2:42:45 PM] [Info] Read 1747 of 2378 asset file contents into memory...
[19/04/2026 2:42:45 PM] [Info] Loaded 1747 of 2378 assets...
[19/04/2026 2:42:45 PM] [Info] Read 1752 of 2378 asset file contents into memory...
[19/04/2026 2:42:45 PM] [Info] Loaded 1752 of 2378 assets...
[19/04/2026 2:42:45 PM] [Info] Read 1760 of 2378 asset file contents into memory...
[19/04/2026 2:42:45 PM] [Info] Loaded 1760 of 2378 assets...
[19/04/2026 2:42:46 PM] [Info] Read 1771 of 2378 asset file contents into memory...
[19/04/2026 2:42:46 PM] [Info] Loaded 1771 of 2378 assets...
[19/04/2026 2:42:46 PM] [Info] Read 1781 of 2378 asset file contents into memory...
[19/04/2026 2:42:46 PM] [Info] Loaded 1781 of 2378 assets...
[19/04/2026 2:42:46 PM] [Info] Read 1792 of 2378 asset file contents into memory...
[19/04/2026 2:42:46 PM] [Info] Loaded 1792 of 2378 assets...
[19/04/2026 2:42:46 PM] [Info] Read 1802 of 2378 asset file contents into memory...
[19/04/2026 2:42:46 PM] [Info] Loaded 1802 of 2378 assets...
[19/04/2026 2:42:46 PM] [Info] Read 1813 of 2378 asset file contents into memory...
[19/04/2026 2:42:46 PM] [Info] Loaded 1813 of 2378 assets...
[19/04/2026 2:42:46 PM] [Info] Read 1823 of 2378 asset file contents into memory...
[19/04/2026 2:42:46 PM] [Info] Loaded 1823 of 2378 assets...
[19/04/2026 2:42:46 PM] [Info] Read 1833 of 2378 asset file contents into memory...
[19/04/2026 2:42:46 PM] [Info] Loaded 1833 of 2378 assets...
[19/04/2026 2:42:46 PM] [Info] Read 1843 of 2378 asset file contents into memory...
[19/04/2026 2:42:46 PM] [Info] Loaded 1843 of 2378 assets...
[19/04/2026 2:42:46 PM] [Info] Read 1852 of 2378 asset file contents into memory...
[19/04/2026 2:42:46 PM] [Info] Loaded 1852 of 2378 assets...
[19/04/2026 2:42:46 PM] [Info] Read 1862 of 2378 asset file contents into memory...
[19/04/2026 2:42:46 PM] [Info] Loaded 1862 of 2378 assets...
[19/04/2026 2:42:46 PM] [Info] Read 1872 of 2378 asset file contents into memory...
[19/04/2026 2:42:46 PM] [Info] Loaded 1872 of 2378 assets...
[19/04/2026 2:42:46 PM] [Info] Read 1881 of 2378 asset file contents into memory...
[19/04/2026 2:42:46 PM] [Info] Loaded 1881 of 2378 assets...
[19/04/2026 2:42:46 PM] [Info] Read 1889 of 2378 asset file contents into memory...
[19/04/2026 2:42:46 PM] [Info] Loaded 1889 of 2378 assets...
[19/04/2026 2:42:46 PM] [Info] Read 1894 of 2378 asset file contents into memory...
[19/04/2026 2:42:46 PM] [Info] Loaded 1894 of 2378 assets...
[19/04/2026 2:42:46 PM] [Info] Read 1900 of 2378 asset file contents into memory...
[19/04/2026 2:42:46 PM] [Info] Loaded 1900 of 2378 assets...
[19/04/2026 2:42:46 PM] [Info] Read 1905 of 2378 asset file contents into memory...
[19/04/2026 2:42:46 PM] [Info] Loaded 1905 of 2378 assets...
[19/04/2026 2:42:46 PM] [Info] Read 1910 of 2378 asset file contents into memory...
[19/04/2026 2:42:46 PM] [Info] Loaded 1910 of 2378 assets...
[19/04/2026 2:42:46 PM] [Info] Read 1915 of 2378 asset file contents into memory...
[19/04/2026 2:42:46 PM] [Info] Loaded 1915 of 2378 assets...
[19/04/2026 2:42:46 PM] [Info] Read 1921 of 2378 asset file contents into memory...
[19/04/2026 2:42:46 PM] [Info] Loaded 1921 of 2378 assets...
[19/04/2026 2:42:46 PM] [Info] Read 1926 of 2378 asset file contents into memory...
[19/04/2026 2:42:46 PM] [Info] Loaded 1926 of 2378 assets...
[19/04/2026 2:42:47 PM] [Info] Read 1932 of 2378 asset file contents into memory...
[19/04/2026 2:42:47 PM] [Info] Loaded 1932 of 2378 assets...
[19/04/2026 2:42:47 PM] [Info] Read 1937 of 2378 asset file contents into memory...
[19/04/2026 2:42:47 PM] [Info] Loaded 1937 of 2378 assets...
[19/04/2026 2:42:47 PM] [Info] Read 1942 of 2378 asset file contents into memory...
[19/04/2026 2:42:47 PM] [Info] Loaded 1942 of 2378 assets...
[19/04/2026 2:42:47 PM] [Info] Read 1947 of 2378 asset file contents into memory...
[19/04/2026 2:42:47 PM] [Info] Loaded 1947 of 2378 assets...
[19/04/2026 2:42:47 PM] [Info] Read 1952 of 2378 asset file contents into memory...
[19/04/2026 2:42:47 PM] [Info] Loaded 1952 of 2378 assets...
[19/04/2026 2:42:47 PM] [Info] Read 1956 of 2378 asset file contents into memory...
[19/04/2026 2:42:47 PM] [Info] Loaded 1956 of 2378 assets...
[19/04/2026 2:42:47 PM] [Info] Read 1960 of 2378 asset file contents into memory...
[19/04/2026 2:42:47 PM] [Info] Loaded 1960 of 2378 assets...
[19/04/2026 2:42:47 PM] [Info] Read 1964 of 2378 asset file contents into memory...
[19/04/2026 2:42:47 PM] [Info] Loaded 1964 of 2378 assets...
[19/04/2026 2:42:47 PM] [Info] Read 1968 of 2378 asset file contents into memory...
[19/04/2026 2:42:47 PM] [Info] Loaded 1968 of 2378 assets...
[19/04/2026 2:42:47 PM] [Info] Read 1972 of 2378 asset file contents into memory...
[19/04/2026 2:42:47 PM] [Info] Loaded 1972 of 2378 assets...
[19/04/2026 2:42:47 PM] [Info] Read 1976 of 2378 asset file contents into memory...
[19/04/2026 2:42:47 PM] [Info] Loaded 1976 of 2378 assets...
[19/04/2026 2:42:47 PM] [Info] Read 1980 of 2378 asset file contents into memory...
[19/04/2026 2:42:47 PM] [Info] Loaded 1980 of 2378 assets...
[19/04/2026 2:42:47 PM] [Info] Read 1984 of 2378 asset file contents into memory...
[19/04/2026 2:42:47 PM] [Info] Loaded 1984 of 2378 assets...
[19/04/2026 2:42:47 PM] [Info] Read 1989 of 2378 asset file contents into memory...
[19/04/2026 2:42:47 PM] [Info] Loaded 1989 of 2378 assets...
[19/04/2026 2:42:47 PM] [Info] Read 1994 of 2378 asset file contents into memory...
[19/04/2026 2:42:47 PM] [Info] Loaded 1994 of 2378 assets...
[19/04/2026 2:42:47 PM] [Info] Read 1998 of 2378 asset file contents into memory...
[19/04/2026 2:42:47 PM] [Info] Loaded 1998 of 2378 assets...
[19/04/2026 2:42:47 PM] [Info] Read 2003 of 2378 asset file contents into memory...
[19/04/2026 2:42:47 PM] [Info] Loaded 2003 of 2378 assets...
[19/04/2026 2:42:47 PM] [Info] Read 2008 of 2378 asset file contents into memory...
[19/04/2026 2:42:47 PM] [Info] Loaded 2008 of 2378 assets...
[19/04/2026 2:42:47 PM] [Info] Read 2012 of 2378 asset file contents into memory...
[19/04/2026 2:42:47 PM] [Info] Loaded 2012 of 2378 assets...
[19/04/2026 2:42:47 PM] [Info] Read 2018 of 2378 asset file contents into memory...
[19/04/2026 2:42:47 PM] [Info] Loaded 2018 of 2378 assets...
[19/04/2026 2:42:48 PM] [Info] Read 2023 of 2378 asset file contents into memory...
[19/04/2026 2:42:48 PM] [Info] Loaded 2023 of 2378 assets...
[19/04/2026 2:42:48 PM] [Info] Read 2028 of 2378 asset file contents into memory...
[19/04/2026 2:42:48 PM] [Info] Loaded 2028 of 2378 assets...
[19/04/2026 2:42:48 PM] [Info] Read 2033 of 2378 asset file contents into memory...
[19/04/2026 2:42:48 PM] [Info] Loaded 2033 of 2378 assets...
[19/04/2026 2:42:48 PM] [Info] Read 2038 of 2378 asset file contents into memory...
[19/04/2026 2:42:48 PM] [Info] Loaded 2038 of 2378 assets...
[19/04/2026 2:42:48 PM] [Info] Read 2043 of 2378 asset file contents into memory...
[19/04/2026 2:42:48 PM] [Info] Loaded 2043 of 2378 assets...
[19/04/2026 2:42:48 PM] [Info] Read 2048 of 2378 asset file contents into memory...
[19/04/2026 2:42:48 PM] [Info] Loaded 2048 of 2378 assets...
[19/04/2026 2:42:48 PM] [Info] Read 2052 of 2378 asset file contents into memory...
[19/04/2026 2:42:48 PM] [Info] Loaded 2052 of 2378 assets...
[19/04/2026 2:42:48 PM] [Info] Read 2057 of 2378 asset file contents into memory...
[19/04/2026 2:42:48 PM] [Info] Loaded 2057 of 2378 assets...
[19/04/2026 2:42:48 PM] [Info] Read 2062 of 2378 asset file contents into memory...
[19/04/2026 2:42:48 PM] [Info] Loaded 2062 of 2378 assets...
[19/04/2026 2:42:48 PM] [Info] Read 2067 of 2378 asset file contents into memory...
[19/04/2026 2:42:48 PM] [Info] Loaded 2067 of 2378 assets...
[19/04/2026 2:42:48 PM] [Info] Read 2072 of 2378 asset file contents into memory...
[19/04/2026 2:42:48 PM] [Info] Loaded 2072 of 2378 assets...
[19/04/2026 2:42:48 PM] [Info] Read 2077 of 2378 asset file contents into memory...
[19/04/2026 2:42:48 PM] [Info] Loaded 2077 of 2378 assets...
[19/04/2026 2:42:48 PM] [Info] Read 2082 of 2378 asset file contents into memory...
[19/04/2026 2:42:48 PM] [Info] Loaded 2082 of 2378 assets...
[19/04/2026 2:42:48 PM] [Info] Read 2086 of 2378 asset file contents into memory...
[19/04/2026 2:42:48 PM] [Info] Loaded 2086 of 2378 assets...
[19/04/2026 2:42:48 PM] [Info] Read 2091 of 2378 asset file contents into memory...
[19/04/2026 2:42:48 PM] [Info] Loaded 2091 of 2378 assets...
[19/04/2026 2:42:48 PM] [Info] Read 2096 of 2378 asset file contents into memory...
[19/04/2026 2:42:48 PM] [Info] Loaded 2096 of 2378 assets...
[19/04/2026 2:42:48 PM] [Info] Read 2101 of 2378 asset file contents into memory...
[19/04/2026 2:42:48 PM] [Info] Loaded 2101 of 2378 assets...
[19/04/2026 2:42:48 PM] [Info] Read 2106 of 2378 asset file contents into memory...
[19/04/2026 2:42:48 PM] [Info] Loaded 2106 of 2378 assets...
[19/04/2026 2:42:48 PM] [Info] Read 2111 of 2378 asset file contents into memory...
[19/04/2026 2:42:48 PM] [Info] Loaded 2111 of 2378 assets...
[19/04/2026 2:42:48 PM] [Info] Read 2116 of 2378 asset file contents into memory...
[19/04/2026 2:42:48 PM] [Info] Loaded 2116 of 2378 assets...
[19/04/2026 2:42:49 PM] [Info] Read 2121 of 2378 asset file contents into memory...
[19/04/2026 2:42:49 PM] [Info] Loaded 2121 of 2378 assets...
[19/04/2026 2:42:49 PM] [Info] Read 2124 of 2378 asset file contents into memory...
[19/04/2026 2:42:49 PM] [Info] Loaded 2124 of 2378 assets...
[19/04/2026 2:42:49 PM] [Info] Read 2128 of 2378 asset file contents into memory...
[19/04/2026 2:42:49 PM] [Info] Loaded 2128 of 2378 assets...
[19/04/2026 2:42:49 PM] [Info] Read 2132 of 2378 asset file contents into memory...
[19/04/2026 2:42:49 PM] [Info] Loaded 2132 of 2378 assets...
[19/04/2026 2:42:49 PM] [Info] Read 2137 of 2378 asset file contents into memory...
[19/04/2026 2:42:49 PM] [Info] Loaded 2137 of 2378 assets...
[19/04/2026 2:42:49 PM] [Info] Read 2141 of 2378 asset file contents into memory...
[19/04/2026 2:42:49 PM] [Info] Loaded 2141 of 2378 assets...
[19/04/2026 2:42:49 PM] [Info] Read 2145 of 2378 asset file contents into memory...
[19/04/2026 2:42:49 PM] [Info] Loaded 2145 of 2378 assets...
[19/04/2026 2:42:49 PM] [Info] Read 2149 of 2378 asset file contents into memory...
[19/04/2026 2:42:49 PM] [Info] Loaded 2149 of 2378 assets...
[19/04/2026 2:42:49 PM] [Info] Read 2153 of 2378 asset file contents into memory...
[19/04/2026 2:42:49 PM] [Info] Loaded 2153 of 2378 assets...
[19/04/2026 2:42:49 PM] [Info] Read 2158 of 2378 asset file contents into memory...
[19/04/2026 2:42:49 PM] [Info] Loaded 2158 of 2378 assets...
[19/04/2026 2:42:49 PM] [Info] Read 2162 of 2378 asset file contents into memory...
[19/04/2026 2:42:49 PM] [Info] Loaded 2162 of 2378 assets...
[19/04/2026 2:42:49 PM] [Info] Read 2166 of 2378 asset file contents into memory...
[19/04/2026 2:42:49 PM] [Info] Loaded 2166 of 2378 assets...
[19/04/2026 2:42:49 PM] [Info] Read 2170 of 2378 asset file contents into memory...
[19/04/2026 2:42:49 PM] [Info] Loaded 2170 of 2378 assets...
[19/04/2026 2:42:49 PM] [Info] Read 2174 of 2378 asset file contents into memory...
[19/04/2026 2:42:49 PM] [Info] Loaded 2174 of 2378 assets...
[19/04/2026 2:42:49 PM] [Info] Read 2178 of 2378 asset file contents into memory...
[19/04/2026 2:42:49 PM] [Info] Loaded 2178 of 2378 assets...
[19/04/2026 2:42:49 PM] [Info] Read 2182 of 2378 asset file contents into memory...
[19/04/2026 2:42:49 PM] [Info] Loaded 2182 of 2378 assets...
[19/04/2026 2:42:49 PM] [Info] Read 2186 of 2378 asset file contents into memory...
[19/04/2026 2:42:49 PM] [Info] Loaded 2186 of 2378 assets...
[19/04/2026 2:42:49 PM] [Info] Read 2191 of 2378 asset file contents into memory...
[19/04/2026 2:42:49 PM] [Info] Loaded 2191 of 2378 assets...
[19/04/2026 2:42:49 PM] [Info] Read 2196 of 2378 asset file contents into memory...
[19/04/2026 2:42:49 PM] [Info] Loaded 2196 of 2378 assets...
[19/04/2026 2:42:49 PM] [Info] Read 2202 of 2378 asset file contents into memory...
[19/04/2026 2:42:49 PM] [Info] Loaded 2202 of 2378 assets...
[19/04/2026 2:42:50 PM] [Info] Read 2207 of 2378 asset file contents into memory...
[19/04/2026 2:42:50 PM] [Info] Loaded 2207 of 2378 assets...
[19/04/2026 2:42:50 PM] [Info] Read 2212 of 2378 asset file contents into memory...
[19/04/2026 2:42:50 PM] [Info] Loaded 2212 of 2378 assets...
[19/04/2026 2:42:50 PM] [Info] Read 2217 of 2378 asset file contents into memory...
[19/04/2026 2:42:50 PM] [Info] Loaded 2217 of 2378 assets...
[19/04/2026 2:42:50 PM] [Info] Read 2222 of 2378 asset file contents into memory...
[19/04/2026 2:42:50 PM] [Info] Loaded 2222 of 2378 assets...
[19/04/2026 2:42:50 PM] [Info] Read 2227 of 2378 asset file contents into memory...
[19/04/2026 2:42:50 PM] [Info] Loaded 2227 of 2378 assets...
[19/04/2026 2:42:50 PM] [Info] Read 2232 of 2378 asset file contents into memory...
[19/04/2026 2:42:50 PM] [Info] Loaded 2232 of 2378 assets...
[19/04/2026 2:42:50 PM] [Info] Read 2237 of 2378 asset file contents into memory...
[19/04/2026 2:42:50 PM] [Info] Loaded 2237 of 2378 assets...
[19/04/2026 2:42:50 PM] [Info] Read 2242 of 2378 asset file contents into memory...
[19/04/2026 2:42:50 PM] [Info] Loaded 2242 of 2378 assets...
[19/04/2026 2:42:50 PM] [Info] Read 2247 of 2378 asset file contents into memory...
[19/04/2026 2:42:50 PM] [Info] Loaded 2247 of 2378 assets...
[19/04/2026 2:42:50 PM] [Info] Read 2252 of 2378 asset file contents into memory...
[19/04/2026 2:42:50 PM] [Info] Loaded 2252 of 2378 assets...
[19/04/2026 2:42:50 PM] [Info] Read 2256 of 2378 asset file contents into memory...
[19/04/2026 2:42:50 PM] [Info] Loaded 2256 of 2378 assets...
[19/04/2026 2:42:50 PM] [Info] Read 2261 of 2378 asset file contents into memory...
[19/04/2026 2:42:50 PM] [Info] Loaded 2261 of 2378 assets...
[19/04/2026 2:42:50 PM] [Info] Read 2266 of 2378 asset file contents into memory...
[19/04/2026 2:42:50 PM] [Info] Loaded 2266 of 2378 assets...
[19/04/2026 2:42:50 PM] [Info] Read 2271 of 2378 asset file contents into memory...
[19/04/2026 2:42:50 PM] [Info] Loaded 2271 of 2378 assets...
[19/04/2026 2:42:50 PM] [Info] Read 2276 of 2378 asset file contents into memory...
[19/04/2026 2:42:50 PM] [Info] Loaded 2276 of 2378 assets...
[19/04/2026 2:42:50 PM] [Info] Read 2282 of 2378 asset file contents into memory...
[19/04/2026 2:42:50 PM] [Info] Loaded 2282 of 2378 assets...
[19/04/2026 2:42:50 PM] [Info] Read 2287 of 2378 asset file contents into memory...
[19/04/2026 2:42:50 PM] [Info] Loaded 2287 of 2378 assets...
[19/04/2026 2:42:50 PM] [Info] Read 2292 of 2378 asset file contents into memory...
[19/04/2026 2:42:50 PM] [Info] Loaded 2292 of 2378 assets...
[19/04/2026 2:42:50 PM] [Info] Read 2297 of 2378 asset file contents into memory...
[19/04/2026 2:42:50 PM] [Info] Loaded 2297 of 2378 assets...
[19/04/2026 2:42:50 PM] [Info] Read 2302 of 2378 asset file contents into memory...
[19/04/2026 2:42:50 PM] [Info] Loaded 2302 of 2378 assets...
[19/04/2026 2:42:51 PM] [Info] Read 2307 of 2378 asset file contents into memory...
[19/04/2026 2:42:51 PM] [Info] Loaded 2307 of 2378 assets...
[19/04/2026 2:42:51 PM] [Info] Read 2312 of 2378 asset file contents into memory...
[19/04/2026 2:42:51 PM] [Info] Loaded 2312 of 2378 assets...
[19/04/2026 2:42:51 PM] [Info] Read 2317 of 2378 asset file contents into memory...
[19/04/2026 2:42:51 PM] [Info] Loaded 2317 of 2378 assets...
[19/04/2026 2:42:51 PM] [Info] Read 2323 of 2378 asset file contents into memory...
[19/04/2026 2:42:51 PM] [Info] Loaded 2323 of 2378 assets...
[19/04/2026 2:42:51 PM] [Info] Read 2328 of 2378 asset file contents into memory...
[19/04/2026 2:42:51 PM] [Info] Loaded 2328 of 2378 assets...
[19/04/2026 2:42:51 PM] [Info] Read 2333 of 2378 asset file contents into memory...
[19/04/2026 2:42:51 PM] [Info] Loaded 2333 of 2378 assets...
[19/04/2026 2:42:51 PM] [Info] Read 2339 of 2378 asset file contents into memory...
[19/04/2026 2:42:51 PM] [Info] Loaded 2339 of 2378 assets...
[19/04/2026 2:42:51 PM] [Info] Read 2344 of 2378 asset file contents into memory...
[19/04/2026 2:42:51 PM] [Info] Loaded 2344 of 2378 assets...
[19/04/2026 2:42:51 PM] [Info] Read 2349 of 2378 asset file contents into memory...
[19/04/2026 2:42:51 PM] [Info] Loaded 2349 of 2378 assets...
[19/04/2026 2:42:51 PM] [Info] Read 2355 of 2378 asset file contents into memory...
[19/04/2026 2:42:51 PM] [Info] Loaded 2355 of 2378 assets...
[19/04/2026 2:42:51 PM] [Info] Read 2359 of 2378 asset file contents into memory...
[19/04/2026 2:42:51 PM] [Info] Loaded 2359 of 2378 assets...
[19/04/2026 2:42:51 PM] [Info] Read 2364 of 2378 asset file contents into memory...
[19/04/2026 2:42:51 PM] [Info] Loaded 2364 of 2378 assets...
[19/04/2026 2:42:51 PM] [Info] Read 2369 of 2378 asset file contents into memory...
[19/04/2026 2:42:51 PM] [Info] Loaded 2369 of 2378 assets...
[19/04/2026 2:42:51 PM] [Info] Read 2374 of 2378 asset file contents into memory...
[19/04/2026 2:42:51 PM] [Info] Loaded 2374 of 2378 assets...
[19/04/2026 2:42:51 PM] [Info] Read 2378 of 2378 asset file contents into memory...
[19/04/2026 2:42:51 PM] [Info] Loaded 2378 of 2378 assets...
[19/04/2026 2:42:51 PM] [Info] Level overrides config Animals.Max_Instances_Medium: 256
[19/04/2026 2:42:51 PM] [Info] Skipping level config override Items.Quality_Full_Chance because it's overridden in server config
[19/04/2026 2:42:51 PM] [Info] Level overrides config Barricades.Allow_Item_Placement_On_Vehicle: False
[19/04/2026 2:42:51 PM] [Info] Level overrides config Barricades.Allow_Trap_Placement_On_Vehicle: False
[19/04/2026 2:42:51 PM] [Info] Level overrides config Barricades.Gun_Lowcal_Damage_Multiplier: 1
[19/04/2026 2:42:51 PM] [Info] Level overrides config Barricades.Gun_Highcal_Damage_Multiplier: 1
[19/04/2026 2:42:51 PM] [Info] Level overrides config Barricades.Armor_Lowtier_Multiplier: 1
[19/04/2026 2:42:51 PM] [Info] Level overrides config Barricades.Armor_Hightier_Multiplier: 1
[19/04/2026 2:42:51 PM] [Info] Level overrides config Structures.Gun_Lowcal_Damage_Multiplier: 1
[19/04/2026 2:42:51 PM] [Info] Level overrides config Structures.Gun_Highcal_Damage_Multiplier: 1
[19/04/2026 2:42:51 PM] [Info] Level overrides config Structures.Armor_Lowtier_Multiplier: 1
[19/04/2026 2:42:51 PM] [Info] Level overrides config Structures.Armor_Hightier_Multiplier: 1
[19/04/2026 2:42:51 PM] [Info] Level overrides config Structures.Melee_Damage_Multiplier: 1
[19/04/2026 2:42:51 PM] [Info] Level overrides config Structures.Melee_Repair_Multiplier: 1
[19/04/2026 2:42:51 PM] [Info] Level overrides config Events.Airdrop_Speed: 96
[19/04/2026 2:42:51 PM] [Info] Level overrides config Events.Airdrop_Force: 8.55
[19/04/2026 2:42:51 PM] [Info] Level overrides config Vehicles.Gun_Lowcal_Damage_Multiplier: 2
[19/04/2026 2:42:51 PM] [Info] Level overrides config Vehicles.Melee_Damage_Multiplier: 2
[19/04/2026 2:42:51 PM] [Info] Level overrides config Vehicles.Min_Battery_Charge: 1
[19/04/2026 2:42:51 PM] [Info] Level overrides config Vehicles.Max_Battery_Charge: 1
[19/04/2026 2:42:51 PM] [Info] Level overrides config Vehicles.Has_Battery_Chance: 1
[19/04/2026 2:42:51 PM] [Info] Level overrides config Vehicles.Max_Instances_Medium: 48
[19/04/2026 2:42:51 PM] [Info] Level overrides config Vehicles.Armor_Multiplier: 0.375
[19/04/2026 2:42:51 PM] [Info] Skipping level config override Players.Experience_Multiplier because it's overridden in server config
[19/04/2026 2:42:51 PM] [Info] Skipping level config override Players.Lose_Skills_PvP because it's overridden in server config
[19/04/2026 2:42:51 PM] [Info] Skipping level config override Players.Lose_Skills_PvE because it's overridden in server config
[19/04/2026 2:42:51 PM] [Info] Skipping level config override Players.Lose_Experience_PvP because it's overridden in server config
[19/04/2026 2:42:51 PM] [Info] Skipping level config override Players.Lose_Experience_PvE because it's overridden in server config
[19/04/2026 2:42:51 PM] [Info] Skipping level config override Players.Lose_Skill_Levels_PvP because it's overridden in server config
[19/04/2026 2:42:51 PM] [Info] Skipping level config override Players.Lose_Skill_Levels_PvE because it's overridden in server config
[19/04/2026 2:42:51 PM] [Info] Skipping level config override Players.Virus_Infect because it's overridden in server config
[19/04/2026 2:42:51 PM] [Info] Level overrides config Players.Can_Break_Legs: False
[19/04/2026 2:42:51 PM] [Info] Skipping level config override Zombies.Armor_Multiplier because it's overridden in server config
[19/04/2026 2:42:51 PM] [Info] Level overrides config Zombies.Full_Moon_Experience_Multiplier: 2
[19/04/2026 2:42:51 PM] [Info] Skipping level config override Zombies.Spawn_Chance because it's overridden in server config
[19/04/2026 2:42:51 PM] [Info] Level overrides config Zombies.Min_Mega_Drops: 1
[19/04/2026 2:42:51 PM] [Info] Level overrides config Zombies.Max_Mega_Drops: 1
[19/04/2026 2:42:51 PM] [Info] Level overrides config Zombies.Min_Boss_Drops: 1
[19/04/2026 2:42:51 PM] [Info] Level overrides config Zombies.Max_Boss_Drops: 1
[19/04/2026 2:42:51 PM] [Info] Skipping level config override Zombies.Loot_Chance because it's overridden in server config
[19/04/2026 2:42:51 PM] [Info] Skipping level config override Gameplay.Chart because it's overridden in server config
[19/04/2026 2:42:52 PM] [Info] Monitoring workshop map "A6 Polaris" (2898548949) for changes
[19/04/2026 2:42:52 PM] [Info] Loading level: 5%
[19/04/2026 2:42:54 PM] [Info] Loading level: 10%
[19/04/2026 2:42:54 PM] [Info] Loading level: 15%
[19/04/2026 2:42:54 PM] [Info] Loading level: 21%
[19/04/2026 2:42:55 PM] [Info] Loading level: 26%
[19/04/2026 2:42:55 PM] [Info] Loading level: 31%
[19/04/2026 2:42:55 PM] [Info] Loading level: 36%
[19/04/2026 2:42:55 PM] [Info] Loading level: 42%
[19/04/2026 2:42:55 PM] [Info] Loading level: 47%
[19/04/2026 2:42:55 PM] [Info] Loading level: 52%
[19/04/2026 2:42:55 PM] [Info] Loading level: 57%
[19/04/2026 2:42:55 PM] [Info] Loading level: 63%
[19/04/2026 2:42:57 PM] [Info] Loading level: 68%
[19/04/2026 2:42:57 PM] [Info] Loading level: 73%
[19/04/2026 2:42:57 PM] [Info] Loading level: 89%
[19/04/2026 2:42:57 PM] [Info] Loading level: 94%
[19/04/2026 2:42:58 PM] [Info] //////////////////////////////////////////////////////
[19/04/2026 2:42:58 PM] [Info] Server Code: 85568392936196484
[19/04/2026 2:42:58 PM] [Info] Your friends can enter this code in the Connect Directly menu to join without port forwarding.
[19/04/2026 2:42:58 PM] [Info] Tip: Use the "CopyServerCode" command to copy the code to your clipboard. Alternatively, in most terminals you can highlight it and press Ctrl+Insert to copy.
[19/04/2026 2:42:58 PM] [Info] //////////////////////////////////////////////////////
[19/04/2026 2:42:58 PM] [Info] Loading level: 100%
[19/04/2026 2:46:11 PM] [Info] Handling SIGINT or SIGBREAK by requesting a graceful shutdown
[19/04/2026 2:46:11 PM] [Info] MoreHomes >> 4 player homes data has been saved!
