[21/04/2026 4:12:33 PM] [Info] [registered] /more (Rocket.Unturned.Commands.CommandMore/more)
[21/04/2026 4:12:34 PM] [Info] [registered] /admin (Rocket.Unturned.Commands.CommandAdmin/admin)
[21/04/2026 4:12:34 PM] [Info] [registered] /broadcast (Rocket.Unturned.Commands.CommandBroadcast/broadcast)
[21/04/2026 4:12:34 PM] [Info] [registered] /compass (Rocket.Unturned.Commands.CommandCompass/compass)
[21/04/2026 4:12:34 PM] [Info] [registered] /effect (Rocket.Unturned.Commands.CommandEffect/effect)
[21/04/2026 4:12:34 PM] [Info] [registered] /exit (Rocket.Unturned.Commands.CommandExit/exit)
[21/04/2026 4:12:34 PM] [Info] [registered] /god (Rocket.Unturned.Commands.CommandGod/god)
[21/04/2026 4:12:34 PM] [Info] [registered] /heal (Rocket.Unturned.Commands.CommandHeal/heal)
[21/04/2026 4:12:34 PM] [Info] [registered] /help (Rocket.Unturned.Commands.CommandHelp/help)
[21/04/2026 4:12:34 PM] [Info] [registered] /i (Rocket.Unturned.Commands.CommandI/i)
[21/04/2026 4:12:34 PM] [Info] [registered] /item (Rocket.Unturned.Commands.CommandI/item)
[21/04/2026 4:12:34 PM] [Info] [registered] /investigate (Rocket.Unturned.Commands.CommandInvestigate/investigate)
[21/04/2026 4:12:34 PM] [Info] [registered] /p (Rocket.Unturned.Commands.CommandP/p)
[21/04/2026 4:12:34 PM] [Info] [registered] /permissions (Rocket.Unturned.Commands.CommandP/permissions)
[21/04/2026 4:12:34 PM] [Info] [registered] /rocket (Rocket.Unturned.Commands.CommandRocket/rocket)
[21/04/2026 4:12:34 PM] [Info] [registered] /tp (Rocket.Unturned.Commands.CommandTp/tp)
[21/04/2026 4:12:34 PM] [Info] [registered] /tphere (Rocket.Unturned.Commands.CommandTphere/tphere)
[21/04/2026 4:12:34 PM] [Info] [registered] /unadmin (Rocket.Unturned.Commands.CommandUnadmin/unadmin)
[21/04/2026 4:12:34 PM] [Info] [registered] /v (Rocket.Unturned.Commands.CommandV/v)
[21/04/2026 4:12:34 PM] [Info] [registered] /vanish (Rocket.Unturned.Commands.CommandVanish/vanish)
[21/04/2026 4:12:34 PM] [Info] Loading HardcoreDurability from E:\SteamLibrary\steamapps\common\U3DS\Servers\New Era Polaris\Rocket\Plugins\HardcoreDurability.dll
[21/04/2026 4:12:34 PM] [Info] Loading MoreHomes from E:\SteamLibrary\steamapps\common\U3DS\Servers\New Era Polaris\Rocket\Plugins\MoreHomes.dll
[21/04/2026 4:12:34 PM] [Info] Loading PolarisMutations from E:\SteamLibrary\steamapps\common\U3DS\Servers\New Era Polaris\Rocket\Plugins\PolarisMutations.dll
[21/04/2026 4:12:34 PM] [Info] Loading SurvivalNotifier from E:\SteamLibrary\steamapps\common\U3DS\Servers\New Era Polaris\Rocket\Plugins\SurvivalNotifier.dll
[21/04/2026 4:12:34 PM] [Info] Loading Teleportation from E:\SteamLibrary\steamapps\common\U3DS\Servers\New Era Polaris\Rocket\Plugins\Teleportation.dll
[21/04/2026 4:12:35 PM] [Error] mscorlib >> Caught exception resolving dependency: 0Harmony -> Exception in DoAssemblyResolve: System.ArgumentNullException: Value cannot be null.
Parameter name: v1
  at System.Version.op_LessThanOrEqual (System.Version v1, System.Version v2) [0x00003] in <1071a2cb0cb3433aae80a793c277a048>:0 
  at System.Version.op_GreaterThanOrEqual (System.Version v1, System.Version v2) [0x00000] in <1071a2cb0cb3433aae80a793c277a048>:0 
  at Rocket.Core.Plugins.RocketPluginManager+<>c__DisplayClass12_0.<Awake>b__1 (System.Collections.Generic.KeyValuePair`2[TKey,TValue] lib) [0x00035] in <59a13feb721848c8b0cd173f6d0e820b>:0 
  at System.Linq.Enumerable.TryGetFirst[TSource] (System.Collections.Generic.IEnumerable`1[T] source, System.Func`2[T,TResult] predicate, System.Boolean& found) [0x0003f] in <ea489521390f48908a7ce45cb17a6848>:0 
  at System.Linq.Enumerable.FirstOrDefault[TSource] (System.Collections.Generic.IEnumerable`1[T] source, System.Func`2[T,TResult] predicate) [0x00000] in <ea489521390f48908a7ce45cb17a6848>:0 
  at Rocket.Core.Plugins.RocketPluginManager.<Awake>b__12_0 (System.Object sender, System.ResolveEventArgs args) [0x00017] in <59a13feb721848c8b0cd173f6d0e820b>:0 
[21/04/2026 4:12:35 PM] [Error] Could not find dependency: 0Harmony
[21/04/2026 4:12:35 PM] [Info] 
[loading] HardcoreDurability
[21/04/2026 4:12:35 PM] [Info] HardcoreDurability >> Hardcore Durability Loaded! Master StackTrace enabled.
[21/04/2026 4:12:35 PM] [Info] 
[loading] MoreHomes
[21/04/2026 4:12:35 PM] [Info] [registered] /home (RestoreMonarchy.MoreHomes.Commands.HomeCommand/home)
[21/04/2026 4:12:35 PM] [Info] [registered] /homes (RestoreMonarchy.MoreHomes.Commands.HomesCommand/homes)
[21/04/2026 4:12:35 PM] [Info] [registered] /destroyhome (RestoreMonarchy.MoreHomes.Commands.DestroyHomeCommand/destroyhome)
[21/04/2026 4:12:35 PM] [Info] [registered] /renamehome (RestoreMonarchy.MoreHomes.Commands.RenameHomeCommand/renamehome)
[21/04/2026 4:12:35 PM] [Info] [registered] /restorehomes (RestoreMonarchy.MoreHomes.Commands.RestoreHomesCommand/restorehomes)
[21/04/2026 4:12:35 PM] [Info] MoreHomes >> MoreHomes 1.7.2.0 has been loaded!
[21/04/2026 4:12:35 PM] [Info] MoreHomes >> Brought to you by RestoreMonarchy.com
[21/04/2026 4:12:35 PM] [Error] mscorlib >> Caught exception resolving dependency: Steamworks.NET -> Exception in DoAssemblyResolve: System.ArgumentNullException: Value cannot be null.
Parameter name: v1
  at System.Version.op_LessThanOrEqual (System.Version v1, System.Version v2) [0x00003] in <1071a2cb0cb3433aae80a793c277a048>:0 
  at System.Version.op_GreaterThanOrEqual (System.Version v1, System.Version v2) [0x00000] in <1071a2cb0cb3433aae80a793c277a048>:0 
  at Rocket.Core.Plugins.RocketPluginManager+<>c__DisplayClass12_0.<Awake>b__1 (System.Collections.Generic.KeyValuePair`2[TKey,TValue] lib) [0x00035] in <59a13feb721848c8b0cd173f6d0e820b>:0 
  at System.Linq.Enumerable.TryGetFirst[TSource] (System.Collections.Generic.IEnumerable`1[T] source, System.Func`2[T,TResult] predicate, System.Boolean& found) [0x0003f] in <ea489521390f48908a7ce45cb17a6848>:0 
  at System.Linq.Enumerable.FirstOrDefault[TSource] (System.Collections.Generic.IEnumerable`1[T] source, System.Func`2[T,TResult] predicate) [0x00000] in <ea489521390f48908a7ce45cb17a6848>:0 
  at Rocket.Core.Plugins.RocketPluginManager.<Awake>b__12_0 (System.Object sender, System.ResolveEventArgs args) [0x00017] in <59a13feb721848c8b0cd173f6d0e820b>:0 
[21/04/2026 4:12:35 PM] [Error] Could not find dependency: Steamworks.NET
[21/04/2026 4:12:35 PM] [Info] 
[loading] PolarisMutations
[21/04/2026 4:12:35 PM] [Info] PolarisMutations >> Polaris Mutations Loaded! Cumulative mutagen scanner active.
[21/04/2026 4:12:35 PM] [Info] 
[loading] SurvivalNotifier
[21/04/2026 4:12:35 PM] [Info] SurvivalNotifier >> Survival Notifier Loaded! 3-Tier tracking enabled.
[21/04/2026 4:12:35 PM] [Info] 
[loading] Teleportation
[21/04/2026 4:12:35 PM] [Info] [registered] /tpa (RestoreMonarchy.Teleportation.Commands.TPACommand/tpa)
[21/04/2026 4:12:35 PM] [Info] Teleportation >> Teleportation 1.6.0.0 has been loaded!
[21/04/2026 4:12:35 PM] [Info] This server will automatically save every 1800 seconds
[21/04/2026 4:12:35 PM] [Info] Steam servers ready!
[21/04/2026 4:12:35 PM] [Info] Workshop install folder: E:\SteamLibrary\steamapps\common\U3DS/Servers/New Era Polaris/Workshop/Steam
[21/04/2026 4:12:35 PM] [Info] 1 workshop item(s) requested
[21/04/2026 4:12:35 PM] [Info] Submitting workshop query for 1 item(s)...
[21/04/2026 4:12:35 PM] [Info] Workshop query yielded 1 result(s)
[21/04/2026 4:12:35 PM] [Info] This server's allowed IP for Workshop downloads: [redacted]
[21/04/2026 4:12:35 PM] [Info] 2898548949 'A6 Polaris' queued for download
[21/04/2026 4:12:35 PM] [Info] 1 workshop item(s) to download...
[21/04/2026 4:12:35 PM] [Info] Workshop item found in cache: 2898548949
[21/04/2026 4:12:35 PM] [Info] Installing workshop item: 2898548949
[21/04/2026 4:12:35 PM] [Info] Installed workshop item: 2898548949
[21/04/2026 4:12:35 PM] [Info] Searched 0 of 1 locations and found 118 asset files...
[21/04/2026 4:12:35 PM] [Info] Read 0 of 118 asset file contents into memory...
[21/04/2026 4:12:35 PM] [Info] Loaded 0 of 118 assets...
[21/04/2026 4:12:35 PM] [Info] Searched 0 of 1 locations and found 355 asset files...
[21/04/2026 4:12:35 PM] [Info] Read 0 of 355 asset file contents into memory...
[21/04/2026 4:12:35 PM] [Info] Loaded 0 of 355 assets...
[21/04/2026 4:12:35 PM] [Info] Searched 0 of 1 locations and found 539 asset files...
[21/04/2026 4:12:35 PM] [Info] Read 0 of 539 asset file contents into memory...
[21/04/2026 4:12:35 PM] [Info] Loaded 0 of 539 assets...
[21/04/2026 4:12:35 PM] [Info] Searched 0 of 1 locations and found 743 asset files...
[21/04/2026 4:12:35 PM] [Info] Read 0 of 743 asset file contents into memory...
[21/04/2026 4:12:35 PM] [Info] Loaded 0 of 743 assets...
[21/04/2026 4:12:35 PM] [Info] Loaded 0 of 1 asset bundles...
[21/04/2026 4:12:35 PM] [Info] Searched 0 of 1 locations and found 885 asset files...
[21/04/2026 4:12:35 PM] [Info] Read 27 of 885 asset file contents into memory...
[21/04/2026 4:12:35 PM] [Info] Loaded 0 of 885 assets...
[21/04/2026 4:12:35 PM] [Info] Searched 0 of 1 locations and found 1020 asset files...
[21/04/2026 4:12:35 PM] [Info] Read 105 of 1020 asset file contents into memory...
[21/04/2026 4:12:35 PM] [Info] Loaded 0 of 1020 assets...
[21/04/2026 4:12:35 PM] [Info] Searched 0 of 1 locations and found 1216 asset files...
[21/04/2026 4:12:35 PM] [Info] Read 175 of 1216 asset file contents into memory...
[21/04/2026 4:12:35 PM] [Info] Loaded 0 of 1216 assets...
[21/04/2026 4:12:36 PM] [Info] Searched 0 of 1 locations and found 1407 asset files...
[21/04/2026 4:12:36 PM] [Info] Read 238 of 1407 asset file contents into memory...
[21/04/2026 4:12:36 PM] [Info] Loaded 0 of 1407 assets...
[21/04/2026 4:12:36 PM] [Info] Searched 0 of 1 locations and found 1579 asset files...
[21/04/2026 4:12:36 PM] [Info] Read 292 of 1579 asset file contents into memory...
[21/04/2026 4:12:36 PM] [Info] Loaded 0 of 1579 assets...
[21/04/2026 4:12:36 PM] [Info] Searched 0 of 1 locations and found 1743 asset files...
[21/04/2026 4:12:36 PM] [Info] Read 346 of 1743 asset file contents into memory...
[21/04/2026 4:12:36 PM] [Info] Loaded 0 of 1743 assets...
[21/04/2026 4:12:36 PM] [Info] Searched 0 of 1 locations and found 1933 asset files...
[21/04/2026 4:12:36 PM] [Info] Read 410 of 1933 asset file contents into memory...
[21/04/2026 4:12:36 PM] [Info] Loaded 0 of 1933 assets...
[21/04/2026 4:12:36 PM] [Info] Searched 0 of 1 locations and found 2110 asset files...
[21/04/2026 4:12:36 PM] [Info] Read 461 of 2110 asset file contents into memory...
[21/04/2026 4:12:36 PM] [Info] Loaded 0 of 2110 assets...
[21/04/2026 4:12:36 PM] [Info] Searched 0 of 1 locations and found 2297 asset files...
[21/04/2026 4:12:36 PM] [Info] Read 519 of 2297 asset file contents into memory...
[21/04/2026 4:12:36 PM] [Info] Loaded 0 of 2297 assets...
[21/04/2026 4:12:36 PM] [Info] Searched 1 of 1 locations and found 2378 asset files...
[21/04/2026 4:12:36 PM] [Info] Read 599 of 2378 asset file contents into memory...
[21/04/2026 4:12:36 PM] [Info] Loaded 0 of 2378 assets...
[21/04/2026 4:12:36 PM] [Info] Read 660 of 2378 asset file contents into memory...
[21/04/2026 4:12:36 PM] [Info] Read 724 of 2378 asset file contents into memory...
[21/04/2026 4:12:36 PM] [Info] Read 789 of 2378 asset file contents into memory...
[21/04/2026 4:12:36 PM] [Info] Read 839 of 2378 asset file contents into memory...
[21/04/2026 4:12:36 PM] [Info] Read 907 of 2378 asset file contents into memory...
[21/04/2026 4:12:36 PM] [Info] Read 966 of 2378 asset file contents into memory...
[21/04/2026 4:12:36 PM] [Info] Read 1030 of 2378 asset file contents into memory...
[21/04/2026 4:12:36 PM] [Info] Read 1113 of 2378 asset file contents into memory...
[21/04/2026 4:12:36 PM] [Info] Read 1194 of 2378 asset file contents into memory...
[21/04/2026 4:12:36 PM] [Info] Read 1277 of 2378 asset file contents into memory...
[21/04/2026 4:12:36 PM] [Info] Read 1364 of 2378 asset file contents into memory...
[21/04/2026 4:12:36 PM] [Info] Read 1450 of 2378 asset file contents into memory...
[21/04/2026 4:12:36 PM] [Info] Read 1520 of 2378 asset file contents into memory...
[21/04/2026 4:12:37 PM] [Info] Read 1593 of 2378 asset file contents into memory...
[21/04/2026 4:12:37 PM] [Info] Read 1670 of 2378 asset file contents into memory...
[21/04/2026 4:12:37 PM] [Info] Read 1753 of 2378 asset file contents into memory...
[21/04/2026 4:12:37 PM] [Info] Read 1900 of 2378 asset file contents into memory...
[21/04/2026 4:12:37 PM] [Info] Read 1974 of 2378 asset file contents into memory...
[21/04/2026 4:12:37 PM] [Info] Read 2050 of 2378 asset file contents into memory...
[21/04/2026 4:12:37 PM] [Info] Read 2112 of 2378 asset file contents into memory...
[21/04/2026 4:12:37 PM] [Info] Read 2169 of 2378 asset file contents into memory...
[21/04/2026 4:12:37 PM] [Info] Read 2240 of 2378 asset file contents into memory...
[21/04/2026 4:12:37 PM] [Info] Loaded 1 of 1 asset bundles...
[21/04/2026 4:12:37 PM] [Info] Read 2365 of 2378 asset file contents into memory...
[21/04/2026 4:12:37 PM] [Info] Loaded 3 of 2378 assets...
[21/04/2026 4:12:37 PM] [Info] Read 2378 of 2378 asset file contents into memory...
[21/04/2026 4:12:37 PM] [Info] Loaded 8 of 2378 assets...
[21/04/2026 4:12:37 PM] [Info] Loaded 55 of 2378 assets...
[21/04/2026 4:12:37 PM] [Info] Loaded 88 of 2378 assets...
[21/04/2026 4:12:37 PM] [Info] Loaded 211 of 2378 assets...
[21/04/2026 4:12:37 PM] [Info] Loaded 271 of 2378 assets...
[21/04/2026 4:12:37 PM] [Info] Loaded 308 of 2378 assets...
[21/04/2026 4:12:37 PM] [Info] Loaded 337 of 2378 assets...
[21/04/2026 4:12:37 PM] [Info] Loaded 364 of 2378 assets...
[21/04/2026 4:12:38 PM] [Info] Loaded 393 of 2378 assets...
[21/04/2026 4:12:38 PM] [Info] Loaded 481 of 2378 assets...
[21/04/2026 4:12:38 PM] [Info] Loaded 564 of 2378 assets...
[21/04/2026 4:12:38 PM] [Info] Loaded 661 of 2378 assets...
[21/04/2026 4:12:38 PM] [Info] Loaded 714 of 2378 assets...
[21/04/2026 4:12:38 PM] [Info] Loaded 747 of 2378 assets...
[21/04/2026 4:12:38 PM] [Info] Loaded 780 of 2378 assets...
[21/04/2026 4:12:38 PM] [Info] Loaded 810 of 2378 assets...
[21/04/2026 4:12:38 PM] [Info] Loaded 823 of 2378 assets...
[21/04/2026 4:12:38 PM] [Info] Loaded 836 of 2378 assets...
[21/04/2026 4:12:38 PM] [Info] Loaded 849 of 2378 assets...
[21/04/2026 4:12:38 PM] [Info] Loaded 1675 of 2378 assets...
[21/04/2026 4:12:38 PM] [Info] Loaded 2378 of 2378 assets...
[21/04/2026 4:12:38 PM] [Info] Level overrides config Animals.Max_Instances_Medium: 256
[21/04/2026 4:12:38 PM] [Info] Skipping level config override Items.Quality_Full_Chance because it's overridden in server config
[21/04/2026 4:12:38 PM] [Info] Level overrides config Barricades.Allow_Item_Placement_On_Vehicle: False
[21/04/2026 4:12:38 PM] [Info] Level overrides config Barricades.Allow_Trap_Placement_On_Vehicle: False
[21/04/2026 4:12:38 PM] [Info] Level overrides config Barricades.Gun_Lowcal_Damage_Multiplier: 1
[21/04/2026 4:12:38 PM] [Info] Level overrides config Barricades.Gun_Highcal_Damage_Multiplier: 1
[21/04/2026 4:12:38 PM] [Info] Level overrides config Barricades.Armor_Lowtier_Multiplier: 1
[21/04/2026 4:12:38 PM] [Info] Level overrides config Barricades.Armor_Hightier_Multiplier: 1
[21/04/2026 4:12:38 PM] [Info] Level overrides config Structures.Gun_Lowcal_Damage_Multiplier: 1
[21/04/2026 4:12:38 PM] [Info] Level overrides config Structures.Gun_Highcal_Damage_Multiplier: 1
[21/04/2026 4:12:38 PM] [Info] Level overrides config Structures.Armor_Lowtier_Multiplier: 1
[21/04/2026 4:12:38 PM] [Info] Level overrides config Structures.Armor_Hightier_Multiplier: 1
[21/04/2026 4:12:38 PM] [Info] Level overrides config Structures.Melee_Damage_Multiplier: 1
[21/04/2026 4:12:38 PM] [Info] Level overrides config Structures.Melee_Repair_Multiplier: 1
[21/04/2026 4:12:38 PM] [Info] Level overrides config Events.Airdrop_Speed: 96
[21/04/2026 4:12:38 PM] [Info] Level overrides config Events.Airdrop_Force: 8.55
[21/04/2026 4:12:38 PM] [Info] Skipping level config override Vehicles.Gun_Lowcal_Damage_Multiplier because it's overridden in server config
[21/04/2026 4:12:38 PM] [Info] Skipping level config override Vehicles.Melee_Damage_Multiplier because it's overridden in server config
[21/04/2026 4:12:38 PM] [Info] Level overrides config Vehicles.Min_Battery_Charge: 1
[21/04/2026 4:12:38 PM] [Info] Level overrides config Vehicles.Max_Battery_Charge: 1
[21/04/2026 4:12:38 PM] [Info] Level overrides config Vehicles.Has_Battery_Chance: 1
[21/04/2026 4:12:38 PM] [Info] Level overrides config Vehicles.Max_Instances_Medium: 48
[21/04/2026 4:12:38 PM] [Info] Skipping level config override Vehicles.Armor_Multiplier because it's overridden in server config
[21/04/2026 4:12:38 PM] [Info] Skipping level config override Players.Experience_Multiplier because it's overridden in server config
[21/04/2026 4:12:38 PM] [Info] Skipping level config override Players.Lose_Skills_PvP because it's overridden in server config
[21/04/2026 4:12:38 PM] [Info] Skipping level config override Players.Lose_Skills_PvE because it's overridden in server config
[21/04/2026 4:12:38 PM] [Info] Skipping level config override Players.Lose_Experience_PvP because it's overridden in server config
[21/04/2026 4:12:38 PM] [Info] Level overrides config Players.Lose_Experience_PvE: 1
[21/04/2026 4:12:38 PM] [Info] Skipping level config override Players.Lose_Skill_Levels_PvP because it's overridden in server config
[21/04/2026 4:12:38 PM] [Info] Skipping level config override Players.Lose_Skill_Levels_PvE because it's overridden in server config
[21/04/2026 4:12:38 PM] [Info] Skipping level config override Players.Virus_Infect because it's overridden in server config
[21/04/2026 4:12:38 PM] [Info] Level overrides config Players.Can_Break_Legs: False
[21/04/2026 4:12:38 PM] [Info] Skipping level config override Zombies.Armor_Multiplier because it's overridden in server config
[21/04/2026 4:12:38 PM] [Info] Level overrides config Zombies.Full_Moon_Experience_Multiplier: 2
[21/04/2026 4:12:38 PM] [Info] Skipping level config override Zombies.Spawn_Chance because it's overridden in server config
[21/04/2026 4:12:38 PM] [Info] Skipping level config override Zombies.Min_Mega_Drops because it's overridden in server config
[21/04/2026 4:12:38 PM] [Info] Skipping level config override Zombies.Max_Mega_Drops because it's overridden in server config
[21/04/2026 4:12:38 PM] [Info] Skipping level config override Zombies.Min_Boss_Drops because it's overridden in server config
[21/04/2026 4:12:38 PM] [Info] Skipping level config override Zombies.Max_Boss_Drops because it's overridden in server config
[21/04/2026 4:12:38 PM] [Info] Skipping level config override Zombies.Loot_Chance because it's overridden in server config
[21/04/2026 4:12:38 PM] [Info] Skipping level config override Gameplay.Chart because it's overridden in server config
[21/04/2026 4:12:39 PM] [Info] Monitoring workshop map "A6 Polaris" (2898548949) for changes
[21/04/2026 4:12:39 PM] [Info] Loading level: 5%
[21/04/2026 4:12:41 PM] [Info] Loading level: 10%
[21/04/2026 4:12:42 PM] [Info] Loading level: 15%
[21/04/2026 4:12:42 PM] [Info] Loading level: 21%
[21/04/2026 4:12:42 PM] [Info] Loading level: 26%
[21/04/2026 4:12:42 PM] [Info] Loading level: 31%
[21/04/2026 4:12:42 PM] [Info] Loading level: 36%
[21/04/2026 4:12:42 PM] [Info] Loading level: 42%
[21/04/2026 4:12:42 PM] [Info] Loading level: 47%
[21/04/2026 4:12:42 PM] [Info] Loading level: 52%
[21/04/2026 4:12:42 PM] [Info] Loading level: 57%
[21/04/2026 4:12:42 PM] [Info] Loading level: 63%
[21/04/2026 4:12:44 PM] [Info] Loading level: 68%
[21/04/2026 4:12:44 PM] [Info] Loading level: 73%
[21/04/2026 4:12:44 PM] [Info] Loading level: 89%
[21/04/2026 4:12:44 PM] [Info] Loading level: 94%
[21/04/2026 4:12:45 PM] [Info] //////////////////////////////////////////////////////
[21/04/2026 4:12:45 PM] [Info] Server Code: 85568392936196484
[21/04/2026 4:12:45 PM] [Info] Your friends can enter this code in the Connect Directly menu to join without port forwarding.
[21/04/2026 4:12:45 PM] [Info] Tip: Use the "CopyServerCode" command to copy the code to your clipboard. Alternatively, in most terminals you can highlight it and press Ctrl+Insert to copy.
[21/04/2026 4:12:45 PM] [Info] //////////////////////////////////////////////////////
[21/04/2026 4:12:45 PM] [Info] Loading level: 100%
[21/04/2026 4:27:03 PM] [Info] Connecting: PlayerID: 76561199571006509 Name: wiggielicious Character: wiggielicious
[21/04/2026 4:29:12 PM] [Info] Connecting: PlayerID: 76561198374187872 Name: Myst_iU Character: Myst
[21/04/2026 4:31:20 PM] [Info] [World] wiggielicious [wiggielicious]: "/TP MYST"
[21/04/2026 4:33:34 PM] [Info] wiggielicious teleported to Myst
[21/04/2026 4:33:34 PM] [Info] [World] Myst [Myst_iU]: "/give 36237 2"
[21/04/2026 4:35:07 PM] [Info] Successfully gave Myst_iU 36237 x2!
[21/04/2026 4:35:07 PM] [Info] [World] Myst [Myst_iU]: "/give 36231 2"
[21/04/2026 4:35:07 PM] [Info] Successfully gave Myst_iU 36231 x2!
[21/04/2026 4:35:56 PM] [Info] [World] Myst [Myst_iU]: "/give 36222"
[21/04/2026 4:35:56 PM] [Info] Successfully gave Myst_iU 36222 x1!
[21/04/2026 4:36:48 PM] [Info] [World] Myst [Myst_iU]: "/give 36220 5"
[21/04/2026 4:36:48 PM] [Info] Successfully gave Myst_iU 36220 x5!
[21/04/2026 4:38:44 PM] [Info] [World] Myst [Myst_iU]: "/give 36217 5"
[21/04/2026 4:40:15 PM] [Info] Successfully gave Myst_iU 36217 x5!
[21/04/2026 4:40:15 PM] [Info] [World] Myst [Myst_iU]: "/give 36222"
[21/04/2026 4:40:57 PM] [Info] Successfully gave Myst_iU 36222 x1!
[21/04/2026 4:40:57 PM] [Info] [World] Myst [Myst_iU]: "/give 36217 8"
[21/04/2026 4:40:57 PM] [Info] Successfully gave Myst_iU 36217 x8!
[21/04/2026 4:41:49 PM] [Info] [World] Myst [Myst_iU]: "/give 36217 2"
[21/04/2026 4:41:49 PM] [Info] Successfully gave Myst_iU 36217 x2!
[21/04/2026 4:42:30 PM] [Info] [World] Myst [Myst_iU]: "/give 36217 5"
[21/04/2026 4:42:30 PM] [Info] Successfully gave Myst_iU 36217 x5!
[21/04/2026 4:42:35 PM] [Info] Saving server
[21/04/2026 4:42:44 PM] [Info] MoreHomes >> 8 player homes data has been saved!
[21/04/2026 4:42:44 PM] [Info] [World] Myst [Myst_iU]: "/give 36217 6"
[21/04/2026 4:42:44 PM] [Info] Successfully gave Myst_iU 36217 x6!
[21/04/2026 4:43:01 PM] [Info] [World] Myst [Myst_iU]: "/give 36217 5"
[21/04/2026 4:43:16 PM] [Info] Successfully gave Myst_iU 36217 x5!
[21/04/2026 4:43:16 PM] [Info] [World] Myst [Myst_iU]: "/give 36217"
[21/04/2026 4:43:16 PM] [Info] Successfully gave Myst_iU 36217 x1!
[21/04/2026 4:43:22 PM] [Info] [World] Myst [Myst_iU]: "/give 36217 6"
[21/04/2026 4:43:22 PM] [Info] Successfully gave Myst_iU 36217 x6!
[21/04/2026 4:43:35 PM] [Info] [World] Myst [Myst_iU]: "/give 36217"
[21/04/2026 4:43:35 PM] [Info] Successfully gave Myst_iU 36217 x1!
[21/04/2026 4:43:39 PM] [Info] [World] Myst [Myst_iU]: "/give 36217"
[21/04/2026 4:43:39 PM] [Info] Successfully gave Myst_iU 36217 x1!
[21/04/2026 4:43:45 PM] [Info] [World] Myst [Myst_iU]: "/give 36217 4"
[21/04/2026 4:43:45 PM] [Info] Successfully gave Myst_iU 36217 x4!
[21/04/2026 4:43:54 PM] [Info] [World] Myst [Myst_iU]: "/give 36217"
[21/04/2026 4:45:10 PM] [Info] Successfully gave Myst_iU 36217 x1!
[21/04/2026 4:45:10 PM] [Info] [World] Myst [Myst_iU]: "/give 36217 8"
[21/04/2026 4:45:10 PM] [Info] Successfully gave Myst_iU 36217 x8!
[21/04/2026 4:45:26 PM] [Info] [World] Myst [Myst_iU]: "/give 36217"
[21/04/2026 4:45:26 PM] [Info] Successfully gave Myst_iU 36217 x1!
[21/04/2026 4:45:30 PM] [Info] [World] Myst [Myst_iU]: "/give 36217 5"
[21/04/2026 4:45:30 PM] [Info] Successfully gave Myst_iU 36217 x5!
[21/04/2026 4:49:13 PM] [Info] [World] Myst [Myst_iU]: "/give 36220 7"
[21/04/2026 4:49:13 PM] [Info] Successfully gave Myst_iU 36220 x7!
[21/04/2026 4:51:20 PM] [Info] [World] Myst [Myst_iU]: "/give 36217 10"
[21/04/2026 4:51:58 PM] [Info] Successfully gave Myst_iU 36217 x10!
[21/04/2026 4:51:58 PM] [Info] wiggielicious [wiggielicious] bled to death!
[21/04/2026 4:54:04 PM] [Info] [World] wiggielicious [wiggielicious]: "/tp myst"
[21/04/2026 4:54:04 PM] [Info] wiggielicious teleported to Myst
[21/04/2026 4:54:04 PM] [Info] wiggielicious moved x:662.1406 y:78.75805(+52.41671) z:19.22656 in the last second (0.107872)
[21/04/2026 4:56:08 PM] [Info] wiggielicious [wiggielicious] bled to death!
[21/04/2026 4:56:15 PM] [Info] [World] wiggielicious [wiggielicious]: "/tp myst"
[21/04/2026 4:56:15 PM] [Info] wiggielicious teleported to Myst
[21/04/2026 4:56:15 PM] [Info] wiggielicious moved x:666.3438 y:77.90674(+52.1351) z:21.49219 in the last second (0.121994)
[21/04/2026 4:56:41 PM] [Info] wiggielicious [wiggielicious] suffocated to death!
[21/04/2026 4:56:50 PM] [Info] [World] wiggielicious [wiggielicious]: "/tp myst"
[21/04/2026 4:56:50 PM] [Info] wiggielicious teleported to Myst
[21/04/2026 4:56:51 PM] [Info] wiggielicious moved x:665.5486 y:78.13895(+52.28513) z:21.02364 in the last second (0.12146)
[21/04/2026 4:57:13 PM] [Info] [World] wiggielicious [wiggielicious]: "/tp myst"
[21/04/2026 4:57:14 PM] [Info] wiggielicious teleported to Myst
[21/04/2026 4:57:14 PM] [Info] wiggielicious moved x:671.4375 y:76.37877(+52.07839) z:33.01563 in the last second (0.1011047)
[21/04/2026 4:59:29 PM] [Info] [World] Myst [Myst_iU]: "/give 36236"
[21/04/2026 4:59:29 PM] [Info] Successfully gave Myst_iU 36236 x1!
[21/04/2026 5:00:56 PM] [Info] [World] Myst [Myst_iU]: "/give 36240"
[21/04/2026 5:01:12 PM] [Info] Successfully gave Myst_iU 36240 x1!
[21/04/2026 5:01:12 PM] [Info] [World] Myst [Myst_iU]: "/give 36244"
[21/04/2026 5:01:12 PM] [Info] Successfully gave Myst_iU 36244 x1!
[21/04/2026 5:01:38 PM] [Info] [World] Myst [Myst_iU]: "/give 36511 5"
[21/04/2026 5:01:38 PM] [Info] Successfully gave Myst_iU 36511 x5!
[21/04/2026 5:04:14 PM] [Info] [World] Myst [Myst_iU]: "/give 36243 4"
[21/04/2026 5:04:14 PM] [Info] Successfully gave Myst_iU 36243 x4!
[21/04/2026 5:04:45 PM] [Info] [World] Myst [Myst_iU]: "/give 36242"
[21/04/2026 5:06:47 PM] [Info] Successfully gave Myst_iU 36242 x1!
[21/04/2026 5:06:47 PM] [Info] [World] Myst [Myst_iU]: "/give 36236"
[21/04/2026 5:06:47 PM] [Info] Successfully gave Myst_iU 36236 x1!
[21/04/2026 5:07:01 PM] [Info] [World] Myst [Myst_iU]: "/give 36511 2"
[21/04/2026 5:07:42 PM] [Info] Successfully gave Myst_iU 36511 x2!
[21/04/2026 5:07:42 PM] [Info] [World] Myst [Myst_iU]: "/give 36511"
[21/04/2026 5:07:42 PM] [Info] Successfully gave Myst_iU 36511 x1!
[21/04/2026 5:08:42 PM] [Info] [World] Myst [Myst_iU]: "/give 36496 5"
[21/04/2026 5:09:44 PM] [Info] Successfully gave Myst_iU 36496 x5!
[21/04/2026 5:09:44 PM] [Info] Connecting: PlayerID: 76561198811868695 Name: twicemiku Character: twicemiku
[21/04/2026 5:10:15 PM] [Info] [World] wiggielicious [wiggielicious]: "/tp twic"
[21/04/2026 5:10:15 PM] [Info] wiggielicious teleported to twicemiku
[21/04/2026 5:10:16 PM] [Info] wiggielicious moved x:250.6016 y:53.71675(+27.70938) z:-700.4141 in the last second (0.11726)
[21/04/2026 5:10:29 PM] [Info] [World] Myst [Myst_iU]: "/give 36220 6"
[21/04/2026 5:10:29 PM] [Info] Successfully gave Myst_iU 36220 x6!
[21/04/2026 5:12:35 PM] [Info] Saving server
[21/04/2026 5:15:29 PM] [Info] MoreHomes >> 8 player homes data has been saved!
[21/04/2026 5:15:29 PM] [Info] [World] Myst [Myst_iU]: "/give 36220"
[21/04/2026 5:15:29 PM] [Info] Successfully gave Myst_iU 36220 x1!
[21/04/2026 5:15:48 PM] [Info] [World] Myst [Myst_iU]: "/give 36217 5"
[21/04/2026 5:15:48 PM] [Info] Successfully gave Myst_iU 36217 x5!
[21/04/2026 5:17:09 PM] [Info] [World] Myst [Myst_iU]: "/give 36301"
[21/04/2026 5:17:40 PM] [Info] Successfully gave Myst_iU 36301 x1!
[21/04/2026 5:17:40 PM] [Info] [World] Myst [Myst_iU]: "/give 36293"
[21/04/2026 5:17:49 PM] [Info] Successfully gave Myst_iU 36293 x1!
[21/04/2026 5:17:49 PM] [Info] [World] Myst [Myst_iU]: "/give 36293"
[21/04/2026 5:17:49 PM] [Info] Successfully gave Myst_iU 36293 x1!
[21/04/2026 5:19:28 PM] [Info] [World] wiggielicious [wiggielicious]: "/tp myst"
[21/04/2026 5:19:28 PM] [Info] wiggielicious teleported to Myst
[21/04/2026 5:19:34 PM] [Info] [World] Myst [Myst_iU]: "/give 36220 4"
[21/04/2026 5:19:34 PM] [Info] Successfully gave Myst_iU 36220 x4!
[21/04/2026 5:21:29 PM] [Info] [World] Myst [Myst_iU]: "/give 36232"
[21/04/2026 5:21:29 PM] [Info] Successfully gave Myst_iU 36232 x1!
[21/04/2026 5:21:43 PM] [Info] [World] Myst [Myst_iU]: "/give 36217 3"
[21/04/2026 5:21:43 PM] [Info] Successfully gave Myst_iU 36217 x3!
[21/04/2026 5:25:20 PM] [Info] [World] Myst [Myst_iU]: "/give 36242 4"
[21/04/2026 5:25:20 PM] [Info] Successfully gave Myst_iU 36242 x4!
[21/04/2026 5:26:20 PM] [Info] [World] wiggielicious [wiggielicious]: "/tp twice"
[21/04/2026 5:26:20 PM] [Info] wiggielicious teleported to twicemiku
[21/04/2026 5:26:48 PM] [Info] [World] Myst [Myst_iU]: "/give 36242 5"
[21/04/2026 5:26:48 PM] [Info] Successfully gave Myst_iU 36242 x5!
[21/04/2026 5:27:37 PM] [Info] [World] Myst [Myst_iU]: "/give 36243"
[21/04/2026 5:27:37 PM] [Info] Successfully gave Myst_iU 36243 x1!
[21/04/2026 5:27:47 PM] [Info] [World] Myst [Myst_iU]: "/give 36243 5"
[21/04/2026 5:27:47 PM] [Info] Successfully gave Myst_iU 36243 x5!
[21/04/2026 5:28:00 PM] [Info] [World] Myst [Myst_iU]: "/give 36243 1"
[21/04/2026 5:28:00 PM] [Info] Successfully gave Myst_iU 36243 x1!
[21/04/2026 5:28:06 PM] [Info] [World] Myst [Myst_iU]: "/give 36243 3"
[21/04/2026 5:28:06 PM] [Info] Successfully gave Myst_iU 36243 x3!
[21/04/2026 5:28:44 PM] [Info] [World] Myst [Myst_iU]: "/give 36477"
[21/04/2026 5:28:44 PM] [Info] Successfully gave Myst_iU 36477 x1!
[21/04/2026 5:35:23 PM] [Info] [World] Myst [Myst_iU]: "/give 36242 5"
[21/04/2026 5:35:23 PM] [Info] Successfully gave Myst_iU 36242 x5!
[21/04/2026 5:35:45 PM] [Info] [World] Myst [Myst_iU]: "/give 36243 4"
[21/04/2026 5:35:45 PM] [Info] Successfully gave Myst_iU 36243 x4!
[21/04/2026 5:36:54 PM] [Info] [World] Myst [Myst_iU]: "/GIVE 36496"
[21/04/2026 5:38:36 PM] [Info] Successfully gave Myst_iU 36496 x1!
[21/04/2026 5:38:36 PM] [Info] [World] Myst [Myst_iU]: "/give 36496 5"
[21/04/2026 5:38:36 PM] [Info] Successfully gave Myst_iU 36496 x5!
[21/04/2026 5:40:40 PM] [Info] [World] Myst [Myst_iU]: "/give 36294 5"
[21/04/2026 5:42:03 PM] [Info] Successfully gave Myst_iU 36294 x5!
[21/04/2026 5:42:03 PM] [Info] [World] Myst [Myst_iU]: "/give 36295 5"
[21/04/2026 5:42:35 PM] [Info] Successfully gave Myst_iU 36295 x5!
[21/04/2026 5:42:35 PM] [Info] Saving server
[21/04/2026 5:44:27 PM] [Info] MoreHomes >> 8 player homes data has been saved!
[21/04/2026 5:44:27 PM] [Info] [World] Myst [Myst_iU]: "/give 36496"
[21/04/2026 5:44:27 PM] [Info] Successfully gave Myst_iU 36496 x1!
[21/04/2026 5:44:52 PM] [Info] [World] Myst [Myst_iU]: "/give 36498"
[21/04/2026 5:44:52 PM] [Info] Successfully gave Myst_iU 36498 x1!
[21/04/2026 5:44:53 PM] [Info] [World] wiggielicious [wiggielicious]: "/tp twice"
[21/04/2026 5:45:32 PM] [Info] wiggielicious teleported to twicemiku
[21/04/2026 5:45:32 PM] [Info] [World] Myst [Myst_iU]: "/placard"
[21/04/2026 5:45:49 PM] [Info] [World] Myst [Myst_iU]: "/give 36496"
[21/04/2026 5:45:49 PM] [Info] Successfully gave Myst_iU 36496 x1!
[21/04/2026 5:46:19 PM] [Info] [World] Myst [Myst_iU]: "/give 36496"
[21/04/2026 5:46:19 PM] [Info] Successfully gave Myst_iU 36496 x1!
[21/04/2026 5:47:33 PM] [Info] [World] Myst [Myst_iU]: "/give 36231 2"
[21/04/2026 5:47:33 PM] [Info] Successfully gave Myst_iU 36231 x2!
[21/04/2026 5:48:50 PM] [Info] [World] Myst [Myst_iU]: "/give 36220 4"
[21/04/2026 5:48:50 PM] [Info] Successfully gave Myst_iU 36220 x4!
[21/04/2026 5:49:10 PM] [Info] [World] Myst [Myst_iU]: "/give 36217 5"
[21/04/2026 5:49:10 PM] [Info] Successfully gave Myst_iU 36217 x5!
[21/04/2026 5:49:56 PM] [Info] [World] Myst [Myst_iU]: "/give 36232"
[21/04/2026 5:49:56 PM] [Info] Successfully gave Myst_iU 36232 x1!
[21/04/2026 5:50:01 PM] [Info] [World] Myst [Myst_iU]: "/give 36232"
[21/04/2026 5:50:01 PM] [Info] Successfully gave Myst_iU 36232 x1!
[21/04/2026 5:50:58 PM] [Info] [World] Myst [Myst_iU]: "/give 36217"
[21/04/2026 5:50:58 PM] [Info] Successfully gave Myst_iU 36217 x1!
[21/04/2026 5:52:25 PM] [Info] [World] Myst [Myst_iU]: "/GIVE 36220 2"
[21/04/2026 5:52:25 PM] [Info] Successfully gave Myst_iU 36220 x2!
[21/04/2026 5:52:50 PM] [Info] [World] Myst [Myst_iU]: "/give 36217"
[21/04/2026 5:52:50 PM] [Info] Successfully gave Myst_iU 36217 x1!
[21/04/2026 5:52:57 PM] [Info] Disconnecting: PlayerID: 76561199571006509 Name: wiggielicious Character: wiggielicious
[21/04/2026 5:52:59 PM] [Info] [World] Myst [Myst_iU]: "/give 36217"
[21/04/2026 5:52:59 PM] [Info] Successfully gave Myst_iU 36217 x1!
[21/04/2026 5:53:20 PM] [Info] [World] Myst [Myst_iU]: "/give 36234"
[21/04/2026 5:53:20 PM] [Info] Successfully gave Myst_iU 36234 x1!
[21/04/2026 5:54:06 PM] [Info] [World] Myst [Myst_iU]: "/give 36496"
[21/04/2026 5:54:06 PM] [Info] Successfully gave Myst_iU 36496 x1!
[21/04/2026 5:54:07 PM] [Info] Connecting: PlayerID: 76561199571006509 Name: wiggielicious Character: wiggielicious
[21/04/2026 5:55:07 PM] [Info] [World] Myst [Myst_iU]: "/give 36492"
[21/04/2026 5:55:37 PM] [Info] Successfully gave Myst_iU 36492 x1!
[21/04/2026 5:55:37 PM] [Info] [World] wiggielicious [wiggielicious]: "/tp twice"
[21/04/2026 5:55:37 PM] [Info] wiggielicious teleported to twicemiku
[21/04/2026 5:56:56 PM] [Info] [World] Myst [Myst_iU]: "/tp twice"
[21/04/2026 5:56:56 PM] [Info] Myst teleported to twicemiku
[21/04/2026 5:56:57 PM] [Info] Myst moved x:399.6563 y:66.12605(+35.98894) z:-322.0781 in the last second (0.09999847)
[21/04/2026 5:58:03 PM] [Info] [World] twicemiku [twicemiku]: "/home bed1"
[21/04/2026 5:58:06 PM] [Info] twicemiku moved x:250.6094 y:57.88176(+19.91711) z:-678.9531 in the last second (0.5708466)
[21/04/2026 5:58:29 PM] [Info] [World] Myst [Myst_iU]: "/home bed2"
[21/04/2026 5:58:33 PM] [Info] [World] Myst [Myst_iU]: "/home bed 2"
[21/04/2026 5:58:39 PM] [Info] [World] Myst [Myst_iU]: "/tp intelligence"
[21/04/2026 6:00:25 PM] [Info] Myst teleported to Intelligence
[21/04/2026 6:00:25 PM] [Info] [World] wiggielicious [wiggielicious]: "/tp myst"
[21/04/2026 6:00:25 PM] [Info] wiggielicious teleported to Myst
[21/04/2026 6:00:25 PM] [Info] wiggielicious moved x:36.69531 y:52.60476(+21.12781) z:117.6953 in the last second (0.1006279)
[21/04/2026 6:04:37 PM] [Info] [World] wiggielicious [wiggielicious]: "/tp twice"
[21/04/2026 6:04:37 PM] [Info] wiggielicious teleported to twicemiku
[21/04/2026 6:12:09 PM] [Info] [World] wiggielicious [wiggielicious]: "/tp twice"
[21/04/2026 6:12:09 PM] [Info] wiggielicious teleported to twicemiku
[21/04/2026 6:12:09 PM] [Info] wiggielicious moved x:260.3281 y:65.47402(+33.24707) z:-695.6094 in the last second (0.09999847)
[21/04/2026 6:12:35 PM] [Info] Saving server
[21/04/2026 6:13:49 PM] [Info] MoreHomes >> 8 player homes data has been saved!
[21/04/2026 6:13:49 PM] [Info] [World] Myst [Myst_iU]: "/god"
[21/04/2026 6:15:35 PM] [Info] Myst enabled Godmode
[21/04/2026 6:15:35 PM] [Info] [World] Myst [Myst_iU]: "/give 36418"
[21/04/2026 6:15:35 PM] [Info] Successfully gave Myst_iU 36418 x1!
[21/04/2026 6:16:59 PM] [Info] [World] twicemiku [twicemiku]: "/tp myst"
[21/04/2026 6:16:59 PM] [Info] twicemiku teleported to Myst
[21/04/2026 6:19:11 PM] [Info] [World] Myst [Myst_iU]: "/give 36124"
[21/04/2026 6:19:11 PM] [Info] Successfully gave Myst_iU 36124 x1!
[21/04/2026 6:19:44 PM] [Info] [World] wiggielicious [wiggielicious]: "/tp myst"
[21/04/2026 6:20:17 PM] [Info] wiggielicious teleported to Myst
[21/04/2026 6:20:17 PM] [Info] [World] Myst [Myst_iU]: "/god"
[21/04/2026 6:20:17 PM] [Info] Myst disabled Godmode
[21/04/2026 6:20:19 PM] [Info] Myst [Myst_iU] was chopped in the head by twicemiku [twicemiku]!
[21/04/2026 6:21:47 PM] [Info] Myst [Myst_iU] bled to death!
[21/04/2026 6:26:36 PM] [Info] Myst [Myst_iU] was shot in the head by wiggielicious [wiggielicious]!
[21/04/2026 6:29:21 PM] [Info] [World] twicemiku [twicemiku]: "/home bed1"
[21/04/2026 6:29:25 PM] [Info] twicemiku moved x:250.6094 y:57.41091(+27.2738) z:-678.9531 in the last second (0.09999847)
[21/04/2026 6:29:47 PM] [Info] Myst [Myst_iU] was shot in the head by wiggielicious [wiggielicious]!
[21/04/2026 6:30:12 PM] [Info] wiggielicious [wiggielicious] was shot in the head by Myst [Myst_iU]!
[21/04/2026 6:30:19 PM] [Info] [World] Myst [Myst_iU]: "/god"
[21/04/2026 6:30:19 PM] [Info] Myst enabled Godmode
[21/04/2026 6:30:20 PM] [Info] [World] wiggielicious [wiggielicious]: "/tp myst"
[21/04/2026 6:30:20 PM] [Info] wiggielicious teleported to Myst
[21/04/2026 6:30:53 PM] [Info] [World] twicemiku [twicemiku]: "/tp myst"
[21/04/2026 6:30:53 PM] [Info] twicemiku teleported to Myst
[21/04/2026 6:32:23 PM] [Info] [World] Myst [Myst_iU]: "/give 36355 5"
[21/04/2026 6:32:23 PM] [Info] Successfully gave Myst_iU 36355 x5!
[21/04/2026 6:32:49 PM] [Info] [World] twicemiku [twicemiku]: "/home bed1"
[21/04/2026 6:32:53 PM] [Info] twicemiku moved x:250.6094 y:57.41091(+31.5238) z:-678.9531 in the last second (0.09999847)
[21/04/2026 6:34:12 PM] [Info] [World] Myst [Myst_iU]: "/experience 1500"
[21/04/2026 6:34:14 PM] [Info] Successfully gave Myst_iU +1500 experience!
[21/04/2026 6:34:14 PM] [Info] [World] wiggielicious [wiggielicious]: "/experience 100000"
[21/04/2026 6:34:14 PM] [Info] Successfully gave wiggielicious +100000 experience!
[21/04/2026 6:34:40 PM] [Info] [World] Myst [Myst_iU]: "/experience 1000"
[21/04/2026 6:34:40 PM] [Info] Successfully gave Myst_iU +1000 experience!
[21/04/2026 6:35:23 PM] [Info] MoreHomes >> 8 player homes data has been saved!
[21/04/2026 6:35:23 PM] [Info] Successfully saved the game.
[21/04/2026 6:35:28 PM] [Info] [World] wiggielicious [wiggielicious]: "/tp twice"
[21/04/2026 6:35:28 PM] [Info] wiggielicious teleported to twicemiku
[21/04/2026 6:35:28 PM] [Info] wiggielicious moved x:262.5234 y:52.72403(+26.83692) z:-675.375 in the last second (0.1000023)
[21/04/2026 6:40:44 PM] [Info] [World] wiggielicious [wiggielicious]: "/give bevla"
[21/04/2026 6:42:06 PM] [Info] Successfully gave wiggielicious 36155 x1!
[21/04/2026 6:42:06 PM] [Info] [World] wiggielicious [wiggielicious]: "/give bevlar 2"
[21/04/2026 6:42:35 PM] [Info] Successfully gave wiggielicious 36155 x2!
[21/04/2026 6:42:35 PM] [Info] Saving server
[21/04/2026 6:45:20 PM] [Info] MoreHomes >> 8 player homes data has been saved!
[21/04/2026 6:45:20 PM] [Info] MoreHomes >> 8 player homes data has been saved!
[21/04/2026 6:45:20 PM] [Info] Successfully saved the game.
[21/04/2026 6:45:24 PM] [Info] Disconnecting: PlayerID: 76561198374187872 Name: Myst_iU Character: Myst
[21/04/2026 6:45:24 PM] [Info] Disconnecting: PlayerID: 76561199571006509 Name: wiggielicious Character: wiggielicious
[21/04/2026 6:45:24 PM] [Info] Disconnecting: PlayerID: 76561198811868695 Name: twicemiku Character: twicemiku
[21/04/2026 6:45:25 PM] [Info] MoreHomes >> 8 player homes data has been saved!
[21/04/2026 6:45:26 PM] [Info] 
[unloading] MoreHomes
