[21/04/2026 3:30:01 PM] [Info] [registered] /more (Rocket.Unturned.Commands.CommandMore/more)
[21/04/2026 3:30:01 PM] [Info] [registered] /admin (Rocket.Unturned.Commands.CommandAdmin/admin)
[21/04/2026 3:30:01 PM] [Info] [registered] /broadcast (Rocket.Unturned.Commands.CommandBroadcast/broadcast)
[21/04/2026 3:30:01 PM] [Info] [registered] /compass (Rocket.Unturned.Commands.CommandCompass/compass)
[21/04/2026 3:30:01 PM] [Info] [registered] /effect (Rocket.Unturned.Commands.CommandEffect/effect)
[21/04/2026 3:30:01 PM] [Info] [registered] /exit (Rocket.Unturned.Commands.CommandExit/exit)
[21/04/2026 3:30:01 PM] [Info] [registered] /god (Rocket.Unturned.Commands.CommandGod/god)
[21/04/2026 3:30:01 PM] [Info] [registered] /heal (Rocket.Unturned.Commands.CommandHeal/heal)
[21/04/2026 3:30:01 PM] [Info] [registered] /help (Rocket.Unturned.Commands.CommandHelp/help)
[21/04/2026 3:30:01 PM] [Info] [registered] /i (Rocket.Unturned.Commands.CommandI/i)
[21/04/2026 3:30:01 PM] [Info] [registered] /item (Rocket.Unturned.Commands.CommandI/item)
[21/04/2026 3:30:01 PM] [Info] [registered] /investigate (Rocket.Unturned.Commands.CommandInvestigate/investigate)
[21/04/2026 3:30:01 PM] [Info] [registered] /p (Rocket.Unturned.Commands.CommandP/p)
[21/04/2026 3:30:01 PM] [Info] [registered] /permissions (Rocket.Unturned.Commands.CommandP/permissions)
[21/04/2026 3:30:01 PM] [Info] [registered] /rocket (Rocket.Unturned.Commands.CommandRocket/rocket)
[21/04/2026 3:30:01 PM] [Info] [registered] /tp (Rocket.Unturned.Commands.CommandTp/tp)
[21/04/2026 3:30:01 PM] [Info] [registered] /tphere (Rocket.Unturned.Commands.CommandTphere/tphere)
[21/04/2026 3:30:01 PM] [Info] [registered] /unadmin (Rocket.Unturned.Commands.CommandUnadmin/unadmin)
[21/04/2026 3:30:01 PM] [Info] [registered] /v (Rocket.Unturned.Commands.CommandV/v)
[21/04/2026 3:30:01 PM] [Info] [registered] /vanish (Rocket.Unturned.Commands.CommandVanish/vanish)
[21/04/2026 3:30:01 PM] [Info] Loading HardcoreDurability from E:\SteamLibrary\steamapps\common\U3DS\Servers\New Era Polaris\Rocket\Plugins\HardcoreDurability.dll
[21/04/2026 3:30:01 PM] [Info] Loading MoreHomes from E:\SteamLibrary\steamapps\common\U3DS\Servers\New Era Polaris\Rocket\Plugins\MoreHomes.dll
[21/04/2026 3:30:01 PM] [Info] Loading PolarisMutations from E:\SteamLibrary\steamapps\common\U3DS\Servers\New Era Polaris\Rocket\Plugins\PolarisMutations.dll
[21/04/2026 3:30:01 PM] [Info] Loading SurvivalNotifier from E:\SteamLibrary\steamapps\common\U3DS\Servers\New Era Polaris\Rocket\Plugins\SurvivalNotifier.dll
[21/04/2026 3:30:01 PM] [Info] Loading Teleportation from E:\SteamLibrary\steamapps\common\U3DS\Servers\New Era Polaris\Rocket\Plugins\Teleportation.dll
[21/04/2026 3:30:01 PM] [Error] mscorlib >> Caught exception resolving dependency: 0Harmony -> Exception in DoAssemblyResolve: System.ArgumentNullException: Value cannot be null.
Parameter name: v1
  at System.Version.op_LessThanOrEqual (System.Version v1, System.Version v2) [0x00003] in <1071a2cb0cb3433aae80a793c277a048>:0 
  at System.Version.op_GreaterThanOrEqual (System.Version v1, System.Version v2) [0x00000] in <1071a2cb0cb3433aae80a793c277a048>:0 
  at Rocket.Core.Plugins.RocketPluginManager+<>c__DisplayClass12_0.<Awake>b__1 (System.Collections.Generic.KeyValuePair`2[TKey,TValue] lib) [0x00035] in <59a13feb721848c8b0cd173f6d0e820b>:0 
  at System.Linq.Enumerable.TryGetFirst[TSource] (System.Collections.Generic.IEnumerable`1[T] source, System.Func`2[T,TResult] predicate, System.Boolean& found) [0x0003f] in <ea489521390f48908a7ce45cb17a6848>:0 
  at System.Linq.Enumerable.FirstOrDefault[TSource] (System.Collections.Generic.IEnumerable`1[T] source, System.Func`2[T,TResult] predicate) [0x00000] in <ea489521390f48908a7ce45cb17a6848>:0 
  at Rocket.Core.Plugins.RocketPluginManager.<Awake>b__12_0 (System.Object sender, System.ResolveEventArgs args) [0x00017] in <59a13feb721848c8b0cd173f6d0e820b>:0 
[21/04/2026 3:30:01 PM] [Error] Could not find dependency: 0Harmony
[21/04/2026 3:30:01 PM] [Info] 
[loading] HardcoreDurability
[21/04/2026 3:30:01 PM] [Info] HardcoreDurability >> Hardcore Durability Loaded! Master StackTrace enabled.
[21/04/2026 3:30:01 PM] [Info] 
[loading] MoreHomes
[21/04/2026 3:30:01 PM] [Info] [registered] /home (RestoreMonarchy.MoreHomes.Commands.HomeCommand/home)
[21/04/2026 3:30:01 PM] [Info] [registered] /homes (RestoreMonarchy.MoreHomes.Commands.HomesCommand/homes)
[21/04/2026 3:30:01 PM] [Info] [registered] /destroyhome (RestoreMonarchy.MoreHomes.Commands.DestroyHomeCommand/destroyhome)
[21/04/2026 3:30:01 PM] [Info] [registered] /renamehome (RestoreMonarchy.MoreHomes.Commands.RenameHomeCommand/renamehome)
[21/04/2026 3:30:01 PM] [Info] [registered] /restorehomes (RestoreMonarchy.MoreHomes.Commands.RestoreHomesCommand/restorehomes)
[21/04/2026 3:30:01 PM] [Info] MoreHomes >> MoreHomes 1.7.2.0 has been loaded!
[21/04/2026 3:30:01 PM] [Info] MoreHomes >> Brought to you by RestoreMonarchy.com
[21/04/2026 3:30:01 PM] [Error] mscorlib >> Caught exception resolving dependency: Steamworks.NET -> Exception in DoAssemblyResolve: System.ArgumentNullException: Value cannot be null.
Parameter name: v1
  at System.Version.op_LessThanOrEqual (System.Version v1, System.Version v2) [0x00003] in <1071a2cb0cb3433aae80a793c277a048>:0 
  at System.Version.op_GreaterThanOrEqual (System.Version v1, System.Version v2) [0x00000] in <1071a2cb0cb3433aae80a793c277a048>:0 
  at Rocket.Core.Plugins.RocketPluginManager+<>c__DisplayClass12_0.<Awake>b__1 (System.Collections.Generic.KeyValuePair`2[TKey,TValue] lib) [0x00035] in <59a13feb721848c8b0cd173f6d0e820b>:0 
  at System.Linq.Enumerable.TryGetFirst[TSource] (System.Collections.Generic.IEnumerable`1[T] source, System.Func`2[T,TResult] predicate, System.Boolean& found) [0x0003f] in <ea489521390f48908a7ce45cb17a6848>:0 
  at System.Linq.Enumerable.FirstOrDefault[TSource] (System.Collections.Generic.IEnumerable`1[T] source, System.Func`2[T,TResult] predicate) [0x00000] in <ea489521390f48908a7ce45cb17a6848>:0 
  at Rocket.Core.Plugins.RocketPluginManager.<Awake>b__12_0 (System.Object sender, System.ResolveEventArgs args) [0x00017] in <59a13feb721848c8b0cd173f6d0e820b>:0 
[21/04/2026 3:30:01 PM] [Error] Could not find dependency: Steamworks.NET
[21/04/2026 3:30:01 PM] [Info] 
[loading] PolarisMutations
[21/04/2026 3:30:01 PM] [Info] PolarisMutations >> Polaris Mutations Loaded! Cumulative mutagen scanner active.
[21/04/2026 3:30:01 PM] [Info] 
[loading] SurvivalNotifier
[21/04/2026 3:30:01 PM] [Info] SurvivalNotifier >> Survival Notifier Loaded! 3-Tier tracking enabled.
[21/04/2026 3:30:01 PM] [Info] 
[loading] Teleportation
[21/04/2026 3:30:01 PM] [Info] [registered] /tpa (RestoreMonarchy.Teleportation.Commands.TPACommand/tpa)
[21/04/2026 3:30:01 PM] [Info] Teleportation >> Teleportation 1.6.0.0 has been loaded!
[21/04/2026 3:30:01 PM] [Info] This server will automatically save every 1800 seconds
[21/04/2026 3:30:01 PM] [Info] Steam servers ready!
[21/04/2026 3:30:01 PM] [Info] Workshop install folder: E:\SteamLibrary\steamapps\common\U3DS/Servers/New Era Polaris/Workshop/Steam
[21/04/2026 3:30:01 PM] [Info] 1 workshop item(s) requested
[21/04/2026 3:30:01 PM] [Info] Submitting workshop query for 1 item(s)...
[21/04/2026 3:30:01 PM] [Info] Workshop query yielded 1 result(s)
[21/04/2026 3:30:01 PM] [Info] This server's allowed IP for Workshop downloads: [redacted]
[21/04/2026 3:30:01 PM] [Info] 2898548949 'A6 Polaris' queued for download
[21/04/2026 3:30:01 PM] [Info] 1 workshop item(s) to download...
[21/04/2026 3:30:01 PM] [Info] Workshop item found in cache: 2898548949
[21/04/2026 3:30:01 PM] [Info] Installing workshop item: 2898548949
[21/04/2026 3:30:01 PM] [Info] Installed workshop item: 2898548949
[21/04/2026 3:30:01 PM] [Info] Searched 0 of 1 locations and found 160 asset files...
[21/04/2026 3:30:01 PM] [Info] Read 0 of 160 asset file contents into memory...
[21/04/2026 3:30:01 PM] [Info] Loaded 0 of 160 assets...
[21/04/2026 3:30:01 PM] [Info] Searched 0 of 1 locations and found 416 asset files...
[21/04/2026 3:30:01 PM] [Info] Read 0 of 416 asset file contents into memory...
[21/04/2026 3:30:01 PM] [Info] Loaded 0 of 416 assets...
[21/04/2026 3:30:01 PM] [Info] Searched 0 of 1 locations and found 657 asset files...
[21/04/2026 3:30:01 PM] [Info] Read 0 of 657 asset file contents into memory...
[21/04/2026 3:30:01 PM] [Info] Loaded 0 of 657 assets...
[21/04/2026 3:30:02 PM] [Info] Loaded 0 of 1 asset bundles...
[21/04/2026 3:30:02 PM] [Info] Searched 0 of 1 locations and found 829 asset files...
[21/04/2026 3:30:02 PM] [Info] Read 63 of 829 asset file contents into memory...
[21/04/2026 3:30:02 PM] [Info] Loaded 0 of 829 assets...
[21/04/2026 3:30:02 PM] [Info] Searched 0 of 1 locations and found 958 asset files...
[21/04/2026 3:30:02 PM] [Info] Read 125 of 958 asset file contents into memory...
[21/04/2026 3:30:02 PM] [Info] Loaded 0 of 958 assets...
[21/04/2026 3:30:02 PM] [Info] Searched 0 of 1 locations and found 1230 asset files...
[21/04/2026 3:30:02 PM] [Info] Read 228 of 1230 asset file contents into memory...
[21/04/2026 3:30:02 PM] [Info] Loaded 0 of 1230 assets...
[21/04/2026 3:30:02 PM] [Info] Searched 0 of 1 locations and found 1456 asset files...
[21/04/2026 3:30:02 PM] [Info] Read 302 of 1456 asset file contents into memory...
[21/04/2026 3:30:02 PM] [Info] Loaded 0 of 1456 assets...
[21/04/2026 3:30:02 PM] [Info] Searched 0 of 1 locations and found 1691 asset files...
[21/04/2026 3:30:02 PM] [Info] Read 376 of 1691 asset file contents into memory...
[21/04/2026 3:30:02 PM] [Info] Loaded 0 of 1691 assets...
[21/04/2026 3:30:02 PM] [Info] Searched 0 of 1 locations and found 1897 asset files...
[21/04/2026 3:30:02 PM] [Info] Read 451 of 1897 asset file contents into memory...
[21/04/2026 3:30:02 PM] [Info] Loaded 0 of 1897 assets...
[21/04/2026 3:30:02 PM] [Info] Searched 0 of 1 locations and found 2127 asset files...
[21/04/2026 3:30:02 PM] [Info] Read 530 of 2127 asset file contents into memory...
[21/04/2026 3:30:02 PM] [Info] Loaded 0 of 2127 assets...
[21/04/2026 3:30:02 PM] [Info] Searched 0 of 1 locations and found 2354 asset files...
[21/04/2026 3:30:02 PM] [Info] Read 610 of 2354 asset file contents into memory...
[21/04/2026 3:30:02 PM] [Info] Loaded 0 of 2354 assets...
[21/04/2026 3:30:02 PM] [Info] Searched 1 of 1 locations and found 2378 asset files...
[21/04/2026 3:30:02 PM] [Info] Read 686 of 2378 asset file contents into memory...
[21/04/2026 3:30:02 PM] [Info] Loaded 0 of 2378 assets...
[21/04/2026 3:30:02 PM] [Info] Read 771 of 2378 asset file contents into memory...
[21/04/2026 3:30:02 PM] [Info] Read 844 of 2378 asset file contents into memory...
[21/04/2026 3:30:02 PM] [Info] Read 928 of 2378 asset file contents into memory...
[21/04/2026 3:30:02 PM] [Info] Read 1013 of 2378 asset file contents into memory...
[21/04/2026 3:30:02 PM] [Info] Read 1117 of 2378 asset file contents into memory...
[21/04/2026 3:30:02 PM] [Info] Read 1219 of 2378 asset file contents into memory...
[21/04/2026 3:30:02 PM] [Info] Read 1321 of 2378 asset file contents into memory...
[21/04/2026 3:30:02 PM] [Info] Read 1433 of 2378 asset file contents into memory...
[21/04/2026 3:30:02 PM] [Info] Read 1519 of 2378 asset file contents into memory...
[21/04/2026 3:30:02 PM] [Info] Read 1608 of 2378 asset file contents into memory...
[21/04/2026 3:30:02 PM] [Info] Read 1711 of 2378 asset file contents into memory...
[21/04/2026 3:30:03 PM] [Info] Read 1850 of 2378 asset file contents into memory...
[21/04/2026 3:30:03 PM] [Info] Read 1964 of 2378 asset file contents into memory...
[21/04/2026 3:30:03 PM] [Info] Read 2039 of 2378 asset file contents into memory...
[21/04/2026 3:30:03 PM] [Info] Read 2114 of 2378 asset file contents into memory...
[21/04/2026 3:30:03 PM] [Info] Read 2192 of 2378 asset file contents into memory...
[21/04/2026 3:30:03 PM] [Info] Read 2278 of 2378 asset file contents into memory...
[21/04/2026 3:30:03 PM] [Info] Read 2376 of 2378 asset file contents into memory...
[21/04/2026 3:30:03 PM] [Info] Loaded 1 of 1 asset bundles...
[21/04/2026 3:30:03 PM] [Info] Read 2378 of 2378 asset file contents into memory...
[21/04/2026 3:30:03 PM] [Info] Loaded 3 of 2378 assets...
[21/04/2026 3:30:03 PM] [Info] Loaded 8 of 2378 assets...
[21/04/2026 3:30:03 PM] [Info] Loaded 56 of 2378 assets...
[21/04/2026 3:30:03 PM] [Info] Loaded 92 of 2378 assets...
[21/04/2026 3:30:03 PM] [Info] Loaded 245 of 2378 assets...
[21/04/2026 3:30:03 PM] [Info] Loaded 299 of 2378 assets...
[21/04/2026 3:30:03 PM] [Info] Loaded 329 of 2378 assets...
[21/04/2026 3:30:03 PM] [Info] Loaded 360 of 2378 assets...
[21/04/2026 3:30:03 PM] [Info] Loaded 391 of 2378 assets...
[21/04/2026 3:30:03 PM] [Info] Loaded 482 of 2378 assets...
[21/04/2026 3:30:03 PM] [Info] Loaded 571 of 2378 assets...
[21/04/2026 3:30:04 PM] [Info] Loaded 691 of 2378 assets...
[21/04/2026 3:30:04 PM] [Info] Loaded 724 of 2378 assets...
[21/04/2026 3:30:04 PM] [Info] Loaded 761 of 2378 assets...
[21/04/2026 3:30:04 PM] [Info] Loaded 799 of 2378 assets...
[21/04/2026 3:30:04 PM] [Info] Loaded 817 of 2378 assets...
[21/04/2026 3:30:04 PM] [Info] Loaded 830 of 2378 assets...
[21/04/2026 3:30:04 PM] [Info] Loaded 847 of 2378 assets...
[21/04/2026 3:30:04 PM] [Info] Loaded 1547 of 2378 assets...
[21/04/2026 3:30:04 PM] [Info] Loaded 2378 of 2378 assets...
[21/04/2026 3:30:04 PM] [Info] Level overrides config Animals.Max_Instances_Medium: 256
[21/04/2026 3:30:04 PM] [Info] Skipping level config override Items.Quality_Full_Chance because it's overridden in server config
[21/04/2026 3:30:04 PM] [Info] Level overrides config Barricades.Allow_Item_Placement_On_Vehicle: False
[21/04/2026 3:30:04 PM] [Info] Level overrides config Barricades.Allow_Trap_Placement_On_Vehicle: False
[21/04/2026 3:30:04 PM] [Info] Level overrides config Barricades.Gun_Lowcal_Damage_Multiplier: 1
[21/04/2026 3:30:04 PM] [Info] Level overrides config Barricades.Gun_Highcal_Damage_Multiplier: 1
[21/04/2026 3:30:04 PM] [Info] Level overrides config Barricades.Armor_Lowtier_Multiplier: 1
[21/04/2026 3:30:04 PM] [Info] Level overrides config Barricades.Armor_Hightier_Multiplier: 1
[21/04/2026 3:30:04 PM] [Info] Level overrides config Structures.Gun_Lowcal_Damage_Multiplier: 1
[21/04/2026 3:30:04 PM] [Info] Level overrides config Structures.Gun_Highcal_Damage_Multiplier: 1
[21/04/2026 3:30:04 PM] [Info] Level overrides config Structures.Armor_Lowtier_Multiplier: 1
[21/04/2026 3:30:04 PM] [Info] Level overrides config Structures.Armor_Hightier_Multiplier: 1
[21/04/2026 3:30:04 PM] [Info] Level overrides config Structures.Melee_Damage_Multiplier: 1
[21/04/2026 3:30:04 PM] [Info] Level overrides config Structures.Melee_Repair_Multiplier: 1
[21/04/2026 3:30:04 PM] [Info] Level overrides config Events.Airdrop_Speed: 96
[21/04/2026 3:30:04 PM] [Info] Level overrides config Events.Airdrop_Force: 8.55
[21/04/2026 3:30:04 PM] [Info] Skipping level config override Vehicles.Gun_Lowcal_Damage_Multiplier because it's overridden in server config
[21/04/2026 3:30:04 PM] [Info] Skipping level config override Vehicles.Melee_Damage_Multiplier because it's overridden in server config
[21/04/2026 3:30:04 PM] [Info] Level overrides config Vehicles.Min_Battery_Charge: 1
[21/04/2026 3:30:04 PM] [Info] Level overrides config Vehicles.Max_Battery_Charge: 1
[21/04/2026 3:30:04 PM] [Info] Level overrides config Vehicles.Has_Battery_Chance: 1
[21/04/2026 3:30:04 PM] [Info] Level overrides config Vehicles.Max_Instances_Medium: 48
[21/04/2026 3:30:04 PM] [Info] Skipping level config override Vehicles.Armor_Multiplier because it's overridden in server config
[21/04/2026 3:30:04 PM] [Info] Skipping level config override Players.Experience_Multiplier because it's overridden in server config
[21/04/2026 3:30:04 PM] [Info] Skipping level config override Players.Lose_Skills_PvP because it's overridden in server config
[21/04/2026 3:30:04 PM] [Info] Skipping level config override Players.Lose_Skills_PvE because it's overridden in server config
[21/04/2026 3:30:04 PM] [Info] Skipping level config override Players.Lose_Experience_PvP because it's overridden in server config
[21/04/2026 3:30:04 PM] [Info] Level overrides config Players.Lose_Experience_PvE: 1
[21/04/2026 3:30:04 PM] [Info] Skipping level config override Players.Lose_Skill_Levels_PvP because it's overridden in server config
[21/04/2026 3:30:04 PM] [Info] Skipping level config override Players.Lose_Skill_Levels_PvE because it's overridden in server config
[21/04/2026 3:30:04 PM] [Info] Skipping level config override Players.Virus_Infect because it's overridden in server config
[21/04/2026 3:30:04 PM] [Info] Level overrides config Players.Can_Break_Legs: False
[21/04/2026 3:30:04 PM] [Info] Skipping level config override Zombies.Armor_Multiplier because it's overridden in server config
[21/04/2026 3:30:04 PM] [Info] Level overrides config Zombies.Full_Moon_Experience_Multiplier: 2
[21/04/2026 3:30:04 PM] [Info] Skipping level config override Zombies.Spawn_Chance because it's overridden in server config
[21/04/2026 3:30:04 PM] [Info] Skipping level config override Zombies.Min_Mega_Drops because it's overridden in server config
[21/04/2026 3:30:04 PM] [Info] Skipping level config override Zombies.Max_Mega_Drops because it's overridden in server config
[21/04/2026 3:30:04 PM] [Info] Skipping level config override Zombies.Min_Boss_Drops because it's overridden in server config
[21/04/2026 3:30:04 PM] [Info] Skipping level config override Zombies.Max_Boss_Drops because it's overridden in server config
[21/04/2026 3:30:04 PM] [Info] Skipping level config override Zombies.Loot_Chance because it's overridden in server config
[21/04/2026 3:30:04 PM] [Info] Skipping level config override Gameplay.Chart because it's overridden in server config
[21/04/2026 3:30:04 PM] [Info] Monitoring workshop map "A6 Polaris" (2898548949) for changes
[21/04/2026 3:30:04 PM] [Info] Loading level: 5%
[21/04/2026 3:30:07 PM] [Info] Loading level: 10%
[21/04/2026 3:30:07 PM] [Info] Loading level: 15%
[21/04/2026 3:30:07 PM] [Info] Loading level: 21%
[21/04/2026 3:30:07 PM] [Info] Loading level: 26%
[21/04/2026 3:30:07 PM] [Info] Loading level: 31%
[21/04/2026 3:30:07 PM] [Info] Loading level: 36%
[21/04/2026 3:30:07 PM] [Info] Loading level: 42%
[21/04/2026 3:30:07 PM] [Info] Loading level: 47%
[21/04/2026 3:30:07 PM] [Info] Loading level: 52%
[21/04/2026 3:30:07 PM] [Info] Loading level: 57%
[21/04/2026 3:30:07 PM] [Info] Loading level: 63%
[21/04/2026 3:30:09 PM] [Info] Loading level: 68%
[21/04/2026 3:30:09 PM] [Info] Loading level: 73%
[21/04/2026 3:30:09 PM] [Info] Loading level: 89%
[21/04/2026 3:30:09 PM] [Info] Loading level: 94%
[21/04/2026 3:30:10 PM] [Info] //////////////////////////////////////////////////////
[21/04/2026 3:30:10 PM] [Info] Server Code: 85568392936196484
[21/04/2026 3:30:10 PM] [Info] Your friends can enter this code in the Connect Directly menu to join without port forwarding.
[21/04/2026 3:30:10 PM] [Info] Tip: Use the "CopyServerCode" command to copy the code to your clipboard. Alternatively, in most terminals you can highlight it and press Ctrl+Insert to copy.
[21/04/2026 3:30:10 PM] [Info] //////////////////////////////////////////////////////
[21/04/2026 3:30:10 PM] [Info] Loading level: 100%
[21/04/2026 3:30:30 PM] [Info] Handling SIGINT or SIGBREAK by requesting a graceful shutdown
[21/04/2026 3:30:30 PM] [Info] MoreHomes >> 8 player homes data has been saved!
