[19/04/2026 11:53:08 PM] [Info] [registered] /more (Rocket.Unturned.Commands.CommandMore/more)
[19/04/2026 11:53:10 PM] [Info] [registered] /admin (Rocket.Unturned.Commands.CommandAdmin/admin)
[19/04/2026 11:53:10 PM] [Info] [registered] /broadcast (Rocket.Unturned.Commands.CommandBroadcast/broadcast)
[19/04/2026 11:53:10 PM] [Info] [registered] /compass (Rocket.Unturned.Commands.CommandCompass/compass)
[19/04/2026 11:53:10 PM] [Info] [registered] /effect (Rocket.Unturned.Commands.CommandEffect/effect)
[19/04/2026 11:53:10 PM] [Info] [registered] /exit (Rocket.Unturned.Commands.CommandExit/exit)
[19/04/2026 11:53:10 PM] [Info] [registered] /god (Rocket.Unturned.Commands.CommandGod/god)
[19/04/2026 11:53:10 PM] [Info] [registered] /heal (Rocket.Unturned.Commands.CommandHeal/heal)
[19/04/2026 11:53:10 PM] [Info] [registered] /help (Rocket.Unturned.Commands.CommandHelp/help)
[19/04/2026 11:53:10 PM] [Info] [registered] /i (Rocket.Unturned.Commands.CommandI/i)
[19/04/2026 11:53:10 PM] [Info] [registered] /item (Rocket.Unturned.Commands.CommandI/item)
[19/04/2026 11:53:10 PM] [Info] [registered] /investigate (Rocket.Unturned.Commands.CommandInvestigate/investigate)
[19/04/2026 11:53:10 PM] [Info] [registered] /p (Rocket.Unturned.Commands.CommandP/p)
[19/04/2026 11:53:10 PM] [Info] [registered] /permissions (Rocket.Unturned.Commands.CommandP/permissions)
[19/04/2026 11:53:10 PM] [Info] [registered] /rocket (Rocket.Unturned.Commands.CommandRocket/rocket)
[19/04/2026 11:53:10 PM] [Info] [registered] /tp (Rocket.Unturned.Commands.CommandTp/tp)
[19/04/2026 11:53:10 PM] [Info] [registered] /tphere (Rocket.Unturned.Commands.CommandTphere/tphere)
[19/04/2026 11:53:10 PM] [Info] [registered] /unadmin (Rocket.Unturned.Commands.CommandUnadmin/unadmin)
[19/04/2026 11:53:10 PM] [Info] [registered] /v (Rocket.Unturned.Commands.CommandV/v)
[19/04/2026 11:53:10 PM] [Info] [registered] /vanish (Rocket.Unturned.Commands.CommandVanish/vanish)
[19/04/2026 11:53:10 PM] [Info] Loading HardcoreDurability from E:\SteamLibrary\steamapps\common\U3DS\Servers\New Era Polaris\Rocket\Plugins\HardcoreDurability.dll
[19/04/2026 11:53:10 PM] [Info] Loading MoreHomes from E:\SteamLibrary\steamapps\common\U3DS\Servers\New Era Polaris\Rocket\Plugins\MoreHomes.dll
[19/04/2026 11:53:10 PM] [Info] Loading Teleportation from E:\SteamLibrary\steamapps\common\U3DS\Servers\New Era Polaris\Rocket\Plugins\Teleportation.dll
[19/04/2026 11:53:10 PM] [Error] mscorlib >> Caught exception resolving dependency: 0Harmony -> Exception in DoAssemblyResolve: System.ArgumentNullException: Value cannot be null.
Parameter name: v1
  at System.Version.op_LessThanOrEqual (System.Version v1, System.Version v2) [0x00003] in <1071a2cb0cb3433aae80a793c277a048>:0 
  at System.Version.op_GreaterThanOrEqual (System.Version v1, System.Version v2) [0x00000] in <1071a2cb0cb3433aae80a793c277a048>:0 
  at Rocket.Core.Plugins.RocketPluginManager+<>c__DisplayClass12_0.<Awake>b__1 (System.Collections.Generic.KeyValuePair`2[TKey,TValue] lib) [0x00035] in <59a13feb721848c8b0cd173f6d0e820b>:0 
  at System.Linq.Enumerable.TryGetFirst[TSource] (System.Collections.Generic.IEnumerable`1[T] source, System.Func`2[T,TResult] predicate, System.Boolean& found) [0x0003f] in <ea489521390f48908a7ce45cb17a6848>:0 
  at System.Linq.Enumerable.FirstOrDefault[TSource] (System.Collections.Generic.IEnumerable`1[T] source, System.Func`2[T,TResult] predicate) [0x00000] in <ea489521390f48908a7ce45cb17a6848>:0 
  at Rocket.Core.Plugins.RocketPluginManager.<Awake>b__12_0 (System.Object sender, System.ResolveEventArgs args) [0x00017] in <59a13feb721848c8b0cd173f6d0e820b>:0 
[19/04/2026 11:53:10 PM] [Error] Could not find dependency: 0Harmony
[19/04/2026 11:53:10 PM] [Info] 
[loading] HardcoreDurability
[19/04/2026 11:53:10 PM] [Info] HardcoreDurability >> Hardcore Durability Loaded with Configurations!
[19/04/2026 11:53:10 PM] [Info] 
[loading] MoreHomes
[19/04/2026 11:53:10 PM] [Info] [registered] /home (RestoreMonarchy.MoreHomes.Commands.HomeCommand/home)
[19/04/2026 11:53:10 PM] [Info] [registered] /homes (RestoreMonarchy.MoreHomes.Commands.HomesCommand/homes)
[19/04/2026 11:53:10 PM] [Info] [registered] /destroyhome (RestoreMonarchy.MoreHomes.Commands.DestroyHomeCommand/destroyhome)
[19/04/2026 11:53:10 PM] [Info] [registered] /renamehome (RestoreMonarchy.MoreHomes.Commands.RenameHomeCommand/renamehome)
[19/04/2026 11:53:10 PM] [Info] [registered] /restorehomes (RestoreMonarchy.MoreHomes.Commands.RestoreHomesCommand/restorehomes)
[19/04/2026 11:53:10 PM] [Info] MoreHomes >> MoreHomes 1.7.2.0 has been loaded!
[19/04/2026 11:53:10 PM] [Info] MoreHomes >> Brought to you by RestoreMonarchy.com
[19/04/2026 11:53:10 PM] [Error] mscorlib >> Caught exception resolving dependency: Steamworks.NET -> Exception in DoAssemblyResolve: System.ArgumentNullException: Value cannot be null.
Parameter name: v1
  at System.Version.op_LessThanOrEqual (System.Version v1, System.Version v2) [0x00003] in <1071a2cb0cb3433aae80a793c277a048>:0 
  at System.Version.op_GreaterThanOrEqual (System.Version v1, System.Version v2) [0x00000] in <1071a2cb0cb3433aae80a793c277a048>:0 
  at Rocket.Core.Plugins.RocketPluginManager+<>c__DisplayClass12_0.<Awake>b__1 (System.Collections.Generic.KeyValuePair`2[TKey,TValue] lib) [0x00035] in <59a13feb721848c8b0cd173f6d0e820b>:0 
  at System.Linq.Enumerable.TryGetFirst[TSource] (System.Collections.Generic.IEnumerable`1[T] source, System.Func`2[T,TResult] predicate, System.Boolean& found) [0x0003f] in <ea489521390f48908a7ce45cb17a6848>:0 
  at System.Linq.Enumerable.FirstOrDefault[TSource] (System.Collections.Generic.IEnumerable`1[T] source, System.Func`2[T,TResult] predicate) [0x00000] in <ea489521390f48908a7ce45cb17a6848>:0 
  at Rocket.Core.Plugins.RocketPluginManager.<Awake>b__12_0 (System.Object sender, System.ResolveEventArgs args) [0x00017] in <59a13feb721848c8b0cd173f6d0e820b>:0 
[19/04/2026 11:53:10 PM] [Error] Could not find dependency: Steamworks.NET
[19/04/2026 11:53:10 PM] [Info] 
[loading] Teleportation
[19/04/2026 11:53:10 PM] [Info] [registered] /tpa (RestoreMonarchy.Teleportation.Commands.TPACommand/tpa)
[19/04/2026 11:53:10 PM] [Info] Teleportation >> Teleportation 1.6.0.0 has been loaded!
[19/04/2026 11:53:10 PM] [Info] This server will automatically save every 1800 seconds
[19/04/2026 11:53:10 PM] [Info] Steam servers ready!
[19/04/2026 11:53:10 PM] [Info] Workshop install folder: E:\SteamLibrary\steamapps\common\U3DS/Servers/New Era Polaris/Workshop/Steam
[19/04/2026 11:53:10 PM] [Info] 1 workshop item(s) requested
[19/04/2026 11:53:10 PM] [Info] Submitting workshop query for 1 item(s)...
[19/04/2026 11:53:10 PM] [Info] Workshop query yielded 1 result(s)
[19/04/2026 11:53:10 PM] [Info] This server's allowed IP for Workshop downloads: [redacted]
[19/04/2026 11:53:10 PM] [Info] 2898548949 'A6 Polaris' queued for download
[19/04/2026 11:53:10 PM] [Info] 1 workshop item(s) to download...
[19/04/2026 11:53:10 PM] [Info] Workshop item found in cache: 2898548949
[19/04/2026 11:53:10 PM] [Info] Installing workshop item: 2898548949
[19/04/2026 11:53:10 PM] [Info] Installed workshop item: 2898548949
[19/04/2026 11:53:10 PM] [Info] Searched 0 of 1 locations and found 107 asset files...
[19/04/2026 11:53:10 PM] [Info] Read 0 of 107 asset file contents into memory...
[19/04/2026 11:53:10 PM] [Info] Loaded 0 of 107 assets...
[19/04/2026 11:53:10 PM] [Info] Searched 0 of 1 locations and found 254 asset files...
[19/04/2026 11:53:10 PM] [Info] Read 0 of 254 asset file contents into memory...
[19/04/2026 11:53:10 PM] [Info] Loaded 0 of 254 assets...
[19/04/2026 11:53:10 PM] [Info] Searched 0 of 1 locations and found 376 asset files...
[19/04/2026 11:53:10 PM] [Info] Read 0 of 376 asset file contents into memory...
[19/04/2026 11:53:10 PM] [Info] Loaded 0 of 376 assets...
[19/04/2026 11:53:11 PM] [Info] Loaded 0 of 1 asset bundles...
[19/04/2026 11:53:11 PM] [Info] Searched 0 of 1 locations and found 496 asset files...
[19/04/2026 11:53:11 PM] [Info] Read 0 of 496 asset file contents into memory...
[19/04/2026 11:53:11 PM] [Info] Loaded 0 of 496 assets...
[19/04/2026 11:53:11 PM] [Info] Searched 0 of 1 locations and found 668 asset files...
[19/04/2026 11:53:11 PM] [Info] Read 5 of 668 asset file contents into memory...
[19/04/2026 11:53:11 PM] [Info] Loaded 0 of 668 assets...
[19/04/2026 11:53:11 PM] [Info] Searched 0 of 1 locations and found 838 asset files...
[19/04/2026 11:53:11 PM] [Info] Read 12 of 838 asset file contents into memory...
[19/04/2026 11:53:11 PM] [Info] Loaded 0 of 838 assets...
[19/04/2026 11:53:11 PM] [Info] Searched 0 of 1 locations and found 987 asset files...
[19/04/2026 11:53:11 PM] [Info] Read 19 of 987 asset file contents into memory...
[19/04/2026 11:53:11 PM] [Info] Loaded 0 of 987 assets...
[19/04/2026 11:53:11 PM] [Info] Searched 0 of 1 locations and found 1151 asset files...
[19/04/2026 11:53:11 PM] [Info] Read 26 of 1151 asset file contents into memory...
[19/04/2026 11:53:11 PM] [Info] Loaded 0 of 1151 assets...
[19/04/2026 11:53:11 PM] [Info] Searched 0 of 1 locations and found 1292 asset files...
[19/04/2026 11:53:11 PM] [Info] Read 33 of 1292 asset file contents into memory...
[19/04/2026 11:53:11 PM] [Info] Loaded 0 of 1292 assets...
[19/04/2026 11:53:11 PM] [Info] Searched 0 of 1 locations and found 1422 asset files...
[19/04/2026 11:53:11 PM] [Info] Read 41 of 1422 asset file contents into memory...
[19/04/2026 11:53:11 PM] [Info] Loaded 0 of 1422 assets...
[19/04/2026 11:53:11 PM] [Info] Searched 0 of 1 locations and found 1577 asset files...
[19/04/2026 11:53:11 PM] [Info] Read 49 of 1577 asset file contents into memory...
[19/04/2026 11:53:11 PM] [Info] Loaded 0 of 1577 assets...
[19/04/2026 11:53:11 PM] [Info] Searched 0 of 1 locations and found 1729 asset files...
[19/04/2026 11:53:11 PM] [Info] Read 57 of 1729 asset file contents into memory...
[19/04/2026 11:53:11 PM] [Info] Loaded 0 of 1729 assets...
[19/04/2026 11:53:11 PM] [Info] Searched 0 of 1 locations and found 1917 asset files...
[19/04/2026 11:53:11 PM] [Info] Read 65 of 1917 asset file contents into memory...
[19/04/2026 11:53:11 PM] [Info] Loaded 0 of 1917 assets...
[19/04/2026 11:53:11 PM] [Info] Searched 0 of 1 locations and found 2075 asset files...
[19/04/2026 11:53:11 PM] [Info] Read 70 of 2075 asset file contents into memory...
[19/04/2026 11:53:11 PM] [Info] Loaded 0 of 2075 assets...
[19/04/2026 11:53:11 PM] [Info] Searched 0 of 1 locations and found 2262 asset files...
[19/04/2026 11:53:11 PM] [Info] Read 73 of 2262 asset file contents into memory...
[19/04/2026 11:53:11 PM] [Info] Loaded 0 of 2262 assets...
[19/04/2026 11:53:11 PM] [Info] Searched 1 of 1 locations and found 2378 asset files...
[19/04/2026 11:53:11 PM] [Info] Read 76 of 2378 asset file contents into memory...
[19/04/2026 11:53:11 PM] [Info] Loaded 0 of 2378 assets...
[19/04/2026 11:53:11 PM] [Info] Read 80 of 2378 asset file contents into memory...
[19/04/2026 11:53:11 PM] [Info] Read 84 of 2378 asset file contents into memory...
[19/04/2026 11:53:11 PM] [Info] Read 87 of 2378 asset file contents into memory...
[19/04/2026 11:53:11 PM] [Info] Read 90 of 2378 asset file contents into memory...
[19/04/2026 11:53:11 PM] [Info] Read 94 of 2378 asset file contents into memory...
[19/04/2026 11:53:11 PM] [Info] Read 97 of 2378 asset file contents into memory...
[19/04/2026 11:53:11 PM] [Info] Read 101 of 2378 asset file contents into memory...
[19/04/2026 11:53:12 PM] [Info] Read 105 of 2378 asset file contents into memory...
[19/04/2026 11:53:12 PM] [Info] Read 110 of 2378 asset file contents into memory...
[19/04/2026 11:53:12 PM] [Info] Read 114 of 2378 asset file contents into memory...
[19/04/2026 11:53:12 PM] [Info] Read 118 of 2378 asset file contents into memory...
[19/04/2026 11:53:12 PM] [Info] Read 123 of 2378 asset file contents into memory...
[19/04/2026 11:53:12 PM] [Info] Read 128 of 2378 asset file contents into memory...
[19/04/2026 11:53:12 PM] [Info] Read 132 of 2378 asset file contents into memory...
[19/04/2026 11:53:12 PM] [Info] Loaded 1 of 1 asset bundles...
[19/04/2026 11:53:12 PM] [Info] Read 137 of 2378 asset file contents into memory...
[19/04/2026 11:53:12 PM] [Info] Loaded 3 of 2378 assets...
[19/04/2026 11:53:12 PM] [Info] Read 141 of 2378 asset file contents into memory...
[19/04/2026 11:53:12 PM] [Info] Loaded 7 of 2378 assets...
[19/04/2026 11:53:12 PM] [Info] Read 145 of 2378 asset file contents into memory...
[19/04/2026 11:53:12 PM] [Info] Loaded 54 of 2378 assets...
[19/04/2026 11:53:12 PM] [Info] Read 150 of 2378 asset file contents into memory...
[19/04/2026 11:53:12 PM] [Info] Loaded 88 of 2378 assets...
[19/04/2026 11:53:12 PM] [Info] Read 154 of 2378 asset file contents into memory...
[19/04/2026 11:53:12 PM] [Info] Loaded 154 of 2378 assets...
[19/04/2026 11:53:12 PM] [Info] Read 158 of 2378 asset file contents into memory...
[19/04/2026 11:53:12 PM] [Info] Loaded 158 of 2378 assets...
[19/04/2026 11:53:12 PM] [Info] Read 165 of 2378 asset file contents into memory...
[19/04/2026 11:53:12 PM] [Info] Loaded 165 of 2378 assets...
[19/04/2026 11:53:12 PM] [Info] Read 173 of 2378 asset file contents into memory...
[19/04/2026 11:53:12 PM] [Info] Loaded 173 of 2378 assets...
[19/04/2026 11:53:12 PM] [Info] Read 180 of 2378 asset file contents into memory...
[19/04/2026 11:53:12 PM] [Info] Loaded 180 of 2378 assets...
[19/04/2026 11:53:12 PM] [Info] Read 187 of 2378 asset file contents into memory...
[19/04/2026 11:53:12 PM] [Info] Loaded 187 of 2378 assets...
[19/04/2026 11:53:12 PM] [Info] Read 195 of 2378 asset file contents into memory...
[19/04/2026 11:53:12 PM] [Info] Loaded 195 of 2378 assets...
[19/04/2026 11:53:12 PM] [Info] Read 203 of 2378 asset file contents into memory...
[19/04/2026 11:53:12 PM] [Info] Loaded 203 of 2378 assets...
[19/04/2026 11:53:12 PM] [Info] Read 208 of 2378 asset file contents into memory...
[19/04/2026 11:53:12 PM] [Info] Loaded 208 of 2378 assets...
[19/04/2026 11:53:13 PM] [Info] Read 212 of 2378 asset file contents into memory...
[19/04/2026 11:53:13 PM] [Info] Loaded 212 of 2378 assets...
[19/04/2026 11:53:13 PM] [Info] Read 216 of 2378 asset file contents into memory...
[19/04/2026 11:53:13 PM] [Info] Loaded 216 of 2378 assets...
[19/04/2026 11:53:13 PM] [Info] Read 220 of 2378 asset file contents into memory...
[19/04/2026 11:53:13 PM] [Info] Loaded 220 of 2378 assets...
[19/04/2026 11:53:13 PM] [Info] Read 225 of 2378 asset file contents into memory...
[19/04/2026 11:53:13 PM] [Info] Loaded 225 of 2378 assets...
[19/04/2026 11:53:13 PM] [Info] Read 229 of 2378 asset file contents into memory...
[19/04/2026 11:53:13 PM] [Info] Loaded 229 of 2378 assets...
[19/04/2026 11:53:13 PM] [Info] Read 232 of 2378 asset file contents into memory...
[19/04/2026 11:53:13 PM] [Info] Loaded 232 of 2378 assets...
[19/04/2026 11:53:13 PM] [Info] Read 235 of 2378 asset file contents into memory...
[19/04/2026 11:53:13 PM] [Info] Loaded 235 of 2378 assets...
[19/04/2026 11:53:13 PM] [Info] Read 239 of 2378 asset file contents into memory...
[19/04/2026 11:53:13 PM] [Info] Loaded 239 of 2378 assets...
[19/04/2026 11:53:13 PM] [Info] Read 243 of 2378 asset file contents into memory...
[19/04/2026 11:53:13 PM] [Info] Loaded 243 of 2378 assets...
[19/04/2026 11:53:13 PM] [Info] Read 246 of 2378 asset file contents into memory...
[19/04/2026 11:53:13 PM] [Info] Loaded 246 of 2378 assets...
[19/04/2026 11:53:13 PM] [Info] Read 250 of 2378 asset file contents into memory...
[19/04/2026 11:53:13 PM] [Info] Loaded 250 of 2378 assets...
[19/04/2026 11:53:13 PM] [Info] Read 253 of 2378 asset file contents into memory...
[19/04/2026 11:53:13 PM] [Info] Loaded 253 of 2378 assets...
[19/04/2026 11:53:13 PM] [Info] Read 257 of 2378 asset file contents into memory...
[19/04/2026 11:53:13 PM] [Info] Loaded 257 of 2378 assets...
[19/04/2026 11:53:13 PM] [Info] Read 261 of 2378 asset file contents into memory...
[19/04/2026 11:53:13 PM] [Info] Loaded 261 of 2378 assets...
[19/04/2026 11:53:13 PM] [Info] Read 265 of 2378 asset file contents into memory...
[19/04/2026 11:53:13 PM] [Info] Loaded 265 of 2378 assets...
[19/04/2026 11:53:13 PM] [Info] Read 268 of 2378 asset file contents into memory...
[19/04/2026 11:53:13 PM] [Info] Loaded 268 of 2378 assets...
[19/04/2026 11:53:13 PM] [Info] Read 272 of 2378 asset file contents into memory...
[19/04/2026 11:53:13 PM] [Info] Loaded 272 of 2378 assets...
[19/04/2026 11:53:13 PM] [Info] Read 276 of 2378 asset file contents into memory...
[19/04/2026 11:53:13 PM] [Info] Loaded 276 of 2378 assets...
[19/04/2026 11:53:14 PM] [Info] Read 280 of 2378 asset file contents into memory...
[19/04/2026 11:53:14 PM] [Info] Loaded 280 of 2378 assets...
[19/04/2026 11:53:14 PM] [Info] Read 284 of 2378 asset file contents into memory...
[19/04/2026 11:53:14 PM] [Info] Loaded 284 of 2378 assets...
[19/04/2026 11:53:14 PM] [Info] Read 288 of 2378 asset file contents into memory...
[19/04/2026 11:53:14 PM] [Info] Loaded 288 of 2378 assets...
[19/04/2026 11:53:14 PM] [Info] Read 291 of 2378 asset file contents into memory...
[19/04/2026 11:53:14 PM] [Info] Loaded 291 of 2378 assets...
[19/04/2026 11:53:14 PM] [Info] Read 295 of 2378 asset file contents into memory...
[19/04/2026 11:53:14 PM] [Info] Loaded 295 of 2378 assets...
[19/04/2026 11:53:14 PM] [Info] Read 299 of 2378 asset file contents into memory...
[19/04/2026 11:53:14 PM] [Info] Loaded 299 of 2378 assets...
[19/04/2026 11:53:14 PM] [Info] Read 303 of 2378 asset file contents into memory...
[19/04/2026 11:53:14 PM] [Info] Loaded 303 of 2378 assets...
[19/04/2026 11:53:14 PM] [Info] Read 307 of 2378 asset file contents into memory...
[19/04/2026 11:53:14 PM] [Info] Loaded 307 of 2378 assets...
[19/04/2026 11:53:14 PM] [Info] Read 312 of 2378 asset file contents into memory...
[19/04/2026 11:53:14 PM] [Info] Loaded 312 of 2378 assets...
[19/04/2026 11:53:14 PM] [Info] Read 315 of 2378 asset file contents into memory...
[19/04/2026 11:53:14 PM] [Info] Loaded 315 of 2378 assets...
[19/04/2026 11:53:14 PM] [Info] Read 321 of 2378 asset file contents into memory...
[19/04/2026 11:53:14 PM] [Info] Loaded 321 of 2378 assets...
[19/04/2026 11:53:14 PM] [Info] Read 327 of 2378 asset file contents into memory...
[19/04/2026 11:53:14 PM] [Info] Loaded 327 of 2378 assets...
[19/04/2026 11:53:14 PM] [Info] Read 332 of 2378 asset file contents into memory...
[19/04/2026 11:53:14 PM] [Info] Loaded 332 of 2378 assets...
[19/04/2026 11:53:14 PM] [Info] Read 336 of 2378 asset file contents into memory...
[19/04/2026 11:53:14 PM] [Info] Loaded 336 of 2378 assets...
[19/04/2026 11:53:14 PM] [Info] Read 342 of 2378 asset file contents into memory...
[19/04/2026 11:53:14 PM] [Info] Loaded 342 of 2378 assets...
[19/04/2026 11:53:14 PM] [Info] Read 346 of 2378 asset file contents into memory...
[19/04/2026 11:53:14 PM] [Info] Loaded 346 of 2378 assets...
[19/04/2026 11:53:14 PM] [Info] Read 350 of 2378 asset file contents into memory...
[19/04/2026 11:53:14 PM] [Info] Loaded 350 of 2378 assets...
[19/04/2026 11:53:14 PM] [Info] Read 353 of 2378 asset file contents into memory...
[19/04/2026 11:53:14 PM] [Info] Loaded 353 of 2378 assets...
[19/04/2026 11:53:14 PM] [Info] Read 357 of 2378 asset file contents into memory...
[19/04/2026 11:53:14 PM] [Info] Loaded 357 of 2378 assets...
[19/04/2026 11:53:14 PM] [Info] Read 361 of 2378 asset file contents into memory...
[19/04/2026 11:53:14 PM] [Info] Loaded 361 of 2378 assets...
[19/04/2026 11:53:15 PM] [Info] Read 365 of 2378 asset file contents into memory...
[19/04/2026 11:53:15 PM] [Info] Loaded 365 of 2378 assets...
[19/04/2026 11:53:15 PM] [Info] Read 370 of 2378 asset file contents into memory...
[19/04/2026 11:53:15 PM] [Info] Loaded 370 of 2378 assets...
[19/04/2026 11:53:15 PM] [Info] Read 374 of 2378 asset file contents into memory...
[19/04/2026 11:53:15 PM] [Info] Loaded 374 of 2378 assets...
[19/04/2026 11:53:15 PM] [Info] Read 378 of 2378 asset file contents into memory...
[19/04/2026 11:53:15 PM] [Info] Loaded 378 of 2378 assets...
[19/04/2026 11:53:15 PM] [Info] Read 382 of 2378 asset file contents into memory...
[19/04/2026 11:53:15 PM] [Info] Loaded 382 of 2378 assets...
[19/04/2026 11:53:15 PM] [Info] Read 387 of 2378 asset file contents into memory...
[19/04/2026 11:53:15 PM] [Info] Loaded 387 of 2378 assets...
[19/04/2026 11:53:15 PM] [Info] Read 391 of 2378 asset file contents into memory...
[19/04/2026 11:53:15 PM] [Info] Loaded 391 of 2378 assets...
[19/04/2026 11:53:15 PM] [Info] Read 395 of 2378 asset file contents into memory...
[19/04/2026 11:53:15 PM] [Info] Loaded 395 of 2378 assets...
[19/04/2026 11:53:15 PM] [Info] Read 399 of 2378 asset file contents into memory...
[19/04/2026 11:53:15 PM] [Info] Loaded 399 of 2378 assets...
[19/04/2026 11:53:15 PM] [Info] Read 404 of 2378 asset file contents into memory...
[19/04/2026 11:53:15 PM] [Info] Loaded 404 of 2378 assets...
[19/04/2026 11:53:15 PM] [Info] Read 408 of 2378 asset file contents into memory...
[19/04/2026 11:53:15 PM] [Info] Loaded 408 of 2378 assets...
[19/04/2026 11:53:15 PM] [Info] Read 414 of 2378 asset file contents into memory...
[19/04/2026 11:53:15 PM] [Info] Loaded 414 of 2378 assets...
[19/04/2026 11:53:15 PM] [Info] Read 420 of 2378 asset file contents into memory...
[19/04/2026 11:53:15 PM] [Info] Loaded 420 of 2378 assets...
[19/04/2026 11:53:15 PM] [Info] Read 424 of 2378 asset file contents into memory...
[19/04/2026 11:53:15 PM] [Info] Loaded 424 of 2378 assets...
[19/04/2026 11:53:15 PM] [Info] Read 429 of 2378 asset file contents into memory...
[19/04/2026 11:53:15 PM] [Info] Loaded 429 of 2378 assets...
[19/04/2026 11:53:15 PM] [Info] Read 433 of 2378 asset file contents into memory...
[19/04/2026 11:53:15 PM] [Info] Loaded 433 of 2378 assets...
[19/04/2026 11:53:15 PM] [Info] Read 437 of 2378 asset file contents into memory...
[19/04/2026 11:53:15 PM] [Info] Loaded 437 of 2378 assets...
[19/04/2026 11:53:15 PM] [Info] Read 442 of 2378 asset file contents into memory...
[19/04/2026 11:53:15 PM] [Info] Loaded 442 of 2378 assets...
[19/04/2026 11:53:15 PM] [Info] Read 447 of 2378 asset file contents into memory...
[19/04/2026 11:53:15 PM] [Info] Loaded 447 of 2378 assets...
[19/04/2026 11:53:15 PM] [Info] Read 452 of 2378 asset file contents into memory...
[19/04/2026 11:53:15 PM] [Info] Loaded 452 of 2378 assets...
[19/04/2026 11:53:16 PM] [Info] Read 458 of 2378 asset file contents into memory...
[19/04/2026 11:53:16 PM] [Info] Loaded 458 of 2378 assets...
[19/04/2026 11:53:16 PM] [Info] Read 462 of 2378 asset file contents into memory...
[19/04/2026 11:53:16 PM] [Info] Loaded 462 of 2378 assets...
[19/04/2026 11:53:16 PM] [Info] Read 466 of 2378 asset file contents into memory...
[19/04/2026 11:53:16 PM] [Info] Loaded 466 of 2378 assets...
[19/04/2026 11:53:16 PM] [Info] Read 470 of 2378 asset file contents into memory...
[19/04/2026 11:53:16 PM] [Info] Loaded 470 of 2378 assets...
[19/04/2026 11:53:16 PM] [Info] Read 474 of 2378 asset file contents into memory...
[19/04/2026 11:53:16 PM] [Info] Loaded 474 of 2378 assets...
[19/04/2026 11:53:16 PM] [Info] Read 479 of 2378 asset file contents into memory...
[19/04/2026 11:53:16 PM] [Info] Loaded 479 of 2378 assets...
[19/04/2026 11:53:16 PM] [Info] Read 483 of 2378 asset file contents into memory...
[19/04/2026 11:53:16 PM] [Info] Loaded 483 of 2378 assets...
[19/04/2026 11:53:16 PM] [Info] Read 487 of 2378 asset file contents into memory...
[19/04/2026 11:53:16 PM] [Info] Loaded 487 of 2378 assets...
[19/04/2026 11:53:16 PM] [Info] Read 492 of 2378 asset file contents into memory...
[19/04/2026 11:53:16 PM] [Info] Loaded 492 of 2378 assets...
[19/04/2026 11:53:16 PM] [Info] Read 496 of 2378 asset file contents into memory...
[19/04/2026 11:53:16 PM] [Info] Loaded 496 of 2378 assets...
[19/04/2026 11:53:16 PM] [Info] Read 500 of 2378 asset file contents into memory...
[19/04/2026 11:53:16 PM] [Info] Loaded 500 of 2378 assets...
[19/04/2026 11:53:16 PM] [Info] Read 504 of 2378 asset file contents into memory...
[19/04/2026 11:53:16 PM] [Info] Loaded 504 of 2378 assets...
[19/04/2026 11:53:16 PM] [Info] Read 509 of 2378 asset file contents into memory...
[19/04/2026 11:53:16 PM] [Info] Loaded 509 of 2378 assets...
[19/04/2026 11:53:16 PM] [Info] Read 513 of 2378 asset file contents into memory...
[19/04/2026 11:53:16 PM] [Info] Loaded 513 of 2378 assets...
[19/04/2026 11:53:16 PM] [Info] Read 517 of 2378 asset file contents into memory...
[19/04/2026 11:53:16 PM] [Info] Loaded 517 of 2378 assets...
[19/04/2026 11:53:16 PM] [Info] Read 521 of 2378 asset file contents into memory...
[19/04/2026 11:53:16 PM] [Info] Loaded 521 of 2378 assets...
[19/04/2026 11:53:16 PM] [Info] Read 525 of 2378 asset file contents into memory...
[19/04/2026 11:53:16 PM] [Info] Loaded 525 of 2378 assets...
[19/04/2026 11:53:16 PM] [Info] Read 528 of 2378 asset file contents into memory...
[19/04/2026 11:53:16 PM] [Info] Loaded 528 of 2378 assets...
[19/04/2026 11:53:16 PM] [Info] Read 532 of 2378 asset file contents into memory...
[19/04/2026 11:53:16 PM] [Info] Loaded 532 of 2378 assets...
[19/04/2026 11:53:16 PM] [Info] Read 536 of 2378 asset file contents into memory...
[19/04/2026 11:53:16 PM] [Info] Loaded 536 of 2378 assets...
[19/04/2026 11:53:17 PM] [Info] Read 540 of 2378 asset file contents into memory...
[19/04/2026 11:53:17 PM] [Info] Loaded 540 of 2378 assets...
[19/04/2026 11:53:17 PM] [Info] Read 544 of 2378 asset file contents into memory...
[19/04/2026 11:53:17 PM] [Info] Loaded 544 of 2378 assets...
[19/04/2026 11:53:17 PM] [Info] Read 548 of 2378 asset file contents into memory...
[19/04/2026 11:53:17 PM] [Info] Loaded 548 of 2378 assets...
[19/04/2026 11:53:17 PM] [Info] Read 551 of 2378 asset file contents into memory...
[19/04/2026 11:53:17 PM] [Info] Loaded 551 of 2378 assets...
[19/04/2026 11:53:17 PM] [Info] Read 555 of 2378 asset file contents into memory...
[19/04/2026 11:53:17 PM] [Info] Loaded 555 of 2378 assets...
[19/04/2026 11:53:17 PM] [Info] Read 558 of 2378 asset file contents into memory...
[19/04/2026 11:53:17 PM] [Info] Loaded 558 of 2378 assets...
[19/04/2026 11:53:17 PM] [Info] Read 561 of 2378 asset file contents into memory...
[19/04/2026 11:53:17 PM] [Info] Loaded 561 of 2378 assets...
[19/04/2026 11:53:17 PM] [Info] Read 564 of 2378 asset file contents into memory...
[19/04/2026 11:53:17 PM] [Info] Loaded 564 of 2378 assets...
[19/04/2026 11:53:17 PM] [Info] Read 568 of 2378 asset file contents into memory...
[19/04/2026 11:53:17 PM] [Info] Loaded 568 of 2378 assets...
[19/04/2026 11:53:17 PM] [Info] Read 571 of 2378 asset file contents into memory...
[19/04/2026 11:53:17 PM] [Info] Loaded 571 of 2378 assets...
[19/04/2026 11:53:17 PM] [Info] Read 575 of 2378 asset file contents into memory...
[19/04/2026 11:53:17 PM] [Info] Loaded 575 of 2378 assets...
[19/04/2026 11:53:17 PM] [Info] Read 578 of 2378 asset file contents into memory...
[19/04/2026 11:53:17 PM] [Info] Loaded 578 of 2378 assets...
[19/04/2026 11:53:17 PM] [Info] Read 583 of 2378 asset file contents into memory...
[19/04/2026 11:53:17 PM] [Info] Loaded 583 of 2378 assets...
[19/04/2026 11:53:17 PM] [Info] Read 586 of 2378 asset file contents into memory...
[19/04/2026 11:53:17 PM] [Info] Loaded 586 of 2378 assets...
[19/04/2026 11:53:17 PM] [Info] Read 590 of 2378 asset file contents into memory...
[19/04/2026 11:53:17 PM] [Info] Loaded 590 of 2378 assets...
[19/04/2026 11:53:17 PM] [Info] Read 594 of 2378 asset file contents into memory...
[19/04/2026 11:53:17 PM] [Info] Loaded 594 of 2378 assets...
[19/04/2026 11:53:17 PM] [Info] Read 598 of 2378 asset file contents into memory...
[19/04/2026 11:53:17 PM] [Info] Loaded 598 of 2378 assets...
[19/04/2026 11:53:17 PM] [Info] Read 601 of 2378 asset file contents into memory...
[19/04/2026 11:53:17 PM] [Info] Loaded 601 of 2378 assets...
[19/04/2026 11:53:17 PM] [Info] Read 604 of 2378 asset file contents into memory...
[19/04/2026 11:53:17 PM] [Info] Loaded 604 of 2378 assets...
[19/04/2026 11:53:17 PM] [Info] Read 609 of 2378 asset file contents into memory...
[19/04/2026 11:53:17 PM] [Info] Loaded 609 of 2378 assets...
[19/04/2026 11:53:18 PM] [Info] Read 612 of 2378 asset file contents into memory...
[19/04/2026 11:53:18 PM] [Info] Loaded 612 of 2378 assets...
[19/04/2026 11:53:18 PM] [Info] Read 618 of 2378 asset file contents into memory...
[19/04/2026 11:53:18 PM] [Info] Loaded 618 of 2378 assets...
[19/04/2026 11:53:18 PM] [Info] Read 622 of 2378 asset file contents into memory...
[19/04/2026 11:53:18 PM] [Info] Loaded 622 of 2378 assets...
[19/04/2026 11:53:18 PM] [Info] Read 626 of 2378 asset file contents into memory...
[19/04/2026 11:53:18 PM] [Info] Loaded 626 of 2378 assets...
[19/04/2026 11:53:18 PM] [Info] Read 630 of 2378 asset file contents into memory...
[19/04/2026 11:53:18 PM] [Info] Loaded 630 of 2378 assets...
[19/04/2026 11:53:18 PM] [Info] Read 635 of 2378 asset file contents into memory...
[19/04/2026 11:53:18 PM] [Info] Loaded 635 of 2378 assets...
[19/04/2026 11:53:18 PM] [Info] Read 639 of 2378 asset file contents into memory...
[19/04/2026 11:53:18 PM] [Info] Loaded 639 of 2378 assets...
[19/04/2026 11:53:18 PM] [Info] Read 645 of 2378 asset file contents into memory...
[19/04/2026 11:53:18 PM] [Info] Loaded 645 of 2378 assets...
[19/04/2026 11:53:18 PM] [Info] Read 649 of 2378 asset file contents into memory...
[19/04/2026 11:53:18 PM] [Info] Loaded 649 of 2378 assets...
[19/04/2026 11:53:18 PM] [Info] Read 655 of 2378 asset file contents into memory...
[19/04/2026 11:53:18 PM] [Info] Loaded 655 of 2378 assets...
[19/04/2026 11:53:18 PM] [Info] Read 659 of 2378 asset file contents into memory...
[19/04/2026 11:53:18 PM] [Info] Loaded 659 of 2378 assets...
[19/04/2026 11:53:18 PM] [Info] Read 664 of 2378 asset file contents into memory...
[19/04/2026 11:53:18 PM] [Info] Loaded 664 of 2378 assets...
[19/04/2026 11:53:18 PM] [Info] Read 668 of 2378 asset file contents into memory...
[19/04/2026 11:53:18 PM] [Info] Loaded 668 of 2378 assets...
[19/04/2026 11:53:18 PM] [Info] Read 671 of 2378 asset file contents into memory...
[19/04/2026 11:53:18 PM] [Info] Loaded 671 of 2378 assets...
[19/04/2026 11:53:18 PM] [Info] Read 675 of 2378 asset file contents into memory...
[19/04/2026 11:53:18 PM] [Info] Loaded 675 of 2378 assets...
[19/04/2026 11:53:18 PM] [Info] Read 679 of 2378 asset file contents into memory...
[19/04/2026 11:53:18 PM] [Info] Loaded 679 of 2378 assets...
[19/04/2026 11:53:18 PM] [Info] Read 683 of 2378 asset file contents into memory...
[19/04/2026 11:53:18 PM] [Info] Loaded 683 of 2378 assets...
[19/04/2026 11:53:18 PM] [Info] Read 686 of 2378 asset file contents into memory...
[19/04/2026 11:53:18 PM] [Info] Loaded 686 of 2378 assets...
[19/04/2026 11:53:18 PM] [Info] Read 689 of 2378 asset file contents into memory...
[19/04/2026 11:53:18 PM] [Info] Loaded 689 of 2378 assets...
[19/04/2026 11:53:18 PM] [Info] Read 692 of 2378 asset file contents into memory...
[19/04/2026 11:53:18 PM] [Info] Loaded 692 of 2378 assets...
[19/04/2026 11:53:19 PM] [Info] Read 695 of 2378 asset file contents into memory...
[19/04/2026 11:53:19 PM] [Info] Loaded 695 of 2378 assets...
[19/04/2026 11:53:19 PM] [Info] Read 698 of 2378 asset file contents into memory...
[19/04/2026 11:53:19 PM] [Info] Loaded 698 of 2378 assets...
[19/04/2026 11:53:19 PM] [Info] Read 701 of 2378 asset file contents into memory...
[19/04/2026 11:53:19 PM] [Info] Loaded 701 of 2378 assets...
[19/04/2026 11:53:19 PM] [Info] Read 705 of 2378 asset file contents into memory...
[19/04/2026 11:53:19 PM] [Info] Loaded 705 of 2378 assets...
[19/04/2026 11:53:19 PM] [Info] Read 709 of 2378 asset file contents into memory...
[19/04/2026 11:53:19 PM] [Info] Loaded 709 of 2378 assets...
[19/04/2026 11:53:19 PM] [Info] Read 712 of 2378 asset file contents into memory...
[19/04/2026 11:53:19 PM] [Info] Loaded 712 of 2378 assets...
[19/04/2026 11:53:19 PM] [Info] Read 716 of 2378 asset file contents into memory...
[19/04/2026 11:53:19 PM] [Info] Loaded 716 of 2378 assets...
[19/04/2026 11:53:19 PM] [Info] Read 720 of 2378 asset file contents into memory...
[19/04/2026 11:53:19 PM] [Info] Loaded 720 of 2378 assets...
[19/04/2026 11:53:19 PM] [Info] Read 725 of 2378 asset file contents into memory...
[19/04/2026 11:53:19 PM] [Info] Loaded 725 of 2378 assets...
[19/04/2026 11:53:19 PM] [Info] Read 729 of 2378 asset file contents into memory...
[19/04/2026 11:53:19 PM] [Info] Loaded 729 of 2378 assets...
[19/04/2026 11:53:19 PM] [Info] Read 733 of 2378 asset file contents into memory...
[19/04/2026 11:53:19 PM] [Info] Loaded 733 of 2378 assets...
[19/04/2026 11:53:19 PM] [Info] Read 737 of 2378 asset file contents into memory...
[19/04/2026 11:53:19 PM] [Info] Loaded 737 of 2378 assets...
[19/04/2026 11:53:19 PM] [Info] Read 741 of 2378 asset file contents into memory...
[19/04/2026 11:53:19 PM] [Info] Loaded 741 of 2378 assets...
[19/04/2026 11:53:19 PM] [Info] Read 745 of 2378 asset file contents into memory...
[19/04/2026 11:53:19 PM] [Info] Loaded 745 of 2378 assets...
[19/04/2026 11:53:19 PM] [Info] Read 749 of 2378 asset file contents into memory...
[19/04/2026 11:53:19 PM] [Info] Loaded 749 of 2378 assets...
[19/04/2026 11:53:19 PM] [Info] Read 753 of 2378 asset file contents into memory...
[19/04/2026 11:53:19 PM] [Info] Loaded 753 of 2378 assets...
[19/04/2026 11:53:19 PM] [Info] Read 757 of 2378 asset file contents into memory...
[19/04/2026 11:53:19 PM] [Info] Loaded 757 of 2378 assets...
[19/04/2026 11:53:19 PM] [Info] Read 761 of 2378 asset file contents into memory...
[19/04/2026 11:53:19 PM] [Info] Loaded 761 of 2378 assets...
[19/04/2026 11:53:19 PM] [Info] Read 765 of 2378 asset file contents into memory...
[19/04/2026 11:53:19 PM] [Info] Loaded 765 of 2378 assets...
[19/04/2026 11:53:19 PM] [Info] Read 769 of 2378 asset file contents into memory...
[19/04/2026 11:53:19 PM] [Info] Loaded 769 of 2378 assets...
[19/04/2026 11:53:20 PM] [Info] Read 772 of 2378 asset file contents into memory...
[19/04/2026 11:53:20 PM] [Info] Loaded 772 of 2378 assets...
[19/04/2026 11:53:20 PM] [Info] Read 776 of 2378 asset file contents into memory...
[19/04/2026 11:53:20 PM] [Info] Loaded 776 of 2378 assets...
[19/04/2026 11:53:20 PM] [Info] Read 780 of 2378 asset file contents into memory...
[19/04/2026 11:53:20 PM] [Info] Loaded 780 of 2378 assets...
[19/04/2026 11:53:20 PM] [Info] Read 783 of 2378 asset file contents into memory...
[19/04/2026 11:53:20 PM] [Info] Loaded 783 of 2378 assets...
[19/04/2026 11:53:20 PM] [Info] Read 787 of 2378 asset file contents into memory...
[19/04/2026 11:53:20 PM] [Info] Loaded 787 of 2378 assets...
[19/04/2026 11:53:20 PM] [Info] Read 791 of 2378 asset file contents into memory...
[19/04/2026 11:53:20 PM] [Info] Loaded 791 of 2378 assets...
[19/04/2026 11:53:20 PM] [Info] Read 795 of 2378 asset file contents into memory...
[19/04/2026 11:53:20 PM] [Info] Loaded 795 of 2378 assets...
[19/04/2026 11:53:20 PM] [Info] Read 799 of 2378 asset file contents into memory...
[19/04/2026 11:53:20 PM] [Info] Loaded 799 of 2378 assets...
[19/04/2026 11:53:20 PM] [Info] Read 804 of 2378 asset file contents into memory...
[19/04/2026 11:53:20 PM] [Info] Loaded 804 of 2378 assets...
[19/04/2026 11:53:20 PM] [Info] Read 808 of 2378 asset file contents into memory...
[19/04/2026 11:53:20 PM] [Info] Loaded 808 of 2378 assets...
[19/04/2026 11:53:20 PM] [Info] Read 812 of 2378 asset file contents into memory...
[19/04/2026 11:53:20 PM] [Info] Loaded 812 of 2378 assets...
[19/04/2026 11:53:20 PM] [Info] Read 816 of 2378 asset file contents into memory...
[19/04/2026 11:53:20 PM] [Info] Loaded 816 of 2378 assets...
[19/04/2026 11:53:20 PM] [Info] Read 820 of 2378 asset file contents into memory...
[19/04/2026 11:53:20 PM] [Info] Loaded 820 of 2378 assets...
[19/04/2026 11:53:20 PM] [Info] Read 825 of 2378 asset file contents into memory...
[19/04/2026 11:53:20 PM] [Info] Loaded 825 of 2378 assets...
[19/04/2026 11:53:20 PM] [Info] Read 829 of 2378 asset file contents into memory...
[19/04/2026 11:53:20 PM] [Info] Loaded 829 of 2378 assets...
[19/04/2026 11:53:20 PM] [Info] Read 833 of 2378 asset file contents into memory...
[19/04/2026 11:53:20 PM] [Info] Loaded 833 of 2378 assets...
[19/04/2026 11:53:20 PM] [Info] Read 837 of 2378 asset file contents into memory...
[19/04/2026 11:53:20 PM] [Info] Loaded 837 of 2378 assets...
[19/04/2026 11:53:20 PM] [Info] Read 841 of 2378 asset file contents into memory...
[19/04/2026 11:53:20 PM] [Info] Loaded 841 of 2378 assets...
[19/04/2026 11:53:20 PM] [Info] Read 846 of 2378 asset file contents into memory...
[19/04/2026 11:53:20 PM] [Info] Loaded 846 of 2378 assets...
[19/04/2026 11:53:20 PM] [Info] Read 850 of 2378 asset file contents into memory...
[19/04/2026 11:53:20 PM] [Info] Loaded 850 of 2378 assets...
[19/04/2026 11:53:21 PM] [Info] Read 853 of 2378 asset file contents into memory...
[19/04/2026 11:53:21 PM] [Info] Loaded 853 of 2378 assets...
[19/04/2026 11:53:21 PM] [Info] Read 857 of 2378 asset file contents into memory...
[19/04/2026 11:53:21 PM] [Info] Loaded 857 of 2378 assets...
[19/04/2026 11:53:21 PM] [Info] Read 861 of 2378 asset file contents into memory...
[19/04/2026 11:53:21 PM] [Info] Loaded 861 of 2378 assets...
[19/04/2026 11:53:21 PM] [Info] Read 864 of 2378 asset file contents into memory...
[19/04/2026 11:53:21 PM] [Info] Loaded 864 of 2378 assets...
[19/04/2026 11:53:21 PM] [Info] Read 867 of 2378 asset file contents into memory...
[19/04/2026 11:53:21 PM] [Info] Loaded 867 of 2378 assets...
[19/04/2026 11:53:21 PM] [Info] Read 871 of 2378 asset file contents into memory...
[19/04/2026 11:53:21 PM] [Info] Loaded 871 of 2378 assets...
[19/04/2026 11:53:21 PM] [Info] Read 874 of 2378 asset file contents into memory...
[19/04/2026 11:53:21 PM] [Info] Loaded 874 of 2378 assets...
[19/04/2026 11:53:21 PM] [Info] Read 878 of 2378 asset file contents into memory...
[19/04/2026 11:53:21 PM] [Info] Loaded 878 of 2378 assets...
[19/04/2026 11:53:21 PM] [Info] Read 881 of 2378 asset file contents into memory...
[19/04/2026 11:53:21 PM] [Info] Loaded 881 of 2378 assets...
[19/04/2026 11:53:21 PM] [Info] Read 885 of 2378 asset file contents into memory...
[19/04/2026 11:53:21 PM] [Info] Loaded 885 of 2378 assets...
[19/04/2026 11:53:21 PM] [Info] Read 888 of 2378 asset file contents into memory...
[19/04/2026 11:53:21 PM] [Info] Loaded 888 of 2378 assets...
[19/04/2026 11:53:21 PM] [Info] Read 892 of 2378 asset file contents into memory...
[19/04/2026 11:53:21 PM] [Info] Loaded 892 of 2378 assets...
[19/04/2026 11:53:21 PM] [Info] Read 896 of 2378 asset file contents into memory...
[19/04/2026 11:53:21 PM] [Info] Loaded 896 of 2378 assets...
[19/04/2026 11:53:21 PM] [Info] Read 899 of 2378 asset file contents into memory...
[19/04/2026 11:53:21 PM] [Info] Loaded 899 of 2378 assets...
[19/04/2026 11:53:21 PM] [Info] Read 903 of 2378 asset file contents into memory...
[19/04/2026 11:53:21 PM] [Info] Loaded 903 of 2378 assets...
[19/04/2026 11:53:21 PM] [Info] Read 907 of 2378 asset file contents into memory...
[19/04/2026 11:53:21 PM] [Info] Loaded 907 of 2378 assets...
[19/04/2026 11:53:21 PM] [Info] Read 910 of 2378 asset file contents into memory...
[19/04/2026 11:53:21 PM] [Info] Loaded 910 of 2378 assets...
[19/04/2026 11:53:21 PM] [Info] Read 914 of 2378 asset file contents into memory...
[19/04/2026 11:53:21 PM] [Info] Loaded 914 of 2378 assets...
[19/04/2026 11:53:22 PM] [Info] Read 918 of 2378 asset file contents into memory...
[19/04/2026 11:53:22 PM] [Info] Loaded 918 of 2378 assets...
[19/04/2026 11:53:22 PM] [Info] Read 922 of 2378 asset file contents into memory...
[19/04/2026 11:53:22 PM] [Info] Loaded 922 of 2378 assets...
[19/04/2026 11:53:22 PM] [Info] Read 925 of 2378 asset file contents into memory...
[19/04/2026 11:53:22 PM] [Info] Loaded 925 of 2378 assets...
[19/04/2026 11:53:22 PM] [Info] Read 929 of 2378 asset file contents into memory...
[19/04/2026 11:53:22 PM] [Info] Loaded 929 of 2378 assets...
[19/04/2026 11:53:22 PM] [Info] Read 933 of 2378 asset file contents into memory...
[19/04/2026 11:53:22 PM] [Info] Loaded 933 of 2378 assets...
[19/04/2026 11:53:22 PM] [Info] Read 937 of 2378 asset file contents into memory...
[19/04/2026 11:53:22 PM] [Info] Loaded 937 of 2378 assets...
[19/04/2026 11:53:22 PM] [Info] Read 941 of 2378 asset file contents into memory...
[19/04/2026 11:53:22 PM] [Info] Loaded 941 of 2378 assets...
[19/04/2026 11:53:22 PM] [Info] Read 945 of 2378 asset file contents into memory...
[19/04/2026 11:53:22 PM] [Info] Loaded 945 of 2378 assets...
[19/04/2026 11:53:22 PM] [Info] Read 948 of 2378 asset file contents into memory...
[19/04/2026 11:53:22 PM] [Info] Loaded 948 of 2378 assets...
[19/04/2026 11:53:22 PM] [Info] Read 953 of 2378 asset file contents into memory...
[19/04/2026 11:53:22 PM] [Info] Loaded 953 of 2378 assets...
[19/04/2026 11:53:22 PM] [Info] Read 956 of 2378 asset file contents into memory...
[19/04/2026 11:53:22 PM] [Info] Loaded 956 of 2378 assets...
[19/04/2026 11:53:22 PM] [Info] Read 960 of 2378 asset file contents into memory...
[19/04/2026 11:53:22 PM] [Info] Loaded 960 of 2378 assets...
[19/04/2026 11:53:22 PM] [Info] Read 964 of 2378 asset file contents into memory...
[19/04/2026 11:53:22 PM] [Info] Loaded 964 of 2378 assets...
[19/04/2026 11:53:22 PM] [Info] Read 967 of 2378 asset file contents into memory...
[19/04/2026 11:53:22 PM] [Info] Loaded 967 of 2378 assets...
[19/04/2026 11:53:22 PM] [Info] Read 970 of 2378 asset file contents into memory...
[19/04/2026 11:53:22 PM] [Info] Loaded 970 of 2378 assets...
[19/04/2026 11:53:22 PM] [Info] Read 973 of 2378 asset file contents into memory...
[19/04/2026 11:53:22 PM] [Info] Loaded 973 of 2378 assets...
[19/04/2026 11:53:22 PM] [Info] Read 977 of 2378 asset file contents into memory...
[19/04/2026 11:53:22 PM] [Info] Loaded 977 of 2378 assets...
[19/04/2026 11:53:22 PM] [Info] Read 981 of 2378 asset file contents into memory...
[19/04/2026 11:53:22 PM] [Info] Loaded 981 of 2378 assets...
[19/04/2026 11:53:22 PM] [Info] Read 984 of 2378 asset file contents into memory...
[19/04/2026 11:53:22 PM] [Info] Loaded 984 of 2378 assets...
[19/04/2026 11:53:22 PM] [Info] Read 988 of 2378 asset file contents into memory...
[19/04/2026 11:53:22 PM] [Info] Loaded 988 of 2378 assets...
[19/04/2026 11:53:23 PM] [Info] Read 992 of 2378 asset file contents into memory...
[19/04/2026 11:53:23 PM] [Info] Loaded 992 of 2378 assets...
[19/04/2026 11:53:23 PM] [Info] Read 996 of 2378 asset file contents into memory...
[19/04/2026 11:53:23 PM] [Info] Loaded 996 of 2378 assets...
[19/04/2026 11:53:23 PM] [Info] Read 999 of 2378 asset file contents into memory...
[19/04/2026 11:53:23 PM] [Info] Loaded 999 of 2378 assets...
[19/04/2026 11:53:23 PM] [Info] Read 1003 of 2378 asset file contents into memory...
[19/04/2026 11:53:23 PM] [Info] Loaded 1003 of 2378 assets...
[19/04/2026 11:53:23 PM] [Info] Read 1007 of 2378 asset file contents into memory...
[19/04/2026 11:53:23 PM] [Info] Loaded 1007 of 2378 assets...
[19/04/2026 11:53:23 PM] [Info] Read 1011 of 2378 asset file contents into memory...
[19/04/2026 11:53:23 PM] [Info] Loaded 1011 of 2378 assets...
[19/04/2026 11:53:23 PM] [Info] Read 1014 of 2378 asset file contents into memory...
[19/04/2026 11:53:23 PM] [Info] Loaded 1014 of 2378 assets...
[19/04/2026 11:53:23 PM] [Info] Read 1019 of 2378 asset file contents into memory...
[19/04/2026 11:53:23 PM] [Info] Loaded 1019 of 2378 assets...
[19/04/2026 11:53:23 PM] [Info] Read 1023 of 2378 asset file contents into memory...
[19/04/2026 11:53:23 PM] [Info] Loaded 1023 of 2378 assets...
[19/04/2026 11:53:23 PM] [Info] Read 1026 of 2378 asset file contents into memory...
[19/04/2026 11:53:23 PM] [Info] Loaded 1026 of 2378 assets...
[19/04/2026 11:53:23 PM] [Info] Read 1030 of 2378 asset file contents into memory...
[19/04/2026 11:53:23 PM] [Info] Loaded 1030 of 2378 assets...
[19/04/2026 11:53:23 PM] [Info] Read 1035 of 2378 asset file contents into memory...
[19/04/2026 11:53:23 PM] [Info] Loaded 1035 of 2378 assets...
[19/04/2026 11:53:23 PM] [Info] Read 1039 of 2378 asset file contents into memory...
[19/04/2026 11:53:23 PM] [Info] Loaded 1039 of 2378 assets...
[19/04/2026 11:53:23 PM] [Info] Read 1044 of 2378 asset file contents into memory...
[19/04/2026 11:53:23 PM] [Info] Loaded 1044 of 2378 assets...
[19/04/2026 11:53:23 PM] [Info] Read 1048 of 2378 asset file contents into memory...
[19/04/2026 11:53:23 PM] [Info] Loaded 1048 of 2378 assets...
[19/04/2026 11:53:23 PM] [Info] Read 1052 of 2378 asset file contents into memory...
[19/04/2026 11:53:23 PM] [Info] Loaded 1052 of 2378 assets...
[19/04/2026 11:53:23 PM] [Info] Read 1057 of 2378 asset file contents into memory...
[19/04/2026 11:53:23 PM] [Info] Loaded 1057 of 2378 assets...
[19/04/2026 11:53:23 PM] [Info] Read 1061 of 2378 asset file contents into memory...
[19/04/2026 11:53:23 PM] [Info] Loaded 1061 of 2378 assets...
[19/04/2026 11:53:23 PM] [Info] Read 1066 of 2378 asset file contents into memory...
[19/04/2026 11:53:23 PM] [Info] Loaded 1066 of 2378 assets...
[19/04/2026 11:53:23 PM] [Info] Read 1070 of 2378 asset file contents into memory...
[19/04/2026 11:53:23 PM] [Info] Loaded 1070 of 2378 assets...
[19/04/2026 11:53:24 PM] [Info] Read 1074 of 2378 asset file contents into memory...
[19/04/2026 11:53:24 PM] [Info] Loaded 1074 of 2378 assets...
[19/04/2026 11:53:24 PM] [Info] Read 1079 of 2378 asset file contents into memory...
[19/04/2026 11:53:24 PM] [Info] Loaded 1079 of 2378 assets...
[19/04/2026 11:53:24 PM] [Info] Read 1083 of 2378 asset file contents into memory...
[19/04/2026 11:53:24 PM] [Info] Loaded 1083 of 2378 assets...
[19/04/2026 11:53:24 PM] [Info] Read 1087 of 2378 asset file contents into memory...
[19/04/2026 11:53:24 PM] [Info] Loaded 1087 of 2378 assets...
[19/04/2026 11:53:24 PM] [Info] Read 1091 of 2378 asset file contents into memory...
[19/04/2026 11:53:24 PM] [Info] Loaded 1091 of 2378 assets...
[19/04/2026 11:53:24 PM] [Info] Read 1096 of 2378 asset file contents into memory...
[19/04/2026 11:53:24 PM] [Info] Loaded 1096 of 2378 assets...
[19/04/2026 11:53:24 PM] [Info] Read 1100 of 2378 asset file contents into memory...
[19/04/2026 11:53:24 PM] [Info] Loaded 1100 of 2378 assets...
[19/04/2026 11:53:24 PM] [Info] Read 1104 of 2378 asset file contents into memory...
[19/04/2026 11:53:24 PM] [Info] Loaded 1104 of 2378 assets...
[19/04/2026 11:53:24 PM] [Info] Read 1109 of 2378 asset file contents into memory...
[19/04/2026 11:53:24 PM] [Info] Loaded 1109 of 2378 assets...
[19/04/2026 11:53:24 PM] [Info] Read 1113 of 2378 asset file contents into memory...
[19/04/2026 11:53:24 PM] [Info] Loaded 1113 of 2378 assets...
[19/04/2026 11:53:24 PM] [Info] Read 1117 of 2378 asset file contents into memory...
[19/04/2026 11:53:24 PM] [Info] Loaded 1117 of 2378 assets...
[19/04/2026 11:53:24 PM] [Info] Read 1121 of 2378 asset file contents into memory...
[19/04/2026 11:53:24 PM] [Info] Loaded 1121 of 2378 assets...
[19/04/2026 11:53:24 PM] [Info] Read 1125 of 2378 asset file contents into memory...
[19/04/2026 11:53:24 PM] [Info] Loaded 1125 of 2378 assets...
[19/04/2026 11:53:24 PM] [Info] Read 1129 of 2378 asset file contents into memory...
[19/04/2026 11:53:24 PM] [Info] Loaded 1129 of 2378 assets...
[19/04/2026 11:53:24 PM] [Info] Read 1133 of 2378 asset file contents into memory...
[19/04/2026 11:53:24 PM] [Info] Loaded 1133 of 2378 assets...
[19/04/2026 11:53:24 PM] [Info] Read 1138 of 2378 asset file contents into memory...
[19/04/2026 11:53:24 PM] [Info] Loaded 1138 of 2378 assets...
[19/04/2026 11:53:24 PM] [Info] Read 1142 of 2378 asset file contents into memory...
[19/04/2026 11:53:24 PM] [Info] Loaded 1142 of 2378 assets...
[19/04/2026 11:53:24 PM] [Info] Read 1146 of 2378 asset file contents into memory...
[19/04/2026 11:53:24 PM] [Info] Loaded 1146 of 2378 assets...
[19/04/2026 11:53:24 PM] [Info] Read 1150 of 2378 asset file contents into memory...
[19/04/2026 11:53:24 PM] [Info] Loaded 1150 of 2378 assets...
[19/04/2026 11:53:24 PM] [Info] Read 1154 of 2378 asset file contents into memory...
[19/04/2026 11:53:24 PM] [Info] Loaded 1154 of 2378 assets...
[19/04/2026 11:53:25 PM] [Info] Read 1157 of 2378 asset file contents into memory...
[19/04/2026 11:53:25 PM] [Info] Loaded 1157 of 2378 assets...
[19/04/2026 11:53:25 PM] [Info] Read 1161 of 2378 asset file contents into memory...
[19/04/2026 11:53:25 PM] [Info] Loaded 1161 of 2378 assets...
[19/04/2026 11:53:25 PM] [Info] Read 1165 of 2378 asset file contents into memory...
[19/04/2026 11:53:25 PM] [Info] Loaded 1165 of 2378 assets...
[19/04/2026 11:53:25 PM] [Info] Read 1169 of 2378 asset file contents into memory...
[19/04/2026 11:53:25 PM] [Info] Loaded 1169 of 2378 assets...
[19/04/2026 11:53:25 PM] [Info] Read 1173 of 2378 asset file contents into memory...
[19/04/2026 11:53:25 PM] [Info] Loaded 1173 of 2378 assets...
[19/04/2026 11:53:25 PM] [Info] Read 1177 of 2378 asset file contents into memory...
[19/04/2026 11:53:25 PM] [Info] Loaded 1177 of 2378 assets...
[19/04/2026 11:53:25 PM] [Info] Read 1181 of 2378 asset file contents into memory...
[19/04/2026 11:53:25 PM] [Info] Loaded 1181 of 2378 assets...
[19/04/2026 11:53:25 PM] [Info] Read 1184 of 2378 asset file contents into memory...
[19/04/2026 11:53:25 PM] [Info] Loaded 1184 of 2378 assets...
[19/04/2026 11:53:25 PM] [Info] Read 1188 of 2378 asset file contents into memory...
[19/04/2026 11:53:25 PM] [Info] Loaded 1188 of 2378 assets...
[19/04/2026 11:53:25 PM] [Info] Read 1192 of 2378 asset file contents into memory...
[19/04/2026 11:53:25 PM] [Info] Loaded 1192 of 2378 assets...
[19/04/2026 11:53:25 PM] [Info] Read 1197 of 2378 asset file contents into memory...
[19/04/2026 11:53:25 PM] [Info] Loaded 1197 of 2378 assets...
[19/04/2026 11:53:25 PM] [Info] Read 1201 of 2378 asset file contents into memory...
[19/04/2026 11:53:25 PM] [Info] Loaded 1201 of 2378 assets...
[19/04/2026 11:53:25 PM] [Info] Read 1206 of 2378 asset file contents into memory...
[19/04/2026 11:53:25 PM] [Info] Loaded 1206 of 2378 assets...
[19/04/2026 11:53:25 PM] [Info] Read 1210 of 2378 asset file contents into memory...
[19/04/2026 11:53:25 PM] [Info] Loaded 1210 of 2378 assets...
[19/04/2026 11:53:25 PM] [Info] Read 1215 of 2378 asset file contents into memory...
[19/04/2026 11:53:25 PM] [Info] Loaded 1215 of 2378 assets...
[19/04/2026 11:53:25 PM] [Info] Read 1219 of 2378 asset file contents into memory...
[19/04/2026 11:53:25 PM] [Info] Loaded 1219 of 2378 assets...
[19/04/2026 11:53:25 PM] [Info] Read 1224 of 2378 asset file contents into memory...
[19/04/2026 11:53:25 PM] [Info] Loaded 1224 of 2378 assets...
[19/04/2026 11:53:25 PM] [Info] Read 1228 of 2378 asset file contents into memory...
[19/04/2026 11:53:25 PM] [Info] Loaded 1228 of 2378 assets...
[19/04/2026 11:53:25 PM] [Info] Read 1233 of 2378 asset file contents into memory...
[19/04/2026 11:53:25 PM] [Info] Loaded 1233 of 2378 assets...
[19/04/2026 11:53:25 PM] [Info] Read 1237 of 2378 asset file contents into memory...
[19/04/2026 11:53:25 PM] [Info] Loaded 1237 of 2378 assets...
[19/04/2026 11:53:26 PM] [Info] Read 1242 of 2378 asset file contents into memory...
[19/04/2026 11:53:26 PM] [Info] Loaded 1242 of 2378 assets...
[19/04/2026 11:53:26 PM] [Info] Read 1246 of 2378 asset file contents into memory...
[19/04/2026 11:53:26 PM] [Info] Loaded 1246 of 2378 assets...
[19/04/2026 11:53:26 PM] [Info] Read 1251 of 2378 asset file contents into memory...
[19/04/2026 11:53:26 PM] [Info] Loaded 1251 of 2378 assets...
[19/04/2026 11:53:26 PM] [Info] Read 1255 of 2378 asset file contents into memory...
[19/04/2026 11:53:26 PM] [Info] Loaded 1255 of 2378 assets...
[19/04/2026 11:53:26 PM] [Info] Read 1260 of 2378 asset file contents into memory...
[19/04/2026 11:53:26 PM] [Info] Loaded 1260 of 2378 assets...
[19/04/2026 11:53:26 PM] [Info] Read 1264 of 2378 asset file contents into memory...
[19/04/2026 11:53:26 PM] [Info] Loaded 1264 of 2378 assets...
[19/04/2026 11:53:26 PM] [Info] Read 1268 of 2378 asset file contents into memory...
[19/04/2026 11:53:26 PM] [Info] Loaded 1268 of 2378 assets...
[19/04/2026 11:53:26 PM] [Info] Read 1272 of 2378 asset file contents into memory...
[19/04/2026 11:53:26 PM] [Info] Loaded 1272 of 2378 assets...
[19/04/2026 11:53:26 PM] [Info] Read 1277 of 2378 asset file contents into memory...
[19/04/2026 11:53:26 PM] [Info] Loaded 1277 of 2378 assets...
[19/04/2026 11:53:26 PM] [Info] Read 1281 of 2378 asset file contents into memory...
[19/04/2026 11:53:26 PM] [Info] Loaded 1281 of 2378 assets...
[19/04/2026 11:53:26 PM] [Info] Read 1285 of 2378 asset file contents into memory...
[19/04/2026 11:53:26 PM] [Info] Loaded 1285 of 2378 assets...
[19/04/2026 11:53:26 PM] [Info] Read 1290 of 2378 asset file contents into memory...
[19/04/2026 11:53:26 PM] [Info] Loaded 1290 of 2378 assets...
[19/04/2026 11:53:26 PM] [Info] Read 1294 of 2378 asset file contents into memory...
[19/04/2026 11:53:26 PM] [Info] Loaded 1294 of 2378 assets...
[19/04/2026 11:53:26 PM] [Info] Read 1298 of 2378 asset file contents into memory...
[19/04/2026 11:53:26 PM] [Info] Loaded 1298 of 2378 assets...
[19/04/2026 11:53:26 PM] [Info] Read 1302 of 2378 asset file contents into memory...
[19/04/2026 11:53:26 PM] [Info] Loaded 1302 of 2378 assets...
[19/04/2026 11:53:26 PM] [Info] Read 1307 of 2378 asset file contents into memory...
[19/04/2026 11:53:26 PM] [Info] Loaded 1307 of 2378 assets...
[19/04/2026 11:53:26 PM] [Info] Read 1311 of 2378 asset file contents into memory...
[19/04/2026 11:53:26 PM] [Info] Loaded 1311 of 2378 assets...
[19/04/2026 11:53:26 PM] [Info] Read 1315 of 2378 asset file contents into memory...
[19/04/2026 11:53:26 PM] [Info] Loaded 1315 of 2378 assets...
[19/04/2026 11:53:26 PM] [Info] Read 1319 of 2378 asset file contents into memory...
[19/04/2026 11:53:26 PM] [Info] Loaded 1319 of 2378 assets...
[19/04/2026 11:53:26 PM] [Info] Read 1324 of 2378 asset file contents into memory...
[19/04/2026 11:53:26 PM] [Info] Loaded 1324 of 2378 assets...
[19/04/2026 11:53:27 PM] [Info] Read 1328 of 2378 asset file contents into memory...
[19/04/2026 11:53:27 PM] [Info] Loaded 1328 of 2378 assets...
[19/04/2026 11:53:27 PM] [Info] Read 1333 of 2378 asset file contents into memory...
[19/04/2026 11:53:27 PM] [Info] Loaded 1333 of 2378 assets...
[19/04/2026 11:53:27 PM] [Info] Read 1337 of 2378 asset file contents into memory...
[19/04/2026 11:53:27 PM] [Info] Loaded 1337 of 2378 assets...
[19/04/2026 11:53:27 PM] [Info] Read 1341 of 2378 asset file contents into memory...
[19/04/2026 11:53:27 PM] [Info] Loaded 1341 of 2378 assets...
[19/04/2026 11:53:27 PM] [Info] Read 1346 of 2378 asset file contents into memory...
[19/04/2026 11:53:27 PM] [Info] Loaded 1346 of 2378 assets...
[19/04/2026 11:53:27 PM] [Info] Read 1350 of 2378 asset file contents into memory...
[19/04/2026 11:53:27 PM] [Info] Loaded 1350 of 2378 assets...
[19/04/2026 11:53:27 PM] [Info] Read 1354 of 2378 asset file contents into memory...
[19/04/2026 11:53:27 PM] [Info] Loaded 1354 of 2378 assets...
[19/04/2026 11:53:27 PM] [Info] Read 1359 of 2378 asset file contents into memory...
[19/04/2026 11:53:27 PM] [Info] Loaded 1359 of 2378 assets...
[19/04/2026 11:53:27 PM] [Info] Read 1363 of 2378 asset file contents into memory...
[19/04/2026 11:53:27 PM] [Info] Loaded 1363 of 2378 assets...
[19/04/2026 11:53:27 PM] [Info] Read 1368 of 2378 asset file contents into memory...
[19/04/2026 11:53:27 PM] [Info] Loaded 1368 of 2378 assets...
[19/04/2026 11:53:27 PM] [Info] Read 1372 of 2378 asset file contents into memory...
[19/04/2026 11:53:27 PM] [Info] Loaded 1372 of 2378 assets...
[19/04/2026 11:53:27 PM] [Info] Read 1377 of 2378 asset file contents into memory...
[19/04/2026 11:53:27 PM] [Info] Loaded 1377 of 2378 assets...
[19/04/2026 11:53:27 PM] [Info] Read 1381 of 2378 asset file contents into memory...
[19/04/2026 11:53:27 PM] [Info] Loaded 1381 of 2378 assets...
[19/04/2026 11:53:27 PM] [Info] Read 1386 of 2378 asset file contents into memory...
[19/04/2026 11:53:27 PM] [Info] Loaded 1386 of 2378 assets...
[19/04/2026 11:53:27 PM] [Info] Read 1390 of 2378 asset file contents into memory...
[19/04/2026 11:53:27 PM] [Info] Loaded 1390 of 2378 assets...
[19/04/2026 11:53:27 PM] [Info] Read 1395 of 2378 asset file contents into memory...
[19/04/2026 11:53:27 PM] [Info] Loaded 1395 of 2378 assets...
[19/04/2026 11:53:27 PM] [Info] Read 1399 of 2378 asset file contents into memory...
[19/04/2026 11:53:27 PM] [Info] Loaded 1399 of 2378 assets...
[19/04/2026 11:53:27 PM] [Info] Read 1404 of 2378 asset file contents into memory...
[19/04/2026 11:53:27 PM] [Info] Loaded 1404 of 2378 assets...
[19/04/2026 11:53:27 PM] [Info] Read 1408 of 2378 asset file contents into memory...
[19/04/2026 11:53:27 PM] [Info] Loaded 1408 of 2378 assets...
[19/04/2026 11:53:27 PM] [Info] Read 1413 of 2378 asset file contents into memory...
[19/04/2026 11:53:27 PM] [Info] Loaded 1413 of 2378 assets...
[19/04/2026 11:53:28 PM] [Info] Read 1416 of 2378 asset file contents into memory...
[19/04/2026 11:53:28 PM] [Info] Loaded 1416 of 2378 assets...
[19/04/2026 11:53:28 PM] [Info] Read 1420 of 2378 asset file contents into memory...
[19/04/2026 11:53:28 PM] [Info] Loaded 1420 of 2378 assets...
[19/04/2026 11:53:28 PM] [Info] Read 1425 of 2378 asset file contents into memory...
[19/04/2026 11:53:28 PM] [Info] Loaded 1425 of 2378 assets...
[19/04/2026 11:53:28 PM] [Info] Read 1429 of 2378 asset file contents into memory...
[19/04/2026 11:53:28 PM] [Info] Loaded 1429 of 2378 assets...
[19/04/2026 11:53:28 PM] [Info] Read 1433 of 2378 asset file contents into memory...
[19/04/2026 11:53:28 PM] [Info] Loaded 1433 of 2378 assets...
[19/04/2026 11:53:28 PM] [Info] Read 1437 of 2378 asset file contents into memory...
[19/04/2026 11:53:28 PM] [Info] Loaded 1437 of 2378 assets...
[19/04/2026 11:53:28 PM] [Info] Read 1442 of 2378 asset file contents into memory...
[19/04/2026 11:53:28 PM] [Info] Loaded 1442 of 2378 assets...
[19/04/2026 11:53:28 PM] [Info] Read 1446 of 2378 asset file contents into memory...
[19/04/2026 11:53:28 PM] [Info] Loaded 1446 of 2378 assets...
[19/04/2026 11:53:28 PM] [Info] Read 1450 of 2378 asset file contents into memory...
[19/04/2026 11:53:28 PM] [Info] Loaded 1450 of 2378 assets...
[19/04/2026 11:53:28 PM] [Info] Read 1455 of 2378 asset file contents into memory...
[19/04/2026 11:53:28 PM] [Info] Loaded 1455 of 2378 assets...
[19/04/2026 11:53:28 PM] [Info] Read 1459 of 2378 asset file contents into memory...
[19/04/2026 11:53:28 PM] [Info] Loaded 1459 of 2378 assets...
[19/04/2026 11:53:28 PM] [Info] Read 1463 of 2378 asset file contents into memory...
[19/04/2026 11:53:28 PM] [Info] Loaded 1463 of 2378 assets...
[19/04/2026 11:53:28 PM] [Info] Read 1467 of 2378 asset file contents into memory...
[19/04/2026 11:53:28 PM] [Info] Loaded 1467 of 2378 assets...
[19/04/2026 11:53:28 PM] [Info] Read 1471 of 2378 asset file contents into memory...
[19/04/2026 11:53:28 PM] [Info] Loaded 1471 of 2378 assets...
[19/04/2026 11:53:28 PM] [Info] Read 1475 of 2378 asset file contents into memory...
[19/04/2026 11:53:28 PM] [Info] Loaded 1475 of 2378 assets...
[19/04/2026 11:53:28 PM] [Info] Read 1480 of 2378 asset file contents into memory...
[19/04/2026 11:53:28 PM] [Info] Loaded 1480 of 2378 assets...
[19/04/2026 11:53:28 PM] [Info] Read 1484 of 2378 asset file contents into memory...
[19/04/2026 11:53:28 PM] [Info] Loaded 1484 of 2378 assets...
[19/04/2026 11:53:28 PM] [Info] Read 1488 of 2378 asset file contents into memory...
[19/04/2026 11:53:28 PM] [Info] Loaded 1488 of 2378 assets...
[19/04/2026 11:53:28 PM] [Info] Read 1493 of 2378 asset file contents into memory...
[19/04/2026 11:53:28 PM] [Info] Loaded 1493 of 2378 assets...
[19/04/2026 11:53:28 PM] [Info] Read 1497 of 2378 asset file contents into memory...
[19/04/2026 11:53:28 PM] [Info] Loaded 1497 of 2378 assets...
[19/04/2026 11:53:29 PM] [Info] Read 1501 of 2378 asset file contents into memory...
[19/04/2026 11:53:29 PM] [Info] Loaded 1501 of 2378 assets...
[19/04/2026 11:53:29 PM] [Info] Read 1506 of 2378 asset file contents into memory...
[19/04/2026 11:53:29 PM] [Info] Loaded 1506 of 2378 assets...
[19/04/2026 11:53:29 PM] [Info] Read 1510 of 2378 asset file contents into memory...
[19/04/2026 11:53:29 PM] [Info] Loaded 1510 of 2378 assets...
[19/04/2026 11:53:29 PM] [Info] Read 1514 of 2378 asset file contents into memory...
[19/04/2026 11:53:29 PM] [Info] Loaded 1514 of 2378 assets...
[19/04/2026 11:53:29 PM] [Info] Read 1518 of 2378 asset file contents into memory...
[19/04/2026 11:53:29 PM] [Info] Loaded 1518 of 2378 assets...
[19/04/2026 11:53:29 PM] [Info] Read 1522 of 2378 asset file contents into memory...
[19/04/2026 11:53:29 PM] [Info] Loaded 1522 of 2378 assets...
[19/04/2026 11:53:29 PM] [Info] Read 1526 of 2378 asset file contents into memory...
[19/04/2026 11:53:29 PM] [Info] Loaded 1526 of 2378 assets...
[19/04/2026 11:53:29 PM] [Info] Read 1530 of 2378 asset file contents into memory...
[19/04/2026 11:53:29 PM] [Info] Loaded 1530 of 2378 assets...
[19/04/2026 11:53:29 PM] [Info] Read 1534 of 2378 asset file contents into memory...
[19/04/2026 11:53:29 PM] [Info] Loaded 1534 of 2378 assets...
[19/04/2026 11:53:29 PM] [Info] Read 1538 of 2378 asset file contents into memory...
[19/04/2026 11:53:29 PM] [Info] Loaded 1538 of 2378 assets...
[19/04/2026 11:53:29 PM] [Info] Read 1542 of 2378 asset file contents into memory...
[19/04/2026 11:53:29 PM] [Info] Loaded 1542 of 2378 assets...
[19/04/2026 11:53:29 PM] [Info] Read 1546 of 2378 asset file contents into memory...
[19/04/2026 11:53:29 PM] [Info] Loaded 1546 of 2378 assets...
[19/04/2026 11:53:29 PM] [Info] Read 1550 of 2378 asset file contents into memory...
[19/04/2026 11:53:29 PM] [Info] Loaded 1550 of 2378 assets...
[19/04/2026 11:53:29 PM] [Info] Read 1555 of 2378 asset file contents into memory...
[19/04/2026 11:53:29 PM] [Info] Loaded 1555 of 2378 assets...
[19/04/2026 11:53:29 PM] [Info] Read 1559 of 2378 asset file contents into memory...
[19/04/2026 11:53:29 PM] [Info] Loaded 1559 of 2378 assets...
[19/04/2026 11:53:29 PM] [Info] Read 1563 of 2378 asset file contents into memory...
[19/04/2026 11:53:29 PM] [Info] Loaded 1563 of 2378 assets...
[19/04/2026 11:53:29 PM] [Info] Read 1568 of 2378 asset file contents into memory...
[19/04/2026 11:53:29 PM] [Info] Loaded 1568 of 2378 assets...
[19/04/2026 11:53:29 PM] [Info] Read 1572 of 2378 asset file contents into memory...
[19/04/2026 11:53:29 PM] [Info] Loaded 1572 of 2378 assets...
[19/04/2026 11:53:29 PM] [Info] Read 1576 of 2378 asset file contents into memory...
[19/04/2026 11:53:29 PM] [Info] Loaded 1576 of 2378 assets...
[19/04/2026 11:53:29 PM] [Info] Read 1581 of 2378 asset file contents into memory...
[19/04/2026 11:53:29 PM] [Info] Loaded 1581 of 2378 assets...
[19/04/2026 11:53:30 PM] [Info] Read 1585 of 2378 asset file contents into memory...
[19/04/2026 11:53:30 PM] [Info] Loaded 1585 of 2378 assets...
[19/04/2026 11:53:30 PM] [Info] Read 1590 of 2378 asset file contents into memory...
[19/04/2026 11:53:30 PM] [Info] Loaded 1590 of 2378 assets...
[19/04/2026 11:53:30 PM] [Info] Read 1594 of 2378 asset file contents into memory...
[19/04/2026 11:53:30 PM] [Info] Loaded 1594 of 2378 assets...
[19/04/2026 11:53:30 PM] [Info] Read 1598 of 2378 asset file contents into memory...
[19/04/2026 11:53:30 PM] [Info] Loaded 1598 of 2378 assets...
[19/04/2026 11:53:30 PM] [Info] Read 1602 of 2378 asset file contents into memory...
[19/04/2026 11:53:30 PM] [Info] Loaded 1602 of 2378 assets...
[19/04/2026 11:53:30 PM] [Info] Read 1607 of 2378 asset file contents into memory...
[19/04/2026 11:53:30 PM] [Info] Loaded 1607 of 2378 assets...
[19/04/2026 11:53:30 PM] [Info] Read 1611 of 2378 asset file contents into memory...
[19/04/2026 11:53:30 PM] [Info] Loaded 1611 of 2378 assets...
[19/04/2026 11:53:30 PM] [Info] Read 1615 of 2378 asset file contents into memory...
[19/04/2026 11:53:30 PM] [Info] Loaded 1615 of 2378 assets...
[19/04/2026 11:53:30 PM] [Info] Read 1620 of 2378 asset file contents into memory...
[19/04/2026 11:53:30 PM] [Info] Loaded 1620 of 2378 assets...
[19/04/2026 11:53:30 PM] [Info] Read 1624 of 2378 asset file contents into memory...
[19/04/2026 11:53:30 PM] [Info] Loaded 1624 of 2378 assets...
[19/04/2026 11:53:30 PM] [Info] Read 1628 of 2378 asset file contents into memory...
[19/04/2026 11:53:30 PM] [Info] Loaded 1628 of 2378 assets...
[19/04/2026 11:53:30 PM] [Info] Read 1633 of 2378 asset file contents into memory...
[19/04/2026 11:53:30 PM] [Info] Loaded 1633 of 2378 assets...
[19/04/2026 11:53:30 PM] [Info] Read 1637 of 2378 asset file contents into memory...
[19/04/2026 11:53:30 PM] [Info] Loaded 1637 of 2378 assets...
[19/04/2026 11:53:30 PM] [Info] Read 1642 of 2378 asset file contents into memory...
[19/04/2026 11:53:30 PM] [Info] Loaded 1642 of 2378 assets...
[19/04/2026 11:53:30 PM] [Info] Read 1646 of 2378 asset file contents into memory...
[19/04/2026 11:53:30 PM] [Info] Loaded 1646 of 2378 assets...
[19/04/2026 11:53:30 PM] [Info] Read 1651 of 2378 asset file contents into memory...
[19/04/2026 11:53:30 PM] [Info] Loaded 1651 of 2378 assets...
[19/04/2026 11:53:30 PM] [Info] Read 1655 of 2378 asset file contents into memory...
[19/04/2026 11:53:30 PM] [Info] Loaded 1655 of 2378 assets...
[19/04/2026 11:53:30 PM] [Info] Read 1659 of 2378 asset file contents into memory...
[19/04/2026 11:53:30 PM] [Info] Loaded 1659 of 2378 assets...
[19/04/2026 11:53:30 PM] [Info] Read 1664 of 2378 asset file contents into memory...
[19/04/2026 11:53:30 PM] [Info] Loaded 1664 of 2378 assets...
[19/04/2026 11:53:30 PM] [Info] Read 1668 of 2378 asset file contents into memory...
[19/04/2026 11:53:30 PM] [Info] Loaded 1668 of 2378 assets...
[19/04/2026 11:53:31 PM] [Info] Read 1672 of 2378 asset file contents into memory...
[19/04/2026 11:53:31 PM] [Info] Loaded 1672 of 2378 assets...
[19/04/2026 11:53:31 PM] [Info] Read 1676 of 2378 asset file contents into memory...
[19/04/2026 11:53:31 PM] [Info] Loaded 1676 of 2378 assets...
[19/04/2026 11:53:31 PM] [Info] Read 1681 of 2378 asset file contents into memory...
[19/04/2026 11:53:31 PM] [Info] Loaded 1681 of 2378 assets...
[19/04/2026 11:53:31 PM] [Info] Read 1685 of 2378 asset file contents into memory...
[19/04/2026 11:53:31 PM] [Info] Loaded 1685 of 2378 assets...
[19/04/2026 11:53:31 PM] [Info] Read 1689 of 2378 asset file contents into memory...
[19/04/2026 11:53:31 PM] [Info] Loaded 1689 of 2378 assets...
[19/04/2026 11:53:31 PM] [Info] Read 1694 of 2378 asset file contents into memory...
[19/04/2026 11:53:31 PM] [Info] Loaded 1694 of 2378 assets...
[19/04/2026 11:53:31 PM] [Info] Read 1698 of 2378 asset file contents into memory...
[19/04/2026 11:53:31 PM] [Info] Loaded 1698 of 2378 assets...
[19/04/2026 11:53:31 PM] [Info] Read 1702 of 2378 asset file contents into memory...
[19/04/2026 11:53:31 PM] [Info] Loaded 1702 of 2378 assets...
[19/04/2026 11:53:31 PM] [Info] Read 1706 of 2378 asset file contents into memory...
[19/04/2026 11:53:31 PM] [Info] Loaded 1706 of 2378 assets...
[19/04/2026 11:53:31 PM] [Info] Read 1710 of 2378 asset file contents into memory...
[19/04/2026 11:53:31 PM] [Info] Loaded 1710 of 2378 assets...
[19/04/2026 11:53:31 PM] [Info] Read 1714 of 2378 asset file contents into memory...
[19/04/2026 11:53:31 PM] [Info] Loaded 1714 of 2378 assets...
[19/04/2026 11:53:31 PM] [Info] Read 1719 of 2378 asset file contents into memory...
[19/04/2026 11:53:31 PM] [Info] Loaded 1719 of 2378 assets...
[19/04/2026 11:53:31 PM] [Info] Read 1722 of 2378 asset file contents into memory...
[19/04/2026 11:53:31 PM] [Info] Loaded 1722 of 2378 assets...
[19/04/2026 11:53:31 PM] [Info] Read 1727 of 2378 asset file contents into memory...
[19/04/2026 11:53:31 PM] [Info] Loaded 1727 of 2378 assets...
[19/04/2026 11:53:31 PM] [Info] Read 1731 of 2378 asset file contents into memory...
[19/04/2026 11:53:31 PM] [Info] Loaded 1731 of 2378 assets...
[19/04/2026 11:53:31 PM] [Info] Read 1735 of 2378 asset file contents into memory...
[19/04/2026 11:53:31 PM] [Info] Loaded 1735 of 2378 assets...
[19/04/2026 11:53:31 PM] [Info] Read 1740 of 2378 asset file contents into memory...
[19/04/2026 11:53:31 PM] [Info] Loaded 1740 of 2378 assets...
[19/04/2026 11:53:31 PM] [Info] Read 1744 of 2378 asset file contents into memory...
[19/04/2026 11:53:31 PM] [Info] Loaded 1744 of 2378 assets...
[19/04/2026 11:53:32 PM] [Info] Read 1749 of 2378 asset file contents into memory...
[19/04/2026 11:53:32 PM] [Info] Loaded 1749 of 2378 assets...
[19/04/2026 11:53:32 PM] [Info] Read 1753 of 2378 asset file contents into memory...
[19/04/2026 11:53:32 PM] [Info] Loaded 1753 of 2378 assets...
[19/04/2026 11:53:32 PM] [Info] Read 1762 of 2378 asset file contents into memory...
[19/04/2026 11:53:32 PM] [Info] Loaded 1762 of 2378 assets...
[19/04/2026 11:53:32 PM] [Info] Read 1771 of 2378 asset file contents into memory...
[19/04/2026 11:53:32 PM] [Info] Loaded 1771 of 2378 assets...
[19/04/2026 11:53:32 PM] [Info] Read 1779 of 2378 asset file contents into memory...
[19/04/2026 11:53:32 PM] [Info] Loaded 1779 of 2378 assets...
[19/04/2026 11:53:32 PM] [Info] Read 1789 of 2378 asset file contents into memory...
[19/04/2026 11:53:32 PM] [Info] Loaded 1789 of 2378 assets...
[19/04/2026 11:53:32 PM] [Info] Read 1797 of 2378 asset file contents into memory...
[19/04/2026 11:53:32 PM] [Info] Loaded 1797 of 2378 assets...
[19/04/2026 11:53:32 PM] [Info] Read 1806 of 2378 asset file contents into memory...
[19/04/2026 11:53:32 PM] [Info] Loaded 1806 of 2378 assets...
[19/04/2026 11:53:32 PM] [Info] Read 1814 of 2378 asset file contents into memory...
[19/04/2026 11:53:32 PM] [Info] Loaded 1814 of 2378 assets...
[19/04/2026 11:53:32 PM] [Info] Read 1823 of 2378 asset file contents into memory...
[19/04/2026 11:53:32 PM] [Info] Loaded 1823 of 2378 assets...
[19/04/2026 11:53:32 PM] [Info] Read 1831 of 2378 asset file contents into memory...
[19/04/2026 11:53:32 PM] [Info] Loaded 1831 of 2378 assets...
[19/04/2026 11:53:32 PM] [Info] Read 1840 of 2378 asset file contents into memory...
[19/04/2026 11:53:32 PM] [Info] Loaded 1840 of 2378 assets...
[19/04/2026 11:53:32 PM] [Info] Read 1848 of 2378 asset file contents into memory...
[19/04/2026 11:53:32 PM] [Info] Loaded 1848 of 2378 assets...
[19/04/2026 11:53:32 PM] [Info] Read 1857 of 2378 asset file contents into memory...
[19/04/2026 11:53:32 PM] [Info] Loaded 1857 of 2378 assets...
[19/04/2026 11:53:32 PM] [Info] Read 1865 of 2378 asset file contents into memory...
[19/04/2026 11:53:32 PM] [Info] Loaded 1865 of 2378 assets...
[19/04/2026 11:53:32 PM] [Info] Read 1874 of 2378 asset file contents into memory...
[19/04/2026 11:53:32 PM] [Info] Loaded 1874 of 2378 assets...
[19/04/2026 11:53:32 PM] [Info] Read 1882 of 2378 asset file contents into memory...
[19/04/2026 11:53:32 PM] [Info] Loaded 1882 of 2378 assets...
[19/04/2026 11:53:32 PM] [Info] Read 1889 of 2378 asset file contents into memory...
[19/04/2026 11:53:32 PM] [Info] Loaded 1889 of 2378 assets...
[19/04/2026 11:53:32 PM] [Info] Read 1894 of 2378 asset file contents into memory...
[19/04/2026 11:53:32 PM] [Info] Loaded 1894 of 2378 assets...
[19/04/2026 11:53:32 PM] [Info] Read 1898 of 2378 asset file contents into memory...
[19/04/2026 11:53:32 PM] [Info] Loaded 1898 of 2378 assets...
[19/04/2026 11:53:33 PM] [Info] Read 1903 of 2378 asset file contents into memory...
[19/04/2026 11:53:33 PM] [Info] Loaded 1903 of 2378 assets...
[19/04/2026 11:53:33 PM] [Info] Read 1907 of 2378 asset file contents into memory...
[19/04/2026 11:53:33 PM] [Info] Loaded 1907 of 2378 assets...
[19/04/2026 11:53:33 PM] [Info] Read 1911 of 2378 asset file contents into memory...
[19/04/2026 11:53:33 PM] [Info] Loaded 1911 of 2378 assets...
[19/04/2026 11:53:33 PM] [Info] Read 1916 of 2378 asset file contents into memory...
[19/04/2026 11:53:33 PM] [Info] Loaded 1916 of 2378 assets...
[19/04/2026 11:53:33 PM] [Info] Read 1920 of 2378 asset file contents into memory...
[19/04/2026 11:53:33 PM] [Info] Loaded 1920 of 2378 assets...
[19/04/2026 11:53:33 PM] [Info] Read 1925 of 2378 asset file contents into memory...
[19/04/2026 11:53:33 PM] [Info] Loaded 1925 of 2378 assets...
[19/04/2026 11:53:33 PM] [Info] Read 1929 of 2378 asset file contents into memory...
[19/04/2026 11:53:33 PM] [Info] Loaded 1929 of 2378 assets...
[19/04/2026 11:53:33 PM] [Info] Read 1934 of 2378 asset file contents into memory...
[19/04/2026 11:53:33 PM] [Info] Loaded 1934 of 2378 assets...
[19/04/2026 11:53:33 PM] [Info] Read 1938 of 2378 asset file contents into memory...
[19/04/2026 11:53:33 PM] [Info] Loaded 1938 of 2378 assets...
[19/04/2026 11:53:33 PM] [Info] Read 1942 of 2378 asset file contents into memory...
[19/04/2026 11:53:33 PM] [Info] Loaded 1942 of 2378 assets...
[19/04/2026 11:53:33 PM] [Info] Read 1947 of 2378 asset file contents into memory...
[19/04/2026 11:53:33 PM] [Info] Loaded 1947 of 2378 assets...
[19/04/2026 11:53:33 PM] [Info] Read 1951 of 2378 asset file contents into memory...
[19/04/2026 11:53:33 PM] [Info] Loaded 1951 of 2378 assets...
[19/04/2026 11:53:33 PM] [Info] Read 1955 of 2378 asset file contents into memory...
[19/04/2026 11:53:33 PM] [Info] Loaded 1955 of 2378 assets...
[19/04/2026 11:53:33 PM] [Info] Read 1958 of 2378 asset file contents into memory...
[19/04/2026 11:53:33 PM] [Info] Loaded 1958 of 2378 assets...
[19/04/2026 11:53:33 PM] [Info] Read 1962 of 2378 asset file contents into memory...
[19/04/2026 11:53:33 PM] [Info] Loaded 1962 of 2378 assets...
[19/04/2026 11:53:33 PM] [Info] Read 1965 of 2378 asset file contents into memory...
[19/04/2026 11:53:33 PM] [Info] Loaded 1965 of 2378 assets...
[19/04/2026 11:53:33 PM] [Info] Read 1968 of 2378 asset file contents into memory...
[19/04/2026 11:53:33 PM] [Info] Loaded 1968 of 2378 assets...
[19/04/2026 11:53:33 PM] [Info] Read 1972 of 2378 asset file contents into memory...
[19/04/2026 11:53:33 PM] [Info] Loaded 1972 of 2378 assets...
[19/04/2026 11:53:33 PM] [Info] Read 1975 of 2378 asset file contents into memory...
[19/04/2026 11:53:33 PM] [Info] Loaded 1975 of 2378 assets...
[19/04/2026 11:53:33 PM] [Info] Read 1979 of 2378 asset file contents into memory...
[19/04/2026 11:53:33 PM] [Info] Loaded 1979 of 2378 assets...
[19/04/2026 11:53:34 PM] [Info] Read 1983 of 2378 asset file contents into memory...
[19/04/2026 11:53:34 PM] [Info] Loaded 1983 of 2378 assets...
[19/04/2026 11:53:34 PM] [Info] Read 1986 of 2378 asset file contents into memory...
[19/04/2026 11:53:34 PM] [Info] Loaded 1986 of 2378 assets...
[19/04/2026 11:53:34 PM] [Info] Read 1990 of 2378 asset file contents into memory...
[19/04/2026 11:53:34 PM] [Info] Loaded 1990 of 2378 assets...
[19/04/2026 11:53:34 PM] [Info] Read 1995 of 2378 asset file contents into memory...
[19/04/2026 11:53:34 PM] [Info] Loaded 1995 of 2378 assets...
[19/04/2026 11:53:34 PM] [Info] Read 1999 of 2378 asset file contents into memory...
[19/04/2026 11:53:34 PM] [Info] Loaded 1999 of 2378 assets...
[19/04/2026 11:53:34 PM] [Info] Read 2003 of 2378 asset file contents into memory...
[19/04/2026 11:53:34 PM] [Info] Loaded 2003 of 2378 assets...
[19/04/2026 11:53:34 PM] [Info] Read 2007 of 2378 asset file contents into memory...
[19/04/2026 11:53:34 PM] [Info] Loaded 2007 of 2378 assets...
[19/04/2026 11:53:34 PM] [Info] Read 2011 of 2378 asset file contents into memory...
[19/04/2026 11:53:34 PM] [Info] Loaded 2011 of 2378 assets...
[19/04/2026 11:53:34 PM] [Info] Read 2015 of 2378 asset file contents into memory...
[19/04/2026 11:53:34 PM] [Info] Loaded 2015 of 2378 assets...
[19/04/2026 11:53:34 PM] [Info] Read 2019 of 2378 asset file contents into memory...
[19/04/2026 11:53:34 PM] [Info] Loaded 2019 of 2378 assets...
[19/04/2026 11:53:34 PM] [Info] Read 2024 of 2378 asset file contents into memory...
[19/04/2026 11:53:34 PM] [Info] Loaded 2024 of 2378 assets...
[19/04/2026 11:53:34 PM] [Info] Read 2028 of 2378 asset file contents into memory...
[19/04/2026 11:53:34 PM] [Info] Loaded 2028 of 2378 assets...
[19/04/2026 11:53:34 PM] [Info] Read 2032 of 2378 asset file contents into memory...
[19/04/2026 11:53:34 PM] [Info] Loaded 2032 of 2378 assets...
[19/04/2026 11:53:34 PM] [Info] Read 2036 of 2378 asset file contents into memory...
[19/04/2026 11:53:34 PM] [Info] Loaded 2036 of 2378 assets...
[19/04/2026 11:53:34 PM] [Info] Read 2039 of 2378 asset file contents into memory...
[19/04/2026 11:53:34 PM] [Info] Loaded 2039 of 2378 assets...
[19/04/2026 11:53:34 PM] [Info] Read 2043 of 2378 asset file contents into memory...
[19/04/2026 11:53:34 PM] [Info] Loaded 2043 of 2378 assets...
[19/04/2026 11:53:34 PM] [Info] Read 2046 of 2378 asset file contents into memory...
[19/04/2026 11:53:34 PM] [Info] Loaded 2046 of 2378 assets...
[19/04/2026 11:53:34 PM] [Info] Read 2050 of 2378 asset file contents into memory...
[19/04/2026 11:53:34 PM] [Info] Loaded 2050 of 2378 assets...
[19/04/2026 11:53:34 PM] [Info] Read 2054 of 2378 asset file contents into memory...
[19/04/2026 11:53:34 PM] [Info] Loaded 2054 of 2378 assets...
[19/04/2026 11:53:34 PM] [Info] Read 2058 of 2378 asset file contents into memory...
[19/04/2026 11:53:34 PM] [Info] Loaded 2058 of 2378 assets...
[19/04/2026 11:53:35 PM] [Info] Read 2060 of 2378 asset file contents into memory...
[19/04/2026 11:53:35 PM] [Info] Loaded 2060 of 2378 assets...
[19/04/2026 11:53:35 PM] [Info] Read 2064 of 2378 asset file contents into memory...
[19/04/2026 11:53:35 PM] [Info] Loaded 2064 of 2378 assets...
[19/04/2026 11:53:35 PM] [Info] Read 2067 of 2378 asset file contents into memory...
[19/04/2026 11:53:35 PM] [Info] Loaded 2067 of 2378 assets...
[19/04/2026 11:53:35 PM] [Info] Read 2070 of 2378 asset file contents into memory...
[19/04/2026 11:53:35 PM] [Info] Loaded 2070 of 2378 assets...
[19/04/2026 11:53:35 PM] [Info] Read 2073 of 2378 asset file contents into memory...
[19/04/2026 11:53:35 PM] [Info] Loaded 2073 of 2378 assets...
[19/04/2026 11:53:35 PM] [Info] Read 2076 of 2378 asset file contents into memory...
[19/04/2026 11:53:35 PM] [Info] Loaded 2076 of 2378 assets...
[19/04/2026 11:53:35 PM] [Info] Read 2079 of 2378 asset file contents into memory...
[19/04/2026 11:53:35 PM] [Info] Loaded 2079 of 2378 assets...
[19/04/2026 11:53:35 PM] [Info] Read 2082 of 2378 asset file contents into memory...
[19/04/2026 11:53:35 PM] [Info] Loaded 2082 of 2378 assets...
[19/04/2026 11:53:35 PM] [Info] Read 2084 of 2378 asset file contents into memory...
[19/04/2026 11:53:35 PM] [Info] Loaded 2084 of 2378 assets...
[19/04/2026 11:53:35 PM] [Info] Read 2087 of 2378 asset file contents into memory...
[19/04/2026 11:53:35 PM] [Info] Loaded 2087 of 2378 assets...
[19/04/2026 11:53:35 PM] [Info] Read 2090 of 2378 asset file contents into memory...
[19/04/2026 11:53:35 PM] [Info] Loaded 2090 of 2378 assets...
[19/04/2026 11:53:35 PM] [Info] Read 2094 of 2378 asset file contents into memory...
[19/04/2026 11:53:35 PM] [Info] Loaded 2094 of 2378 assets...
[19/04/2026 11:53:35 PM] [Info] Read 2098 of 2378 asset file contents into memory...
[19/04/2026 11:53:35 PM] [Info] Loaded 2098 of 2378 assets...
[19/04/2026 11:53:35 PM] [Info] Read 2100 of 2378 asset file contents into memory...
[19/04/2026 11:53:35 PM] [Info] Loaded 2100 of 2378 assets...
[19/04/2026 11:53:35 PM] [Info] Read 2102 of 2378 asset file contents into memory...
[19/04/2026 11:53:35 PM] [Info] Loaded 2102 of 2378 assets...
[19/04/2026 11:53:35 PM] [Info] Read 2104 of 2378 asset file contents into memory...
[19/04/2026 11:53:35 PM] [Info] Loaded 2104 of 2378 assets...
[19/04/2026 11:53:35 PM] [Info] Read 2107 of 2378 asset file contents into memory...
[19/04/2026 11:53:35 PM] [Info] Loaded 2107 of 2378 assets...
[19/04/2026 11:53:35 PM] [Info] Read 2109 of 2378 asset file contents into memory...
[19/04/2026 11:53:35 PM] [Info] Loaded 2109 of 2378 assets...
[19/04/2026 11:53:35 PM] [Info] Read 2112 of 2378 asset file contents into memory...
[19/04/2026 11:53:35 PM] [Info] Loaded 2112 of 2378 assets...
[19/04/2026 11:53:35 PM] [Info] Read 2115 of 2378 asset file contents into memory...
[19/04/2026 11:53:35 PM] [Info] Loaded 2115 of 2378 assets...
[19/04/2026 11:53:36 PM] [Info] Read 2118 of 2378 asset file contents into memory...
[19/04/2026 11:53:36 PM] [Info] Loaded 2118 of 2378 assets...
[19/04/2026 11:53:36 PM] [Info] Read 2121 of 2378 asset file contents into memory...
[19/04/2026 11:53:36 PM] [Info] Loaded 2121 of 2378 assets...
[19/04/2026 11:53:36 PM] [Info] Read 2125 of 2378 asset file contents into memory...
[19/04/2026 11:53:36 PM] [Info] Loaded 2125 of 2378 assets...
[19/04/2026 11:53:36 PM] [Info] Read 2128 of 2378 asset file contents into memory...
[19/04/2026 11:53:36 PM] [Info] Loaded 2128 of 2378 assets...
[19/04/2026 11:53:36 PM] [Info] Read 2131 of 2378 asset file contents into memory...
[19/04/2026 11:53:36 PM] [Info] Loaded 2131 of 2378 assets...
[19/04/2026 11:53:36 PM] [Info] Read 2134 of 2378 asset file contents into memory...
[19/04/2026 11:53:36 PM] [Info] Loaded 2134 of 2378 assets...
[19/04/2026 11:53:36 PM] [Info] Read 2138 of 2378 asset file contents into memory...
[19/04/2026 11:53:36 PM] [Info] Loaded 2138 of 2378 assets...
[19/04/2026 11:53:36 PM] [Info] Read 2140 of 2378 asset file contents into memory...
[19/04/2026 11:53:36 PM] [Info] Loaded 2140 of 2378 assets...
[19/04/2026 11:53:36 PM] [Info] Read 2144 of 2378 asset file contents into memory...
[19/04/2026 11:53:36 PM] [Info] Loaded 2144 of 2378 assets...
[19/04/2026 11:53:36 PM] [Info] Read 2147 of 2378 asset file contents into memory...
[19/04/2026 11:53:36 PM] [Info] Loaded 2147 of 2378 assets...
[19/04/2026 11:53:36 PM] [Info] Read 2150 of 2378 asset file contents into memory...
[19/04/2026 11:53:36 PM] [Info] Loaded 2150 of 2378 assets...
[19/04/2026 11:53:36 PM] [Info] Read 2153 of 2378 asset file contents into memory...
[19/04/2026 11:53:36 PM] [Info] Loaded 2153 of 2378 assets...
[19/04/2026 11:53:36 PM] [Info] Read 2157 of 2378 asset file contents into memory...
[19/04/2026 11:53:36 PM] [Info] Loaded 2157 of 2378 assets...
[19/04/2026 11:53:36 PM] [Info] Read 2160 of 2378 asset file contents into memory...
[19/04/2026 11:53:36 PM] [Info] Loaded 2160 of 2378 assets...
[19/04/2026 11:53:36 PM] [Info] Read 2163 of 2378 asset file contents into memory...
[19/04/2026 11:53:36 PM] [Info] Loaded 2163 of 2378 assets...
[19/04/2026 11:53:36 PM] [Info] Read 2167 of 2378 asset file contents into memory...
[19/04/2026 11:53:36 PM] [Info] Loaded 2167 of 2378 assets...
[19/04/2026 11:53:36 PM] [Info] Read 2170 of 2378 asset file contents into memory...
[19/04/2026 11:53:36 PM] [Info] Loaded 2170 of 2378 assets...
[19/04/2026 11:53:36 PM] [Info] Read 2173 of 2378 asset file contents into memory...
[19/04/2026 11:53:36 PM] [Info] Loaded 2173 of 2378 assets...
[19/04/2026 11:53:36 PM] [Info] Read 2176 of 2378 asset file contents into memory...
[19/04/2026 11:53:36 PM] [Info] Loaded 2176 of 2378 assets...
[19/04/2026 11:53:36 PM] [Info] Read 2179 of 2378 asset file contents into memory...
[19/04/2026 11:53:36 PM] [Info] Loaded 2179 of 2378 assets...
[19/04/2026 11:53:37 PM] [Info] Read 2183 of 2378 asset file contents into memory...
[19/04/2026 11:53:37 PM] [Info] Loaded 2183 of 2378 assets...
[19/04/2026 11:53:37 PM] [Info] Read 2186 of 2378 asset file contents into memory...
[19/04/2026 11:53:37 PM] [Info] Loaded 2186 of 2378 assets...
[19/04/2026 11:53:37 PM] [Info] Read 2190 of 2378 asset file contents into memory...
[19/04/2026 11:53:37 PM] [Info] Loaded 2190 of 2378 assets...
[19/04/2026 11:53:37 PM] [Info] Read 2195 of 2378 asset file contents into memory...
[19/04/2026 11:53:37 PM] [Info] Loaded 2195 of 2378 assets...
[19/04/2026 11:53:37 PM] [Info] Read 2198 of 2378 asset file contents into memory...
[19/04/2026 11:53:37 PM] [Info] Loaded 2198 of 2378 assets...
[19/04/2026 11:53:37 PM] [Info] Read 2202 of 2378 asset file contents into memory...
[19/04/2026 11:53:37 PM] [Info] Loaded 2202 of 2378 assets...
[19/04/2026 11:53:37 PM] [Info] Read 2206 of 2378 asset file contents into memory...
[19/04/2026 11:53:37 PM] [Info] Loaded 2206 of 2378 assets...
[19/04/2026 11:53:37 PM] [Info] Read 2210 of 2378 asset file contents into memory...
[19/04/2026 11:53:37 PM] [Info] Loaded 2210 of 2378 assets...
[19/04/2026 11:53:37 PM] [Info] Read 2214 of 2378 asset file contents into memory...
[19/04/2026 11:53:37 PM] [Info] Loaded 2214 of 2378 assets...
[19/04/2026 11:53:37 PM] [Info] Read 2217 of 2378 asset file contents into memory...
[19/04/2026 11:53:37 PM] [Info] Loaded 2217 of 2378 assets...
[19/04/2026 11:53:37 PM] [Info] Read 2221 of 2378 asset file contents into memory...
[19/04/2026 11:53:37 PM] [Info] Loaded 2221 of 2378 assets...
[19/04/2026 11:53:37 PM] [Info] Read 2224 of 2378 asset file contents into memory...
[19/04/2026 11:53:37 PM] [Info] Loaded 2224 of 2378 assets...
[19/04/2026 11:53:37 PM] [Info] Read 2228 of 2378 asset file contents into memory...
[19/04/2026 11:53:37 PM] [Info] Loaded 2228 of 2378 assets...
[19/04/2026 11:53:37 PM] [Info] Read 2232 of 2378 asset file contents into memory...
[19/04/2026 11:53:37 PM] [Info] Loaded 2232 of 2378 assets...
[19/04/2026 11:53:37 PM] [Info] Read 2236 of 2378 asset file contents into memory...
[19/04/2026 11:53:37 PM] [Info] Loaded 2236 of 2378 assets...
[19/04/2026 11:53:37 PM] [Info] Read 2239 of 2378 asset file contents into memory...
[19/04/2026 11:53:37 PM] [Info] Loaded 2239 of 2378 assets...
[19/04/2026 11:53:37 PM] [Info] Read 2243 of 2378 asset file contents into memory...
[19/04/2026 11:53:37 PM] [Info] Loaded 2243 of 2378 assets...
[19/04/2026 11:53:37 PM] [Info] Read 2246 of 2378 asset file contents into memory...
[19/04/2026 11:53:37 PM] [Info] Loaded 2246 of 2378 assets...
[19/04/2026 11:53:37 PM] [Info] Read 2249 of 2378 asset file contents into memory...
[19/04/2026 11:53:37 PM] [Info] Loaded 2249 of 2378 assets...
[19/04/2026 11:53:37 PM] [Info] Read 2252 of 2378 asset file contents into memory...
[19/04/2026 11:53:37 PM] [Info] Loaded 2252 of 2378 assets...
[19/04/2026 11:53:38 PM] [Info] Read 2255 of 2378 asset file contents into memory...
[19/04/2026 11:53:38 PM] [Info] Loaded 2255 of 2378 assets...
[19/04/2026 11:53:38 PM] [Info] Read 2259 of 2378 asset file contents into memory...
[19/04/2026 11:53:38 PM] [Info] Loaded 2259 of 2378 assets...
[19/04/2026 11:53:38 PM] [Info] Read 2263 of 2378 asset file contents into memory...
[19/04/2026 11:53:38 PM] [Info] Loaded 2263 of 2378 assets...
[19/04/2026 11:53:38 PM] [Info] Read 2266 of 2378 asset file contents into memory...
[19/04/2026 11:53:38 PM] [Info] Loaded 2266 of 2378 assets...
[19/04/2026 11:53:38 PM] [Info] Read 2270 of 2378 asset file contents into memory...
[19/04/2026 11:53:38 PM] [Info] Loaded 2270 of 2378 assets...
[19/04/2026 11:53:38 PM] [Info] Read 2274 of 2378 asset file contents into memory...
[19/04/2026 11:53:38 PM] [Info] Loaded 2274 of 2378 assets...
[19/04/2026 11:53:38 PM] [Info] Read 2278 of 2378 asset file contents into memory...
[19/04/2026 11:53:38 PM] [Info] Loaded 2278 of 2378 assets...
[19/04/2026 11:53:38 PM] [Info] Read 2282 of 2378 asset file contents into memory...
[19/04/2026 11:53:38 PM] [Info] Loaded 2282 of 2378 assets...
[19/04/2026 11:53:38 PM] [Info] Read 2286 of 2378 asset file contents into memory...
[19/04/2026 11:53:38 PM] [Info] Loaded 2286 of 2378 assets...
[19/04/2026 11:53:38 PM] [Info] Read 2290 of 2378 asset file contents into memory...
[19/04/2026 11:53:38 PM] [Info] Loaded 2290 of 2378 assets...
[19/04/2026 11:53:38 PM] [Info] Read 2293 of 2378 asset file contents into memory...
[19/04/2026 11:53:38 PM] [Info] Loaded 2293 of 2378 assets...
[19/04/2026 11:53:38 PM] [Info] Read 2298 of 2378 asset file contents into memory...
[19/04/2026 11:53:38 PM] [Info] Loaded 2298 of 2378 assets...
[19/04/2026 11:53:38 PM] [Info] Read 2302 of 2378 asset file contents into memory...
[19/04/2026 11:53:38 PM] [Info] Loaded 2302 of 2378 assets...
[19/04/2026 11:53:38 PM] [Info] Read 2306 of 2378 asset file contents into memory...
[19/04/2026 11:53:38 PM] [Info] Loaded 2306 of 2378 assets...
[19/04/2026 11:53:38 PM] [Info] Read 2310 of 2378 asset file contents into memory...
[19/04/2026 11:53:38 PM] [Info] Loaded 2310 of 2378 assets...
[19/04/2026 11:53:38 PM] [Info] Read 2313 of 2378 asset file contents into memory...
[19/04/2026 11:53:38 PM] [Info] Loaded 2313 of 2378 assets...
[19/04/2026 11:53:38 PM] [Info] Read 2318 of 2378 asset file contents into memory...
[19/04/2026 11:53:38 PM] [Info] Loaded 2318 of 2378 assets...
[19/04/2026 11:53:38 PM] [Info] Read 2322 of 2378 asset file contents into memory...
[19/04/2026 11:53:38 PM] [Info] Loaded 2322 of 2378 assets...
[19/04/2026 11:53:38 PM] [Info] Read 2327 of 2378 asset file contents into memory...
[19/04/2026 11:53:38 PM] [Info] Loaded 2327 of 2378 assets...
[19/04/2026 11:53:38 PM] [Info] Read 2331 of 2378 asset file contents into memory...
[19/04/2026 11:53:38 PM] [Info] Loaded 2331 of 2378 assets...
[19/04/2026 11:53:39 PM] [Info] Read 2335 of 2378 asset file contents into memory...
[19/04/2026 11:53:39 PM] [Info] Loaded 2335 of 2378 assets...
[19/04/2026 11:53:39 PM] [Info] Read 2340 of 2378 asset file contents into memory...
[19/04/2026 11:53:39 PM] [Info] Loaded 2340 of 2378 assets...
[19/04/2026 11:53:39 PM] [Info] Read 2344 of 2378 asset file contents into memory...
[19/04/2026 11:53:39 PM] [Info] Loaded 2344 of 2378 assets...
[19/04/2026 11:53:39 PM] [Info] Read 2349 of 2378 asset file contents into memory...
[19/04/2026 11:53:39 PM] [Info] Loaded 2349 of 2378 assets...
[19/04/2026 11:53:39 PM] [Info] Read 2353 of 2378 asset file contents into memory...
[19/04/2026 11:53:39 PM] [Info] Loaded 2353 of 2378 assets...
[19/04/2026 11:53:39 PM] [Info] Read 2357 of 2378 asset file contents into memory...
[19/04/2026 11:53:39 PM] [Info] Loaded 2357 of 2378 assets...
[19/04/2026 11:53:39 PM] [Info] Read 2361 of 2378 asset file contents into memory...
[19/04/2026 11:53:39 PM] [Info] Loaded 2361 of 2378 assets...
[19/04/2026 11:53:39 PM] [Info] Read 2365 of 2378 asset file contents into memory...
[19/04/2026 11:53:39 PM] [Info] Loaded 2365 of 2378 assets...
[19/04/2026 11:53:39 PM] [Info] Read 2369 of 2378 asset file contents into memory...
[19/04/2026 11:53:39 PM] [Info] Loaded 2369 of 2378 assets...
[19/04/2026 11:53:39 PM] [Info] Read 2373 of 2378 asset file contents into memory...
[19/04/2026 11:53:39 PM] [Info] Loaded 2373 of 2378 assets...
[19/04/2026 11:53:39 PM] [Info] Read 2377 of 2378 asset file contents into memory...
[19/04/2026 11:53:39 PM] [Info] Loaded 2377 of 2378 assets...
[19/04/2026 11:53:39 PM] [Info] Read 2378 of 2378 asset file contents into memory...
[19/04/2026 11:53:39 PM] [Info] Loaded 2378 of 2378 assets...
[19/04/2026 11:53:40 PM] [Info] Level overrides config Animals.Max_Instances_Medium: 256
[19/04/2026 11:53:40 PM] [Info] Skipping level config override Items.Quality_Full_Chance because it's overridden in server config
[19/04/2026 11:53:40 PM] [Info] Level overrides config Barricades.Allow_Item_Placement_On_Vehicle: False
[19/04/2026 11:53:40 PM] [Info] Level overrides config Barricades.Allow_Trap_Placement_On_Vehicle: False
[19/04/2026 11:53:40 PM] [Info] Level overrides config Barricades.Gun_Lowcal_Damage_Multiplier: 1
[19/04/2026 11:53:40 PM] [Info] Level overrides config Barricades.Gun_Highcal_Damage_Multiplier: 1
[19/04/2026 11:53:40 PM] [Info] Level overrides config Barricades.Armor_Lowtier_Multiplier: 1
[19/04/2026 11:53:40 PM] [Info] Level overrides config Barricades.Armor_Hightier_Multiplier: 1
[19/04/2026 11:53:40 PM] [Info] Level overrides config Structures.Gun_Lowcal_Damage_Multiplier: 1
[19/04/2026 11:53:40 PM] [Info] Level overrides config Structures.Gun_Highcal_Damage_Multiplier: 1
[19/04/2026 11:53:40 PM] [Info] Level overrides config Structures.Armor_Lowtier_Multiplier: 1
[19/04/2026 11:53:40 PM] [Info] Level overrides config Structures.Armor_Hightier_Multiplier: 1
[19/04/2026 11:53:40 PM] [Info] Level overrides config Structures.Melee_Damage_Multiplier: 1
[19/04/2026 11:53:40 PM] [Info] Level overrides config Structures.Melee_Repair_Multiplier: 1
[19/04/2026 11:53:40 PM] [Info] Level overrides config Events.Airdrop_Speed: 96
[19/04/2026 11:53:40 PM] [Info] Level overrides config Events.Airdrop_Force: 8.55
[19/04/2026 11:53:40 PM] [Info] Level overrides config Vehicles.Gun_Lowcal_Damage_Multiplier: 2
[19/04/2026 11:53:40 PM] [Info] Level overrides config Vehicles.Melee_Damage_Multiplier: 2
[19/04/2026 11:53:40 PM] [Info] Level overrides config Vehicles.Min_Battery_Charge: 1
[19/04/2026 11:53:40 PM] [Info] Level overrides config Vehicles.Max_Battery_Charge: 1
[19/04/2026 11:53:40 PM] [Info] Level overrides config Vehicles.Has_Battery_Chance: 1
[19/04/2026 11:53:40 PM] [Info] Level overrides config Vehicles.Max_Instances_Medium: 48
[19/04/2026 11:53:40 PM] [Info] Level overrides config Vehicles.Armor_Multiplier: 0.375
[19/04/2026 11:53:40 PM] [Info] Skipping level config override Players.Experience_Multiplier because it's overridden in server config
[19/04/2026 11:53:40 PM] [Info] Skipping level config override Players.Lose_Skills_PvP because it's overridden in server config
[19/04/2026 11:53:40 PM] [Info] Skipping level config override Players.Lose_Skills_PvE because it's overridden in server config
[19/04/2026 11:53:40 PM] [Info] Skipping level config override Players.Lose_Experience_PvP because it's overridden in server config
[19/04/2026 11:53:40 PM] [Info] Level overrides config Players.Lose_Experience_PvE: 1
[19/04/2026 11:53:40 PM] [Info] Skipping level config override Players.Lose_Skill_Levels_PvP because it's overridden in server config
[19/04/2026 11:53:40 PM] [Info] Skipping level config override Players.Lose_Skill_Levels_PvE because it's overridden in server config
[19/04/2026 11:53:40 PM] [Info] Skipping level config override Players.Virus_Infect because it's overridden in server config
[19/04/2026 11:53:40 PM] [Info] Level overrides config Players.Can_Break_Legs: False
[19/04/2026 11:53:40 PM] [Info] Skipping level config override Zombies.Armor_Multiplier because it's overridden in server config
[19/04/2026 11:53:40 PM] [Info] Level overrides config Zombies.Full_Moon_Experience_Multiplier: 2
[19/04/2026 11:53:40 PM] [Info] Skipping level config override Zombies.Spawn_Chance because it's overridden in server config
[19/04/2026 11:53:40 PM] [Info] Level overrides config Zombies.Min_Mega_Drops: 1
[19/04/2026 11:53:40 PM] [Info] Level overrides config Zombies.Max_Mega_Drops: 1
[19/04/2026 11:53:40 PM] [Info] Level overrides config Zombies.Min_Boss_Drops: 1
[19/04/2026 11:53:40 PM] [Info] Level overrides config Zombies.Max_Boss_Drops: 1
[19/04/2026 11:53:40 PM] [Info] Skipping level config override Zombies.Loot_Chance because it's overridden in server config
[19/04/2026 11:53:40 PM] [Info] Skipping level config override Gameplay.Chart because it's overridden in server config
[19/04/2026 11:53:40 PM] [Info] Monitoring workshop map "A6 Polaris" (2898548949) for changes
[19/04/2026 11:53:40 PM] [Info] Loading level: 5%
[19/04/2026 11:53:42 PM] [Info] Loading level: 10%
[19/04/2026 11:53:43 PM] [Info] Loading level: 15%
[19/04/2026 11:53:43 PM] [Info] Loading level: 21%
[19/04/2026 11:53:43 PM] [Info] Loading level: 26%
[19/04/2026 11:53:43 PM] [Info] Loading level: 31%
[19/04/2026 11:53:43 PM] [Info] Loading level: 36%
[19/04/2026 11:53:43 PM] [Info] Loading level: 42%
[19/04/2026 11:53:43 PM] [Info] Loading level: 47%
[19/04/2026 11:53:43 PM] [Info] Loading level: 52%
[19/04/2026 11:53:43 PM] [Info] Loading level: 57%
[19/04/2026 11:53:43 PM] [Info] Loading level: 63%
[19/04/2026 11:53:45 PM] [Info] Loading level: 68%
[19/04/2026 11:53:45 PM] [Info] Loading level: 73%
[19/04/2026 11:53:46 PM] [Info] Loading level: 89%
[19/04/2026 11:53:46 PM] [Info] Loading level: 94%
[19/04/2026 11:53:46 PM] [Info] //////////////////////////////////////////////////////
[19/04/2026 11:53:46 PM] [Info] Server Code: 85568392936196484
[19/04/2026 11:53:46 PM] [Info] Your friends can enter this code in the Connect Directly menu to join without port forwarding.
[19/04/2026 11:53:46 PM] [Info] Tip: Use the "CopyServerCode" command to copy the code to your clipboard. Alternatively, in most terminals you can highlight it and press Ctrl+Insert to copy.
[19/04/2026 11:53:46 PM] [Info] //////////////////////////////////////////////////////
[19/04/2026 11:53:46 PM] [Info] Loading level: 100%
[19/04/2026 11:54:29 PM] [Info] Handling SIGINT or SIGBREAK by requesting a graceful shutdown
[19/04/2026 11:54:29 PM] [Info] MoreHomes >> 4 player homes data has been saved!
