[19/04/2026 12:46:55 AM] [Info] [registered] /more (Rocket.Unturned.Commands.CommandMore/more)
[19/04/2026 12:46:55 AM] [Info] [registered] /admin (Rocket.Unturned.Commands.CommandAdmin/admin)
[19/04/2026 12:46:55 AM] [Info] [registered] /broadcast (Rocket.Unturned.Commands.CommandBroadcast/broadcast)
[19/04/2026 12:46:55 AM] [Info] [registered] /compass (Rocket.Unturned.Commands.CommandCompass/compass)
[19/04/2026 12:46:55 AM] [Info] [registered] /effect (Rocket.Unturned.Commands.CommandEffect/effect)
[19/04/2026 12:46:55 AM] [Info] [registered] /exit (Rocket.Unturned.Commands.CommandExit/exit)
[19/04/2026 12:46:55 AM] [Info] [registered] /god (Rocket.Unturned.Commands.CommandGod/god)
[19/04/2026 12:46:55 AM] [Info] [registered] /heal (Rocket.Unturned.Commands.CommandHeal/heal)
[19/04/2026 12:46:55 AM] [Info] [registered] /help (Rocket.Unturned.Commands.CommandHelp/help)
[19/04/2026 12:46:55 AM] [Info] [registered] /i (Rocket.Unturned.Commands.CommandI/i)
[19/04/2026 12:46:55 AM] [Info] [registered] /item (Rocket.Unturned.Commands.CommandI/item)
[19/04/2026 12:46:55 AM] [Info] [registered] /investigate (Rocket.Unturned.Commands.CommandInvestigate/investigate)
[19/04/2026 12:46:55 AM] [Info] [registered] /p (Rocket.Unturned.Commands.CommandP/p)
[19/04/2026 12:46:55 AM] [Info] [registered] /permissions (Rocket.Unturned.Commands.CommandP/permissions)
[19/04/2026 12:46:55 AM] [Info] [registered] /rocket (Rocket.Unturned.Commands.CommandRocket/rocket)
[19/04/2026 12:46:55 AM] [Info] [registered] /tp (Rocket.Unturned.Commands.CommandTp/tp)
[19/04/2026 12:46:55 AM] [Info] [registered] /tphere (Rocket.Unturned.Commands.CommandTphere/tphere)
[19/04/2026 12:46:55 AM] [Info] [registered] /unadmin (Rocket.Unturned.Commands.CommandUnadmin/unadmin)
[19/04/2026 12:46:55 AM] [Info] [registered] /v (Rocket.Unturned.Commands.CommandV/v)
[19/04/2026 12:46:55 AM] [Info] [registered] /vanish (Rocket.Unturned.Commands.CommandVanish/vanish)
[19/04/2026 12:46:55 AM] [Info] Loading HardcoreDurability from E:\SteamLibrary\steamapps\common\U3DS\Servers\New Era Polaris\Rocket\Plugins\HardcoreDurability.dll
[19/04/2026 12:46:55 AM] [Info] Loading MoreHomes from E:\SteamLibrary\steamapps\common\U3DS\Servers\New Era Polaris\Rocket\Plugins\MoreHomes.dll
[19/04/2026 12:46:55 AM] [Info] Loading Teleportation from E:\SteamLibrary\steamapps\common\U3DS\Servers\New Era Polaris\Rocket\Plugins\Teleportation.dll
[19/04/2026 12:46:56 AM] [Error] mscorlib >> Caught exception resolving dependency: 0Harmony -> Exception in DoAssemblyResolve: System.ArgumentNullException: Value cannot be null.
Parameter name: v1
  at System.Version.op_LessThanOrEqual (System.Version v1, System.Version v2) [0x00003] in <1071a2cb0cb3433aae80a793c277a048>:0 
  at System.Version.op_GreaterThanOrEqual (System.Version v1, System.Version v2) [0x00000] in <1071a2cb0cb3433aae80a793c277a048>:0 
  at Rocket.Core.Plugins.RocketPluginManager+<>c__DisplayClass12_0.<Awake>b__1 (System.Collections.Generic.KeyValuePair`2[TKey,TValue] lib) [0x00035] in <59a13feb721848c8b0cd173f6d0e820b>:0 
  at System.Linq.Enumerable.TryGetFirst[TSource] (System.Collections.Generic.IEnumerable`1[T] source, System.Func`2[T,TResult] predicate, System.Boolean& found) [0x0003f] in <ea489521390f48908a7ce45cb17a6848>:0 
  at System.Linq.Enumerable.FirstOrDefault[TSource] (System.Collections.Generic.IEnumerable`1[T] source, System.Func`2[T,TResult] predicate) [0x00000] in <ea489521390f48908a7ce45cb17a6848>:0 
  at Rocket.Core.Plugins.RocketPluginManager.<Awake>b__12_0 (System.Object sender, System.ResolveEventArgs args) [0x00017] in <59a13feb721848c8b0cd173f6d0e820b>:0 
[19/04/2026 12:46:56 AM] [Error] Could not find dependency: 0Harmony
[19/04/2026 12:46:56 AM] [Info] 
[loading] HardcoreDurability
[19/04/2026 12:46:56 AM] [Info] HardcoreDurability >> Hardcore Durability Loaded with Configurations!
[19/04/2026 12:46:56 AM] [Info] 
[loading] MoreHomes
[19/04/2026 12:46:56 AM] [Info] [registered] /home (RestoreMonarchy.MoreHomes.Commands.HomeCommand/home)
[19/04/2026 12:46:56 AM] [Info] [registered] /homes (RestoreMonarchy.MoreHomes.Commands.HomesCommand/homes)
[19/04/2026 12:46:56 AM] [Info] [registered] /destroyhome (RestoreMonarchy.MoreHomes.Commands.DestroyHomeCommand/destroyhome)
[19/04/2026 12:46:56 AM] [Info] [registered] /renamehome (RestoreMonarchy.MoreHomes.Commands.RenameHomeCommand/renamehome)
[19/04/2026 12:46:56 AM] [Info] [registered] /restorehomes (RestoreMonarchy.MoreHomes.Commands.RestoreHomesCommand/restorehomes)
[19/04/2026 12:46:56 AM] [Info] MoreHomes >> MoreHomes 1.7.2.0 has been loaded!
[19/04/2026 12:46:56 AM] [Info] MoreHomes >> Brought to you by RestoreMonarchy.com
[19/04/2026 12:46:56 AM] [Error] mscorlib >> Caught exception resolving dependency: Steamworks.NET -> Exception in DoAssemblyResolve: System.ArgumentNullException: Value cannot be null.
Parameter name: v1
  at System.Version.op_LessThanOrEqual (System.Version v1, System.Version v2) [0x00003] in <1071a2cb0cb3433aae80a793c277a048>:0 
  at System.Version.op_GreaterThanOrEqual (System.Version v1, System.Version v2) [0x00000] in <1071a2cb0cb3433aae80a793c277a048>:0 
  at Rocket.Core.Plugins.RocketPluginManager+<>c__DisplayClass12_0.<Awake>b__1 (System.Collections.Generic.KeyValuePair`2[TKey,TValue] lib) [0x00035] in <59a13feb721848c8b0cd173f6d0e820b>:0 
  at System.Linq.Enumerable.TryGetFirst[TSource] (System.Collections.Generic.IEnumerable`1[T] source, System.Func`2[T,TResult] predicate, System.Boolean& found) [0x0003f] in <ea489521390f48908a7ce45cb17a6848>:0 
  at System.Linq.Enumerable.FirstOrDefault[TSource] (System.Collections.Generic.IEnumerable`1[T] source, System.Func`2[T,TResult] predicate) [0x00000] in <ea489521390f48908a7ce45cb17a6848>:0 
  at Rocket.Core.Plugins.RocketPluginManager.<Awake>b__12_0 (System.Object sender, System.ResolveEventArgs args) [0x00017] in <59a13feb721848c8b0cd173f6d0e820b>:0 
[19/04/2026 12:46:56 AM] [Error] Could not find dependency: Steamworks.NET
[19/04/2026 12:46:56 AM] [Info] 
[loading] Teleportation
[19/04/2026 12:46:56 AM] [Info] [registered] /tpa (RestoreMonarchy.Teleportation.Commands.TPACommand/tpa)
[19/04/2026 12:46:56 AM] [Info] Teleportation >> Teleportation 1.6.0.0 has been loaded!
[19/04/2026 12:46:56 AM] [Info] This server will automatically save every 1800 seconds
[19/04/2026 12:46:56 AM] [Info] Steam servers ready!
[19/04/2026 12:46:56 AM] [Info] Workshop install folder: E:\SteamLibrary\steamapps\common\U3DS/Servers/New Era Polaris/Workshop/Steam
[19/04/2026 12:46:56 AM] [Info] 1 workshop item(s) requested
[19/04/2026 12:46:56 AM] [Info] Submitting workshop query for 1 item(s)...
[19/04/2026 12:46:56 AM] [Info] Workshop query yielded 1 result(s)
[19/04/2026 12:46:56 AM] [Info] This server's allowed IP for Workshop downloads: [redacted]
[19/04/2026 12:46:56 AM] [Info] 2898548949 'A6 Polaris' queued for download
[19/04/2026 12:46:56 AM] [Info] 1 workshop item(s) to download...
[19/04/2026 12:46:56 AM] [Info] Workshop item found in cache: 2898548949
[19/04/2026 12:46:56 AM] [Info] Installing workshop item: 2898548949
[19/04/2026 12:46:56 AM] [Info] Installed workshop item: 2898548949
[19/04/2026 12:46:56 AM] [Info] Searched 0 of 1 locations and found 281 asset files...
[19/04/2026 12:46:56 AM] [Info] Read 0 of 281 asset file contents into memory...
[19/04/2026 12:46:56 AM] [Info] Loaded 0 of 281 assets...
[19/04/2026 12:46:56 AM] [Info] Searched 0 of 1 locations and found 567 asset files...
[19/04/2026 12:46:56 AM] [Info] Read 0 of 567 asset file contents into memory...
[19/04/2026 12:46:56 AM] [Info] Loaded 0 of 567 assets...
[19/04/2026 12:46:56 AM] [Info] Searched 0 of 1 locations and found 869 asset files...
[19/04/2026 12:46:56 AM] [Info] Read 0 of 869 asset file contents into memory...
[19/04/2026 12:46:56 AM] [Info] Loaded 0 of 869 assets...
[19/04/2026 12:46:56 AM] [Info] Loaded 0 of 1 asset bundles...
[19/04/2026 12:46:56 AM] [Info] Searched 0 of 1 locations and found 1108 asset files...
[19/04/2026 12:46:56 AM] [Info] Read 92 of 1108 asset file contents into memory...
[19/04/2026 12:46:56 AM] [Info] Loaded 0 of 1108 assets...
[19/04/2026 12:46:56 AM] [Info] Searched 0 of 1 locations and found 1399 asset files...
[19/04/2026 12:46:56 AM] [Info] Read 209 of 1399 asset file contents into memory...
[19/04/2026 12:46:56 AM] [Info] Loaded 0 of 1399 assets...
[19/04/2026 12:46:56 AM] [Info] Searched 0 of 1 locations and found 1644 asset files...
[19/04/2026 12:46:56 AM] [Info] Read 290 of 1644 asset file contents into memory...
[19/04/2026 12:46:56 AM] [Info] Loaded 0 of 1644 assets...
[19/04/2026 12:46:56 AM] [Info] Searched 0 of 1 locations and found 1910 asset files...
[19/04/2026 12:46:56 AM] [Info] Read 385 of 1910 asset file contents into memory...
[19/04/2026 12:46:56 AM] [Info] Loaded 0 of 1910 assets...
[19/04/2026 12:46:56 AM] [Info] Searched 0 of 1 locations and found 2215 asset files...
[19/04/2026 12:46:56 AM] [Info] Read 486 of 2215 asset file contents into memory...
[19/04/2026 12:46:56 AM] [Info] Loaded 0 of 2215 assets...
[19/04/2026 12:46:56 AM] [Info] Searched 1 of 1 locations and found 2378 asset files...
[19/04/2026 12:46:56 AM] [Info] Read 588 of 2378 asset file contents into memory...
[19/04/2026 12:46:56 AM] [Info] Loaded 0 of 2378 assets...
[19/04/2026 12:46:56 AM] [Info] Read 690 of 2378 asset file contents into memory...
[19/04/2026 12:46:56 AM] [Info] Read 804 of 2378 asset file contents into memory...
[19/04/2026 12:46:57 AM] [Info] Read 907 of 2378 asset file contents into memory...
[19/04/2026 12:46:57 AM] [Info] Read 1017 of 2378 asset file contents into memory...
[19/04/2026 12:46:57 AM] [Info] Read 1138 of 2378 asset file contents into memory...
[19/04/2026 12:46:57 AM] [Info] Read 1251 of 2378 asset file contents into memory...
[19/04/2026 12:46:57 AM] [Info] Read 1367 of 2378 asset file contents into memory...
[19/04/2026 12:46:57 AM] [Info] Read 1485 of 2378 asset file contents into memory...
[19/04/2026 12:46:57 AM] [Info] Read 1575 of 2378 asset file contents into memory...
[19/04/2026 12:46:57 AM] [Info] Read 1696 of 2378 asset file contents into memory...
[19/04/2026 12:46:57 AM] [Info] Read 1850 of 2378 asset file contents into memory...
[19/04/2026 12:46:57 AM] [Info] Read 1979 of 2378 asset file contents into memory...
[19/04/2026 12:46:57 AM] [Info] Read 2094 of 2378 asset file contents into memory...
[19/04/2026 12:46:57 AM] [Info] Read 2192 of 2378 asset file contents into memory...
[19/04/2026 12:46:57 AM] [Info] Read 2315 of 2378 asset file contents into memory...
[19/04/2026 12:46:57 AM] [Info] Read 2378 of 2378 asset file contents into memory...
[19/04/2026 12:46:57 AM] [Info] Loaded 1 of 1 asset bundles...
[19/04/2026 12:46:57 AM] [Info] Loaded 3 of 2378 assets...
[19/04/2026 12:46:58 AM] [Info] Loaded 8 of 2378 assets...
[19/04/2026 12:46:58 AM] [Info] Loaded 56 of 2378 assets...
[19/04/2026 12:46:58 AM] [Info] Loaded 92 of 2378 assets...
[19/04/2026 12:46:58 AM] [Info] Loaded 230 of 2378 assets...
[19/04/2026 12:46:58 AM] [Info] Loaded 280 of 2378 assets...
[19/04/2026 12:46:58 AM] [Info] Loaded 312 of 2378 assets...
[19/04/2026 12:46:58 AM] [Info] Loaded 341 of 2378 assets...
[19/04/2026 12:46:58 AM] [Info] Loaded 370 of 2378 assets...
[19/04/2026 12:46:58 AM] [Info] Loaded 400 of 2378 assets...
[19/04/2026 12:46:58 AM] [Info] Loaded 506 of 2378 assets...
[19/04/2026 12:46:58 AM] [Info] Loaded 594 of 2378 assets...
[19/04/2026 12:46:58 AM] [Info] Loaded 700 of 2378 assets...
[19/04/2026 12:46:58 AM] [Info] Loaded 731 of 2378 assets...
[19/04/2026 12:46:58 AM] [Info] Loaded 765 of 2378 assets...
[19/04/2026 12:46:58 AM] [Info] Loaded 799 of 2378 assets...
[19/04/2026 12:46:58 AM] [Info] Loaded 817 of 2378 assets...
[19/04/2026 12:46:58 AM] [Info] Loaded 829 of 2378 assets...
[19/04/2026 12:46:58 AM] [Info] Loaded 844 of 2378 assets...
[19/04/2026 12:46:58 AM] [Info] Loaded 1298 of 2378 assets...
[19/04/2026 12:46:58 AM] [Info] Loaded 2167 of 2378 assets...
[19/04/2026 12:46:59 AM] [Info] Loaded 2378 of 2378 assets...
[19/04/2026 12:46:59 AM] [Info] Level overrides config Animals.Max_Instances_Medium: 256
[19/04/2026 12:46:59 AM] [Info] Skipping level config override Items.Quality_Full_Chance because it's overridden in server config
[19/04/2026 12:46:59 AM] [Info] Level overrides config Barricades.Allow_Item_Placement_On_Vehicle: False
[19/04/2026 12:46:59 AM] [Info] Level overrides config Barricades.Allow_Trap_Placement_On_Vehicle: False
[19/04/2026 12:46:59 AM] [Info] Level overrides config Barricades.Gun_Lowcal_Damage_Multiplier: 1
[19/04/2026 12:46:59 AM] [Info] Level overrides config Barricades.Gun_Highcal_Damage_Multiplier: 1
[19/04/2026 12:46:59 AM] [Info] Level overrides config Barricades.Armor_Lowtier_Multiplier: 1
[19/04/2026 12:46:59 AM] [Info] Level overrides config Barricades.Armor_Hightier_Multiplier: 1
[19/04/2026 12:46:59 AM] [Info] Level overrides config Structures.Gun_Lowcal_Damage_Multiplier: 1
[19/04/2026 12:46:59 AM] [Info] Level overrides config Structures.Gun_Highcal_Damage_Multiplier: 1
[19/04/2026 12:46:59 AM] [Info] Level overrides config Structures.Armor_Lowtier_Multiplier: 1
[19/04/2026 12:46:59 AM] [Info] Level overrides config Structures.Armor_Hightier_Multiplier: 1
[19/04/2026 12:46:59 AM] [Info] Level overrides config Structures.Melee_Damage_Multiplier: 1
[19/04/2026 12:46:59 AM] [Info] Level overrides config Structures.Melee_Repair_Multiplier: 1
[19/04/2026 12:46:59 AM] [Info] Level overrides config Events.Airdrop_Speed: 96
[19/04/2026 12:46:59 AM] [Info] Level overrides config Events.Airdrop_Force: 8.55
[19/04/2026 12:46:59 AM] [Info] Level overrides config Vehicles.Gun_Lowcal_Damage_Multiplier: 2
[19/04/2026 12:46:59 AM] [Info] Level overrides config Vehicles.Melee_Damage_Multiplier: 2
[19/04/2026 12:46:59 AM] [Info] Level overrides config Vehicles.Min_Battery_Charge: 1
[19/04/2026 12:46:59 AM] [Info] Level overrides config Vehicles.Max_Battery_Charge: 1
[19/04/2026 12:46:59 AM] [Info] Level overrides config Vehicles.Has_Battery_Chance: 1
[19/04/2026 12:46:59 AM] [Info] Level overrides config Vehicles.Max_Instances_Medium: 48
[19/04/2026 12:46:59 AM] [Info] Level overrides config Vehicles.Armor_Multiplier: 0.375
[19/04/2026 12:46:59 AM] [Info] Skipping level config override Players.Experience_Multiplier because it's overridden in server config
[19/04/2026 12:46:59 AM] [Info] Skipping level config override Players.Lose_Skills_PvP because it's overridden in server config
[19/04/2026 12:46:59 AM] [Info] Skipping level config override Players.Lose_Skills_PvE because it's overridden in server config
[19/04/2026 12:46:59 AM] [Info] Skipping level config override Players.Lose_Experience_PvP because it's overridden in server config
[19/04/2026 12:46:59 AM] [Info] Skipping level config override Players.Lose_Experience_PvE because it's overridden in server config
[19/04/2026 12:46:59 AM] [Info] Skipping level config override Players.Lose_Skill_Levels_PvP because it's overridden in server config
[19/04/2026 12:46:59 AM] [Info] Skipping level config override Players.Lose_Skill_Levels_PvE because it's overridden in server config
[19/04/2026 12:46:59 AM] [Info] Skipping level config override Players.Virus_Infect because it's overridden in server config
[19/04/2026 12:46:59 AM] [Info] Level overrides config Players.Can_Break_Legs: False
[19/04/2026 12:46:59 AM] [Info] Skipping level config override Zombies.Armor_Multiplier because it's overridden in server config
[19/04/2026 12:46:59 AM] [Info] Level overrides config Zombies.Full_Moon_Experience_Multiplier: 2
[19/04/2026 12:46:59 AM] [Info] Skipping level config override Zombies.Spawn_Chance because it's overridden in server config
[19/04/2026 12:46:59 AM] [Info] Level overrides config Zombies.Min_Mega_Drops: 1
[19/04/2026 12:46:59 AM] [Info] Level overrides config Zombies.Max_Mega_Drops: 1
[19/04/2026 12:46:59 AM] [Info] Level overrides config Zombies.Min_Boss_Drops: 1
[19/04/2026 12:46:59 AM] [Info] Level overrides config Zombies.Max_Boss_Drops: 1
[19/04/2026 12:46:59 AM] [Info] Skipping level config override Zombies.Loot_Chance because it's overridden in server config
[19/04/2026 12:46:59 AM] [Info] Skipping level config override Gameplay.Chart because it's overridden in server config
[19/04/2026 12:46:59 AM] [Info] Monitoring workshop map "A6 Polaris" (2898548949) for changes
[19/04/2026 12:46:59 AM] [Info] Loading level: 5%
[19/04/2026 12:47:01 AM] [Info] Loading level: 10%
[19/04/2026 12:47:02 AM] [Info] Loading level: 15%
[19/04/2026 12:47:02 AM] [Info] Loading level: 21%
[19/04/2026 12:47:02 AM] [Info] Loading level: 26%
[19/04/2026 12:47:02 AM] [Info] Loading level: 31%
[19/04/2026 12:47:02 AM] [Info] Loading level: 36%
[19/04/2026 12:47:02 AM] [Info] Loading level: 42%
[19/04/2026 12:47:02 AM] [Info] Loading level: 47%
[19/04/2026 12:47:02 AM] [Info] Loading level: 52%
[19/04/2026 12:47:02 AM] [Info] Loading level: 57%
[19/04/2026 12:47:02 AM] [Info] Loading level: 63%
[19/04/2026 12:47:04 AM] [Info] Loading level: 68%
[19/04/2026 12:47:04 AM] [Info] Loading level: 73%
[19/04/2026 12:47:04 AM] [Info] Loading level: 89%
[19/04/2026 12:47:04 AM] [Info] Loading level: 94%
[19/04/2026 12:47:04 AM] [Info] //////////////////////////////////////////////////////
[19/04/2026 12:47:04 AM] [Info] Server Code: 85568392936196484
[19/04/2026 12:47:04 AM] [Info] Your friends can enter this code in the Connect Directly menu to join without port forwarding.
[19/04/2026 12:47:04 AM] [Info] Tip: Use the "CopyServerCode" command to copy the code to your clipboard. Alternatively, in most terminals you can highlight it and press Ctrl+Insert to copy.
[19/04/2026 12:47:04 AM] [Info] //////////////////////////////////////////////////////
[19/04/2026 12:47:05 AM] [Info] Loading level: 100%
[19/04/2026 12:47:42 AM] [Info] Handling SIGINT or SIGBREAK by requesting a graceful shutdown
[19/04/2026 12:47:42 AM] [Info] MoreHomes >> 2 player homes data has been saved!
