[22/04/2026 3:01:25 PM] [Info] [registered] /more (Rocket.Unturned.Commands.CommandMore/more)
[22/04/2026 3:01:25 PM] [Info] [registered] /admin (Rocket.Unturned.Commands.CommandAdmin/admin)
[22/04/2026 3:01:25 PM] [Info] [registered] /broadcast (Rocket.Unturned.Commands.CommandBroadcast/broadcast)
[22/04/2026 3:01:25 PM] [Info] [registered] /compass (Rocket.Unturned.Commands.CommandCompass/compass)
[22/04/2026 3:01:25 PM] [Info] [registered] /effect (Rocket.Unturned.Commands.CommandEffect/effect)
[22/04/2026 3:01:25 PM] [Info] [registered] /exit (Rocket.Unturned.Commands.CommandExit/exit)
[22/04/2026 3:01:25 PM] [Info] [registered] /god (Rocket.Unturned.Commands.CommandGod/god)
[22/04/2026 3:01:25 PM] [Info] [registered] /heal (Rocket.Unturned.Commands.CommandHeal/heal)
[22/04/2026 3:01:25 PM] [Info] [registered] /help (Rocket.Unturned.Commands.CommandHelp/help)
[22/04/2026 3:01:25 PM] [Info] [registered] /i (Rocket.Unturned.Commands.CommandI/i)
[22/04/2026 3:01:25 PM] [Info] [registered] /item (Rocket.Unturned.Commands.CommandI/item)
[22/04/2026 3:01:25 PM] [Info] [registered] /investigate (Rocket.Unturned.Commands.CommandInvestigate/investigate)
[22/04/2026 3:01:25 PM] [Info] [registered] /p (Rocket.Unturned.Commands.CommandP/p)
[22/04/2026 3:01:25 PM] [Info] [registered] /permissions (Rocket.Unturned.Commands.CommandP/permissions)
[22/04/2026 3:01:25 PM] [Info] [registered] /rocket (Rocket.Unturned.Commands.CommandRocket/rocket)
[22/04/2026 3:01:25 PM] [Info] [registered] /tp (Rocket.Unturned.Commands.CommandTp/tp)
[22/04/2026 3:01:25 PM] [Info] [registered] /tphere (Rocket.Unturned.Commands.CommandTphere/tphere)
[22/04/2026 3:01:25 PM] [Info] [registered] /unadmin (Rocket.Unturned.Commands.CommandUnadmin/unadmin)
[22/04/2026 3:01:25 PM] [Info] [registered] /v (Rocket.Unturned.Commands.CommandV/v)
[22/04/2026 3:01:25 PM] [Info] [registered] /vanish (Rocket.Unturned.Commands.CommandVanish/vanish)
[22/04/2026 3:01:25 PM] [Info] Loading DeadzoneLoot from E:\SteamLibrary\steamapps\common\U3DS\Servers\New Era Polaris\Rocket\Plugins\DeadzoneLoot.dll
[22/04/2026 3:01:25 PM] [Info] Loading HardcoreDurability from E:\SteamLibrary\steamapps\common\U3DS\Servers\New Era Polaris\Rocket\Plugins\HardcoreDurability.dll
[22/04/2026 3:01:25 PM] [Info] Loading MoreHomes from E:\SteamLibrary\steamapps\common\U3DS\Servers\New Era Polaris\Rocket\Plugins\MoreHomes.dll
[22/04/2026 3:01:25 PM] [Info] Loading PolarisMutations from E:\SteamLibrary\steamapps\common\U3DS\Servers\New Era Polaris\Rocket\Plugins\PolarisMutations.dll
[22/04/2026 3:01:25 PM] [Info] Loading SurvivalNotifier from E:\SteamLibrary\steamapps\common\U3DS\Servers\New Era Polaris\Rocket\Plugins\SurvivalNotifier.dll
[22/04/2026 3:01:25 PM] [Info] Loading Teleportation from E:\SteamLibrary\steamapps\common\U3DS\Servers\New Era Polaris\Rocket\Plugins\Teleportation.dll
[22/04/2026 3:01:26 PM] [Error] mscorlib >> Caught exception resolving dependency: 0Harmony -> Exception in DoAssemblyResolve: System.ArgumentNullException: Value cannot be null.
Parameter name: v1
  at System.Version.op_LessThanOrEqual (System.Version v1, System.Version v2) [0x00003] in <1071a2cb0cb3433aae80a793c277a048>:0 
  at System.Version.op_GreaterThanOrEqual (System.Version v1, System.Version v2) [0x00000] in <1071a2cb0cb3433aae80a793c277a048>:0 
  at Rocket.Core.Plugins.RocketPluginManager+<>c__DisplayClass12_0.<Awake>b__1 (System.Collections.Generic.KeyValuePair`2[TKey,TValue] lib) [0x00035] in <59a13feb721848c8b0cd173f6d0e820b>:0 
  at System.Linq.Enumerable.TryGetFirst[TSource] (System.Collections.Generic.IEnumerable`1[T] source, System.Func`2[T,TResult] predicate, System.Boolean& found) [0x0003f] in <ea489521390f48908a7ce45cb17a6848>:0 
  at System.Linq.Enumerable.FirstOrDefault[TSource] (System.Collections.Generic.IEnumerable`1[T] source, System.Func`2[T,TResult] predicate) [0x00000] in <ea489521390f48908a7ce45cb17a6848>:0 
  at Rocket.Core.Plugins.RocketPluginManager.<Awake>b__12_0 (System.Object sender, System.ResolveEventArgs args) [0x00017] in <59a13feb721848c8b0cd173f6d0e820b>:0 
[22/04/2026 3:01:26 PM] [Error] Could not find dependency: 0Harmony
[22/04/2026 3:01:26 PM] [Info] 
[loading] DeadzoneLoot
[22/04/2026 3:01:26 PM] [Info] DeadzoneLoot >> Deadzone Guaranteed Loot Modifier Loaded!
[22/04/2026 3:01:26 PM] [Info] 
[loading] HardcoreDurability
[22/04/2026 3:01:26 PM] [Info] HardcoreDurability >> Hardcore Durability Loaded! Master StackTrace enabled.
[22/04/2026 3:01:26 PM] [Info] 
[loading] MoreHomes
[22/04/2026 3:01:26 PM] [Info] [registered] /home (RestoreMonarchy.MoreHomes.Commands.HomeCommand/home)
[22/04/2026 3:01:26 PM] [Info] [registered] /homes (RestoreMonarchy.MoreHomes.Commands.HomesCommand/homes)
[22/04/2026 3:01:26 PM] [Info] [registered] /destroyhome (RestoreMonarchy.MoreHomes.Commands.DestroyHomeCommand/destroyhome)
[22/04/2026 3:01:26 PM] [Info] [registered] /renamehome (RestoreMonarchy.MoreHomes.Commands.RenameHomeCommand/renamehome)
[22/04/2026 3:01:26 PM] [Info] [registered] /restorehomes (RestoreMonarchy.MoreHomes.Commands.RestoreHomesCommand/restorehomes)
[22/04/2026 3:01:26 PM] [Info] MoreHomes >> MoreHomes 1.7.2.0 has been loaded!
[22/04/2026 3:01:26 PM] [Info] MoreHomes >> Brought to you by RestoreMonarchy.com
[22/04/2026 3:01:26 PM] [Error] mscorlib >> Caught exception resolving dependency: Steamworks.NET -> Exception in DoAssemblyResolve: System.ArgumentNullException: Value cannot be null.
Parameter name: v1
  at System.Version.op_LessThanOrEqual (System.Version v1, System.Version v2) [0x00003] in <1071a2cb0cb3433aae80a793c277a048>:0 
  at System.Version.op_GreaterThanOrEqual (System.Version v1, System.Version v2) [0x00000] in <1071a2cb0cb3433aae80a793c277a048>:0 
  at Rocket.Core.Plugins.RocketPluginManager+<>c__DisplayClass12_0.<Awake>b__1 (System.Collections.Generic.KeyValuePair`2[TKey,TValue] lib) [0x00035] in <59a13feb721848c8b0cd173f6d0e820b>:0 
  at System.Linq.Enumerable.TryGetFirst[TSource] (System.Collections.Generic.IEnumerable`1[T] source, System.Func`2[T,TResult] predicate, System.Boolean& found) [0x0003f] in <ea489521390f48908a7ce45cb17a6848>:0 
  at System.Linq.Enumerable.FirstOrDefault[TSource] (System.Collections.Generic.IEnumerable`1[T] source, System.Func`2[T,TResult] predicate) [0x00000] in <ea489521390f48908a7ce45cb17a6848>:0 
  at Rocket.Core.Plugins.RocketPluginManager.<Awake>b__12_0 (System.Object sender, System.ResolveEventArgs args) [0x00017] in <59a13feb721848c8b0cd173f6d0e820b>:0 
[22/04/2026 3:01:26 PM] [Error] Could not find dependency: Steamworks.NET
[22/04/2026 3:01:26 PM] [Info] 
[loading] PolarisMutations
[22/04/2026 3:01:26 PM] [Info] PolarisMutations >> Polaris Mutations Loaded! Cumulative mutagen scanner active.
[22/04/2026 3:01:26 PM] [Info] 
[loading] SurvivalNotifier
[22/04/2026 3:01:26 PM] [Info] SurvivalNotifier >> Survival Notifier Loaded! 3-Tier tracking enabled.
[22/04/2026 3:01:26 PM] [Info] 
[loading] Teleportation
[22/04/2026 3:01:26 PM] [Info] [registered] /tpa (RestoreMonarchy.Teleportation.Commands.TPACommand/tpa)
[22/04/2026 3:01:26 PM] [Info] Teleportation >> Teleportation 1.6.0.0 has been loaded!
[22/04/2026 3:01:26 PM] [Info] This server will automatically save every 1800 seconds
[22/04/2026 3:01:26 PM] [Info] Steam servers ready!
[22/04/2026 3:01:26 PM] [Info] Workshop install folder: E:\SteamLibrary\steamapps\common\U3DS/Servers/New Era Polaris/Workshop/Steam
[22/04/2026 3:01:26 PM] [Info] 2 workshop item(s) requested
[22/04/2026 3:01:26 PM] [Info] Submitting workshop query for 2 item(s)...
[22/04/2026 3:01:26 PM] [Info] Workshop query yielded 2 result(s)
[22/04/2026 3:01:26 PM] [Info] This server's allowed IP for Workshop downloads: [redacted]
[22/04/2026 3:01:26 PM] [Info] 2898548949 'A6 Polaris' queued for download
[22/04/2026 3:01:26 PM] [Info] 2902515278 'A6 Polaris+ Mod [Spawn in map]' queued for download
[22/04/2026 3:01:26 PM] [Info] 2902515278 'A6 Polaris+ Mod [Spawn in map]' has 1 children
[22/04/2026 3:01:26 PM] [Info] 	2898548949 (already queued)
[22/04/2026 3:01:26 PM] [Info] 2 workshop item(s) to download...
[22/04/2026 3:01:26 PM] [Info] Workshop item found in cache: 2898548949
[22/04/2026 3:01:26 PM] [Info] Installing workshop item: 2898548949
[22/04/2026 3:01:26 PM] [Info] Installed workshop item: 2898548949
[22/04/2026 3:01:26 PM] [Info] Workshop item found in cache: 2902515278
[22/04/2026 3:01:26 PM] [Info] Installing workshop item: 2902515278
[22/04/2026 3:01:26 PM] [Info] Installed workshop item: 2902515278
[22/04/2026 3:01:26 PM] [Info] Loaded 0 of 2 asset bundles...
[22/04/2026 3:01:26 PM] [Info] Searched 1 of 2 locations and found 171 asset files...
[22/04/2026 3:01:26 PM] [Info] Read 19 of 171 asset file contents into memory...
[22/04/2026 3:01:26 PM] [Info] Loaded 0 of 171 assets...
[22/04/2026 3:01:26 PM] [Info] Searched 1 of 2 locations and found 444 asset files...
[22/04/2026 3:01:26 PM] [Info] Read 73 of 444 asset file contents into memory...
[22/04/2026 3:01:26 PM] [Info] Loaded 0 of 444 assets...
[22/04/2026 3:01:26 PM] [Info] Searched 1 of 2 locations and found 670 asset files...
[22/04/2026 3:01:26 PM] [Info] Read 73 of 670 asset file contents into memory...
[22/04/2026 3:01:26 PM] [Info] Loaded 0 of 670 assets...
[22/04/2026 3:01:26 PM] [Info] Loaded 1 of 2 asset bundles...
[22/04/2026 3:01:26 PM] [Info] Searched 1 of 2 locations and found 1151 asset files...
[22/04/2026 3:01:26 PM] [Info] Read 161 of 1151 asset file contents into memory...
[22/04/2026 3:01:26 PM] [Info] Loaded 2 of 1151 assets...
[22/04/2026 3:01:26 PM] [Info] Loaded 1 of 2 asset bundles...
[22/04/2026 3:01:26 PM] [Info] Searched 1 of 2 locations and found 1420 asset files...
[22/04/2026 3:01:26 PM] [Info] Read 270 of 1420 asset file contents into memory...
[22/04/2026 3:01:26 PM] [Info] Loaded 2 of 1420 assets...
[22/04/2026 3:01:26 PM] [Info] Searched 1 of 2 locations and found 1660 asset files...
[22/04/2026 3:01:26 PM] [Info] Read 356 of 1660 asset file contents into memory...
[22/04/2026 3:01:26 PM] [Info] Loaded 2 of 1660 assets...
[22/04/2026 3:01:26 PM] [Info] Searched 1 of 2 locations and found 1885 asset files...
[22/04/2026 3:01:26 PM] [Info] Read 437 of 1885 asset file contents into memory...
[22/04/2026 3:01:26 PM] [Info] Loaded 2 of 1885 assets...
[22/04/2026 3:01:26 PM] [Info] Searched 1 of 2 locations and found 2122 asset files...
[22/04/2026 3:01:26 PM] [Info] Read 520 of 2122 asset file contents into memory...
[22/04/2026 3:01:26 PM] [Info] Loaded 2 of 2122 assets...
[22/04/2026 3:01:26 PM] [Info] Searched 1 of 2 locations and found 2409 asset files...
[22/04/2026 3:01:26 PM] [Info] Read 617 of 2409 asset file contents into memory...
[22/04/2026 3:01:26 PM] [Info] Loaded 2 of 2409 assets...
[22/04/2026 3:01:26 PM] [Info] Searched 2 of 2 locations and found 2451 asset files...
[22/04/2026 3:01:26 PM] [Info] Read 723 of 2451 asset file contents into memory...
[22/04/2026 3:01:26 PM] [Info] Loaded 2 of 2451 assets...
[22/04/2026 3:01:26 PM] [Info] Read 834 of 2451 asset file contents into memory...
[22/04/2026 3:01:26 PM] [Info] Read 918 of 2451 asset file contents into memory...
[22/04/2026 3:01:26 PM] [Info] Read 1031 of 2451 asset file contents into memory...
[22/04/2026 3:01:27 PM] [Info] Read 1133 of 2451 asset file contents into memory...
[22/04/2026 3:01:27 PM] [Info] Read 1250 of 2451 asset file contents into memory...
[22/04/2026 3:01:27 PM] [Info] Read 1366 of 2451 asset file contents into memory...
[22/04/2026 3:01:27 PM] [Info] Read 1489 of 2451 asset file contents into memory...
[22/04/2026 3:01:27 PM] [Info] Read 1596 of 2451 asset file contents into memory...
[22/04/2026 3:01:27 PM] [Info] Read 1693 of 2451 asset file contents into memory...
[22/04/2026 3:01:27 PM] [Info] Read 1809 of 2451 asset file contents into memory...
[22/04/2026 3:01:27 PM] [Info] Read 1973 of 2451 asset file contents into memory...
[22/04/2026 3:01:27 PM] [Info] Read 2074 of 2451 asset file contents into memory...
[22/04/2026 3:01:27 PM] [Info] Read 2177 of 2451 asset file contents into memory...
[22/04/2026 3:01:27 PM] [Info] Read 2264 of 2451 asset file contents into memory...
[22/04/2026 3:01:27 PM] [Info] Read 2387 of 2451 asset file contents into memory...
[22/04/2026 3:01:27 PM] [Info] Read 2451 of 2451 asset file contents into memory...
[22/04/2026 3:01:27 PM] [Info] Loaded 2 of 2 asset bundles...
[22/04/2026 3:01:27 PM] [Info] Loaded 17 of 2451 assets...
[22/04/2026 3:01:28 PM] [Info] Loaded 54 of 2451 assets...
[22/04/2026 3:01:28 PM] [Info] Loaded 76 of 2451 assets...
[22/04/2026 3:01:28 PM] [Info] Loaded 82 of 2451 assets...
[22/04/2026 3:01:28 PM] [Info] Loaded 132 of 2451 assets...
[22/04/2026 3:01:28 PM] [Info] Loaded 165 of 2451 assets...
[22/04/2026 3:01:28 PM] [Info] Loaded 317 of 2451 assets...
[22/04/2026 3:01:28 PM] [Info] Loaded 365 of 2451 assets...
[22/04/2026 3:01:28 PM] [Info] Loaded 397 of 2451 assets...
[22/04/2026 3:01:28 PM] [Info] Loaded 422 of 2451 assets...
[22/04/2026 3:01:28 PM] [Info] Loaded 454 of 2451 assets...
[22/04/2026 3:01:28 PM] [Info] Loaded 492 of 2451 assets...
[22/04/2026 3:01:28 PM] [Info] Loaded 599 of 2451 assets...
[22/04/2026 3:01:28 PM] [Info] Loaded 718 of 2451 assets...
[22/04/2026 3:01:28 PM] [Info] Loaded 784 of 2451 assets...
[22/04/2026 3:01:28 PM] [Info] Loaded 818 of 2451 assets...
[22/04/2026 3:01:28 PM] [Info] Loaded 853 of 2451 assets...
[22/04/2026 3:01:28 PM] [Info] Loaded 884 of 2451 assets...
[22/04/2026 3:01:28 PM] [Info] Loaded 896 of 2451 assets...
[22/04/2026 3:01:29 PM] [Info] Loaded 910 of 2451 assets...
[22/04/2026 3:01:29 PM] [Info] Loaded 925 of 2451 assets...
[22/04/2026 3:01:29 PM] [Info] Loaded 1987 of 2451 assets...
[22/04/2026 3:01:29 PM] [Info] Loaded 2451 of 2451 assets...
[22/04/2026 3:01:29 PM] [Info] Level overrides config Animals.Max_Instances_Medium: 256
[22/04/2026 3:01:29 PM] [Info] Skipping level config override Items.Quality_Full_Chance because it's overridden in server config
[22/04/2026 3:01:29 PM] [Info] Level overrides config Barricades.Allow_Item_Placement_On_Vehicle: False
[22/04/2026 3:01:29 PM] [Info] Level overrides config Barricades.Allow_Trap_Placement_On_Vehicle: False
[22/04/2026 3:01:29 PM] [Info] Level overrides config Barricades.Gun_Lowcal_Damage_Multiplier: 1
[22/04/2026 3:01:29 PM] [Info] Level overrides config Barricades.Gun_Highcal_Damage_Multiplier: 1
[22/04/2026 3:01:29 PM] [Info] Level overrides config Barricades.Armor_Lowtier_Multiplier: 1
[22/04/2026 3:01:29 PM] [Info] Level overrides config Barricades.Armor_Hightier_Multiplier: 1
[22/04/2026 3:01:29 PM] [Info] Level overrides config Structures.Gun_Lowcal_Damage_Multiplier: 1
[22/04/2026 3:01:29 PM] [Info] Level overrides config Structures.Gun_Highcal_Damage_Multiplier: 1
[22/04/2026 3:01:29 PM] [Info] Level overrides config Structures.Armor_Lowtier_Multiplier: 1
[22/04/2026 3:01:29 PM] [Info] Level overrides config Structures.Armor_Hightier_Multiplier: 1
[22/04/2026 3:01:29 PM] [Info] Level overrides config Structures.Melee_Damage_Multiplier: 1
[22/04/2026 3:01:29 PM] [Info] Level overrides config Structures.Melee_Repair_Multiplier: 1
[22/04/2026 3:01:29 PM] [Info] Level overrides config Events.Airdrop_Speed: 96
[22/04/2026 3:01:29 PM] [Info] Level overrides config Events.Airdrop_Force: 8.55
[22/04/2026 3:01:29 PM] [Info] Skipping level config override Vehicles.Gun_Lowcal_Damage_Multiplier because it's overridden in server config
[22/04/2026 3:01:29 PM] [Info] Skipping level config override Vehicles.Melee_Damage_Multiplier because it's overridden in server config
[22/04/2026 3:01:29 PM] [Info] Level overrides config Vehicles.Min_Battery_Charge: 1
[22/04/2026 3:01:29 PM] [Info] Level overrides config Vehicles.Max_Battery_Charge: 1
[22/04/2026 3:01:29 PM] [Info] Level overrides config Vehicles.Has_Battery_Chance: 1
[22/04/2026 3:01:29 PM] [Info] Level overrides config Vehicles.Max_Instances_Medium: 48
[22/04/2026 3:01:29 PM] [Info] Skipping level config override Vehicles.Armor_Multiplier because it's overridden in server config
[22/04/2026 3:01:29 PM] [Info] Skipping level config override Players.Experience_Multiplier because it's overridden in server config
[22/04/2026 3:01:29 PM] [Info] Skipping level config override Players.Lose_Skills_PvP because it's overridden in server config
[22/04/2026 3:01:29 PM] [Info] Skipping level config override Players.Lose_Skills_PvE because it's overridden in server config
[22/04/2026 3:01:29 PM] [Info] Skipping level config override Players.Lose_Experience_PvP because it's overridden in server config
[22/04/2026 3:01:29 PM] [Info] Skipping level config override Players.Lose_Experience_PvE because it's overridden in server config
[22/04/2026 3:01:29 PM] [Info] Skipping level config override Players.Lose_Skill_Levels_PvP because it's overridden in server config
[22/04/2026 3:01:29 PM] [Info] Skipping level config override Players.Lose_Skill_Levels_PvE because it's overridden in server config
[22/04/2026 3:01:29 PM] [Info] Skipping level config override Players.Virus_Infect because it's overridden in server config
[22/04/2026 3:01:29 PM] [Info] Level overrides config Players.Can_Break_Legs: False
[22/04/2026 3:01:29 PM] [Info] Skipping level config override Zombies.Armor_Multiplier because it's overridden in server config
[22/04/2026 3:01:29 PM] [Info] Level overrides config Zombies.Full_Moon_Experience_Multiplier: 2
[22/04/2026 3:01:29 PM] [Info] Skipping level config override Zombies.Spawn_Chance because it's overridden in server config
[22/04/2026 3:01:29 PM] [Info] Skipping level config override Zombies.Min_Mega_Drops because it's overridden in server config
[22/04/2026 3:01:29 PM] [Info] Skipping level config override Zombies.Max_Mega_Drops because it's overridden in server config
[22/04/2026 3:01:29 PM] [Info] Skipping level config override Zombies.Min_Boss_Drops because it's overridden in server config
[22/04/2026 3:01:29 PM] [Info] Skipping level config override Zombies.Max_Boss_Drops because it's overridden in server config
[22/04/2026 3:01:29 PM] [Info] Skipping level config override Zombies.Loot_Chance because it's overridden in server config
[22/04/2026 3:01:29 PM] [Info] Skipping level config override Gameplay.Chart because it's overridden in server config
[22/04/2026 3:01:29 PM] [Info] Monitoring workshop map "A6 Polaris" (2898548949) for changes
[22/04/2026 3:01:29 PM] [Info] Monitoring workshop file 2902515278 for changes
[22/04/2026 3:01:29 PM] [Info] Loading level: 5%
[22/04/2026 3:01:32 PM] [Info] Loading level: 10%
[22/04/2026 3:01:32 PM] [Info] Loading level: 15%
[22/04/2026 3:01:32 PM] [Info] Loading level: 21%
[22/04/2026 3:01:32 PM] [Info] Loading level: 26%
[22/04/2026 3:01:32 PM] [Info] Loading level: 31%
[22/04/2026 3:01:32 PM] [Info] Loading level: 36%
[22/04/2026 3:01:32 PM] [Info] Loading level: 42%
[22/04/2026 3:01:32 PM] [Info] Loading level: 47%
[22/04/2026 3:01:32 PM] [Info] Loading level: 52%
[22/04/2026 3:01:32 PM] [Info] Loading level: 57%
[22/04/2026 3:01:32 PM] [Info] Loading level: 63%
[22/04/2026 3:01:34 PM] [Info] Loading level: 68%
[22/04/2026 3:01:34 PM] [Info] Loading level: 73%
[22/04/2026 3:01:35 PM] [Info] Loading level: 89%
[22/04/2026 3:01:35 PM] [Info] Loading level: 94%
[22/04/2026 3:01:35 PM] [Info] //////////////////////////////////////////////////////
[22/04/2026 3:01:35 PM] [Info] Server Code: 85568392936196484
[22/04/2026 3:01:35 PM] [Info] Your friends can enter this code in the Connect Directly menu to join without port forwarding.
[22/04/2026 3:01:35 PM] [Info] Tip: Use the "CopyServerCode" command to copy the code to your clipboard. Alternatively, in most terminals you can highlight it and press Ctrl+Insert to copy.
[22/04/2026 3:01:35 PM] [Info] //////////////////////////////////////////////////////
[22/04/2026 3:01:35 PM] [Info] Loading level: 100%
[22/04/2026 3:02:51 PM] [Info] Connecting: PlayerID: 76561198374187872 Name: Myst_iU Character: Myst
[22/04/2026 3:03:09 PM] [Info] Connecting: PlayerID: 76561199571006509 Name: wiggielicious Character: wiggielicious
[22/04/2026 3:03:49 PM] [Info] [World] wiggielicious [wiggielicious]: "/tp myst"
[22/04/2026 3:31:26 PM] [Info] wiggielicious teleported to Myst
[22/04/2026 3:31:26 PM] [Info] Saving server
[22/04/2026 3:38:43 PM] [Info] MoreHomes >> 8 player homes data has been saved!
[22/04/2026 3:38:43 PM] [Info] Myst [Myst_iU] starved to death!
[22/04/2026 3:38:56 PM] [Info] [World] Myst [Myst_iU]: "/home bed1"
[22/04/2026 3:39:00 PM] [Info] Myst moved x:258.4297 y:57.41091(+26.58496) z:-697.7656 in the last second (0.09999847)
[22/04/2026 4:01:02 PM] [Info] Disconnecting: PlayerID: 76561199571006509 Name: wiggielicious Character: wiggielicious
[22/04/2026 4:01:05 PM] [Info] Disconnecting: PlayerID: 76561198374187872 Name: Myst_iU Character: Myst
[22/04/2026 4:01:26 PM] [Info] Saving server
[22/04/2026 4:31:26 PM] [Info] MoreHomes >> 8 player homes data has been saved!
[22/04/2026 4:31:26 PM] [Info] Saving server
[22/04/2026 4:38:08 PM] [Info] MoreHomes >> 8 player homes data has been saved!
[22/04/2026 4:38:08 PM] [Info] Connecting: PlayerID: 76561198374187872 Name: Myst_iU Character: Myst
[22/04/2026 4:38:37 PM] [Info] Myst [Myst_iU] dehydrated to death!
[22/04/2026 4:40:57 PM] [Info] [World] Myst [Myst_iU]: "/home bed1"
[22/04/2026 4:41:01 PM] [Info] Myst moved x:258.4297 y:57.41091(+26.58496) z:-697.7656 in the last second (0.09999847)
[22/04/2026 4:41:25 PM] [Info] Connecting: PlayerID: 76561199571006509 Name: wiggielicious Character: wiggielicious
[22/04/2026 4:41:52 PM] [Info] [World] Myst [Myst_iU]: "/experience 1000"
[22/04/2026 5:01:26 PM] [Info] Successfully gave Myst_iU +1000 experience!
[22/04/2026 5:01:26 PM] [Info] Saving server
[22/04/2026 5:01:56 PM] [Info] MoreHomes >> 8 player homes data has been saved!
[22/04/2026 5:01:56 PM] [Info] [World] Myst [Myst_iU]: "/kick wig"
[22/04/2026 5:04:07 PM] [Info] Successfully kicked wiggielicious!
[22/04/2026 5:04:07 PM] [Info] [World] Myst [Myst_iU]: "/god"
[22/04/2026 5:04:43 PM] [Info] Myst enabled Godmode
[22/04/2026 5:04:43 PM] [Info] Connecting: PlayerID: 76561199571006509 Name: wiggielicious Character: wiggielicious
[22/04/2026 5:10:36 PM] [Info] [World] wiggielicious [wiggielicious]: "/god"
[22/04/2026 5:10:36 PM] [Info] wiggielicious enabled Godmode
[22/04/2026 5:11:24 PM] [Info] [World] wiggielicious [wiggielicious]: "/tp myst"
[22/04/2026 5:11:24 PM] [Info] wiggielicious teleported to Myst
[22/04/2026 5:13:20 PM] [Info] [World] wiggielicious [wiggielicious]: "/god"
[22/04/2026 5:13:20 PM] [Info] wiggielicious disabled Godmode
[22/04/2026 5:16:28 PM] [Info] [World] Myst [Myst_iU]: "/give 36358 2"
[22/04/2026 5:20:25 PM] [Info] Successfully gave Myst_iU 36358 x2!
[22/04/2026 5:20:25 PM] [Info] [World] Myst [Myst_iU]: "/god"
[22/04/2026 5:20:25 PM] [Info] Myst disabled Godmode
[22/04/2026 5:20:27 PM] [Info] wiggielicious [wiggielicious] was infected to death!
[22/04/2026 5:20:38 PM] [Info] [World] wiggielicious [wiggielicious]: "/tp myst"
[22/04/2026 5:20:39 PM] [Info] wiggielicious teleported to Myst
[22/04/2026 5:20:39 PM] [Info] wiggielicious moved x:-881.3359 y:75.75516(+49.79879) z:-131.3047 in the last second (0.09999847)
[22/04/2026 5:21:00 PM] [Info] [World] wiggielicious [wiggielicious]: "/god"
[22/04/2026 5:21:00 PM] [Info] wiggielicious enabled Godmode
[22/04/2026 5:31:26 PM] [Info] Saving server
[22/04/2026 5:37:10 PM] [Info] MoreHomes >> 8 player homes data has been saved!
[22/04/2026 5:37:10 PM] [Info] [World] Myst [Myst_iU]: "/god"
[22/04/2026 5:37:10 PM] [Info] Myst enabled Godmode
[22/04/2026 5:37:46 PM] [Info] [World] Myst [Myst_iU]: "/give 36360 5"
[22/04/2026 5:37:46 PM] [Info] Successfully gave Myst_iU 36360 x5!
[22/04/2026 5:42:03 PM] [Info] [World] Myst [Myst_iU]: "/god"
[22/04/2026 5:42:03 PM] [Info] Myst disabled Godmode
[22/04/2026 5:55:56 PM] [Info] [World] Myst [Myst_iU]: "/give 36587"
[22/04/2026 5:55:56 PM] [Info] Successfully gave Myst_iU 36587 x1!
[22/04/2026 5:56:29 PM] [Info] [World] Myst [Myst_iU]: "/give 36492"
[22/04/2026 6:01:26 PM] [Info] Successfully gave Myst_iU 36492 x1!
[22/04/2026 6:01:26 PM] [Info] Saving server
[22/04/2026 6:24:06 PM] [Info] MoreHomes >> 8 player homes data has been saved!
[22/04/2026 6:24:06 PM] [Info] Disconnecting: PlayerID: 76561198374187872 Name: Myst_iU Character: Myst
[22/04/2026 6:31:26 PM] [Info] Saving server
[22/04/2026 6:39:18 PM] [Info] MoreHomes >> 8 player homes data has been saved!
[22/04/2026 6:39:18 PM] [Info] [World] wiggielicious [wiggielicious]: "/GIVE GRENADE 1"
[22/04/2026 6:42:21 PM] [Info] Successfully gave wiggielicious 254 x1!
[22/04/2026 6:42:21 PM] [Info] [World] wiggielicious [wiggielicious]: "/GIVE GRENADE 3"
[22/04/2026 6:49:12 PM] [Info] Successfully gave wiggielicious 254 x3!
[22/04/2026 6:49:12 PM] [Info] MoreHomes >> 8 player homes data has been saved!
[22/04/2026 6:49:12 PM] [Info] Successfully saved the game.
[22/04/2026 7:01:26 PM] [Info] Saving server
[22/04/2026 7:04:24 PM] [Info] MoreHomes >> 8 player homes data has been saved!
[22/04/2026 7:04:24 PM] [Info] [World] wiggielicious [wiggielicious]: "/give grenade 5"
[22/04/2026 7:13:59 PM] [Info] Successfully gave wiggielicious 254 x5!
[22/04/2026 7:13:59 PM] [Info] [World] wiggielicious [wiggielicious]: "/give swatvest 1"
[22/04/2026 7:14:20 PM] [Info] [World] wiggielicious [wiggielicious]: "/give swat vest 1"
[22/04/2026 7:14:20 PM] [Error] Failed to convert vest into a number.
[22/04/2026 7:31:26 PM] [Info] Saving server
[22/04/2026 7:35:57 PM] [Info] MoreHomes >> 8 player homes data has been saved!
[22/04/2026 7:35:57 PM] [Info] [World] wiggielicious [wiggielicious]: "/home bed2"
[22/04/2026 7:36:13 PM] [Info] [World] wiggielicious [wiggielicious]: "/home bed1"
[22/04/2026 7:36:21 PM] [Info] [World] wiggielicious [wiggielicious]: "/home bed1"
[22/04/2026 7:36:25 PM] [Info] wiggielicious moved x:257.6447 y:57.41091(+23.36624) z:-698.4337 in the last second (0.09999847)
[22/04/2026 7:37:25 PM] [Info] [World] wiggielicious [wiggielicious]: "/give gps 1"
[22/04/2026 7:38:48 PM] [Info] Successfully gave wiggielicious 1176 x1!
[22/04/2026 7:38:48 PM] [Info] [World] wiggielicious [wiggielicious]: "/give GPS 1"
[22/04/2026 7:39:32 PM] [Info] Successfully gave wiggielicious 1176 x1!
[22/04/2026 7:39:32 PM] [Info] [World] wiggielicious [wiggielicious]: "/give uphone xv 1"
[22/04/2026 7:39:32 PM] [Error] Failed to convert xv into a number.
[22/04/2026 7:45:59 PM] [Info] [World] wiggielicious [wiggielicious]: "/home bed2"
[22/04/2026 7:53:51 PM] [Info] [World] wiggielicious [wiggielicious]: "/home bed2"
[22/04/2026 8:00:23 PM] [Info] [World] wiggielicious [wiggielicious]: "/give cloth 1"
[22/04/2026 8:01:26 PM] [Info] Successfully gave wiggielicious 66 x1!
[22/04/2026 8:01:26 PM] [Info] Saving server
[22/04/2026 8:07:31 PM] [Info] MoreHomes >> 8 player homes data has been saved!
[22/04/2026 8:07:31 PM] [Info] [World] wiggielicious [wiggielicious]: "/home bed1"
[22/04/2026 8:07:34 PM] [Info] wiggielicious moved x:258.25 y:57.41091(+24.31041) z:-694.1953 in the last second (0.09999847)
[22/04/2026 8:31:26 PM] [Info] Saving server
[22/04/2026 8:38:10 PM] [Info] MoreHomes >> 8 player homes data has been saved!
[22/04/2026 8:38:10 PM] [Info] [World] wiggielicious [wiggielicious]: "/home bed 3"
[22/04/2026 8:38:19 PM] [Info] [World] wiggielicious [wiggielicious]: "/home bed3"
[22/04/2026 8:40:45 PM] [Info] [World] wiggielicious [wiggielicious]: "/home bed1"
[22/04/2026 8:40:48 PM] [Info] wiggielicious moved x:258.25 y:57.41091(+27.17716) z:-694.1953 in the last second (0.09999847)
[22/04/2026 9:01:26 PM] [Info] Saving server
[22/04/2026 9:11:19 PM] [Info] MoreHomes >> 8 player homes data has been saved!
[22/04/2026 9:11:19 PM] [Info] MoreHomes >> 8 player homes data has been saved!
[22/04/2026 9:11:19 PM] [Info] Successfully saved the game.
[22/04/2026 9:16:36 PM] [Info] [World] wiggielicious [wiggielicious]: "/give 36397"
[22/04/2026 9:16:36 PM] [Info] Successfully gave wiggielicious 36397 x1!
[22/04/2026 9:18:47 PM] [Info] [World] wiggielicious [wiggielicious]: "/bed home 4"
[22/04/2026 9:18:52 PM] [Info] [World] wiggielicious [wiggielicious]: "/home bed4"
[22/04/2026 9:29:19 PM] [Info] [World] wiggielicious [wiggielicious]: "/home bed1"
[22/04/2026 9:29:22 PM] [Info] wiggielicious moved x:258.25 y:57.41091(+24.43121) z:-694.1953 in the last second (0.09999847)
[22/04/2026 9:31:26 PM] [Info] Saving server
[22/04/2026 9:33:07 PM] [Info] MoreHomes >> 8 player homes data has been saved!
[22/04/2026 9:33:07 PM] [Info] [World] wiggielicious [wiggielicious]: "/home bed5"
[22/04/2026 9:41:00 PM] [Info] [World] wiggielicious [wiggielicious]: "/home bed1"
[22/04/2026 9:41:04 PM] [Info] wiggielicious moved x:258.25 y:57.41091(+27.07184) z:-694.1953 in the last second (0.09999847)
[22/04/2026 9:59:08 PM] [Info] [World] wiggielicious [wiggielicious]: "/bed home3"
[22/04/2026 9:59:13 PM] [Info] [World] wiggielicious [wiggielicious]: "/home bed3"
[22/04/2026 9:59:51 PM] [Info] [World] wiggielicious [wiggielicious]: "/home bed1"
[22/04/2026 9:59:55 PM] [Info] wiggielicious moved x:258.25 y:57.41091(+22.38297) z:-694.1953 in the last second (0.09999847)
[22/04/2026 10:01:26 PM] [Info] Saving server
[22/04/2026 10:12:50 PM] [Info] MoreHomes >> 8 player homes data has been saved!
[22/04/2026 10:12:50 PM] [Info] [World] wiggielicious [wiggielicious]: "/bed home1\"
[22/04/2026 10:12:56 PM] [Info] [World] wiggielicious [wiggielicious]: "/home bed1"
[22/04/2026 10:12:59 PM] [Info] wiggielicious moved x:258.25 y:57.88176(+21.50085) z:-694.1953 in the last second (0.5708466)
[22/04/2026 10:17:54 PM] [Info] [World] wiggielicious [wiggielicious]: "/home bed4"
[22/04/2026 10:18:07 PM] [Info] [World] wiggielicious [wiggielicious]: "/home bed5"
[22/04/2026 10:18:21 PM] [Info] [World] wiggielicious [wiggielicious]: "/home bed5"
[22/04/2026 10:18:25 PM] [Info] wiggielicious moved x:216.8438 y:45.30739(+15.47851) z:442.5703 in the last second (0.09999847)
[22/04/2026 10:26:42 PM] [Info] [World] wiggielicious [wiggielicious]: "/home bed1"
[22/04/2026 10:26:46 PM] [Info] wiggielicious moved x:258.1997 y:57.41091(+29.95154) z:-694.9327 in the last second (0.1000023)
[22/04/2026 10:28:18 PM] [Info] [World] wiggielicious [wiggielicious]: "/home bed3"
[22/04/2026 10:31:26 PM] [Info] Saving server
[22/04/2026 10:32:44 PM] [Info] MoreHomes >> 8 player homes data has been saved!
[22/04/2026 10:32:44 PM] [Info] [World] wiggielicious [wiggielicious]: "/home bed1"
[22/04/2026 10:32:48 PM] [Info] wiggielicious moved x:258.25 y:57.41091(+21.30259) z:-694.1953 in the last second (0.09999847)
[22/04/2026 10:37:20 PM] [Info] [World] wiggielicious [wiggielicious]: "/HOME BED4"
[22/04/2026 10:46:13 PM] [Info] [World] wiggielicious [wiggielicious]: "/HOME BED1"
[22/04/2026 10:46:16 PM] [Info] wiggielicious moved x:258.25 y:57.41091(+25.85569) z:-694.1953 in the last second (0.09999847)
[22/04/2026 10:51:25 PM] [Info] [World] wiggielicious [wiggielicious]: "/HOME BED1"
[22/04/2026 10:51:29 PM] [Info] wiggielicious moved x:262.2775 y:56.97403(+26.60235) z:-694.7413 in the last second (0.1000023)
[22/04/2026 10:54:38 PM] [Info] [World] wiggielicious [wiggielicious]: "/HOME BED1"
[22/04/2026 10:54:41 PM] [Info] wiggielicious moved x:258.25 y:57.41091(+17.33696) z:-694.1953 in the last second (0.09999847)
[22/04/2026 10:59:07 PM] [Info] Connecting: PlayerID: 76561198811868695 Name: twicemiku Character: twicemiku
[22/04/2026 11:00:00 PM] [Info] [World] wiggielicious [wiggielicious]: "GAGO NAGULAT AKO"
[22/04/2026 11:00:09 PM] [Info] [World] wiggielicious [wiggielicious]: "HEROBRINE MOMENT"
[22/04/2026 11:00:16 PM] [Info] [World] wiggielicious [wiggielicious]: "HAHAHAHAHA TARA CALL"
[22/04/2026 11:01:26 PM] [Info] Saving server
[22/04/2026 11:03:07 PM] [Info] MoreHomes >> 8 player homes data has been saved!
[22/04/2026 11:03:07 PM] [Info] [World] twicemiku [twicemiku]: "/exp 500"
[22/04/2026 11:03:12 PM] [Info] [World] twicemiku [twicemiku]: "/experience 500"
[22/04/2026 11:03:12 PM] [Info] Successfully gave twicemiku +500 experience!
[22/04/2026 11:08:22 PM] [Info] [World] wiggielicious [wiggielicious]: "/HOME BED2"
[22/04/2026 11:09:28 PM] [Info] [World] wiggielicious [wiggielicious]: "/TP TWICE"
[22/04/2026 11:11:40 PM] [Info] wiggielicious teleported to twicemiku
[22/04/2026 11:11:40 PM] [Info] [World] wiggielicious [wiggielicious]: "/HOME BED2"
[22/04/2026 11:12:07 PM] [Info] Connecting: PlayerID: 76561198374187872 Name: Myst_iU Character: Myst
[22/04/2026 11:13:08 PM] [Info] [World] Myst [Myst_iU]: "/god"
[22/04/2026 11:13:08 PM] [Info] Myst enabled Godmode
[22/04/2026 11:13:08 PM] [Info] [World] wiggielicious [wiggielicious]: "/HOME BED1"
[22/04/2026 11:30:34 PM] [Info] [World] Myst [Myst_iU]: "/god"
[22/04/2026 11:30:34 PM] [Info] Myst disabled Godmode
[22/04/2026 11:31:26 PM] [Info] Saving server
[22/04/2026 11:43:10 PM] [Info] MoreHomes >> 8 player homes data has been saved!
[22/04/2026 11:43:10 PM] [Info] [World] wiggielicious [wiggielicious]: "/HOME BED1"
[22/04/2026 11:43:27 PM] [Info] [World] wiggielicious [wiggielicious]: "/HOME BED2"
[22/04/2026 11:43:35 PM] [Info] [World] wiggielicious [wiggielicious]: "/HOME BED2"
[22/04/2026 11:44:39 PM] [Info] [World] wiggielicious [wiggielicious]: "/HOME BED1"
[22/04/2026 11:47:39 PM] [Info] [World] twicemiku [twicemiku]: "/"
[22/04/2026 11:47:45 PM] [Info] [World] twicemiku [twicemiku]: "/tp wiggie"
[22/04/2026 11:47:45 PM] [Info] twicemiku teleported to wiggielicious
[22/04/2026 11:47:46 PM] [Info] twicemiku moved x:258.2422 y:52.72403(+19.15421) z:-691.7344 in the last second (0.1000023)
[22/04/2026 11:53:22 PM] [Info] [World] wiggielicious [wiggielicious]: "/TP MYST"
[22/04/2026 11:53:22 PM] [Info] wiggielicious teleported to Myst
[22/04/2026 11:53:22 PM] [Info] wiggielicious moved x:254.5625 y:65.47402(+32.4313) z:-679.2813 in the last second (0.09999847)
[23/04/2026 12:01:26 AM] [Info] Saving server
[23/04/2026 12:05:05 AM] [Info] MoreHomes >> 8 player homes data has been saved!
[23/04/2026 12:05:05 AM] [Info] [World] Myst [Myst_iU]: "/tp twice"
[23/04/2026 12:05:05 AM] [Info] Myst teleported to twicemiku
[23/04/2026 12:09:57 AM] [Info] [World] wiggielicious [wiggielicious]: "/tp myst"
[23/04/2026 12:09:57 AM] [Info] wiggielicious teleported to Myst
[23/04/2026 12:09:58 AM] [Info] wiggielicious moved x:-771.4766 y:75.73592(+16.80468) z:-59.52344 in the last second (0.09999847)
[23/04/2026 12:13:57 AM] [Info] twicemiku [twicemiku] was dissolved by a zombie!
[23/04/2026 12:14:01 AM] [Info] [World] Myst [Myst_iU]: "/home bed1"
[23/04/2026 12:14:18 AM] [Info] [World] twicemiku [twicemiku]: "/god"
[23/04/2026 12:14:18 AM] [Info] twicemiku enabled Godmode
[23/04/2026 12:14:22 AM] [Info] [World] twicemiku [twicemiku]: "/tp wiggie"
[23/04/2026 12:14:22 AM] [Info] twicemiku teleported to wiggielicious
[23/04/2026 12:14:22 AM] [Info] twicemiku moved x:-783.3984 y:75.8399(+18.86587) z:-24.61719 in the last second (0.2039719)
[23/04/2026 12:14:55 AM] [Info] [World] twicemiku [twicemiku]: "/home bed1"
[23/04/2026 12:14:57 AM] [Info] [World] Myst [Myst_iU]: "/home bed1"
[23/04/2026 12:15:02 AM] [Info] [World] Myst [Myst_iU]: "/tp wig"
[23/04/2026 12:15:02 AM] [Info] Myst teleported to wiggielicious
[23/04/2026 12:15:02 AM] [Info] Myst moved x:-816.7744 y:76.22659(+18.81569) z:-37.93748 in the last second (0.09999847)
[23/04/2026 12:16:26 AM] [Info] [World] wiggielicious [wiggielicious]: "/tp myst"
[23/04/2026 12:16:26 AM] [Info] wiggielicious teleported to Myst
[23/04/2026 12:19:02 AM] [Info] [World] twicemiku [twicemiku]: "/tp wiggie"
[23/04/2026 12:19:02 AM] [Info] twicemiku teleported to wiggielicious
[23/04/2026 12:22:16 AM] [Info] [World] twicemiku [twicemiku]: "/god"
[23/04/2026 12:22:16 AM] [Info] twicemiku disabled Godmode
[23/04/2026 12:31:26 AM] [Info] Saving server
[23/04/2026 12:35:47 AM] [Info] MoreHomes >> 8 player homes data has been saved!
[23/04/2026 12:35:47 AM] [Info] [World] wiggielicious [wiggielicious]: "/gof"
[23/04/2026 12:35:51 AM] [Info] [World] wiggielicious [wiggielicious]: "/gof"
[23/04/2026 12:35:56 AM] [Info] [World] wiggielicious [wiggielicious]: "/god"
[23/04/2026 12:35:56 AM] [Info] wiggielicious disabled Godmode
[23/04/2026 12:51:58 AM] [Info] [World] wiggielicious [wiggielicious]: "/god"
[23/04/2026 12:51:58 AM] [Info] wiggielicious enabled Godmode
[23/04/2026 12:55:43 AM] [Info] [World] Myst [Myst_iU]: "/tp safe"
[23/04/2026 1:01:26 AM] [Info] Myst teleported to Safezone
[23/04/2026 1:01:26 AM] [Info] Saving server
[23/04/2026 1:03:01 AM] [Info] MoreHomes >> 8 player homes data has been saved!
[23/04/2026 1:03:01 AM] [Info] [World] wiggielicious [wiggielicious]: "/god"
[23/04/2026 1:03:01 AM] [Info] wiggielicious disabled Godmode
[23/04/2026 1:03:53 AM] [Info] [World] Myst [Myst_iU]: "/god"
[23/04/2026 1:03:53 AM] [Info] Myst enabled Godmode
[23/04/2026 1:06:51 AM] [Info] [World] Myst [Myst_iU]: "/save"
[23/04/2026 1:06:52 AM] [Info] MoreHomes >> 8 player homes data has been saved!
[23/04/2026 1:06:52 AM] [Info] Successfully saved the game.
[23/04/2026 1:06:52 AM] [Info] Disconnecting: PlayerID: 76561199571006509 Name: wiggielicious Character: wiggielicious
[23/04/2026 1:06:55 AM] [Info] Disconnecting: PlayerID: 76561198374187872 Name: Myst_iU Character: Myst
[23/04/2026 1:06:56 AM] [Info] Disconnecting: PlayerID: 76561198811868695 Name: twicemiku Character: twicemiku
[23/04/2026 1:12:30 AM] [Info] MoreHomes >> 8 player homes data has been saved!
[23/04/2026 1:12:30 AM] [Info] Successfully saved the game.
[23/04/2026 1:12:36 AM] [Info] MoreHomes >> 8 player homes data has been saved!
[23/04/2026 1:12:37 AM] [Info] 
[unloading] MoreHomes
