[19/04/2026 8:04:50 PM] [Info] [registered] /more (Rocket.Unturned.Commands.CommandMore/more)
[19/04/2026 8:04:51 PM] [Info] [registered] /admin (Rocket.Unturned.Commands.CommandAdmin/admin)
[19/04/2026 8:04:51 PM] [Info] [registered] /broadcast (Rocket.Unturned.Commands.CommandBroadcast/broadcast)
[19/04/2026 8:04:51 PM] [Info] [registered] /compass (Rocket.Unturned.Commands.CommandCompass/compass)
[19/04/2026 8:04:51 PM] [Info] [registered] /effect (Rocket.Unturned.Commands.CommandEffect/effect)
[19/04/2026 8:04:51 PM] [Info] [registered] /exit (Rocket.Unturned.Commands.CommandExit/exit)
[19/04/2026 8:04:51 PM] [Info] [registered] /god (Rocket.Unturned.Commands.CommandGod/god)
[19/04/2026 8:04:51 PM] [Info] [registered] /heal (Rocket.Unturned.Commands.CommandHeal/heal)
[19/04/2026 8:04:51 PM] [Info] [registered] /help (Rocket.Unturned.Commands.CommandHelp/help)
[19/04/2026 8:04:51 PM] [Info] [registered] /i (Rocket.Unturned.Commands.CommandI/i)
[19/04/2026 8:04:51 PM] [Info] [registered] /item (Rocket.Unturned.Commands.CommandI/item)
[19/04/2026 8:04:51 PM] [Info] [registered] /investigate (Rocket.Unturned.Commands.CommandInvestigate/investigate)
[19/04/2026 8:04:51 PM] [Info] [registered] /p (Rocket.Unturned.Commands.CommandP/p)
[19/04/2026 8:04:51 PM] [Info] [registered] /permissions (Rocket.Unturned.Commands.CommandP/permissions)
[19/04/2026 8:04:51 PM] [Info] [registered] /rocket (Rocket.Unturned.Commands.CommandRocket/rocket)
[19/04/2026 8:04:51 PM] [Info] [registered] /tp (Rocket.Unturned.Commands.CommandTp/tp)
[19/04/2026 8:04:51 PM] [Info] [registered] /tphere (Rocket.Unturned.Commands.CommandTphere/tphere)
[19/04/2026 8:04:51 PM] [Info] [registered] /unadmin (Rocket.Unturned.Commands.CommandUnadmin/unadmin)
[19/04/2026 8:04:51 PM] [Info] [registered] /v (Rocket.Unturned.Commands.CommandV/v)
[19/04/2026 8:04:51 PM] [Info] [registered] /vanish (Rocket.Unturned.Commands.CommandVanish/vanish)
[19/04/2026 8:04:51 PM] [Info] Loading HardcoreDurability from E:\SteamLibrary\steamapps\common\U3DS\Servers\New Era Polaris\Rocket\Plugins\HardcoreDurability.dll
[19/04/2026 8:04:51 PM] [Info] Loading MoreHomes from E:\SteamLibrary\steamapps\common\U3DS\Servers\New Era Polaris\Rocket\Plugins\MoreHomes.dll
[19/04/2026 8:04:51 PM] [Info] Loading Teleportation from E:\SteamLibrary\steamapps\common\U3DS\Servers\New Era Polaris\Rocket\Plugins\Teleportation.dll
[19/04/2026 8:04:52 PM] [Error] mscorlib >> Caught exception resolving dependency: 0Harmony -> Exception in DoAssemblyResolve: System.ArgumentNullException: Value cannot be null.
Parameter name: v1
  at System.Version.op_LessThanOrEqual (System.Version v1, System.Version v2) [0x00003] in <1071a2cb0cb3433aae80a793c277a048>:0 
  at System.Version.op_GreaterThanOrEqual (System.Version v1, System.Version v2) [0x00000] in <1071a2cb0cb3433aae80a793c277a048>:0 
  at Rocket.Core.Plugins.RocketPluginManager+<>c__DisplayClass12_0.<Awake>b__1 (System.Collections.Generic.KeyValuePair`2[TKey,TValue] lib) [0x00035] in <59a13feb721848c8b0cd173f6d0e820b>:0 
  at System.Linq.Enumerable.TryGetFirst[TSource] (System.Collections.Generic.IEnumerable`1[T] source, System.Func`2[T,TResult] predicate, System.Boolean& found) [0x0003f] in <ea489521390f48908a7ce45cb17a6848>:0 
  at System.Linq.Enumerable.FirstOrDefault[TSource] (System.Collections.Generic.IEnumerable`1[T] source, System.Func`2[T,TResult] predicate) [0x00000] in <ea489521390f48908a7ce45cb17a6848>:0 
  at Rocket.Core.Plugins.RocketPluginManager.<Awake>b__12_0 (System.Object sender, System.ResolveEventArgs args) [0x00017] in <59a13feb721848c8b0cd173f6d0e820b>:0 
[19/04/2026 8:04:52 PM] [Error] Could not find dependency: 0Harmony
[19/04/2026 8:04:52 PM] [Info] 
[loading] HardcoreDurability
[19/04/2026 8:04:52 PM] [Info] HardcoreDurability >> Hardcore Durability Loaded with Configurations!
[19/04/2026 8:04:52 PM] [Info] 
[loading] MoreHomes
[19/04/2026 8:04:52 PM] [Info] [registered] /home (RestoreMonarchy.MoreHomes.Commands.HomeCommand/home)
[19/04/2026 8:04:52 PM] [Info] [registered] /homes (RestoreMonarchy.MoreHomes.Commands.HomesCommand/homes)
[19/04/2026 8:04:52 PM] [Info] [registered] /destroyhome (RestoreMonarchy.MoreHomes.Commands.DestroyHomeCommand/destroyhome)
[19/04/2026 8:04:52 PM] [Info] [registered] /renamehome (RestoreMonarchy.MoreHomes.Commands.RenameHomeCommand/renamehome)
[19/04/2026 8:04:52 PM] [Info] [registered] /restorehomes (RestoreMonarchy.MoreHomes.Commands.RestoreHomesCommand/restorehomes)
[19/04/2026 8:04:52 PM] [Info] MoreHomes >> MoreHomes 1.7.2.0 has been loaded!
[19/04/2026 8:04:52 PM] [Info] MoreHomes >> Brought to you by RestoreMonarchy.com
[19/04/2026 8:04:52 PM] [Error] mscorlib >> Caught exception resolving dependency: Steamworks.NET -> Exception in DoAssemblyResolve: System.ArgumentNullException: Value cannot be null.
Parameter name: v1
  at System.Version.op_LessThanOrEqual (System.Version v1, System.Version v2) [0x00003] in <1071a2cb0cb3433aae80a793c277a048>:0 
  at System.Version.op_GreaterThanOrEqual (System.Version v1, System.Version v2) [0x00000] in <1071a2cb0cb3433aae80a793c277a048>:0 
  at Rocket.Core.Plugins.RocketPluginManager+<>c__DisplayClass12_0.<Awake>b__1 (System.Collections.Generic.KeyValuePair`2[TKey,TValue] lib) [0x00035] in <59a13feb721848c8b0cd173f6d0e820b>:0 
  at System.Linq.Enumerable.TryGetFirst[TSource] (System.Collections.Generic.IEnumerable`1[T] source, System.Func`2[T,TResult] predicate, System.Boolean& found) [0x0003f] in <ea489521390f48908a7ce45cb17a6848>:0 
  at System.Linq.Enumerable.FirstOrDefault[TSource] (System.Collections.Generic.IEnumerable`1[T] source, System.Func`2[T,TResult] predicate) [0x00000] in <ea489521390f48908a7ce45cb17a6848>:0 
  at Rocket.Core.Plugins.RocketPluginManager.<Awake>b__12_0 (System.Object sender, System.ResolveEventArgs args) [0x00017] in <59a13feb721848c8b0cd173f6d0e820b>:0 
[19/04/2026 8:04:52 PM] [Error] Could not find dependency: Steamworks.NET
[19/04/2026 8:04:52 PM] [Info] 
[loading] Teleportation
[19/04/2026 8:04:52 PM] [Info] [registered] /tpa (RestoreMonarchy.Teleportation.Commands.TPACommand/tpa)
[19/04/2026 8:04:52 PM] [Info] Teleportation >> Teleportation 1.6.0.0 has been loaded!
[19/04/2026 8:04:52 PM] [Info] This server will automatically save every 1800 seconds
[19/04/2026 8:04:52 PM] [Info] Steam servers ready!
[19/04/2026 8:04:52 PM] [Info] Workshop install folder: E:\SteamLibrary\steamapps\common\U3DS/Servers/New Era Polaris/Workshop/Steam
[19/04/2026 8:04:52 PM] [Info] 1 workshop item(s) requested
[19/04/2026 8:04:52 PM] [Info] Submitting workshop query for 1 item(s)...
[19/04/2026 8:04:52 PM] [Info] Workshop query yielded 1 result(s)
[19/04/2026 8:04:52 PM] [Info] This server's allowed IP for Workshop downloads: [redacted]
[19/04/2026 8:04:52 PM] [Info] 2898548949 'A6 Polaris' queued for download
[19/04/2026 8:04:52 PM] [Info] 1 workshop item(s) to download...
[19/04/2026 8:04:52 PM] [Info] Workshop item found in cache: 2898548949
[19/04/2026 8:04:52 PM] [Info] Installing workshop item: 2898548949
[19/04/2026 8:04:52 PM] [Info] Installed workshop item: 2898548949
[19/04/2026 8:04:52 PM] [Info] Searched 0 of 1 locations and found 105 asset files...
[19/04/2026 8:04:52 PM] [Info] Read 0 of 105 asset file contents into memory...
[19/04/2026 8:04:52 PM] [Info] Loaded 0 of 105 assets...
[19/04/2026 8:04:52 PM] [Info] Searched 0 of 1 locations and found 258 asset files...
[19/04/2026 8:04:52 PM] [Info] Read 0 of 258 asset file contents into memory...
[19/04/2026 8:04:52 PM] [Info] Loaded 0 of 258 assets...
[19/04/2026 8:04:52 PM] [Info] Searched 0 of 1 locations and found 404 asset files...
[19/04/2026 8:04:52 PM] [Info] Read 0 of 404 asset file contents into memory...
[19/04/2026 8:04:52 PM] [Info] Loaded 0 of 404 assets...
[19/04/2026 8:04:52 PM] [Info] Searched 0 of 1 locations and found 539 asset files...
[19/04/2026 8:04:52 PM] [Info] Read 0 of 539 asset file contents into memory...
[19/04/2026 8:04:52 PM] [Info] Loaded 0 of 539 assets...
[19/04/2026 8:04:52 PM] [Info] Loaded 0 of 1 asset bundles...
[19/04/2026 8:04:52 PM] [Info] Searched 0 of 1 locations and found 691 asset files...
[19/04/2026 8:04:52 PM] [Info] Read 2 of 691 asset file contents into memory...
[19/04/2026 8:04:52 PM] [Info] Loaded 0 of 691 assets...
[19/04/2026 8:04:52 PM] [Info] Searched 0 of 1 locations and found 870 asset files...
[19/04/2026 8:04:52 PM] [Info] Read 8 of 870 asset file contents into memory...
[19/04/2026 8:04:52 PM] [Info] Loaded 0 of 870 assets...
[19/04/2026 8:04:52 PM] [Info] Searched 0 of 1 locations and found 1029 asset files...
[19/04/2026 8:04:52 PM] [Info] Read 16 of 1029 asset file contents into memory...
[19/04/2026 8:04:52 PM] [Info] Loaded 0 of 1029 assets...
[19/04/2026 8:04:53 PM] [Info] Searched 0 of 1 locations and found 1211 asset files...
[19/04/2026 8:04:53 PM] [Info] Read 25 of 1211 asset file contents into memory...
[19/04/2026 8:04:53 PM] [Info] Loaded 0 of 1211 assets...
[19/04/2026 8:04:53 PM] [Info] Searched 0 of 1 locations and found 1359 asset files...
[19/04/2026 8:04:53 PM] [Info] Read 33 of 1359 asset file contents into memory...
[19/04/2026 8:04:53 PM] [Info] Loaded 0 of 1359 assets...
[19/04/2026 8:04:53 PM] [Info] Searched 0 of 1 locations and found 1501 asset files...
[19/04/2026 8:04:53 PM] [Info] Read 41 of 1501 asset file contents into memory...
[19/04/2026 8:04:53 PM] [Info] Loaded 0 of 1501 assets...
[19/04/2026 8:04:53 PM] [Info] Searched 0 of 1 locations and found 1686 asset files...
[19/04/2026 8:04:53 PM] [Info] Read 50 of 1686 asset file contents into memory...
[19/04/2026 8:04:53 PM] [Info] Loaded 0 of 1686 assets...
[19/04/2026 8:04:53 PM] [Info] Searched 0 of 1 locations and found 1851 asset files...
[19/04/2026 8:04:53 PM] [Info] Read 59 of 1851 asset file contents into memory...
[19/04/2026 8:04:53 PM] [Info] Loaded 0 of 1851 assets...
[19/04/2026 8:04:53 PM] [Info] Searched 0 of 1 locations and found 2025 asset files...
[19/04/2026 8:04:53 PM] [Info] Read 68 of 2025 asset file contents into memory...
[19/04/2026 8:04:53 PM] [Info] Loaded 0 of 2025 assets...
[19/04/2026 8:04:53 PM] [Info] Searched 0 of 1 locations and found 2211 asset files...
[19/04/2026 8:04:53 PM] [Info] Read 72 of 2211 asset file contents into memory...
[19/04/2026 8:04:53 PM] [Info] Loaded 0 of 2211 assets...
[19/04/2026 8:04:53 PM] [Info] Searched 1 of 1 locations and found 2378 asset files...
[19/04/2026 8:04:53 PM] [Info] Read 76 of 2378 asset file contents into memory...
[19/04/2026 8:04:53 PM] [Info] Loaded 0 of 2378 assets...
[19/04/2026 8:04:53 PM] [Info] Read 80 of 2378 asset file contents into memory...
[19/04/2026 8:04:53 PM] [Info] Read 83 of 2378 asset file contents into memory...
[19/04/2026 8:04:53 PM] [Info] Read 86 of 2378 asset file contents into memory...
[19/04/2026 8:04:53 PM] [Info] Read 89 of 2378 asset file contents into memory...
[19/04/2026 8:04:53 PM] [Info] Read 92 of 2378 asset file contents into memory...
[19/04/2026 8:04:53 PM] [Info] Read 95 of 2378 asset file contents into memory...
[19/04/2026 8:04:53 PM] [Info] Read 98 of 2378 asset file contents into memory...
[19/04/2026 8:04:53 PM] [Info] Read 102 of 2378 asset file contents into memory...
[19/04/2026 8:04:53 PM] [Info] Read 105 of 2378 asset file contents into memory...
[19/04/2026 8:04:53 PM] [Info] Read 109 of 2378 asset file contents into memory...
[19/04/2026 8:04:54 PM] [Info] Read 113 of 2378 asset file contents into memory...
[19/04/2026 8:04:54 PM] [Info] Read 117 of 2378 asset file contents into memory...
[19/04/2026 8:04:54 PM] [Info] Read 121 of 2378 asset file contents into memory...
[19/04/2026 8:04:54 PM] [Info] Read 125 of 2378 asset file contents into memory...
[19/04/2026 8:04:54 PM] [Info] Read 129 of 2378 asset file contents into memory...
[19/04/2026 8:04:54 PM] [Info] Read 133 of 2378 asset file contents into memory...
[19/04/2026 8:04:54 PM] [Info] Read 137 of 2378 asset file contents into memory...
[19/04/2026 8:04:54 PM] [Info] Read 142 of 2378 asset file contents into memory...
[19/04/2026 8:04:54 PM] [Info] Read 146 of 2378 asset file contents into memory...
[19/04/2026 8:04:54 PM] [Info] Loaded 1 of 1 asset bundles...
[19/04/2026 8:04:54 PM] [Info] Read 151 of 2378 asset file contents into memory...
[19/04/2026 8:04:54 PM] [Info] Loaded 3 of 2378 assets...
[19/04/2026 8:04:54 PM] [Info] Read 156 of 2378 asset file contents into memory...
[19/04/2026 8:04:54 PM] [Info] Loaded 8 of 2378 assets...
[19/04/2026 8:04:54 PM] [Info] Read 160 of 2378 asset file contents into memory...
[19/04/2026 8:04:54 PM] [Info] Loaded 54 of 2378 assets...
[19/04/2026 8:04:54 PM] [Info] Read 167 of 2378 asset file contents into memory...
[19/04/2026 8:04:54 PM] [Info] Loaded 87 of 2378 assets...
[19/04/2026 8:04:54 PM] [Info] Read 175 of 2378 asset file contents into memory...
[19/04/2026 8:04:54 PM] [Info] Loaded 175 of 2378 assets...
[19/04/2026 8:04:54 PM] [Info] Read 183 of 2378 asset file contents into memory...
[19/04/2026 8:04:54 PM] [Info] Loaded 183 of 2378 assets...
[19/04/2026 8:04:54 PM] [Info] Read 192 of 2378 asset file contents into memory...
[19/04/2026 8:04:54 PM] [Info] Loaded 192 of 2378 assets...
[19/04/2026 8:04:54 PM] [Info] Read 200 of 2378 asset file contents into memory...
[19/04/2026 8:04:54 PM] [Info] Loaded 200 of 2378 assets...
[19/04/2026 8:04:54 PM] [Info] Read 206 of 2378 asset file contents into memory...
[19/04/2026 8:04:54 PM] [Info] Loaded 206 of 2378 assets...
[19/04/2026 8:04:54 PM] [Info] Read 211 of 2378 asset file contents into memory...
[19/04/2026 8:04:54 PM] [Info] Loaded 211 of 2378 assets...
[19/04/2026 8:04:54 PM] [Info] Read 215 of 2378 asset file contents into memory...
[19/04/2026 8:04:54 PM] [Info] Loaded 215 of 2378 assets...
[19/04/2026 8:04:55 PM] [Info] Read 219 of 2378 asset file contents into memory...
[19/04/2026 8:04:55 PM] [Info] Loaded 219 of 2378 assets...
[19/04/2026 8:04:55 PM] [Info] Read 224 of 2378 asset file contents into memory...
[19/04/2026 8:04:55 PM] [Info] Loaded 224 of 2378 assets...
[19/04/2026 8:04:55 PM] [Info] Read 228 of 2378 asset file contents into memory...
[19/04/2026 8:04:55 PM] [Info] Loaded 228 of 2378 assets...
[19/04/2026 8:04:55 PM] [Info] Read 232 of 2378 asset file contents into memory...
[19/04/2026 8:04:55 PM] [Info] Loaded 232 of 2378 assets...
[19/04/2026 8:04:55 PM] [Info] Read 235 of 2378 asset file contents into memory...
[19/04/2026 8:04:55 PM] [Info] Loaded 235 of 2378 assets...
[19/04/2026 8:04:55 PM] [Info] Read 239 of 2378 asset file contents into memory...
[19/04/2026 8:04:55 PM] [Info] Loaded 239 of 2378 assets...
[19/04/2026 8:04:55 PM] [Info] Read 243 of 2378 asset file contents into memory...
[19/04/2026 8:04:55 PM] [Info] Loaded 243 of 2378 assets...
[19/04/2026 8:04:55 PM] [Info] Read 247 of 2378 asset file contents into memory...
[19/04/2026 8:04:55 PM] [Info] Loaded 247 of 2378 assets...
[19/04/2026 8:04:55 PM] [Info] Read 251 of 2378 asset file contents into memory...
[19/04/2026 8:04:55 PM] [Info] Loaded 251 of 2378 assets...
[19/04/2026 8:04:55 PM] [Info] Read 254 of 2378 asset file contents into memory...
[19/04/2026 8:04:55 PM] [Info] Loaded 254 of 2378 assets...
[19/04/2026 8:04:55 PM] [Info] Read 259 of 2378 asset file contents into memory...
[19/04/2026 8:04:55 PM] [Info] Loaded 259 of 2378 assets...
[19/04/2026 8:04:55 PM] [Info] Read 263 of 2378 asset file contents into memory...
[19/04/2026 8:04:55 PM] [Info] Loaded 263 of 2378 assets...
[19/04/2026 8:04:55 PM] [Info] Read 267 of 2378 asset file contents into memory...
[19/04/2026 8:04:55 PM] [Info] Loaded 267 of 2378 assets...
[19/04/2026 8:04:55 PM] [Info] Read 272 of 2378 asset file contents into memory...
[19/04/2026 8:04:55 PM] [Info] Loaded 272 of 2378 assets...
[19/04/2026 8:04:55 PM] [Info] Read 276 of 2378 asset file contents into memory...
[19/04/2026 8:04:55 PM] [Info] Loaded 276 of 2378 assets...
[19/04/2026 8:04:55 PM] [Info] Read 280 of 2378 asset file contents into memory...
[19/04/2026 8:04:55 PM] [Info] Loaded 280 of 2378 assets...
[19/04/2026 8:04:55 PM] [Info] Read 285 of 2378 asset file contents into memory...
[19/04/2026 8:04:55 PM] [Info] Loaded 285 of 2378 assets...
[19/04/2026 8:04:55 PM] [Info] Read 289 of 2378 asset file contents into memory...
[19/04/2026 8:04:55 PM] [Info] Loaded 289 of 2378 assets...
[19/04/2026 8:04:55 PM] [Info] Read 293 of 2378 asset file contents into memory...
[19/04/2026 8:04:55 PM] [Info] Loaded 293 of 2378 assets...
[19/04/2026 8:04:55 PM] [Info] Read 297 of 2378 asset file contents into memory...
[19/04/2026 8:04:55 PM] [Info] Loaded 297 of 2378 assets...
[19/04/2026 8:04:56 PM] [Info] Read 301 of 2378 asset file contents into memory...
[19/04/2026 8:04:56 PM] [Info] Loaded 301 of 2378 assets...
[19/04/2026 8:04:56 PM] [Info] Read 305 of 2378 asset file contents into memory...
[19/04/2026 8:04:56 PM] [Info] Loaded 305 of 2378 assets...
[19/04/2026 8:04:56 PM] [Info] Read 309 of 2378 asset file contents into memory...
[19/04/2026 8:04:56 PM] [Info] Loaded 309 of 2378 assets...
[19/04/2026 8:04:56 PM] [Info] Read 314 of 2378 asset file contents into memory...
[19/04/2026 8:04:56 PM] [Info] Loaded 314 of 2378 assets...
[19/04/2026 8:04:56 PM] [Info] Read 318 of 2378 asset file contents into memory...
[19/04/2026 8:04:56 PM] [Info] Loaded 318 of 2378 assets...
[19/04/2026 8:04:56 PM] [Info] Read 323 of 2378 asset file contents into memory...
[19/04/2026 8:04:56 PM] [Info] Loaded 323 of 2378 assets...
[19/04/2026 8:04:56 PM] [Info] Read 327 of 2378 asset file contents into memory...
[19/04/2026 8:04:56 PM] [Info] Loaded 327 of 2378 assets...
[19/04/2026 8:04:56 PM] [Info] Read 333 of 2378 asset file contents into memory...
[19/04/2026 8:04:56 PM] [Info] Loaded 333 of 2378 assets...
[19/04/2026 8:04:56 PM] [Info] Read 336 of 2378 asset file contents into memory...
[19/04/2026 8:04:56 PM] [Info] Loaded 336 of 2378 assets...
[19/04/2026 8:04:56 PM] [Info] Read 340 of 2378 asset file contents into memory...
[19/04/2026 8:04:56 PM] [Info] Loaded 340 of 2378 assets...
[19/04/2026 8:04:56 PM] [Info] Read 344 of 2378 asset file contents into memory...
[19/04/2026 8:04:56 PM] [Info] Loaded 344 of 2378 assets...
[19/04/2026 8:04:56 PM] [Info] Read 348 of 2378 asset file contents into memory...
[19/04/2026 8:04:56 PM] [Info] Loaded 348 of 2378 assets...
[19/04/2026 8:04:56 PM] [Info] Read 352 of 2378 asset file contents into memory...
[19/04/2026 8:04:56 PM] [Info] Loaded 352 of 2378 assets...
[19/04/2026 8:04:56 PM] [Info] Read 355 of 2378 asset file contents into memory...
[19/04/2026 8:04:56 PM] [Info] Loaded 355 of 2378 assets...
[19/04/2026 8:04:56 PM] [Info] Read 359 of 2378 asset file contents into memory...
[19/04/2026 8:04:56 PM] [Info] Loaded 359 of 2378 assets...
[19/04/2026 8:04:56 PM] [Info] Read 363 of 2378 asset file contents into memory...
[19/04/2026 8:04:56 PM] [Info] Loaded 363 of 2378 assets...
[19/04/2026 8:04:56 PM] [Info] Read 366 of 2378 asset file contents into memory...
[19/04/2026 8:04:56 PM] [Info] Loaded 366 of 2378 assets...
[19/04/2026 8:04:56 PM] [Info] Read 370 of 2378 asset file contents into memory...
[19/04/2026 8:04:56 PM] [Info] Loaded 370 of 2378 assets...
[19/04/2026 8:04:56 PM] [Info] Read 374 of 2378 asset file contents into memory...
[19/04/2026 8:04:56 PM] [Info] Loaded 374 of 2378 assets...
[19/04/2026 8:04:56 PM] [Info] Read 378 of 2378 asset file contents into memory...
[19/04/2026 8:04:56 PM] [Info] Loaded 378 of 2378 assets...
[19/04/2026 8:04:57 PM] [Info] Read 382 of 2378 asset file contents into memory...
[19/04/2026 8:04:57 PM] [Info] Loaded 382 of 2378 assets...
[19/04/2026 8:04:57 PM] [Info] Read 385 of 2378 asset file contents into memory...
[19/04/2026 8:04:57 PM] [Info] Loaded 385 of 2378 assets...
[19/04/2026 8:04:57 PM] [Info] Read 389 of 2378 asset file contents into memory...
[19/04/2026 8:04:57 PM] [Info] Loaded 389 of 2378 assets...
[19/04/2026 8:04:57 PM] [Info] Read 392 of 2378 asset file contents into memory...
[19/04/2026 8:04:57 PM] [Info] Loaded 392 of 2378 assets...
[19/04/2026 8:04:57 PM] [Info] Read 396 of 2378 asset file contents into memory...
[19/04/2026 8:04:57 PM] [Info] Loaded 396 of 2378 assets...
[19/04/2026 8:04:57 PM] [Info] Read 400 of 2378 asset file contents into memory...
[19/04/2026 8:04:57 PM] [Info] Loaded 400 of 2378 assets...
[19/04/2026 8:04:57 PM] [Info] Read 404 of 2378 asset file contents into memory...
[19/04/2026 8:04:57 PM] [Info] Loaded 404 of 2378 assets...
[19/04/2026 8:04:57 PM] [Info] Read 408 of 2378 asset file contents into memory...
[19/04/2026 8:04:57 PM] [Info] Loaded 408 of 2378 assets...
[19/04/2026 8:04:57 PM] [Info] Read 413 of 2378 asset file contents into memory...
[19/04/2026 8:04:57 PM] [Info] Loaded 413 of 2378 assets...
[19/04/2026 8:04:57 PM] [Info] Read 419 of 2378 asset file contents into memory...
[19/04/2026 8:04:57 PM] [Info] Loaded 419 of 2378 assets...
[19/04/2026 8:04:57 PM] [Info] Read 422 of 2378 asset file contents into memory...
[19/04/2026 8:04:57 PM] [Info] Loaded 422 of 2378 assets...
[19/04/2026 8:04:57 PM] [Info] Read 426 of 2378 asset file contents into memory...
[19/04/2026 8:04:57 PM] [Info] Loaded 426 of 2378 assets...
[19/04/2026 8:04:57 PM] [Info] Read 430 of 2378 asset file contents into memory...
[19/04/2026 8:04:57 PM] [Info] Loaded 430 of 2378 assets...
[19/04/2026 8:04:57 PM] [Info] Read 434 of 2378 asset file contents into memory...
[19/04/2026 8:04:57 PM] [Info] Loaded 434 of 2378 assets...
[19/04/2026 8:04:57 PM] [Info] Read 438 of 2378 asset file contents into memory...
[19/04/2026 8:04:57 PM] [Info] Loaded 438 of 2378 assets...
[19/04/2026 8:04:57 PM] [Info] Read 442 of 2378 asset file contents into memory...
[19/04/2026 8:04:57 PM] [Info] Loaded 442 of 2378 assets...
[19/04/2026 8:04:57 PM] [Info] Read 446 of 2378 asset file contents into memory...
[19/04/2026 8:04:57 PM] [Info] Loaded 446 of 2378 assets...
[19/04/2026 8:04:57 PM] [Info] Read 451 of 2378 asset file contents into memory...
[19/04/2026 8:04:57 PM] [Info] Loaded 451 of 2378 assets...
[19/04/2026 8:04:57 PM] [Info] Read 457 of 2378 asset file contents into memory...
[19/04/2026 8:04:57 PM] [Info] Loaded 457 of 2378 assets...
[19/04/2026 8:04:57 PM] [Info] Read 460 of 2378 asset file contents into memory...
[19/04/2026 8:04:57 PM] [Info] Loaded 460 of 2378 assets...
[19/04/2026 8:04:58 PM] [Info] Read 465 of 2378 asset file contents into memory...
[19/04/2026 8:04:58 PM] [Info] Loaded 465 of 2378 assets...
[19/04/2026 8:04:58 PM] [Info] Read 469 of 2378 asset file contents into memory...
[19/04/2026 8:04:58 PM] [Info] Loaded 469 of 2378 assets...
[19/04/2026 8:04:58 PM] [Info] Read 472 of 2378 asset file contents into memory...
[19/04/2026 8:04:58 PM] [Info] Loaded 472 of 2378 assets...
[19/04/2026 8:04:58 PM] [Info] Read 477 of 2378 asset file contents into memory...
[19/04/2026 8:04:58 PM] [Info] Loaded 477 of 2378 assets...
[19/04/2026 8:04:58 PM] [Info] Read 481 of 2378 asset file contents into memory...
[19/04/2026 8:04:58 PM] [Info] Loaded 481 of 2378 assets...
[19/04/2026 8:04:58 PM] [Info] Read 485 of 2378 asset file contents into memory...
[19/04/2026 8:04:58 PM] [Info] Loaded 485 of 2378 assets...
[19/04/2026 8:04:58 PM] [Info] Read 489 of 2378 asset file contents into memory...
[19/04/2026 8:04:58 PM] [Info] Loaded 489 of 2378 assets...
[19/04/2026 8:04:58 PM] [Info] Read 494 of 2378 asset file contents into memory...
[19/04/2026 8:04:58 PM] [Info] Loaded 494 of 2378 assets...
[19/04/2026 8:04:58 PM] [Info] Read 498 of 2378 asset file contents into memory...
[19/04/2026 8:04:58 PM] [Info] Loaded 498 of 2378 assets...
[19/04/2026 8:04:58 PM] [Info] Read 501 of 2378 asset file contents into memory...
[19/04/2026 8:04:58 PM] [Info] Loaded 501 of 2378 assets...
[19/04/2026 8:04:58 PM] [Info] Read 505 of 2378 asset file contents into memory...
[19/04/2026 8:04:58 PM] [Info] Loaded 505 of 2378 assets...
[19/04/2026 8:04:58 PM] [Info] Read 509 of 2378 asset file contents into memory...
[19/04/2026 8:04:58 PM] [Info] Loaded 509 of 2378 assets...
[19/04/2026 8:04:58 PM] [Info] Read 513 of 2378 asset file contents into memory...
[19/04/2026 8:04:58 PM] [Info] Loaded 513 of 2378 assets...
[19/04/2026 8:04:58 PM] [Info] Read 517 of 2378 asset file contents into memory...
[19/04/2026 8:04:58 PM] [Info] Loaded 517 of 2378 assets...
[19/04/2026 8:04:58 PM] [Info] Read 520 of 2378 asset file contents into memory...
[19/04/2026 8:04:58 PM] [Info] Loaded 520 of 2378 assets...
[19/04/2026 8:04:58 PM] [Info] Read 524 of 2378 asset file contents into memory...
[19/04/2026 8:04:58 PM] [Info] Loaded 524 of 2378 assets...
[19/04/2026 8:04:58 PM] [Info] Read 527 of 2378 asset file contents into memory...
[19/04/2026 8:04:58 PM] [Info] Loaded 527 of 2378 assets...
[19/04/2026 8:04:58 PM] [Info] Read 530 of 2378 asset file contents into memory...
[19/04/2026 8:04:58 PM] [Info] Loaded 530 of 2378 assets...
[19/04/2026 8:04:58 PM] [Info] Read 534 of 2378 asset file contents into memory...
[19/04/2026 8:04:58 PM] [Info] Loaded 534 of 2378 assets...
[19/04/2026 8:04:58 PM] [Info] Read 538 of 2378 asset file contents into memory...
[19/04/2026 8:04:58 PM] [Info] Loaded 538 of 2378 assets...
[19/04/2026 8:04:59 PM] [Info] Read 541 of 2378 asset file contents into memory...
[19/04/2026 8:04:59 PM] [Info] Loaded 541 of 2378 assets...
[19/04/2026 8:04:59 PM] [Info] Read 544 of 2378 asset file contents into memory...
[19/04/2026 8:04:59 PM] [Info] Loaded 544 of 2378 assets...
[19/04/2026 8:04:59 PM] [Info] Read 548 of 2378 asset file contents into memory...
[19/04/2026 8:04:59 PM] [Info] Loaded 548 of 2378 assets...
[19/04/2026 8:04:59 PM] [Info] Read 551 of 2378 asset file contents into memory...
[19/04/2026 8:04:59 PM] [Info] Loaded 551 of 2378 assets...
[19/04/2026 8:04:59 PM] [Info] Read 554 of 2378 asset file contents into memory...
[19/04/2026 8:04:59 PM] [Info] Loaded 554 of 2378 assets...
[19/04/2026 8:04:59 PM] [Info] Read 558 of 2378 asset file contents into memory...
[19/04/2026 8:04:59 PM] [Info] Loaded 558 of 2378 assets...
[19/04/2026 8:04:59 PM] [Info] Read 561 of 2378 asset file contents into memory...
[19/04/2026 8:04:59 PM] [Info] Loaded 561 of 2378 assets...
[19/04/2026 8:04:59 PM] [Info] Read 565 of 2378 asset file contents into memory...
[19/04/2026 8:04:59 PM] [Info] Loaded 565 of 2378 assets...
[19/04/2026 8:04:59 PM] [Info] Read 568 of 2378 asset file contents into memory...
[19/04/2026 8:04:59 PM] [Info] Loaded 568 of 2378 assets...
[19/04/2026 8:04:59 PM] [Info] Read 572 of 2378 asset file contents into memory...
[19/04/2026 8:04:59 PM] [Info] Loaded 572 of 2378 assets...
[19/04/2026 8:04:59 PM] [Info] Read 575 of 2378 asset file contents into memory...
[19/04/2026 8:04:59 PM] [Info] Loaded 575 of 2378 assets...
[19/04/2026 8:04:59 PM] [Info] Read 578 of 2378 asset file contents into memory...
[19/04/2026 8:04:59 PM] [Info] Loaded 578 of 2378 assets...
[19/04/2026 8:04:59 PM] [Info] Read 583 of 2378 asset file contents into memory...
[19/04/2026 8:04:59 PM] [Info] Loaded 583 of 2378 assets...
[19/04/2026 8:04:59 PM] [Info] Read 587 of 2378 asset file contents into memory...
[19/04/2026 8:04:59 PM] [Info] Loaded 587 of 2378 assets...
[19/04/2026 8:04:59 PM] [Info] Read 590 of 2378 asset file contents into memory...
[19/04/2026 8:04:59 PM] [Info] Loaded 590 of 2378 assets...
[19/04/2026 8:04:59 PM] [Info] Read 595 of 2378 asset file contents into memory...
[19/04/2026 8:04:59 PM] [Info] Loaded 595 of 2378 assets...
[19/04/2026 8:04:59 PM] [Info] Read 599 of 2378 asset file contents into memory...
[19/04/2026 8:04:59 PM] [Info] Loaded 599 of 2378 assets...
[19/04/2026 8:04:59 PM] [Info] Read 603 of 2378 asset file contents into memory...
[19/04/2026 8:04:59 PM] [Info] Loaded 603 of 2378 assets...
[19/04/2026 8:04:59 PM] [Info] Read 608 of 2378 asset file contents into memory...
[19/04/2026 8:04:59 PM] [Info] Loaded 608 of 2378 assets...
[19/04/2026 8:04:59 PM] [Info] Read 612 of 2378 asset file contents into memory...
[19/04/2026 8:04:59 PM] [Info] Loaded 612 of 2378 assets...
[19/04/2026 8:05:00 PM] [Info] Read 618 of 2378 asset file contents into memory...
[19/04/2026 8:05:00 PM] [Info] Loaded 618 of 2378 assets...
[19/04/2026 8:05:00 PM] [Info] Read 622 of 2378 asset file contents into memory...
[19/04/2026 8:05:00 PM] [Info] Loaded 622 of 2378 assets...
[19/04/2026 8:05:00 PM] [Info] Read 627 of 2378 asset file contents into memory...
[19/04/2026 8:05:00 PM] [Info] Loaded 627 of 2378 assets...
[19/04/2026 8:05:00 PM] [Info] Read 632 of 2378 asset file contents into memory...
[19/04/2026 8:05:00 PM] [Info] Loaded 632 of 2378 assets...
[19/04/2026 8:05:00 PM] [Info] Read 637 of 2378 asset file contents into memory...
[19/04/2026 8:05:00 PM] [Info] Loaded 637 of 2378 assets...
[19/04/2026 8:05:00 PM] [Info] Read 642 of 2378 asset file contents into memory...
[19/04/2026 8:05:00 PM] [Info] Loaded 642 of 2378 assets...
[19/04/2026 8:05:00 PM] [Info] Read 647 of 2378 asset file contents into memory...
[19/04/2026 8:05:00 PM] [Info] Loaded 647 of 2378 assets...
[19/04/2026 8:05:00 PM] [Info] Read 652 of 2378 asset file contents into memory...
[19/04/2026 8:05:00 PM] [Info] Loaded 652 of 2378 assets...
[19/04/2026 8:05:00 PM] [Info] Read 657 of 2378 asset file contents into memory...
[19/04/2026 8:05:00 PM] [Info] Loaded 657 of 2378 assets...
[19/04/2026 8:05:00 PM] [Info] Read 662 of 2378 asset file contents into memory...
[19/04/2026 8:05:00 PM] [Info] Loaded 662 of 2378 assets...
[19/04/2026 8:05:00 PM] [Info] Read 667 of 2378 asset file contents into memory...
[19/04/2026 8:05:00 PM] [Info] Loaded 667 of 2378 assets...
[19/04/2026 8:05:00 PM] [Info] Read 670 of 2378 asset file contents into memory...
[19/04/2026 8:05:00 PM] [Info] Loaded 670 of 2378 assets...
[19/04/2026 8:05:00 PM] [Info] Read 674 of 2378 asset file contents into memory...
[19/04/2026 8:05:00 PM] [Info] Loaded 674 of 2378 assets...
[19/04/2026 8:05:00 PM] [Info] Read 679 of 2378 asset file contents into memory...
[19/04/2026 8:05:00 PM] [Info] Loaded 679 of 2378 assets...
[19/04/2026 8:05:00 PM] [Info] Read 683 of 2378 asset file contents into memory...
[19/04/2026 8:05:00 PM] [Info] Loaded 683 of 2378 assets...
[19/04/2026 8:05:00 PM] [Info] Read 687 of 2378 asset file contents into memory...
[19/04/2026 8:05:00 PM] [Info] Loaded 687 of 2378 assets...
[19/04/2026 8:05:00 PM] [Info] Read 691 of 2378 asset file contents into memory...
[19/04/2026 8:05:00 PM] [Info] Loaded 691 of 2378 assets...
[19/04/2026 8:05:00 PM] [Info] Read 696 of 2378 asset file contents into memory...
[19/04/2026 8:05:00 PM] [Info] Loaded 696 of 2378 assets...
[19/04/2026 8:05:01 PM] [Info] Read 700 of 2378 asset file contents into memory...
[19/04/2026 8:05:01 PM] [Info] Loaded 700 of 2378 assets...
[19/04/2026 8:05:01 PM] [Info] Read 705 of 2378 asset file contents into memory...
[19/04/2026 8:05:01 PM] [Info] Loaded 705 of 2378 assets...
[19/04/2026 8:05:01 PM] [Info] Read 709 of 2378 asset file contents into memory...
[19/04/2026 8:05:01 PM] [Info] Loaded 709 of 2378 assets...
[19/04/2026 8:05:01 PM] [Info] Read 714 of 2378 asset file contents into memory...
[19/04/2026 8:05:01 PM] [Info] Loaded 714 of 2378 assets...
[19/04/2026 8:05:01 PM] [Info] Read 719 of 2378 asset file contents into memory...
[19/04/2026 8:05:01 PM] [Info] Loaded 719 of 2378 assets...
[19/04/2026 8:05:01 PM] [Info] Read 724 of 2378 asset file contents into memory...
[19/04/2026 8:05:01 PM] [Info] Loaded 724 of 2378 assets...
[19/04/2026 8:05:01 PM] [Info] Read 728 of 2378 asset file contents into memory...
[19/04/2026 8:05:01 PM] [Info] Loaded 728 of 2378 assets...
[19/04/2026 8:05:01 PM] [Info] Read 733 of 2378 asset file contents into memory...
[19/04/2026 8:05:01 PM] [Info] Loaded 733 of 2378 assets...
[19/04/2026 8:05:01 PM] [Info] Read 738 of 2378 asset file contents into memory...
[19/04/2026 8:05:01 PM] [Info] Loaded 738 of 2378 assets...
[19/04/2026 8:05:01 PM] [Info] Read 743 of 2378 asset file contents into memory...
[19/04/2026 8:05:01 PM] [Info] Loaded 743 of 2378 assets...
[19/04/2026 8:05:01 PM] [Info] Read 747 of 2378 asset file contents into memory...
[19/04/2026 8:05:01 PM] [Info] Loaded 747 of 2378 assets...
[19/04/2026 8:05:01 PM] [Info] Read 752 of 2378 asset file contents into memory...
[19/04/2026 8:05:01 PM] [Info] Loaded 752 of 2378 assets...
[19/04/2026 8:05:01 PM] [Info] Read 756 of 2378 asset file contents into memory...
[19/04/2026 8:05:01 PM] [Info] Loaded 756 of 2378 assets...
[19/04/2026 8:05:01 PM] [Info] Read 760 of 2378 asset file contents into memory...
[19/04/2026 8:05:01 PM] [Info] Loaded 760 of 2378 assets...
[19/04/2026 8:05:01 PM] [Info] Read 764 of 2378 asset file contents into memory...
[19/04/2026 8:05:01 PM] [Info] Loaded 764 of 2378 assets...
[19/04/2026 8:05:01 PM] [Info] Read 768 of 2378 asset file contents into memory...
[19/04/2026 8:05:01 PM] [Info] Loaded 768 of 2378 assets...
[19/04/2026 8:05:01 PM] [Info] Read 773 of 2378 asset file contents into memory...
[19/04/2026 8:05:01 PM] [Info] Loaded 773 of 2378 assets...
[19/04/2026 8:05:01 PM] [Info] Read 776 of 2378 asset file contents into memory...
[19/04/2026 8:05:01 PM] [Info] Loaded 776 of 2378 assets...
[19/04/2026 8:05:01 PM] [Info] Read 781 of 2378 asset file contents into memory...
[19/04/2026 8:05:01 PM] [Info] Loaded 781 of 2378 assets...
[19/04/2026 8:05:01 PM] [Info] Read 785 of 2378 asset file contents into memory...
[19/04/2026 8:05:01 PM] [Info] Loaded 785 of 2378 assets...
[19/04/2026 8:05:02 PM] [Info] Read 787 of 2378 asset file contents into memory...
[19/04/2026 8:05:02 PM] [Info] Loaded 787 of 2378 assets...
[19/04/2026 8:05:02 PM] [Info] Read 791 of 2378 asset file contents into memory...
[19/04/2026 8:05:02 PM] [Info] Loaded 791 of 2378 assets...
[19/04/2026 8:05:02 PM] [Info] Read 796 of 2378 asset file contents into memory...
[19/04/2026 8:05:02 PM] [Info] Loaded 796 of 2378 assets...
[19/04/2026 8:05:02 PM] [Info] Read 801 of 2378 asset file contents into memory...
[19/04/2026 8:05:02 PM] [Info] Loaded 801 of 2378 assets...
[19/04/2026 8:05:02 PM] [Info] Read 805 of 2378 asset file contents into memory...
[19/04/2026 8:05:02 PM] [Info] Loaded 805 of 2378 assets...
[19/04/2026 8:05:02 PM] [Info] Read 809 of 2378 asset file contents into memory...
[19/04/2026 8:05:02 PM] [Info] Loaded 809 of 2378 assets...
[19/04/2026 8:05:02 PM] [Info] Read 814 of 2378 asset file contents into memory...
[19/04/2026 8:05:02 PM] [Info] Loaded 814 of 2378 assets...
[19/04/2026 8:05:02 PM] [Info] Read 819 of 2378 asset file contents into memory...
[19/04/2026 8:05:02 PM] [Info] Loaded 819 of 2378 assets...
[19/04/2026 8:05:02 PM] [Info] Read 824 of 2378 asset file contents into memory...
[19/04/2026 8:05:02 PM] [Info] Loaded 823 of 2378 assets...
[19/04/2026 8:05:02 PM] [Info] Read 828 of 2378 asset file contents into memory...
[19/04/2026 8:05:02 PM] [Info] Loaded 828 of 2378 assets...
[19/04/2026 8:05:02 PM] [Info] Read 833 of 2378 asset file contents into memory...
[19/04/2026 8:05:02 PM] [Info] Loaded 833 of 2378 assets...
[19/04/2026 8:05:02 PM] [Info] Read 837 of 2378 asset file contents into memory...
[19/04/2026 8:05:02 PM] [Info] Loaded 837 of 2378 assets...
[19/04/2026 8:05:02 PM] [Info] Read 841 of 2378 asset file contents into memory...
[19/04/2026 8:05:02 PM] [Info] Loaded 841 of 2378 assets...
[19/04/2026 8:05:02 PM] [Info] Read 846 of 2378 asset file contents into memory...
[19/04/2026 8:05:02 PM] [Info] Loaded 846 of 2378 assets...
[19/04/2026 8:05:02 PM] [Info] Read 849 of 2378 asset file contents into memory...
[19/04/2026 8:05:02 PM] [Info] Loaded 849 of 2378 assets...
[19/04/2026 8:05:02 PM] [Info] Read 852 of 2378 asset file contents into memory...
[19/04/2026 8:05:02 PM] [Info] Loaded 852 of 2378 assets...
[19/04/2026 8:05:02 PM] [Info] Read 855 of 2378 asset file contents into memory...
[19/04/2026 8:05:02 PM] [Info] Loaded 855 of 2378 assets...
[19/04/2026 8:05:02 PM] [Info] Read 858 of 2378 asset file contents into memory...
[19/04/2026 8:05:02 PM] [Info] Loaded 858 of 2378 assets...
[19/04/2026 8:05:02 PM] [Info] Read 861 of 2378 asset file contents into memory...
[19/04/2026 8:05:02 PM] [Info] Loaded 861 of 2378 assets...
[19/04/2026 8:05:02 PM] [Info] Read 864 of 2378 asset file contents into memory...
[19/04/2026 8:05:02 PM] [Info] Loaded 864 of 2378 assets...
[19/04/2026 8:05:03 PM] [Info] Read 867 of 2378 asset file contents into memory...
[19/04/2026 8:05:03 PM] [Info] Loaded 867 of 2378 assets...
[19/04/2026 8:05:03 PM] [Info] Read 870 of 2378 asset file contents into memory...
[19/04/2026 8:05:03 PM] [Info] Loaded 870 of 2378 assets...
[19/04/2026 8:05:03 PM] [Info] Read 873 of 2378 asset file contents into memory...
[19/04/2026 8:05:03 PM] [Info] Loaded 873 of 2378 assets...
[19/04/2026 8:05:03 PM] [Info] Read 876 of 2378 asset file contents into memory...
[19/04/2026 8:05:03 PM] [Info] Loaded 876 of 2378 assets...
[19/04/2026 8:05:03 PM] [Info] Read 879 of 2378 asset file contents into memory...
[19/04/2026 8:05:03 PM] [Info] Loaded 879 of 2378 assets...
[19/04/2026 8:05:03 PM] [Info] Read 883 of 2378 asset file contents into memory...
[19/04/2026 8:05:03 PM] [Info] Loaded 883 of 2378 assets...
[19/04/2026 8:05:03 PM] [Info] Read 886 of 2378 asset file contents into memory...
[19/04/2026 8:05:03 PM] [Info] Loaded 886 of 2378 assets...
[19/04/2026 8:05:03 PM] [Info] Read 889 of 2378 asset file contents into memory...
[19/04/2026 8:05:03 PM] [Info] Loaded 889 of 2378 assets...
[19/04/2026 8:05:03 PM] [Info] Read 892 of 2378 asset file contents into memory...
[19/04/2026 8:05:03 PM] [Info] Loaded 892 of 2378 assets...
[19/04/2026 8:05:03 PM] [Info] Read 896 of 2378 asset file contents into memory...
[19/04/2026 8:05:03 PM] [Info] Loaded 896 of 2378 assets...
[19/04/2026 8:05:03 PM] [Info] Read 900 of 2378 asset file contents into memory...
[19/04/2026 8:05:03 PM] [Info] Loaded 900 of 2378 assets...
[19/04/2026 8:05:03 PM] [Info] Read 903 of 2378 asset file contents into memory...
[19/04/2026 8:05:03 PM] [Info] Loaded 903 of 2378 assets...
[19/04/2026 8:05:03 PM] [Info] Read 907 of 2378 asset file contents into memory...
[19/04/2026 8:05:03 PM] [Info] Loaded 907 of 2378 assets...
[19/04/2026 8:05:03 PM] [Info] Read 910 of 2378 asset file contents into memory...
[19/04/2026 8:05:03 PM] [Info] Loaded 910 of 2378 assets...
[19/04/2026 8:05:03 PM] [Info] Read 914 of 2378 asset file contents into memory...
[19/04/2026 8:05:03 PM] [Info] Loaded 914 of 2378 assets...
[19/04/2026 8:05:03 PM] [Info] Read 918 of 2378 asset file contents into memory...
[19/04/2026 8:05:03 PM] [Info] Loaded 918 of 2378 assets...
[19/04/2026 8:05:03 PM] [Info] Read 923 of 2378 asset file contents into memory...
[19/04/2026 8:05:03 PM] [Info] Loaded 923 of 2378 assets...
[19/04/2026 8:05:03 PM] [Info] Read 927 of 2378 asset file contents into memory...
[19/04/2026 8:05:03 PM] [Info] Loaded 927 of 2378 assets...
[19/04/2026 8:05:03 PM] [Info] Read 931 of 2378 asset file contents into memory...
[19/04/2026 8:05:03 PM] [Info] Loaded 931 of 2378 assets...
[19/04/2026 8:05:03 PM] [Info] Read 935 of 2378 asset file contents into memory...
[19/04/2026 8:05:03 PM] [Info] Loaded 935 of 2378 assets...
[19/04/2026 8:05:04 PM] [Info] Read 938 of 2378 asset file contents into memory...
[19/04/2026 8:05:04 PM] [Info] Loaded 938 of 2378 assets...
[19/04/2026 8:05:04 PM] [Info] Read 942 of 2378 asset file contents into memory...
[19/04/2026 8:05:04 PM] [Info] Loaded 942 of 2378 assets...
[19/04/2026 8:05:04 PM] [Info] Read 946 of 2378 asset file contents into memory...
[19/04/2026 8:05:04 PM] [Info] Loaded 946 of 2378 assets...
[19/04/2026 8:05:04 PM] [Info] Read 950 of 2378 asset file contents into memory...
[19/04/2026 8:05:04 PM] [Info] Loaded 950 of 2378 assets...
[19/04/2026 8:05:04 PM] [Info] Read 954 of 2378 asset file contents into memory...
[19/04/2026 8:05:04 PM] [Info] Loaded 954 of 2378 assets...
[19/04/2026 8:05:04 PM] [Info] Read 958 of 2378 asset file contents into memory...
[19/04/2026 8:05:04 PM] [Info] Loaded 958 of 2378 assets...
[19/04/2026 8:05:04 PM] [Info] Read 962 of 2378 asset file contents into memory...
[19/04/2026 8:05:04 PM] [Info] Loaded 962 of 2378 assets...
[19/04/2026 8:05:04 PM] [Info] Read 967 of 2378 asset file contents into memory...
[19/04/2026 8:05:04 PM] [Info] Loaded 967 of 2378 assets...
[19/04/2026 8:05:04 PM] [Info] Read 970 of 2378 asset file contents into memory...
[19/04/2026 8:05:04 PM] [Info] Loaded 970 of 2378 assets...
[19/04/2026 8:05:04 PM] [Info] Read 974 of 2378 asset file contents into memory...
[19/04/2026 8:05:04 PM] [Info] Loaded 974 of 2378 assets...
[19/04/2026 8:05:04 PM] [Info] Read 977 of 2378 asset file contents into memory...
[19/04/2026 8:05:04 PM] [Info] Loaded 977 of 2378 assets...
[19/04/2026 8:05:04 PM] [Info] Read 980 of 2378 asset file contents into memory...
[19/04/2026 8:05:04 PM] [Info] Loaded 980 of 2378 assets...
[19/04/2026 8:05:04 PM] [Info] Read 983 of 2378 asset file contents into memory...
[19/04/2026 8:05:04 PM] [Info] Loaded 983 of 2378 assets...
[19/04/2026 8:05:04 PM] [Info] Read 986 of 2378 asset file contents into memory...
[19/04/2026 8:05:04 PM] [Info] Loaded 986 of 2378 assets...
[19/04/2026 8:05:04 PM] [Info] Read 989 of 2378 asset file contents into memory...
[19/04/2026 8:05:04 PM] [Info] Loaded 989 of 2378 assets...
[19/04/2026 8:05:04 PM] [Info] Read 993 of 2378 asset file contents into memory...
[19/04/2026 8:05:04 PM] [Info] Loaded 993 of 2378 assets...
[19/04/2026 8:05:04 PM] [Info] Read 996 of 2378 asset file contents into memory...
[19/04/2026 8:05:04 PM] [Info] Loaded 996 of 2378 assets...
[19/04/2026 8:05:04 PM] [Info] Read 1000 of 2378 asset file contents into memory...
[19/04/2026 8:05:04 PM] [Info] Loaded 1000 of 2378 assets...
[19/04/2026 8:05:04 PM] [Info] Read 1003 of 2378 asset file contents into memory...
[19/04/2026 8:05:04 PM] [Info] Loaded 1003 of 2378 assets...
[19/04/2026 8:05:04 PM] [Info] Read 1006 of 2378 asset file contents into memory...
[19/04/2026 8:05:04 PM] [Info] Loaded 1006 of 2378 assets...
[19/04/2026 8:05:05 PM] [Info] Read 1010 of 2378 asset file contents into memory...
[19/04/2026 8:05:05 PM] [Info] Loaded 1010 of 2378 assets...
[19/04/2026 8:05:05 PM] [Info] Read 1013 of 2378 asset file contents into memory...
[19/04/2026 8:05:05 PM] [Info] Loaded 1013 of 2378 assets...
[19/04/2026 8:05:05 PM] [Info] Read 1017 of 2378 asset file contents into memory...
[19/04/2026 8:05:05 PM] [Info] Loaded 1017 of 2378 assets...
[19/04/2026 8:05:05 PM] [Info] Read 1021 of 2378 asset file contents into memory...
[19/04/2026 8:05:05 PM] [Info] Loaded 1021 of 2378 assets...
[19/04/2026 8:05:05 PM] [Info] Read 1025 of 2378 asset file contents into memory...
[19/04/2026 8:05:05 PM] [Info] Loaded 1025 of 2378 assets...
[19/04/2026 8:05:05 PM] [Info] Read 1029 of 2378 asset file contents into memory...
[19/04/2026 8:05:05 PM] [Info] Loaded 1029 of 2378 assets...
[19/04/2026 8:05:05 PM] [Info] Read 1033 of 2378 asset file contents into memory...
[19/04/2026 8:05:05 PM] [Info] Loaded 1033 of 2378 assets...
[19/04/2026 8:05:05 PM] [Info] Read 1037 of 2378 asset file contents into memory...
[19/04/2026 8:05:05 PM] [Info] Loaded 1037 of 2378 assets...
[19/04/2026 8:05:05 PM] [Info] Read 1041 of 2378 asset file contents into memory...
[19/04/2026 8:05:05 PM] [Info] Loaded 1041 of 2378 assets...
[19/04/2026 8:05:05 PM] [Info] Read 1045 of 2378 asset file contents into memory...
[19/04/2026 8:05:05 PM] [Info] Loaded 1045 of 2378 assets...
[19/04/2026 8:05:05 PM] [Info] Read 1049 of 2378 asset file contents into memory...
[19/04/2026 8:05:05 PM] [Info] Loaded 1049 of 2378 assets...
[19/04/2026 8:05:05 PM] [Info] Read 1054 of 2378 asset file contents into memory...
[19/04/2026 8:05:05 PM] [Info] Loaded 1054 of 2378 assets...
[19/04/2026 8:05:05 PM] [Info] Read 1059 of 2378 asset file contents into memory...
[19/04/2026 8:05:05 PM] [Info] Loaded 1059 of 2378 assets...
[19/04/2026 8:05:05 PM] [Info] Read 1064 of 2378 asset file contents into memory...
[19/04/2026 8:05:05 PM] [Info] Loaded 1064 of 2378 assets...
[19/04/2026 8:05:05 PM] [Info] Read 1069 of 2378 asset file contents into memory...
[19/04/2026 8:05:05 PM] [Info] Loaded 1069 of 2378 assets...
[19/04/2026 8:05:05 PM] [Info] Read 1073 of 2378 asset file contents into memory...
[19/04/2026 8:05:05 PM] [Info] Loaded 1073 of 2378 assets...
[19/04/2026 8:05:05 PM] [Info] Read 1078 of 2378 asset file contents into memory...
[19/04/2026 8:05:05 PM] [Info] Loaded 1078 of 2378 assets...
[19/04/2026 8:05:05 PM] [Info] Read 1083 of 2378 asset file contents into memory...
[19/04/2026 8:05:05 PM] [Info] Loaded 1083 of 2378 assets...
[19/04/2026 8:05:05 PM] [Info] Read 1088 of 2378 asset file contents into memory...
[19/04/2026 8:05:05 PM] [Info] Loaded 1088 of 2378 assets...
[19/04/2026 8:05:05 PM] [Info] Read 1093 of 2378 asset file contents into memory...
[19/04/2026 8:05:05 PM] [Info] Loaded 1093 of 2378 assets...
[19/04/2026 8:05:06 PM] [Info] Read 1098 of 2378 asset file contents into memory...
[19/04/2026 8:05:06 PM] [Info] Loaded 1098 of 2378 assets...
[19/04/2026 8:05:06 PM] [Info] Read 1103 of 2378 asset file contents into memory...
[19/04/2026 8:05:06 PM] [Info] Loaded 1103 of 2378 assets...
[19/04/2026 8:05:06 PM] [Info] Read 1108 of 2378 asset file contents into memory...
[19/04/2026 8:05:06 PM] [Info] Loaded 1108 of 2378 assets...
[19/04/2026 8:05:06 PM] [Info] Read 1113 of 2378 asset file contents into memory...
[19/04/2026 8:05:06 PM] [Info] Loaded 1113 of 2378 assets...
[19/04/2026 8:05:06 PM] [Info] Read 1117 of 2378 asset file contents into memory...
[19/04/2026 8:05:06 PM] [Info] Loaded 1117 of 2378 assets...
[19/04/2026 8:05:06 PM] [Info] Read 1122 of 2378 asset file contents into memory...
[19/04/2026 8:05:06 PM] [Info] Loaded 1122 of 2378 assets...
[19/04/2026 8:05:06 PM] [Info] Read 1127 of 2378 asset file contents into memory...
[19/04/2026 8:05:06 PM] [Info] Loaded 1127 of 2378 assets...
[19/04/2026 8:05:06 PM] [Info] Read 1132 of 2378 asset file contents into memory...
[19/04/2026 8:05:06 PM] [Info] Loaded 1132 of 2378 assets...
[19/04/2026 8:05:06 PM] [Info] Read 1137 of 2378 asset file contents into memory...
[19/04/2026 8:05:06 PM] [Info] Loaded 1137 of 2378 assets...
[19/04/2026 8:05:06 PM] [Info] Read 1142 of 2378 asset file contents into memory...
[19/04/2026 8:05:06 PM] [Info] Loaded 1142 of 2378 assets...
[19/04/2026 8:05:06 PM] [Info] Read 1146 of 2378 asset file contents into memory...
[19/04/2026 8:05:06 PM] [Info] Loaded 1146 of 2378 assets...
[19/04/2026 8:05:06 PM] [Info] Read 1149 of 2378 asset file contents into memory...
[19/04/2026 8:05:06 PM] [Info] Loaded 1149 of 2378 assets...
[19/04/2026 8:05:06 PM] [Info] Read 1153 of 2378 asset file contents into memory...
[19/04/2026 8:05:06 PM] [Info] Loaded 1153 of 2378 assets...
[19/04/2026 8:05:06 PM] [Info] Read 1157 of 2378 asset file contents into memory...
[19/04/2026 8:05:06 PM] [Info] Loaded 1157 of 2378 assets...
[19/04/2026 8:05:06 PM] [Info] Read 1160 of 2378 asset file contents into memory...
[19/04/2026 8:05:06 PM] [Info] Loaded 1160 of 2378 assets...
[19/04/2026 8:05:06 PM] [Info] Read 1164 of 2378 asset file contents into memory...
[19/04/2026 8:05:06 PM] [Info] Loaded 1164 of 2378 assets...
[19/04/2026 8:05:06 PM] [Info] Read 1167 of 2378 asset file contents into memory...
[19/04/2026 8:05:06 PM] [Info] Loaded 1167 of 2378 assets...
[19/04/2026 8:05:06 PM] [Info] Read 1171 of 2378 asset file contents into memory...
[19/04/2026 8:05:06 PM] [Info] Loaded 1171 of 2378 assets...
[19/04/2026 8:05:06 PM] [Info] Read 1175 of 2378 asset file contents into memory...
[19/04/2026 8:05:06 PM] [Info] Loaded 1175 of 2378 assets...
[19/04/2026 8:05:06 PM] [Info] Read 1179 of 2378 asset file contents into memory...
[19/04/2026 8:05:06 PM] [Info] Loaded 1179 of 2378 assets...
[19/04/2026 8:05:07 PM] [Info] Read 1183 of 2378 asset file contents into memory...
[19/04/2026 8:05:07 PM] [Info] Loaded 1183 of 2378 assets...
[19/04/2026 8:05:07 PM] [Info] Read 1186 of 2378 asset file contents into memory...
[19/04/2026 8:05:07 PM] [Info] Loaded 1186 of 2378 assets...
[19/04/2026 8:05:07 PM] [Info] Read 1190 of 2378 asset file contents into memory...
[19/04/2026 8:05:07 PM] [Info] Loaded 1190 of 2378 assets...
[19/04/2026 8:05:07 PM] [Info] Read 1194 of 2378 asset file contents into memory...
[19/04/2026 8:05:07 PM] [Info] Loaded 1194 of 2378 assets...
[19/04/2026 8:05:07 PM] [Info] Read 1198 of 2378 asset file contents into memory...
[19/04/2026 8:05:07 PM] [Info] Loaded 1198 of 2378 assets...
[19/04/2026 8:05:07 PM] [Info] Read 1202 of 2378 asset file contents into memory...
[19/04/2026 8:05:07 PM] [Info] Loaded 1202 of 2378 assets...
[19/04/2026 8:05:07 PM] [Info] Read 1206 of 2378 asset file contents into memory...
[19/04/2026 8:05:07 PM] [Info] Loaded 1206 of 2378 assets...
[19/04/2026 8:05:07 PM] [Info] Read 1210 of 2378 asset file contents into memory...
[19/04/2026 8:05:07 PM] [Info] Loaded 1210 of 2378 assets...
[19/04/2026 8:05:07 PM] [Info] Read 1214 of 2378 asset file contents into memory...
[19/04/2026 8:05:07 PM] [Info] Loaded 1214 of 2378 assets...
[19/04/2026 8:05:07 PM] [Info] Read 1218 of 2378 asset file contents into memory...
[19/04/2026 8:05:07 PM] [Info] Loaded 1218 of 2378 assets...
[19/04/2026 8:05:07 PM] [Info] Read 1222 of 2378 asset file contents into memory...
[19/04/2026 8:05:07 PM] [Info] Loaded 1222 of 2378 assets...
[19/04/2026 8:05:07 PM] [Info] Read 1225 of 2378 asset file contents into memory...
[19/04/2026 8:05:07 PM] [Info] Loaded 1225 of 2378 assets...
[19/04/2026 8:05:07 PM] [Info] Read 1229 of 2378 asset file contents into memory...
[19/04/2026 8:05:07 PM] [Info] Loaded 1229 of 2378 assets...
[19/04/2026 8:05:07 PM] [Info] Read 1233 of 2378 asset file contents into memory...
[19/04/2026 8:05:07 PM] [Info] Loaded 1233 of 2378 assets...
[19/04/2026 8:05:07 PM] [Info] Read 1237 of 2378 asset file contents into memory...
[19/04/2026 8:05:07 PM] [Info] Loaded 1237 of 2378 assets...
[19/04/2026 8:05:07 PM] [Info] Read 1241 of 2378 asset file contents into memory...
[19/04/2026 8:05:07 PM] [Info] Loaded 1241 of 2378 assets...
[19/04/2026 8:05:07 PM] [Info] Read 1246 of 2378 asset file contents into memory...
[19/04/2026 8:05:07 PM] [Info] Loaded 1246 of 2378 assets...
[19/04/2026 8:05:07 PM] [Info] Read 1250 of 2378 asset file contents into memory...
[19/04/2026 8:05:07 PM] [Info] Loaded 1250 of 2378 assets...
[19/04/2026 8:05:08 PM] [Info] Read 1254 of 2378 asset file contents into memory...
[19/04/2026 8:05:08 PM] [Info] Loaded 1254 of 2378 assets...
[19/04/2026 8:05:08 PM] [Info] Read 1259 of 2378 asset file contents into memory...
[19/04/2026 8:05:08 PM] [Info] Loaded 1259 of 2378 assets...
[19/04/2026 8:05:08 PM] [Info] Read 1263 of 2378 asset file contents into memory...
[19/04/2026 8:05:08 PM] [Info] Loaded 1263 of 2378 assets...
[19/04/2026 8:05:08 PM] [Info] Read 1267 of 2378 asset file contents into memory...
[19/04/2026 8:05:08 PM] [Info] Loaded 1267 of 2378 assets...
[19/04/2026 8:05:08 PM] [Info] Read 1272 of 2378 asset file contents into memory...
[19/04/2026 8:05:08 PM] [Info] Loaded 1272 of 2378 assets...
[19/04/2026 8:05:08 PM] [Info] Read 1277 of 2378 asset file contents into memory...
[19/04/2026 8:05:08 PM] [Info] Loaded 1277 of 2378 assets...
[19/04/2026 8:05:08 PM] [Info] Read 1282 of 2378 asset file contents into memory...
[19/04/2026 8:05:08 PM] [Info] Loaded 1282 of 2378 assets...
[19/04/2026 8:05:08 PM] [Info] Read 1287 of 2378 asset file contents into memory...
[19/04/2026 8:05:08 PM] [Info] Loaded 1287 of 2378 assets...
[19/04/2026 8:05:08 PM] [Info] Read 1292 of 2378 asset file contents into memory...
[19/04/2026 8:05:08 PM] [Info] Loaded 1292 of 2378 assets...
[19/04/2026 8:05:08 PM] [Info] Read 1296 of 2378 asset file contents into memory...
[19/04/2026 8:05:08 PM] [Info] Loaded 1296 of 2378 assets...
[19/04/2026 8:05:08 PM] [Info] Read 1301 of 2378 asset file contents into memory...
[19/04/2026 8:05:08 PM] [Info] Loaded 1301 of 2378 assets...
[19/04/2026 8:05:08 PM] [Info] Read 1306 of 2378 asset file contents into memory...
[19/04/2026 8:05:08 PM] [Info] Loaded 1306 of 2378 assets...
[19/04/2026 8:05:08 PM] [Info] Read 1311 of 2378 asset file contents into memory...
[19/04/2026 8:05:08 PM] [Info] Loaded 1311 of 2378 assets...
[19/04/2026 8:05:08 PM] [Info] Read 1316 of 2378 asset file contents into memory...
[19/04/2026 8:05:08 PM] [Info] Loaded 1316 of 2378 assets...
[19/04/2026 8:05:08 PM] [Info] Read 1321 of 2378 asset file contents into memory...
[19/04/2026 8:05:08 PM] [Info] Loaded 1321 of 2378 assets...
[19/04/2026 8:05:08 PM] [Info] Read 1326 of 2378 asset file contents into memory...
[19/04/2026 8:05:08 PM] [Info] Loaded 1326 of 2378 assets...
[19/04/2026 8:05:08 PM] [Info] Read 1331 of 2378 asset file contents into memory...
[19/04/2026 8:05:08 PM] [Info] Loaded 1331 of 2378 assets...
[19/04/2026 8:05:08 PM] [Info] Read 1336 of 2378 asset file contents into memory...
[19/04/2026 8:05:08 PM] [Info] Loaded 1336 of 2378 assets...
[19/04/2026 8:05:08 PM] [Info] Read 1341 of 2378 asset file contents into memory...
[19/04/2026 8:05:08 PM] [Info] Loaded 1341 of 2378 assets...
[19/04/2026 8:05:08 PM] [Info] Read 1346 of 2378 asset file contents into memory...
[19/04/2026 8:05:08 PM] [Info] Loaded 1346 of 2378 assets...
[19/04/2026 8:05:09 PM] [Info] Read 1350 of 2378 asset file contents into memory...
[19/04/2026 8:05:09 PM] [Info] Loaded 1350 of 2378 assets...
[19/04/2026 8:05:09 PM] [Info] Read 1355 of 2378 asset file contents into memory...
[19/04/2026 8:05:09 PM] [Info] Loaded 1355 of 2378 assets...
[19/04/2026 8:05:09 PM] [Info] Read 1358 of 2378 asset file contents into memory...
[19/04/2026 8:05:09 PM] [Info] Loaded 1358 of 2378 assets...
[19/04/2026 8:05:09 PM] [Info] Read 1362 of 2378 asset file contents into memory...
[19/04/2026 8:05:09 PM] [Info] Loaded 1362 of 2378 assets...
[19/04/2026 8:05:09 PM] [Info] Read 1366 of 2378 asset file contents into memory...
[19/04/2026 8:05:09 PM] [Info] Loaded 1366 of 2378 assets...
[19/04/2026 8:05:09 PM] [Info] Read 1370 of 2378 asset file contents into memory...
[19/04/2026 8:05:09 PM] [Info] Loaded 1370 of 2378 assets...
[19/04/2026 8:05:09 PM] [Info] Read 1374 of 2378 asset file contents into memory...
[19/04/2026 8:05:09 PM] [Info] Loaded 1374 of 2378 assets...
[19/04/2026 8:05:09 PM] [Info] Read 1377 of 2378 asset file contents into memory...
[19/04/2026 8:05:09 PM] [Info] Loaded 1377 of 2378 assets...
[19/04/2026 8:05:09 PM] [Info] Read 1381 of 2378 asset file contents into memory...
[19/04/2026 8:05:09 PM] [Info] Loaded 1381 of 2378 assets...
[19/04/2026 8:05:09 PM] [Info] Read 1385 of 2378 asset file contents into memory...
[19/04/2026 8:05:09 PM] [Info] Loaded 1385 of 2378 assets...
[19/04/2026 8:05:09 PM] [Info] Read 1389 of 2378 asset file contents into memory...
[19/04/2026 8:05:09 PM] [Info] Loaded 1389 of 2378 assets...
[19/04/2026 8:05:09 PM] [Info] Read 1392 of 2378 asset file contents into memory...
[19/04/2026 8:05:09 PM] [Info] Loaded 1392 of 2378 assets...
[19/04/2026 8:05:09 PM] [Info] Read 1395 of 2378 asset file contents into memory...
[19/04/2026 8:05:09 PM] [Info] Loaded 1395 of 2378 assets...
[19/04/2026 8:05:09 PM] [Info] Read 1399 of 2378 asset file contents into memory...
[19/04/2026 8:05:09 PM] [Info] Loaded 1399 of 2378 assets...
[19/04/2026 8:05:09 PM] [Info] Read 1403 of 2378 asset file contents into memory...
[19/04/2026 8:05:09 PM] [Info] Loaded 1403 of 2378 assets...
[19/04/2026 8:05:09 PM] [Info] Read 1407 of 2378 asset file contents into memory...
[19/04/2026 8:05:09 PM] [Info] Loaded 1407 of 2378 assets...
[19/04/2026 8:05:09 PM] [Info] Read 1411 of 2378 asset file contents into memory...
[19/04/2026 8:05:09 PM] [Info] Loaded 1411 of 2378 assets...
[19/04/2026 8:05:09 PM] [Info] Read 1415 of 2378 asset file contents into memory...
[19/04/2026 8:05:09 PM] [Info] Loaded 1415 of 2378 assets...
[19/04/2026 8:05:09 PM] [Info] Read 1419 of 2378 asset file contents into memory...
[19/04/2026 8:05:09 PM] [Info] Loaded 1419 of 2378 assets...
[19/04/2026 8:05:09 PM] [Info] Read 1422 of 2378 asset file contents into memory...
[19/04/2026 8:05:09 PM] [Info] Loaded 1422 of 2378 assets...
[19/04/2026 8:05:10 PM] [Info] Read 1426 of 2378 asset file contents into memory...
[19/04/2026 8:05:10 PM] [Info] Loaded 1426 of 2378 assets...
[19/04/2026 8:05:10 PM] [Info] Read 1430 of 2378 asset file contents into memory...
[19/04/2026 8:05:10 PM] [Info] Loaded 1430 of 2378 assets...
[19/04/2026 8:05:10 PM] [Info] Read 1434 of 2378 asset file contents into memory...
[19/04/2026 8:05:10 PM] [Info] Loaded 1434 of 2378 assets...
[19/04/2026 8:05:10 PM] [Info] Read 1437 of 2378 asset file contents into memory...
[19/04/2026 8:05:10 PM] [Info] Loaded 1437 of 2378 assets...
[19/04/2026 8:05:10 PM] [Info] Read 1441 of 2378 asset file contents into memory...
[19/04/2026 8:05:10 PM] [Info] Loaded 1441 of 2378 assets...
[19/04/2026 8:05:10 PM] [Info] Read 1445 of 2378 asset file contents into memory...
[19/04/2026 8:05:10 PM] [Info] Loaded 1445 of 2378 assets...
[19/04/2026 8:05:10 PM] [Info] Read 1449 of 2378 asset file contents into memory...
[19/04/2026 8:05:10 PM] [Info] Loaded 1449 of 2378 assets...
[19/04/2026 8:05:10 PM] [Info] Read 1453 of 2378 asset file contents into memory...
[19/04/2026 8:05:10 PM] [Info] Loaded 1453 of 2378 assets...
[19/04/2026 8:05:10 PM] [Info] Read 1457 of 2378 asset file contents into memory...
[19/04/2026 8:05:10 PM] [Info] Loaded 1457 of 2378 assets...
[19/04/2026 8:05:10 PM] [Info] Read 1461 of 2378 asset file contents into memory...
[19/04/2026 8:05:10 PM] [Info] Loaded 1461 of 2378 assets...
[19/04/2026 8:05:10 PM] [Info] Read 1464 of 2378 asset file contents into memory...
[19/04/2026 8:05:10 PM] [Info] Loaded 1464 of 2378 assets...
[19/04/2026 8:05:10 PM] [Info] Read 1468 of 2378 asset file contents into memory...
[19/04/2026 8:05:10 PM] [Info] Loaded 1468 of 2378 assets...
[19/04/2026 8:05:10 PM] [Info] Read 1471 of 2378 asset file contents into memory...
[19/04/2026 8:05:10 PM] [Info] Loaded 1471 of 2378 assets...
[19/04/2026 8:05:10 PM] [Info] Read 1475 of 2378 asset file contents into memory...
[19/04/2026 8:05:10 PM] [Info] Loaded 1475 of 2378 assets...
[19/04/2026 8:05:10 PM] [Info] Read 1479 of 2378 asset file contents into memory...
[19/04/2026 8:05:10 PM] [Info] Loaded 1479 of 2378 assets...
[19/04/2026 8:05:10 PM] [Info] Read 1483 of 2378 asset file contents into memory...
[19/04/2026 8:05:10 PM] [Info] Loaded 1483 of 2378 assets...
[19/04/2026 8:05:10 PM] [Info] Read 1487 of 2378 asset file contents into memory...
[19/04/2026 8:05:10 PM] [Info] Loaded 1487 of 2378 assets...
[19/04/2026 8:05:10 PM] [Info] Read 1490 of 2378 asset file contents into memory...
[19/04/2026 8:05:10 PM] [Info] Loaded 1490 of 2378 assets...
[19/04/2026 8:05:10 PM] [Info] Read 1494 of 2378 asset file contents into memory...
[19/04/2026 8:05:10 PM] [Info] Loaded 1494 of 2378 assets...
[19/04/2026 8:05:10 PM] [Info] Read 1497 of 2378 asset file contents into memory...
[19/04/2026 8:05:10 PM] [Info] Loaded 1497 of 2378 assets...
[19/04/2026 8:05:11 PM] [Info] Read 1501 of 2378 asset file contents into memory...
[19/04/2026 8:05:11 PM] [Info] Loaded 1501 of 2378 assets...
[19/04/2026 8:05:11 PM] [Info] Read 1505 of 2378 asset file contents into memory...
[19/04/2026 8:05:11 PM] [Info] Loaded 1505 of 2378 assets...
[19/04/2026 8:05:11 PM] [Info] Read 1508 of 2378 asset file contents into memory...
[19/04/2026 8:05:11 PM] [Info] Loaded 1508 of 2378 assets...
[19/04/2026 8:05:11 PM] [Info] Read 1512 of 2378 asset file contents into memory...
[19/04/2026 8:05:11 PM] [Info] Loaded 1512 of 2378 assets...
[19/04/2026 8:05:11 PM] [Info] Read 1516 of 2378 asset file contents into memory...
[19/04/2026 8:05:11 PM] [Info] Loaded 1516 of 2378 assets...
[19/04/2026 8:05:11 PM] [Info] Read 1519 of 2378 asset file contents into memory...
[19/04/2026 8:05:11 PM] [Info] Loaded 1519 of 2378 assets...
[19/04/2026 8:05:11 PM] [Info] Read 1523 of 2378 asset file contents into memory...
[19/04/2026 8:05:11 PM] [Info] Loaded 1523 of 2378 assets...
[19/04/2026 8:05:11 PM] [Info] Read 1527 of 2378 asset file contents into memory...
[19/04/2026 8:05:11 PM] [Info] Loaded 1527 of 2378 assets...
[19/04/2026 8:05:11 PM] [Info] Read 1531 of 2378 asset file contents into memory...
[19/04/2026 8:05:11 PM] [Info] Loaded 1531 of 2378 assets...
[19/04/2026 8:05:11 PM] [Info] Read 1534 of 2378 asset file contents into memory...
[19/04/2026 8:05:11 PM] [Info] Loaded 1534 of 2378 assets...
[19/04/2026 8:05:11 PM] [Info] Read 1538 of 2378 asset file contents into memory...
[19/04/2026 8:05:11 PM] [Info] Loaded 1538 of 2378 assets...
[19/04/2026 8:05:11 PM] [Info] Read 1542 of 2378 asset file contents into memory...
[19/04/2026 8:05:11 PM] [Info] Loaded 1542 of 2378 assets...
[19/04/2026 8:05:11 PM] [Info] Read 1545 of 2378 asset file contents into memory...
[19/04/2026 8:05:11 PM] [Info] Loaded 1545 of 2378 assets...
[19/04/2026 8:05:11 PM] [Info] Read 1549 of 2378 asset file contents into memory...
[19/04/2026 8:05:11 PM] [Info] Loaded 1549 of 2378 assets...
[19/04/2026 8:05:11 PM] [Info] Read 1553 of 2378 asset file contents into memory...
[19/04/2026 8:05:11 PM] [Info] Loaded 1553 of 2378 assets...
[19/04/2026 8:05:11 PM] [Info] Read 1556 of 2378 asset file contents into memory...
[19/04/2026 8:05:11 PM] [Info] Loaded 1556 of 2378 assets...
[19/04/2026 8:05:11 PM] [Info] Read 1560 of 2378 asset file contents into memory...
[19/04/2026 8:05:11 PM] [Info] Loaded 1560 of 2378 assets...
[19/04/2026 8:05:11 PM] [Info] Read 1563 of 2378 asset file contents into memory...
[19/04/2026 8:05:11 PM] [Info] Loaded 1563 of 2378 assets...
[19/04/2026 8:05:11 PM] [Info] Read 1567 of 2378 asset file contents into memory...
[19/04/2026 8:05:11 PM] [Info] Loaded 1567 of 2378 assets...
[19/04/2026 8:05:11 PM] [Info] Read 1571 of 2378 asset file contents into memory...
[19/04/2026 8:05:11 PM] [Info] Loaded 1571 of 2378 assets...
[19/04/2026 8:05:12 PM] [Info] Read 1575 of 2378 asset file contents into memory...
[19/04/2026 8:05:12 PM] [Info] Loaded 1575 of 2378 assets...
[19/04/2026 8:05:12 PM] [Info] Read 1578 of 2378 asset file contents into memory...
[19/04/2026 8:05:12 PM] [Info] Loaded 1578 of 2378 assets...
[19/04/2026 8:05:12 PM] [Info] Read 1582 of 2378 asset file contents into memory...
[19/04/2026 8:05:12 PM] [Info] Loaded 1582 of 2378 assets...
[19/04/2026 8:05:12 PM] [Info] Read 1585 of 2378 asset file contents into memory...
[19/04/2026 8:05:12 PM] [Info] Loaded 1585 of 2378 assets...
[19/04/2026 8:05:12 PM] [Info] Read 1589 of 2378 asset file contents into memory...
[19/04/2026 8:05:12 PM] [Info] Loaded 1589 of 2378 assets...
[19/04/2026 8:05:12 PM] [Info] Read 1593 of 2378 asset file contents into memory...
[19/04/2026 8:05:12 PM] [Info] Loaded 1593 of 2378 assets...
[19/04/2026 8:05:12 PM] [Info] Read 1597 of 2378 asset file contents into memory...
[19/04/2026 8:05:12 PM] [Info] Loaded 1597 of 2378 assets...
[19/04/2026 8:05:12 PM] [Info] Read 1601 of 2378 asset file contents into memory...
[19/04/2026 8:05:12 PM] [Info] Loaded 1601 of 2378 assets...
[19/04/2026 8:05:12 PM] [Info] Read 1605 of 2378 asset file contents into memory...
[19/04/2026 8:05:12 PM] [Info] Loaded 1605 of 2378 assets...
[19/04/2026 8:05:12 PM] [Info] Read 1609 of 2378 asset file contents into memory...
[19/04/2026 8:05:12 PM] [Info] Loaded 1609 of 2378 assets...
[19/04/2026 8:05:12 PM] [Info] Read 1614 of 2378 asset file contents into memory...
[19/04/2026 8:05:12 PM] [Info] Loaded 1614 of 2378 assets...
[19/04/2026 8:05:12 PM] [Info] Read 1618 of 2378 asset file contents into memory...
[19/04/2026 8:05:12 PM] [Info] Loaded 1618 of 2378 assets...
[19/04/2026 8:05:12 PM] [Info] Read 1622 of 2378 asset file contents into memory...
[19/04/2026 8:05:12 PM] [Info] Loaded 1622 of 2378 assets...
[19/04/2026 8:05:12 PM] [Info] Read 1626 of 2378 asset file contents into memory...
[19/04/2026 8:05:12 PM] [Info] Loaded 1626 of 2378 assets...
[19/04/2026 8:05:12 PM] [Info] Read 1631 of 2378 asset file contents into memory...
[19/04/2026 8:05:12 PM] [Info] Loaded 1631 of 2378 assets...
[19/04/2026 8:05:12 PM] [Info] Read 1635 of 2378 asset file contents into memory...
[19/04/2026 8:05:12 PM] [Info] Loaded 1635 of 2378 assets...
[19/04/2026 8:05:12 PM] [Info] Read 1639 of 2378 asset file contents into memory...
[19/04/2026 8:05:12 PM] [Info] Loaded 1639 of 2378 assets...
[19/04/2026 8:05:12 PM] [Info] Read 1644 of 2378 asset file contents into memory...
[19/04/2026 8:05:12 PM] [Info] Loaded 1644 of 2378 assets...
[19/04/2026 8:05:12 PM] [Info] Read 1649 of 2378 asset file contents into memory...
[19/04/2026 8:05:12 PM] [Info] Loaded 1649 of 2378 assets...
[19/04/2026 8:05:12 PM] [Info] Read 1653 of 2378 asset file contents into memory...
[19/04/2026 8:05:12 PM] [Info] Loaded 1653 of 2378 assets...
[19/04/2026 8:05:13 PM] [Info] Read 1657 of 2378 asset file contents into memory...
[19/04/2026 8:05:13 PM] [Info] Loaded 1657 of 2378 assets...
[19/04/2026 8:05:13 PM] [Info] Read 1660 of 2378 asset file contents into memory...
[19/04/2026 8:05:13 PM] [Info] Loaded 1660 of 2378 assets...
[19/04/2026 8:05:13 PM] [Info] Read 1664 of 2378 asset file contents into memory...
[19/04/2026 8:05:13 PM] [Info] Loaded 1664 of 2378 assets...
[19/04/2026 8:05:13 PM] [Info] Read 1668 of 2378 asset file contents into memory...
[19/04/2026 8:05:13 PM] [Info] Loaded 1668 of 2378 assets...
[19/04/2026 8:05:13 PM] [Info] Read 1671 of 2378 asset file contents into memory...
[19/04/2026 8:05:13 PM] [Info] Loaded 1671 of 2378 assets...
[19/04/2026 8:05:13 PM] [Info] Read 1675 of 2378 asset file contents into memory...
[19/04/2026 8:05:13 PM] [Info] Loaded 1675 of 2378 assets...
[19/04/2026 8:05:13 PM] [Info] Read 1678 of 2378 asset file contents into memory...
[19/04/2026 8:05:13 PM] [Info] Loaded 1678 of 2378 assets...
[19/04/2026 8:05:13 PM] [Info] Read 1682 of 2378 asset file contents into memory...
[19/04/2026 8:05:13 PM] [Info] Loaded 1682 of 2378 assets...
[19/04/2026 8:05:13 PM] [Info] Read 1685 of 2378 asset file contents into memory...
[19/04/2026 8:05:13 PM] [Info] Loaded 1685 of 2378 assets...
[19/04/2026 8:05:13 PM] [Info] Read 1689 of 2378 asset file contents into memory...
[19/04/2026 8:05:13 PM] [Info] Loaded 1689 of 2378 assets...
[19/04/2026 8:05:13 PM] [Info] Read 1693 of 2378 asset file contents into memory...
[19/04/2026 8:05:13 PM] [Info] Loaded 1693 of 2378 assets...
[19/04/2026 8:05:13 PM] [Info] Read 1696 of 2378 asset file contents into memory...
[19/04/2026 8:05:13 PM] [Info] Loaded 1696 of 2378 assets...
[19/04/2026 8:05:13 PM] [Info] Read 1700 of 2378 asset file contents into memory...
[19/04/2026 8:05:13 PM] [Info] Loaded 1700 of 2378 assets...
[19/04/2026 8:05:13 PM] [Info] Read 1704 of 2378 asset file contents into memory...
[19/04/2026 8:05:13 PM] [Info] Loaded 1704 of 2378 assets...
[19/04/2026 8:05:13 PM] [Info] Read 1709 of 2378 asset file contents into memory...
[19/04/2026 8:05:13 PM] [Info] Loaded 1709 of 2378 assets...
[19/04/2026 8:05:13 PM] [Info] Read 1713 of 2378 asset file contents into memory...
[19/04/2026 8:05:13 PM] [Info] Loaded 1713 of 2378 assets...
[19/04/2026 8:05:13 PM] [Info] Read 1718 of 2378 asset file contents into memory...
[19/04/2026 8:05:13 PM] [Info] Loaded 1718 of 2378 assets...
[19/04/2026 8:05:13 PM] [Info] Read 1722 of 2378 asset file contents into memory...
[19/04/2026 8:05:13 PM] [Info] Loaded 1722 of 2378 assets...
[19/04/2026 8:05:13 PM] [Info] Read 1727 of 2378 asset file contents into memory...
[19/04/2026 8:05:13 PM] [Info] Loaded 1727 of 2378 assets...
[19/04/2026 8:05:13 PM] [Info] Read 1731 of 2378 asset file contents into memory...
[19/04/2026 8:05:13 PM] [Info] Loaded 1731 of 2378 assets...
[19/04/2026 8:05:14 PM] [Info] Read 1736 of 2378 asset file contents into memory...
[19/04/2026 8:05:14 PM] [Info] Loaded 1736 of 2378 assets...
[19/04/2026 8:05:14 PM] [Info] Read 1741 of 2378 asset file contents into memory...
[19/04/2026 8:05:14 PM] [Info] Loaded 1741 of 2378 assets...
[19/04/2026 8:05:14 PM] [Info] Read 1745 of 2378 asset file contents into memory...
[19/04/2026 8:05:14 PM] [Info] Loaded 1745 of 2378 assets...
[19/04/2026 8:05:14 PM] [Info] Read 1750 of 2378 asset file contents into memory...
[19/04/2026 8:05:14 PM] [Info] Loaded 1750 of 2378 assets...
[19/04/2026 8:05:14 PM] [Info] Read 1756 of 2378 asset file contents into memory...
[19/04/2026 8:05:14 PM] [Info] Loaded 1756 of 2378 assets...
[19/04/2026 8:05:14 PM] [Info] Read 1766 of 2378 asset file contents into memory...
[19/04/2026 8:05:14 PM] [Info] Loaded 1766 of 2378 assets...
[19/04/2026 8:05:14 PM] [Info] Read 1775 of 2378 asset file contents into memory...
[19/04/2026 8:05:14 PM] [Info] Loaded 1775 of 2378 assets...
[19/04/2026 8:05:14 PM] [Info] Read 1785 of 2378 asset file contents into memory...
[19/04/2026 8:05:14 PM] [Info] Loaded 1785 of 2378 assets...
[19/04/2026 8:05:14 PM] [Info] Read 1795 of 2378 asset file contents into memory...
[19/04/2026 8:05:14 PM] [Info] Loaded 1795 of 2378 assets...
[19/04/2026 8:05:14 PM] [Info] Read 1805 of 2378 asset file contents into memory...
[19/04/2026 8:05:14 PM] [Info] Loaded 1805 of 2378 assets...
[19/04/2026 8:05:14 PM] [Info] Read 1814 of 2378 asset file contents into memory...
[19/04/2026 8:05:14 PM] [Info] Loaded 1814 of 2378 assets...
[19/04/2026 8:05:14 PM] [Info] Read 1823 of 2378 asset file contents into memory...
[19/04/2026 8:05:14 PM] [Info] Loaded 1823 of 2378 assets...
[19/04/2026 8:05:14 PM] [Info] Read 1832 of 2378 asset file contents into memory...
[19/04/2026 8:05:14 PM] [Info] Loaded 1832 of 2378 assets...
[19/04/2026 8:05:14 PM] [Info] Read 1841 of 2378 asset file contents into memory...
[19/04/2026 8:05:14 PM] [Info] Loaded 1841 of 2378 assets...
[19/04/2026 8:05:14 PM] [Info] Read 1850 of 2378 asset file contents into memory...
[19/04/2026 8:05:14 PM] [Info] Loaded 1850 of 2378 assets...
[19/04/2026 8:05:14 PM] [Info] Read 1859 of 2378 asset file contents into memory...
[19/04/2026 8:05:14 PM] [Info] Loaded 1859 of 2378 assets...
[19/04/2026 8:05:14 PM] [Info] Read 1868 of 2378 asset file contents into memory...
[19/04/2026 8:05:14 PM] [Info] Loaded 1868 of 2378 assets...
[19/04/2026 8:05:14 PM] [Info] Read 1877 of 2378 asset file contents into memory...
[19/04/2026 8:05:14 PM] [Info] Loaded 1877 of 2378 assets...
[19/04/2026 8:05:14 PM] [Info] Read 1886 of 2378 asset file contents into memory...
[19/04/2026 8:05:14 PM] [Info] Loaded 1886 of 2378 assets...
[19/04/2026 8:05:14 PM] [Info] Read 1891 of 2378 asset file contents into memory...
[19/04/2026 8:05:14 PM] [Info] Loaded 1891 of 2378 assets...
[19/04/2026 8:05:15 PM] [Info] Read 1896 of 2378 asset file contents into memory...
[19/04/2026 8:05:15 PM] [Info] Loaded 1896 of 2378 assets...
[19/04/2026 8:05:15 PM] [Info] Read 1900 of 2378 asset file contents into memory...
[19/04/2026 8:05:15 PM] [Info] Loaded 1900 of 2378 assets...
[19/04/2026 8:05:15 PM] [Info] Read 1905 of 2378 asset file contents into memory...
[19/04/2026 8:05:15 PM] [Info] Loaded 1905 of 2378 assets...
[19/04/2026 8:05:15 PM] [Info] Read 1910 of 2378 asset file contents into memory...
[19/04/2026 8:05:15 PM] [Info] Loaded 1910 of 2378 assets...
[19/04/2026 8:05:15 PM] [Info] Read 1915 of 2378 asset file contents into memory...
[19/04/2026 8:05:15 PM] [Info] Loaded 1915 of 2378 assets...
[19/04/2026 8:05:15 PM] [Info] Read 1920 of 2378 asset file contents into memory...
[19/04/2026 8:05:15 PM] [Info] Loaded 1920 of 2378 assets...
[19/04/2026 8:05:15 PM] [Info] Read 1924 of 2378 asset file contents into memory...
[19/04/2026 8:05:15 PM] [Info] Loaded 1924 of 2378 assets...
[19/04/2026 8:05:15 PM] [Info] Read 1928 of 2378 asset file contents into memory...
[19/04/2026 8:05:15 PM] [Info] Loaded 1928 of 2378 assets...
[19/04/2026 8:05:15 PM] [Info] Read 1932 of 2378 asset file contents into memory...
[19/04/2026 8:05:15 PM] [Info] Loaded 1932 of 2378 assets...
[19/04/2026 8:05:15 PM] [Info] Read 1936 of 2378 asset file contents into memory...
[19/04/2026 8:05:15 PM] [Info] Loaded 1936 of 2378 assets...
[19/04/2026 8:05:15 PM] [Info] Read 1940 of 2378 asset file contents into memory...
[19/04/2026 8:05:15 PM] [Info] Loaded 1940 of 2378 assets...
[19/04/2026 8:05:15 PM] [Info] Read 1944 of 2378 asset file contents into memory...
[19/04/2026 8:05:15 PM] [Info] Loaded 1944 of 2378 assets...
[19/04/2026 8:05:15 PM] [Info] Read 1948 of 2378 asset file contents into memory...
[19/04/2026 8:05:15 PM] [Info] Loaded 1948 of 2378 assets...
[19/04/2026 8:05:15 PM] [Info] Read 1951 of 2378 asset file contents into memory...
[19/04/2026 8:05:15 PM] [Info] Loaded 1951 of 2378 assets...
[19/04/2026 8:05:15 PM] [Info] Read 1954 of 2378 asset file contents into memory...
[19/04/2026 8:05:15 PM] [Info] Loaded 1954 of 2378 assets...
[19/04/2026 8:05:15 PM] [Info] Read 1957 of 2378 asset file contents into memory...
[19/04/2026 8:05:15 PM] [Info] Loaded 1957 of 2378 assets...
[19/04/2026 8:05:15 PM] [Info] Read 1960 of 2378 asset file contents into memory...
[19/04/2026 8:05:15 PM] [Info] Loaded 1960 of 2378 assets...
[19/04/2026 8:05:15 PM] [Info] Read 1963 of 2378 asset file contents into memory...
[19/04/2026 8:05:15 PM] [Info] Loaded 1963 of 2378 assets...
[19/04/2026 8:05:15 PM] [Info] Read 1966 of 2378 asset file contents into memory...
[19/04/2026 8:05:15 PM] [Info] Loaded 1966 of 2378 assets...
[19/04/2026 8:05:15 PM] [Info] Read 1969 of 2378 asset file contents into memory...
[19/04/2026 8:05:15 PM] [Info] Loaded 1969 of 2378 assets...
[19/04/2026 8:05:16 PM] [Info] Read 1971 of 2378 asset file contents into memory...
[19/04/2026 8:05:16 PM] [Info] Loaded 1971 of 2378 assets...
[19/04/2026 8:05:16 PM] [Info] Read 1974 of 2378 asset file contents into memory...
[19/04/2026 8:05:16 PM] [Info] Loaded 1974 of 2378 assets...
[19/04/2026 8:05:16 PM] [Info] Read 1977 of 2378 asset file contents into memory...
[19/04/2026 8:05:16 PM] [Info] Loaded 1977 of 2378 assets...
[19/04/2026 8:05:16 PM] [Info] Read 1981 of 2378 asset file contents into memory...
[19/04/2026 8:05:16 PM] [Info] Loaded 1981 of 2378 assets...
[19/04/2026 8:05:16 PM] [Info] Read 1984 of 2378 asset file contents into memory...
[19/04/2026 8:05:16 PM] [Info] Loaded 1984 of 2378 assets...
[19/04/2026 8:05:16 PM] [Info] Read 1988 of 2378 asset file contents into memory...
[19/04/2026 8:05:16 PM] [Info] Loaded 1988 of 2378 assets...
[19/04/2026 8:05:16 PM] [Info] Read 1992 of 2378 asset file contents into memory...
[19/04/2026 8:05:16 PM] [Info] Loaded 1992 of 2378 assets...
[19/04/2026 8:05:16 PM] [Info] Read 1996 of 2378 asset file contents into memory...
[19/04/2026 8:05:16 PM] [Info] Loaded 1996 of 2378 assets...
[19/04/2026 8:05:16 PM] [Info] Read 2000 of 2378 asset file contents into memory...
[19/04/2026 8:05:16 PM] [Info] Loaded 2000 of 2378 assets...
[19/04/2026 8:05:16 PM] [Info] Read 2004 of 2378 asset file contents into memory...
[19/04/2026 8:05:16 PM] [Info] Loaded 2004 of 2378 assets...
[19/04/2026 8:05:16 PM] [Info] Read 2008 of 2378 asset file contents into memory...
[19/04/2026 8:05:16 PM] [Info] Loaded 2008 of 2378 assets...
[19/04/2026 8:05:16 PM] [Info] Read 2012 of 2378 asset file contents into memory...
[19/04/2026 8:05:16 PM] [Info] Loaded 2012 of 2378 assets...
[19/04/2026 8:05:16 PM] [Info] Read 2016 of 2378 asset file contents into memory...
[19/04/2026 8:05:16 PM] [Info] Loaded 2016 of 2378 assets...
[19/04/2026 8:05:16 PM] [Info] Read 2020 of 2378 asset file contents into memory...
[19/04/2026 8:05:16 PM] [Info] Loaded 2020 of 2378 assets...
[19/04/2026 8:05:16 PM] [Info] Read 2025 of 2378 asset file contents into memory...
[19/04/2026 8:05:16 PM] [Info] Loaded 2025 of 2378 assets...
[19/04/2026 8:05:16 PM] [Info] Read 2029 of 2378 asset file contents into memory...
[19/04/2026 8:05:16 PM] [Info] Loaded 2029 of 2378 assets...
[19/04/2026 8:05:16 PM] [Info] Read 2033 of 2378 asset file contents into memory...
[19/04/2026 8:05:16 PM] [Info] Loaded 2033 of 2378 assets...
[19/04/2026 8:05:16 PM] [Info] Read 2038 of 2378 asset file contents into memory...
[19/04/2026 8:05:16 PM] [Info] Loaded 2038 of 2378 assets...
[19/04/2026 8:05:17 PM] [Info] Read 2042 of 2378 asset file contents into memory...
[19/04/2026 8:05:17 PM] [Info] Loaded 2042 of 2378 assets...
[19/04/2026 8:05:17 PM] [Info] Read 2046 of 2378 asset file contents into memory...
[19/04/2026 8:05:17 PM] [Info] Loaded 2046 of 2378 assets...
[19/04/2026 8:05:17 PM] [Info] Read 2050 of 2378 asset file contents into memory...
[19/04/2026 8:05:17 PM] [Info] Loaded 2050 of 2378 assets...
[19/04/2026 8:05:17 PM] [Info] Read 2054 of 2378 asset file contents into memory...
[19/04/2026 8:05:17 PM] [Info] Loaded 2054 of 2378 assets...
[19/04/2026 8:05:17 PM] [Info] Read 2058 of 2378 asset file contents into memory...
[19/04/2026 8:05:17 PM] [Info] Loaded 2058 of 2378 assets...
[19/04/2026 8:05:17 PM] [Info] Read 2061 of 2378 asset file contents into memory...
[19/04/2026 8:05:17 PM] [Info] Loaded 2061 of 2378 assets...
[19/04/2026 8:05:17 PM] [Info] Read 2064 of 2378 asset file contents into memory...
[19/04/2026 8:05:17 PM] [Info] Loaded 2064 of 2378 assets...
[19/04/2026 8:05:17 PM] [Info] Read 2068 of 2378 asset file contents into memory...
[19/04/2026 8:05:17 PM] [Info] Loaded 2068 of 2378 assets...
[19/04/2026 8:05:17 PM] [Info] Read 2071 of 2378 asset file contents into memory...
[19/04/2026 8:05:17 PM] [Info] Loaded 2071 of 2378 assets...
[19/04/2026 8:05:17 PM] [Info] Read 2074 of 2378 asset file contents into memory...
[19/04/2026 8:05:17 PM] [Info] Loaded 2074 of 2378 assets...
[19/04/2026 8:05:17 PM] [Info] Read 2078 of 2378 asset file contents into memory...
[19/04/2026 8:05:17 PM] [Info] Loaded 2078 of 2378 assets...
[19/04/2026 8:05:17 PM] [Info] Read 2081 of 2378 asset file contents into memory...
[19/04/2026 8:05:17 PM] [Info] Loaded 2081 of 2378 assets...
[19/04/2026 8:05:17 PM] [Info] Read 2085 of 2378 asset file contents into memory...
[19/04/2026 8:05:17 PM] [Info] Loaded 2085 of 2378 assets...
[19/04/2026 8:05:17 PM] [Info] Read 2089 of 2378 asset file contents into memory...
[19/04/2026 8:05:17 PM] [Info] Loaded 2089 of 2378 assets...
[19/04/2026 8:05:17 PM] [Info] Read 2094 of 2378 asset file contents into memory...
[19/04/2026 8:05:17 PM] [Info] Loaded 2094 of 2378 assets...
[19/04/2026 8:05:17 PM] [Info] Read 2098 of 2378 asset file contents into memory...
[19/04/2026 8:05:17 PM] [Info] Loaded 2098 of 2378 assets...
[19/04/2026 8:05:17 PM] [Info] Read 2102 of 2378 asset file contents into memory...
[19/04/2026 8:05:17 PM] [Info] Loaded 2102 of 2378 assets...
[19/04/2026 8:05:17 PM] [Info] Read 2106 of 2378 asset file contents into memory...
[19/04/2026 8:05:17 PM] [Info] Loaded 2106 of 2378 assets...
[19/04/2026 8:05:17 PM] [Info] Read 2111 of 2378 asset file contents into memory...
[19/04/2026 8:05:17 PM] [Info] Loaded 2111 of 2378 assets...
[19/04/2026 8:05:17 PM] [Info] Read 2115 of 2378 asset file contents into memory...
[19/04/2026 8:05:17 PM] [Info] Loaded 2115 of 2378 assets...
[19/04/2026 8:05:18 PM] [Info] Read 2119 of 2378 asset file contents into memory...
[19/04/2026 8:05:18 PM] [Info] Loaded 2119 of 2378 assets...
[19/04/2026 8:05:18 PM] [Info] Read 2123 of 2378 asset file contents into memory...
[19/04/2026 8:05:18 PM] [Info] Loaded 2123 of 2378 assets...
[19/04/2026 8:05:18 PM] [Info] Read 2126 of 2378 asset file contents into memory...
[19/04/2026 8:05:18 PM] [Info] Loaded 2126 of 2378 assets...
[19/04/2026 8:05:18 PM] [Info] Read 2130 of 2378 asset file contents into memory...
[19/04/2026 8:05:18 PM] [Info] Loaded 2130 of 2378 assets...
[19/04/2026 8:05:18 PM] [Info] Read 2133 of 2378 asset file contents into memory...
[19/04/2026 8:05:18 PM] [Info] Loaded 2133 of 2378 assets...
[19/04/2026 8:05:18 PM] [Info] Read 2135 of 2378 asset file contents into memory...
[19/04/2026 8:05:18 PM] [Info] Loaded 2135 of 2378 assets...
[19/04/2026 8:05:18 PM] [Info] Read 2137 of 2378 asset file contents into memory...
[19/04/2026 8:05:18 PM] [Info] Loaded 2137 of 2378 assets...
[19/04/2026 8:05:18 PM] [Info] Read 2140 of 2378 asset file contents into memory...
[19/04/2026 8:05:18 PM] [Info] Loaded 2140 of 2378 assets...
[19/04/2026 8:05:18 PM] [Info] Read 2143 of 2378 asset file contents into memory...
[19/04/2026 8:05:18 PM] [Info] Loaded 2143 of 2378 assets...
[19/04/2026 8:05:18 PM] [Info] Read 2147 of 2378 asset file contents into memory...
[19/04/2026 8:05:18 PM] [Info] Loaded 2147 of 2378 assets...
[19/04/2026 8:05:18 PM] [Info] Read 2150 of 2378 asset file contents into memory...
[19/04/2026 8:05:18 PM] [Info] Loaded 2150 of 2378 assets...
[19/04/2026 8:05:18 PM] [Info] Read 2153 of 2378 asset file contents into memory...
[19/04/2026 8:05:18 PM] [Info] Loaded 2153 of 2378 assets...
[19/04/2026 8:05:18 PM] [Info] Read 2156 of 2378 asset file contents into memory...
[19/04/2026 8:05:18 PM] [Info] Loaded 2156 of 2378 assets...
[19/04/2026 8:05:18 PM] [Info] Read 2160 of 2378 asset file contents into memory...
[19/04/2026 8:05:18 PM] [Info] Loaded 2160 of 2378 assets...
[19/04/2026 8:05:18 PM] [Info] Read 2163 of 2378 asset file contents into memory...
[19/04/2026 8:05:18 PM] [Info] Loaded 2163 of 2378 assets...
[19/04/2026 8:05:18 PM] [Info] Read 2166 of 2378 asset file contents into memory...
[19/04/2026 8:05:18 PM] [Info] Loaded 2166 of 2378 assets...
[19/04/2026 8:05:18 PM] [Info] Read 2169 of 2378 asset file contents into memory...
[19/04/2026 8:05:18 PM] [Info] Loaded 2169 of 2378 assets...
[19/04/2026 8:05:18 PM] [Info] Read 2172 of 2378 asset file contents into memory...
[19/04/2026 8:05:18 PM] [Info] Loaded 2172 of 2378 assets...
[19/04/2026 8:05:18 PM] [Info] Read 2175 of 2378 asset file contents into memory...
[19/04/2026 8:05:18 PM] [Info] Loaded 2175 of 2378 assets...
[19/04/2026 8:05:18 PM] [Info] Read 2179 of 2378 asset file contents into memory...
[19/04/2026 8:05:18 PM] [Info] Loaded 2179 of 2378 assets...
[19/04/2026 8:05:19 PM] [Info] Read 2183 of 2378 asset file contents into memory...
[19/04/2026 8:05:19 PM] [Info] Loaded 2183 of 2378 assets...
[19/04/2026 8:05:19 PM] [Info] Read 2186 of 2378 asset file contents into memory...
[19/04/2026 8:05:19 PM] [Info] Loaded 2186 of 2378 assets...
[19/04/2026 8:05:19 PM] [Info] Read 2191 of 2378 asset file contents into memory...
[19/04/2026 8:05:19 PM] [Info] Loaded 2191 of 2378 assets...
[19/04/2026 8:05:19 PM] [Info] Read 2196 of 2378 asset file contents into memory...
[19/04/2026 8:05:19 PM] [Info] Loaded 2196 of 2378 assets...
[19/04/2026 8:05:19 PM] [Info] Read 2200 of 2378 asset file contents into memory...
[19/04/2026 8:05:19 PM] [Info] Loaded 2200 of 2378 assets...
[19/04/2026 8:05:19 PM] [Info] Read 2205 of 2378 asset file contents into memory...
[19/04/2026 8:05:19 PM] [Info] Loaded 2205 of 2378 assets...
[19/04/2026 8:05:19 PM] [Info] Read 2210 of 2378 asset file contents into memory...
[19/04/2026 8:05:19 PM] [Info] Loaded 2210 of 2378 assets...
[19/04/2026 8:05:19 PM] [Info] Read 2214 of 2378 asset file contents into memory...
[19/04/2026 8:05:19 PM] [Info] Loaded 2214 of 2378 assets...
[19/04/2026 8:05:19 PM] [Info] Read 2219 of 2378 asset file contents into memory...
[19/04/2026 8:05:19 PM] [Info] Loaded 2219 of 2378 assets...
[19/04/2026 8:05:19 PM] [Info] Read 2224 of 2378 asset file contents into memory...
[19/04/2026 8:05:19 PM] [Info] Loaded 2224 of 2378 assets...
[19/04/2026 8:05:19 PM] [Info] Read 2228 of 2378 asset file contents into memory...
[19/04/2026 8:05:19 PM] [Info] Loaded 2228 of 2378 assets...
[19/04/2026 8:05:19 PM] [Info] Read 2233 of 2378 asset file contents into memory...
[19/04/2026 8:05:19 PM] [Info] Loaded 2233 of 2378 assets...
[19/04/2026 8:05:19 PM] [Info] Read 2237 of 2378 asset file contents into memory...
[19/04/2026 8:05:19 PM] [Info] Loaded 2237 of 2378 assets...
[19/04/2026 8:05:19 PM] [Info] Read 2241 of 2378 asset file contents into memory...
[19/04/2026 8:05:19 PM] [Info] Loaded 2241 of 2378 assets...
[19/04/2026 8:05:19 PM] [Info] Read 2245 of 2378 asset file contents into memory...
[19/04/2026 8:05:19 PM] [Info] Loaded 2245 of 2378 assets...
[19/04/2026 8:05:19 PM] [Info] Read 2250 of 2378 asset file contents into memory...
[19/04/2026 8:05:19 PM] [Info] Loaded 2250 of 2378 assets...
[19/04/2026 8:05:19 PM] [Info] Read 2254 of 2378 asset file contents into memory...
[19/04/2026 8:05:19 PM] [Info] Loaded 2254 of 2378 assets...
[19/04/2026 8:05:19 PM] [Info] Read 2258 of 2378 asset file contents into memory...
[19/04/2026 8:05:19 PM] [Info] Loaded 2258 of 2378 assets...
[19/04/2026 8:05:19 PM] [Info] Read 2263 of 2378 asset file contents into memory...
[19/04/2026 8:05:19 PM] [Info] Loaded 2263 of 2378 assets...
[19/04/2026 8:05:19 PM] [Info] Read 2266 of 2378 asset file contents into memory...
[19/04/2026 8:05:19 PM] [Info] Loaded 2266 of 2378 assets...
[19/04/2026 8:05:20 PM] [Info] Read 2270 of 2378 asset file contents into memory...
[19/04/2026 8:05:20 PM] [Info] Loaded 2270 of 2378 assets...
[19/04/2026 8:05:20 PM] [Info] Read 2274 of 2378 asset file contents into memory...
[19/04/2026 8:05:20 PM] [Info] Loaded 2274 of 2378 assets...
[19/04/2026 8:05:20 PM] [Info] Read 2278 of 2378 asset file contents into memory...
[19/04/2026 8:05:20 PM] [Info] Loaded 2278 of 2378 assets...
[19/04/2026 8:05:20 PM] [Info] Read 2282 of 2378 asset file contents into memory...
[19/04/2026 8:05:20 PM] [Info] Loaded 2282 of 2378 assets...
[19/04/2026 8:05:20 PM] [Info] Read 2285 of 2378 asset file contents into memory...
[19/04/2026 8:05:20 PM] [Info] Loaded 2285 of 2378 assets...
[19/04/2026 8:05:20 PM] [Info] Read 2289 of 2378 asset file contents into memory...
[19/04/2026 8:05:20 PM] [Info] Loaded 2289 of 2378 assets...
[19/04/2026 8:05:20 PM] [Info] Read 2293 of 2378 asset file contents into memory...
[19/04/2026 8:05:20 PM] [Info] Loaded 2293 of 2378 assets...
[19/04/2026 8:05:20 PM] [Info] Read 2298 of 2378 asset file contents into memory...
[19/04/2026 8:05:20 PM] [Info] Loaded 2298 of 2378 assets...
[19/04/2026 8:05:20 PM] [Info] Read 2302 of 2378 asset file contents into memory...
[19/04/2026 8:05:20 PM] [Info] Loaded 2302 of 2378 assets...
[19/04/2026 8:05:20 PM] [Info] Read 2307 of 2378 asset file contents into memory...
[19/04/2026 8:05:20 PM] [Info] Loaded 2307 of 2378 assets...
[19/04/2026 8:05:20 PM] [Info] Read 2312 of 2378 asset file contents into memory...
[19/04/2026 8:05:20 PM] [Info] Loaded 2312 of 2378 assets...
[19/04/2026 8:05:20 PM] [Info] Read 2316 of 2378 asset file contents into memory...
[19/04/2026 8:05:20 PM] [Info] Loaded 2316 of 2378 assets...
[19/04/2026 8:05:20 PM] [Info] Read 2320 of 2378 asset file contents into memory...
[19/04/2026 8:05:20 PM] [Info] Loaded 2320 of 2378 assets...
[19/04/2026 8:05:20 PM] [Info] Read 2325 of 2378 asset file contents into memory...
[19/04/2026 8:05:20 PM] [Info] Loaded 2325 of 2378 assets...
[19/04/2026 8:05:20 PM] [Info] Read 2330 of 2378 asset file contents into memory...
[19/04/2026 8:05:20 PM] [Info] Loaded 2330 of 2378 assets...
[19/04/2026 8:05:20 PM] [Info] Read 2333 of 2378 asset file contents into memory...
[19/04/2026 8:05:20 PM] [Info] Loaded 2333 of 2378 assets...
[19/04/2026 8:05:20 PM] [Info] Read 2338 of 2378 asset file contents into memory...
[19/04/2026 8:05:20 PM] [Info] Loaded 2338 of 2378 assets...
[19/04/2026 8:05:20 PM] [Info] Read 2343 of 2378 asset file contents into memory...
[19/04/2026 8:05:20 PM] [Info] Loaded 2343 of 2378 assets...
[19/04/2026 8:05:20 PM] [Info] Read 2347 of 2378 asset file contents into memory...
[19/04/2026 8:05:20 PM] [Info] Loaded 2347 of 2378 assets...
[19/04/2026 8:05:20 PM] [Info] Read 2351 of 2378 asset file contents into memory...
[19/04/2026 8:05:20 PM] [Info] Loaded 2351 of 2378 assets...
[19/04/2026 8:05:21 PM] [Info] Read 2355 of 2378 asset file contents into memory...
[19/04/2026 8:05:21 PM] [Info] Loaded 2355 of 2378 assets...
[19/04/2026 8:05:21 PM] [Info] Read 2358 of 2378 asset file contents into memory...
[19/04/2026 8:05:21 PM] [Info] Loaded 2358 of 2378 assets...
[19/04/2026 8:05:21 PM] [Info] Read 2361 of 2378 asset file contents into memory...
[19/04/2026 8:05:21 PM] [Info] Loaded 2361 of 2378 assets...
[19/04/2026 8:05:21 PM] [Info] Read 2365 of 2378 asset file contents into memory...
[19/04/2026 8:05:21 PM] [Info] Loaded 2365 of 2378 assets...
[19/04/2026 8:05:21 PM] [Info] Read 2369 of 2378 asset file contents into memory...
[19/04/2026 8:05:21 PM] [Info] Loaded 2369 of 2378 assets...
[19/04/2026 8:05:21 PM] [Info] Read 2373 of 2378 asset file contents into memory...
[19/04/2026 8:05:21 PM] [Info] Loaded 2373 of 2378 assets...
[19/04/2026 8:05:21 PM] [Info] Read 2377 of 2378 asset file contents into memory...
[19/04/2026 8:05:21 PM] [Info] Loaded 2377 of 2378 assets...
[19/04/2026 8:05:21 PM] [Info] Read 2378 of 2378 asset file contents into memory...
[19/04/2026 8:05:21 PM] [Info] Loaded 2378 of 2378 assets...
[19/04/2026 8:05:22 PM] [Info] Level overrides config Animals.Max_Instances_Medium: 256
[19/04/2026 8:05:22 PM] [Info] Skipping level config override Items.Quality_Full_Chance because it's overridden in server config
[19/04/2026 8:05:22 PM] [Info] Level overrides config Barricades.Allow_Item_Placement_On_Vehicle: False
[19/04/2026 8:05:22 PM] [Info] Level overrides config Barricades.Allow_Trap_Placement_On_Vehicle: False
[19/04/2026 8:05:22 PM] [Info] Level overrides config Barricades.Gun_Lowcal_Damage_Multiplier: 1
[19/04/2026 8:05:22 PM] [Info] Level overrides config Barricades.Gun_Highcal_Damage_Multiplier: 1
[19/04/2026 8:05:22 PM] [Info] Level overrides config Barricades.Armor_Lowtier_Multiplier: 1
[19/04/2026 8:05:22 PM] [Info] Level overrides config Barricades.Armor_Hightier_Multiplier: 1
[19/04/2026 8:05:22 PM] [Info] Level overrides config Structures.Gun_Lowcal_Damage_Multiplier: 1
[19/04/2026 8:05:22 PM] [Info] Level overrides config Structures.Gun_Highcal_Damage_Multiplier: 1
[19/04/2026 8:05:22 PM] [Info] Level overrides config Structures.Armor_Lowtier_Multiplier: 1
[19/04/2026 8:05:22 PM] [Info] Level overrides config Structures.Armor_Hightier_Multiplier: 1
[19/04/2026 8:05:22 PM] [Info] Level overrides config Structures.Melee_Damage_Multiplier: 1
[19/04/2026 8:05:22 PM] [Info] Level overrides config Structures.Melee_Repair_Multiplier: 1
[19/04/2026 8:05:22 PM] [Info] Level overrides config Events.Airdrop_Speed: 96
[19/04/2026 8:05:22 PM] [Info] Level overrides config Events.Airdrop_Force: 8.55
[19/04/2026 8:05:22 PM] [Info] Level overrides config Vehicles.Gun_Lowcal_Damage_Multiplier: 2
[19/04/2026 8:05:22 PM] [Info] Level overrides config Vehicles.Melee_Damage_Multiplier: 2
[19/04/2026 8:05:22 PM] [Info] Level overrides config Vehicles.Min_Battery_Charge: 1
[19/04/2026 8:05:22 PM] [Info] Level overrides config Vehicles.Max_Battery_Charge: 1
[19/04/2026 8:05:22 PM] [Info] Level overrides config Vehicles.Has_Battery_Chance: 1
[19/04/2026 8:05:22 PM] [Info] Level overrides config Vehicles.Max_Instances_Medium: 48
[19/04/2026 8:05:22 PM] [Info] Level overrides config Vehicles.Armor_Multiplier: 0.375
[19/04/2026 8:05:22 PM] [Info] Skipping level config override Players.Experience_Multiplier because it's overridden in server config
[19/04/2026 8:05:22 PM] [Info] Skipping level config override Players.Lose_Skills_PvP because it's overridden in server config
[19/04/2026 8:05:22 PM] [Info] Skipping level config override Players.Lose_Skills_PvE because it's overridden in server config
[19/04/2026 8:05:22 PM] [Info] Skipping level config override Players.Lose_Experience_PvP because it's overridden in server config
[19/04/2026 8:05:22 PM] [Info] Skipping level config override Players.Lose_Experience_PvE because it's overridden in server config
[19/04/2026 8:05:22 PM] [Info] Skipping level config override Players.Lose_Skill_Levels_PvP because it's overridden in server config
[19/04/2026 8:05:22 PM] [Info] Skipping level config override Players.Lose_Skill_Levels_PvE because it's overridden in server config
[19/04/2026 8:05:22 PM] [Info] Skipping level config override Players.Virus_Infect because it's overridden in server config
[19/04/2026 8:05:22 PM] [Info] Level overrides config Players.Can_Break_Legs: False
[19/04/2026 8:05:22 PM] [Info] Skipping level config override Zombies.Armor_Multiplier because it's overridden in server config
[19/04/2026 8:05:22 PM] [Info] Level overrides config Zombies.Full_Moon_Experience_Multiplier: 2
[19/04/2026 8:05:22 PM] [Info] Skipping level config override Zombies.Spawn_Chance because it's overridden in server config
[19/04/2026 8:05:22 PM] [Info] Level overrides config Zombies.Min_Mega_Drops: 1
[19/04/2026 8:05:22 PM] [Info] Level overrides config Zombies.Max_Mega_Drops: 1
[19/04/2026 8:05:22 PM] [Info] Level overrides config Zombies.Min_Boss_Drops: 1
[19/04/2026 8:05:22 PM] [Info] Level overrides config Zombies.Max_Boss_Drops: 1
[19/04/2026 8:05:22 PM] [Info] Skipping level config override Zombies.Loot_Chance because it's overridden in server config
[19/04/2026 8:05:22 PM] [Info] Skipping level config override Gameplay.Chart because it's overridden in server config
[19/04/2026 8:05:22 PM] [Info] Monitoring workshop map "A6 Polaris" (2898548949) for changes
[19/04/2026 8:05:22 PM] [Info] Loading level: 5%
[19/04/2026 8:05:24 PM] [Info] Loading level: 10%
[19/04/2026 8:05:24 PM] [Info] Loading level: 15%
[19/04/2026 8:05:24 PM] [Info] Loading level: 21%
[19/04/2026 8:05:24 PM] [Info] Loading level: 26%
[19/04/2026 8:05:24 PM] [Info] Loading level: 31%
[19/04/2026 8:05:24 PM] [Info] Loading level: 36%
[19/04/2026 8:05:24 PM] [Info] Loading level: 42%
[19/04/2026 8:05:24 PM] [Info] Loading level: 47%
[19/04/2026 8:05:24 PM] [Info] Loading level: 52%
[19/04/2026 8:05:24 PM] [Info] Loading level: 57%
[19/04/2026 8:05:24 PM] [Info] Loading level: 63%
[19/04/2026 8:05:27 PM] [Info] Loading level: 68%
[19/04/2026 8:05:27 PM] [Info] Loading level: 73%
[19/04/2026 8:05:27 PM] [Info] Loading level: 89%
[19/04/2026 8:05:27 PM] [Info] Loading level: 94%
[19/04/2026 8:05:28 PM] [Info] //////////////////////////////////////////////////////
[19/04/2026 8:05:28 PM] [Info] Server Code: 85568392936196484
[19/04/2026 8:05:28 PM] [Info] Your friends can enter this code in the Connect Directly menu to join without port forwarding.
[19/04/2026 8:05:28 PM] [Info] Tip: Use the "CopyServerCode" command to copy the code to your clipboard. Alternatively, in most terminals you can highlight it and press Ctrl+Insert to copy.
[19/04/2026 8:05:28 PM] [Info] //////////////////////////////////////////////////////
[19/04/2026 8:05:28 PM] [Info] Loading level: 100%
[19/04/2026 8:07:06 PM] [Info] Handling SIGINT or SIGBREAK by requesting a graceful shutdown
[19/04/2026 8:07:06 PM] [Info] MoreHomes >> 4 player homes data has been saved!
