[22/04/2026 12:12:13 AM] [Info] [registered] /more (Rocket.Unturned.Commands.CommandMore/more)
[22/04/2026 12:12:13 AM] [Info] [registered] /admin (Rocket.Unturned.Commands.CommandAdmin/admin)
[22/04/2026 12:12:13 AM] [Info] [registered] /broadcast (Rocket.Unturned.Commands.CommandBroadcast/broadcast)
[22/04/2026 12:12:13 AM] [Info] [registered] /compass (Rocket.Unturned.Commands.CommandCompass/compass)
[22/04/2026 12:12:13 AM] [Info] [registered] /effect (Rocket.Unturned.Commands.CommandEffect/effect)
[22/04/2026 12:12:13 AM] [Info] [registered] /exit (Rocket.Unturned.Commands.CommandExit/exit)
[22/04/2026 12:12:13 AM] [Info] [registered] /god (Rocket.Unturned.Commands.CommandGod/god)
[22/04/2026 12:12:13 AM] [Info] [registered] /heal (Rocket.Unturned.Commands.CommandHeal/heal)
[22/04/2026 12:12:13 AM] [Info] [registered] /help (Rocket.Unturned.Commands.CommandHelp/help)
[22/04/2026 12:12:13 AM] [Info] [registered] /i (Rocket.Unturned.Commands.CommandI/i)
[22/04/2026 12:12:13 AM] [Info] [registered] /item (Rocket.Unturned.Commands.CommandI/item)
[22/04/2026 12:12:13 AM] [Info] [registered] /investigate (Rocket.Unturned.Commands.CommandInvestigate/investigate)
[22/04/2026 12:12:13 AM] [Info] [registered] /p (Rocket.Unturned.Commands.CommandP/p)
[22/04/2026 12:12:13 AM] [Info] [registered] /permissions (Rocket.Unturned.Commands.CommandP/permissions)
[22/04/2026 12:12:13 AM] [Info] [registered] /rocket (Rocket.Unturned.Commands.CommandRocket/rocket)
[22/04/2026 12:12:13 AM] [Info] [registered] /tp (Rocket.Unturned.Commands.CommandTp/tp)
[22/04/2026 12:12:13 AM] [Info] [registered] /tphere (Rocket.Unturned.Commands.CommandTphere/tphere)
[22/04/2026 12:12:13 AM] [Info] [registered] /unadmin (Rocket.Unturned.Commands.CommandUnadmin/unadmin)
[22/04/2026 12:12:13 AM] [Info] [registered] /v (Rocket.Unturned.Commands.CommandV/v)
[22/04/2026 12:12:13 AM] [Info] [registered] /vanish (Rocket.Unturned.Commands.CommandVanish/vanish)
[22/04/2026 12:12:13 AM] [Info] Loading DeadzoneLoot from E:\SteamLibrary\steamapps\common\U3DS\Servers\New Era Polaris\Rocket\Plugins\DeadzoneLoot.dll
[22/04/2026 12:12:13 AM] [Info] Loading HardcoreDurability from E:\SteamLibrary\steamapps\common\U3DS\Servers\New Era Polaris\Rocket\Plugins\HardcoreDurability.dll
[22/04/2026 12:12:13 AM] [Info] Loading MoreHomes from E:\SteamLibrary\steamapps\common\U3DS\Servers\New Era Polaris\Rocket\Plugins\MoreHomes.dll
[22/04/2026 12:12:13 AM] [Info] Loading PolarisMutations from E:\SteamLibrary\steamapps\common\U3DS\Servers\New Era Polaris\Rocket\Plugins\PolarisMutations.dll
[22/04/2026 12:12:13 AM] [Info] Loading SurvivalNotifier from E:\SteamLibrary\steamapps\common\U3DS\Servers\New Era Polaris\Rocket\Plugins\SurvivalNotifier.dll
[22/04/2026 12:12:13 AM] [Info] Loading Teleportation from E:\SteamLibrary\steamapps\common\U3DS\Servers\New Era Polaris\Rocket\Plugins\Teleportation.dll
[22/04/2026 12:12:14 AM] [Error] mscorlib >> Caught exception resolving dependency: 0Harmony -> Exception in DoAssemblyResolve: System.ArgumentNullException: Value cannot be null.
Parameter name: v1
  at System.Version.op_LessThanOrEqual (System.Version v1, System.Version v2) [0x00003] in <1071a2cb0cb3433aae80a793c277a048>:0 
  at System.Version.op_GreaterThanOrEqual (System.Version v1, System.Version v2) [0x00000] in <1071a2cb0cb3433aae80a793c277a048>:0 
  at Rocket.Core.Plugins.RocketPluginManager+<>c__DisplayClass12_0.<Awake>b__1 (System.Collections.Generic.KeyValuePair`2[TKey,TValue] lib) [0x00035] in <59a13feb721848c8b0cd173f6d0e820b>:0 
  at System.Linq.Enumerable.TryGetFirst[TSource] (System.Collections.Generic.IEnumerable`1[T] source, System.Func`2[T,TResult] predicate, System.Boolean& found) [0x0003f] in <ea489521390f48908a7ce45cb17a6848>:0 
  at System.Linq.Enumerable.FirstOrDefault[TSource] (System.Collections.Generic.IEnumerable`1[T] source, System.Func`2[T,TResult] predicate) [0x00000] in <ea489521390f48908a7ce45cb17a6848>:0 
  at Rocket.Core.Plugins.RocketPluginManager.<Awake>b__12_0 (System.Object sender, System.ResolveEventArgs args) [0x00017] in <59a13feb721848c8b0cd173f6d0e820b>:0 
[22/04/2026 12:12:14 AM] [Error] Could not find dependency: 0Harmony
[22/04/2026 12:12:14 AM] [Info] 
[loading] DeadzoneLoot
[22/04/2026 12:12:14 AM] [Info] DeadzoneLoot >> Deadzone Guaranteed Loot Modifier Loaded!
[22/04/2026 12:12:14 AM] [Info] 
[loading] HardcoreDurability
[22/04/2026 12:12:14 AM] [Info] HardcoreDurability >> Hardcore Durability Loaded! Master StackTrace enabled.
[22/04/2026 12:12:14 AM] [Info] 
[loading] MoreHomes
[22/04/2026 12:12:14 AM] [Info] [registered] /home (RestoreMonarchy.MoreHomes.Commands.HomeCommand/home)
[22/04/2026 12:12:14 AM] [Info] [registered] /homes (RestoreMonarchy.MoreHomes.Commands.HomesCommand/homes)
[22/04/2026 12:12:14 AM] [Info] [registered] /destroyhome (RestoreMonarchy.MoreHomes.Commands.DestroyHomeCommand/destroyhome)
[22/04/2026 12:12:14 AM] [Info] [registered] /renamehome (RestoreMonarchy.MoreHomes.Commands.RenameHomeCommand/renamehome)
[22/04/2026 12:12:14 AM] [Info] [registered] /restorehomes (RestoreMonarchy.MoreHomes.Commands.RestoreHomesCommand/restorehomes)
[22/04/2026 12:12:14 AM] [Info] MoreHomes >> MoreHomes 1.7.2.0 has been loaded!
[22/04/2026 12:12:14 AM] [Info] MoreHomes >> Brought to you by RestoreMonarchy.com
[22/04/2026 12:12:14 AM] [Error] mscorlib >> Caught exception resolving dependency: Steamworks.NET -> Exception in DoAssemblyResolve: System.ArgumentNullException: Value cannot be null.
Parameter name: v1
  at System.Version.op_LessThanOrEqual (System.Version v1, System.Version v2) [0x00003] in <1071a2cb0cb3433aae80a793c277a048>:0 
  at System.Version.op_GreaterThanOrEqual (System.Version v1, System.Version v2) [0x00000] in <1071a2cb0cb3433aae80a793c277a048>:0 
  at Rocket.Core.Plugins.RocketPluginManager+<>c__DisplayClass12_0.<Awake>b__1 (System.Collections.Generic.KeyValuePair`2[TKey,TValue] lib) [0x00035] in <59a13feb721848c8b0cd173f6d0e820b>:0 
  at System.Linq.Enumerable.TryGetFirst[TSource] (System.Collections.Generic.IEnumerable`1[T] source, System.Func`2[T,TResult] predicate, System.Boolean& found) [0x0003f] in <ea489521390f48908a7ce45cb17a6848>:0 
  at System.Linq.Enumerable.FirstOrDefault[TSource] (System.Collections.Generic.IEnumerable`1[T] source, System.Func`2[T,TResult] predicate) [0x00000] in <ea489521390f48908a7ce45cb17a6848>:0 
  at Rocket.Core.Plugins.RocketPluginManager.<Awake>b__12_0 (System.Object sender, System.ResolveEventArgs args) [0x00017] in <59a13feb721848c8b0cd173f6d0e820b>:0 
[22/04/2026 12:12:14 AM] [Error] Could not find dependency: Steamworks.NET
[22/04/2026 12:12:14 AM] [Info] 
[loading] PolarisMutations
[22/04/2026 12:12:14 AM] [Info] PolarisMutations >> Polaris Mutations Loaded! Cumulative mutagen scanner active.
[22/04/2026 12:12:14 AM] [Info] 
[loading] SurvivalNotifier
[22/04/2026 12:12:14 AM] [Info] SurvivalNotifier >> Survival Notifier Loaded! 3-Tier tracking enabled.
[22/04/2026 12:12:14 AM] [Info] 
[loading] Teleportation
[22/04/2026 12:12:14 AM] [Info] [registered] /tpa (RestoreMonarchy.Teleportation.Commands.TPACommand/tpa)
[22/04/2026 12:12:14 AM] [Info] Teleportation >> Teleportation 1.6.0.0 has been loaded!
[22/04/2026 12:12:14 AM] [Info] This server will automatically save every 1800 seconds
[22/04/2026 12:12:14 AM] [Info] Steam servers ready!
[22/04/2026 12:12:14 AM] [Info] Workshop install folder: E:\SteamLibrary\steamapps\common\U3DS/Servers/New Era Polaris/Workshop/Steam
[22/04/2026 12:12:14 AM] [Info] 1 workshop item(s) requested
[22/04/2026 12:12:14 AM] [Info] Submitting workshop query for 1 item(s)...
[22/04/2026 12:12:14 AM] [Info] Workshop query yielded 1 result(s)
[22/04/2026 12:12:14 AM] [Info] This server's allowed IP for Workshop downloads: [redacted]
[22/04/2026 12:12:14 AM] [Info] 2898548949 'A6 Polaris' queued for download
[22/04/2026 12:12:14 AM] [Info] 1 workshop item(s) to download...
[22/04/2026 12:12:14 AM] [Info] Workshop item found in cache: 2898548949
[22/04/2026 12:12:14 AM] [Info] Installing workshop item: 2898548949
[22/04/2026 12:12:14 AM] [Info] Installed workshop item: 2898548949
[22/04/2026 12:12:14 AM] [Info] Searched 0 of 1 locations and found 72 asset files...
[22/04/2026 12:12:14 AM] [Info] Read 0 of 72 asset file contents into memory...
[22/04/2026 12:12:14 AM] [Info] Loaded 0 of 72 assets...
[22/04/2026 12:12:14 AM] [Info] Searched 0 of 1 locations and found 255 asset files...
[22/04/2026 12:12:14 AM] [Info] Read 0 of 255 asset file contents into memory...
[22/04/2026 12:12:14 AM] [Info] Loaded 0 of 255 assets...
[22/04/2026 12:12:14 AM] [Info] Searched 0 of 1 locations and found 384 asset files...
[22/04/2026 12:12:14 AM] [Info] Read 0 of 384 asset file contents into memory...
[22/04/2026 12:12:14 AM] [Info] Loaded 0 of 384 assets...
[22/04/2026 12:12:14 AM] [Info] Searched 0 of 1 locations and found 506 asset files...
[22/04/2026 12:12:14 AM] [Info] Read 0 of 506 asset file contents into memory...
[22/04/2026 12:12:14 AM] [Info] Loaded 0 of 506 assets...
[22/04/2026 12:12:14 AM] [Info] Searched 0 of 1 locations and found 672 asset files...
[22/04/2026 12:12:14 AM] [Info] Read 0 of 672 asset file contents into memory...
[22/04/2026 12:12:14 AM] [Info] Loaded 0 of 672 assets...
[22/04/2026 12:12:14 AM] [Info] Loaded 0 of 1 asset bundles...
[22/04/2026 12:12:14 AM] [Info] Searched 0 of 1 locations and found 769 asset files...
[22/04/2026 12:12:14 AM] [Info] Read 58 of 769 asset file contents into memory...
[22/04/2026 12:12:14 AM] [Info] Loaded 0 of 769 assets...
[22/04/2026 12:12:14 AM] [Info] Searched 0 of 1 locations and found 902 asset files...
[22/04/2026 12:12:14 AM] [Info] Read 119 of 902 asset file contents into memory...
[22/04/2026 12:12:14 AM] [Info] Loaded 0 of 902 assets...
[22/04/2026 12:12:15 AM] [Info] Searched 0 of 1 locations and found 1041 asset files...
[22/04/2026 12:12:15 AM] [Info] Read 177 of 1041 asset file contents into memory...
[22/04/2026 12:12:15 AM] [Info] Loaded 0 of 1041 assets...
[22/04/2026 12:12:15 AM] [Info] Searched 0 of 1 locations and found 1196 asset files...
[22/04/2026 12:12:15 AM] [Info] Read 234 of 1196 asset file contents into memory...
[22/04/2026 12:12:15 AM] [Info] Loaded 0 of 1196 assets...
[22/04/2026 12:12:15 AM] [Info] Searched 0 of 1 locations and found 1334 asset files...
[22/04/2026 12:12:15 AM] [Info] Read 281 of 1334 asset file contents into memory...
[22/04/2026 12:12:15 AM] [Info] Loaded 0 of 1334 assets...
[22/04/2026 12:12:15 AM] [Info] Searched 0 of 1 locations and found 1475 asset files...
[22/04/2026 12:12:15 AM] [Info] Read 324 of 1475 asset file contents into memory...
[22/04/2026 12:12:15 AM] [Info] Loaded 0 of 1475 assets...
[22/04/2026 12:12:15 AM] [Info] Searched 0 of 1 locations and found 1620 asset files...
[22/04/2026 12:12:15 AM] [Info] Read 372 of 1620 asset file contents into memory...
[22/04/2026 12:12:15 AM] [Info] Loaded 0 of 1620 assets...
[22/04/2026 12:12:15 AM] [Info] Searched 0 of 1 locations and found 1754 asset files...
[22/04/2026 12:12:15 AM] [Info] Read 423 of 1754 asset file contents into memory...
[22/04/2026 12:12:15 AM] [Info] Loaded 0 of 1754 assets...
[22/04/2026 12:12:15 AM] [Info] Searched 0 of 1 locations and found 1914 asset files...
[22/04/2026 12:12:15 AM] [Info] Read 471 of 1914 asset file contents into memory...
[22/04/2026 12:12:15 AM] [Info] Loaded 0 of 1914 assets...
[22/04/2026 12:12:15 AM] [Info] Searched 0 of 1 locations and found 2061 asset files...
[22/04/2026 12:12:15 AM] [Info] Read 523 of 2061 asset file contents into memory...
[22/04/2026 12:12:15 AM] [Info] Loaded 0 of 2061 assets...
[22/04/2026 12:12:15 AM] [Info] Searched 0 of 1 locations and found 2188 asset files...
[22/04/2026 12:12:15 AM] [Info] Read 572 of 2188 asset file contents into memory...
[22/04/2026 12:12:15 AM] [Info] Loaded 0 of 2188 assets...
[22/04/2026 12:12:15 AM] [Info] Searched 0 of 1 locations and found 2365 asset files...
[22/04/2026 12:12:15 AM] [Info] Read 622 of 2365 asset file contents into memory...
[22/04/2026 12:12:15 AM] [Info] Loaded 0 of 2365 assets...
[22/04/2026 12:12:15 AM] [Info] Searched 1 of 1 locations and found 2378 asset files...
[22/04/2026 12:12:15 AM] [Info] Read 670 of 2378 asset file contents into memory...
[22/04/2026 12:12:15 AM] [Info] Loaded 0 of 2378 assets...
[22/04/2026 12:12:15 AM] [Info] Read 724 of 2378 asset file contents into memory...
[22/04/2026 12:12:15 AM] [Info] Read 780 of 2378 asset file contents into memory...
[22/04/2026 12:12:15 AM] [Info] Read 828 of 2378 asset file contents into memory...
[22/04/2026 12:12:15 AM] [Info] Read 874 of 2378 asset file contents into memory...
[22/04/2026 12:12:15 AM] [Info] Read 931 of 2378 asset file contents into memory...
[22/04/2026 12:12:15 AM] [Info] Read 976 of 2378 asset file contents into memory...
[22/04/2026 12:12:15 AM] [Info] Read 1026 of 2378 asset file contents into memory...
[22/04/2026 12:12:15 AM] [Info] Read 1094 of 2378 asset file contents into memory...
[22/04/2026 12:12:15 AM] [Info] Read 1178 of 2378 asset file contents into memory...
[22/04/2026 12:12:16 AM] [Info] Read 1244 of 2378 asset file contents into memory...
[22/04/2026 12:12:16 AM] [Info] Read 1321 of 2378 asset file contents into memory...
[22/04/2026 12:12:16 AM] [Info] Read 1388 of 2378 asset file contents into memory...
[22/04/2026 12:12:16 AM] [Info] Read 1466 of 2378 asset file contents into memory...
[22/04/2026 12:12:16 AM] [Info] Read 1518 of 2378 asset file contents into memory...
[22/04/2026 12:12:16 AM] [Info] Read 1579 of 2378 asset file contents into memory...
[22/04/2026 12:12:16 AM] [Info] Read 1651 of 2378 asset file contents into memory...
[22/04/2026 12:12:16 AM] [Info] Read 1723 of 2378 asset file contents into memory...
[22/04/2026 12:12:16 AM] [Info] Read 1820 of 2378 asset file contents into memory...
[22/04/2026 12:12:16 AM] [Info] Read 1912 of 2378 asset file contents into memory...
[22/04/2026 12:12:16 AM] [Info] Read 1969 of 2378 asset file contents into memory...
[22/04/2026 12:12:16 AM] [Info] Read 2027 of 2378 asset file contents into memory...
[22/04/2026 12:12:16 AM] [Info] Loaded 1 of 1 asset bundles...
[22/04/2026 12:12:16 AM] [Info] Read 2113 of 2378 asset file contents into memory...
[22/04/2026 12:12:16 AM] [Info] Loaded 3 of 2378 assets...
[22/04/2026 12:12:16 AM] [Info] Read 2173 of 2378 asset file contents into memory...
[22/04/2026 12:12:16 AM] [Info] Loaded 6 of 2378 assets...
[22/04/2026 12:12:16 AM] [Info] Read 2269 of 2378 asset file contents into memory...
[22/04/2026 12:12:16 AM] [Info] Loaded 54 of 2378 assets...
[22/04/2026 12:12:16 AM] [Info] Read 2330 of 2378 asset file contents into memory...
[22/04/2026 12:12:16 AM] [Info] Loaded 75 of 2378 assets...
[22/04/2026 12:12:16 AM] [Info] Read 2378 of 2378 asset file contents into memory...
[22/04/2026 12:12:16 AM] [Info] Loaded 92 of 2378 assets...
[22/04/2026 12:12:16 AM] [Info] Loaded 226 of 2378 assets...
[22/04/2026 12:12:17 AM] [Info] Loaded 268 of 2378 assets...
[22/04/2026 12:12:17 AM] [Info] Loaded 304 of 2378 assets...
[22/04/2026 12:12:17 AM] [Info] Loaded 329 of 2378 assets...
[22/04/2026 12:12:17 AM] [Info] Loaded 350 of 2378 assets...
[22/04/2026 12:12:17 AM] [Info] Loaded 377 of 2378 assets...
[22/04/2026 12:12:17 AM] [Info] Loaded 399 of 2378 assets...
[22/04/2026 12:12:17 AM] [Info] Loaded 490 of 2378 assets...
[22/04/2026 12:12:17 AM] [Info] Loaded 552 of 2378 assets...
[22/04/2026 12:12:17 AM] [Info] Loaded 653 of 2378 assets...
[22/04/2026 12:12:17 AM] [Info] Loaded 710 of 2378 assets...
[22/04/2026 12:12:17 AM] [Info] Loaded 738 of 2378 assets...
[22/04/2026 12:12:17 AM] [Info] Loaded 765 of 2378 assets...
[22/04/2026 12:12:17 AM] [Info] Loaded 793 of 2378 assets...
[22/04/2026 12:12:17 AM] [Info] Loaded 814 of 2378 assets...
[22/04/2026 12:12:17 AM] [Info] Loaded 823 of 2378 assets...
[22/04/2026 12:12:17 AM] [Info] Loaded 835 of 2378 assets...
[22/04/2026 12:12:17 AM] [Info] Loaded 846 of 2378 assets...
[22/04/2026 12:12:17 AM] [Info] Loaded 1022 of 2378 assets...
[22/04/2026 12:12:18 AM] [Info] Loaded 1966 of 2378 assets...
[22/04/2026 12:12:18 AM] [Info] Loaded 2378 of 2378 assets...
[22/04/2026 12:12:18 AM] [Info] Level overrides config Animals.Max_Instances_Medium: 256
[22/04/2026 12:12:18 AM] [Info] Skipping level config override Items.Quality_Full_Chance because it's overridden in server config
[22/04/2026 12:12:18 AM] [Info] Level overrides config Barricades.Allow_Item_Placement_On_Vehicle: False
[22/04/2026 12:12:18 AM] [Info] Level overrides config Barricades.Allow_Trap_Placement_On_Vehicle: False
[22/04/2026 12:12:18 AM] [Info] Level overrides config Barricades.Gun_Lowcal_Damage_Multiplier: 1
[22/04/2026 12:12:18 AM] [Info] Level overrides config Barricades.Gun_Highcal_Damage_Multiplier: 1
[22/04/2026 12:12:18 AM] [Info] Level overrides config Barricades.Armor_Lowtier_Multiplier: 1
[22/04/2026 12:12:18 AM] [Info] Level overrides config Barricades.Armor_Hightier_Multiplier: 1
[22/04/2026 12:12:18 AM] [Info] Level overrides config Structures.Gun_Lowcal_Damage_Multiplier: 1
[22/04/2026 12:12:18 AM] [Info] Level overrides config Structures.Gun_Highcal_Damage_Multiplier: 1
[22/04/2026 12:12:18 AM] [Info] Level overrides config Structures.Armor_Lowtier_Multiplier: 1
[22/04/2026 12:12:18 AM] [Info] Level overrides config Structures.Armor_Hightier_Multiplier: 1
[22/04/2026 12:12:18 AM] [Info] Level overrides config Structures.Melee_Damage_Multiplier: 1
[22/04/2026 12:12:18 AM] [Info] Level overrides config Structures.Melee_Repair_Multiplier: 1
[22/04/2026 12:12:18 AM] [Info] Level overrides config Events.Airdrop_Speed: 96
[22/04/2026 12:12:18 AM] [Info] Level overrides config Events.Airdrop_Force: 8.55
[22/04/2026 12:12:18 AM] [Info] Skipping level config override Vehicles.Gun_Lowcal_Damage_Multiplier because it's overridden in server config
[22/04/2026 12:12:18 AM] [Info] Skipping level config override Vehicles.Melee_Damage_Multiplier because it's overridden in server config
[22/04/2026 12:12:18 AM] [Info] Level overrides config Vehicles.Min_Battery_Charge: 1
[22/04/2026 12:12:18 AM] [Info] Level overrides config Vehicles.Max_Battery_Charge: 1
[22/04/2026 12:12:18 AM] [Info] Level overrides config Vehicles.Has_Battery_Chance: 1
[22/04/2026 12:12:18 AM] [Info] Level overrides config Vehicles.Max_Instances_Medium: 48
[22/04/2026 12:12:18 AM] [Info] Skipping level config override Vehicles.Armor_Multiplier because it's overridden in server config
[22/04/2026 12:12:18 AM] [Info] Skipping level config override Players.Experience_Multiplier because it's overridden in server config
[22/04/2026 12:12:18 AM] [Info] Skipping level config override Players.Lose_Skills_PvP because it's overridden in server config
[22/04/2026 12:12:18 AM] [Info] Skipping level config override Players.Lose_Skills_PvE because it's overridden in server config
[22/04/2026 12:12:18 AM] [Info] Skipping level config override Players.Lose_Experience_PvP because it's overridden in server config
[22/04/2026 12:12:18 AM] [Info] Skipping level config override Players.Lose_Experience_PvE because it's overridden in server config
[22/04/2026 12:12:18 AM] [Info] Skipping level config override Players.Lose_Skill_Levels_PvP because it's overridden in server config
[22/04/2026 12:12:18 AM] [Info] Skipping level config override Players.Lose_Skill_Levels_PvE because it's overridden in server config
[22/04/2026 12:12:18 AM] [Info] Skipping level config override Players.Virus_Infect because it's overridden in server config
[22/04/2026 12:12:18 AM] [Info] Level overrides config Players.Can_Break_Legs: False
[22/04/2026 12:12:18 AM] [Info] Skipping level config override Zombies.Armor_Multiplier because it's overridden in server config
[22/04/2026 12:12:18 AM] [Info] Level overrides config Zombies.Full_Moon_Experience_Multiplier: 2
[22/04/2026 12:12:18 AM] [Info] Skipping level config override Zombies.Spawn_Chance because it's overridden in server config
[22/04/2026 12:12:18 AM] [Info] Skipping level config override Zombies.Min_Mega_Drops because it's overridden in server config
[22/04/2026 12:12:18 AM] [Info] Skipping level config override Zombies.Max_Mega_Drops because it's overridden in server config
[22/04/2026 12:12:18 AM] [Info] Skipping level config override Zombies.Min_Boss_Drops because it's overridden in server config
[22/04/2026 12:12:18 AM] [Info] Skipping level config override Zombies.Max_Boss_Drops because it's overridden in server config
[22/04/2026 12:12:18 AM] [Info] Skipping level config override Zombies.Loot_Chance because it's overridden in server config
[22/04/2026 12:12:18 AM] [Info] Skipping level config override Gameplay.Chart because it's overridden in server config
[22/04/2026 12:12:18 AM] [Info] Monitoring workshop map "A6 Polaris" (2898548949) for changes
[22/04/2026 12:12:18 AM] [Info] Loading level: 5%
[22/04/2026 12:12:21 AM] [Info] Loading level: 10%
[22/04/2026 12:12:22 AM] [Info] Loading level: 15%
[22/04/2026 12:12:22 AM] [Info] Loading level: 21%
[22/04/2026 12:12:22 AM] [Info] Loading level: 26%
[22/04/2026 12:12:22 AM] [Info] Loading level: 31%
[22/04/2026 12:12:22 AM] [Info] Loading level: 36%
[22/04/2026 12:12:22 AM] [Info] Loading level: 42%
[22/04/2026 12:12:22 AM] [Info] Loading level: 47%
[22/04/2026 12:12:22 AM] [Info] Loading level: 52%
[22/04/2026 12:12:22 AM] [Info] Loading level: 57%
[22/04/2026 12:12:22 AM] [Info] Loading level: 63%
[22/04/2026 12:12:24 AM] [Info] Loading level: 68%
[22/04/2026 12:12:24 AM] [Info] Loading level: 73%
[22/04/2026 12:12:24 AM] [Info] Loading level: 89%
[22/04/2026 12:12:24 AM] [Info] Loading level: 94%
[22/04/2026 12:12:25 AM] [Info] //////////////////////////////////////////////////////
[22/04/2026 12:12:25 AM] [Info] Server Code: 85568392936196484
[22/04/2026 12:12:25 AM] [Info] Your friends can enter this code in the Connect Directly menu to join without port forwarding.
[22/04/2026 12:12:25 AM] [Info] Tip: Use the "CopyServerCode" command to copy the code to your clipboard. Alternatively, in most terminals you can highlight it and press Ctrl+Insert to copy.
[22/04/2026 12:12:25 AM] [Info] //////////////////////////////////////////////////////
[22/04/2026 12:12:25 AM] [Info] Loading level: 100%
[22/04/2026 12:12:51 AM] [Info] Handling SIGINT or SIGBREAK by requesting a graceful shutdown
[22/04/2026 12:12:51 AM] [Info] MoreHomes >> 8 player homes data has been saved!
