[19/04/2026 2:48:04 PM] [Info] [registered] /more (Rocket.Unturned.Commands.CommandMore/more)
[19/04/2026 2:48:06 PM] [Info] [registered] /admin (Rocket.Unturned.Commands.CommandAdmin/admin)
[19/04/2026 2:48:06 PM] [Info] [registered] /broadcast (Rocket.Unturned.Commands.CommandBroadcast/broadcast)
[19/04/2026 2:48:06 PM] [Info] [registered] /compass (Rocket.Unturned.Commands.CommandCompass/compass)
[19/04/2026 2:48:06 PM] [Info] [registered] /effect (Rocket.Unturned.Commands.CommandEffect/effect)
[19/04/2026 2:48:06 PM] [Info] [registered] /exit (Rocket.Unturned.Commands.CommandExit/exit)
[19/04/2026 2:48:06 PM] [Info] [registered] /god (Rocket.Unturned.Commands.CommandGod/god)
[19/04/2026 2:48:06 PM] [Info] [registered] /heal (Rocket.Unturned.Commands.CommandHeal/heal)
[19/04/2026 2:48:06 PM] [Info] [registered] /help (Rocket.Unturned.Commands.CommandHelp/help)
[19/04/2026 2:48:06 PM] [Info] [registered] /i (Rocket.Unturned.Commands.CommandI/i)
[19/04/2026 2:48:06 PM] [Info] [registered] /item (Rocket.Unturned.Commands.CommandI/item)
[19/04/2026 2:48:06 PM] [Info] [registered] /investigate (Rocket.Unturned.Commands.CommandInvestigate/investigate)
[19/04/2026 2:48:06 PM] [Info] [registered] /p (Rocket.Unturned.Commands.CommandP/p)
[19/04/2026 2:48:06 PM] [Info] [registered] /permissions (Rocket.Unturned.Commands.CommandP/permissions)
[19/04/2026 2:48:06 PM] [Info] [registered] /rocket (Rocket.Unturned.Commands.CommandRocket/rocket)
[19/04/2026 2:48:06 PM] [Info] [registered] /tp (Rocket.Unturned.Commands.CommandTp/tp)
[19/04/2026 2:48:06 PM] [Info] [registered] /tphere (Rocket.Unturned.Commands.CommandTphere/tphere)
[19/04/2026 2:48:06 PM] [Info] [registered] /unadmin (Rocket.Unturned.Commands.CommandUnadmin/unadmin)
[19/04/2026 2:48:06 PM] [Info] [registered] /v (Rocket.Unturned.Commands.CommandV/v)
[19/04/2026 2:48:06 PM] [Info] [registered] /vanish (Rocket.Unturned.Commands.CommandVanish/vanish)
[19/04/2026 2:48:06 PM] [Info] Loading HardcoreDurability from E:\SteamLibrary\steamapps\common\U3DS\Servers\New Era Polaris\Rocket\Plugins\HardcoreDurability.dll
[19/04/2026 2:48:06 PM] [Info] Loading MoreHomes from E:\SteamLibrary\steamapps\common\U3DS\Servers\New Era Polaris\Rocket\Plugins\MoreHomes.dll
[19/04/2026 2:48:06 PM] [Info] Loading Teleportation from E:\SteamLibrary\steamapps\common\U3DS\Servers\New Era Polaris\Rocket\Plugins\Teleportation.dll
[19/04/2026 2:48:06 PM] [Error] mscorlib >> Caught exception resolving dependency: 0Harmony -> Exception in DoAssemblyResolve: System.ArgumentNullException: Value cannot be null.
Parameter name: v1
  at System.Version.op_LessThanOrEqual (System.Version v1, System.Version v2) [0x00003] in <1071a2cb0cb3433aae80a793c277a048>:0 
  at System.Version.op_GreaterThanOrEqual (System.Version v1, System.Version v2) [0x00000] in <1071a2cb0cb3433aae80a793c277a048>:0 
  at Rocket.Core.Plugins.RocketPluginManager+<>c__DisplayClass12_0.<Awake>b__1 (System.Collections.Generic.KeyValuePair`2[TKey,TValue] lib) [0x00035] in <59a13feb721848c8b0cd173f6d0e820b>:0 
  at System.Linq.Enumerable.TryGetFirst[TSource] (System.Collections.Generic.IEnumerable`1[T] source, System.Func`2[T,TResult] predicate, System.Boolean& found) [0x0003f] in <ea489521390f48908a7ce45cb17a6848>:0 
  at System.Linq.Enumerable.FirstOrDefault[TSource] (System.Collections.Generic.IEnumerable`1[T] source, System.Func`2[T,TResult] predicate) [0x00000] in <ea489521390f48908a7ce45cb17a6848>:0 
  at Rocket.Core.Plugins.RocketPluginManager.<Awake>b__12_0 (System.Object sender, System.ResolveEventArgs args) [0x00017] in <59a13feb721848c8b0cd173f6d0e820b>:0 
[19/04/2026 2:48:06 PM] [Error] Could not find dependency: 0Harmony
[19/04/2026 2:48:06 PM] [Info] 
[loading] HardcoreDurability
[19/04/2026 2:48:06 PM] [Info] HardcoreDurability >> Hardcore Durability Loaded with Configurations!
[19/04/2026 2:48:06 PM] [Info] 
[loading] MoreHomes
[19/04/2026 2:48:06 PM] [Info] [registered] /home (RestoreMonarchy.MoreHomes.Commands.HomeCommand/home)
[19/04/2026 2:48:06 PM] [Info] [registered] /homes (RestoreMonarchy.MoreHomes.Commands.HomesCommand/homes)
[19/04/2026 2:48:06 PM] [Info] [registered] /destroyhome (RestoreMonarchy.MoreHomes.Commands.DestroyHomeCommand/destroyhome)
[19/04/2026 2:48:06 PM] [Info] [registered] /renamehome (RestoreMonarchy.MoreHomes.Commands.RenameHomeCommand/renamehome)
[19/04/2026 2:48:06 PM] [Info] [registered] /restorehomes (RestoreMonarchy.MoreHomes.Commands.RestoreHomesCommand/restorehomes)
[19/04/2026 2:48:06 PM] [Info] MoreHomes >> MoreHomes 1.7.2.0 has been loaded!
[19/04/2026 2:48:06 PM] [Info] MoreHomes >> Brought to you by RestoreMonarchy.com
[19/04/2026 2:48:06 PM] [Error] mscorlib >> Caught exception resolving dependency: Steamworks.NET -> Exception in DoAssemblyResolve: System.ArgumentNullException: Value cannot be null.
Parameter name: v1
  at System.Version.op_LessThanOrEqual (System.Version v1, System.Version v2) [0x00003] in <1071a2cb0cb3433aae80a793c277a048>:0 
  at System.Version.op_GreaterThanOrEqual (System.Version v1, System.Version v2) [0x00000] in <1071a2cb0cb3433aae80a793c277a048>:0 
  at Rocket.Core.Plugins.RocketPluginManager+<>c__DisplayClass12_0.<Awake>b__1 (System.Collections.Generic.KeyValuePair`2[TKey,TValue] lib) [0x00035] in <59a13feb721848c8b0cd173f6d0e820b>:0 
  at System.Linq.Enumerable.TryGetFirst[TSource] (System.Collections.Generic.IEnumerable`1[T] source, System.Func`2[T,TResult] predicate, System.Boolean& found) [0x0003f] in <ea489521390f48908a7ce45cb17a6848>:0 
  at System.Linq.Enumerable.FirstOrDefault[TSource] (System.Collections.Generic.IEnumerable`1[T] source, System.Func`2[T,TResult] predicate) [0x00000] in <ea489521390f48908a7ce45cb17a6848>:0 
  at Rocket.Core.Plugins.RocketPluginManager.<Awake>b__12_0 (System.Object sender, System.ResolveEventArgs args) [0x00017] in <59a13feb721848c8b0cd173f6d0e820b>:0 
[19/04/2026 2:48:06 PM] [Error] Could not find dependency: Steamworks.NET
[19/04/2026 2:48:06 PM] [Info] 
[loading] Teleportation
[19/04/2026 2:48:06 PM] [Info] [registered] /tpa (RestoreMonarchy.Teleportation.Commands.TPACommand/tpa)
[19/04/2026 2:48:06 PM] [Info] Teleportation >> Teleportation 1.6.0.0 has been loaded!
[19/04/2026 2:48:06 PM] [Info] This server will automatically save every 1800 seconds
[19/04/2026 2:48:06 PM] [Info] Steam servers ready!
[19/04/2026 2:48:06 PM] [Info] Workshop install folder: E:\SteamLibrary\steamapps\common\U3DS/Servers/New Era Polaris/Workshop/Steam
[19/04/2026 2:48:06 PM] [Info] 1 workshop item(s) requested
[19/04/2026 2:48:06 PM] [Info] Submitting workshop query for 1 item(s)...
[19/04/2026 2:48:06 PM] [Info] Workshop query yielded 1 result(s)
[19/04/2026 2:48:06 PM] [Info] This server's allowed IP for Workshop downloads: [redacted]
[19/04/2026 2:48:06 PM] [Info] 2898548949 'A6 Polaris' queued for download
[19/04/2026 2:48:06 PM] [Info] 1 workshop item(s) to download...
[19/04/2026 2:48:06 PM] [Info] Workshop item found in cache: 2898548949
[19/04/2026 2:48:06 PM] [Info] Installing workshop item: 2898548949
[19/04/2026 2:48:06 PM] [Info] Installed workshop item: 2898548949
[19/04/2026 2:48:06 PM] [Info] Searched 0 of 1 locations and found 265 asset files...
[19/04/2026 2:48:06 PM] [Info] Read 0 of 265 asset file contents into memory...
[19/04/2026 2:48:06 PM] [Info] Loaded 0 of 265 assets...
[19/04/2026 2:48:06 PM] [Info] Searched 0 of 1 locations and found 532 asset files...
[19/04/2026 2:48:06 PM] [Info] Read 0 of 532 asset file contents into memory...
[19/04/2026 2:48:06 PM] [Info] Loaded 0 of 532 assets...
[19/04/2026 2:48:06 PM] [Info] Searched 0 of 1 locations and found 818 asset files...
[19/04/2026 2:48:06 PM] [Info] Read 0 of 818 asset file contents into memory...
[19/04/2026 2:48:06 PM] [Info] Loaded 0 of 818 assets...
[19/04/2026 2:48:06 PM] [Info] Loaded 0 of 1 asset bundles...
[19/04/2026 2:48:06 PM] [Info] Searched 0 of 1 locations and found 1050 asset files...
[19/04/2026 2:48:06 PM] [Info] Read 0 of 1050 asset file contents into memory...
[19/04/2026 2:48:06 PM] [Info] Loaded 0 of 1050 assets...
[19/04/2026 2:48:06 PM] [Info] Searched 0 of 1 locations and found 1351 asset files...
[19/04/2026 2:48:06 PM] [Info] Read 6 of 1351 asset file contents into memory...
[19/04/2026 2:48:06 PM] [Info] Loaded 0 of 1351 assets...
[19/04/2026 2:48:07 PM] [Info] Searched 0 of 1 locations and found 1659 asset files...
[19/04/2026 2:48:07 PM] [Info] Read 14 of 1659 asset file contents into memory...
[19/04/2026 2:48:07 PM] [Info] Loaded 0 of 1659 assets...
[19/04/2026 2:48:07 PM] [Info] Searched 0 of 1 locations and found 1926 asset files...
[19/04/2026 2:48:07 PM] [Info] Read 22 of 1926 asset file contents into memory...
[19/04/2026 2:48:07 PM] [Info] Loaded 0 of 1926 assets...
[19/04/2026 2:48:07 PM] [Info] Searched 0 of 1 locations and found 2187 asset files...
[19/04/2026 2:48:07 PM] [Info] Read 30 of 2187 asset file contents into memory...
[19/04/2026 2:48:07 PM] [Info] Loaded 0 of 2187 assets...
[19/04/2026 2:48:07 PM] [Info] Searched 1 of 1 locations and found 2378 asset files...
[19/04/2026 2:48:07 PM] [Info] Read 38 of 2378 asset file contents into memory...
[19/04/2026 2:48:07 PM] [Info] Loaded 0 of 2378 assets...
[19/04/2026 2:48:07 PM] [Info] Read 47 of 2378 asset file contents into memory...
[19/04/2026 2:48:07 PM] [Info] Read 57 of 2378 asset file contents into memory...
[19/04/2026 2:48:07 PM] [Info] Read 66 of 2378 asset file contents into memory...
[19/04/2026 2:48:07 PM] [Info] Read 71 of 2378 asset file contents into memory...
[19/04/2026 2:48:07 PM] [Info] Read 74 of 2378 asset file contents into memory...
[19/04/2026 2:48:07 PM] [Info] Read 78 of 2378 asset file contents into memory...
[19/04/2026 2:48:07 PM] [Info] Read 81 of 2378 asset file contents into memory...
[19/04/2026 2:48:07 PM] [Info] Read 84 of 2378 asset file contents into memory...
[19/04/2026 2:48:07 PM] [Info] Read 88 of 2378 asset file contents into memory...
[19/04/2026 2:48:07 PM] [Info] Read 91 of 2378 asset file contents into memory...
[19/04/2026 2:48:07 PM] [Info] Read 95 of 2378 asset file contents into memory...
[19/04/2026 2:48:07 PM] [Info] Read 99 of 2378 asset file contents into memory...
[19/04/2026 2:48:07 PM] [Info] Read 102 of 2378 asset file contents into memory...
[19/04/2026 2:48:07 PM] [Info] Read 105 of 2378 asset file contents into memory...
[19/04/2026 2:48:07 PM] [Info] Read 109 of 2378 asset file contents into memory...
[19/04/2026 2:48:07 PM] [Info] Read 112 of 2378 asset file contents into memory...
[19/04/2026 2:48:08 PM] [Info] Read 116 of 2378 asset file contents into memory...
[19/04/2026 2:48:08 PM] [Info] Read 119 of 2378 asset file contents into memory...
[19/04/2026 2:48:08 PM] [Info] Read 123 of 2378 asset file contents into memory...
[19/04/2026 2:48:08 PM] [Info] Read 127 of 2378 asset file contents into memory...
[19/04/2026 2:48:08 PM] [Info] Read 131 of 2378 asset file contents into memory...
[19/04/2026 2:48:08 PM] [Info] Read 134 of 2378 asset file contents into memory...
[19/04/2026 2:48:08 PM] [Info] Read 137 of 2378 asset file contents into memory...
[19/04/2026 2:48:08 PM] [Info] Read 140 of 2378 asset file contents into memory...
[19/04/2026 2:48:08 PM] [Info] Read 143 of 2378 asset file contents into memory...
[19/04/2026 2:48:08 PM] [Info] Loaded 1 of 1 asset bundles...
[19/04/2026 2:48:08 PM] [Info] Read 147 of 2378 asset file contents into memory...
[19/04/2026 2:48:08 PM] [Info] Loaded 3 of 2378 assets...
[19/04/2026 2:48:08 PM] [Info] Read 150 of 2378 asset file contents into memory...
[19/04/2026 2:48:08 PM] [Info] Loaded 6 of 2378 assets...
[19/04/2026 2:48:08 PM] [Info] Read 155 of 2378 asset file contents into memory...
[19/04/2026 2:48:08 PM] [Info] Loaded 54 of 2378 assets...
[19/04/2026 2:48:08 PM] [Info] Read 157 of 2378 asset file contents into memory...
[19/04/2026 2:48:08 PM] [Info] Loaded 79 of 2378 assets...
[19/04/2026 2:48:08 PM] [Info] Read 161 of 2378 asset file contents into memory...
[19/04/2026 2:48:08 PM] [Info] Loaded 99 of 2378 assets...
[19/04/2026 2:48:08 PM] [Info] Read 167 of 2378 asset file contents into memory...
[19/04/2026 2:48:08 PM] [Info] Loaded 167 of 2378 assets...
[19/04/2026 2:48:08 PM] [Info] Read 173 of 2378 asset file contents into memory...
[19/04/2026 2:48:08 PM] [Info] Loaded 173 of 2378 assets...
[19/04/2026 2:48:08 PM] [Info] Read 177 of 2378 asset file contents into memory...
[19/04/2026 2:48:08 PM] [Info] Loaded 177 of 2378 assets...
[19/04/2026 2:48:08 PM] [Info] Read 182 of 2378 asset file contents into memory...
[19/04/2026 2:48:08 PM] [Info] Loaded 182 of 2378 assets...
[19/04/2026 2:48:08 PM] [Info] Read 187 of 2378 asset file contents into memory...
[19/04/2026 2:48:08 PM] [Info] Loaded 187 of 2378 assets...
[19/04/2026 2:48:08 PM] [Info] Read 193 of 2378 asset file contents into memory...
[19/04/2026 2:48:08 PM] [Info] Loaded 193 of 2378 assets...
[19/04/2026 2:48:09 PM] [Info] Read 199 of 2378 asset file contents into memory...
[19/04/2026 2:48:09 PM] [Info] Loaded 199 of 2378 assets...
[19/04/2026 2:48:09 PM] [Info] Read 206 of 2378 asset file contents into memory...
[19/04/2026 2:48:09 PM] [Info] Loaded 206 of 2378 assets...
[19/04/2026 2:48:09 PM] [Info] Read 209 of 2378 asset file contents into memory...
[19/04/2026 2:48:09 PM] [Info] Loaded 209 of 2378 assets...
[19/04/2026 2:48:09 PM] [Info] Read 213 of 2378 asset file contents into memory...
[19/04/2026 2:48:09 PM] [Info] Loaded 213 of 2378 assets...
[19/04/2026 2:48:09 PM] [Info] Read 217 of 2378 asset file contents into memory...
[19/04/2026 2:48:09 PM] [Info] Loaded 217 of 2378 assets...
[19/04/2026 2:48:09 PM] [Info] Read 222 of 2378 asset file contents into memory...
[19/04/2026 2:48:09 PM] [Info] Loaded 222 of 2378 assets...
[19/04/2026 2:48:09 PM] [Info] Read 227 of 2378 asset file contents into memory...
[19/04/2026 2:48:09 PM] [Info] Loaded 227 of 2378 assets...
[19/04/2026 2:48:09 PM] [Info] Read 231 of 2378 asset file contents into memory...
[19/04/2026 2:48:09 PM] [Info] Loaded 231 of 2378 assets...
[19/04/2026 2:48:09 PM] [Info] Read 234 of 2378 asset file contents into memory...
[19/04/2026 2:48:09 PM] [Info] Loaded 234 of 2378 assets...
[19/04/2026 2:48:09 PM] [Info] Read 238 of 2378 asset file contents into memory...
[19/04/2026 2:48:09 PM] [Info] Loaded 238 of 2378 assets...
[19/04/2026 2:48:09 PM] [Info] Read 243 of 2378 asset file contents into memory...
[19/04/2026 2:48:09 PM] [Info] Loaded 243 of 2378 assets...
[19/04/2026 2:48:09 PM] [Info] Read 247 of 2378 asset file contents into memory...
[19/04/2026 2:48:09 PM] [Info] Loaded 247 of 2378 assets...
[19/04/2026 2:48:09 PM] [Info] Read 250 of 2378 asset file contents into memory...
[19/04/2026 2:48:09 PM] [Info] Loaded 250 of 2378 assets...
[19/04/2026 2:48:09 PM] [Info] Read 254 of 2378 asset file contents into memory...
[19/04/2026 2:48:09 PM] [Info] Loaded 254 of 2378 assets...
[19/04/2026 2:48:09 PM] [Info] Read 259 of 2378 asset file contents into memory...
[19/04/2026 2:48:09 PM] [Info] Loaded 259 of 2378 assets...
[19/04/2026 2:48:09 PM] [Info] Read 263 of 2378 asset file contents into memory...
[19/04/2026 2:48:09 PM] [Info] Loaded 263 of 2378 assets...
[19/04/2026 2:48:09 PM] [Info] Read 267 of 2378 asset file contents into memory...
[19/04/2026 2:48:09 PM] [Info] Loaded 267 of 2378 assets...
[19/04/2026 2:48:09 PM] [Info] Read 271 of 2378 asset file contents into memory...
[19/04/2026 2:48:09 PM] [Info] Loaded 271 of 2378 assets...
[19/04/2026 2:48:09 PM] [Info] Read 276 of 2378 asset file contents into memory...
[19/04/2026 2:48:09 PM] [Info] Loaded 276 of 2378 assets...
[19/04/2026 2:48:09 PM] [Info] Read 280 of 2378 asset file contents into memory...
[19/04/2026 2:48:09 PM] [Info] Loaded 280 of 2378 assets...
[19/04/2026 2:48:10 PM] [Info] Read 285 of 2378 asset file contents into memory...
[19/04/2026 2:48:10 PM] [Info] Loaded 285 of 2378 assets...
[19/04/2026 2:48:10 PM] [Info] Read 289 of 2378 asset file contents into memory...
[19/04/2026 2:48:10 PM] [Info] Loaded 289 of 2378 assets...
[19/04/2026 2:48:10 PM] [Info] Read 293 of 2378 asset file contents into memory...
[19/04/2026 2:48:10 PM] [Info] Loaded 293 of 2378 assets...
[19/04/2026 2:48:10 PM] [Info] Read 298 of 2378 asset file contents into memory...
[19/04/2026 2:48:10 PM] [Info] Loaded 298 of 2378 assets...
[19/04/2026 2:48:10 PM] [Info] Read 302 of 2378 asset file contents into memory...
[19/04/2026 2:48:10 PM] [Info] Loaded 302 of 2378 assets...
[19/04/2026 2:48:10 PM] [Info] Read 307 of 2378 asset file contents into memory...
[19/04/2026 2:48:10 PM] [Info] Loaded 307 of 2378 assets...
[19/04/2026 2:48:10 PM] [Info] Read 313 of 2378 asset file contents into memory...
[19/04/2026 2:48:10 PM] [Info] Loaded 313 of 2378 assets...
[19/04/2026 2:48:10 PM] [Info] Read 320 of 2378 asset file contents into memory...
[19/04/2026 2:48:10 PM] [Info] Loaded 320 of 2378 assets...
[19/04/2026 2:48:10 PM] [Info] Read 326 of 2378 asset file contents into memory...
[19/04/2026 2:48:10 PM] [Info] Loaded 326 of 2378 assets...
[19/04/2026 2:48:10 PM] [Info] Read 333 of 2378 asset file contents into memory...
[19/04/2026 2:48:10 PM] [Info] Loaded 333 of 2378 assets...
[19/04/2026 2:48:10 PM] [Info] Read 337 of 2378 asset file contents into memory...
[19/04/2026 2:48:10 PM] [Info] Loaded 337 of 2378 assets...
[19/04/2026 2:48:10 PM] [Info] Read 344 of 2378 asset file contents into memory...
[19/04/2026 2:48:10 PM] [Info] Loaded 344 of 2378 assets...
[19/04/2026 2:48:10 PM] [Info] Read 348 of 2378 asset file contents into memory...
[19/04/2026 2:48:10 PM] [Info] Loaded 348 of 2378 assets...
[19/04/2026 2:48:10 PM] [Info] Read 353 of 2378 asset file contents into memory...
[19/04/2026 2:48:10 PM] [Info] Loaded 353 of 2378 assets...
[19/04/2026 2:48:10 PM] [Info] Read 358 of 2378 asset file contents into memory...
[19/04/2026 2:48:10 PM] [Info] Loaded 358 of 2378 assets...
[19/04/2026 2:48:10 PM] [Info] Read 363 of 2378 asset file contents into memory...
[19/04/2026 2:48:10 PM] [Info] Loaded 363 of 2378 assets...
[19/04/2026 2:48:10 PM] [Info] Read 366 of 2378 asset file contents into memory...
[19/04/2026 2:48:10 PM] [Info] Loaded 366 of 2378 assets...
[19/04/2026 2:48:10 PM] [Info] Read 371 of 2378 asset file contents into memory...
[19/04/2026 2:48:10 PM] [Info] Loaded 371 of 2378 assets...
[19/04/2026 2:48:11 PM] [Info] Read 376 of 2378 asset file contents into memory...
[19/04/2026 2:48:11 PM] [Info] Loaded 376 of 2378 assets...
[19/04/2026 2:48:11 PM] [Info] Read 380 of 2378 asset file contents into memory...
[19/04/2026 2:48:11 PM] [Info] Loaded 380 of 2378 assets...
[19/04/2026 2:48:11 PM] [Info] Read 385 of 2378 asset file contents into memory...
[19/04/2026 2:48:11 PM] [Info] Loaded 385 of 2378 assets...
[19/04/2026 2:48:11 PM] [Info] Read 389 of 2378 asset file contents into memory...
[19/04/2026 2:48:11 PM] [Info] Loaded 389 of 2378 assets...
[19/04/2026 2:48:11 PM] [Info] Read 394 of 2378 asset file contents into memory...
[19/04/2026 2:48:11 PM] [Info] Loaded 394 of 2378 assets...
[19/04/2026 2:48:11 PM] [Info] Read 399 of 2378 asset file contents into memory...
[19/04/2026 2:48:11 PM] [Info] Loaded 399 of 2378 assets...
[19/04/2026 2:48:11 PM] [Info] Read 404 of 2378 asset file contents into memory...
[19/04/2026 2:48:11 PM] [Info] Loaded 404 of 2378 assets...
[19/04/2026 2:48:11 PM] [Info] Read 410 of 2378 asset file contents into memory...
[19/04/2026 2:48:11 PM] [Info] Loaded 410 of 2378 assets...
[19/04/2026 2:48:11 PM] [Info] Read 417 of 2378 asset file contents into memory...
[19/04/2026 2:48:11 PM] [Info] Loaded 417 of 2378 assets...
[19/04/2026 2:48:11 PM] [Info] Read 422 of 2378 asset file contents into memory...
[19/04/2026 2:48:11 PM] [Info] Loaded 422 of 2378 assets...
[19/04/2026 2:48:11 PM] [Info] Read 428 of 2378 asset file contents into memory...
[19/04/2026 2:48:11 PM] [Info] Loaded 428 of 2378 assets...
[19/04/2026 2:48:11 PM] [Info] Read 433 of 2378 asset file contents into memory...
[19/04/2026 2:48:11 PM] [Info] Loaded 433 of 2378 assets...
[19/04/2026 2:48:11 PM] [Info] Read 438 of 2378 asset file contents into memory...
[19/04/2026 2:48:11 PM] [Info] Loaded 438 of 2378 assets...
[19/04/2026 2:48:11 PM] [Info] Read 444 of 2378 asset file contents into memory...
[19/04/2026 2:48:11 PM] [Info] Loaded 444 of 2378 assets...
[19/04/2026 2:48:11 PM] [Info] Read 450 of 2378 asset file contents into memory...
[19/04/2026 2:48:11 PM] [Info] Loaded 450 of 2378 assets...
[19/04/2026 2:48:11 PM] [Info] Read 457 of 2378 asset file contents into memory...
[19/04/2026 2:48:11 PM] [Info] Loaded 457 of 2378 assets...
[19/04/2026 2:48:11 PM] [Info] Read 462 of 2378 asset file contents into memory...
[19/04/2026 2:48:11 PM] [Info] Loaded 462 of 2378 assets...
[19/04/2026 2:48:11 PM] [Info] Read 468 of 2378 asset file contents into memory...
[19/04/2026 2:48:11 PM] [Info] Loaded 468 of 2378 assets...
[19/04/2026 2:48:11 PM] [Info] Read 472 of 2378 asset file contents into memory...
[19/04/2026 2:48:11 PM] [Info] Loaded 472 of 2378 assets...
[19/04/2026 2:48:11 PM] [Info] Read 478 of 2378 asset file contents into memory...
[19/04/2026 2:48:11 PM] [Info] Loaded 478 of 2378 assets...
[19/04/2026 2:48:12 PM] [Info] Read 483 of 2378 asset file contents into memory...
[19/04/2026 2:48:12 PM] [Info] Loaded 483 of 2378 assets...
[19/04/2026 2:48:12 PM] [Info] Read 488 of 2378 asset file contents into memory...
[19/04/2026 2:48:12 PM] [Info] Loaded 488 of 2378 assets...
[19/04/2026 2:48:12 PM] [Info] Read 493 of 2378 asset file contents into memory...
[19/04/2026 2:48:12 PM] [Info] Loaded 493 of 2378 assets...
[19/04/2026 2:48:12 PM] [Info] Read 498 of 2378 asset file contents into memory...
[19/04/2026 2:48:12 PM] [Info] Loaded 498 of 2378 assets...
[19/04/2026 2:48:12 PM] [Info] Read 503 of 2378 asset file contents into memory...
[19/04/2026 2:48:12 PM] [Info] Loaded 503 of 2378 assets...
[19/04/2026 2:48:12 PM] [Info] Read 508 of 2378 asset file contents into memory...
[19/04/2026 2:48:12 PM] [Info] Loaded 508 of 2378 assets...
[19/04/2026 2:48:12 PM] [Info] Read 513 of 2378 asset file contents into memory...
[19/04/2026 2:48:12 PM] [Info] Loaded 513 of 2378 assets...
[19/04/2026 2:48:12 PM] [Info] Read 518 of 2378 asset file contents into memory...
[19/04/2026 2:48:12 PM] [Info] Loaded 518 of 2378 assets...
[19/04/2026 2:48:12 PM] [Info] Read 523 of 2378 asset file contents into memory...
[19/04/2026 2:48:12 PM] [Info] Loaded 523 of 2378 assets...
[19/04/2026 2:48:12 PM] [Info] Read 527 of 2378 asset file contents into memory...
[19/04/2026 2:48:12 PM] [Info] Loaded 527 of 2378 assets...
[19/04/2026 2:48:12 PM] [Info] Read 531 of 2378 asset file contents into memory...
[19/04/2026 2:48:12 PM] [Info] Loaded 531 of 2378 assets...
[19/04/2026 2:48:12 PM] [Info] Read 536 of 2378 asset file contents into memory...
[19/04/2026 2:48:12 PM] [Info] Loaded 536 of 2378 assets...
[19/04/2026 2:48:12 PM] [Info] Read 540 of 2378 asset file contents into memory...
[19/04/2026 2:48:12 PM] [Info] Loaded 540 of 2378 assets...
[19/04/2026 2:48:12 PM] [Info] Read 545 of 2378 asset file contents into memory...
[19/04/2026 2:48:12 PM] [Info] Loaded 545 of 2378 assets...
[19/04/2026 2:48:12 PM] [Info] Read 550 of 2378 asset file contents into memory...
[19/04/2026 2:48:12 PM] [Info] Loaded 550 of 2378 assets...
[19/04/2026 2:48:12 PM] [Info] Read 554 of 2378 asset file contents into memory...
[19/04/2026 2:48:12 PM] [Info] Loaded 554 of 2378 assets...
[19/04/2026 2:48:12 PM] [Info] Read 558 of 2378 asset file contents into memory...
[19/04/2026 2:48:12 PM] [Info] Loaded 558 of 2378 assets...
[19/04/2026 2:48:12 PM] [Info] Read 562 of 2378 asset file contents into memory...
[19/04/2026 2:48:12 PM] [Info] Loaded 562 of 2378 assets...
[19/04/2026 2:48:12 PM] [Info] Read 565 of 2378 asset file contents into memory...
[19/04/2026 2:48:12 PM] [Info] Loaded 565 of 2378 assets...
[19/04/2026 2:48:12 PM] [Info] Read 569 of 2378 asset file contents into memory...
[19/04/2026 2:48:12 PM] [Info] Loaded 569 of 2378 assets...
[19/04/2026 2:48:13 PM] [Info] Read 574 of 2378 asset file contents into memory...
[19/04/2026 2:48:13 PM] [Info] Loaded 574 of 2378 assets...
[19/04/2026 2:48:13 PM] [Info] Read 577 of 2378 asset file contents into memory...
[19/04/2026 2:48:13 PM] [Info] Loaded 577 of 2378 assets...
[19/04/2026 2:48:13 PM] [Info] Read 582 of 2378 asset file contents into memory...
[19/04/2026 2:48:13 PM] [Info] Loaded 582 of 2378 assets...
[19/04/2026 2:48:13 PM] [Info] Read 586 of 2378 asset file contents into memory...
[19/04/2026 2:48:13 PM] [Info] Loaded 586 of 2378 assets...
[19/04/2026 2:48:13 PM] [Info] Read 589 of 2378 asset file contents into memory...
[19/04/2026 2:48:13 PM] [Info] Loaded 589 of 2378 assets...
[19/04/2026 2:48:13 PM] [Info] Read 594 of 2378 asset file contents into memory...
[19/04/2026 2:48:13 PM] [Info] Loaded 594 of 2378 assets...
[19/04/2026 2:48:13 PM] [Info] Read 598 of 2378 asset file contents into memory...
[19/04/2026 2:48:13 PM] [Info] Loaded 598 of 2378 assets...
[19/04/2026 2:48:13 PM] [Info] Read 603 of 2378 asset file contents into memory...
[19/04/2026 2:48:13 PM] [Info] Loaded 603 of 2378 assets...
[19/04/2026 2:48:13 PM] [Info] Read 607 of 2378 asset file contents into memory...
[19/04/2026 2:48:13 PM] [Info] Loaded 607 of 2378 assets...
[19/04/2026 2:48:13 PM] [Info] Read 612 of 2378 asset file contents into memory...
[19/04/2026 2:48:13 PM] [Info] Loaded 612 of 2378 assets...
[19/04/2026 2:48:13 PM] [Info] Read 618 of 2378 asset file contents into memory...
[19/04/2026 2:48:13 PM] [Info] Loaded 618 of 2378 assets...
[19/04/2026 2:48:13 PM] [Info] Read 623 of 2378 asset file contents into memory...
[19/04/2026 2:48:13 PM] [Info] Loaded 623 of 2378 assets...
[19/04/2026 2:48:13 PM] [Info] Read 628 of 2378 asset file contents into memory...
[19/04/2026 2:48:13 PM] [Info] Loaded 628 of 2378 assets...
[19/04/2026 2:48:13 PM] [Info] Read 633 of 2378 asset file contents into memory...
[19/04/2026 2:48:13 PM] [Info] Loaded 633 of 2378 assets...
[19/04/2026 2:48:13 PM] [Info] Read 638 of 2378 asset file contents into memory...
[19/04/2026 2:48:13 PM] [Info] Loaded 638 of 2378 assets...
[19/04/2026 2:48:13 PM] [Info] Read 644 of 2378 asset file contents into memory...
[19/04/2026 2:48:13 PM] [Info] Loaded 644 of 2378 assets...
[19/04/2026 2:48:13 PM] [Info] Read 649 of 2378 asset file contents into memory...
[19/04/2026 2:48:13 PM] [Info] Loaded 649 of 2378 assets...
[19/04/2026 2:48:13 PM] [Info] Read 655 of 2378 asset file contents into memory...
[19/04/2026 2:48:13 PM] [Info] Loaded 655 of 2378 assets...
[19/04/2026 2:48:13 PM] [Info] Read 661 of 2378 asset file contents into memory...
[19/04/2026 2:48:13 PM] [Info] Loaded 661 of 2378 assets...
[19/04/2026 2:48:13 PM] [Info] Read 665 of 2378 asset file contents into memory...
[19/04/2026 2:48:13 PM] [Info] Loaded 665 of 2378 assets...
[19/04/2026 2:48:14 PM] [Info] Read 670 of 2378 asset file contents into memory...
[19/04/2026 2:48:14 PM] [Info] Loaded 670 of 2378 assets...
[19/04/2026 2:48:14 PM] [Info] Read 674 of 2378 asset file contents into memory...
[19/04/2026 2:48:14 PM] [Info] Loaded 674 of 2378 assets...
[19/04/2026 2:48:14 PM] [Info] Read 679 of 2378 asset file contents into memory...
[19/04/2026 2:48:14 PM] [Info] Loaded 679 of 2378 assets...
[19/04/2026 2:48:14 PM] [Info] Read 683 of 2378 asset file contents into memory...
[19/04/2026 2:48:14 PM] [Info] Loaded 683 of 2378 assets...
[19/04/2026 2:48:14 PM] [Info] Read 687 of 2378 asset file contents into memory...
[19/04/2026 2:48:14 PM] [Info] Loaded 687 of 2378 assets...
[19/04/2026 2:48:14 PM] [Info] Read 692 of 2378 asset file contents into memory...
[19/04/2026 2:48:14 PM] [Info] Loaded 692 of 2378 assets...
[19/04/2026 2:48:14 PM] [Info] Read 697 of 2378 asset file contents into memory...
[19/04/2026 2:48:14 PM] [Info] Loaded 697 of 2378 assets...
[19/04/2026 2:48:14 PM] [Info] Read 702 of 2378 asset file contents into memory...
[19/04/2026 2:48:14 PM] [Info] Loaded 702 of 2378 assets...
[19/04/2026 2:48:14 PM] [Info] Read 707 of 2378 asset file contents into memory...
[19/04/2026 2:48:14 PM] [Info] Loaded 707 of 2378 assets...
[19/04/2026 2:48:14 PM] [Info] Read 712 of 2378 asset file contents into memory...
[19/04/2026 2:48:14 PM] [Info] Loaded 712 of 2378 assets...
[19/04/2026 2:48:14 PM] [Info] Read 717 of 2378 asset file contents into memory...
[19/04/2026 2:48:14 PM] [Info] Loaded 717 of 2378 assets...
[19/04/2026 2:48:14 PM] [Info] Read 722 of 2378 asset file contents into memory...
[19/04/2026 2:48:14 PM] [Info] Loaded 722 of 2378 assets...
[19/04/2026 2:48:14 PM] [Info] Read 727 of 2378 asset file contents into memory...
[19/04/2026 2:48:14 PM] [Info] Loaded 727 of 2378 assets...
[19/04/2026 2:48:14 PM] [Info] Read 732 of 2378 asset file contents into memory...
[19/04/2026 2:48:14 PM] [Info] Loaded 732 of 2378 assets...
[19/04/2026 2:48:14 PM] [Info] Read 737 of 2378 asset file contents into memory...
[19/04/2026 2:48:14 PM] [Info] Loaded 737 of 2378 assets...
[19/04/2026 2:48:14 PM] [Info] Read 742 of 2378 asset file contents into memory...
[19/04/2026 2:48:14 PM] [Info] Loaded 742 of 2378 assets...
[19/04/2026 2:48:14 PM] [Info] Read 747 of 2378 asset file contents into memory...
[19/04/2026 2:48:14 PM] [Info] Loaded 747 of 2378 assets...
[19/04/2026 2:48:14 PM] [Info] Read 752 of 2378 asset file contents into memory...
[19/04/2026 2:48:14 PM] [Info] Loaded 752 of 2378 assets...
[19/04/2026 2:48:14 PM] [Info] Read 757 of 2378 asset file contents into memory...
[19/04/2026 2:48:14 PM] [Info] Loaded 757 of 2378 assets...
[19/04/2026 2:48:14 PM] [Info] Read 761 of 2378 asset file contents into memory...
[19/04/2026 2:48:14 PM] [Info] Loaded 761 of 2378 assets...
[19/04/2026 2:48:15 PM] [Info] Read 765 of 2378 asset file contents into memory...
[19/04/2026 2:48:15 PM] [Info] Loaded 765 of 2378 assets...
[19/04/2026 2:48:15 PM] [Info] Read 769 of 2378 asset file contents into memory...
[19/04/2026 2:48:15 PM] [Info] Loaded 769 of 2378 assets...
[19/04/2026 2:48:15 PM] [Info] Read 773 of 2378 asset file contents into memory...
[19/04/2026 2:48:15 PM] [Info] Loaded 773 of 2378 assets...
[19/04/2026 2:48:15 PM] [Info] Read 777 of 2378 asset file contents into memory...
[19/04/2026 2:48:15 PM] [Info] Loaded 777 of 2378 assets...
[19/04/2026 2:48:15 PM] [Info] Read 782 of 2378 asset file contents into memory...
[19/04/2026 2:48:15 PM] [Info] Loaded 782 of 2378 assets...
[19/04/2026 2:48:15 PM] [Info] Read 786 of 2378 asset file contents into memory...
[19/04/2026 2:48:15 PM] [Info] Loaded 786 of 2378 assets...
[19/04/2026 2:48:15 PM] [Info] Read 791 of 2378 asset file contents into memory...
[19/04/2026 2:48:15 PM] [Info] Loaded 791 of 2378 assets...
[19/04/2026 2:48:15 PM] [Info] Read 796 of 2378 asset file contents into memory...
[19/04/2026 2:48:15 PM] [Info] Loaded 796 of 2378 assets...
[19/04/2026 2:48:15 PM] [Info] Read 801 of 2378 asset file contents into memory...
[19/04/2026 2:48:15 PM] [Info] Loaded 801 of 2378 assets...
[19/04/2026 2:48:15 PM] [Info] Read 806 of 2378 asset file contents into memory...
[19/04/2026 2:48:15 PM] [Info] Loaded 806 of 2378 assets...
[19/04/2026 2:48:15 PM] [Info] Read 811 of 2378 asset file contents into memory...
[19/04/2026 2:48:15 PM] [Info] Loaded 810 of 2378 assets...
[19/04/2026 2:48:15 PM] [Info] Read 816 of 2378 asset file contents into memory...
[19/04/2026 2:48:15 PM] [Info] Loaded 816 of 2378 assets...
[19/04/2026 2:48:15 PM] [Info] Read 821 of 2378 asset file contents into memory...
[19/04/2026 2:48:15 PM] [Info] Loaded 821 of 2378 assets...
[19/04/2026 2:48:15 PM] [Info] Read 826 of 2378 asset file contents into memory...
[19/04/2026 2:48:15 PM] [Info] Loaded 826 of 2378 assets...
[19/04/2026 2:48:15 PM] [Info] Read 831 of 2378 asset file contents into memory...
[19/04/2026 2:48:15 PM] [Info] Loaded 831 of 2378 assets...
[19/04/2026 2:48:15 PM] [Info] Read 835 of 2378 asset file contents into memory...
[19/04/2026 2:48:15 PM] [Info] Loaded 835 of 2378 assets...
[19/04/2026 2:48:15 PM] [Info] Read 840 of 2378 asset file contents into memory...
[19/04/2026 2:48:15 PM] [Info] Loaded 840 of 2378 assets...
[19/04/2026 2:48:15 PM] [Info] Read 846 of 2378 asset file contents into memory...
[19/04/2026 2:48:15 PM] [Info] Loaded 846 of 2378 assets...
[19/04/2026 2:48:15 PM] [Info] Read 851 of 2378 asset file contents into memory...
[19/04/2026 2:48:15 PM] [Info] Loaded 851 of 2378 assets...
[19/04/2026 2:48:15 PM] [Info] Read 855 of 2378 asset file contents into memory...
[19/04/2026 2:48:15 PM] [Info] Loaded 855 of 2378 assets...
[19/04/2026 2:48:16 PM] [Info] Read 859 of 2378 asset file contents into memory...
[19/04/2026 2:48:16 PM] [Info] Loaded 859 of 2378 assets...
[19/04/2026 2:48:16 PM] [Info] Read 863 of 2378 asset file contents into memory...
[19/04/2026 2:48:16 PM] [Info] Loaded 863 of 2378 assets...
[19/04/2026 2:48:16 PM] [Info] Read 867 of 2378 asset file contents into memory...
[19/04/2026 2:48:16 PM] [Info] Loaded 867 of 2378 assets...
[19/04/2026 2:48:16 PM] [Info] Read 872 of 2378 asset file contents into memory...
[19/04/2026 2:48:16 PM] [Info] Loaded 872 of 2378 assets...
[19/04/2026 2:48:16 PM] [Info] Read 876 of 2378 asset file contents into memory...
[19/04/2026 2:48:16 PM] [Info] Loaded 876 of 2378 assets...
[19/04/2026 2:48:16 PM] [Info] Read 880 of 2378 asset file contents into memory...
[19/04/2026 2:48:16 PM] [Info] Loaded 880 of 2378 assets...
[19/04/2026 2:48:16 PM] [Info] Read 884 of 2378 asset file contents into memory...
[19/04/2026 2:48:16 PM] [Info] Loaded 884 of 2378 assets...
[19/04/2026 2:48:16 PM] [Info] Read 888 of 2378 asset file contents into memory...
[19/04/2026 2:48:16 PM] [Info] Loaded 888 of 2378 assets...
[19/04/2026 2:48:16 PM] [Info] Read 892 of 2378 asset file contents into memory...
[19/04/2026 2:48:16 PM] [Info] Loaded 892 of 2378 assets...
[19/04/2026 2:48:16 PM] [Info] Read 896 of 2378 asset file contents into memory...
[19/04/2026 2:48:16 PM] [Info] Loaded 896 of 2378 assets...
[19/04/2026 2:48:16 PM] [Info] Read 900 of 2378 asset file contents into memory...
[19/04/2026 2:48:16 PM] [Info] Loaded 900 of 2378 assets...
[19/04/2026 2:48:16 PM] [Info] Read 905 of 2378 asset file contents into memory...
[19/04/2026 2:48:16 PM] [Info] Loaded 905 of 2378 assets...
[19/04/2026 2:48:16 PM] [Info] Read 909 of 2378 asset file contents into memory...
[19/04/2026 2:48:16 PM] [Info] Loaded 909 of 2378 assets...
[19/04/2026 2:48:16 PM] [Info] Read 913 of 2378 asset file contents into memory...
[19/04/2026 2:48:16 PM] [Info] Loaded 913 of 2378 assets...
[19/04/2026 2:48:16 PM] [Info] Read 918 of 2378 asset file contents into memory...
[19/04/2026 2:48:16 PM] [Info] Loaded 918 of 2378 assets...
[19/04/2026 2:48:16 PM] [Info] Read 922 of 2378 asset file contents into memory...
[19/04/2026 2:48:16 PM] [Info] Loaded 922 of 2378 assets...
[19/04/2026 2:48:16 PM] [Info] Read 926 of 2378 asset file contents into memory...
[19/04/2026 2:48:16 PM] [Info] Loaded 926 of 2378 assets...
[19/04/2026 2:48:16 PM] [Info] Read 931 of 2378 asset file contents into memory...
[19/04/2026 2:48:16 PM] [Info] Loaded 931 of 2378 assets...
[19/04/2026 2:48:16 PM] [Info] Read 935 of 2378 asset file contents into memory...
[19/04/2026 2:48:16 PM] [Info] Loaded 935 of 2378 assets...
[19/04/2026 2:48:16 PM] [Info] Read 938 of 2378 asset file contents into memory...
[19/04/2026 2:48:16 PM] [Info] Loaded 938 of 2378 assets...
[19/04/2026 2:48:17 PM] [Info] Read 943 of 2378 asset file contents into memory...
[19/04/2026 2:48:17 PM] [Info] Loaded 943 of 2378 assets...
[19/04/2026 2:48:17 PM] [Info] Read 948 of 2378 asset file contents into memory...
[19/04/2026 2:48:17 PM] [Info] Loaded 948 of 2378 assets...
[19/04/2026 2:48:17 PM] [Info] Read 952 of 2378 asset file contents into memory...
[19/04/2026 2:48:17 PM] [Info] Loaded 952 of 2378 assets...
[19/04/2026 2:48:17 PM] [Info] Read 957 of 2378 asset file contents into memory...
[19/04/2026 2:48:17 PM] [Info] Loaded 957 of 2378 assets...
[19/04/2026 2:48:17 PM] [Info] Read 961 of 2378 asset file contents into memory...
[19/04/2026 2:48:17 PM] [Info] Loaded 961 of 2378 assets...
[19/04/2026 2:48:17 PM] [Info] Read 966 of 2378 asset file contents into memory...
[19/04/2026 2:48:17 PM] [Info] Loaded 966 of 2378 assets...
[19/04/2026 2:48:17 PM] [Info] Read 970 of 2378 asset file contents into memory...
[19/04/2026 2:48:17 PM] [Info] Loaded 970 of 2378 assets...
[19/04/2026 2:48:17 PM] [Info] Read 974 of 2378 asset file contents into memory...
[19/04/2026 2:48:17 PM] [Info] Loaded 974 of 2378 assets...
[19/04/2026 2:48:17 PM] [Info] Read 978 of 2378 asset file contents into memory...
[19/04/2026 2:48:17 PM] [Info] Loaded 978 of 2378 assets...
[19/04/2026 2:48:17 PM] [Info] Read 983 of 2378 asset file contents into memory...
[19/04/2026 2:48:17 PM] [Info] Loaded 983 of 2378 assets...
[19/04/2026 2:48:17 PM] [Info] Read 987 of 2378 asset file contents into memory...
[19/04/2026 2:48:17 PM] [Info] Loaded 987 of 2378 assets...
[19/04/2026 2:48:17 PM] [Info] Read 990 of 2378 asset file contents into memory...
[19/04/2026 2:48:17 PM] [Info] Loaded 990 of 2378 assets...
[19/04/2026 2:48:17 PM] [Info] Read 994 of 2378 asset file contents into memory...
[19/04/2026 2:48:17 PM] [Info] Loaded 994 of 2378 assets...
[19/04/2026 2:48:17 PM] [Info] Read 998 of 2378 asset file contents into memory...
[19/04/2026 2:48:17 PM] [Info] Loaded 998 of 2378 assets...
[19/04/2026 2:48:17 PM] [Info] Read 1003 of 2378 asset file contents into memory...
[19/04/2026 2:48:17 PM] [Info] Loaded 1003 of 2378 assets...
[19/04/2026 2:48:17 PM] [Info] Read 1007 of 2378 asset file contents into memory...
[19/04/2026 2:48:17 PM] [Info] Loaded 1007 of 2378 assets...
[19/04/2026 2:48:17 PM] [Info] Read 1012 of 2378 asset file contents into memory...
[19/04/2026 2:48:17 PM] [Info] Loaded 1012 of 2378 assets...
[19/04/2026 2:48:17 PM] [Info] Read 1017 of 2378 asset file contents into memory...
[19/04/2026 2:48:17 PM] [Info] Loaded 1017 of 2378 assets...
[19/04/2026 2:48:17 PM] [Info] Read 1022 of 2378 asset file contents into memory...
[19/04/2026 2:48:17 PM] [Info] Loaded 1022 of 2378 assets...
[19/04/2026 2:48:17 PM] [Info] Read 1026 of 2378 asset file contents into memory...
[19/04/2026 2:48:17 PM] [Info] Loaded 1026 of 2378 assets...
[19/04/2026 2:48:18 PM] [Info] Read 1031 of 2378 asset file contents into memory...
[19/04/2026 2:48:18 PM] [Info] Loaded 1031 of 2378 assets...
[19/04/2026 2:48:18 PM] [Info] Read 1036 of 2378 asset file contents into memory...
[19/04/2026 2:48:18 PM] [Info] Loaded 1036 of 2378 assets...
[19/04/2026 2:48:18 PM] [Info] Read 1041 of 2378 asset file contents into memory...
[19/04/2026 2:48:18 PM] [Info] Loaded 1041 of 2378 assets...
[19/04/2026 2:48:18 PM] [Info] Read 1046 of 2378 asset file contents into memory...
[19/04/2026 2:48:18 PM] [Info] Loaded 1046 of 2378 assets...
[19/04/2026 2:48:18 PM] [Info] Read 1051 of 2378 asset file contents into memory...
[19/04/2026 2:48:18 PM] [Info] Loaded 1051 of 2378 assets...
[19/04/2026 2:48:18 PM] [Info] Read 1056 of 2378 asset file contents into memory...
[19/04/2026 2:48:18 PM] [Info] Loaded 1056 of 2378 assets...
[19/04/2026 2:48:18 PM] [Info] Read 1061 of 2378 asset file contents into memory...
[19/04/2026 2:48:18 PM] [Info] Loaded 1061 of 2378 assets...
[19/04/2026 2:48:18 PM] [Info] Read 1066 of 2378 asset file contents into memory...
[19/04/2026 2:48:18 PM] [Info] Loaded 1066 of 2378 assets...
[19/04/2026 2:48:18 PM] [Info] Read 1071 of 2378 asset file contents into memory...
[19/04/2026 2:48:18 PM] [Info] Loaded 1071 of 2378 assets...
[19/04/2026 2:48:18 PM] [Info] Read 1076 of 2378 asset file contents into memory...
[19/04/2026 2:48:18 PM] [Info] Loaded 1076 of 2378 assets...
[19/04/2026 2:48:18 PM] [Info] Read 1081 of 2378 asset file contents into memory...
[19/04/2026 2:48:18 PM] [Info] Loaded 1081 of 2378 assets...
[19/04/2026 2:48:18 PM] [Info] Read 1086 of 2378 asset file contents into memory...
[19/04/2026 2:48:18 PM] [Info] Loaded 1086 of 2378 assets...
[19/04/2026 2:48:18 PM] [Info] Read 1091 of 2378 asset file contents into memory...
[19/04/2026 2:48:18 PM] [Info] Loaded 1091 of 2378 assets...
[19/04/2026 2:48:18 PM] [Info] Read 1096 of 2378 asset file contents into memory...
[19/04/2026 2:48:18 PM] [Info] Loaded 1096 of 2378 assets...
[19/04/2026 2:48:18 PM] [Info] Read 1101 of 2378 asset file contents into memory...
[19/04/2026 2:48:18 PM] [Info] Loaded 1101 of 2378 assets...
[19/04/2026 2:48:18 PM] [Info] Read 1106 of 2378 asset file contents into memory...
[19/04/2026 2:48:18 PM] [Info] Loaded 1106 of 2378 assets...
[19/04/2026 2:48:18 PM] [Info] Read 1110 of 2378 asset file contents into memory...
[19/04/2026 2:48:18 PM] [Info] Loaded 1110 of 2378 assets...
[19/04/2026 2:48:18 PM] [Info] Read 1115 of 2378 asset file contents into memory...
[19/04/2026 2:48:18 PM] [Info] Loaded 1115 of 2378 assets...
[19/04/2026 2:48:18 PM] [Info] Read 1120 of 2378 asset file contents into memory...
[19/04/2026 2:48:18 PM] [Info] Loaded 1120 of 2378 assets...
[19/04/2026 2:48:18 PM] [Info] Read 1125 of 2378 asset file contents into memory...
[19/04/2026 2:48:18 PM] [Info] Loaded 1125 of 2378 assets...
[19/04/2026 2:48:19 PM] [Info] Read 1130 of 2378 asset file contents into memory...
[19/04/2026 2:48:19 PM] [Info] Loaded 1130 of 2378 assets...
[19/04/2026 2:48:19 PM] [Info] Read 1135 of 2378 asset file contents into memory...
[19/04/2026 2:48:19 PM] [Info] Loaded 1135 of 2378 assets...
[19/04/2026 2:48:19 PM] [Info] Read 1141 of 2378 asset file contents into memory...
[19/04/2026 2:48:19 PM] [Info] Loaded 1141 of 2378 assets...
[19/04/2026 2:48:19 PM] [Info] Read 1146 of 2378 asset file contents into memory...
[19/04/2026 2:48:19 PM] [Info] Loaded 1146 of 2378 assets...
[19/04/2026 2:48:19 PM] [Info] Read 1151 of 2378 asset file contents into memory...
[19/04/2026 2:48:19 PM] [Info] Loaded 1151 of 2378 assets...
[19/04/2026 2:48:19 PM] [Info] Read 1156 of 2378 asset file contents into memory...
[19/04/2026 2:48:19 PM] [Info] Loaded 1156 of 2378 assets...
[19/04/2026 2:48:19 PM] [Info] Read 1161 of 2378 asset file contents into memory...
[19/04/2026 2:48:19 PM] [Info] Loaded 1161 of 2378 assets...
[19/04/2026 2:48:19 PM] [Info] Read 1167 of 2378 asset file contents into memory...
[19/04/2026 2:48:19 PM] [Info] Loaded 1167 of 2378 assets...
[19/04/2026 2:48:19 PM] [Info] Read 1172 of 2378 asset file contents into memory...
[19/04/2026 2:48:19 PM] [Info] Loaded 1172 of 2378 assets...
[19/04/2026 2:48:19 PM] [Info] Read 1177 of 2378 asset file contents into memory...
[19/04/2026 2:48:19 PM] [Info] Loaded 1177 of 2378 assets...
[19/04/2026 2:48:19 PM] [Info] Read 1183 of 2378 asset file contents into memory...
[19/04/2026 2:48:19 PM] [Info] Loaded 1183 of 2378 assets...
[19/04/2026 2:48:19 PM] [Info] Read 1188 of 2378 asset file contents into memory...
[19/04/2026 2:48:19 PM] [Info] Loaded 1188 of 2378 assets...
[19/04/2026 2:48:19 PM] [Info] Read 1193 of 2378 asset file contents into memory...
[19/04/2026 2:48:19 PM] [Info] Loaded 1193 of 2378 assets...
[19/04/2026 2:48:19 PM] [Info] Read 1199 of 2378 asset file contents into memory...
[19/04/2026 2:48:19 PM] [Info] Loaded 1199 of 2378 assets...
[19/04/2026 2:48:19 PM] [Info] Read 1204 of 2378 asset file contents into memory...
[19/04/2026 2:48:19 PM] [Info] Loaded 1204 of 2378 assets...
[19/04/2026 2:48:19 PM] [Info] Read 1209 of 2378 asset file contents into memory...
[19/04/2026 2:48:19 PM] [Info] Loaded 1209 of 2378 assets...
[19/04/2026 2:48:19 PM] [Info] Read 1215 of 2378 asset file contents into memory...
[19/04/2026 2:48:19 PM] [Info] Loaded 1215 of 2378 assets...
[19/04/2026 2:48:19 PM] [Info] Read 1220 of 2378 asset file contents into memory...
[19/04/2026 2:48:19 PM] [Info] Loaded 1220 of 2378 assets...
[19/04/2026 2:48:20 PM] [Info] Read 1225 of 2378 asset file contents into memory...
[19/04/2026 2:48:20 PM] [Info] Loaded 1225 of 2378 assets...
[19/04/2026 2:48:20 PM] [Info] Read 1230 of 2378 asset file contents into memory...
[19/04/2026 2:48:20 PM] [Info] Loaded 1230 of 2378 assets...
[19/04/2026 2:48:20 PM] [Info] Read 1235 of 2378 asset file contents into memory...
[19/04/2026 2:48:20 PM] [Info] Loaded 1235 of 2378 assets...
[19/04/2026 2:48:20 PM] [Info] Read 1239 of 2378 asset file contents into memory...
[19/04/2026 2:48:20 PM] [Info] Loaded 1239 of 2378 assets...
[19/04/2026 2:48:20 PM] [Info] Read 1244 of 2378 asset file contents into memory...
[19/04/2026 2:48:20 PM] [Info] Loaded 1244 of 2378 assets...
[19/04/2026 2:48:20 PM] [Info] Read 1248 of 2378 asset file contents into memory...
[19/04/2026 2:48:20 PM] [Info] Loaded 1248 of 2378 assets...
[19/04/2026 2:48:20 PM] [Info] Read 1253 of 2378 asset file contents into memory...
[19/04/2026 2:48:20 PM] [Info] Loaded 1253 of 2378 assets...
[19/04/2026 2:48:20 PM] [Info] Read 1258 of 2378 asset file contents into memory...
[19/04/2026 2:48:20 PM] [Info] Loaded 1258 of 2378 assets...
[19/04/2026 2:48:20 PM] [Info] Read 1262 of 2378 asset file contents into memory...
[19/04/2026 2:48:20 PM] [Info] Loaded 1262 of 2378 assets...
[19/04/2026 2:48:20 PM] [Info] Read 1267 of 2378 asset file contents into memory...
[19/04/2026 2:48:20 PM] [Info] Loaded 1267 of 2378 assets...
[19/04/2026 2:48:20 PM] [Info] Read 1271 of 2378 asset file contents into memory...
[19/04/2026 2:48:20 PM] [Info] Loaded 1271 of 2378 assets...
[19/04/2026 2:48:20 PM] [Info] Read 1276 of 2378 asset file contents into memory...
[19/04/2026 2:48:20 PM] [Info] Loaded 1276 of 2378 assets...
[19/04/2026 2:48:20 PM] [Info] Read 1282 of 2378 asset file contents into memory...
[19/04/2026 2:48:20 PM] [Info] Loaded 1282 of 2378 assets...
[19/04/2026 2:48:20 PM] [Info] Read 1287 of 2378 asset file contents into memory...
[19/04/2026 2:48:20 PM] [Info] Loaded 1287 of 2378 assets...
[19/04/2026 2:48:20 PM] [Info] Read 1292 of 2378 asset file contents into memory...
[19/04/2026 2:48:20 PM] [Info] Loaded 1292 of 2378 assets...
[19/04/2026 2:48:20 PM] [Info] Read 1298 of 2378 asset file contents into memory...
[19/04/2026 2:48:20 PM] [Info] Loaded 1298 of 2378 assets...
[19/04/2026 2:48:20 PM] [Info] Read 1303 of 2378 asset file contents into memory...
[19/04/2026 2:48:20 PM] [Info] Loaded 1303 of 2378 assets...
[19/04/2026 2:48:20 PM] [Info] Read 1308 of 2378 asset file contents into memory...
[19/04/2026 2:48:20 PM] [Info] Loaded 1308 of 2378 assets...
[19/04/2026 2:48:20 PM] [Info] Read 1313 of 2378 asset file contents into memory...
[19/04/2026 2:48:20 PM] [Info] Loaded 1313 of 2378 assets...
[19/04/2026 2:48:20 PM] [Info] Read 1318 of 2378 asset file contents into memory...
[19/04/2026 2:48:20 PM] [Info] Loaded 1318 of 2378 assets...
[19/04/2026 2:48:21 PM] [Info] Read 1323 of 2378 asset file contents into memory...
[19/04/2026 2:48:21 PM] [Info] Loaded 1323 of 2378 assets...
[19/04/2026 2:48:21 PM] [Info] Read 1328 of 2378 asset file contents into memory...
[19/04/2026 2:48:21 PM] [Info] Loaded 1328 of 2378 assets...
[19/04/2026 2:48:21 PM] [Info] Read 1333 of 2378 asset file contents into memory...
[19/04/2026 2:48:21 PM] [Info] Loaded 1333 of 2378 assets...
[19/04/2026 2:48:21 PM] [Info] Read 1338 of 2378 asset file contents into memory...
[19/04/2026 2:48:21 PM] [Info] Loaded 1338 of 2378 assets...
[19/04/2026 2:48:21 PM] [Info] Read 1343 of 2378 asset file contents into memory...
[19/04/2026 2:48:21 PM] [Info] Loaded 1343 of 2378 assets...
[19/04/2026 2:48:21 PM] [Info] Read 1348 of 2378 asset file contents into memory...
[19/04/2026 2:48:21 PM] [Info] Loaded 1348 of 2378 assets...
[19/04/2026 2:48:21 PM] [Info] Read 1354 of 2378 asset file contents into memory...
[19/04/2026 2:48:21 PM] [Info] Loaded 1354 of 2378 assets...
[19/04/2026 2:48:21 PM] [Info] Read 1359 of 2378 asset file contents into memory...
[19/04/2026 2:48:21 PM] [Info] Loaded 1359 of 2378 assets...
[19/04/2026 2:48:21 PM] [Info] Read 1364 of 2378 asset file contents into memory...
[19/04/2026 2:48:21 PM] [Info] Loaded 1364 of 2378 assets...
[19/04/2026 2:48:21 PM] [Info] Read 1369 of 2378 asset file contents into memory...
[19/04/2026 2:48:21 PM] [Info] Loaded 1369 of 2378 assets...
[19/04/2026 2:48:21 PM] [Info] Read 1374 of 2378 asset file contents into memory...
[19/04/2026 2:48:21 PM] [Info] Loaded 1374 of 2378 assets...
[19/04/2026 2:48:21 PM] [Info] Read 1379 of 2378 asset file contents into memory...
[19/04/2026 2:48:21 PM] [Info] Loaded 1379 of 2378 assets...
[19/04/2026 2:48:21 PM] [Info] Read 1384 of 2378 asset file contents into memory...
[19/04/2026 2:48:21 PM] [Info] Loaded 1384 of 2378 assets...
[19/04/2026 2:48:21 PM] [Info] Read 1389 of 2378 asset file contents into memory...
[19/04/2026 2:48:21 PM] [Info] Loaded 1389 of 2378 assets...
[19/04/2026 2:48:21 PM] [Info] Read 1394 of 2378 asset file contents into memory...
[19/04/2026 2:48:21 PM] [Info] Loaded 1394 of 2378 assets...
[19/04/2026 2:48:21 PM] [Info] Read 1399 of 2378 asset file contents into memory...
[19/04/2026 2:48:21 PM] [Info] Loaded 1399 of 2378 assets...
[19/04/2026 2:48:21 PM] [Info] Read 1404 of 2378 asset file contents into memory...
[19/04/2026 2:48:21 PM] [Info] Loaded 1404 of 2378 assets...
[19/04/2026 2:48:21 PM] [Info] Read 1410 of 2378 asset file contents into memory...
[19/04/2026 2:48:21 PM] [Info] Loaded 1410 of 2378 assets...
[19/04/2026 2:48:21 PM] [Info] Read 1414 of 2378 asset file contents into memory...
[19/04/2026 2:48:21 PM] [Info] Loaded 1414 of 2378 assets...
[19/04/2026 2:48:21 PM] [Info] Read 1419 of 2378 asset file contents into memory...
[19/04/2026 2:48:21 PM] [Info] Loaded 1419 of 2378 assets...
[19/04/2026 2:48:22 PM] [Info] Read 1424 of 2378 asset file contents into memory...
[19/04/2026 2:48:22 PM] [Info] Loaded 1424 of 2378 assets...
[19/04/2026 2:48:22 PM] [Info] Read 1429 of 2378 asset file contents into memory...
[19/04/2026 2:48:22 PM] [Info] Loaded 1429 of 2378 assets...
[19/04/2026 2:48:22 PM] [Info] Read 1434 of 2378 asset file contents into memory...
[19/04/2026 2:48:22 PM] [Info] Loaded 1434 of 2378 assets...
[19/04/2026 2:48:22 PM] [Info] Read 1440 of 2378 asset file contents into memory...
[19/04/2026 2:48:22 PM] [Info] Loaded 1440 of 2378 assets...
[19/04/2026 2:48:22 PM] [Info] Read 1445 of 2378 asset file contents into memory...
[19/04/2026 2:48:22 PM] [Info] Loaded 1445 of 2378 assets...
[19/04/2026 2:48:22 PM] [Info] Read 1450 of 2378 asset file contents into memory...
[19/04/2026 2:48:22 PM] [Info] Loaded 1450 of 2378 assets...
[19/04/2026 2:48:22 PM] [Info] Read 1455 of 2378 asset file contents into memory...
[19/04/2026 2:48:22 PM] [Info] Loaded 1455 of 2378 assets...
[19/04/2026 2:48:22 PM] [Info] Read 1460 of 2378 asset file contents into memory...
[19/04/2026 2:48:22 PM] [Info] Loaded 1460 of 2378 assets...
[19/04/2026 2:48:22 PM] [Info] Read 1464 of 2378 asset file contents into memory...
[19/04/2026 2:48:22 PM] [Info] Loaded 1464 of 2378 assets...
[19/04/2026 2:48:22 PM] [Info] Read 1469 of 2378 asset file contents into memory...
[19/04/2026 2:48:22 PM] [Info] Loaded 1469 of 2378 assets...
[19/04/2026 2:48:22 PM] [Info] Read 1474 of 2378 asset file contents into memory...
[19/04/2026 2:48:22 PM] [Info] Loaded 1474 of 2378 assets...
[19/04/2026 2:48:22 PM] [Info] Read 1479 of 2378 asset file contents into memory...
[19/04/2026 2:48:22 PM] [Info] Loaded 1479 of 2378 assets...
[19/04/2026 2:48:22 PM] [Info] Read 1484 of 2378 asset file contents into memory...
[19/04/2026 2:48:22 PM] [Info] Loaded 1484 of 2378 assets...
[19/04/2026 2:48:22 PM] [Info] Read 1489 of 2378 asset file contents into memory...
[19/04/2026 2:48:22 PM] [Info] Loaded 1489 of 2378 assets...
[19/04/2026 2:48:22 PM] [Info] Read 1494 of 2378 asset file contents into memory...
[19/04/2026 2:48:22 PM] [Info] Loaded 1494 of 2378 assets...
[19/04/2026 2:48:22 PM] [Info] Read 1499 of 2378 asset file contents into memory...
[19/04/2026 2:48:22 PM] [Info] Loaded 1499 of 2378 assets...
[19/04/2026 2:48:22 PM] [Info] Read 1504 of 2378 asset file contents into memory...
[19/04/2026 2:48:22 PM] [Info] Loaded 1504 of 2378 assets...
[19/04/2026 2:48:22 PM] [Info] Read 1509 of 2378 asset file contents into memory...
[19/04/2026 2:48:22 PM] [Info] Loaded 1509 of 2378 assets...
[19/04/2026 2:48:22 PM] [Info] Read 1514 of 2378 asset file contents into memory...
[19/04/2026 2:48:22 PM] [Info] Loaded 1514 of 2378 assets...
[19/04/2026 2:48:22 PM] [Info] Read 1519 of 2378 asset file contents into memory...
[19/04/2026 2:48:22 PM] [Info] Loaded 1519 of 2378 assets...
[19/04/2026 2:48:23 PM] [Info] Read 1524 of 2378 asset file contents into memory...
[19/04/2026 2:48:23 PM] [Info] Loaded 1524 of 2378 assets...
[19/04/2026 2:48:23 PM] [Info] Read 1528 of 2378 asset file contents into memory...
[19/04/2026 2:48:23 PM] [Info] Loaded 1528 of 2378 assets...
[19/04/2026 2:48:23 PM] [Info] Read 1533 of 2378 asset file contents into memory...
[19/04/2026 2:48:23 PM] [Info] Loaded 1533 of 2378 assets...
[19/04/2026 2:48:23 PM] [Info] Read 1538 of 2378 asset file contents into memory...
[19/04/2026 2:48:23 PM] [Info] Loaded 1538 of 2378 assets...
[19/04/2026 2:48:23 PM] [Info] Read 1543 of 2378 asset file contents into memory...
[19/04/2026 2:48:23 PM] [Info] Loaded 1543 of 2378 assets...
[19/04/2026 2:48:23 PM] [Info] Read 1547 of 2378 asset file contents into memory...
[19/04/2026 2:48:23 PM] [Info] Loaded 1547 of 2378 assets...
[19/04/2026 2:48:23 PM] [Info] Read 1552 of 2378 asset file contents into memory...
[19/04/2026 2:48:23 PM] [Info] Loaded 1552 of 2378 assets...
[19/04/2026 2:48:23 PM] [Info] Read 1557 of 2378 asset file contents into memory...
[19/04/2026 2:48:23 PM] [Info] Loaded 1557 of 2378 assets...
[19/04/2026 2:48:23 PM] [Info] Read 1562 of 2378 asset file contents into memory...
[19/04/2026 2:48:23 PM] [Info] Loaded 1562 of 2378 assets...
[19/04/2026 2:48:23 PM] [Info] Read 1567 of 2378 asset file contents into memory...
[19/04/2026 2:48:23 PM] [Info] Loaded 1567 of 2378 assets...
[19/04/2026 2:48:23 PM] [Info] Read 1572 of 2378 asset file contents into memory...
[19/04/2026 2:48:23 PM] [Info] Loaded 1572 of 2378 assets...
[19/04/2026 2:48:23 PM] [Info] Read 1577 of 2378 asset file contents into memory...
[19/04/2026 2:48:23 PM] [Info] Loaded 1577 of 2378 assets...
[19/04/2026 2:48:23 PM] [Info] Read 1582 of 2378 asset file contents into memory...
[19/04/2026 2:48:23 PM] [Info] Loaded 1582 of 2378 assets...
[19/04/2026 2:48:23 PM] [Info] Read 1587 of 2378 asset file contents into memory...
[19/04/2026 2:48:23 PM] [Info] Loaded 1587 of 2378 assets...
[19/04/2026 2:48:23 PM] [Info] Read 1593 of 2378 asset file contents into memory...
[19/04/2026 2:48:23 PM] [Info] Loaded 1593 of 2378 assets...
[19/04/2026 2:48:23 PM] [Info] Read 1598 of 2378 asset file contents into memory...
[19/04/2026 2:48:23 PM] [Info] Loaded 1598 of 2378 assets...
[19/04/2026 2:48:23 PM] [Info] Read 1603 of 2378 asset file contents into memory...
[19/04/2026 2:48:23 PM] [Info] Loaded 1603 of 2378 assets...
[19/04/2026 2:48:23 PM] [Info] Read 1608 of 2378 asset file contents into memory...
[19/04/2026 2:48:23 PM] [Info] Loaded 1608 of 2378 assets...
[19/04/2026 2:48:23 PM] [Info] Read 1613 of 2378 asset file contents into memory...
[19/04/2026 2:48:23 PM] [Info] Loaded 1613 of 2378 assets...
[19/04/2026 2:48:23 PM] [Info] Read 1618 of 2378 asset file contents into memory...
[19/04/2026 2:48:23 PM] [Info] Loaded 1618 of 2378 assets...
[19/04/2026 2:48:24 PM] [Info] Read 1623 of 2378 asset file contents into memory...
[19/04/2026 2:48:24 PM] [Info] Loaded 1623 of 2378 assets...
[19/04/2026 2:48:24 PM] [Info] Read 1628 of 2378 asset file contents into memory...
[19/04/2026 2:48:24 PM] [Info] Loaded 1628 of 2378 assets...
[19/04/2026 2:48:24 PM] [Info] Read 1633 of 2378 asset file contents into memory...
[19/04/2026 2:48:24 PM] [Info] Loaded 1633 of 2378 assets...
[19/04/2026 2:48:24 PM] [Info] Read 1639 of 2378 asset file contents into memory...
[19/04/2026 2:48:24 PM] [Info] Loaded 1639 of 2378 assets...
[19/04/2026 2:48:24 PM] [Info] Read 1644 of 2378 asset file contents into memory...
[19/04/2026 2:48:24 PM] [Info] Loaded 1644 of 2378 assets...
[19/04/2026 2:48:24 PM] [Info] Read 1649 of 2378 asset file contents into memory...
[19/04/2026 2:48:24 PM] [Info] Loaded 1649 of 2378 assets...
[19/04/2026 2:48:24 PM] [Info] Read 1654 of 2378 asset file contents into memory...
[19/04/2026 2:48:24 PM] [Info] Loaded 1654 of 2378 assets...
[19/04/2026 2:48:24 PM] [Info] Read 1658 of 2378 asset file contents into memory...
[19/04/2026 2:48:24 PM] [Info] Loaded 1658 of 2378 assets...
[19/04/2026 2:48:24 PM] [Info] Read 1663 of 2378 asset file contents into memory...
[19/04/2026 2:48:24 PM] [Info] Loaded 1663 of 2378 assets...
[19/04/2026 2:48:24 PM] [Info] Read 1668 of 2378 asset file contents into memory...
[19/04/2026 2:48:24 PM] [Info] Loaded 1668 of 2378 assets...
[19/04/2026 2:48:24 PM] [Info] Read 1673 of 2378 asset file contents into memory...
[19/04/2026 2:48:24 PM] [Info] Loaded 1673 of 2378 assets...
[19/04/2026 2:48:24 PM] [Info] Read 1678 of 2378 asset file contents into memory...
[19/04/2026 2:48:24 PM] [Info] Loaded 1678 of 2378 assets...
[19/04/2026 2:48:24 PM] [Info] Read 1683 of 2378 asset file contents into memory...
[19/04/2026 2:48:24 PM] [Info] Loaded 1683 of 2378 assets...
[19/04/2026 2:48:24 PM] [Info] Read 1688 of 2378 asset file contents into memory...
[19/04/2026 2:48:24 PM] [Info] Loaded 1688 of 2378 assets...
[19/04/2026 2:48:24 PM] [Info] Read 1693 of 2378 asset file contents into memory...
[19/04/2026 2:48:24 PM] [Info] Loaded 1693 of 2378 assets...
[19/04/2026 2:48:24 PM] [Info] Read 1698 of 2378 asset file contents into memory...
[19/04/2026 2:48:24 PM] [Info] Loaded 1698 of 2378 assets...
[19/04/2026 2:48:24 PM] [Info] Read 1702 of 2378 asset file contents into memory...
[19/04/2026 2:48:24 PM] [Info] Loaded 1702 of 2378 assets...
[19/04/2026 2:48:24 PM] [Info] Read 1707 of 2378 asset file contents into memory...
[19/04/2026 2:48:24 PM] [Info] Loaded 1707 of 2378 assets...
[19/04/2026 2:48:24 PM] [Info] Read 1712 of 2378 asset file contents into memory...
[19/04/2026 2:48:24 PM] [Info] Loaded 1712 of 2378 assets...
[19/04/2026 2:48:24 PM] [Info] Read 1717 of 2378 asset file contents into memory...
[19/04/2026 2:48:24 PM] [Info] Loaded 1717 of 2378 assets...
[19/04/2026 2:48:25 PM] [Info] Read 1723 of 2378 asset file contents into memory...
[19/04/2026 2:48:25 PM] [Info] Loaded 1723 of 2378 assets...
[19/04/2026 2:48:25 PM] [Info] Read 1727 of 2378 asset file contents into memory...
[19/04/2026 2:48:25 PM] [Info] Loaded 1727 of 2378 assets...
[19/04/2026 2:48:25 PM] [Info] Read 1733 of 2378 asset file contents into memory...
[19/04/2026 2:48:25 PM] [Info] Loaded 1733 of 2378 assets...
[19/04/2026 2:48:25 PM] [Info] Read 1738 of 2378 asset file contents into memory...
[19/04/2026 2:48:25 PM] [Info] Loaded 1738 of 2378 assets...
[19/04/2026 2:48:25 PM] [Info] Read 1743 of 2378 asset file contents into memory...
[19/04/2026 2:48:25 PM] [Info] Loaded 1743 of 2378 assets...
[19/04/2026 2:48:25 PM] [Info] Read 1749 of 2378 asset file contents into memory...
[19/04/2026 2:48:25 PM] [Info] Loaded 1749 of 2378 assets...
[19/04/2026 2:48:25 PM] [Info] Read 1755 of 2378 asset file contents into memory...
[19/04/2026 2:48:25 PM] [Info] Loaded 1755 of 2378 assets...
[19/04/2026 2:48:25 PM] [Info] Read 1764 of 2378 asset file contents into memory...
[19/04/2026 2:48:25 PM] [Info] Loaded 1764 of 2378 assets...
[19/04/2026 2:48:25 PM] [Info] Read 1774 of 2378 asset file contents into memory...
[19/04/2026 2:48:25 PM] [Info] Loaded 1774 of 2378 assets...
[19/04/2026 2:48:25 PM] [Info] Read 1784 of 2378 asset file contents into memory...
[19/04/2026 2:48:25 PM] [Info] Loaded 1784 of 2378 assets...
[19/04/2026 2:48:25 PM] [Info] Read 1794 of 2378 asset file contents into memory...
[19/04/2026 2:48:25 PM] [Info] Loaded 1794 of 2378 assets...
[19/04/2026 2:48:25 PM] [Info] Read 1804 of 2378 asset file contents into memory...
[19/04/2026 2:48:25 PM] [Info] Loaded 1804 of 2378 assets...
[19/04/2026 2:48:25 PM] [Info] Read 1814 of 2378 asset file contents into memory...
[19/04/2026 2:48:25 PM] [Info] Loaded 1814 of 2378 assets...
[19/04/2026 2:48:25 PM] [Info] Read 1824 of 2378 asset file contents into memory...
[19/04/2026 2:48:25 PM] [Info] Loaded 1824 of 2378 assets...
[19/04/2026 2:48:25 PM] [Info] Read 1834 of 2378 asset file contents into memory...
[19/04/2026 2:48:25 PM] [Info] Loaded 1834 of 2378 assets...
[19/04/2026 2:48:25 PM] [Info] Read 1844 of 2378 asset file contents into memory...
[19/04/2026 2:48:25 PM] [Info] Loaded 1844 of 2378 assets...
[19/04/2026 2:48:25 PM] [Info] Read 1853 of 2378 asset file contents into memory...
[19/04/2026 2:48:25 PM] [Info] Loaded 1853 of 2378 assets...
[19/04/2026 2:48:25 PM] [Info] Read 1863 of 2378 asset file contents into memory...
[19/04/2026 2:48:25 PM] [Info] Loaded 1863 of 2378 assets...
[19/04/2026 2:48:25 PM] [Info] Read 1873 of 2378 asset file contents into memory...
[19/04/2026 2:48:25 PM] [Info] Loaded 1873 of 2378 assets...
[19/04/2026 2:48:25 PM] [Info] Read 1883 of 2378 asset file contents into memory...
[19/04/2026 2:48:25 PM] [Info] Loaded 1883 of 2378 assets...
[19/04/2026 2:48:26 PM] [Info] Read 1890 of 2378 asset file contents into memory...
[19/04/2026 2:48:26 PM] [Info] Loaded 1890 of 2378 assets...
[19/04/2026 2:48:26 PM] [Info] Read 1896 of 2378 asset file contents into memory...
[19/04/2026 2:48:26 PM] [Info] Loaded 1896 of 2378 assets...
[19/04/2026 2:48:26 PM] [Info] Read 1901 of 2378 asset file contents into memory...
[19/04/2026 2:48:26 PM] [Info] Loaded 1901 of 2378 assets...
[19/04/2026 2:48:26 PM] [Info] Read 1906 of 2378 asset file contents into memory...
[19/04/2026 2:48:26 PM] [Info] Loaded 1906 of 2378 assets...
[19/04/2026 2:48:26 PM] [Info] Read 1911 of 2378 asset file contents into memory...
[19/04/2026 2:48:26 PM] [Info] Loaded 1911 of 2378 assets...
[19/04/2026 2:48:26 PM] [Info] Read 1917 of 2378 asset file contents into memory...
[19/04/2026 2:48:26 PM] [Info] Loaded 1917 of 2378 assets...
[19/04/2026 2:48:26 PM] [Info] Read 1922 of 2378 asset file contents into memory...
[19/04/2026 2:48:26 PM] [Info] Loaded 1922 of 2378 assets...
[19/04/2026 2:48:26 PM] [Info] Read 1927 of 2378 asset file contents into memory...
[19/04/2026 2:48:26 PM] [Info] Loaded 1927 of 2378 assets...
[19/04/2026 2:48:26 PM] [Info] Read 1932 of 2378 asset file contents into memory...
[19/04/2026 2:48:26 PM] [Info] Loaded 1932 of 2378 assets...
[19/04/2026 2:48:26 PM] [Info] Read 1937 of 2378 asset file contents into memory...
[19/04/2026 2:48:26 PM] [Info] Loaded 1937 of 2378 assets...
[19/04/2026 2:48:26 PM] [Info] Read 1943 of 2378 asset file contents into memory...
[19/04/2026 2:48:26 PM] [Info] Loaded 1943 of 2378 assets...
[19/04/2026 2:48:26 PM] [Info] Read 1948 of 2378 asset file contents into memory...
[19/04/2026 2:48:26 PM] [Info] Loaded 1948 of 2378 assets...
[19/04/2026 2:48:26 PM] [Info] Read 1952 of 2378 asset file contents into memory...
[19/04/2026 2:48:26 PM] [Info] Loaded 1952 of 2378 assets...
[19/04/2026 2:48:26 PM] [Info] Read 1956 of 2378 asset file contents into memory...
[19/04/2026 2:48:26 PM] [Info] Loaded 1956 of 2378 assets...
[19/04/2026 2:48:26 PM] [Info] Read 1960 of 2378 asset file contents into memory...
[19/04/2026 2:48:26 PM] [Info] Loaded 1960 of 2378 assets...
[19/04/2026 2:48:26 PM] [Info] Read 1964 of 2378 asset file contents into memory...
[19/04/2026 2:48:26 PM] [Info] Loaded 1964 of 2378 assets...
[19/04/2026 2:48:26 PM] [Info] Read 1968 of 2378 asset file contents into memory...
[19/04/2026 2:48:26 PM] [Info] Loaded 1968 of 2378 assets...
[19/04/2026 2:48:26 PM] [Info] Read 1971 of 2378 asset file contents into memory...
[19/04/2026 2:48:26 PM] [Info] Loaded 1971 of 2378 assets...
[19/04/2026 2:48:26 PM] [Info] Read 1975 of 2378 asset file contents into memory...
[19/04/2026 2:48:26 PM] [Info] Loaded 1975 of 2378 assets...
[19/04/2026 2:48:26 PM] [Info] Read 1980 of 2378 asset file contents into memory...
[19/04/2026 2:48:26 PM] [Info] Loaded 1980 of 2378 assets...
[19/04/2026 2:48:27 PM] [Info] Read 1984 of 2378 asset file contents into memory...
[19/04/2026 2:48:27 PM] [Info] Loaded 1984 of 2378 assets...
[19/04/2026 2:48:27 PM] [Info] Read 1989 of 2378 asset file contents into memory...
[19/04/2026 2:48:27 PM] [Info] Loaded 1989 of 2378 assets...
[19/04/2026 2:48:27 PM] [Info] Read 1994 of 2378 asset file contents into memory...
[19/04/2026 2:48:27 PM] [Info] Loaded 1994 of 2378 assets...
[19/04/2026 2:48:27 PM] [Info] Read 1999 of 2378 asset file contents into memory...
[19/04/2026 2:48:27 PM] [Info] Loaded 1999 of 2378 assets...
[19/04/2026 2:48:27 PM] [Info] Read 2004 of 2378 asset file contents into memory...
[19/04/2026 2:48:27 PM] [Info] Loaded 2004 of 2378 assets...
[19/04/2026 2:48:27 PM] [Info] Read 2009 of 2378 asset file contents into memory...
[19/04/2026 2:48:27 PM] [Info] Loaded 2009 of 2378 assets...
[19/04/2026 2:48:27 PM] [Info] Read 2014 of 2378 asset file contents into memory...
[19/04/2026 2:48:27 PM] [Info] Loaded 2014 of 2378 assets...
[19/04/2026 2:48:27 PM] [Info] Read 2019 of 2378 asset file contents into memory...
[19/04/2026 2:48:27 PM] [Info] Loaded 2019 of 2378 assets...
[19/04/2026 2:48:27 PM] [Info] Read 2024 of 2378 asset file contents into memory...
[19/04/2026 2:48:27 PM] [Info] Loaded 2024 of 2378 assets...
[19/04/2026 2:48:27 PM] [Info] Read 2029 of 2378 asset file contents into memory...
[19/04/2026 2:48:27 PM] [Info] Loaded 2029 of 2378 assets...
[19/04/2026 2:48:27 PM] [Info] Read 2034 of 2378 asset file contents into memory...
[19/04/2026 2:48:27 PM] [Info] Loaded 2034 of 2378 assets...
[19/04/2026 2:48:27 PM] [Info] Read 2039 of 2378 asset file contents into memory...
[19/04/2026 2:48:27 PM] [Info] Loaded 2039 of 2378 assets...
[19/04/2026 2:48:27 PM] [Info] Read 2044 of 2378 asset file contents into memory...
[19/04/2026 2:48:27 PM] [Info] Loaded 2044 of 2378 assets...
[19/04/2026 2:48:27 PM] [Info] Read 2049 of 2378 asset file contents into memory...
[19/04/2026 2:48:27 PM] [Info] Loaded 2049 of 2378 assets...
[19/04/2026 2:48:27 PM] [Info] Read 2054 of 2378 asset file contents into memory...
[19/04/2026 2:48:27 PM] [Info] Loaded 2054 of 2378 assets...
[19/04/2026 2:48:27 PM] [Info] Read 2059 of 2378 asset file contents into memory...
[19/04/2026 2:48:27 PM] [Info] Loaded 2059 of 2378 assets...
[19/04/2026 2:48:27 PM] [Info] Read 2063 of 2378 asset file contents into memory...
[19/04/2026 2:48:27 PM] [Info] Loaded 2063 of 2378 assets...
[19/04/2026 2:48:27 PM] [Info] Read 2068 of 2378 asset file contents into memory...
[19/04/2026 2:48:27 PM] [Info] Loaded 2068 of 2378 assets...
[19/04/2026 2:48:27 PM] [Info] Read 2073 of 2378 asset file contents into memory...
[19/04/2026 2:48:27 PM] [Info] Loaded 2073 of 2378 assets...
[19/04/2026 2:48:27 PM] [Info] Read 2077 of 2378 asset file contents into memory...
[19/04/2026 2:48:27 PM] [Info] Loaded 2077 of 2378 assets...
[19/04/2026 2:48:28 PM] [Info] Read 2082 of 2378 asset file contents into memory...
[19/04/2026 2:48:28 PM] [Info] Loaded 2082 of 2378 assets...
[19/04/2026 2:48:28 PM] [Info] Read 2087 of 2378 asset file contents into memory...
[19/04/2026 2:48:28 PM] [Info] Loaded 2087 of 2378 assets...
[19/04/2026 2:48:28 PM] [Info] Read 2092 of 2378 asset file contents into memory...
[19/04/2026 2:48:28 PM] [Info] Loaded 2092 of 2378 assets...
[19/04/2026 2:48:28 PM] [Info] Read 2097 of 2378 asset file contents into memory...
[19/04/2026 2:48:28 PM] [Info] Loaded 2097 of 2378 assets...
[19/04/2026 2:48:28 PM] [Info] Read 2102 of 2378 asset file contents into memory...
[19/04/2026 2:48:28 PM] [Info] Loaded 2102 of 2378 assets...
[19/04/2026 2:48:28 PM] [Info] Read 2106 of 2378 asset file contents into memory...
[19/04/2026 2:48:28 PM] [Info] Loaded 2106 of 2378 assets...
[19/04/2026 2:48:28 PM] [Info] Read 2111 of 2378 asset file contents into memory...
[19/04/2026 2:48:28 PM] [Info] Loaded 2111 of 2378 assets...
[19/04/2026 2:48:28 PM] [Info] Read 2115 of 2378 asset file contents into memory...
[19/04/2026 2:48:28 PM] [Info] Loaded 2115 of 2378 assets...
[19/04/2026 2:48:28 PM] [Info] Read 2120 of 2378 asset file contents into memory...
[19/04/2026 2:48:28 PM] [Info] Loaded 2120 of 2378 assets...
[19/04/2026 2:48:28 PM] [Info] Read 2124 of 2378 asset file contents into memory...
[19/04/2026 2:48:28 PM] [Info] Loaded 2124 of 2378 assets...
[19/04/2026 2:48:28 PM] [Info] Read 2128 of 2378 asset file contents into memory...
[19/04/2026 2:48:28 PM] [Info] Loaded 2128 of 2378 assets...
[19/04/2026 2:48:28 PM] [Info] Read 2132 of 2378 asset file contents into memory...
[19/04/2026 2:48:28 PM] [Info] Loaded 2132 of 2378 assets...
[19/04/2026 2:48:28 PM] [Info] Read 2137 of 2378 asset file contents into memory...
[19/04/2026 2:48:28 PM] [Info] Loaded 2137 of 2378 assets...
[19/04/2026 2:48:28 PM] [Info] Read 2141 of 2378 asset file contents into memory...
[19/04/2026 2:48:28 PM] [Info] Loaded 2141 of 2378 assets...
[19/04/2026 2:48:28 PM] [Info] Read 2145 of 2378 asset file contents into memory...
[19/04/2026 2:48:28 PM] [Info] Loaded 2145 of 2378 assets...
[19/04/2026 2:48:28 PM] [Info] Read 2150 of 2378 asset file contents into memory...
[19/04/2026 2:48:28 PM] [Info] Loaded 2150 of 2378 assets...
[19/04/2026 2:48:28 PM] [Info] Read 2154 of 2378 asset file contents into memory...
[19/04/2026 2:48:28 PM] [Info] Loaded 2154 of 2378 assets...
[19/04/2026 2:48:28 PM] [Info] Read 2158 of 2378 asset file contents into memory...
[19/04/2026 2:48:28 PM] [Info] Loaded 2158 of 2378 assets...
[19/04/2026 2:48:29 PM] [Info] Read 2162 of 2378 asset file contents into memory...
[19/04/2026 2:48:29 PM] [Info] Loaded 2162 of 2378 assets...
[19/04/2026 2:48:29 PM] [Info] Read 2166 of 2378 asset file contents into memory...
[19/04/2026 2:48:29 PM] [Info] Loaded 2166 of 2378 assets...
[19/04/2026 2:48:29 PM] [Info] Read 2171 of 2378 asset file contents into memory...
[19/04/2026 2:48:29 PM] [Info] Loaded 2171 of 2378 assets...
[19/04/2026 2:48:29 PM] [Info] Read 2175 of 2378 asset file contents into memory...
[19/04/2026 2:48:29 PM] [Info] Loaded 2175 of 2378 assets...
[19/04/2026 2:48:29 PM] [Info] Read 2179 of 2378 asset file contents into memory...
[19/04/2026 2:48:29 PM] [Info] Loaded 2179 of 2378 assets...
[19/04/2026 2:48:29 PM] [Info] Read 2183 of 2378 asset file contents into memory...
[19/04/2026 2:48:29 PM] [Info] Loaded 2183 of 2378 assets...
[19/04/2026 2:48:29 PM] [Info] Read 2187 of 2378 asset file contents into memory...
[19/04/2026 2:48:29 PM] [Info] Loaded 2187 of 2378 assets...
[19/04/2026 2:48:29 PM] [Info] Read 2192 of 2378 asset file contents into memory...
[19/04/2026 2:48:29 PM] [Info] Loaded 2192 of 2378 assets...
[19/04/2026 2:48:29 PM] [Info] Read 2197 of 2378 asset file contents into memory...
[19/04/2026 2:48:29 PM] [Info] Loaded 2197 of 2378 assets...
[19/04/2026 2:48:29 PM] [Info] Read 2202 of 2378 asset file contents into memory...
[19/04/2026 2:48:29 PM] [Info] Loaded 2202 of 2378 assets...
[19/04/2026 2:48:29 PM] [Info] Read 2206 of 2378 asset file contents into memory...
[19/04/2026 2:48:29 PM] [Info] Loaded 2206 of 2378 assets...
[19/04/2026 2:48:29 PM] [Info] Read 2211 of 2378 asset file contents into memory...
[19/04/2026 2:48:29 PM] [Info] Loaded 2211 of 2378 assets...
[19/04/2026 2:48:29 PM] [Info] Read 2216 of 2378 asset file contents into memory...
[19/04/2026 2:48:29 PM] [Info] Loaded 2216 of 2378 assets...
[19/04/2026 2:48:29 PM] [Info] Read 2221 of 2378 asset file contents into memory...
[19/04/2026 2:48:29 PM] [Info] Loaded 2221 of 2378 assets...
[19/04/2026 2:48:29 PM] [Info] Read 2226 of 2378 asset file contents into memory...
[19/04/2026 2:48:29 PM] [Info] Loaded 2226 of 2378 assets...
[19/04/2026 2:48:29 PM] [Info] Read 2231 of 2378 asset file contents into memory...
[19/04/2026 2:48:29 PM] [Info] Loaded 2231 of 2378 assets...
[19/04/2026 2:48:29 PM] [Info] Read 2236 of 2378 asset file contents into memory...
[19/04/2026 2:48:29 PM] [Info] Loaded 2236 of 2378 assets...
[19/04/2026 2:48:29 PM] [Info] Read 2242 of 2378 asset file contents into memory...
[19/04/2026 2:48:29 PM] [Info] Loaded 2242 of 2378 assets...
[19/04/2026 2:48:29 PM] [Info] Read 2247 of 2378 asset file contents into memory...
[19/04/2026 2:48:29 PM] [Info] Loaded 2247 of 2378 assets...
[19/04/2026 2:48:29 PM] [Info] Read 2252 of 2378 asset file contents into memory...
[19/04/2026 2:48:29 PM] [Info] Loaded 2252 of 2378 assets...
[19/04/2026 2:48:30 PM] [Info] Read 2257 of 2378 asset file contents into memory...
[19/04/2026 2:48:30 PM] [Info] Loaded 2257 of 2378 assets...
[19/04/2026 2:48:30 PM] [Info] Read 2262 of 2378 asset file contents into memory...
[19/04/2026 2:48:30 PM] [Info] Loaded 2262 of 2378 assets...
[19/04/2026 2:48:30 PM] [Info] Read 2267 of 2378 asset file contents into memory...
[19/04/2026 2:48:30 PM] [Info] Loaded 2267 of 2378 assets...
[19/04/2026 2:48:30 PM] [Info] Read 2272 of 2378 asset file contents into memory...
[19/04/2026 2:48:30 PM] [Info] Loaded 2272 of 2378 assets...
[19/04/2026 2:48:30 PM] [Info] Read 2277 of 2378 asset file contents into memory...
[19/04/2026 2:48:30 PM] [Info] Loaded 2277 of 2378 assets...
[19/04/2026 2:48:30 PM] [Info] Read 2282 of 2378 asset file contents into memory...
[19/04/2026 2:48:30 PM] [Info] Loaded 2282 of 2378 assets...
[19/04/2026 2:48:30 PM] [Info] Read 2287 of 2378 asset file contents into memory...
[19/04/2026 2:48:30 PM] [Info] Loaded 2287 of 2378 assets...
[19/04/2026 2:48:30 PM] [Info] Read 2292 of 2378 asset file contents into memory...
[19/04/2026 2:48:30 PM] [Info] Loaded 2292 of 2378 assets...
[19/04/2026 2:48:30 PM] [Info] Read 2297 of 2378 asset file contents into memory...
[19/04/2026 2:48:30 PM] [Info] Loaded 2297 of 2378 assets...
[19/04/2026 2:48:30 PM] [Info] Read 2301 of 2378 asset file contents into memory...
[19/04/2026 2:48:30 PM] [Info] Loaded 2301 of 2378 assets...
[19/04/2026 2:48:30 PM] [Info] Read 2306 of 2378 asset file contents into memory...
[19/04/2026 2:48:30 PM] [Info] Loaded 2306 of 2378 assets...
[19/04/2026 2:48:30 PM] [Info] Read 2312 of 2378 asset file contents into memory...
[19/04/2026 2:48:30 PM] [Info] Loaded 2312 of 2378 assets...
[19/04/2026 2:48:30 PM] [Info] Read 2317 of 2378 asset file contents into memory...
[19/04/2026 2:48:30 PM] [Info] Loaded 2317 of 2378 assets...
[19/04/2026 2:48:30 PM] [Info] Read 2322 of 2378 asset file contents into memory...
[19/04/2026 2:48:30 PM] [Info] Loaded 2322 of 2378 assets...
[19/04/2026 2:48:30 PM] [Info] Read 2327 of 2378 asset file contents into memory...
[19/04/2026 2:48:30 PM] [Info] Loaded 2327 of 2378 assets...
[19/04/2026 2:48:30 PM] [Info] Read 2332 of 2378 asset file contents into memory...
[19/04/2026 2:48:30 PM] [Info] Loaded 2332 of 2378 assets...
[19/04/2026 2:48:30 PM] [Info] Read 2338 of 2378 asset file contents into memory...
[19/04/2026 2:48:30 PM] [Info] Loaded 2338 of 2378 assets...
[19/04/2026 2:48:30 PM] [Info] Read 2343 of 2378 asset file contents into memory...
[19/04/2026 2:48:30 PM] [Info] Loaded 2343 of 2378 assets...
[19/04/2026 2:48:30 PM] [Info] Read 2348 of 2378 asset file contents into memory...
[19/04/2026 2:48:30 PM] [Info] Loaded 2348 of 2378 assets...
[19/04/2026 2:48:30 PM] [Info] Read 2354 of 2378 asset file contents into memory...
[19/04/2026 2:48:30 PM] [Info] Loaded 2354 of 2378 assets...
[19/04/2026 2:48:31 PM] [Info] Read 2359 of 2378 asset file contents into memory...
[19/04/2026 2:48:31 PM] [Info] Loaded 2359 of 2378 assets...
[19/04/2026 2:48:31 PM] [Info] Read 2364 of 2378 asset file contents into memory...
[19/04/2026 2:48:31 PM] [Info] Loaded 2364 of 2378 assets...
[19/04/2026 2:48:31 PM] [Info] Read 2369 of 2378 asset file contents into memory...
[19/04/2026 2:48:31 PM] [Info] Loaded 2369 of 2378 assets...
[19/04/2026 2:48:31 PM] [Info] Read 2374 of 2378 asset file contents into memory...
[19/04/2026 2:48:31 PM] [Info] Loaded 2374 of 2378 assets...
[19/04/2026 2:48:31 PM] [Info] Read 2378 of 2378 asset file contents into memory...
[19/04/2026 2:48:31 PM] [Info] Loaded 2378 of 2378 assets...
[19/04/2026 2:48:31 PM] [Info] Level overrides config Animals.Max_Instances_Medium: 256
[19/04/2026 2:48:31 PM] [Info] Skipping level config override Items.Quality_Full_Chance because it's overridden in server config
[19/04/2026 2:48:31 PM] [Info] Level overrides config Barricades.Allow_Item_Placement_On_Vehicle: False
[19/04/2026 2:48:31 PM] [Info] Level overrides config Barricades.Allow_Trap_Placement_On_Vehicle: False
[19/04/2026 2:48:31 PM] [Info] Level overrides config Barricades.Gun_Lowcal_Damage_Multiplier: 1
[19/04/2026 2:48:31 PM] [Info] Level overrides config Barricades.Gun_Highcal_Damage_Multiplier: 1
[19/04/2026 2:48:31 PM] [Info] Level overrides config Barricades.Armor_Lowtier_Multiplier: 1
[19/04/2026 2:48:31 PM] [Info] Level overrides config Barricades.Armor_Hightier_Multiplier: 1
[19/04/2026 2:48:31 PM] [Info] Level overrides config Structures.Gun_Lowcal_Damage_Multiplier: 1
[19/04/2026 2:48:31 PM] [Info] Level overrides config Structures.Gun_Highcal_Damage_Multiplier: 1
[19/04/2026 2:48:31 PM] [Info] Level overrides config Structures.Armor_Lowtier_Multiplier: 1
[19/04/2026 2:48:31 PM] [Info] Level overrides config Structures.Armor_Hightier_Multiplier: 1
[19/04/2026 2:48:31 PM] [Info] Level overrides config Structures.Melee_Damage_Multiplier: 1
[19/04/2026 2:48:31 PM] [Info] Level overrides config Structures.Melee_Repair_Multiplier: 1
[19/04/2026 2:48:31 PM] [Info] Level overrides config Events.Airdrop_Speed: 96
[19/04/2026 2:48:31 PM] [Info] Level overrides config Events.Airdrop_Force: 8.55
[19/04/2026 2:48:31 PM] [Info] Level overrides config Vehicles.Gun_Lowcal_Damage_Multiplier: 2
[19/04/2026 2:48:31 PM] [Info] Level overrides config Vehicles.Melee_Damage_Multiplier: 2
[19/04/2026 2:48:31 PM] [Info] Level overrides config Vehicles.Min_Battery_Charge: 1
[19/04/2026 2:48:31 PM] [Info] Level overrides config Vehicles.Max_Battery_Charge: 1
[19/04/2026 2:48:31 PM] [Info] Level overrides config Vehicles.Has_Battery_Chance: 1
[19/04/2026 2:48:31 PM] [Info] Level overrides config Vehicles.Max_Instances_Medium: 48
[19/04/2026 2:48:31 PM] [Info] Level overrides config Vehicles.Armor_Multiplier: 0.375
[19/04/2026 2:48:31 PM] [Info] Skipping level config override Players.Experience_Multiplier because it's overridden in server config
[19/04/2026 2:48:31 PM] [Info] Skipping level config override Players.Lose_Skills_PvP because it's overridden in server config
[19/04/2026 2:48:31 PM] [Info] Skipping level config override Players.Lose_Skills_PvE because it's overridden in server config
[19/04/2026 2:48:31 PM] [Info] Skipping level config override Players.Lose_Experience_PvP because it's overridden in server config
[19/04/2026 2:48:31 PM] [Info] Skipping level config override Players.Lose_Experience_PvE because it's overridden in server config
[19/04/2026 2:48:31 PM] [Info] Skipping level config override Players.Lose_Skill_Levels_PvP because it's overridden in server config
[19/04/2026 2:48:31 PM] [Info] Skipping level config override Players.Lose_Skill_Levels_PvE because it's overridden in server config
[19/04/2026 2:48:31 PM] [Info] Skipping level config override Players.Virus_Infect because it's overridden in server config
[19/04/2026 2:48:31 PM] [Info] Level overrides config Players.Can_Break_Legs: False
[19/04/2026 2:48:31 PM] [Info] Skipping level config override Zombies.Armor_Multiplier because it's overridden in server config
[19/04/2026 2:48:31 PM] [Info] Level overrides config Zombies.Full_Moon_Experience_Multiplier: 2
[19/04/2026 2:48:31 PM] [Info] Skipping level config override Zombies.Spawn_Chance because it's overridden in server config
[19/04/2026 2:48:31 PM] [Info] Level overrides config Zombies.Min_Mega_Drops: 1
[19/04/2026 2:48:31 PM] [Info] Level overrides config Zombies.Max_Mega_Drops: 1
[19/04/2026 2:48:31 PM] [Info] Level overrides config Zombies.Min_Boss_Drops: 1
[19/04/2026 2:48:31 PM] [Info] Level overrides config Zombies.Max_Boss_Drops: 1
[19/04/2026 2:48:31 PM] [Info] Skipping level config override Zombies.Loot_Chance because it's overridden in server config
[19/04/2026 2:48:31 PM] [Info] Skipping level config override Gameplay.Chart because it's overridden in server config
[19/04/2026 2:48:31 PM] [Info] Monitoring workshop map "A6 Polaris" (2898548949) for changes
[19/04/2026 2:48:31 PM] [Info] Loading level: 5%
[19/04/2026 2:48:34 PM] [Info] Loading level: 10%
[19/04/2026 2:48:34 PM] [Info] Loading level: 15%
[19/04/2026 2:48:34 PM] [Info] Loading level: 21%
[19/04/2026 2:48:34 PM] [Info] Loading level: 26%
[19/04/2026 2:48:34 PM] [Info] Loading level: 31%
[19/04/2026 2:48:34 PM] [Info] Loading level: 36%
[19/04/2026 2:48:34 PM] [Info] Loading level: 42%
[19/04/2026 2:48:34 PM] [Info] Loading level: 47%
[19/04/2026 2:48:34 PM] [Info] Loading level: 52%
[19/04/2026 2:48:34 PM] [Info] Loading level: 57%
[19/04/2026 2:48:34 PM] [Info] Loading level: 63%
[19/04/2026 2:48:37 PM] [Info] Loading level: 68%
[19/04/2026 2:48:37 PM] [Info] Loading level: 73%
[19/04/2026 2:48:37 PM] [Info] Loading level: 89%
[19/04/2026 2:48:37 PM] [Info] Loading level: 94%
[19/04/2026 2:48:37 PM] [Info] //////////////////////////////////////////////////////
[19/04/2026 2:48:37 PM] [Info] Server Code: 85568392936196484
[19/04/2026 2:48:37 PM] [Info] Your friends can enter this code in the Connect Directly menu to join without port forwarding.
[19/04/2026 2:48:37 PM] [Info] Tip: Use the "CopyServerCode" command to copy the code to your clipboard. Alternatively, in most terminals you can highlight it and press Ctrl+Insert to copy.
[19/04/2026 2:48:37 PM] [Info] //////////////////////////////////////////////////////
[19/04/2026 2:48:37 PM] [Info] Loading level: 100%
[19/04/2026 2:58:36 PM] [Info] Connecting: PlayerID: 76561198374187872 Name: Myst_iU Character: Myst
[19/04/2026 3:01:37 PM] [Info] Connecting: PlayerID: 76561199571006509 Name: wiggielicious Character: wiggielicious
[19/04/2026 3:05:15 PM] [Info] [World] Myst [Myst_iU]: "/tp wig"
[19/04/2026 3:05:32 PM] [Info] [World] Myst [Myst_iU]: "/tp wig"
[19/04/2026 3:05:34 PM] [Info] [World] Myst [Myst_iU]: "/tpa wig"
[19/04/2026 3:05:35 PM] [Info] [World] wiggielicious [wiggielicious]: "/spy 76561198374187872"
[19/04/2026 3:05:54 PM] [Info] Successfully taking a screenshot of Myst_iU.
[19/04/2026 3:05:54 PM] [Info] [World] wiggielicious [wiggielicious]: "/accept"
[19/04/2026 3:06:02 PM] [Info] [World] wiggielicious [wiggielicious]: "/accept tpa"
[19/04/2026 3:06:07 PM] [Info] [World] wiggielicious [wiggielicious]: "/tpaccept"
[19/04/2026 3:06:12 PM] [Info] [World] wiggielicious [wiggielicious]: "/tpa accept"
[19/04/2026 3:07:26 PM] [Info] Myst moved x:-814.2891 y:26.05173(+103.4452) z:-1056.398 in the last second (0.1001949)
[19/04/2026 3:07:46 PM] [Info] [World] Myst [Myst_iU]: "/home bed1"
[19/04/2026 3:08:51 PM] [Info] wiggielicious moved x:-814.9321 y:26.05687(+103.4503) z:-1056.563 in the last second (0.1002064)
[19/04/2026 3:08:57 PM] [Info] [World] wiggielicious [wiggielicious]: "/tp myst"
[19/04/2026 3:08:57 PM] [Info] wiggielicious teleported to Myst
[19/04/2026 3:08:57 PM] [Info] wiggielicious moved x:253.2422 y:52.72403(+26.59951) z:-681.2813 in the last second (0.1000023)
[19/04/2026 3:09:45 PM] [Info] Connecting: PlayerID: 76561198843952029 Name: Hoodini Character: TheLavaOwl
[19/04/2026 3:11:58 PM] [Info] [World] Myst [Myst_iU]: "/admin TheLave"
[19/04/2026 3:12:04 PM] [Info] [World] Myst [Myst_iU]: "/admin myst"
[19/04/2026 3:17:57 PM] [Info] [World] wiggielicious [wiggielicious]: "/tp myst"
[19/04/2026 3:17:57 PM] [Info] wiggielicious teleported to Myst
[19/04/2026 3:18:06 PM] [Info] Saving server
[19/04/2026 3:18:14 PM] [Info] MoreHomes >> 4 player homes data has been saved!
[19/04/2026 3:18:14 PM] [Info] TheLavaOwl [Hoodini] bled to death!
[19/04/2026 3:18:40 PM] [Info] [World] TheLavaOwl [Hoodini]: "/tp myst"
[19/04/2026 3:19:11 PM] [Info] [World] TheLavaOwl [Hoodini]: "/tpa myst"
[19/04/2026 3:19:14 PM] [Info] [World] Myst [Myst_iU]: "/tpa accept"
[19/04/2026 3:20:25 PM] [Info] [World] Myst [Myst_iU]: "/home bed1"
[19/04/2026 3:21:34 PM] [Info] Permissions reloaded
[19/04/2026 3:21:39 PM] [Info] [World] Myst [Myst_iU]: "/home bed1"
[19/04/2026 3:32:18 PM] [Info] [World] Myst [Myst_iU]: "/tpa wiggie"
[19/04/2026 3:32:31 PM] [Info] [World] wiggielicious [wiggielicious]: "/tpa accept"
[19/04/2026 3:32:57 PM] [Info] [World] Myst [Myst_iU]: "/home bed1"
[19/04/2026 3:35:48 PM] [Info] [World] wiggielicious [wiggielicious]: "/tp myst"
[19/04/2026 3:35:48 PM] [Info] wiggielicious teleported to Myst
[19/04/2026 3:45:06 PM] [Info] wiggielicious [wiggielicious] starved to death!
[19/04/2026 3:45:17 PM] [Info] [World] wiggielicious [wiggielicious]: "/TP MYST"
[19/04/2026 3:45:17 PM] [Info] wiggielicious teleported to Myst
[19/04/2026 3:45:18 PM] [Info] wiggielicious moved x:263.5313 y:52.72403(+26.58361) z:-679.4766 in the last second (0.1000023)
[19/04/2026 3:48:06 PM] [Info] Saving server
[19/04/2026 3:58:12 PM] [Info] MoreHomes >> 4 player homes data has been saved!
[19/04/2026 3:58:12 PM] [Info] [World] wiggielicious [wiggielicious]: "/TELEPORT MYST"
[19/04/2026 3:58:12 PM] [Info] Successfully teleported wiggielicious to Myst_iU!
[19/04/2026 3:58:12 PM] [Info] wiggielicious moved x:263.3594 y:52.72403(+20.49707) z:-677.5234 in the last second (0.1000023)
[19/04/2026 4:00:42 PM] [Info] [World] Myst [Myst_iU]: "/give 36287"
[19/04/2026 4:18:06 PM] [Info] Saving server
[19/04/2026 4:22:03 PM] [Info] MoreHomes >> 4 player homes data has been saved!
[19/04/2026 4:22:03 PM] [Info] TheLavaOwl [Hoodini] was mauled by a zombie!
[19/04/2026 4:22:15 PM] [Info] [World] TheLavaOwl [Hoodini]: "/tpa myst"
[19/04/2026 4:22:20 PM] [Info] [World] Myst [Myst_iU]: "/TPA accept"
[19/04/2026 4:22:24 PM] [Info] TheLavaOwl moved x:607.7422 y:77.08384(+51.45638) z:148.9297 in the last second (0.1715164)
[19/04/2026 4:23:07 PM] [Info] TheLavaOwl [Hoodini] bled to death!
[19/04/2026 4:23:13 PM] [Info] [World] TheLavaOwl [Hoodini]: "/tpa myst"
[19/04/2026 4:23:18 PM] [Info] [World] Myst [Myst_iU]: "/tpa accept"
[19/04/2026 4:23:21 PM] [Info] TheLavaOwl moved x:634.4297 y:69.44531(+42.99497) z:150.8906 in the last second (0.5656052)
[19/04/2026 4:28:08 PM] [Info] [World] Myst [Myst_iU]: "/tpa thelava"
[19/04/2026 4:28:14 PM] [Info] [World] wiggielicious [wiggielicious]: "/tp thelavaowl"
[19/04/2026 4:28:14 PM] [Info] wiggielicious teleported to TheLavaOwl
[19/04/2026 4:48:06 PM] [Info] Saving server
[19/04/2026 4:55:45 PM] [Info] MoreHomes >> 4 player homes data has been saved!
[19/04/2026 4:55:45 PM] [Info] wiggielicious [wiggielicious] was roadkilled by TheLavaOwl [Hoodini]!
[19/04/2026 4:55:57 PM] [Info] [World] wiggielicious [wiggielicious]: "4"
[19/04/2026 4:56:08 PM] [Info] [World] wiggielicious [wiggielicious]: "/tp thelavaowl"
[19/04/2026 4:56:08 PM] [Info] wiggielicious teleported to TheLavaOwl
[19/04/2026 4:56:08 PM] [Info] wiggielicious moved x:-333.2813 y:48.30017(+22.12771) z:65.33594 in the last second (0.03528595)
[19/04/2026 4:57:22 PM] [Info] TheLavaOwl [Hoodini] was mauled by a zombie!
[19/04/2026 4:57:50 PM] [Info] [World] TheLavaOwl [Hoodini]: "/tpa myst"
[19/04/2026 4:57:52 PM] [Info] TheLavaOwl [Hoodini] was infected to death!
[19/04/2026 4:57:54 PM] [Info] [World] Myst [Myst_iU]: "/tpa accept"
[19/04/2026 4:57:58 PM] [Info] [World] wiggielicious [wiggielicious]: "/experience 5000"
[19/04/2026 4:58:11 PM] [Info] Successfully gave wiggielicious +5000 experience!
[19/04/2026 4:58:11 PM] [Info] [World] wiggielicious [wiggielicious]: "/experience 50000"
[19/04/2026 4:58:11 PM] [Info] Successfully gave wiggielicious +50000 experience!
[19/04/2026 5:18:06 PM] [Info] Saving server
[19/04/2026 5:22:51 PM] [Info] MoreHomes >> 4 player homes data has been saved!
[19/04/2026 5:22:51 PM] [Info] Myst [Myst_iU] was roadkilled by TheLavaOwl [Hoodini]!
[19/04/2026 5:23:14 PM] [Info] [World] Myst [Myst_iU]: "/tpa thelaval"
[19/04/2026 5:23:17 PM] [Info] [World] Myst [Myst_iU]: "/tpa lava"
[19/04/2026 5:23:27 PM] [Info] [World] TheLavaOwl [Hoodini]: "/accept"
[19/04/2026 5:23:32 PM] [Info] [World] TheLavaOwl [Hoodini]: "/tpa accept"
[19/04/2026 5:23:36 PM] [Info] Myst moved x:-382.3125 y:48.22793(+19.66404) z:-803.8516 in the last second (0.09999847)
[19/04/2026 5:25:07 PM] [Info] [World] wiggielicious [wiggielicious]: "/tp myst"
[19/04/2026 5:25:26 PM] [Info] wiggielicious teleported to Myst
[19/04/2026 5:25:26 PM] [Info] Myst [Myst_iU] was roadkilled by TheLavaOwl [Hoodini]!
[19/04/2026 5:25:56 PM] [Info] [World] Myst [Myst_iU]: "/tpa owl"
[19/04/2026 5:26:02 PM] [Info] [World] TheLavaOwl [Hoodini]: "/tpa accept"
[19/04/2026 5:31:52 PM] [Info] Connecting: PlayerID: 76561198811868695 Name: twicemiku Character: twicemiku
[19/04/2026 5:43:06 PM] [Info] Disconnecting: PlayerID: 76561198843952029 Name: Hoodini Character: TheLavaOwl
[19/04/2026 5:45:25 PM] [Info] [World] Myst [Myst_iU]: "/experience 100"
[19/04/2026 5:45:41 PM] [Info] [World] twicemiku [twicemiku]: "/admin myst"
[19/04/2026 5:45:55 PM] [Info] [World] Myst [Myst_iU]: "/experience 1000"
[19/04/2026 5:45:55 PM] [Info] Successfully gave Myst_iU +1000 experience!
[19/04/2026 5:48:06 PM] [Info] Saving server
[19/04/2026 5:56:22 PM] [Info] MoreHomes >> 4 player homes data has been saved!
[19/04/2026 5:56:22 PM] [Info] [World] Myst [Myst_iU]: "/give 36330"
[19/04/2026 6:03:06 PM] [Info] Successfully gave Myst_iU 36330 x1!
[19/04/2026 6:03:06 PM] [Info] [World] Myst [Myst_iU]: "/give 36155"
[19/04/2026 6:03:06 PM] [Info] Successfully gave Myst_iU 36155 x1!
[19/04/2026 6:06:21 PM] [Info] [World] Myst [Myst_iU]: "/day"
[19/04/2026 6:06:28 PM] [Info] Successfully set time to day!
[19/04/2026 6:06:28 PM] [Info] [World] Myst [Myst_iU]: "/clear"
[19/04/2026 6:13:23 PM] [Info] [World] Myst [Myst_iU]: "/give 36415"
[19/04/2026 6:13:23 PM] [Info] Successfully gave Myst_iU 36415 x1!
[19/04/2026 6:18:06 PM] [Info] Saving server
[19/04/2026 6:20:41 PM] [Info] MoreHomes >> 4 player homes data has been saved!
[19/04/2026 6:20:41 PM] [Info] [World] wiggielicious [wiggielicious]: "/TP MYST"
[19/04/2026 6:20:41 PM] [Info] wiggielicious teleported to Myst
[19/04/2026 6:20:41 PM] [Info] wiggielicious moved x:257.7891 y:52.72403(+26.55994) z:-690.7578 in the last second (0.1000023)
[19/04/2026 6:20:47 PM] [Info] [World] Myst [Myst_iU]: "/give 36295"
[19/04/2026 6:26:43 PM] [Info] Successfully gave Myst_iU 36295 x1!
[19/04/2026 6:26:43 PM] [Info] [World] wiggielicious [wiggielicious]: "/TP MYST"
[19/04/2026 6:26:43 PM] [Info] wiggielicious teleported to Myst
[19/04/2026 6:26:44 PM] [Info] wiggielicious moved x:257.4688 y:52.72403(+15.62341) z:-690.5391 in the last second (0.1000023)
[19/04/2026 6:33:15 PM] [Info] [World] Myst [Myst_iU]: "/give 36409"
[19/04/2026 6:33:15 PM] [Info] Successfully gave Myst_iU 36409 x1!
[19/04/2026 6:34:47 PM] [Info] [World] Myst [Myst_iU]: "/give 36550"
[19/04/2026 6:34:47 PM] [Info] Successfully gave Myst_iU 36550 x1!
[19/04/2026 6:40:29 PM] [Info] [World] Myst [Myst_iU]: "/give 36017 3"
[19/04/2026 6:40:29 PM] [Info] Successfully gave Myst_iU 36017 x3!
[19/04/2026 6:41:33 PM] [Info] [World] Myst [Myst_iU]: "/give 36550"
[19/04/2026 6:41:33 PM] [Info] Successfully gave Myst_iU 36550 x1!
[19/04/2026 6:45:37 PM] [Info] [World] Myst [Myst_iU]: "/give 36481"
[19/04/2026 6:48:06 PM] [Info] Successfully gave Myst_iU 36481 x1!
[19/04/2026 6:48:06 PM] [Info] Saving server
[19/04/2026 6:54:01 PM] [Info] MoreHomes >> 4 player homes data has been saved!
[19/04/2026 6:54:01 PM] [Info] Disconnecting: PlayerID: 76561198374187872 Name: Myst_iU Character: Myst
[19/04/2026 6:55:23 PM] [Info] Disconnecting: PlayerID: 76561199571006509 Name: wiggielicious Character: wiggielicious
[19/04/2026 7:18:06 PM] [Info] Saving server
[19/04/2026 7:48:06 PM] [Info] MoreHomes >> 4 player homes data has been saved!
[19/04/2026 7:48:06 PM] [Info] Saving server
[19/04/2026 7:53:27 PM] [Info] MoreHomes >> 4 player homes data has been saved!
[19/04/2026 7:53:27 PM] [Info] MoreHomes >> 4 player homes data has been saved!
[19/04/2026 7:53:27 PM] [Info] Successfully saved the game.
[19/04/2026 7:53:30 PM] [Info] Disconnecting: PlayerID: 76561198811868695 Name: twicemiku Character: twicemiku
[19/04/2026 7:53:31 PM] [Info] MoreHomes >> 4 player homes data has been saved!
[19/04/2026 7:53:35 PM] [Info] 
[unloading] MoreHomes
